7 -8.867361 -9.848830 -8.611231 -8.827873 -7.595239 -9.730153 61.000635 -10.313023 -7.173177 -10.253375 48.848433 -8.515828 -10.468699 -9.644273
14 0.038094 -1.112169 -0.066688 -1.614984 -0.171018 0.568886 -0.621929 2.479986 -0.358927 0.048152 -0.797715 -0.604407 -0.920048 3.132766
9 -1.800010 -2.083526 -0.347941 -0.047045 0.087045 -1.625314 -1.666683 -1.329692 8.724748 -0.008233 0.808542 -0.920600 1.546783 -1.338075
1 23.471370 -1.431138 -2.312881 -1.701309 -2.024187 -1.970363 -2.614218 -1.041488 -1.477097 -1.542632 -2.353784 -1.403968 -1.947086 -1.651218
6 1.123314 0.904557 -0.531524 1.392331 -0.285625 2.843383 -3.810974 -0.245665 -1.203108 -0.572632 0.969538 0.450737 -2.490614 1.456283
1 4.554721 -0.621713 -0.249941 -0.566753 -0.373647 -0.656198 -0.225569 -0.504933 -0.166127 -0.376210 -0.452212 0.648945 -0.510639 -0.499725
6 0.744981 -0.580394 -0.257340 0.173462 -0.220535 3.357161 -0.878404 -0.029418 -0.771697 -1.301489 -0.604207 -0.378624 0.821783 -0.075280
2 -1.350433 1.527345 0.940217 0.662362 1.100914 0.148064 0.828883 -0.955982 -0.798518 -0.929588 -0.173367 0.133672 -0.165957 -0.967611
5 -4.001874 -2.753483 -4.150870 -1.783694 27.097584 2.486715 -2.738168 -2.026101 -2.566724 -2.183893 -2.878971 2.622540 -3.262037 -3.861024
5 0.522683 -3.684505 -1.140594 -1.692610 16.183484 0.167798 -3.497473 -2.088380 -1.292329 0.072127 -1.819482 0.413361 -2.501996 0.357916
10 1.330377 -0.592132 0.911575 -2.413545 -0.108394 0.321651 0.178667 -0.560648 -2.489338 1.991760 -0.496727 1.219987 -0.975866 1.682634
3 -0.805108 -1.701943 6.329070 0.422322 2.396347 -1.213530 -1.839001 -1.175584 -0.324939 -1.119592 -1.581222 0.689758 0.241208 -0.317786
3 0.912651 -1.153685 15.181379 -1.904364 -1.846876 -0.619126 -1.425293 -1.293307 -1.074266 -1.379435 -0.515530 -2.704261 -2.174070 -0.003818
4 -2.094682 0.578302 0.006360 2.329623 0.619893 -0.540287 1.251156 0.127147 -1.747427 -0.700958 1.090067 -0.075282 -1.392744 0.548833
1 70.790300 -5.241854 -4.851211 -4.996749 -5.317355 -6.622268 -5.613583 -5.204404 -5.852248 -5.411491 -5.172102 -5.587482 -6.790083 -4.129468
11 -4.206103 -3.290258 -0.008533 -0.913450 -3.519978 -2.710046 -3.663741 -2.314851 -0.846517 -3.755600 30.900025 -2.642184 -0.546966 -2.481797
4 0.081678 -1.340286 0.019561 5.484002 -1.741112 1.288665 0.577894 -1.734869 -0.067140 -0.468166 -1.318864 -0.567030 0.114476 -0.328808
12 -3.623164 -2.025180 1.383001 2.014088 0.347245 -0.820657 0.082482 -2.936202 -1.342555 2.694169 -0.244375 5.795425 -2.041956 0.717679
14 0.355770 -0.498748 2.154438 -2.542573 -2.690893 -1.222753 -2.068392 -1.591207 -2.666899 0.407509 1.559905 -0.049318 -1.830685 10.683846
11 -1.552028 -3.060053 -2.045365 -4.265776 -2.644343 -2.154389 -2.512522 -0.852252 -2.145747 -3.002151 28.373744 -0.459003 -1.978305 -1.701810
3 -1.185278 -2.025119 15.672396 -0.754153 -1.358855 -1.223808 -1.290877 -1.749115 0.312347 -1.533035 -0.881535 -1.814152 -1.095557 -1.073261
12 1.221892 0.489202 -0.172857 -0.738619 -0.291847 -1.402708 -1.573461 -1.843885 -0.573358 0.841608 -0.054445 2.384631 0.991230 0.722617
14 -1.126536 -1.510934 -1.099177 -0.760497 0.162208 2.229704 1.538037 -3.044007 0.071781 -0.767220 2.279469 -0.342092 -0.574164 2.943428
9 -1.473081 1.422264 0.282638 -1.741299 -0.207241 -0.064051 -0.056823 -1.253663 3.636454 0.330795 1.076326 -1.080039 -0.860229 -0.012050
2 -2.683953 2.108586 -1.360235 -0.157776 1.246055 -0.742442 0.341238 0.694815 -0.952797 -0.466812 -1.007514 0.364782 0.731405 1.884648
8 -2.823528 0.719869 -1.306819 2.458704 0.863284 -0.630599 -0.115374 4.669388 -1.333771 -1.228854 0.216975 -0.771593 -1.239723 0.522041
14 -0.261095 0.081275 -0.505417 -1.118995 -0.266252 -0.902472 -0.185323 -1.162822 0.813188 -0.704297 -0.700263 0.907930 0.067827 3.936717
2 0.667349 12.382908 -2.295384 -2.270105 -1.325175 -0.311375 -2.066733 -2.212977 -0.750821 0.204168 -1.040016 -0.516227 1.704983 -2.170595
1 42.336762 -3.576804 -3.622195 -5.479626 -4.168258 0.163295 -4.231182 -1.820943 -4.608610 -3.834449 -1.618284 -3.127684 -4.632376 -1.779644
2 0.525519 1.296532 -0.969441 -1.427987 0.899316 0.240887 -1.957935 0.304688 -1.020115 0.878718 -0.245981 0.035546 1.042829 0.397426
5 -1.080178 -2.054592 -0.927196 -0.359617 16.012777 -1.436918 -1.426770 -1.156218 -1.187858 -1.247880 -1.080849 -1.393074 -1.154077 -1.507550
6 1.073773 -1.357701 -0.078735 -0.907135 -0.067815 2.189139 -0.872997 0.244498 -0.638280 -0.311937 0.263648 -1.069172 0.501308 1.031406
6 -0.111690 -2.644529 -0.803042 -2.649957 -0.723089 8.673572 -1.362664 -0.575189 -0.337856 -1.094849 -1.786637 -0.265182 -0.640060 4.321172
5 -1.050328 1.949663 -1.764171 0.769282 3.317310 -0.773322 -2.281472 -0.260072 -1.839467 -1.879835 -1.192925 2.827622 0.034352 2.143362
7 -4.568651 -4.021611 -6.012538 -4.294892 -4.730664 -6.578903 68.443038 -5.718674 -7.514648 -3.982801 -3.577837 -4.559960 -7.313078 -5.568777
14 -0.048936 -4.580316 -3.370279 -1.127228 -2.716050 -1.567034 0.572493 0.772976 -3.499489 0.455275 -1.430206 1.052198 -0.694653 16.181249
2 0.108190 2.298098 -0.357372 -0.754600 0.537730 -0.547827 -0.146166 -1.140499 -0.513912 0.766694 0.048211 0.245743 0.350565 -0.894855
2 -3.735853 16.437567 -1.098687 -1.822139 -2.781380 -1.623793 -0.364999 -2.773741 -2.954576 -1.554249 6.397839 -1.791821 -2.976355 0.642189
2 -1.311385 11.513198 -0.117577 0.838816 -0.266098 -0.700410 -0.257512 -3.227645 -1.797128 -0.883646 -0.608318 -0.394190 -1.199457 -1.588648
14 1.364227 -0.212350 0.017779 0.263210 -0.444125 0.039554 -0.130325 0.238231 -2.279521 -0.303247 0.199268 0.031155 -0.609655 1.825799
7 -0.917045 -1.365932 -1.547667 0.856799 -0.215862 2.094438 3.154751 0.093664 -1.214720 -0.791770 0.733690 -0.940804 -0.384199 0.444658
3 1.938161 -0.559445 7.767319 -0.442766 -1.996502 -3.708961 0.201488 -0.249372 -3.218424 1.008802 2.521133 -0.349511 -0.896239 -2.015684
13 0.272715 0.195877 -1.114620 -1.181881 1.432302 -1.375286 -0.398852 0.024570 0.260114 -0.226161 -0.143397 -0.199420 3.807883 -1.353843
3 -2.558390 -3.380396 35.804953 -2.909071 -2.648035 -2.665750 -2.528146 -2.386197 -2.619203 -2.539284 -3.420526 -2.444509 -3.103346 -2.602099
6 -4.444454 -4.092840 -1.436126 0.092719 -3.501394 24.782583 -2.251520 -1.675915 -0.825069 -3.177182 -1.234817 -1.840289 1.871179 -2.266874
12 1.169053 -1.917462 0.546538 -1.372748 1.084126 -0.637271 -0.991866 -0.871517 -0.998418 1.672198 0.983165 2.948243 0.343981 -1.958022
6 -0.703414 -1.822466 0.607686 -0.001190 0.850878 3.016432 -1.999788 -0.800544 -2.718654 1.989510 -0.197377 0.940012 -1.495336 2.334253
13 -0.042465 -0.999377 -0.910294 1.698239 -0.217145 -0.333700 1.397091 -2.242195 -1.462057 0.302684 -0.558058 -0.635566 4.392429 -0.389586
11 -2.117328 4.189547 -0.813572 0.334682 -1.057116 -0.550736 -0.731100 -1.307894 -1.021511 -1.349193 8.000931 -0.850318 -1.534258 -1.192135
13 2.941009 -0.522658 -0.169387 -1.187480 0.469175 -1.361168 -1.494969 1.043624 0.574455 -1.518849 -1.736853 -0.298765 3.761465 -0.499599
14 -0.506953 -1.693804 -0.973564 -1.958447 0.441562 -0.820098 -0.666265 -2.247965 -1.278417 1.530661 -1.032629 0.732607 0.008563 8.464749
1 1.354281 -0.471112 0.070897 0.389515 -0.682072 0.602961 0.056802 -1.126941 -0.469676 0.119390 -0.621075 0.421549 -0.422327 0.777807
14 -0.712513 -3.375122 -0.396919 -1.109446 -0.899766 0.202101 -3.440598 -1.929234 -0.546118 -0.019190 -0.869608 0.163221 -2.185998 15.119189
11 -3.856367 -4.504866 -5.446795 -2.905379 -3.077347 -5.255968 -8.161520 -5.020162 -3.922945 -4.568549 54.539806 -2.157199 -0.984400 -4.678308
7 0.207465 0.147671 -1.019085 0.143430 -0.985894 -0.093744 4.479943 -1.854332 -0.438494 -1.149178 -0.112618 0.003098 -0.823381 1.495118
6 -1.768961 -0.015009 -1.243399 -0.406545 -0.189991 8.123932 -0.612241 0.369586 -1.570463 -1.148040 0.032105 0.594714 -1.424245 -0.741442
4 -4.207249 -7.080003 -2.447558 56.510821 -5.403336 -4.788132 -5.184618 -3.273350 -3.506644 -3.744774 -3.320194 -4.206965 -5.014694 -4.333301
4 -4.534576 -5.760175 -4.047466 58.508920 -5.013606 -4.649260 -4.171280 -4.041346 -4.452219 -4.025111 -4.305399 -4.401036 -5.375013 -3.732430
4 -3.114950 0.460053 -4.015233 32.114894 -2.719380 -2.776203 -1.572158 -0.758652 -4.938177 -2.739934 -1.799724 -3.541256 -4.589174 -0.010105
7 -5.987475 -2.624267 -5.111500 -5.550327 -7.150574 -4.420965 70.568381 -6.705828 -4.912076 -5.817498 -6.950617 -4.759540 -6.003853 -4.573857
7 -7.469091 -5.336985 -6.480694 -6.779089 -6.756093 -8.285430 81.881424 -6.777307 -6.598472 -5.240910 -4.204909 -6.967474 -4.286298 -6.698668
7 2.343183 -1.668162 1.123741 -0.356442 -1.449186 -1.226372 5.307576 -1.143456 -1.176334 -0.270604 -1.176759 0.559235 -0.259705 -0.606717
7 -6.156941 -8.525230 -6.730857 -7.565102 -7.636263 -7.543110 92.651281 -6.862867 -6.837404 -6.146277 -5.653228 -6.930453 -7.297008 -8.766534
7 -5.603661 -5.430068 -5.327234 -6.045899 -5.513268 -6.264917 69.225061 -4.806415 -5.725566 -4.728115 -4.810077 -5.437526 -5.154958 -4.377354
6 -1.026802 -1.139049 -1.043464 -2.316123 -2.066406 24.551019 -1.226356 -1.913208 -2.869564 -1.677819 -1.841892 -2.074250 -3.376686 -1.979399
9 -1.213451 -0.016103 0.502657 1.216025 -0.240745 -0.234996 -0.544384 -0.184613 1.930144 -0.966900 0.805653 -0.226255 -1.159440 0.332408
10 0.559973 -0.072800 1.702817 -0.378602 0.872826 1.704974 -0.124051 -2.042308 -1.777295 2.893264 1.308628 1.603856 -4.005781 -2.245501
8 -1.108113 1.039604 1.605215 -1.401501 0.561442 -0.756190 0.570859 4.669860 0.346217 -3.213656 -0.614713 -1.084993 0.293949 -0.907981
2 -1.542167 2.943143 -2.228929 1.866090 -0.507019 -0.896853 -0.153574 2.584647 -1.082060 -0.490148 1.465958 -1.198508 -0.092800 -0.667780
13 -0.191784 -1.135910 0.335325 0.299979 -2.364674 2.865027 -2.149461 -1.363082 -0.616666 0.578743 -2.711184 -1.455680 7.866148 0.043220
4 -6.486267 -4.436253 -4.996028 58.137194 -5.627717 -4.891193 -1.621449 -3.951344 -2.023283 -5.197363 -5.618265 -5.047696 -2.067767 -6.172565
4 -5.862522 -6.809759 -3.155898 57.332033 -4.983225 -5.287078 -4.625825 -4.719665 -4.327305 -2.367752 -4.459088 -3.976534 -2.122263 -4.635116
4 -5.746217 -6.092020 -3.482732 58.296955 -5.999584 -4.229695 -3.495488 -5.353380 -3.595339 -3.466202 -4.149860 -3.300697 -6.173766 -3.211971
11 0.078355 -0.157126 -0.329911 -0.980701 -1.095784 0.098773 -1.679730 -0.270868 -0.479052 -1.165402 6.957399 -0.700552 0.654154 -0.929555
7 -0.564011 0.420333 -0.400873 -0.921743 0.539539 -1.022575 2.521525 -0.000654 -1.434294 0.055665 1.135448 -0.532722 0.630093 -0.425730
3 -0.670132 -0.896068 4.498532 -0.859231 0.597412 0.236588 -1.059351 -1.170809 2.078409 -1.150261 0.409453 -0.675738 0.108716 -1.447519
4 -4.763054 -3.804798 -3.834929 58.476220 -5.117234 -4.850445 -3.347860 -3.574073 -5.877884 -5.042201 -1.913546 -6.244250 -5.021870 -5.084075
5 -3.216803 -2.493930 -1.775056 -1.438754 30.401938 -3.564657 -2.671501 -1.661875 -3.444089 -2.647421 -1.706673 -1.027362 -3.324485 -1.429333
13 -0.966889 0.548140 -0.902398 0.755862 -0.446539 2.352141 -0.825560 -0.553526 -0.358387 -0.962975 -1.352584 -1.126826 3.010949 0.828593
9 -0.197372 -0.490993 0.243345 0.419078 -0.000882 -0.297622 -0.322679 -0.292219 0.822191 -0.297318 -0.027087 -0.187176 0.084527 0.544207
11 -3.336501 -2.704335 -1.594487 -4.109943 -3.783512 -2.687858 -1.962625 -3.714187 -2.220812 -4.911993 39.315826 -1.115152 -2.879999 -4.294423
11 -5.555723 -2.772580 -3.895027 -2.529694 -3.755147 -3.397136 -4.008613 -3.362917 -4.015369 -4.603365 48.957875 -3.412121 -3.787161 -3.863021
11 2.030242 -0.887157 -3.129043 -0.084039 -1.115057 3.215573 -2.269170 0.282872 -3.449558 -2.178989 8.633288 1.157666 -1.377154 -0.829474
6 0.601709 -1.374964 0.981003 -2.570556 0.749725 2.331840 0.131084 -1.102087 0.349737 0.884766 -1.037127 0.028377 -0.269518 0.296011
1 39.664486 -2.115228 -3.050537 -4.109862 -2.896373 -3.603639 -3.169293 -2.843002 -3.704607 -4.948348 -3.841263 -3.579240 -1.488968 -0.314125
13 -0.747049 -0.971866 0.443323 -0.355097 -1.205980 -0.604874 0.507127 -0.983957 -2.368604 -1.523459 -0.362975 -1.447465 9.186359 0.434518
3 0.712046 -1.250594 8.313505 1.211681 -0.653092 -1.658917 -2.170495 -1.847009 1.367250 -0.080835 -2.476749 -1.671192 -1.034098 1.238500
4 -4.286933 -4.099478 -4.380690 59.068945 -4.708259 -6.093136 -4.685467 -3.874493 -6.169490 -4.167323 -4.163057 -4.907521 -4.659658 -2.873437
4 -2.182274 -2.417436 -3.073622 58.251470 -4.559406 -3.524314 -4.715557 -4.086837 -7.192877 -6.055839 -3.301165 -4.659802 -7.085922 -5.396416
2 -1.657135 14.364861 -0.471415 0.482445 -0.018177 -1.219879 -1.473598 -2.762897 -2.958117 -1.609672 -1.906496 -0.949435 -1.271016 1.450531
3 -1.113558 -0.462469 2.135532 1.660441 -0.138377 -1.463068 -0.965640 -1.345960 -0.499531 1.320800 0.208073 0.466146 -0.464219 0.661830
1 0.000000 0.000000 0.000000 0.000000 0.000000 0.000000 0.000000 0.000000 0.000000 0.000000 0.000000 0.000000 0.000000 0.000000
2 -4.202957 15.066521 -0.709680 -0.098339 -0.479833 -0.528632 -1.094571 -0.819236 -2.366567 -0.850944 0.075872 -1.578103 -1.771763 -0.641768
13 -0.294062 -1.145841 0.507804 0.574363 0.497716 -1.087679 -0.981458 -1.028975 -2.147421 0.983615 -0.678031 -0.450583 5.050290 0.200262
1 40.657442 -4.698756 -2.849897 -1.442480 -2.838172 -2.301434 -2.580426 -2.181558 -3.056500 -4.937062 -3.099538 -4.051687 -4.290741 -2.329190
7 -6.845455 -6.590649 -6.617216 -6.443229 -7.424605 -7.342567 90.900151 -8.036569 -7.818517 -6.321114 -5.000528 -6.591248 -7.031739 -8.836711
6 -8.038311 -6.144855 -5.443486 -5.267715 -6.374318 73.464088 -6.773931 -3.462366 -4.414006 -6.739582 -4.910014 -5.660959 -5.246115 -4.988427
4 0.919918 -1.952822 -1.383212 1.540280 -0.014861 0.755369 0.495080 0.433807 -1.217278 0.324338 0.413536 -0.131604 -0.873241 0.690691
13 -0.717399 -0.238436 -0.421516 -1.530837 1.754952 3.092117 -4.720662 -2.253327 -0.037553 1.970956 1.544165 -1.117682 3.410972 -0.735752
1 41.333848 -3.091782 -3.893430 -3.522006 -3.059131 -2.163409 -3.418738 -3.482518 -3.586014 -2.806134 -2.540395 -3.874703 -4.485540 -1.410046
3 -1.044617 -0.166115 2.583549 0.208757 -0.378169 -1.010355 0.880333 -0.598055 -1.605628 0.158989 1.251619 -0.436711 -1.242074 1.398478
10 -0.268970 -0.781630 3.084930 -1.773378 -0.311523 -0.888831 -1.546030 -1.117319 1.754928 4.827952 -0.213511 -0.425113 -2.483481 0.141978
1 3.842733 0.833617 -1.894536 0.863833 0.097562 0.337565 -1.132015 -1.411568 -1.341123 -0.665155 0.209175 -0.689554 0.349951 0.599514
8 -0.411474 -1.282216 -0.108293 -1.554827 2.279434 -0.799018 -0.902088 4.916237 -0.478635 -0.189816 0.541624 -0.719890 0.204101 -1.495140
7 -6.020742 -5.583448 -4.177420 -4.775013 -5.158333 -6.044608 65.434703 -4.742260 -6.644025 -6.639559 -4.999620 -5.671378 0.028695 -5.006988
8 0.000000 0.000000 0.000000 0.000000 0.000000 0.000000 -0.029505 0.559329 -0.371861 0.000000 -0.047581 0.000000 -0.110381 0.000000
11 -0.361485 0.518455 -0.604526 -1.293763 0.287536 0.613014 -1.128117 -0.899501 -1.020985 -1.506494 6.761635 -0.537128 -0.881175 0.052536
10 0.501342 -0.803436 0.029133 -0.925014 -1.079361 0.061578 -1.950274 -0.805412 -1.209575 6.366863 0.029236 0.636871 -0.643909 -0.208042
14 0.051661 0.113203 -0.389900 -1.800634 -0.112903 -0.224701 0.819454 -0.417027 1.096306 -1.107693 -1.028373 1.414966 -1.357313 2.942955
13 -0.995292 -1.386161 1.993919 -0.788686 -0.210298 -0.087382 -0.403539 -0.577249 -1.529488 -0.552311 -0.524787 -0.657620 6.376530 -0.657635
2 17.088307 24.549498 -5.703794 -4.325893 -3.601581 -1.482610 -4.694436 -3.570517 -3.569005 -4.511922 0.326579 -4.138389 -2.958926 -3.407309
6 -0.025519 0.000000 -0.410482 -0.539947 -0.516187 1.702340 -0.007392 -0.111854 0.171626 -0.145367 -0.289516 0.283391 0.543020 -0.654113
2 -0.908324 15.822437 -2.073623 -1.640746 -0.589915 -0.722561 -1.968323 0.473795 -0.926132 -1.839575 -0.698261 -2.754605 -1.698147 -0.476019
4 -0.893522 0.557937 0.192632 0.995590 0.257387 -0.131464 0.111726 -0.213796 -1.432594 0.164794 0.668513 0.166865 -0.935827 0.491759
4 -5.988597 -6.844883 -6.586073 56.469632 -7.378639 19.364441 -6.724163 -5.210708 -5.714220 -5.894718 -7.111700 -6.074162 -5.735690 -6.570514
1 69.882131 -5.786981 -5.263704 -5.216285 -5.388863 -5.455309 -5.645325 -5.712673 -4.167109 -5.445940 -4.738413 -5.370776 -5.934559 -5.756192
1 68.871700 -3.753706 -5.976957 -4.832182 -5.356106 -4.329185 -6.519801 -5.511974 -5.384519 -4.783635 -3.952550 -6.386804 -6.022116 -6.062164
1 44.669723 -3.717001 -3.914018 -4.646589 -4.789182 -3.467034 -2.900309 -2.773759 -2.628680 -2.678296 -2.741387 -2.364608 -3.193737 -4.855124
8 -2.369326 3.168001 -1.113082 -1.993661 1.001454 -1.970008 -1.260755 3.382041 2.792240 0.795520 3.017167 -3.600866 0.089253 -1.937978
4 -4.557154 -4.745297 -4.689413 62.372783 -5.825643 -3.990372 -4.927095 -4.923813 -5.671873 -4.348002 -3.875677 -5.049060 -6.601387 -3.167995
7 -0.378735 -0.798095 -0.741657 0.018562 -0.507675 -0.591964 2.613059 -0.361817 1.095471 -0.926139 -0.176475 -0.277173 0.139625 0.893011
2 -2.443819 19.489681 -1.471008 -1.287390 -2.567414 -1.165502 0.584761 -1.253034 -0.657840 -0.543537 -1.988069 -1.463313 -2.014934 -3.218582
1 5.152890 -1.465045 0.144451 0.629507 0.209324 -0.539365 -0.660639 -0.453048 -0.697343 -0.759943 0.122839 0.519747 -1.212367 -0.991009
10 1.052104 -1.236888 -0.957088 -2.562953 -0.955284 1.305144 3.501161 1.242830 -2.072491 3.741749 -0.621378 -1.484108 -0.648772 -0.304026
13 -0.183203 0.680432 -0.068446 0.395339 -1.556907 -1.668253 -0.553215 -1.631228 1.353405 -0.521851 0.639257 0.817063 1.513953 0.783652
9 -0.341534 -1.418350 0.152286 -1.733197 2.044496 1.876704 -2.033336 -1.276193 4.974419 -0.062334 -0.018967 -1.370159 0.296352 -1.090187
9 -1.450133 -0.991523 0.823581 -2.087597 0.404917 0.459308 -0.830625 1.005651 3.532203 0.674033 -0.139053 -1.318627 0.381336 -0.463471
5 -1.020389 -3.287740 3.068125 -1.395504 13.934569 1.279693 -0.401348 0.991517 -1.385210 -2.364812 -2.807785 -1.384779 -4.517450 -0.708889
4 -3.105764 -5.014569 -4.159436 59.571237 -5.850280 -4.741792 -5.223205 -3.913630 -4.522013 -5.527039 -4.126126 -4.138488 -4.455353 -4.793538
4 -5.694353 -3.341711 -3.315553 58.537367 -3.642734 -4.923856 -3.668514 -4.901582 -3.848269 -4.704566 -5.807857 -3.313548 -5.992243 -5.382579
4 -4.212606 -5.113255 -3.394165 63.492642 -5.550157 -5.067970 -6.849815 -5.193252 -6.250289 -1.563582 -4.125157 -4.165116 -7.558707 -4.448568
4 -3.294938 -2.393202 -2.245018 33.995988 -2.685587 -3.045743 -2.640682 -1.950733 -3.382804 -2.292976 -1.926074 -2.326293 -3.492142 -2.319795
4 0.651487 -2.448548 -1.433258 5.431349 -0.848703 1.274869 -3.804396 1.685539 1.016988 -0.506613 -1.874899 -0.031550 0.491985 0.395751
1 38.504655 -3.738505 -3.217096 -3.984699 -3.445819 -2.651315 -4.683022 -1.642822 -2.346009 -1.913210 -3.120595 -1.728448 -2.709552 -3.323562
7 -0.403325 -3.433788 0.549678 -1.373348 -1.040409 0.709813 5.954575 -0.383922 -0.892434 0.224114 0.399790 0.496789 0.011871 -0.819403
8 -0.432613 -2.216197 -1.279000 0.852823 -0.488807 -0.645668 -1.658870 10.332134 -1.369609 -0.208841 -0.940290 -0.860253 0.150407 -1.235216
1 44.238064 -4.022006 -3.508898 -3.249062 -3.121801 -5.616933 -4.727385 -3.559084 -2.077783 -4.593825 -2.983257 -3.237504 0.283465 -3.823991
1 43.670066 -3.161793 -2.986822 0.104640 -4.041549 -4.646325 -2.832226 -4.975296 -1.991635 -4.496874 -3.491061 -3.520424 -3.134217 -4.496483
3 -1.396516 -2.614710 6.617308 2.733457 -1.685175 -0.844211 0.678784 -1.808891 -0.620925 -1.369327 0.708139 0.367400 -0.073737 -0.691595
3 -1.412281 -0.967605 13.671609 -1.555551 -2.143379 -0.729461 0.072646 1.146089 -0.099895 -0.730066 -1.656228 -1.653583 -1.872665 -2.069632
1 27.489236 -2.507786 -2.957598 -2.173702 -1.573014 -1.844041 -2.141935 -2.036382 -0.066841 -2.927411 -1.033297 -3.409536 -2.194913 -2.622778
3 -1.758554 -1.886755 31.722303 -3.013429 -1.966849 -2.466510 -2.273248 -1.687548 -2.344666 -2.661088 -1.833178 -2.662034 -3.524011 -3.644431
14 0.421793 -1.260149 -1.721081 -1.342919 1.037074 0.776067 -0.055669 1.387117 -2.062665 0.823237 0.134061 0.301767 -0.163507 1.724875
14 -1.569918 -3.134504 -0.310652 -0.102620 -0.411735 -0.400095 -0.398611 0.067299 -3.168352 -0.801147 0.039196 -1.466500 -1.883972 13.541609
8 -1.217059 -0.353652 -0.816685 0.714978 -2.259339 -2.216782 3.614855 10.328586 -1.433248 0.877634 -1.937173 -1.678544 -1.736832 -1.886739
3 0.009818 -2.127497 14.886274 0.812721 -1.102215 -1.253095 -1.369516 -2.809966 -0.100016 -1.263318 -0.848820 -0.732970 -2.685349 -1.416052
6 -3.394999 -2.375211 -2.365864 -2.032673 -3.229758 29.804716 3.057333 -3.528803 -2.309366 -2.937793 -2.383465 -2.127067 -3.506720 -2.670330
13 -0.423210 -2.300771 2.614903 -2.545975 -1.176002 0.520181 -1.635991 -2.550186 1.046370 0.918997 0.378585 1.007688 3.809920 0.335490
3 -1.713358 -2.938817 23.823622 -3.542082 -2.858581 -1.655886 -2.162318 -2.242991 -1.151628 -1.080134 -1.169143 0.163762 -2.401700 -1.070744
14 0.226164 -0.251103 0.211744 -0.249306 0.190149 -0.133944 -0.448941 -0.275520 0.669964 -0.597397 -0.249923 0.111863 0.065442 0.730807
11 -1.904917 -1.585626 -1.302002 -0.494270 0.412587 -1.651399 1.966728 0.136203 -0.960308 -0.872266 7.263318 -1.319732 -0.978443 1.290127
11 -2.551648 -0.454819 -1.297323 1.804805 -1.440375 -0.524830 -0.069369 0.131635 0.132781 0.785578 5.684490 0.671202 -0.870009 -2.002117
11 -4.692813 -5.140916 -4.042260 -2.167275 -3.986205 -5.200955 -4.674818 -3.276313 -4.430662 -4.632579 53.688060 -3.973824 -4.212464 -3.256975
11 -1.835220 0.456961 -1.325803 -0.068720 0.850695 -0.518107 -1.500600 -0.168892 -3.059167 -2.449611 12.215950 -0.517046 -1.186739 -0.893700
1 43.576900 -3.179143 -0.592521 -4.032904 -2.475004 -2.585466 -4.470435 -3.267411 -3.946277 -4.322988 -4.984847 -3.052059 -3.848137 -2.819707
5 -1.130990 -1.934691 -1.747781 -1.432005 21.639257 -1.288394 -1.425913 -2.956947 -3.202693 -0.587006 -0.774141 -2.601023 0.026781 -2.584453
4 -5.441332 -3.359384 -6.159140 62.706734 -3.014413 -4.165897 -4.967401 -4.679648 -4.212751 -4.065579 -6.535316 -3.168395 -6.747025 -6.190451
7 -6.559873 -4.878551 -6.030167 -6.416421 -5.468516 -7.025977 81.440966 -6.951688 -6.342912 -4.974089 -8.913853 -6.485075 -5.136177 -6.257663
3 1.233744 -1.564762 2.597258 -0.727744 -0.220714 1.731014 0.540141 -0.374261 0.660406 2.076969 -1.508850 0.221096 -5.106303 0.442006
5 -2.742909 0.118570 -1.396696 1.596486 17.226813 -0.616171 -1.373367 -1.641562 -2.213318 -1.781734 -1.701324 -1.605160 -3.158666 -0.710964
4 -2.729808 -4.255123 -4.559160 58.766228 -4.124840 -4.619808 -4.592673 -4.253919 -4.690205 -1.657240 -5.834517 -4.225107 -6.324635 -6.899192
6 -5.487149 -5.648099 -6.767250 -6.424060 -5.578159 76.236291 -5.757653 -5.558349 -5.586117 -5.646280 -6.742699 -5.689600 -5.840408 -5.510468
8 -2.008819 -1.471276 -0.081452 -0.326431 -0.279664 1.662038 -0.342257 5.348010 -0.897577 -0.992794 -1.591805 2.421053 0.651189 -2.090214
6 -4.295103 -3.805979 -3.174507 -3.628848 -3.849572 51.274491 -4.087036 -4.326078 -3.796882 -3.357046 -3.555923 -4.123484 -4.986862 -4.287172
6 0.177284 -0.899956 -1.100047 -0.701719 -0.904633 5.016345 0.019443 -1.068633 2.506830 -1.371256 -0.839646 -0.051747 -0.868733 0.086468
11 1.620366 0.702988 1.109060 0.326048 -1.353458 -0.408128 1.011476 -0.333524 1.065574 -0.511419 1.760106 -1.206659 -2.491997 -1.290433
13 -0.424549 -1.835175 -0.799087 -0.306619 -0.851519 -1.050396 -1.810679 -1.591708 3.037281 -0.296258 -1.756997 -1.388626 10.649790 -1.575459
13 1.936178 0.720218 0.069811 -1.010063 -1.252119 -0.099593 -0.727132 -1.435962 -0.917141 -0.420382 0.650946 -0.261451 3.988378 -1.241688
14 0.002828 -0.683375 -0.343574 -0.393213 0.111206 -0.031203 -0.506855 1.212445 0.002874 -0.661487 -0.200657 -0.356499 -0.015901 1.863412
9 -2.568903 -1.150229 -1.397857 -1.796685 2.109408 -0.423023 0.047001 -0.571462 6.624937 0.536983 -0.541855 -1.576952 0.623351 0.085285
1 3.685833 -3.106483 0.909631 -0.819636 -1.943273 -1.011435 -0.160669 -1.156691 -0.356549 -0.366281 1.166438 3.440316 -0.522895 0.241694
4 -5.047604 -5.595833 -4.334020 57.802926 -5.189754 -4.674406 -4.413866 -2.961769 -3.221927 -5.280067 -5.005567 -4.092993 -4.719231 -3.265886
14 1.184750 -2.044623 -0.419430 -1.241629 0.227248 0.084380 -0.257239 -0.164298 -0.193109 -0.879117 -0.919817 0.616018 1.532332 2.474534
4 -3.873478 -4.038401 -4.435096 38.639994 -3.293343 1.308019 -3.962007 -4.836295 -5.458410 -2.641988 -1.265315 -2.472194 -0.249526 -3.421960
4 -5.445733 -3.766292 -6.709820 67.120422 -5.941823 -4.094849 -2.361774 -4.409536 -6.384933 -6.243071 -3.982735 -6.452690 -6.402888 -4.924277
3 -3.592514 0.122301 34.202845 -3.854002 -2.676407 -0.918405 -1.780002 -3.273118 -1.521945 -3.160890 -1.743063 -2.649427 -4.160645 -4.994730
3 2.850187 -0.248351 4.376642 1.654207 -2.213441 -0.095489 -1.839205 -0.134605 -1.966320 0.262073 -0.021296 -0.670639 -1.406886 -0.546876
2 0.259444 0.905208 -1.140149 -0.102799 -0.939718 -0.365559 -0.516515 0.862366 0.874272 -0.372189 -0.408741 0.599261 0.830751 -0.485631
6 -0.603440 -0.033145 -0.014959 0.206946 0.708125 1.068493 -1.363426 -0.342503 -1.086501 0.906023 0.824420 -0.704464 -0.071866 0.506298
13 -1.731274 -0.203892 0.731776 1.729678 0.333698 -0.850571 0.951337 -0.668914 -0.775932 -1.774854 0.130760 -0.160737 1.921296 0.367630
14 -0.542335 1.810401 -1.234285 -0.110164 -0.620929 0.507871 -0.093547 -0.221723 -0.498346 -0.173582 1.600310 -1.522418 -1.233009 2.331753
5 -2.366993 0.664456 0.368486 -1.601909 2.351204 1.000312 1.417407 2.088791 -3.394099 -1.265642 1.436153 -0.359456 -2.586922 2.248214
4 2.051067 -2.589853 -1.237652 2.602141 -0.873290 -0.560606 -0.220748 0.094886 -0.498090 -0.666831 -0.340021 0.312741 1.460360 0.465897
6 1.362119 -1.892531 0.529833 -1.495988 0.442150 1.726002 -1.396759 1.575587 -0.571150 0.819595 -1.081591 -1.965418 0.582319 1.365831
4 -3.753418 -5.758542 -4.114981 57.465309 -5.504437 -4.266957 -5.245336 -2.409679 -2.551320 -6.397368 -4.145245 -4.982415 -5.020634 -3.314975
4 -4.489677 -5.855649 -4.082626 58.663984 -4.827916 -4.905986 -4.207023 -3.354043 -4.778829 -4.263023 -4.471901 -4.298196 -3.884041 -5.245071
1 1.997384 0.323509 0.321265 -0.590707 -0.767179 0.896223 0.036048 0.298235 -0.407254 -0.504064 -0.511084 0.062466 -1.062164 -0.092677
12 0.436220 2.012305 0.222809 -2.265251 1.137540 0.219169 -2.373657 1.893164 -2.714720 -0.922601 -1.565722 4.842515 -0.105059 -0.816709
1 21.455131 -0.907558 -0.469535 -1.710558 -4.009558 -0.550897 -2.463325 -2.238712 -1.446430 -1.665916 -1.814635 -0.694763 -2.369772 -1.113470
14 0.180073 -1.214169 0.029092 -0.693005 -0.982921 0.888274 0.186499 -0.916931 1.360827 -1.976044 -2.319762 -0.314553 0.079039 5.693581
10 2.091647 2.115777 0.526728 -1.203525 -0.275714 0.000413 -0.874320 -1.535147 -3.040496 2.635771 1.237421 0.665983 -3.155682 0.811146
4 -2.564042 -4.880476 -2.910541 35.688857 -3.836819 -3.056565 -1.736535 -2.441917 -2.968822 -1.589632 -3.261850 -0.860451 -4.782413 -0.798795
5 -1.778701 -1.519321 -1.790530 -0.311238 21.000035 -2.731745 -2.386581 -2.555643 -0.911295 -1.811412 -0.847363 -0.816394 0.208914 -3.748725
4 -3.966559 -5.542851 -5.503285 61.547712 -3.498924 -6.112532 -5.861557 -4.347629 -5.012043 -0.285157 -4.475305 -4.112397 -8.015807 -4.813664
14 -0.191557 -2.688521 -0.634926 -1.672319 -0.730229 -0.199950 -0.554381 -1.358706 -0.179181 -1.034008 0.125195 -2.525559 -0.488399 12.132541
2 0.433211 0.625501 -0.316004 -0.267830 0.576975 0.135626 -0.067425 -0.612819 0.073377 -0.205456 -0.365159 0.020336 0.077043 -0.107377
7 -0.600032 0.123989 -0.706128 -0.782901 0.409228 0.580486 0.595603 0.337641 -0.091767 -0.024847 -0.051520 -0.101877 -0.120720 0.432845
4 -4.657843 -6.052577 -4.835252 58.527832 -5.882970 -3.453882 -1.682757 -2.358983 -4.708633 -4.144576 -5.237561 -4.330340 -4.868007 -6.314449
10 1.507417 -5.145999 2.917172 -2.098382 -1.479870 -0.433959 -0.485646 -1.584248 -0.192289 5.968179 -0.381034 5.087298 -2.744173 -0.934466
14 -0.427647 -1.800865 -0.347922 -1.183800 0.943819 0.336495 -0.808152 -0.998524 -0.584247 2.043023 0.017316 -1.549321 0.205553 4.154270
6 -5.129326 -2.752608 -2.812572 -2.661575 -3.645400 43.218644 -4.484349 -3.963659 -1.666419 -2.623043 -2.998115 -3.217495 -3.146208 -4.117873
13 -0.877473 0.431724 -0.767745 -0.721261 0.558855 1.392512 -1.840554 -1.571627 1.070862 -0.705669 -0.177126 1.019377 2.582988 -0.394865
4 -0.382206 -0.467265 -0.379075 1.159205 -0.085221 0.429843 0.245574 -1.221022 0.246748 0.222232 1.046511 -0.604271 0.315189 -0.526242
4 -6.570106 -5.098533 -5.278454 61.398489 -6.089457 -1.219657 -4.324796 -3.024922 -5.638150 -5.860384 -4.384840 -3.604678 -5.290847 -5.013663
10 -3.131412 -1.286790 -1.570882 -0.703853 -0.270259 -1.884506 -3.093311 -0.585673 0.020477 17.865115 -1.738146 -1.720962 0.692527 -2.592325
8 -0.586948 1.123007 -0.606242 -1.587874 -1.071149 -1.366009 -2.287653 9.254148 -0.625274 4.118171 -2.010363 -1.354797 -1.411639 -1.587376
8 -1.297076 -0.340002 0.590286 -0.710035 -1.957948 0.354212 -1.097832 7.898262 -0.320236 -0.376938 -1.215516 -1.246571 0.173663 -0.454267
1 39.470725 -4.401919 -2.297694 0.136668 -1.978744 -5.208865 -3.530942 -4.209922 -1.207372 -4.366329 -2.880678 -5.320258 -2.061104 -2.143565
4 -2.643953 -0.371867 -2.784733 33.181092 -3.148968 -3.199022 -4.675445 -1.417184 -3.076507 -2.653644 -1.992080 -3.748950 -0.982338 -2.486401
5 -0.644406 -2.630143 -0.866311 -1.158992 16.343265 -2.261717 -2.709744 0.530401 -1.418179 -1.592438 -2.517805 -2.051288 2.413563 -1.436206
11 -3.604754 -0.724278 -3.672671 -1.014694 -1.606157 -4.289102 -2.943408 -3.795790 -4.093618 -2.294065 40.859517 -4.286940 -4.238452 -4.295590
4 -0.399700 0.287386 0.673231 1.297389 -0.057265 -0.694624 0.793928 -0.270741 -1.847552 -0.332629 0.628579 0.118321 -1.387015 1.190692
10 2.000507 -2.541233 -0.003168 -0.668457 -0.776023 0.286352 -0.249599 0.388630 1.477892 2.248428 -2.116873 1.139407 -0.295361 -0.890504
8 -0.753937 -1.650955 -1.512311 0.652500 2.089829 1.009257 -0.758713 3.276557 0.901192 -0.394214 -0.618071 -0.683477 -0.979984 -0.577674
5 1.393263 0.106783 -0.031186 0.934033 2.376805 -0.044193 -1.187845 1.693106 -1.095524 -1.619452 -2.512329 0.226254 0.908197 -1.147912
4 -0.653101 -2.924566 -0.270135 5.337305 1.934734 0.685176 -2.002355 -0.900199 1.262888 -1.206140 -1.244014 -0.342144 0.699703 -0.377151
1 3.575364 0.045418 -0.846706 -1.204832 0.578921 -1.724110 0.134689 -0.437075 -0.466485 0.991959 -0.351337 -0.476326 0.112252 0.068269
4 -5.663383 -6.454634 -3.224605 59.820363 -5.321353 -4.492714 -5.283607 -2.970365 -3.546859 -5.151527 -4.771493 -3.899217 -4.929522 -4.111083
7 -2.722704 -0.319768 -2.919730 2.005337 0.914352 0.917149 2.904653 0.997592 -2.275775 -0.579989 1.597235 0.614888 -0.943534 -0.189708
13 -0.597778 2.120490 -0.631899 0.979391 -1.198303 0.497389 -2.450334 -1.327375 -0.068617 2.246412 -1.443721 -0.733960 2.314861 0.293444
1 23.866860 -4.731880 -1.178898 -1.641351 -1.989661 -1.738980 -2.892647 -3.857674 -0.688750 -0.306126 -2.280831 2.822467 -3.771866 -1.610660
6 -1.878778 -2.284021 -3.878388 -3.104704 -1.819936 32.813626 -2.476135 -2.088990 -2.150806 -3.854043 -1.220214 -3.746770 -2.627535 -1.683304
3 -1.045092 -2.236412 7.406595 -2.725587 0.776182 -0.254519 0.406915 -1.217429 -1.328227 -0.168755 -0.816077 1.602072 0.036826 -0.436493
5 0.296196 2.717024 -4.333593 -1.500890 16.354222 -3.164112 -1.911637 2.575645 -2.104181 -2.096625 -3.689863 0.556299 -0.763401 -2.935083
8 -2.819416 -1.630341 -1.382865 1.003908 -1.349885 0.922861 -2.057505 13.729962 -2.178630 -2.134646 -1.396730 0.958295 -1.489406 -0.175604
14 -0.715095 -0.480153 0.499977 -0.860265 0.891092 -1.225737 -0.134266 0.192106 -0.308009 0.592534 -0.237815 -0.079722 0.420238 1.445115
1 2.352760 1.057677 0.179294 -0.354543 -0.193939 -0.145287 0.616047 -0.162074 -1.637260 0.498431 0.791503 -0.326115 -1.559787 -1.116707
6 2.408870 -2.483585 -3.191453 0.374146 -1.489991 13.080574 -3.162971 -1.636108 0.520643 -2.350313 -1.890695 1.965917 -0.429273 -1.715762
12 -2.722027 0.322726 -1.047207 2.084565 -0.464810 0.609667 -1.443238 2.315162 -0.440159 -2.414423 -0.493916 2.957711 1.208852 -0.472904
3 -0.196245 -1.112801 12.417110 -0.363694 -0.815918 -0.834723 -0.569634 -1.093270 -1.092712 -0.658685 -2.003907 -1.629785 -1.034877 -1.010859
12 0.499014 -0.097686 0.290316 -0.902028 -0.435888 -0.746546 1.280758 -0.440463 0.982596 -0.390153 -0.403563 1.790746 -0.809461 -0.617642
14 -0.294560 0.508308 -1.700944 -0.246215 -1.455667 1.701152 -1.969029 -0.607110 0.163620 1.153703 -2.170437 1.673353 0.830942 2.412883
6 0.417580 -0.194717 -0.084739 -0.990899 0.690834 2.038429 -1.155742 -0.365101 -1.630477 0.140349 0.574665 -1.165930 0.199731 1.526016
11 -1.504922 -0.931495 -2.272539 -1.480623 -2.025729 -3.275641 -2.979146 -0.922663 -1.422684 -0.348303 20.593758 -1.310895 -2.257112 0.137994
13 -0.221210 0.663733 0.268241 -0.062764 -0.184068 -0.306720 -0.221594 -0.643477 -0.681695 0.704296 -0.420496 -0.501506 1.513784 0.093477
14 -0.609941 0.132940 -0.398721 -0.518137 -0.386148 -0.541115 -0.644642 -0.996274 0.421117 1.390688 0.152863 1.540160 -1.104705 1.561915
1 73.798005 -6.016174 -5.455177 -5.258762 -5.403629 -6.122982 -7.094550 -5.500514 -5.715031 -5.056566 -5.975721 -4.698657 -5.490948 -6.009292
12 0.373796 -0.356090 -0.910144 -0.817914 0.261292 -0.513555 1.043719 -1.682029 0.490378 -0.448771 -0.416294 2.167253 0.204016 0.604342
10 0.355261 -2.135906 1.483719 0.503848 -0.215129 -0.594134 -1.259611 -0.282040 -1.396889 1.766910 0.600149 1.608265 1.149599 -1.584044
3 -0.557153 -1.093767 2.333491 -1.371890 0.312056 -0.223214 0.481135 0.724069 -0.613961 -1.220932 -0.650299 0.538948 0.990306 0.351211
1 39.024501 -3.431234 -2.782606 -3.203629 -3.536333 -4.341184 -2.929406 -3.074460 -1.771156 -3.607439 -1.681886 -3.589960 -2.106129 -2.969077
1 26.985449 -3.302130 -1.928603 -2.450228 -0.725559 -0.660070 -3.320621 -1.308169 -2.228723 0.798413 -3.046133 -2.988053 -4.063624 -1.761948
2 -1.263948 1.646595 -1.418636 -0.750220 0.698759 -0.591753 -0.311109 -1.577693 -0.918650 0.954385 -0.103509 1.375710 1.540225 0.719844
6 -0.394817 0.597159 -1.149216 -2.492082 -0.683698 16.182713 -2.201998 -2.463686 -1.846609 -2.200632 -0.913702 -2.035419 1.600346 -1.998358
5 -3.429344 -0.390671 -0.818867 -2.180060 15.576239 -2.157551 0.641248 2.212267 -3.737767 -0.202510 -2.020333 -2.649013 -3.114697 2.271059
6 0.365224 1.089828 -3.496399 -1.163672 -1.480088 12.952315 -2.956570 0.272376 -0.992179 -0.975037 -2.247424 -1.876532 -0.753725 1.261884
3 0.305846 -2.541273 4.229916 -0.390296 -1.814186 -1.305020 -2.475698 -0.999490 -0.462639 0.287580 1.912557 3.069775 1.119781 -0.936853
2 1.567630 2.458111 -1.244870 -1.104119 -0.997815 1.549165 0.574525 1.155594 -2.611383 -0.683651 -2.746554 2.165112 -1.291327 1.209581
3 -1.693756 -2.524633 23.823622 -3.565853 -2.834275 -1.669435 -2.290503 -2.148064 -1.331099 -1.139407 -1.018232 0.049192 -2.601306 -1.056250
10 0.311624 -0.241381 -0.233192 -1.547986 -0.015205 1.126740 -0.870961 -1.688011 0.720788 2.908082 -0.126557 -0.250281 -1.304446 1.210785
6 0.084182 -0.441885 0.311118 0.821907 -0.979717 1.805797 -0.288586 -0.582243 -0.012351 -0.537288 -0.219867 -0.270100 0.614706 -0.305673
3 -3.060454 -0.465149 9.041819 0.178498 0.785455 -1.997843 -0.486579 -1.151437 -0.441304 1.145301 1.496949 -2.149371 -2.261278 -0.634608
10 -1.846690 0.209943 0.117124 0.166811 -0.643750 -1.018434 -2.440253 -1.654626 -1.366700 14.510273 -1.545631 0.241092 -3.185636 -1.543521
10 -1.323079 -2.921934 0.251003 -0.148193 2.488764 -0.063750 -0.912894 -1.669844 -1.514170 4.444214 0.753964 1.486201 -2.317801 1.447519
7 -5.665078 -5.826348 -5.745976 -5.816360 -6.296080 -5.903503 78.517502 -5.914483 -5.341330 -5.275712 -9.533934 -5.602594 -5.631423 -5.964680
11 -1.271861 -0.043922 -0.237137 1.309937 -1.039564 0.931699 0.213350 0.793227 -2.251086 -1.935222 2.505072 0.779045 0.072599 0.173863
12 -2.480832 -0.751101 0.440594 0.345202 -1.259121 -1.031570 0.731441 -0.788662 -1.137051 -0.445079 1.130390 9.026004 -3.419912 -0.360302
4 -0.893522 0.557937 0.192632 0.995590 0.257387 -0.131464 0.111726 -0.213796 -1.432594 0.164794 0.668513 0.166865 -0.935827 0.491759
11 -3.997827 -4.285801 -1.443536 -2.045985 -0.062008 -2.927453 -3.287567 -3.941224 0.310765 -3.330673 30.470856 -1.558010 -2.311985 -1.589551
11 -6.875314 -4.322829 -3.806873 -3.852044 -3.774476 -4.014721 -5.772188 -3.893779 -5.173923 -4.630906 58.541197 -3.809094 -4.579393 -4.035656
2 0.248944 3.571050 0.927799 -1.712602 0.452906 -0.899311 -0.288648 1.490419 -2.376294 -0.667235 0.723066 -0.654684 -0.796206 -0.019204
3 -1.616805 -2.524633 22.619767 -3.374468 -2.198745 -1.658824 -2.067696 -2.121677 -1.268258 -0.969725 -1.211345 0.052332 -2.589709 -1.070214
11 -1.413969 2.182444 -1.205369 -0.531931 -0.584843 -2.058331 1.297791 0.076144 -2.085348 0.178652 4.377415 -0.346315 0.485379 -0.371721
14 -1.577604 -0.044515 0.875310 -0.119755 0.383063 0.341376 0.000354 -1.549047 -2.513982 -0.813465 -0.395329 0.654682 2.053430 2.705484
11 -1.857778 0.542980 -0.599144 -1.177989 1.612021 -1.137637 -0.046240 -0.573777 -2.078002 0.671122 4.622601 0.324828 0.213491 -0.516476
7 0.823960 1.030556 -2.334828 -0.182438 -0.463102 0.330134 1.681880 0.244791 -0.442080 -1.660371 1.275547 -0.752007 -0.541603 0.989561
4 -0.355450 1.563910 0.030516 2.627870 -0.516126 -0.217789 0.333550 -0.828686 -1.491419 -0.112816 0.473082 -0.248354 -0.763088 -0.495200
10 -0.327732 -1.195591 1.681662 -1.473873 -0.419324 -0.739692 -0.050247 0.479738 0.769211 3.084872 2.267381 -0.113338 -2.130539 -1.832530
11 -4.054143 11.399974 -3.327646 -2.493097 -2.482079 -4.725454 -0.987183 -3.334324 -4.250938 -3.691749 28.607492 -4.122994 -4.102680 -2.435179
10 -0.859123 -0.708287 -1.066419 -1.182706 -0.166458 -0.250423 -0.120475 -1.069360 -0.850945 7.262381 -0.706631 -0.088978 0.894593 -1.087168
11 -2.139966 -2.005670 -3.957995 -1.421288 -0.888335 -1.557506 -5.323637 -2.471937 -4.652345 -0.962755 32.746362 -1.265208 -4.511044 -1.588676
11 -2.278633 -0.744315 -1.760324 -0.857477 -1.353742 -1.750550 -2.026421 -0.397985 -4.237487 -0.209234 18.274886 -0.449058 -1.573513 -0.636146
6 -0.126064 -2.075570 -2.625111 1.435934 -1.448404 19.416357 -1.696778 -2.364326 -2.454797 -2.722194 -1.833088 -0.243868 -2.765831 -0.496260
13 -0.465614 -2.451791 -1.324943 -2.346880 0.109802 -0.993287 0.028001 -0.897465 0.835002 -1.917808 -1.003681 0.132046 10.364035 -0.067418
5 -1.242849 5.662887 -2.626112 -0.619176 16.921479 -1.918467 -1.920161 -0.224629 -2.211283 -2.069977 -2.173040 -2.978491 -1.634826 -2.965356
2 -1.958883 5.116479 -2.070997 0.100022 -0.949721 0.362230 0.855491 0.709041 -3.261862 0.185830 0.290227 0.443527 -1.134552 1.313168
2 -0.471560 2.182640 -0.256446 0.188645 -0.795930 -1.997167 0.487722 0.718223 -1.239162 0.522854 1.125743 -0.285162 -2.096209 1.915809
14 -0.753642 0.622471 -0.930315 -0.533682 0.202509 -1.510435 -0.650335 0.627695 -2.623488 -2.728263 2.617117 -0.935557 1.271393 5.324531
11 -2.494037 0.523529 -0.557915 0.579768 1.728248 -0.669164 0.784694 0.405533 -2.345919 -0.928014 1.901559 1.327301 -1.191877 0.936293
8 -3.206024 2.445354 -1.096345 2.954994 -0.079151 0.384090 0.048520 3.396922 -2.469049 1.928942 -0.013971 -1.642307 -2.476791 -0.175185
5 -1.428723 0.643596 1.076245 -2.040586 13.400194 -1.331760 -3.060334 0.029779 -2.095468 1.699761 -0.454834 -1.582886 -3.184645 -1.670341
9 0.694453 1.030970 -1.314564 -1.764153 -0.692903 -0.845780 -1.750324 1.841312 2.774941 -1.032459 1.363682 -0.159626 0.428330 -0.573881
12 0.008712 -0.791390 -0.956679 1.094189 -0.309981 -0.091654 -2.250284 -1.663479 -0.351233 1.268982 -0.933225 2.523877 0.760690 1.691474
5 -1.169376 0.229384 0.210986 -0.559942 4.046594 -0.983079 0.728623 -1.515566 -1.620971 0.291523 -0.341333 -0.889479 1.876231 -0.303596
2 -1.704006 11.714018 -0.944710 -0.600365 -0.330891 -1.088296 -0.387936 -0.831679 -2.016355 -1.341410 -0.120963 -0.788049 -1.124191 -0.435166
13 -0.317329 -1.102747 0.076594 0.506713 -0.963860 0.284218 -1.523776 -0.275078 -0.007251 -0.846153 0.476593 -1.408162 4.583051 0.517186
14 0.971257 -1.638563 -0.379932 -2.068298 -0.669691 -0.119264 1.451729 -1.496247 -0.993207 -1.802943 -2.551477 -1.504776 -0.397756 11.199169
8 -0.219550 -1.526748 -0.865328 0.538882 -1.045708 -1.025378 0.849984 2.107584 1.909694 -1.935699 -0.540949 0.584853 1.181428 -0.013065
3 -2.325600 0.392065 14.823175 0.200618 -2.037305 -1.605804 -1.314160 -1.569267 -1.410478 -0.551775 0.543227 -1.021938 -3.450709 -0.672049
4 -2.095639 -0.827994 0.643726 1.886551 0.767221 0.458601 0.152160 -0.225769 -0.954870 -0.367622 0.237753 0.632121 0.564552 -0.870792
6 -0.935436 1.177755 -2.709487 -2.820363 -4.656560 32.443105 -2.736725 -2.247714 -4.853796 -5.385196 -1.779536 -2.578930 -2.306239 -0.610876
6 0.326085 -0.522181 -0.970322 -0.740537 -0.891941 3.843513 -1.148231 0.539602 -1.764249 -0.698660 0.117236 -0.031804 2.841571 -0.900080
3 0.069495 -0.943958 7.831601 -1.033889 -0.758547 1.169456 -1.567555 -0.377268 -0.899292 -1.115030 -0.859370 1.043615 -0.822641 -1.736619
1 21.082005 -1.878702 0.254911 -3.852572 -2.851171 -3.906307 0.162882 -0.772740 1.793841 -2.262550 -2.833070 0.091304 -3.314613 -1.713217
2 -1.216951 1.096165 -0.900955 -0.314084 0.704559 0.225286 -0.154552 0.684764 -0.778716 0.203794 0.425426 0.087646 0.273573 -0.335957
2 1.537528 2.370230 -0.836783 -0.343454 -1.523607 0.529153 0.551941 0.320469 -0.278394 -0.256075 -2.363892 -0.432415 0.572690 0.152609
6 0.665446 -0.449769 -2.251323 -0.716605 1.093390 2.684446 0.197445 0.558014 -0.147236 -0.495185 0.398515 -0.619814 0.367363 -1.284685
6 -0.657895 -1.979115 -1.530474 -0.728804 -0.316020 17.488318 -2.590844 -0.551732 -2.392564 -2.479473 -0.994049 -0.627197 -1.471611 -1.168540
3 -1.898736 -0.136821 5.513287 0.408478 -0.122354 -0.135008 -0.858508 -1.410201 -1.513443 -0.095970 0.429472 2.701804 -3.377041 0.495041
12 1.704574 -0.675745 -2.145853 -0.148333 -1.538430 6.135875 -2.440036 -1.034227 -4.156748 0.940107 -0.814274 6.977192 -2.291599 -0.512503
1 38.451046 -2.632213 -3.087987 -3.535368 -1.992758 -2.505752 -2.562595 -4.551431 -0.957353 -2.186877 -3.499058 -2.563561 -5.995914 -2.380179
14 -1.916930 0.866493 0.548153 0.024582 -0.524023 -3.405010 -0.292086 -0.458746 0.145428 -0.191113 1.152763 -1.286365 1.566223 3.770632
11 -1.549136 -0.679792 0.109734 0.681400 0.474665 -0.925709 -0.472089 -0.457913 0.184555 0.607929 1.059454 -0.168061 1.030497 0.104467
11 -1.097673 0.345322 -0.226102 0.831359 0.082865 0.299209 0.046841 -0.268209 -1.032162 0.540358 0.874444 0.104007 -0.992017 0.491759
12 1.672935 -1.602716 -1.565011 -0.392861 -2.737294 0.685119 1.145911 -2.201302 -0.939844 -2.355229 -2.012081 14.084588 -2.150301 -1.631914
1 19.970654 -3.344732 -1.201161 -2.546588 0.159021 -3.578881 1.599311 -3.286405 1.433527 -0.396894 -0.208036 -3.189696 -5.284116 -0.126003
13 0.279960 -0.666267 -0.295184 -0.225128 -0.788855 -0.681308 0.035033 0.465843 -0.631631 0.263793 -0.595068 0.136310 3.858639 -1.156137
13 0.308036 -2.284097 -0.625675 -1.519070 -1.588062 -0.133358 4.628346 -1.545007 1.690227 -0.713152 -0.162656 -1.555574 5.383591 -1.883550
12 -0.907312 -2.291615 1.158953 -1.226146 1.120931 -0.753687 1.041811 0.076306 -2.857339 0.756578 1.923618 1.954614 -1.087007 1.090294
9 -1.377835 -0.175565 -0.484706 0.703345 -1.018262 -0.818854 -0.027112 -0.009512 5.455759 -1.053877 -0.766430 0.051767 -0.738916 0.260200
3 -1.738773 -1.813331 30.044316 -2.927128 -1.815723 -2.355145 -1.988542 -1.551765 -2.300078 -2.606449 -1.633142 -2.367802 -3.325411 -3.621028
7 -7.474257 -4.818799 -5.738434 -6.560391 -5.862959 -5.709326 64.412320 -4.147070 -3.526577 -4.812261 -5.389599 -5.391701 -2.525482 -2.455461
11 -1.152190 -1.296585 -0.989552 0.302198 -0.839753 -0.400376 1.021959 0.388143 -3.017607 -1.679505 7.105986 -0.378103 0.653979 0.281406
8 -0.297460 1.480141 0.035630 -1.931655 -1.446217 -1.344507 -2.462903 9.589405 -0.328569 2.108064 -1.298739 -1.673661 -1.495196 -0.934333
9 -1.652973 -2.231457 -0.407609 0.187228 -0.927595 -1.876658 -0.238688 -1.178241 7.012427 -1.537706 -0.529773 -1.420899 2.948031 1.853913
3 0.220346 -0.450609 2.390266 -1.292441 -0.159456 -0.996481 1.480770 0.226823 -0.516634 0.153776 -0.692142 2.037155 -1.849716 -0.551658
6 -1.538288 -1.260631 -1.685130 -1.273866 -1.753312 19.576508 -1.820028 -1.514232 -1.515160 -1.268859 -1.909844 -1.115249 -1.604499 -1.317410
1 19.731262 -1.406304 0.404800 -2.246985 -1.756338 -0.762748 -0.475548 -3.590507 -0.693149 -1.176599 -2.556807 2.670083 -5.643529 -2.497629
1 3.578794 0.211683 -0.652294 -0.980692 1.167914 -1.169671 -0.631981 -0.089313 0.989119 -2.324153 0.316857 -0.558926 -0.012748 0.155409
9 -1.649831 -0.609033 -1.696434 -0.694028 -0.130460 -0.071302 -0.980658 -0.899358 10.102630 -0.244669 -1.830707 0.024366 -0.387811 -0.932706
5 1.304135 1.035033 0.092776 0.429843 12.664137 -0.403480 -1.111104 -1.625418 -2.760441 -0.993018 -1.981809 -3.535809 -3.236489 0.121643
5 -0.569753 -1.781166 -1.176359 -0.760571 5.048568 -0.197581 -0.835867 0.654907 -0.522442 -0.577877 -1.492807 -1.026565 3.604107 -0.366595
11 -2.891194 -1.086468 1.196209 0.788145 0.948501 1.279544 -0.432954 -0.148344 -1.762676 0.039471 2.789257 0.546943 -1.213723 -0.052711
1 25.171788 -1.769336 -2.472936 -1.972131 0.356066 -4.403480 -1.713816 -0.862210 -1.732871 -2.153598 -2.180333 -2.332935 -1.943023 -1.991184
1 3.706266 1.161658 -0.734195 -1.695486 -0.420104 1.900073 -2.344859 -2.117351 0.356360 -2.254843 -0.705479 0.247691 2.106306 0.793965
12 -0.397675 -0.740044 0.849541 -0.632952 -0.427560 -0.475688 0.328877 -1.918801 0.729865 -1.771768 -0.420416 6.731938 -1.538873 -0.316444
1 5.417843 1.012797 -0.681114 -0.256459 -1.579470 2.738504 -0.700762 -2.086871 0.205891 -0.998600 -1.080227 -1.508128 0.530100 -1.013504
1 58.204473 -5.191512 -5.005283 -4.174682 -5.216624 -5.071810 -3.660813 -3.982968 -2.987227 -5.156695 -3.342352 -4.381012 -5.436055 -4.597437
1 20.676730 -1.784242 -0.938047 -1.962802 -1.355299 -1.100018 -2.188565 -1.453656 -1.732134 -1.096708 -2.023458 -2.082053 -1.411983 -1.547765
1 33.390182 -3.855501 -3.504499 -2.280717 0.414324 -2.553386 -3.176894 -4.025903 -3.519579 -1.792633 -3.169756 -2.671659 -1.329893 -1.924087
1 27.910857 -3.596429 -2.916180 -3.887772 -2.701985 -2.379042 -2.905950 -1.946431 -2.089796 -1.754927 -2.438266 -2.767031 3.896387 -2.423435
1 45.527287 -2.287303 -3.896076 -3.787037 -3.546279 -3.352251 -3.042328 -3.790813 -3.437359 -3.733232 -2.805200 -3.620762 -4.987675 -3.240973
1 38.604851 -4.194801 -3.547022 -3.938789 -3.951950 -3.365094 -1.947509 -2.337145 -2.987904 -2.815617 -2.838670 -2.087013 -1.833702 -2.759634
1 44.033994 -1.927161 -3.976353 -2.395158 -3.021284 -4.145763 -4.603239 -1.716040 -3.299806 -4.370432 -4.558373 -4.000741 -2.298204 -3.721438
1 41.984915 -5.663993 -2.643612 -2.900967 -0.865555 -4.363626 -4.046056 -4.921496 -0.905583 -1.960652 -1.735969 -4.590513 -3.623509 -3.763383
1 38.811832 -3.831175 -2.893744 -3.593840 -2.421637 -2.554894 -2.933203 -2.683041 -1.404381 -3.885749 -3.002584 -3.731100 -3.890013 -1.986469
1 31.061296 -2.059216 -1.538413 -3.967286 -3.815222 -3.433760 -1.433303 -1.041489 -2.795491 -2.305412 -2.847029 -2.043098 -0.060740 -3.720837
1 23.736856 -3.953428 -1.692380 -1.562006 -2.825288 -1.147247 -0.707454 -1.374676 -0.730544 -1.656552 -3.270563 0.364158 -2.128396 -3.052478
2 1.688517 2.750847 0.385687 0.757743 0.787973 -0.291330 -0.600497 0.509731 -2.250997 -1.162307 -0.579254 -0.647028 -2.193404 0.844319
1 27.226724 -4.211740 0.082396 -2.979299 -1.647843 -1.200617 -2.633687 -2.047273 -1.726079 -1.666015 -3.944236 -1.939535 -1.965162 -1.347634
13 0.457774 -0.126139 -0.654842 -0.718025 0.330528 0.147560 -0.580479 -0.577181 -0.448973 -0.795625 -0.407153 0.277544 1.787864 1.307149
1 43.832787 -3.778850 -4.322201 -3.374516 -1.342452 -3.882075 -5.006895 -2.787941 -0.279383 -1.914097 -3.867135 -3.906992 -6.651009 -2.719239
1 26.174496 -3.399602 -2.422508 -2.099243 -2.922222 -1.463845 -2.056342 -1.254352 -0.606958 -2.026293 -2.932713 0.776045 -2.375532 -3.390929
1 22.935873 -2.772775 -1.653314 0.795567 -1.005205 -3.609517 -1.314600 -1.942102 -1.939668 -2.043561 -0.821762 -0.849366 -3.649996 -2.129574
1 38.608357 -3.372682 -3.209045 -3.421959 -4.033102 -1.301126 -0.635983 -4.016360 -4.107342 -4.638868 -2.420502 -3.204487 -1.357743 -2.889156
1 4.426018 -1.831478 0.691092 -0.490632 -0.379416 0.014666 -1.858109 0.629415 -0.563821 -0.891086 -0.044260 1.220243 -1.331223 0.408591
10 -0.557093 -0.547959 -0.176258 0.082847 0.361033 0.369938 0.618714 -0.474779 0.609496 1.118168 -1.011940 0.439525 -0.230128 -0.601563
10 -3.168039 0.586177 1.590657 0.566570 -0.397131 0.232241 2.437655 -0.460997 -3.246513 4.905572 2.387654 -1.340585 -3.890361 -0.202897
13 -0.781126 -0.562963 1.450250 -1.120192 0.057963 -1.374051 -3.223500 1.970144 -2.300646 -0.243913 0.882337 0.925425 3.811846 0.508426
7 -0.484549 0.465196 -0.251729 -0.800261 -0.444665 -0.549906 1.380581 0.606515 1.268116 0.177654 -0.498628 -0.173869 -1.007267 0.312813
14 -1.781347 -0.870173 1.724104 -1.262731 -0.805232 -0.452320 -0.718675 0.234378 -1.111801 1.613581 0.690468 0.557408 0.383867 1.798473
10 -0.466463 -2.078957 0.250931 -1.632194 -0.514993 -0.376843 0.006791 -0.090520 -1.386906 7.393803 -1.110526 0.239636 0.650669 -0.884430
10 -1.102630 -1.048421 0.061557 -0.521811 -0.174734 -0.394920 0.477374 -0.636645 1.592770 4.138380 -0.036522 -0.713382 -0.239706 -1.401310
10 -1.966717 -2.875378 -2.111081 -2.327473 -2.467184 -2.895395 -3.335405 -1.581673 -2.618305 30.396750 -1.346506 -1.130586 -2.532459 -3.208588
1 4.069459 0.130226 -1.343389 -3.079364 -1.939659 2.768833 -1.594976 -0.092128 -2.350573 -1.328507 2.068475 -2.237662 1.612202 3.317064
6 -1.600408 -2.029141 -0.045378 -0.604200 0.157502 2.192671 1.371032 -0.808252 -0.618311 1.467567 0.130846 -0.699834 1.052420 0.033487
10 -2.027830 -2.430858 -1.827352 -2.255023 -0.241573 -2.942707 -1.141493 -1.320816 -0.623430 17.820176 -1.586752 0.046465 -1.120065 -0.348745
8 -0.279429 -2.803496 -0.341229 -0.921083 0.844794 -0.138744 -0.821144 2.418907 -0.176444 1.538275 0.945533 -0.364629 0.874141 -0.775450
13 0.650042 -1.590548 1.409169 -1.169948 0.326050 -2.511710 -0.962477 0.668820 0.427140 0.024742 -0.074039 0.115227 2.542382 0.145149
10 -1.625584 -0.187980 0.952862 -0.795051 -0.266488 -2.017966 -0.992537 -0.892341 -1.233841 9.870545 -0.768363 -1.064213 -0.249439 -0.729601
11 -0.563321 1.465364 -1.492120 -0.014921 0.515160 -0.500983 1.645263 0.370376 1.485787 -2.061793 1.650510 -1.675774 -0.692588 -0.130958
10 -1.199691 -4.093197 -1.695424 -3.321718 0.412253 -1.588209 -0.351724 0.588942 -1.365475 20.540198 -3.611780 -2.459096 -0.360614 -1.494466
10 -0.104673 -1.246650 -0.581502 0.185571 1.401640 0.118171 -1.309749 -1.494557 -0.574210 5.220819 -0.297540 0.198507 -2.887281 1.371453
10 -2.071986 -1.148088 -0.636597 4.671677 -0.133414 -0.739646 -1.475024 -1.901946 -1.445514 9.663981 -0.255093 -1.940132 -1.916834 -0.671385
2 0.244383 1.560627 -1.905319 1.078999 -1.833137 -0.310234 0.811082 1.056563 0.556538 -0.954031 -0.670946 -0.137185 1.187269 -0.684611
12 -0.729397 0.076953 -0.012741 -0.554692 0.334967 0.540716 0.488529 -0.888467 -1.067598 0.839014 1.015795 1.504013 -1.494882 -0.052209
6 -1.024995 1.285594 -1.426772 -0.049459 0.484490 1.406209 0.208564 0.344845 -0.380730 0.609327 -0.199987 -0.886790 -0.228374 -0.141922
2 -2.219480 18.502474 -1.394398 -2.076660 -0.116617 -3.111535 -1.434005 1.134530 -0.748906 -1.029174 -2.883703 -1.430220 -2.232082 -0.960224
2 -0.053812 1.620073 -0.056182 -0.435645 -0.536831 0.442862 -0.162152 -0.705764 -0.689884 0.174365 0.015307 1.078211 -0.564303 -0.126244
1 0.000000 0.000000 0.000000 0.000000 0.000000 0.000000 0.000000 0.000000 0.000000 0.000000 0.000000 0.000000 0.000000 0.000000
2 -1.577566 17.867240 -0.944412 -1.719875 -1.305951 -0.627775 -1.260177 -0.432324 -0.894178 -1.569787 -2.377792 -1.152823 -2.519343 -1.485237
2 -1.944096 21.757006 -1.579140 -0.994778 -0.622504 -2.955602 -1.571914 -0.624136 -3.119189 -2.213001 -2.084140 -0.806047 -2.226846 -1.015613
2 -1.871412 4.784269 -2.257350 -0.434853 0.205289 0.169972 1.069760 0.437790 -1.337030 -0.627785 1.976222 -1.568591 -0.645899 0.099616
14 -3.880673 0.608152 1.358239 0.160592 -0.472301 -1.308483 0.385495 -0.477129 -1.326733 2.493990 0.137347 2.271487 -2.873371 2.923386
2 -0.941569 14.837992 -0.830501 -1.428671 -0.721661 -0.309693 -1.889852 -1.355343 -0.799326 -1.150548 -1.449950 -1.271510 -1.651274 -1.038096
2 1.105818 4.564558 -3.006887 -0.994670 -1.295902 2.929310 2.587789 1.500160 -2.199518 -1.299888 -1.698633 0.333489 -3.652548 1.126923
2 -0.003576 21.459790 -2.430923 -1.329095 -0.375341 -0.834705 -2.464041 0.900975 -3.028838 -2.121750 -2.914161 -2.515073 -2.664216 -1.679046
14 -2.587407 -2.866353 0.884676 -2.562911 1.016675 1.029461 1.240180 0.530354 2.573638 -0.581229 -2.042482 1.035466 -0.562365 2.892296
2 0.980900 12.065542 -1.918685 -0.172334 1.181467 -0.222518 -1.626035 -2.002289 -1.814048 -2.458913 -2.524596 -0.422281 0.458243 -1.524453
2 1.805825 4.451878 -1.870086 -0.453439 0.537210 -0.252636 0.695101 0.171663 -1.431877 -1.397974 0.359529 -1.352246 -0.734159 -0.528789
2 -0.764897 15.009840 -1.500924 -0.755039 -1.523877 -0.950780 -1.449662 -1.623989 0.259367 -0.837158 -2.134562 -1.158497 -1.523289 -1.046534
2 1.825469 5.721763 -0.840632 -0.669764 1.210930 0.122564 -1.537827 -0.026712 -1.265337 -1.954784 -1.451023 0.491330 -1.136487 -0.489489
2 -2.004474 9.153968 -0.622701 -0.883524 2.666751 -1.070967 -0.338701 -1.104482 -3.227287 -1.515186 2.939065 -1.478859 -1.418545 -1.095057
7 -0.323491 -1.439813 -1.447829 -1.344607 -0.581734 2.676265 2.879176 2.636214 -0.978608 -1.816140 -0.469889 -1.561053 -0.032405 1.803914
6 0.195390 -0.141229 -0.079369 -1.539129 -0.037460 2.446380 -1.382896 0.987116 0.126793 -0.744447 -0.830583 -0.144587 2.104495 -0.960474
6 0.309220 -3.025510 -0.265257 -0.094676 1.644079 2.569873 2.254516 0.593044 -1.033878 -1.774979 -1.946956 0.554815 0.624562 -0.408852
5 0.216056 -0.057500 -0.280905 1.120684 1.821198 0.110492 0.566427 -2.454923 -1.143409 -1.269171 -0.522501 0.431460 -0.263714 1.725806
5 -1.283050 -2.055356 -1.670690 1.783037 12.106008 -0.518658 -0.459644 -0.951370 -1.562335 -1.498161 0.116985 -1.498502 -1.919862 -0.588403
5 -0.250495 -0.609790 0.567143 -0.133569 2.935329 -1.084415 -0.471209 -0.276353 -0.676676 -0.223980 -0.398934 -0.413207 -0.185089 1.221245
5 0.052436 -2.244527 -1.976644 -1.310284 14.446560 -0.551419 -2.065423 -0.866668 -0.976100 1.539958 -1.623323 1.443431 -4.178715 -1.689283
6 -0.476143 0.652763 0.865372 1.258410 -0.853189 1.629445 -1.801549 0.966506 -1.976385 -0.849880 -0.472180 1.541230 -1.529710 1.045309
14 -0.604892 0.020483 -0.310494 1.045699 2.229634 -0.409017 0.120205 -0.462091 -1.962040 -0.128784 -0.424041 -0.341440 -1.094826 2.321604
5 0.204144 -2.882853 -2.019100 -0.458378 5.412592 0.785546 -1.088132 -0.217727 -1.971843 1.143551 1.064713 0.321919 -1.274562 0.980131
8 0.079208 -1.146385 -1.385414 -0.202288 0.211338 -0.522339 0.186718 2.090524 0.938882 -1.017520 -0.488979 0.076133 -0.849060 2.029184
3 -0.023026 -0.775028 2.732403 -0.312564 -0.310789 -0.403514 -0.482540 -0.312116 0.024590 1.523454 -0.616931 -0.156845 -0.095253 -0.791841
5 -1.743863 1.984495 -0.756230 -1.089220 3.768193 1.336358 -0.424180 -0.717436 0.580045 -1.272523 0.989749 -2.067852 2.068895 -2.656431
5 -4.049032 -3.825133 -3.803132 -1.070214 43.623215 -5.125255 -4.210345 -4.740747 -3.135624 -4.000721 -0.666930 -2.272706 -2.078457 -4.644920
5 -2.219820 -2.554164 -0.861773 1.976227 13.128291 -1.403912 -0.511709 -1.734595 -1.061296 -1.329506 -3.065399 -2.497391 1.659147 0.475899
5 -1.918561 -2.276631 -2.469820 -2.219926 30.751005 -1.506271 -1.595610 -3.299838 -2.349846 -3.505883 -1.921067 -1.466652 -2.779249 -3.441651
5 -1.196316 -2.411313 -1.820342 -1.113183 14.807519 -2.183356 -1.148723 -0.915127 -0.407366 0.379318 -1.847143 -1.019269 0.617508 -1.742208
5 -1.107895 -3.444841 -2.958542 -1.803515 31.951615 -3.137316 -2.830456 -3.413955 1.226859 -2.468589 -2.282925 -4.559700 -1.798234 -3.372505
5 -2.301037 -1.204127 -0.780492 -0.578701 16.141544 -0.005931 -1.791635 -3.158029 -3.013932 -0.911386 1.091460 -1.858773 -3.720733 2.091774
5 0.474923 -1.402274 -1.376606 -1.710181 13.302956 -1.620936 0.007849 -1.799144 -1.986648 -1.097351 -1.806218 -1.191957 1.700319 -1.494732
5 -1.660924 -0.433324 -0.486781 0.678590 3.841024 1.490770 -0.324887 -0.540007 -1.824944 -0.197453 0.853324 -0.064975 -1.127874 -0.202539
11 -0.520505 -0.614681 -0.242013 -0.061048 -0.488403 -0.359296 -0.559092 -0.434915 -0.343119 -0.379500 5.616289 -0.412589 -0.673795 -0.527331
11 -0.846099 -3.924860 -2.252827 -3.294170 -2.603434 -1.591397 -5.864396 -2.116032 -4.401693 -2.858933 38.615927 -2.668364 -3.782906 -2.410816
7 0.180352 -0.776940 -1.059596 -2.035598 -0.240822 -0.559648 4.777231 -1.348294 -0.658089 0.519897 0.826101 -0.290039 -0.705691 1.371137
11 -1.257481 -1.315369 -1.087965 -0.134694 -1.604308 0.063445 -2.153910 -0.548293 -0.854410 -1.185586 13.425919 -1.348786 -0.575274 -1.423288
11 -0.551125 -1.566926 -1.627458 -1.109244 -0.984671 -0.060171 1.007269 -0.088609 0.035428 -0.702733 6.286143 -0.798320 0.104289 0.056128
11 -0.037618 0.486990 -0.816210 1.048635 0.180605 0.036811 0.372738 0.062324 -1.930697 -0.930596 3.515920 -0.760923 -1.919257 0.691276
11 -0.128138 0.699097 -0.472614 0.078695 -0.637404 -0.446817 0.668284 -1.477824 -0.948895 -0.458999 6.950184 -1.819383 -1.371195 -0.634990
1 4.973040 -1.216399 0.276607 -1.535480 -1.967380 0.143756 0.764745 -1.258306 -0.893588 0.564955 0.584607 0.430765 -0.086175 -0.781145
11 1.458404 -0.885850 -1.216706 -1.482793 -1.310881 -0.360057 -0.234086 0.969011 -0.599682 -1.429034 4.722200 0.447333 0.656381 -0.734240
11 1.528824 -0.008175 1.657914 -0.264195 -0.608913 0.215942 -0.075150 -1.088245 -1.638766 -0.572957 1.964757 1.078447 -2.517887 0.328403
11 -3.094621 -4.915187 -4.348788 -3.225165 -4.220672 -3.941589 -5.665688 -2.022980 -2.935949 -4.878063 48.597673 -2.868627 -3.199076 -3.281267
11 -2.835183 -1.360596 -2.924611 -1.981804 -1.201795 -1.294998 -3.092518 -1.160806 -1.691646 -2.160999 24.894859 -0.928764 -2.201508 -2.059630
11 -1.365534 -3.200234 -1.757959 -1.714098 -1.342436 -1.543499 -2.885757 -1.307990 -0.623679 -1.119104 20.029693 -0.823941 -0.914809 -1.430651
5 -0.763922 -1.779538 -1.442787 -1.050736 3.639945 -2.241896 -0.529093 0.352374 -1.763439 0.918819 3.200232 2.266155 0.036675 -0.842789
11 -1.215548 -1.559342 -0.917430 -1.881192 0.212956 -0.908637 -0.476434 -0.633827 -1.013203 -0.500091 10.799544 -0.629089 -0.363651 -0.914056
11 -2.739368 -1.275108 -1.230606 -2.442429 -2.484824 -2.270106 -4.663434 -2.401231 -2.647580 -1.732251 28.954495 -0.432203 -1.414298 -3.221056
11 -3.957588 -3.219485 -1.690282 -1.392469 -3.038451 -2.896976 -2.592833 -3.147353 -2.575060 -2.848661 34.249633 -3.320741 -1.531336 -2.038396
11 -2.917328 -2.807696 -3.161971 -1.596275 -2.613948 -3.094253 -2.012050 -1.061941 -2.066942 -3.685518 30.231229 -3.043108 -0.271114 -1.899084
11 -1.321782 -0.785713 -0.637316 -1.397486 -1.913695 -1.265265 -1.192612 -0.268543 -0.769938 -1.631932 10.176670 -0.297233 0.521043 0.783802
7 0.049049 -0.557734 0.261273 0.265314 -0.224186 0.206072 1.229636 -0.490068 0.956966 -0.387351 -0.492011 0.093849 -0.414995 -0.495812
11 -2.478890 1.586344 -1.294937 -2.657225 0.428722 -1.499149 -0.458563 -0.357791 -2.347324 -1.376507 12.776998 0.780036 -0.895482 -2.206232
1 1.346796 1.314038 -0.116934 -0.555976 -0.529944 0.380808 -1.165953 -0.594037 1.182718 0.227056 -0.064313 0.307575 -1.542607 -0.189228
4 -0.199835 -1.274627 -1.410243 4.410053 -0.723559 -0.308929 -0.245952 -1.762940 0.795379 -1.268754 0.440871 1.173362 -2.159236 2.534410
9 0.980467 1.775695 -2.545189 0.743758 -0.318035 -2.374103 1.121640 -0.447115 3.521065 0.416921 -0.875397 -0.802043 -0.211315 -0.986348
9 -0.478079 -0.508012 -2.154563 0.985683 1.850173 -0.712105 0.135907 -1.029790 1.913945 -0.726307 1.424490 0.172056 -1.761983 0.888584
12 -1.103347 -0.576446 -0.096145 0.508498 -0.762848 -0.891294 0.865709 0.322011 -1.792577 0.366187 0.982579 1.488657 -0.429913 1.118929
7 -8.635537 -6.708158 -7.050438 20.241123 -1.183647 -7.615736 65.461960 -7.811464 -8.492696 -7.277407 -7.818655 -7.444278 -8.223441 -7.441619
14 -0.313226 -0.106148 -0.968499 0.066889 -0.882713 -0.549406 -1.133681 0.158714 -0.585518 -0.167399 1.117584 0.501884 0.636017 2.225503
4 -0.627207 0.220505 1.021297 6.227004 -2.488872 -0.072961 -0.078312 -2.451174 -0.070216 -1.967612 -0.134686 -0.923832 1.514342 -0.168277
5 -1.475371 -2.756066 -1.851098 1.789932 15.325940 -0.274388 -1.819943 -1.025535 0.418732 -1.081007 -2.313626 -0.247228 -2.483882 -2.206461
14 -1.181010 -1.201883 1.053799 1.646130 -0.065805 0.034462 -0.604761 0.957257 -1.398086 -0.565569 1.278169 -0.955095 -0.909559 1.911950
4 -1.152681 -0.350715 -0.809603 8.572168 0.903256 1.214006 1.404926 -0.069983 -3.089471 -1.412013 -0.951019 -2.073232 -1.245335 -0.940304
14 0.276671 -0.793553 -1.682254 -0.989243 -1.221743 1.007012 0.842844 0.852731 0.998077 0.074643 -0.633276 0.213557 -0.424685 1.479218
4 -0.864733 -0.463737 -3.202509 9.524094 0.888888 0.893203 0.025542 -1.471254 -1.678934 -2.810512 -0.497138 -1.141706 -0.671636 1.470432
4 -1.383212 0.263327 -2.301107 6.933709 -0.284509 1.644567 -0.618280 -1.100808 -2.490616 0.762916 1.307367 -0.554690 -1.396213 -0.782453
2 -0.741834 2.889552 0.704255 -0.460434 0.024994 1.620449 -2.765334 0.580533 -4.011214 1.089492 2.589617 0.548084 -2.406622 0.338462
4 -0.745260 -0.590598 -0.512136 3.054108 0.279074 -0.352567 -0.414953 -0.971846 -0.177218 0.479715 -0.162665 0.508384 -0.373723 -0.020314
9 -1.130518 -0.642403 1.263088 -1.222244 0.325402 -1.649411 1.626527 -1.919714 7.200740 -0.829307 0.322039 -1.815385 -1.797534 0.268720
4 -1.491434 0.505961 -2.092142 6.103224 0.977281 0.135969 -2.938429 -1.764731 1.505090 -1.048448 -0.599941 -0.374445 1.203545 -0.121500
4 0.006901 0.279535 -0.528901 2.642266 -0.950271 0.695075 -0.076156 -0.060865 -0.237802 -1.315689 0.215902 -1.037823 1.208243 -0.840414
1 2.558852 0.046132 -1.533873 0.508053 -0.200215 -0.147135 0.264808 0.839656 -1.770903 0.983224 -0.889405 0.237378 -0.850819 -0.045752
7 0.630640 -1.915520 -1.611597 -0.950861 0.927694 0.672483 1.072082 0.274655 -0.605341 0.617176 0.895559 -0.113655 0.088073 0.018610
9 0.948475 -1.425959 0.184937 0.487546 -0.337163 -0.964013 0.151326 -0.102833 1.832257 -1.011934 0.694040 -1.293981 1.054341 -0.217041
12 -1.350257 -0.419378 -0.255455 -0.771850 0.309270 0.458238 0.548341 -0.623439 1.977643 -1.590922 -0.597201 2.452217 -1.651745 1.514537
3 -1.433808 -1.111188 7.039556 -0.848510 -1.272223 -1.151861 0.463255 1.288312 -0.045241 -2.117249 -1.065028 1.555925 -1.164592 -0.137348
3 -0.224749 -0.722678 4.183815 1.487863 -0.687358 -2.257772 0.214181 -1.904909 -0.185873 1.138830 0.169231 1.002173 -1.876883 -0.335869
12 0.739610 -2.354511 -0.445435 -1.775606 0.193248 1.665816 1.664242 0.852773 -0.826853 -1.031740 1.084918 2.643271 -2.987369 0.577634
3 -3.498426 -1.308941 9.491746 -1.826489 -1.239072 -0.471121 1.975783 -1.474221 1.227544 0.685425 1.140764 -2.951079 -1.425831 -0.326083
3 -0.013650 -0.131677 8.023536 -0.401367 -0.620161 -0.603681 -0.847698 -0.545535 -0.026062 -1.162319 -0.573948 -1.058793 -1.338709 -0.699936
2 0.946911 1.300181 0.159051 -0.234116 -0.909170 0.441564 -0.172278 -0.805265 -0.766802 0.840692 0.837924 -0.169803 -1.249565 -0.219323
10 0.141263 -1.546695 0.636388 0.817597 -1.735673 -3.560730 -1.815207 4.447938 1.626473 4.730356 0.645932 -0.834204 -3.305069 -0.248369
12 -0.074634 -2.903735 1.515802 -0.894035 1.026695 1.600040 -1.830573 -0.596483 1.378637 -0.282564 -1.225660 2.688404 -1.181914 0.780021
3 -0.731595 -1.228583 15.026441 -0.228991 -1.635269 -0.430002 -2.988939 -1.460525 -3.327744 0.500566 1.053365 -0.707222 -2.925229 -0.916271
3 -0.527319 0.403132 5.259193 0.035200 -0.888570 0.198825 -1.307389 -0.020671 -1.737931 0.342088 0.039907 0.364776 -1.295860 -0.865381
3 -1.079056 -2.202642 18.543851 0.038370 -0.610028 -1.185855 -0.781317 -2.480821 -2.750173 -1.043551 -0.091007 -1.671870 -4.142611 -0.543291
14 -1.710674 0.317258 -1.732619 -0.361637 0.270974 0.538365 -0.593883 1.638036 -1.161317 -0.900778 1.213567 1.439484 -0.595071 1.638294
3 0.444637 -1.063412 8.115123 -0.555585 -0.625291 -1.561262 -0.656336 -0.920512 -0.848671 -1.717362 -0.540078 0.846842 0.156423 -1.074517
3 -1.782738 -0.512420 7.979293 -1.157995 -1.047450 0.029383 -0.771346 0.156592 2.532837 -1.005689 -0.377116 -1.539876 -1.162222 -1.341253
6 0.886833 -1.006856 -3.894756 1.172790 -0.864402 12.133949 -1.007855 -2.001398 -2.717243 -2.126838 -0.542549 1.351235 1.012824 -2.395734
6 0.188728 -0.590427 -0.877133 0.518579 -0.752962 4.758818 -1.310931 0.010667 -0.906552 0.079567 -0.846275 -1.280809 1.410350 -0.401619
6 0.318842 -2.803594 -0.081551 -1.528761 1.371873 3.734712 0.508670 -0.824336 -0.543132 -0.006496 0.068981 0.007521 -0.386463 0.163736
6 -7.046569 -8.373843 -7.615885 -5.972328 -7.748015 91.774856 -8.486597 -5.470550 -6.296620 -7.220147 -6.874752 -6.053331 -7.541136 -7.075081
6 -0.292497 -1.297232 -1.822579 -0.687774 -0.152646 8.433266 -0.070944 -1.040163 -1.333921 -0.002629 -0.913170 -0.098715 -0.827012 0.106017
6 -4.965763 -4.478757 -3.528825 -2.815698 -4.313497 54.765349 -4.373595 -4.365449 -3.914069 -3.548634 -3.682690 -4.192262 -5.449256 -5.136853
6 -0.291651 -1.825293 -3.663345 -1.308336 1.554713 11.919832 -2.441364 -0.385151 -2.151498 -1.811104 -0.581458 -1.898753 5.280408 -2.397000
6 -5.741977 -2.998162 -3.100954 -4.130504 -2.186576 47.402429 -4.754787 -3.019917 -4.193979 -3.263926 -1.937284 -2.534005 -5.909279 -3.631077
6 -7.046569 -8.373843 -7.615885 -5.972328 -7.748015 91.774856 -8.486597 -5.470550 -6.296620 -7.220147 -6.874752 -6.053331 -7.541136 -7.075081
6 -1.568255 -0.605155 -1.042824 -0.463024 1.231860 4.849088 1.508991 1.101871 -0.636432 0.871434 -0.795765 -2.345066 -1.453724 -0.652997
13 -1.464680 -1.624892 0.585571 -0.360062 -1.124328 1.983064 -0.389843 0.180163 0.498774 -0.469988 -0.649175 0.542638 2.379825 -0.087069
6 -1.357238 -3.004008 -3.791137 -3.756084 -1.474203 27.558464 -1.968212 -1.857256 -2.655715 1.528276 -1.682103 -2.631570 -2.920388 -1.988827
6 1.396550 -4.243483 -4.583031 -3.198312 -3.434155 34.916931 -2.293643 -1.392663 -1.668109 -3.945868 -3.571474 -1.100145 -3.581089 -3.301510
6 -4.362927 -4.414136 -3.403826 -3.083675 -4.564670 51.543067 -3.806935 -3.620335 -2.722889 -4.706359 -3.752681 -3.274136 -4.497292 -5.333204
6 -0.754089 -0.736983 0.661768 1.048364 1.044472 1.271092 0.185080 -0.755640 -1.480425 0.037620 0.606482 -0.061790 -1.440010 0.374059
6 -2.331282 -4.584307 -2.291623 -4.153388 1.519404 28.833610 -2.678183 -1.664801 -2.836786 -1.469727 0.313581 -4.290499 -2.986389 -1.379608
6 -0.473772 -0.283959 0.737271 -0.738367 0.282465 2.131342 0.755712 -0.414372 0.170199 -0.453811 0.083382 -0.635114 -0.680700 -0.480275
6 -0.908697 -1.284552 -0.756862 -1.183087 0.257821 12.395317 -3.607583 -1.310868 -2.848588 0.533602 -2.083319 -0.055611 -0.087113 0.939541
6 -7.046569 -8.373843 -7.615885 -5.972328 -7.748015 91.774856 -8.486597 -5.470550 -6.296620 -7.220147 -6.874752 -6.053331 -7.541136 -7.075081
2 -2.851599 2.897629 -0.234210 1.368350 0.351486 0.516516 -0.532663 1.738980 -1.695958 -1.212382 -0.355598 0.144833 -0.487863 0.352478
6 -0.737760 -3.596802 -1.078575 -0.896175 3.040397 7.039094 -2.065625 3.081055 -2.379661 -2.753482 -1.233539 -0.102744 -1.244497 2.928313
6 -7.046569 -8.463416 -7.308678 -6.069301 -7.748015 92.202878 -8.486597 -5.592994 -6.561109 -7.338944 -6.874752 -6.053331 -7.541136 -7.118035
6 -2.094122 -1.932955 1.325177 -0.835239 -0.875041 11.725236 -0.859243 -1.291972 -2.344077 -1.202777 0.228023 1.226996 -3.109150 0.039146
6 -0.568944 -2.649323 -0.797045 -1.439513 -1.436608 13.317811 -1.425764 -1.511041 -0.052346 -0.499038 -0.859314 -0.823026 0.490852 -1.746702
6 -0.813377 -1.062574 7.514499 -2.039933 -1.163197 10.620530 -1.805329 -2.060157 -0.186436 -0.277998 -1.046450 -1.963862 -3.597487 -2.118230
13 -0.442962 -1.091387 -2.413141 -0.292195 -0.039801 -2.432829 -0.626523 -1.174260 -1.644314 -1.159454 -2.039045 -0.970221 14.740982 -0.414849
13 1.008273 -0.639854 -0.711242 -0.706500 0.953571 -0.487468 0.052426 0.072654 -0.109115 -0.054030 -0.572545 -0.289092 2.413336 -0.930416
10 -1.606563 0.005144 0.142750 -0.756448 0.649143 -0.649963 -1.130715 0.765354 -1.936458 2.492014 0.403392 1.013642 -0.902640 1.511348
8 -0.862629 -0.789082 0.321860 -0.474376 -1.351480 1.067365 0.243130 1.331526 -0.030328 0.789644 0.203113 0.106762 -0.506794 -0.048711
13 -0.201571 -2.197791 -0.252508 2.928768 -0.555268 -1.578428 -1.332895 -1.549280 1.132761 -0.090873 0.044756 1.892047 3.264474 -1.504193
13 -1.212931 -0.563475 -0.282527 -1.128576 0.086380 -0.568731 -0.526072 -0.467511 -0.523605 -0.647320 -0.971628 -1.098565 8.949260 -1.044699
13 -1.753875 -2.190654 0.407122 -0.720345 -1.173284 -0.367283 1.262478 0.409857 1.522463 -0.042184 -1.758834 1.485818 2.387598 0.531125
6 0.329204 0.873899 -0.599931 -0.629499 -0.196241 1.377391 -2.896158 -0.930408 -0.853142 1.153311 0.699548 -0.016556 1.149199 0.539383
13 -0.172308 -1.149444 -0.793328 0.323054 -0.230365 -0.635693 -0.842686 -0.513239 1.441405 -0.163017 -1.162603 -0.096740 4.764920 -0.769957
13 -1.446771 0.394941 -1.719426 -0.472339 -0.482866 0.211372 0.124832 -0.634592 -2.200365 -0.025949 0.358062 -1.133657 8.746076 -1.719318
13 -0.780582 -1.819831 0.630821 1.014328 -1.626970 -2.051306 -1.148770 -1.897425 2.301893 -0.395099 -0.515281 -0.998669 8.556880 -1.269989
13 -0.771978 -0.653234 -1.651118 -0.574980 2.725200 0.670984 -1.111813 -0.963765 -0.051847 -1.881196 0.323505 -0.812570 5.390501 -0.637687
13 -1.366730 -2.415898 -0.573885 0.336047 0.738362 -0.415234 -1.416370 -1.843802 1.072713 0.057351 -1.465228 0.153269 7.483581 -0.344175
13 -0.118662 -1.342929 0.949205 -1.796886 0.559484 -0.350710 -0.660900 0.697206 1.027066 -1.084096 -1.126513 0.363469 3.571083 -0.686818
13 4.235902 -0.211765 -0.879785 -1.240130 -1.776718 -0.481736 -0.314707 -1.720646 -0.807489 -1.070192 -0.923073 -0.302036 6.497172 -1.004794
4 -1.768682 -1.075711 0.779646 5.063431 0.097777 -0.921835 -0.771839 -0.129335 -0.352073 -1.303036 -1.023461 0.025945 2.770568 -1.391394
13 -0.312966 -0.739219 0.121860 0.934461 -0.331753 1.079108 -2.715808 -0.926261 3.235107 -2.240817 -0.417524 -1.441199 4.945382 -1.190372
8 -2.516195 2.854621 -1.107085 -0.658474 -0.913039 -0.899243 -2.875575 5.766057 -1.518924 1.278124 -0.521546 -1.146096 1.822550 0.434823
13 -0.122872 -0.387767 -0.278781 -0.559173 0.019649 -0.281638 -0.428928 0.602761 -0.187380 0.487117 -0.552363 -0.285950 1.629825 0.345501
9 0.298864 -1.560540 -0.278391 -0.726041 0.290699 -0.114003 0.488925 -0.754448 3.098604 -0.267570 0.157628 0.861276 -0.770853 -0.724151
13 -1.073792 -0.502588 -0.332218 -0.297193 -1.914866 -0.700648 0.042462 -0.638178 -0.681103 -1.170573 -1.538659 -0.169821 8.212710 0.764469
13 0.747358 1.597211 -1.260801 -1.886685 -0.777491 -1.481648 -0.691791 -0.975650 0.420524 1.354667 0.518154 0.803085 2.950730 -1.317661
13 0.757740 -2.061148 0.762167 1.028968 -0.777088 -0.659608 0.103028 1.097113 -0.806414 -1.094357 -1.521350 -1.294519 5.268495 -0.803025
13 1.078915 -1.585662 0.463815 -0.408041 0.090555 -0.418942 -2.179544 0.423390 1.480064 -0.390373 -0.869956 -0.193635 2.562584 -0.053171
13 -1.456701 1.133836 0.321363 0.159665 -0.966986 -0.892094 -1.181541 -1.288542 1.690531 -1.874587 -1.327858 0.752355 7.061145 -2.130586
13 0.433143 -1.389318 -1.464556 -1.323748 -0.014583 -0.940862 -0.512131 0.500710 -0.637204 -1.319640 1.455760 -0.764228 5.727976 0.248682
7 -5.069195 -6.426802 -4.962334 -5.741023 -5.865384 -6.481827 69.744390 -4.458352 -4.559251 -5.351108 -4.858933 -5.275581 -5.069965 -5.624632
7 -0.249337 0.589133 -0.508079 -0.794023 -0.229300 -0.490009 4.086987 -0.251628 -0.407888 -0.613131 0.554349 0.098199 -0.362255 -1.423017
7 -6.782966 -5.801639 -5.637535 -6.852458 -5.703378 -5.324925 69.057403 -6.558951 -4.105787 -5.415235 -2.065594 -5.238399 -4.368958 -5.201576
5 1.117257 1.126651 0.277374 -1.567763 2.770801 1.395493 -0.620422 1.068118 -1.617872 -1.432255 -0.667854 -1.304736 -1.160909 0.616117
7 -0.214856 -1.601242 -1.173081 -3.605387 -0.844411 -1.705835 20.926767 1.831716 -2.921336 -2.154961 -2.478670 -2.251536 -2.664215 -1.142950
7 0.166420 -0.772867 0.463749 0.882801 0.518167 1.946807 4.314175 -1.995120 -0.133341 -0.570447 -2.242988 -0.162663 0.065998 -2.480689
7 -6.291799 -5.162747 -5.875885 -4.896906 -5.349254 -5.302991 72.330787 -5.695963 -5.825868 -5.010468 -5.704573 -6.027519 -5.354116 -5.832695
7 -2.159408 -1.440190 -0.428149 -0.388012 2.562287 -1.307325 4.184328 0.070450 -0.931550 -0.072892 -0.467939 0.091949 -0.337845 0.624296
7 -1.012183 -1.959956 -1.618673 -1.023409 -0.688010 -0.819325 12.835792 -0.697070 -1.225037 -0.740254 -1.471308 -0.490000 -0.684886 -0.405683
7 -0.739347 0.659909 -0.864615 -0.520112 -1.315048 1.436702 3.831879 -1.290006 -0.550223 -1.530700 -0.157318 -0.889702 2.524225 -0.595643
7 -5.779908 -5.115163 -5.460465 -5.834977 -4.532609 -5.926843 68.258179 -5.257744 -5.526487 -5.175827 -5.387808 -5.766839 -2.736774 -5.756733
7 -4.787512 -4.631610 -5.942539 -6.267216 -3.860724 -5.964554 65.527653 -5.925932 -5.918078 -4.923488 -4.560545 -5.677373 -5.760614 -1.307464
7 -6.210461 -6.479295 -7.097478 -8.028300 -9.246661 -5.783273 92.620492 -5.647552 -5.956394 -7.544309 -8.008485 -6.899846 -6.693536 -9.024898
7 -4.480427 -6.067447 -4.525465 -6.365978 -3.532237 -5.768838 68.714423 -5.760686 -5.173527 -6.096688 -4.677975 -5.626354 -4.967479 -5.671319
12 -0.288462 -2.013595 1.988315 -1.332661 -0.120556 1.045149 -1.434597 -0.678923 -0.140858 1.098496 -0.407287 3.263247 -1.009484 0.031214
7 -5.486691 -5.864403 -5.147798 -5.257231 -4.822698 -5.329317 69.436984 -5.937868 -3.966780 -5.901807 -6.002120 -5.072799 -6.029631 -4.617836
7 -7.958856 -7.275580 -7.330325 -7.098877 -7.965556 -7.128849 92.588778 -5.789516 -6.745384 -7.446362 -7.947948 -5.309950 -6.432260 -8.159312
7 0.262559 -2.214660 0.621242 -0.190195 -0.673007 -1.208733 6.385361 -0.930017 -0.200808 1.910731 -1.385944 -0.696010 -0.164342 -1.516178
7 -7.352689 -4.345194 -5.680778 -5.135918 -4.821557 -6.155287 71.088343 -4.700527 -6.600262 -5.388683 -5.138863 -5.475347 -5.147704 -5.145530
11 -2.153094 -3.228613 -1.673642 -1.520511 -1.561097 -1.414414 -2.938157 -0.815438 -1.420502 -2.203817 21.148789 -0.130333 -0.734398 -1.354772
7 -5.792739 -4.999891 -5.896893 -6.457437 -5.843560 -5.325674 77.839523 -5.962919 -7.225459 -5.816049 -5.606430 -5.827346 -6.767584 -6.317540
7 -4.015090 -7.116652 -5.429564 -6.356099 -4.570868 -6.718033 72.385812 -5.699894 -4.045152 -4.846898 -7.311316 -6.097282 -5.729792 -4.449169
7 -5.207703 -6.373806 -6.897953 -7.290105 -6.330509 -6.663053 79.832499 -6.479562 -6.088095 -6.333142 -5.931958 -6.662722 -4.025348 -5.548539
1 5.234252 0.633626 -2.579722 -0.664009 -0.132157 -1.740324 3.797400 -0.074293 -1.512708 -2.004556 -0.500874 -0.187370 1.288735 -1.558000
7 -5.686395 -5.127419 -4.225777 -5.307925 -5.367547 -5.694958 67.996383 -5.114456 -4.962183 -5.586430 -4.595536 -5.927839 -5.741973 -4.657939
12 -2.466068 -0.147932 1.919607 -0.585408 -0.284689 -1.039577 -1.623370 -0.743929 -1.091986 0.396905 1.085790 5.747116 -0.661358 -0.505101
13 1.315855 -1.902804 2.412520 0.649766 -2.353391 -0.438502 -1.518386 -2.238005 0.096556 -1.076968 -1.133894 1.968911 4.933880 -0.715538
12 1.383196 -0.306425 -0.706542 -0.017162 -1.633548 -0.482025 0.129637 0.718733 -1.052124 -0.394279 0.590740 3.894473 -0.814799 -1.309874
12 -0.475338 -1.486267 -0.631405 -0.739932 -0.950622 0.624071 -0.238804 0.192772 0.815565 -0.044773 -1.172813 2.117237 1.154665 0.835645
12 1.592088 1.372155 -0.825839 -0.498018 -1.190118 -1.610555 -1.322567 -0.745445 0.026525 -0.024782 -0.534716 1.983625 1.527375 0.250272
9 0.187033 -1.438420 0.595791 0.050301 0.284725 0.337421 -0.700466 -1.668921 3.069134 -0.634470 0.004767 0.184407 -1.560041 1.288739
3 -2.417256 1.068960 10.859405 -0.011279 0.130794 -0.705889 -0.845502 -2.076284 -1.942205 -2.273916 0.286271 -1.762824 -2.159206 1.848928
13 0.143390 -0.318420 -1.019761 -0.050615 -0.334878 -0.031157 -0.313324 1.724757 -0.345150 -0.073197 -0.589296 -0.192618 1.889026 -0.488758
12 -1.837982 -0.047824 0.464516 0.804691 -0.446371 -0.461477 0.706161 -0.559190 -0.078902 -1.684701 -1.067999 8.066228 -1.612801 -2.244351
7 1.552972 0.541848 -0.378098 1.233631 -0.093432 0.269601 1.682015 -0.642782 -1.955046 -0.636956 -0.100159 -1.137322 -1.441981 1.105710
10 0.310159 -0.032473 0.912171 -0.529464 -0.307884 -0.903408 -0.037877 0.454586 -0.534613 1.639174 -0.887703 0.710021 -0.579806 -0.212884
7 -0.284024 -1.372091 0.123255 -1.521764 2.327405 -0.154567 4.147472 -0.701747 -0.643213 0.077588 -1.074002 -0.853493 0.495202 -0.566023
12 -2.097123 -0.932853 -1.367942 -1.168824 -0.757358 -1.082755 -2.142066 -0.826922 -1.038407 -1.432649 -0.150728 13.321666 -0.352191 0.028150
12 -0.279164 -0.886722 0.383490 0.225768 -0.306501 0.171616 -0.063894 -0.925835 -0.474147 0.499361 0.271995 1.543964 -0.006054 -0.153876
12 -2.014004 -1.725014 -1.556431 -1.717972 2.308044 -0.804993 0.900123 1.740567 0.138038 -0.475866 -0.469731 4.228524 -1.400161 0.848877
12 0.097116 -0.228436 -0.020070 0.104015 0.097406 -0.317857 0.772138 -1.337208 -1.974724 -0.167627 -0.085962 3.414203 -0.436018 0.083025
5 -1.649683 3.562550 -5.684985 -0.776793 13.336383 -0.396020 -1.009717 2.170129 -3.557459 -2.688745 -3.887274 2.815340 -0.023027 -2.210701
3 -0.422728 -0.083811 2.262265 0.406262 0.234386 0.061418 -0.758309 -1.250973 -1.233248 0.665413 0.576808 0.605642 -2.111663 1.048537
12 -0.530222 -2.157079 0.432716 -2.219348 1.090502 0.682556 -0.923144 1.096227 -1.052869 1.908662 -0.208696 2.226350 0.016209 -0.361864
3 0.890381 1.234021 1.457598 -0.507636 -1.319218 -1.714233 -0.443669 -0.828033 -0.203338 1.034289 -0.708448 0.790561 -0.781996 1.099719
14 -0.193131 -1.883692 0.645423 -0.605052 -0.025214 -0.915142 0.336064 -0.409171 1.034404 0.261073 -2.195509 1.147712 -0.241017 3.043253
12 -3.726099 0.240810 1.384181 -1.461765 -1.574684 -1.266497 1.660545 1.448666 -1.979294 -2.236990 -0.374318 10.875202 -3.885734 0.895978
11 -1.419662 -0.530664 -0.075769 -1.106275 -0.896034 1.005345 0.620358 -0.767678 0.954872 -0.037288 3.362803 2.084812 -2.997048 -0.197773
14 -0.695489 -1.313939 -1.146180 -2.401202 -1.665462 -1.506503 -0.621200 -1.497462 -0.524087 0.377833 -1.522280 -0.283333 -2.789055 15.588358
14 0.563175 0.890771 0.334824 -0.894350 -1.262440 -0.618888 -0.678423 -1.479024 0.527607 -0.649659 -0.597261 -0.271309 0.320187 3.814792
14 -3.192362 -0.264948 -1.918926 -2.416353 -1.764927 -1.833679 -0.111204 -1.390025 -3.462769 4.312568 -0.014519 0.082993 -1.440551 13.414704
14 -1.687655 -1.186950 -1.758315 -1.477190 -0.787253 -3.926138 -0.488492 -1.894029 2.668274 -0.798780 -0.322914 -2.843506 -0.533483 15.036432
4 -1.742309 2.107263 -0.425667 3.127567 -0.292998 -2.662786 -0.993682 0.260388 0.306013 -0.633176 -1.711811 -1.015489 2.183463 1.493226
14 -2.693908 -0.210357 -0.226176 0.735655 -0.208999 -0.180642 -0.640348 -1.225983 -2.739731 -0.308180 1.716890 0.838779 -0.180908 5.323906
2 -0.377005 1.723212 -0.165333 -0.631700 1.289352 0.869934 -1.782943 -0.496925 0.088103 -1.256627 0.092413 -0.508419 0.845287 0.310650
14 -0.344921 -0.392047 -0.432622 -0.070151 0.720817 -1.175330 -0.107332 1.171614 0.907131 -2.480111 -0.945396 1.459100 -1.305585 2.994835
14 0.468371 -0.199509 -0.043241 -1.843093 -1.932717 -2.744995 -1.809215 -1.957237 -0.533431 -0.374440 -0.517348 -0.388617 0.045370 11.830102
14 -1.404367 -2.461187 -0.389324 -0.498213 -0.602159 -0.654961 -1.486085 -0.238981 -1.914046 -1.155915 -1.860050 -2.338791 -0.374090 15.378171
14 -0.752648 -0.506968 -0.607328 -1.395218 -0.256176 0.080357 0.061062 -0.200373 1.668757 -1.155154 -0.857292 0.268604 1.438171 2.214206
14 0.114545 -1.753655 0.665171 -0.215648 0.253955 -0.180251 -0.640250 -1.434039 0.136667 -0.767110 -1.548611 -0.271697 2.380574 3.260348
5 -1.003496 -0.763131 0.380298 -0.197136 2.030382 0.171309 0.271261 -1.772346 -0.650346 1.446170 -0.111472 -0.793773 -0.804326 1.796605
14 -1.046804 -2.102178 -1.130638 -1.978526 -1.837299 -0.942641 -1.041447 0.724314 0.366654 -2.447131 -1.213775 -0.391820 -1.224551 14.265842
5 -0.569579 0.280175 0.790706 1.375939 3.596922 -1.249772 0.500277 -1.657080 -1.759560 0.247558 0.632195 0.498459 -2.845731 0.159490
14 -0.858934 0.090631 -0.047906 0.052901 -0.729207 -1.045990 0.400990 -0.773318 -0.974526 0.797089 0.320724 0.174367 -1.475363 4.068539
14 -0.917339 -1.022128 -0.391506 -0.572469 -0.425234 -0.749371 1.264129 0.050898 0.547977 -1.290747 -0.159130 -0.926834 -0.697806 5.289561
14 0.621253 -1.286613 0.273763 -0.306969 -0.139998 -0.347325 -0.455295 -0.458118 0.647748 -0.535679 -0.239747 -0.182034 0.164315 2.244698
14 -1.650860 -1.252639 0.798319 -2.762490 -1.873565 -1.435799 -2.180394 -1.248563 0.438163 -1.334312 -1.906498 -0.929250 -0.068584 15.406473
14 0.114246 -0.269985 -0.583537 -2.078496 -0.718509 1.518248 -1.541394 -1.115324 -0.852165 0.896378 1.530702 -1.024102 -1.686030 5.809967
5 -0.171850 0.457007 0.397132 1.337549 1.346471 -1.519570 -0.274387 -0.095563 -1.900296 0.746378 1.196362 -0.202551 -1.660829 0.344147
14 0.089916 -1.915051 -0.800352 0.067481 1.171441 0.088432 -2.696999 0.167178 0.324253 -0.595350 -1.187238 -1.097552 2.065782 4.318058
8 -2.265402 1.985782 -0.027841 0.470656 1.297543 -0.333308 -0.462974 3.618868 -1.576280 -1.361601 -0.556015 -0.566927 -0.424350 0.201848
8 0.358416 -0.539545 -1.270873 -1.474234 -2.520009 0.258990 0.165911 13.358093 -0.449300 -3.109275 -1.743954 0.361752 -1.157162 -2.238810
5 0.934357 -2.351011 -1.408562 -2.969588 20.390762 -0.562565 -3.111029 -0.947743 -0.814380 -1.322644 -2.154610 -1.464005 -2.153614 -2.065366
8 -0.492043 -1.860746 -0.350161 -0.603079 -1.147795 -1.351057 -0.046498 11.137008 -0.465715 -1.137520 -1.566079 -0.747916 -1.082291 -0.286108
10 0.796966 -2.999208 0.944145 -1.417716 -0.851175 -0.838522 -1.140685 2.089345 2.125406 2.363177 -1.181025 0.414575 -0.277771 -0.027514
1 2.927605 -1.470229 -0.886921 -0.508937 -1.035843 -0.075491 -1.438038 -0.694072 1.706578 -0.718099 0.864172 1.046583 0.761566 -0.478874
8 -1.161936 -0.010915 0.631811 -2.760231 -0.497627 2.054347 0.377687 6.387182 -0.744776 -0.779973 -1.208422 -1.409736 0.153747 -1.031158
8 -1.968900 -0.641445 -4.339522 -2.068650 -1.614811 -0.374656 6.095290 10.470416 -2.102011 -0.594601 -2.166860 0.614425 0.142112 -1.450788
8 -0.239279 0.675933 -0.979122 -0.640198 -0.467293 -0.290203 -3.170570 9.347490 -1.443224 -2.613657 0.363017 1.961033 -2.219356 -0.284570
1 1.917660 0.994809 -0.065342 -0.378213 -1.513790 0.393154 -0.338403 0.953184 0.007796 -0.578382 -0.827084 0.947674 -1.562270 0.049207
6 -0.565181 0.950913 -0.314598 0.825497 0.093447 1.615919 -0.945034 1.357230 -2.910450 0.546980 1.213969 -0.827269 -1.324350 0.282926
8 -2.365004 0.580439 1.984184 -1.976182 1.834666 1.281153 -0.249042 8.104971 -1.543556 -1.547016 -1.740644 -1.386100 -3.529821 0.551952
2 -1.344254 2.030992 -2.823320 -0.079794 -0.222034 0.850290 -2.517383 0.015393 0.158128 -0.430462 -0.584422 1.164574 1.960532 1.821760
7 0.485514 -0.321413 -0.503260 -0.531213 -0.355727 1.465724 1.575929 -0.140527 0.143274 -0.203276 -0.083745 -0.730148 -0.291413 -0.509721
8 -0.598642 1.175860 -0.298154 -1.099346 -0.329728 0.885250 -1.000358 4.495387 1.117010 -0.912504 -1.284089 -0.450761 -1.192991 -0.506934
5 -0.906855 1.957061 -0.169807 0.842043 2.424611 -0.071436 -0.500159 0.819260 -1.239890 -1.108285 -1.823124 0.181098 0.365911 -0.770429
13 0.863842 -0.014436 -0.858329 -0.718331 -1.730425 -0.108036 0.910397 0.020376 0.084474 -0.590204 -0.408722 -0.935079 2.986236 0.498237
8 -0.109422 0.100582 -2.094619 -0.207417 -0.704776 -0.726651 -0.275299 3.478261 1.762040 -1.902615 -0.180069 -0.352474 -0.223692 1.436150
6 1.501448 1.515644 -1.967498 -0.145967 0.652424 2.267632 -0.745081 -0.483664 -0.881226 -0.512185 0.368144 -1.200678 -0.790847 0.421854
8 -1.686025 0.227496 0.821389 -2.582542 0.298093 1.942203 1.587876 4.144633 -2.512894 1.138309 -0.365604 -0.571753 -2.523883 0.082701
8 -1.751941 1.093634 -0.268014 -0.596658 0.306923 -1.110026 -0.399423 4.915623 -0.720910 -1.091531 -0.466328 0.460707 -0.143052 -0.229005
8 -1.386703 -1.072425 0.811335 1.438004 -1.898752 1.935344 -2.572357 5.330397 -0.926910 -0.429348 -1.181773 -0.133911 0.689674 -0.602574
11 -1.178123 1.802619 -1.082824 1.062488 0.707073 0.230624 1.378926 -3.128229 -0.516397 0.333344 2.330829 0.353895 -0.642615 -1.651611
3 0.796373 -1.892942 1.053741 -0.231267 -0.067247 0.487469 -0.231810 -0.051388 0.183682 0.474101 -0.608738 0.727886 -0.366802 -0.273057
9 -0.668629 -2.220933 -0.687849 -0.201697 -0.224447 -0.458159 1.419815 0.731457 2.538493 -0.940549 -0.797855 1.984733 -0.837627 0.363246
13 0.432041 -0.080389 -0.141947 -0.440108 0.116753 0.339117 0.175306 -0.609789 0.426974 -0.451390 0.178991 -0.005256 0.864785 -0.805089
10 -0.029348 -0.884094 0.780067 -0.870213 0.052385 -2.049247 -0.641211 -0.957922 1.799162 2.324463 0.623253 -0.019647 -0.135668 0.008020
9 1.005582 -2.536256 0.168186 0.238003 1.103962 0.247738 -0.311170 -0.923082 4.628043 -0.583648 -0.076881 0.209207 -1.155102 -2.014582
13 -0.401672 -1.071406 1.560633 -1.297299 -0.846733 -1.794852 -0.417688 0.517792 1.193800 0.825530 -0.950772 -0.886414 5.855797 -2.286717
13 0.268792 -0.443782 1.487841 -1.697586 0.576110 -1.016172 -0.427836 -1.197741 0.664761 0.700599 -0.649367 0.922907 2.548055 -1.736580
6 -0.155939 -0.922384 -0.072427 -0.264772 -0.485489 0.863669 -0.171085 -0.371650 0.760747 0.045012 -0.288333 0.684371 0.048823 0.329455
9 -1.888171 0.009454 1.283098 0.025714 0.415161 -0.099550 -0.791845 -1.083217 1.528155 -0.110869 -0.119414 0.561506 -1.041818 1.311796
9 1.587201 -1.712726 0.006418 -0.446310 -0.687135 0.202578 -0.538971 -0.004097 5.318062 0.397022 -0.354435 -1.354152 -0.654013 -1.759441
9 0.179043 -1.277333 0.221469 0.174418 -0.181650 -0.341013 -0.498394 -0.632736 2.960269 -0.476801 0.004251 -0.020696 0.455637 -0.566465
9 -1.586490 -1.059829 0.953785 -0.696683 -0.109313 -0.153999 0.378908 -0.464211 2.206075 0.788726 -1.833523 0.438096 -0.719586 1.858041
9 0.630188 -1.506631 0.959319 -0.797301 0.912646 0.963969 -0.691771 1.130361 1.699142 0.318186 -1.285685 -0.488139 -1.178674 -0.665609
5 1.301010 -3.687820 -0.034777 1.113877 1.358610 0.356897 -1.727824 -1.008057 1.337078 0.749884 -0.524438 0.540056 1.123898 -0.898392
14 0.537465 -0.441915 0.556199 1.131015 -0.953869 0.363508 -0.039042 -0.421935 0.518178 -0.425741 -1.103378 -0.996256 -0.592810 1.868580
7 1.192952 1.079262 -0.581634 -1.840834 1.301140 -0.973397 1.370771 -0.150619 0.407311 0.022458 -1.521232 0.686288 -0.145438 -0.847027
14 1.003679 -1.838733 0.062890 1.578485 -0.545220 -1.468597 -1.052248 -0.593934 -1.594748 1.590081 -0.171113 0.101185 0.660089 2.268183
4 0.935006 -2.806939 -1.352148 4.401276 -0.776840 -0.841773 -0.734823 -0.134017 2.387192 -1.172046 -1.030842 0.534487 1.388571 -0.797105
9 0.825368 -1.408498 1.018321 -0.946743 -0.330739 -0.110492 -1.078423 -0.658370 1.355542 0.387100 -0.793511 -0.370724 0.804112 1.307056
