11 -1.455966 -1.486961 -1.604855 -1.659213 -1.740538 -1.718590 -1.752383 -1.837556 -1.654651 -1.426914 20.984150 -1.465309 -1.581358 -1.599855
11 -0.305559 -0.619619 -0.269941 -0.291784 -0.291374 -0.156396 -0.311662 -0.231791 -0.482291 -0.221290 4.394726 -0.611977 -0.299632 -0.301411
1 0.970021 0.615768 -0.094016 -0.082861 -0.135245 0.316208 -0.148931 0.569063 0.021463 0.827702 -3.549838 0.818677 -0.062246 -0.065766
1 2.020352 0.481259 0.000000 0.000000 -1.424929 0.946857 0.000000 0.992998 0.756838 0.694864 -5.120715 0.652476 0.000000 0.000000
5 0.404476 0.136500 -1.983642 -0.830635 9.195728 -0.187295 -0.933506 -1.062416 1.368781 -0.843700 -1.379774 -2.125607 -0.867073 -0.891836
6 -0.085799 0.000000 -0.082785 0.343343 0.000000 0.898933 0.000000 -0.238375 -0.440971 0.113348 -0.217151 -0.147444 -0.148717 0.005618
9 -0.089227 -0.035637 -0.039520 0.020174 -1.280572 -0.277213 -0.022073 0.164897 1.397629 -0.111851 0.105209 0.099951 0.167662 -0.099430
8 -0.010272 0.000000 0.385916 -0.099760 -1.844421 0.159984 -0.014715 0.452292 0.104997 0.119403 0.086136 0.366728 0.389200 -0.095488
6 0.123208 0.515919 0.230542 0.243574 -2.019524 0.563170 -0.204094 -0.169152 -0.021559 0.258792 0.234971 0.253311 0.000000 -0.009157
2 0.062860 0.493667 0.016709 0.079506 0.445081 -0.152942 -0.714329 -0.648861 -0.075457 0.079675 0.372373 -0.046331 0.000000 0.088047
6 0.176456 0.212873 0.112316 0.148058 -1.786370 1.612278 -0.306141 -0.756527 -0.032339 0.222495 0.236785 0.119463 0.000000 0.040653
10 -0.066902 -0.030007 -0.244754 0.022137 0.043993 0.177190 -0.510235 -0.206691 -0.053898 0.563244 -0.035359 -0.139072 0.000000 0.480354
3 -0.268523 0.151490 0.827983 -0.151961 0.410030 0.331215 0.443176 0.296705 -0.339128 -0.602636 -0.390052 0.000000 -0.175864 -0.532435
8 0.051095 -1.905978 0.554860 -0.204324 0.470835 -0.061386 0.534482 1.488363 0.334146 -0.559245 -0.468674 -0.052666 0.391061 -0.572570
8 0.184041 -1.978829 0.309309 -0.166946 0.204457 -0.286989 0.379316 1.938471 0.348778 -0.475475 -0.348151 -0.015460 0.321866 -0.414387
2 0.430362 2.785785 -0.817154 -0.785205 -0.161752 -1.132938 0.770387 1.278937 0.321543 -0.743390 -0.658911 -0.458155 -0.098059 -0.731452
2 -1.432250 12.891838 -0.680386 -0.892413 -0.897366 -0.974512 -1.009887 -1.082635 -1.193371 -0.903393 -0.973905 -0.924698 -0.794288 -1.132733
8 0.199364 0.000000 -0.917920 -0.006556 0.047141 0.419275 -0.158785 0.724446 -0.215526 -0.100192 0.107665 -0.007358 0.131894 -0.223449
10 0.237571 0.000000 -1.215518 0.000000 0.266779 0.151454 0.164109 0.251461 0.286542 0.895724 0.266072 0.000000 -1.583989 0.279795
14 -0.399332 -0.687537 -0.624777 -1.550525 -0.301453 -0.352176 -0.670127 -0.272569 -0.322977 -1.174080 -0.220859 -0.721837 -1.244160 8.542411
7 1.035173 -0.148510 1.502148 -5.936870 -0.127876 -0.408329 1.994695 1.689663 1.195954 -0.221309 1.694170 -0.173831 -0.272188 -1.822890
7 -1.285732 -1.228422 -1.625327 7.289198 -1.255600 -0.598110 7.645098 -1.849810 -0.371388 -1.181487 -1.259693 -1.218581 -1.317070 -1.743075
7 -1.651516 -1.609994 -1.923875 -0.742707 -1.675295 -1.915824 20.802173 -1.737194 -1.166956 -1.531522 -1.619445 -1.643254 -1.671315 -1.913274
7 -4.518113 -4.257487 -5.608815 -4.585210 -4.385606 -5.724554 59.848532 -4.486395 -4.371184 -4.310061 -4.308963 -4.358511 -4.367667 -4.565967
4 1.081010 1.235424 0.000000 1.689496 -6.101090 0.902256 -0.003840 -1.216838 0.000000 0.473857 0.000000 0.227913 0.093355 1.618459
6 1.659387 0.716914 -0.462601 -0.091418 -2.996124 1.879824 -0.095911 -0.099429 -0.126708 -0.254510 0.000000 -0.656427 -0.017804 0.544807
11 -0.450080 -1.317192 0.536871 1.337874 0.134927 -1.093676 -1.191095 -1.248644 -1.213746 -1.190249 6.790410 1.571367 -1.483600 -1.183165
11 -0.195972 -0.928056 1.067472 1.244138 -0.348465 -0.954208 -0.942845 -1.008269 -0.959042 -0.924682 4.310875 1.745354 -1.217707 -0.888592
11 -1.243359 -1.393853 -1.175897 -0.782754 -2.955990 -1.554363 -1.560865 -1.609494 -1.575342 -1.611760 19.810408 -0.825891 -1.913340 -1.607501
11 -4.289377 -2.826036 -2.968180 -2.828960 -4.091732 -2.814575 -2.848702 -2.887413 -2.801381 -2.794836 40.285997 -3.260701 -2.986293 -2.887811
11 -4.289377 -2.821894 -2.988868 -3.026752 -3.540729 -2.740455 -2.773933 -2.781263 -2.722974 -2.702265 39.586997 -3.595026 -2.831692 -2.771769
11 -2.461766 -2.162763 -2.067708 -2.219564 -2.200569 -1.883178 -1.896183 -1.870966 -1.869157 -1.966496 27.701421 -3.133967 -2.041102 -1.928002
11 -4.309222 -2.816187 -3.098972 -3.480502 -2.690257 -2.801673 -2.836892 -2.811385 -2.750952 -2.788675 40.180824 -4.115169 -2.746542 -2.934396
11 -4.499060 -2.562022 -3.031494 -3.193238 -2.275073 -2.413858 -2.451434 -2.432270 -2.378085 -2.390005 36.535612 -3.963547 -2.327203 -2.618323
11 -2.757679 -2.647575 -3.218383 -3.911194 -2.607807 -2.691799 -2.799001 -2.823079 -2.700655 -2.620901 38.150889 -2.908655 -3.789618 -2.674542
11 -1.683463 -1.992262 -2.814977 -5.948249 -2.470521 -2.256463 -2.583240 -2.618341 -2.487924 -1.941836 32.858467 -2.358755 -1.667882 -2.034554
11 -2.560856 -2.206739 -2.411570 -2.415272 -2.123037 -2.184304 -2.263678 -2.308018 -2.142278 -2.395946 31.058173 -2.663840 -2.902800 -2.479834
11 -0.393510 -1.202234 -2.008164 -5.542525 -2.070103 -1.436828 -2.088582 -2.135619 -1.998621 -1.090540 23.636609 -1.513481 -0.892606 -1.263796
11 0.680833 -0.663598 -1.604757 -5.280143 -1.835088 -0.928317 -1.815432 -1.868414 -1.722050 -0.652970 18.010437 -1.010525 -0.489999 -0.819976
11 1.355655 0.051326 -1.166987 -4.599833 -1.572035 -0.622315 -1.527463 -1.558288 -1.445479 -0.288918 12.044738 -0.226771 -0.042881 -0.400748
11 0.199284 -0.436974 -0.747015 -1.505941 -1.308983 -1.215958 -1.237152 -1.288095 -1.183986 -1.167844 11.749647 0.603605 -1.534814 -0.925776
11 2.043304 0.163831 -0.463311 -3.744665 -1.045931 -0.346261 -0.982217 -1.017902 -0.922492 -0.066988 5.658184 0.727572 0.116861 -0.119987
11 2.187369 0.051698 -0.254367 -2.855815 -0.782879 -0.447362 -0.753889 -0.791483 -0.709252 -0.171426 3.693466 0.874149 0.064405 -0.104614
11 1.627374 -0.246441 -0.190775 -0.911424 -0.657112 -0.555258 -0.584192 -0.617106 -0.549116 -0.602358 3.732127 0.850678 -1.029494 -0.266902
1 1.880637 0.628234 -0.759211 0.735250 -0.651933 0.537764 -1.053074 -0.617740 -0.486256 0.953396 -2.399632 -0.219094 0.624177 0.827483
1 1.617856 0.362720 -0.063592 -2.365267 -0.405578 -0.010314 -0.282626 -0.300000 -0.285960 0.298260 -0.662599 0.858843 0.668770 0.569488
14 1.101441 0.924725 -0.632027 0.662761 -0.400400 0.728365 -0.789336 -0.332281 -0.280214 1.217783 -4.730985 -0.119713 1.263612 1.386270
1 2.211869 0.865771 0.000000 -3.971949 -0.182082 0.702510 -0.093368 -0.094805 -0.119099 1.167408 -3.858764 0.456020 1.864652 1.051837
13 1.129353 0.949822 0.000000 -1.929735 -0.140008 0.770477 -0.254206 -0.122253 -0.089685 1.054670 -5.401247 -0.011867 2.917787 1.126893
4 0.271683 0.806413 -1.264054 2.681719 -0.251031 0.925441 -0.483433 -0.292444 -0.188956 1.107607 -5.494381 -0.854180 2.412016 0.623601
4 0.351525 0.664813 -3.641998 4.945274 -0.334226 1.055479 -0.208990 -0.425477 -0.271216 0.852038 -5.156489 -0.470681 2.094910 0.545039
9 0.301231 0.219935 -0.159746 -0.143579 -0.224204 0.354929 -0.238728 0.132205 0.448596 0.229764 -0.217646 -0.483104 -0.115751 -0.103901
1 1.868623 1.603599 0.000000 0.000000 -4.904053 1.563637 0.000000 0.290414 1.210476 0.430665 -3.053711 0.997707 -0.007358 0.000000
1 1.955616 1.146503 0.000000 0.000000 -3.535716 0.472871 0.000000 0.271099 0.815495 0.336816 -2.133631 0.670947 0.000000 0.000000
5 0.775447 0.061578 -1.189254 -0.692907 6.399084 0.505367 -0.770336 -0.770399 1.071182 -0.741708 -1.666319 -1.494926 -0.735990 -0.750819
5 -1.226582 -0.564772 -2.778029 -0.952789 16.040792 -1.290640 -1.052251 -1.088359 -1.075657 -0.944299 -1.044788 -2.011715 -0.990799 -1.020112
5 -1.609653 -0.886809 -5.161191 -1.319251 22.090192 -1.706191 -1.408485 -1.402146 -1.396965 -1.283420 -1.386636 -1.769887 -1.354619 -1.404939
5 -1.423834 -1.167146 -5.156537 -1.425831 22.945825 -1.905859 -1.482804 -1.437643 -1.460099 -1.378480 -1.443497 -1.679991 -1.463629 -1.520474
14 -0.362296 0.000000 0.357443 0.076058 -0.257851 0.449286 0.000000 -1.116508 0.328089 0.276423 -0.471636 0.261808 -0.028426 0.487610
9 -0.164956 0.000000 0.208508 -0.254977 -1.138845 0.449964 0.000000 -0.249187 1.283672 0.092634 0.090051 -0.115812 -0.009572 -0.191480
11 -0.013815 -0.385136 0.062670 -0.099799 0.179414 -0.074233 -0.044146 0.176708 0.143260 -0.052636 0.476771 0.089209 0.105289 -0.563555
5 -0.067066 0.039854 -0.087315 0.164581 1.747632 -0.115642 -0.036788 -0.130072 -0.092750 -1.080254 0.048766 0.118104 -0.253416 -0.255633
3 0.095254 0.110774 0.688408 0.140855 0.004799 0.076513 -0.022073 -0.433544 -0.019152 -0.340068 0.108488 0.189797 -0.332595 -0.267456
10 0.514645 -0.234177 -0.755009 -0.065098 0.960496 -0.172394 -0.517118 -1.033049 -0.140134 1.098836 0.245046 -0.228962 0.000000 0.326918
4 -0.965810 -0.954256 -1.012561 14.767900 -1.014450 -0.838251 -2.321474 -1.605417 -0.796338 -0.974551 -1.046861 -0.986462 -1.059090 -1.192376
7 -3.673383 -3.490494 -3.893829 -5.265463 -3.583447 -4.081877 48.954820 -3.569065 -3.585147 -3.520628 -3.506829 -3.555904 -3.583454 -3.645300
8 -0.784786 -0.785086 1.959697 -0.876481 -0.782896 0.020680 1.174704 4.787610 -0.822338 -0.821434 -0.797734 -1.049680 -0.884532 -0.337725
13 -0.465523 -0.181673 -0.398775 -0.074058 -0.475795 -0.388737 -0.253365 2.208057 -0.436359 -1.180716 -0.462688 -0.164939 2.666133 -0.391563
4 -0.406675 0.695205 -0.013480 2.458470 -0.055538 -0.598174 -0.042227 -5.050690 -0.034304 1.311340 -0.034283 0.818507 0.866472 0.085377
14 -0.358641 -0.093547 0.000000 0.058797 -0.013830 -0.589713 0.000000 -0.612988 0.000000 0.564828 0.000000 0.228543 0.046860 0.769691
4 0.701531 0.469842 0.000000 1.513247 -4.695178 0.857654 0.000000 -0.408659 0.000000 0.319965 0.000000 0.001609 0.123279 1.116710
3 0.356989 -0.402495 3.427085 -1.512861 -0.192090 -0.731391 0.053875 -0.189312 -0.244198 -0.304196 -0.172291 0.201403 -0.136377 -0.154141
3 -0.510843 -0.049808 2.927702 -1.508616 -0.197115 0.544863 0.275281 -0.360984 -0.228088 -0.247626 -0.168944 0.240584 -0.403604 -0.312803
3 -0.549726 -0.103127 2.061534 -0.288606 -0.180689 0.137737 0.041005 -0.202523 -0.206015 -0.225114 -0.154865 0.571479 -0.460605 -0.440485
12 0.598489 0.014484 0.578526 0.166974 -0.164262 0.326419 0.187946 -0.686897 -0.183942 -0.202603 -0.140786 0.840589 -0.766769 -0.568167
12 0.257134 0.017623 0.674939 0.622555 -0.147836 0.245188 0.017206 -0.454882 -0.161869 -0.180091 -0.126708 0.761666 -0.829075 -0.695849
4 0.232000 -0.139503 0.341436 0.347909 -0.049279 -0.214226 -0.196314 -0.032339 -0.066219 -0.067534 -0.042236 0.259578 -0.174512 -0.198762
7 -0.063496 0.049014 0.556502 -0.086019 -0.114984 0.324353 0.774481 -0.433323 -0.117723 -0.135068 -0.098550 0.190161 -0.505113 -0.340233
7 0.177999 0.112708 0.032241 -0.068815 -0.098557 0.244039 1.139632 -0.465493 -0.095650 -0.112557 -0.084472 0.091457 -0.589791 -0.282741
7 0.724660 0.297263 -0.241600 -0.051611 -0.082131 -0.957255 0.868427 -0.107902 -0.073577 -0.090046 -0.070393 0.003050 0.006366 -0.225249
2 0.732392 1.055495 -0.462973 -0.074701 -0.118211 -1.032578 0.095367 0.266525 -0.051504 -0.121993 -0.115556 -0.126927 0.264817 -0.310152
6 -0.038269 0.343016 -0.032736 -0.017204 -0.049279 1.010264 0.223300 -0.577861 -0.036788 -0.045023 -0.042236 -0.287874 -0.325516 -0.123795
6 0.421462 0.336321 -0.706779 -0.339965 -0.374144 4.490244 -0.950094 -0.325070 -0.270790 -0.751111 -0.356346 -0.800491 0.122273 -0.495509
1 1.202649 0.981148 -1.039224 -0.086773 -0.121439 0.465720 -0.313069 0.391684 -0.052579 -0.247290 -0.124995 -0.287536 0.041325 -0.809620
1 1.287835 0.302952 -1.318072 -0.208220 -0.210026 1.083653 -0.213821 0.413384 -0.135664 -0.632951 -0.214265 -0.238410 0.793475 -0.709870
1 1.911395 0.587326 -0.966784 -0.086773 -0.105013 -0.268761 -0.307369 0.440696 -0.045221 -0.247290 -0.110916 -0.123546 0.096005 -0.773749
1 1.754344 0.538252 -0.759631 -0.117135 -0.131266 0.212223 -0.463282 0.588159 -0.067832 -0.343705 -0.136753 -0.139390 0.295782 -1.229767
1 1.040959 0.233302 -0.436566 -0.024176 -0.026253 -1.729967 -0.157310 0.629495 0.000000 -0.031153 -0.033436 -0.035239 0.662172 -0.091828
8 0.732647 0.505352 -0.287670 -0.117135 -0.131266 0.439975 -0.590354 0.935631 -0.067832 -0.343705 -0.136753 -0.118795 0.409673 -1.229767
11 0.021285 0.150721 -0.429688 -0.435363 -0.515578 -0.092203 -0.550390 -0.146382 0.709054 -0.038919 2.524587 -0.376430 -0.415383 -0.405312
9 -0.023953 0.266988 -0.294717 -0.289471 -0.369891 0.237769 -0.394559 0.160644 0.793189 0.225542 0.073052 0.135581 -0.265567 -0.254607
12 1.141841 0.395878 0.000000 0.000000 -0.512704 0.587000 0.000000 0.510715 -0.644992 0.524515 -3.840536 1.838283 0.000000 0.000000
5 -2.051378 -3.912872 4.853471 -1.810520 18.321354 -1.148989 -1.915298 -1.933529 -1.744547 -1.811879 -1.860022 -1.311790 -1.778586 -1.895415
5 -1.156985 -2.451458 0.455365 -1.320321 15.980823 -0.749748 -1.388303 -1.313279 -1.528654 -1.305103 -1.745074 -0.782753 -1.319115 -1.375395
1 2.378041 -0.639296 -4.822384 0.000000 0.000000 -0.244783 0.000000 0.918070 0.886557 0.000000 0.851330 0.000000 0.000000 0.672464
9 -0.629541 0.000000 0.073409 0.281035 0.000000 0.134048 0.000000 -0.523816 0.502636 0.430539 -0.381116 0.155727 -0.188349 0.145429
6 -0.296516 0.000000 0.284733 -0.016609 -0.605011 0.796903 0.000000 -0.831950 0.275562 0.235362 -0.312871 0.230648 0.033535 0.206214
8 0.435479 -0.482044 -0.175469 -0.462470 0.202799 -1.019364 0.552358 2.161857 0.324129 -0.575489 -0.438380 -0.236661 0.253119 -0.539864
7 0.642626 -0.610129 -0.445656 -0.514837 0.019903 -0.784177 1.278130 1.194446 0.462186 -0.468541 -0.383122 -0.236661 0.307131 -0.461299
2 0.031361 7.220073 -2.178721 -0.747268 -0.740900 -0.651013 0.860204 -0.558623 0.163187 -0.720583 -0.781352 -0.687704 -0.442136 -0.766527
2 -1.237213 14.801397 -1.273091 -1.070198 -1.104931 -1.948055 -0.932899 -1.275212 -0.987955 -1.055858 -1.172061 -1.067714 -0.568420 -1.107788
3 0.256921 -0.176715 1.503042 -0.157426 0.105631 -0.168000 0.181427 -0.430549 -0.253285 -0.161650 -0.695046 -0.169227 0.010728 0.154151
3 0.121507 -0.159044 1.396047 -0.143114 -0.102802 0.033449 -0.250035 -0.312546 -0.401330 -0.225056 0.217484 -0.154511 -0.026180 0.006131
3 0.358901 -0.009276 1.125294 -4.212543 0.000000 -0.032685 0.558877 0.567580 0.543361 -0.000032 0.322126 0.000000 0.000000 0.778397
7 -2.104493 -2.036530 -2.236585 0.042502 -2.098172 -2.049574 24.904035 -2.134318 -1.619117 -1.961863 -2.069947 -2.068990 -2.129539 -2.437409
7 -3.996706 -3.845844 -6.013773 -4.163985 -3.957028 -4.066902 53.963319 -4.019321 -4.222993 -3.917271 -3.890929 -3.988430 -3.938229 -3.941907
7 -3.673418 -3.478928 -2.607173 -3.750315 -3.601644 -3.151951 46.057037 -4.522485 -3.738165 -3.598865 -3.577877 -3.725318 -3.591279 -3.039622
8 -1.111074 -1.115892 1.850208 -1.263559 -1.117225 -0.063874 2.749255 7.360564 -1.138211 -1.133625 -1.122351 -1.561355 -1.681139 -0.651722
10 -0.229961 0.310638 0.000000 0.801707 0.000000 -0.296810 0.000000 -4.177850 0.000000 2.161616 0.000000 0.742091 0.638377 0.050191
2 0.020726 0.779180 0.000000 0.685508 -0.041489 -1.405945 0.000000 -1.820688 0.000000 0.715033 0.000000 0.352817 0.055649 0.659209
1 1.488743 1.339159 -0.027006 1.370053 -6.204766 1.220598 -0.007681 0.000000 -0.014079 0.054196 0.000000 -0.149319 0.114256 0.815845
5 -0.394598 -0.115896 0.048711 0.267739 7.836127 -0.247984 -0.259043 -0.273428 -0.309730 -0.295704 -5.671712 -0.020383 -0.175934 -0.388165
1 1.673638 -0.751069 -0.171300 -1.324273 -0.664523 -0.124467 0.000000 -0.110256 0.327918 1.191703 -0.852295 -0.579421 0.236337 1.148007
1 3.598433 0.358422 -0.114955 -1.316137 0.152761 -0.074680 0.000000 -0.066465 -0.984887 1.365055 -0.581321 -0.381965 0.098886 -2.053146
1 2.319609 -0.044695 -0.058610 -0.733141 -0.321933 -0.024893 0.000000 -0.022674 0.415152 1.138094 -0.868993 -0.811173 0.197794 -1.184537
1 3.298974 0.869580 -0.026089 -0.765491 0.384947 0.000000 0.000000 0.000000 -0.901325 0.525530 -0.317375 -0.167662 0.062050 -2.963137
1 3.304338 0.548924 -0.017393 0.115637 0.216323 0.000000 0.000000 0.000000 -0.414836 -0.207312 -0.398825 -0.447918 -0.279608 -2.419331
4 -1.298225 0.511144 -0.008696 1.411336 0.502996 0.000000 0.000000 0.000000 0.109466 0.692298 0.512017 0.395068 -0.232545 -2.594860
4 -1.476471 0.330976 0.000000 1.650599 0.706168 -0.053770 -0.065403 -0.034266 0.071601 0.730991 0.604956 0.554893 -0.209296 -2.810979
4 -1.689092 0.285939 0.000000 1.667941 0.606373 -0.053770 -0.065403 -0.034266 -0.052208 0.708390 0.750928 0.634233 -0.172077 -2.586987
1 0.911710 0.611085 0.000000 -0.520884 0.714611 0.000000 0.000000 0.000000 -1.343104 0.115438 0.517078 0.619929 -0.102497 -1.523365
11 -0.008926 0.566047 0.000000 -0.582928 0.620171 0.000000 0.000000 0.000000 -1.117900 0.128564 0.734004 0.613302 -0.069931 -0.882403
4 -4.893615 0.186557 0.000000 1.295490 0.349602 0.000000 -0.023939 -0.003600 0.255974 1.010147 1.045923 1.075039 -0.043365 -0.254212
12 -2.565044 -0.024747 -0.057369 0.916057 0.180873 -0.235086 -0.254214 -0.212996 0.206486 0.704711 0.704243 1.075871 -0.209129 -0.229659
12 0.587747 -0.265769 -0.388396 0.612044 -0.161757 -0.628209 -0.460088 -0.412694 0.509905 0.500556 0.322279 0.629646 -0.408213 -0.437051
4 -0.792952 -0.432492 -0.222882 1.172025 -0.149946 -0.325744 -0.357151 -0.312845 0.628010 0.445479 0.355534 0.633190 -0.306871 -0.333355
1 6.736885 -1.133337 -1.694438 0.793657 -0.755339 -1.136084 -0.768900 -0.711041 0.738931 -0.030238 -0.314934 -0.270784 -0.706239 -0.748141
1 6.954268 -1.010635 -1.694438 0.907816 -0.867623 -1.136084 -0.768900 -0.711041 0.703255 -0.138716 -0.422423 -0.362298 -0.705039 -0.748141
4 -2.929947 -0.247481 0.000000 1.521283 -0.314962 -0.053770 -0.065403 -0.034266 1.080904 0.497600 0.306762 0.315684 -0.035814 -0.040589
1 9.786158 -0.858969 -1.730265 0.268273 -1.201068 -1.039028 -0.871838 -0.809690 -0.060568 -0.439636 -0.778147 -0.610605 -0.802781 -0.851837
2 -1.992344 3.490197 2.846028 -0.429484 -2.397123 -1.211257 -0.401308 0.365258 0.392244 -0.489467 0.701423 -0.627192 -0.394609 0.147633
2 -2.031182 4.132315 0.688455 -0.357903 -1.997603 -1.039568 -0.334424 0.689222 0.662029 -0.407889 0.702992 -0.664998 -0.328841 0.287395
2 -1.195945 3.349734 0.526057 -0.286322 -1.198562 -0.830304 -0.267539 0.253451 0.329929 -0.326312 0.482645 -0.702804 -0.263073 0.129044
1 2.834736 -1.667176 -1.756457 -0.475044 -0.020710 0.093223 0.000000 0.211687 0.452923 -0.168656 0.107464 0.137583 0.000000 0.250424
1 2.560846 -1.609381 -1.282115 -0.180319 -0.020710 0.177916 0.000000 0.039172 -0.103064 -0.406745 0.443479 -0.140157 0.000000 0.521077
1 1.412866 -1.152066 -0.930766 -0.282509 -0.020710 0.034783 0.000000 0.183804 0.359136 -0.288135 0.076200 0.087021 0.000000 0.520376
11 -0.700859 -0.053021 -0.204077 -0.180319 -0.020710 0.047367 0.000000 0.297171 0.414582 -0.406745 0.537072 -0.140157 0.000000 0.409695
12 -0.076619 -0.032046 -0.004664 0.009204 -0.020710 -0.008579 0.000000 -0.031768 -0.183899 0.018109 -0.037705 0.409772 0.000000 -0.041095
6 -0.452765 0.000000 0.027812 0.048617 0.000000 0.840385 0.000000 -0.128183 0.072763 0.351438 -0.594558 0.130297 -0.148717 -0.147089
3 -0.428075 0.000000 0.542986 0.113962 -0.169187 0.260485 0.000000 -1.001545 0.443739 0.327781 -0.664942 0.295699 -0.090387 0.369485
6 0.090657 0.324928 0.179432 0.388662 -1.525114 0.645102 -0.313499 -0.326180 -0.038723 0.111606 0.126879 0.441982 -0.110865 0.005133
5 0.451837 0.180204 -0.128247 0.029120 0.701630 -0.301029 -0.908744 -0.710213 -0.086236 0.615399 0.168918 -0.207196 0.000000 0.194557
5 0.030645 0.361426 -0.115839 -0.093119 1.282475 0.366251 -0.005645 -1.490645 -0.118575 -0.009160 0.020146 -0.046014 0.000000 -0.181944
5 -0.315563 0.094180 0.340922 0.229401 0.910757 0.459691 -0.683643 -0.049929 -0.314880 -0.212272 -0.058210 0.000000 -0.081017 -0.319437
6 -0.256008 0.237943 0.180476 0.135162 0.399534 1.183293 -0.527324 -0.440558 -0.235072 -0.223047 -0.096444 0.000000 -0.054011 -0.303942
6 0.132056 -0.385248 -0.236613 -0.044627 -0.037516 0.539257 -0.240735 -0.138126 -0.032339 0.181151 0.191377 0.000000 0.000000 0.071363
2 -1.278908 8.097591 0.364553 -0.672829 -0.658292 -0.569942 -1.365781 -0.084903 -0.829593 -0.678154 -0.723674 -0.703204 -0.254115 -0.642750
8 0.427846 -1.091382 -0.475217 -0.228861 -0.180143 0.361468 -0.250989 1.486742 -0.102036 -0.227674 -0.223213 -0.244105 0.536115 0.211451
3 0.368103 -0.576236 1.743258 -0.137759 -0.161921 0.665251 0.237366 -0.902357 -0.206449 -0.107795 -0.125226 -0.147154 -0.416950 -0.232132
3 0.166848 -0.194387 2.188861 -0.166382 -0.125986 0.415226 -0.164791 -0.743580 -0.442620 -0.246615 -0.008035 -0.183942 -0.338244 -0.156355
3 -0.041690 -0.194387 2.982831 -0.165182 -0.161148 0.163409 -0.016909 -1.155356 -0.255989 -0.415944 -0.151153 -0.176584 -0.264575 -0.147323
10 0.137176 -0.017672 -1.580254 -0.028623 0.267552 0.328578 0.370794 0.366469 0.237001 0.587576 0.240145 -0.036788 -1.440439 0.568484
8 0.336747 0.000000 -1.727246 -0.014311 0.273155 0.066226 0.599030 0.723129 -0.046837 -0.053855 -0.703443 -0.022073 0.291501 0.277978
13 -0.168103 -0.312231 -0.602534 -0.334286 -0.020967 0.162702 0.333915 -0.450000 0.579574 0.475575 0.342091 -0.285537 0.852009 -0.572208
10 -0.336624 -0.151768 -0.196763 -0.156359 -0.288859 0.233617 0.444040 -0.605602 0.456156 1.269973 0.600006 -0.133445 0.437912 -1.572283
13 -0.133066 -0.258743 -0.315652 -0.274977 -0.244671 0.534807 0.183266 -0.376176 0.026538 0.219765 0.859207 -0.234839 1.707058 -1.692514
14 -0.858364 -0.784437 -0.823357 -0.845498 -0.732780 -0.546998 -0.868879 -0.884510 -0.997435 -0.722337 -0.946157 -0.753702 -0.620282 10.384735
14 -0.176982 -0.634049 -0.172378 -2.290257 -0.137602 -0.418091 -0.450012 0.026014 -0.071655 -1.009975 0.133146 -0.671140 -1.409808 7.282788
9 1.339635 -0.017972 1.872790 -7.727920 0.164840 -0.314991 1.624824 1.420271 1.924231 -0.023922 1.802998 -0.046538 0.000000 -2.018247
3 0.147402 -0.057541 1.033450 -2.768675 -0.028406 -0.126586 0.128774 0.566661 0.216892 -0.048515 0.456022 -0.033280 -0.080984 0.594787
13 0.125789 0.719994 -0.020929 -0.045604 0.357665 -0.017164 0.576892 -0.560334 -0.016229 -0.214060 -0.011970 0.966788 1.354422 -3.215261
12 0.836510 1.099637 -0.264333 -0.130728 0.677359 -0.248934 -0.382413 -1.136527 -0.487306 -0.299217 -0.184145 1.114474 0.442863 -1.037241
1 1.365588 0.798987 -0.207988 -0.098046 0.719578 -0.199147 -0.066702 -1.054897 -0.246545 -0.195993 -0.142358 1.079176 0.648746 -2.400400
2 -0.001974 1.463856 -0.433368 -0.228773 0.920255 -0.398294 -0.835846 -0.792702 -0.810070 -0.608889 -0.309505 0.476234 0.109402 1.449675
5 0.698025 0.388333 -0.264333 -0.130728 0.845747 -0.248934 -0.919655 -0.223969 -0.487306 -0.299217 -0.184145 0.656424 -0.154145 0.323902
1 1.219043 0.433625 -0.151643 -0.065364 0.562499 -0.149360 -0.746638 -0.128129 -0.127863 -0.092769 -0.100572 0.396834 0.441543 -1.491207
1 0.800047 0.233013 -0.207988 -0.098046 0.321112 -0.199147 -0.826823 -0.170720 -0.246545 -0.195993 -0.142358 0.534723 -0.307670 0.506396
14 -0.454573 -0.165511 -0.658749 -0.503090 -0.261233 -0.597441 -1.450330 -0.521049 -0.488424 -1.344848 -0.556782 -0.417868 -0.594744 8.014642
14 -1.177248 0.369697 -0.546059 -0.294137 -0.112325 -0.497867 -1.616948 -0.433467 -0.575505 -1.385332 -0.393079 -0.208951 -0.560609 7.431830
14 -0.598937 -0.784278 -0.676142 -1.251839 -0.553765 -0.597441 -1.384045 -0.522249 -0.490951 -0.255697 -0.823842 -0.599966 -0.240797 8.779949
14 -1.344781 -0.449973 -0.611100 -0.503090 -0.426058 -0.547654 -1.151142 -0.478102 -0.469908 -1.344848 -0.539784 -0.450419 -0.679319 8.996177
14 -1.539522 -0.047092 -0.507107 -0.294137 -0.277150 -0.448080 -0.918238 -0.391720 -0.425992 -1.564850 -0.376081 -0.369923 -0.709666 7.869559
14 -1.069295 -0.486038 -0.539627 -0.812101 -0.488061 -0.472974 -0.685335 -0.415593 -0.422864 -0.632557 -0.598240 -0.602936 -0.682545 7.908166
14 -0.127348 -0.665201 -0.491979 -1.153794 -0.522731 -0.423187 -0.456890 -0.373002 -0.244406 -0.059704 -0.689983 -0.936549 0.051318 6.093456
14 0.181544 -0.667175 -0.435633 -1.121112 -0.501456 -0.373400 -0.228445 -0.329211 -0.003645 0.043520 -0.648196 -0.796026 0.456204 4.423032
14 -0.211848 -0.459020 -0.370592 -0.714055 -0.529922 -0.323614 0.000000 -0.285420 0.177340 -0.322885 -0.472879 -0.700070 0.117511 4.095454
1 3.795611 -0.319327 -0.340336 -0.940112 -0.574824 -0.273827 0.000000 -0.241629 0.063043 0.042656 -0.963447 -1.055268 0.147006 0.660454
1 4.365216 -0.787700 -0.283991 -0.907430 -0.433362 -0.224040 0.000000 -0.197838 -0.095716 0.145880 -0.921661 -0.922639 0.112052 0.151229
1 2.849740 -1.036700 -0.227646 -0.974775 -0.690602 -0.174253 0.000000 -0.154047 0.610574 0.599538 -1.074483 -1.034250 0.207360 1.099544
11 -0.323237 -0.579411 -1.084091 -1.126576 -1.191048 -0.588451 -1.173714 -0.716768 -0.363184 -0.644135 10.860108 -0.999015 -1.036961 -1.033515
11 -0.167311 0.189245 -0.910947 -0.944802 -1.014454 -0.674841 -1.017883 -0.666255 -0.265553 -0.561833 8.916916 -1.128226 -0.879707 -0.874349
11 0.138283 0.057404 -0.737803 -0.763028 -0.837859 -0.202264 -0.862052 -0.336188 0.171629 -0.244908 5.239614 -0.185191 -0.722453 -0.715183
11 -0.118378 0.146244 -0.564658 -0.581255 -0.661265 -0.197297 -0.706221 -0.285675 0.439763 -0.162606 4.095464 -0.282898 -0.565200 -0.556017
9 0.447952 -0.222356 0.000000 0.000000 -0.912225 -0.102465 0.000000 -0.015974 1.070503 0.000000 0.000000 -0.265435 0.000000 0.000000
9 0.449114 1.214842 0.000000 0.000000 -3.878644 0.981504 0.000000 -0.022286 1.446299 0.000000 -0.033313 -0.157515 0.000000 0.000000
9 -0.421629 -0.042534 -0.110157 -0.066605 -0.020710 -0.546231 0.000000 0.096206 0.643605 -0.112648 0.390315 0.276185 0.000000 -0.085797
5 0.348171 -2.004402 -0.039986 -0.355459 2.584540 -0.702900 0.405682 0.586092 0.183118 -0.453789 -0.219552 -0.128425 0.238841 -0.441930
3 -0.729925 0.774584 0.905896 -0.018241 0.555479 0.372982 -0.177752 0.351412 -0.334261 -0.624184 -0.466521 0.000000 -0.108023 -0.501445
2 -0.731245 8.896633 -0.245928 -0.783821 -0.777829 -0.707064 -1.417918 -0.062052 -1.011482 -0.790773 -0.848790 -0.817979 -0.208729 -0.493024
8 0.345645 0.107180 -1.267666 -0.339853 -0.299681 0.413382 -0.408947 1.664498 -0.283925 -0.340294 -0.348329 -0.358880 0.904432 0.212437
6 -0.126250 -0.106029 -0.038532 -0.100180 0.072207 0.702573 0.120197 -0.224385 -0.246080 -0.204199 0.197860 -0.110365 0.016054 0.047130
8 0.298480 -0.053015 -1.286269 -0.057246 0.247989 0.217131 0.205914 0.753886 -0.295632 -0.482086 0.020959 -0.066219 0.404793 0.091315
11 -0.148003 -0.098280 -0.251037 -0.097050 0.019789 0.218402 0.659560 -0.405463 0.624051 0.853248 0.925478 -0.082748 0.215883 -2.433831
11 1.326675 -0.119011 1.667686 -7.831041 0.054055 -0.285810 1.656700 1.468497 1.490252 -0.112965 1.767876 -0.165898 -0.097331 -0.819685
7 -4.351488 -4.168447 -5.714706 -7.258322 -4.276343 -5.113094 60.336953 -4.260504 -4.060081 -4.224789 -4.190765 -4.238723 -4.212882 -4.266809
3 -0.102423 -0.018552 0.956142 -0.173999 -0.087789 0.527899 -1.950864 0.469747 -0.054144 -0.129688 -0.106418 -0.134662 -0.016714 0.821465
13 -0.316205 0.012947 -0.207023 0.548392 -0.327848 -0.224641 -0.211137 -0.507156 -0.279809 0.000516 -0.318031 0.145823 2.360594 -0.676421
4 -0.095450 0.928459 -0.026959 2.285880 -0.083418 -0.016921 -0.084455 -3.956750 -0.068608 0.588532 -0.068565 0.522855 0.789453 -0.714052
10 -0.316594 0.592790 0.000000 0.711242 0.000000 -0.172467 0.000000 -4.495940 0.000000 1.843079 0.000000 0.913646 0.940176 -0.015931
4 0.188790 0.344863 0.000000 1.182673 -3.392941 0.646658 0.000000 -0.204329 0.000000 0.298141 0.000000 -0.131173 0.015531 1.051787
11 -3.070970 -2.862849 -1.943895 -1.822379 -2.972995 -2.645370 -2.471010 -2.504319 -2.433212 -2.471483 32.694463 -2.187119 -2.762248 -2.546613
11 -1.243359 -1.397995 -0.950418 -0.595155 -2.859434 -1.569452 -1.601362 -1.631938 -1.590419 -1.639390 19.210805 -0.535796 -1.968537 -1.627550
11 -2.461766 -2.224019 -1.977010 -2.031528 -3.206019 -2.130074 -2.157360 -2.209269 -2.143561 -2.201142 29.698381 -2.195645 -2.516686 -2.244300
6 0.244694 0.108521 -0.313722 -0.238582 -0.236279 1.652618 -0.742834 0.556401 -0.158274 -0.778399 -0.240102 -0.223362 0.850471 -0.481151
6 0.235793 0.175923 -0.195639 -0.208220 -0.210026 1.771256 -0.940320 0.551966 -0.135664 -0.632951 -0.214265 -0.197220 0.709237 -0.709870
6 0.217095 0.277394 -0.137985 -0.147497 -0.157519 2.517819 -0.981786 0.436413 -0.090442 -0.440120 -0.162590 -0.144937 0.100421 -1.286265
6 -0.156509 -0.255036 -0.310946 -0.339965 -0.341292 5.232307 -1.113859 -0.468402 -0.248716 -0.720812 -0.328189 -0.310101 -0.227458 -0.411022
6 -0.633668 -0.261232 -0.296231 -0.313550 -0.315039 5.249882 -0.704096 -0.472837 -0.226106 -0.655846 -0.302352 -0.285159 -0.368579 -0.415186
6 -0.324676 -0.286203 -0.296231 -0.334145 -0.341292 5.523377 -1.402625 -0.706392 -0.271327 -0.355104 -0.312959 -0.301787 -0.312213 -0.278424
6 -0.242707 -0.470461 -0.187677 -0.198288 -0.183773 3.068949 -0.193433 -0.137268 -0.158274 -0.723940 -0.180860 -0.181792 0.128281 -0.338756
6 0.641057 -0.783153 -0.345787 -2.429288 -0.363368 2.603748 0.557738 0.291085 -0.315473 0.174249 -0.279523 -0.276845 0.545212 -0.019653
6 0.544066 -0.635937 -0.269207 -0.453731 -0.304895 1.911696 -0.091771 -0.653489 -0.263432 -0.276561 -0.253686 -0.250704 0.414404 0.583246
6 0.203535 -0.659380 -0.264257 -1.108735 -0.294752 1.066606 0.686482 -0.409899 -0.255537 0.133745 -0.227849 -0.224562 0.443603 0.910998
6 0.416627 -0.465049 -0.199615 -0.249776 -0.244334 1.354751 -0.449715 -1.032761 -0.210853 0.158846 -0.202011 -0.198420 0.006528 1.315783
7 0.675593 -0.461109 -0.218541 -1.877687 -0.250300 0.728257 0.902434 -0.224487 -0.217673 0.483521 -0.176174 -0.172278 0.193279 0.615166
6 0.400778 -0.276188 -0.130023 -0.178755 -0.183773 2.445819 -1.227677 -0.912434 -0.158274 0.442765 -0.150337 -0.146137 -0.485652 0.559889
1 0.721772 -0.275106 -0.148949 -0.987288 -0.189739 0.090019 0.602784 -0.208955 -0.165094 0.568439 -0.124500 -0.119995 0.074229 0.162383
10 1.057620 -0.627212 -0.167875 -1.878502 -0.195705 -0.915853 0.931863 0.613062 -0.171914 1.104092 -0.102805 -0.101291 0.455773 -0.001254
7 0.778706 -0.115189 -0.091295 -0.926564 -0.137232 -1.145983 0.944382 0.138745 -0.119873 0.459814 -0.072826 -0.067711 0.447954 -0.092928
1 1.361441 -0.538793 -0.117578 -1.825837 -0.143198 -2.151854 1.138157 0.867795 -0.126693 0.851668 -0.058761 -0.057321 0.694626 0.106350
7 0.921335 -0.455714 -0.122159 -1.438594 -0.125000 -2.370334 1.730722 0.915113 -0.111440 0.631107 -0.044697 -0.048131 0.464926 0.052867
7 0.726869 -0.446636 -0.114801 -1.420238 -0.098747 -2.588815 2.366088 0.995996 -0.088830 0.288764 -0.026490 -0.031503 0.430900 0.007443
7 0.326380 -0.221358 -0.143258 -0.376837 -0.096658 -2.807295 4.068521 -0.621897 -0.088292 0.068454 -0.020710 -0.037189 0.012297 -0.062158
7 0.245167 -0.362940 -0.119382 -1.022698 -0.080548 -2.226734 2.794360 0.711147 -0.073577 0.214477 -0.012426 -0.022313 0.176352 -0.220886
7 0.394373 -0.510323 -0.083567 -1.750174 -0.056384 -1.246652 1.518963 1.245149 -0.051504 0.461520 -0.004142 -0.007438 0.474446 -0.384268
11 -0.957427 -0.910818 -0.924345 -0.982998 -0.966844 -0.757413 -0.934986 -0.904884 -1.216227 -0.887072 12.330726 -1.036889 -0.921210 -0.929614
5 -0.801684 0.561488 -2.778029 -0.952789 12.618260 -0.298413 -1.052251 -1.110645 -0.014898 -0.944299 -1.078102 -2.137727 -0.990799 -1.020112
5 -1.523451 -1.424343 -4.752363 -1.402439 21.860447 -1.494373 -1.484119 -1.330696 -1.433021 -1.327548 -1.396010 -1.438673 -1.390414 -1.462998
3 -1.553985 2.448560 5.319030 -0.501064 -3.196165 -1.002212 -0.468193 -0.110794 0.146516 -0.571045 0.648059 -0.589386 -0.460377 -0.108942
1 1.583952 0.303270 -5.626121 0.000000 0.000000 -0.149516 0.000000 1.315850 1.214047 0.000000 0.987459 0.000000 0.000000 0.371059
9 -0.485990 -0.063508 -0.122238 -0.282509 -0.020710 0.182341 0.000000 0.327275 0.474224 -0.288135 -0.071302 0.087021 0.000000 0.263531
9 -0.041090 0.000000 0.484595 0.081563 -1.844421 -0.426843 -0.014715 0.129652 0.621836 0.058049 0.076340 0.547712 0.349568 -0.022246
10 0.253586 0.162562 -0.177303 0.063402 0.771372 -0.633614 -0.908744 -0.583711 -0.086236 1.053308 0.128327 -0.272837 0.000000 0.229888
2 -0.092732 7.749578 -1.948442 -0.695283 -0.851298 -0.598672 0.320744 -0.595961 -0.044919 -0.670973 -0.755795 -0.687704 -0.401300 -0.727244
6 0.912821 -1.925766 -1.211228 -0.202831 -0.158292 2.022212 0.276521 0.846439 -0.124774 -0.202208 -0.392929 -0.230120 0.074418 0.315737
6 0.675019 -2.689464 -2.063809 -0.130267 -0.090072 2.394462 0.241279 1.109674 -0.064932 -0.133623 -0.111607 -0.157273 0.509079 0.511534
6 0.527900 -3.225668 -1.330760 -0.104237 -0.068220 3.130745 0.376524 0.612182 -0.087670 -0.108157 -0.281322 -0.143288 0.319612 0.382360
6 0.606713 -3.691185 -2.163514 -0.032873 0.000000 2.745267 0.409977 1.099426 -0.027828 -0.039572 0.000000 -0.077799 0.618158 0.553230
6 0.341397 -2.993484 -0.537626 -0.020715 0.000000 1.621766 -0.039913 0.728012 -0.018552 -0.026381 0.000000 -0.049646 0.622818 0.372325
13 -0.208104 -0.312231 -0.375097 -0.334286 -0.235002 0.254333 0.106337 -0.224428 -0.258419 -0.019349 0.305627 -0.285537 2.273795 -0.687639
14 -0.806738 -0.547644 -0.615364 -0.593766 -0.491667 0.155532 -0.130588 -1.089637 -0.707392 -0.360849 -0.325652 -0.515136 0.715815 5.313089
11 1.057513 -0.103026 1.600688 -6.581697 -0.115485 -0.232100 1.632754 1.463233 1.207772 -0.115931 1.854693 -0.084126 -0.171196 -1.413093
4 -0.729445 -0.717251 0.120433 10.597687 -0.814830 -0.688334 -3.828946 -0.272441 -0.794630 -0.853580 -0.363556 -0.733825 -0.878137 -0.043146
7 -2.793546 -2.665797 -2.646989 -5.546196 -2.741590 -2.724460 38.061110 -2.681796 -2.642217 -2.680186 -2.720039 -2.697814 -2.748097 -2.772382
7 -4.865114 -4.744649 -6.067499 -7.428306 -4.872137 -4.649714 66.766673 -5.403812 -4.703585 -4.736709 -4.766898 -4.922925 -4.846957 -4.758368
7 -0.362255 -0.341022 -0.193249 -0.413352 -0.336501 -0.311659 4.394726 -0.229940 -0.488154 -0.353937 -0.348917 -0.331628 -0.357233 -0.326879
8 -1.618480 -1.470512 -1.626962 -1.760642 -1.586839 -1.651846 -1.719475 20.826950 -1.532204 -2.176209 -1.519433 -1.327434 -1.331360 -1.505553
4 1.258782 1.631703 -0.027006 2.193560 -6.204766 0.923788 -0.007681 -3.142149 -0.014079 1.660859 0.000000 0.496189 0.364761 0.866036
4 1.575376 1.122122 -0.027006 1.686892 -6.204766 1.096255 -0.007681 0.000000 -0.014079 0.250690 0.000000 -0.263956 -0.095816 0.881968
5 -0.257977 -0.307829 0.829395 1.902430 2.071975 -0.355888 -0.387874 -0.462588 -0.415191 -0.376592 -3.179975 1.987689 -0.554900 -0.492675
1 11.462247 -0.887250 -0.473821 -0.122158 -0.713623 -2.485832 -0.996934 -0.949074 -0.686843 -0.800560 -0.632502 -0.760193 -0.967661 -0.985795
1 4.959639 -0.394528 -0.388396 -0.309281 -0.392485 -0.628209 -0.460088 -0.412694 -0.074174 -0.469162 -0.455033 -0.138726 -0.399813 -0.437051
1 12.670289 -1.025866 -0.748080 -0.468154 -1.423458 -1.079696 -0.984964 -0.947874 -0.912637 -1.266679 -1.067472 -0.833706 -0.932292 -0.979410
1 12.694978 -0.856297 -1.366572 -0.793619 -1.000897 -0.941973 -0.938866 -0.903539 -0.879911 -1.025221 -1.267174 -0.885210 -0.899323 -0.936377
1 12.235406 -0.966420 -0.748080 -0.697697 -1.370362 -1.025926 -0.931530 -0.914809 -0.897353 -1.041673 -0.906949 -0.888124 -0.901278 -0.945206
1 11.269199 -0.442391 -0.490939 -0.529188 -0.336115 -2.938045 -0.845657 -0.904274 -0.797376 -0.937690 -0.434337 -0.886279 -0.867075 -0.859833
1 10.199159 -0.329184 -0.388056 -0.368802 -0.291931 -2.945947 -0.743920 -0.872771 -0.679992 -0.836268 -0.385430 -0.809247 -0.783417 -0.764196
1 8.807624 -0.652648 -0.804718 -0.098330 -1.200279 -0.596117 -0.622718 -0.615262 -0.712185 -0.599638 -0.723188 -0.931088 -0.617337 -0.634117
1 7.431407 -0.279469 -0.148056 -0.023524 -0.157472 -2.355704 -0.536845 -0.553476 -0.801267 -0.568298 -0.211230 -0.664189 -0.583133 -0.548744
1 4.388563 0.122906 0.276277 0.634965 0.054361 1.030475 -0.441108 -1.351202 -0.510209 -1.358511 0.232365 -0.461966 -2.123517 -0.493400
1 3.036681 -0.059277 0.722639 0.232798 0.102666 -1.750774 -0.330971 -0.353778 -0.377457 -0.384680 0.070259 -0.183907 -0.382849 -0.341351
6 1.192398 0.326739 1.146972 0.790089 0.293306 1.235885 -0.235233 -1.152704 -0.528174 -1.190588 0.513854 -0.183306 -1.923233 -0.286007
3 0.177170 0.352203 1.207521 0.708550 0.689143 0.659921 -0.131096 -1.007585 -0.227866 -1.242619 0.505580 -0.107247 -1.409422 -0.174252
6 -0.734739 0.371944 0.769660 0.513925 0.743911 1.629604 -0.044928 -0.718347 -0.115750 -0.622366 0.977710 -0.097016 -2.564433 -0.109176
6 -0.363313 0.555361 0.480134 0.456435 1.000476 1.021662 -0.024264 -0.935638 -0.068912 -0.958187 0.674064 -0.064677 -1.706464 -0.066676
6 -0.725222 0.720978 0.175891 0.739313 1.111283 1.263256 -0.008400 -0.965510 -0.051504 -0.757717 0.733147 -0.075457 -2.103648 -0.056411
2 0.223360 0.651705 0.011279 0.135497 0.644351 -1.291840 -0.002400 -0.256216 -0.014715 -0.287572 0.257197 -0.021559 -0.032969 -0.016118
6 0.055880 0.030613 -0.263685 -0.228245 0.119717 4.142011 -0.136976 -0.089236 -0.153828 -0.080486 -0.028345 -0.133908 -3.000466 -0.233047
6 -0.796201 0.157369 -0.060459 0.265773 0.222965 3.671544 -0.010800 -0.659317 -0.066219 -0.489571 0.416470 -0.097016 -2.482010 -0.072529
6 -0.359550 0.326812 -0.105973 0.311711 0.216144 2.958482 -0.009600 -0.952375 -0.058861 -0.597559 0.489817 -0.086236 -2.068342 -0.064470
6 -0.565228 -0.615941 -0.695730 -0.637725 -0.539431 4.623836 -1.221633 -0.024392 -1.300930 -0.520502 -1.102203 -1.186640 4.463977 -0.677456
6 -0.109906 -0.137313 -0.197000 -0.091738 -0.089710 4.966513 -0.010800 0.288000 -0.066219 0.170228 -0.086065 -0.097016 -4.466446 -0.072529
6 -0.096307 -0.493481 -0.584933 -0.476902 -0.156940 3.627480 -0.497713 0.282793 -0.547211 0.183824 -0.462062 -0.441353 0.069250 -0.406447
6 0.067730 -0.176180 -0.158340 -0.224180 -0.217206 3.166030 -0.008400 0.853514 -0.051504 0.648832 -0.115170 -0.075457 -3.653257 -0.056411
13 -0.450145 -0.823678 -0.783424 -1.057041 -1.000606 1.619608 -1.683159 0.273527 -1.722493 0.235084 -1.461280 -1.612626 9.286519 -0.820286
5 -1.244712 -0.769292 -5.161191 -1.319251 20.721855 -0.762430 -1.408485 -1.494651 -1.211421 -1.283420 -1.453262 -1.846823 -1.361976 -1.404939
3 -1.411655 1.811371 7.267153 -0.572645 -3.595685 -0.793168 -0.535078 -0.187326 -0.091185 -0.652623 0.208738 -0.556234 -0.526145 -0.365518
2 0.811632 2.504315 -3.930993 -0.214742 -0.399521 -0.763199 -0.200654 1.439679 0.704587 -0.244734 0.971462 -0.740609 -0.197304 0.260081
2 0.249427 2.462981 -4.585841 -0.143161 0.000000 -0.546577 -0.133769 1.571916 1.071128 -0.163156 0.947350 -0.778415 -0.131536 0.179654
1 1.754806 1.333089 -6.049216 -0.071581 0.000000 -0.408392 -0.066885 1.560680 1.115257 -0.081578 1.128764 -0.416700 -0.065768 0.267523
2 0.311556 2.163578 -6.434553 0.000000 0.000000 -0.165624 0.000000 1.327984 1.393505 0.000000 1.120229 -0.054986 0.000000 0.338312
1 2.409093 0.602182 -6.569356 0.000000 0.000000 -0.278983 0.000000 1.061554 1.075377 0.000000 1.132468 -0.027493 0.000000 0.595157
9 -0.051362 0.000000 0.206410 -0.061689 -1.138845 -0.411419 0.000000 -0.249187 1.470063 0.082996 0.090051 0.021706 0.042587 -0.001311
9 0.000000 0.000000 0.125855 -0.230512 -1.138845 0.243108 0.000000 -0.040454 0.414357 0.204046 0.112022 0.147020 0.279998 -0.116596
8 -0.085799 -0.044086 0.085922 0.065893 0.200677 -0.952349 -0.044146 1.403463 -0.068118 -0.253255 0.110740 0.056108 -0.144106 -0.330942
7 -0.188449 -0.181330 0.477705 -0.189070 0.621205 0.189323 1.005602 0.389493 -0.120242 -0.712629 -0.479402 0.000000 -0.216699 -0.595506
2 -0.917562 5.300948 0.687784 -0.561837 -0.538755 -0.299865 -1.511735 0.494912 -0.647704 -0.565534 -0.598559 -0.588429 0.138280 -0.391944
14 0.477963 -0.473585 0.217665 -4.018842 -0.306605 -0.711330 0.594655 0.405292 0.562498 -0.551572 0.942607 -0.514394 -1.426517 4.802166
7 -2.445376 -2.409733 -2.944716 -2.344101 -2.428638 -2.390761 33.216293 -3.598164 -2.361402 -2.376570 -2.379968 -2.517531 -2.489051 -2.530281
5 -0.572370 -0.055376 0.201961 0.514411 7.085835 -0.319836 -0.378859 -0.443382 -0.438388 -0.412152 -4.773273 0.625369 -0.480814 -0.553124
4 -0.753303 -0.638706 0.258104 8.337518 -0.954962 -0.973609 0.075113 -0.578986 -0.475515 -0.893889 0.132128 -0.896866 -2.843846 0.206819
4 -0.156721 -0.135031 0.276023 0.946791 -0.153518 -0.229286 0.319768 -0.024559 0.607741 -0.121654 0.213706 -0.121491 -1.648619 0.226849
4 -2.259856 -2.091191 -1.964772 31.290803 -2.260505 -2.275770 -2.886831 -2.261479 -2.116570 -3.175281 -2.027136 -2.313149 -3.613132 -2.045130
4 -2.870380 -2.724003 -2.689450 38.772239 -2.782722 -2.840929 -3.623013 -2.995187 -2.797007 -3.401923 -2.732984 -2.890072 -3.683771 -2.740798
4 -3.494640 -3.395995 -3.265784 45.078479 -3.428762 -3.385036 -3.269415 -3.392464 -3.806897 -3.390868 -3.263312 -3.672907 -4.094213 -3.218184
4 -3.421635 -3.329098 -3.267596 44.569504 -3.384888 -3.292789 -3.332394 -3.392464 -3.868517 -3.368875 -3.263603 -3.612162 -3.823698 -3.211785
4 -2.103135 -1.956160 -2.107574 30.053946 -2.106987 -2.046484 -3.085191 -2.236920 -2.515214 -3.053627 -2.104677 -2.191658 -2.383050 -2.163267
4 -3.552271 -3.555221 -3.260982 44.366173 -3.402132 -3.315845 -3.486199 -3.289085 -3.547504 -3.399215 -3.387519 -3.315453 -3.666235 -3.188512
4 -2.462558 -2.377100 -2.618603 34.229764 -2.326170 -2.333154 -3.833418 -2.770328 -2.301926 -2.960923 -2.834332 -2.506299 -2.278390 -2.626563
4 -2.527430 -2.481942 -2.795333 34.366557 -2.329112 -2.345080 -3.402688 -2.976284 -2.282932 -2.676505 -3.078365 -2.534791 -2.169088 -2.767006
4 -2.895727 -2.930265 -3.128149 36.787045 -2.642613 -2.601744 -2.996450 -2.852010 -2.556235 -2.633551 -3.280763 -2.684915 -2.568754 -3.015868
4 -2.306796 -2.354677 -2.528264 29.979619 -2.047139 -2.124760 -2.916483 -2.506997 -1.934286 -2.070390 -2.551515 -2.231234 -1.956697 -2.450381
4 -1.917587 -1.907798 -2.411481 26.446239 -2.709970 -2.407311 -1.591745 -1.706378 -2.213120 -1.532598 -1.685385 -1.932200 -2.319658 -2.111007
4 -2.143376 -2.299388 -1.892930 24.809216 -1.954543 -1.941642 -1.658949 -1.882063 -1.932144 -1.511182 -1.972706 -1.812241 -2.042875 -1.765177
4 -1.579592 -1.482884 -1.564393 18.839772 -1.702742 -1.809184 -0.707917 -1.227904 -1.664982 -0.620073 -1.237201 -1.993068 -1.830484 -1.419347
4 -1.274331 -1.166169 -1.216771 14.445046 -1.441634 -1.526604 -0.030726 -0.861050 -1.384005 -0.306991 -0.872744 -1.704606 -1.585897 -1.073518
4 -0.561597 -0.426615 -0.704955 7.676561 -2.059301 -1.285691 0.762941 -0.056736 -1.103029 0.609633 -0.049297 -0.732917 -1.341310 -0.727688
4 0.007858 0.114627 -0.023213 2.098849 -2.371806 -1.003112 1.470860 0.447844 -0.917351 1.084147 0.485697 0.216001 -1.096723 -0.513677
4 -0.018722 0.140535 -0.231987 2.075485 -1.557949 -0.775425 0.918763 0.676972 -0.731674 0.444543 0.444021 -0.216739 -0.852135 -0.315686
7 0.495493 0.710158 0.495874 -3.110494 -1.578845 -0.547738 1.363641 0.800334 -0.545996 0.849200 0.905926 0.887691 -0.607548 -0.117695
7 0.238338 0.348386 -0.211899 -0.744524 -0.735377 -0.421650 0.682542 0.521285 -0.368602 0.253655 0.606579 0.292943 -0.415764 -0.045912
11 0.827685 1.104520 0.646713 -6.322235 -0.219391 -0.321551 0.864364 1.021214 -0.212768 0.950819 1.109800 0.822942 -0.262835 -0.009276
2 0.954388 1.267257 0.649336 -7.129065 -0.437228 -0.201063 1.131101 0.888585 -0.024595 1.237121 0.809576 0.906208 -0.051623 0.000000
10 1.093329 1.055915 0.649336 -7.136853 -0.437228 -0.134245 1.096457 0.804575 -0.010780 1.302774 0.640605 1.111639 -0.035525 0.000000
12 0.832749 0.897854 0.656694 -6.745120 -0.432574 -0.076123 1.006633 0.716682 -0.010780 1.178815 0.551271 1.443328 -0.019427 0.000000
11 -1.712674 -1.721565 -1.738936 -1.782714 -1.830278 -1.710583 -1.807876 -1.826553 -1.813932 -1.862035 23.036164 -1.743591 -1.740524 -1.744903
1 2.252933 1.097654 0.000000 0.000000 -4.904053 1.422828 0.000000 0.122682 1.208491 0.268581 -1.773532 0.311773 -0.007358 0.000000
1 2.071590 -1.061142 -4.147842 -0.268058 -0.016568 -0.146194 0.000000 0.947621 1.427221 -0.060546 0.507889 0.174331 0.000000 0.571697
1 2.358395 -1.019960 -3.780811 -0.177884 -0.008284 0.058843 0.000000 1.003775 0.507636 -0.047608 0.396338 0.205544 0.000000 0.504017
1 2.921807 -1.361686 -2.999968 -0.010745 0.000000 0.237492 0.000000 0.451808 0.186196 -0.008796 0.137642 0.246179 0.000000 0.200072
8 -0.036161 -0.214611 0.074296 -0.016953 0.299140 -0.499407 -0.044146 0.989845 -0.007729 -0.130618 0.032137 0.072659 -0.082145 -0.436308
3 -0.348598 0.187193 0.778741 -0.114853 0.251833 0.589294 0.394112 0.218029 -0.558014 -0.492642 -0.300702 0.000000 -0.135029 -0.469365
9 0.730004 0.697760 -1.119067 -0.467476 -0.271892 -0.336563 0.656897 0.632691 0.916961 -0.432332 -0.431564 -0.343381 0.226540 -0.458578
14 -0.851884 -0.676081 -0.702040 -0.745413 -0.621056 -0.741963 -0.910270 -0.941647 -0.726533 -0.764528 -0.678803 -0.648026 -0.854849 9.863093
14 -0.827998 -0.686157 -0.686039 -0.748448 -0.580141 -0.523430 -0.856848 -0.849173 -0.834676 -0.892085 -0.953261 -0.670955 -1.092342 10.201553
11 0.922628 -0.291660 0.377843 -3.818670 -0.126275 -0.645294 0.703591 1.048906 0.741185 -0.332253 1.356241 -0.340146 -0.395138 0.799041
4 0.219937 -0.527670 1.086785 2.389939 -0.615017 -0.989562 -0.871473 0.529235 -0.021610 -0.642823 0.530419 -0.545609 -0.676154 0.133605
4 -0.342291 -0.889479 0.268404 9.360231 -0.987583 -0.732035 -2.979530 -0.040579 -0.094915 -1.007006 -0.271596 -0.922041 -1.080120 -0.281461
8 -1.771908 -1.770236 0.995720 -1.946416 -1.772585 -0.514766 4.239350 15.526806 -1.767182 -1.764382 -1.750998 -2.010924 -4.398560 -1.293918
8 -1.283934 -1.155468 -1.281484 -1.511610 -1.265806 -1.685029 -0.854675 15.651878 -1.219106 -1.857642 -1.215403 -0.713371 -0.430997 -1.177353
8 -1.116661 -0.826519 -1.108745 -0.370588 -1.105290 -1.701621 -0.422275 9.471720 -1.062556 -0.785843 -1.063389 0.047632 1.471637 -1.427503
5 -0.528395 0.001637 0.447811 1.205944 4.744581 -0.324583 -0.454047 -0.537160 -0.499663 -0.453471 -3.674753 1.273877 -0.603209 -0.598569
6 -0.143485 -0.373400 -0.100655 -0.170626 -0.424452 2.678368 -0.429657 -0.431048 -0.314543 0.255211 -0.165670 0.204521 -0.549664 -0.034899
6 -0.157834 -0.259515 -0.150624 -0.187688 0.169220 2.540949 -0.023893 0.257057 -0.082101 -0.051752 -2.358588 -0.000183 0.099386 0.205566
6 -0.157834 -0.348454 -0.116869 -0.187688 0.224765 2.780492 0.128459 0.636962 -0.057162 -0.195452 -3.482397 -0.053793 0.274429 0.554542
6 -0.086091 -1.331853 0.182588 -0.102375 -0.698383 2.077769 -0.513253 -0.203919 -0.409889 0.159066 0.685105 0.557555 -0.224502 -0.091818
6 -0.143485 0.959625 -0.179914 -0.170626 0.421018 2.460537 0.579434 0.916777 0.668338 -0.632647 -6.171023 -0.147052 0.622228 0.816789
6 -0.129137 1.089969 -0.190416 -0.153563 0.756003 1.469262 0.830425 1.355256 1.093761 -0.465933 -7.287886 -0.219183 0.869957 0.981485
2 -0.174830 1.272057 -0.242766 -0.137701 0.922613 1.062104 0.974837 1.216489 1.193879 -0.504908 -7.370666 -0.291313 0.928085 1.152122
2 -0.160482 1.590233 -0.489858 -0.120638 1.033627 0.747244 1.059486 1.186927 1.438005 -0.640072 -7.603113 -0.335616 0.966426 1.327831
2 -0.326259 1.702455 -0.657880 -0.347946 1.268052 0.429929 0.905849 0.895613 1.005648 -0.784530 -5.412913 -0.722551 0.782246 1.262287
2 -0.071743 1.693500 -0.352001 -0.085313 0.833621 0.942266 0.873358 0.856477 0.804526 -0.558906 -5.704661 -0.660304 0.692941 0.736237
9 -0.177478 1.355264 -0.323517 -0.124299 1.408305 0.246364 1.290126 1.166596 1.493385 -0.772683 -7.412797 -0.559426 1.142693 1.267469
7 -0.403916 0.704639 -0.801559 -0.557800 1.054672 -0.692868 1.140059 0.614546 0.895492 -1.074705 -1.624572 -0.877171 0.727916 0.895267
5 -0.328907 0.775937 -0.555327 -0.393331 1.396138 -1.020180 0.914688 0.852923 0.864619 -0.653050 -3.318323 -0.550023 0.899864 1.114973
14 -0.314559 0.669325 -0.486398 -0.376269 1.146651 -1.509614 0.790660 0.893946 0.767093 -0.413444 -2.966037 -0.403583 1.008058 1.194171
14 -0.300210 0.562713 -0.424907 -0.359206 0.897163 -1.599527 0.666633 0.934968 0.669567 -0.413444 -2.215430 -0.394276 0.716731 1.259225
14 0.000000 0.870610 0.000000 0.000000 0.838269 -0.951224 0.758077 1.062388 0.967085 0.000000 -5.702202 -0.027828 0.869337 1.315487
11 -0.551512 -0.021915 -0.768861 -0.703923 0.140695 -0.984211 0.297242 -0.179594 0.276898 -0.804918 3.777378 -0.797616 0.147111 0.173227
11 -1.419663 -1.141775 -1.615144 -1.494600 -0.802925 -1.667016 -1.064426 -1.268071 -0.621021 -1.578767 16.114081 -1.621554 -0.917661 -0.901457
11 -3.517532 -2.219910 -2.450432 -2.327100 -1.836901 -2.746118 -2.125441 -2.033665 -1.909004 -2.373843 29.649346 -2.389783 -1.951181 -1.768437
11 -3.145272 -3.561886 -3.369622 -3.296644 -3.030932 -3.579657 -3.042106 -3.290683 -2.975546 -3.282899 42.385570 -3.352636 -3.302155 -3.155530
11 -0.860292 -1.118109 -1.024983 -0.937590 -0.633728 -1.092775 -0.697301 -1.207961 -0.694712 -1.041311 11.574052 -1.064265 -0.539171 -0.661854
11 -2.548602 -2.195508 -2.210541 -2.076208 -1.905086 -2.152947 -2.149523 -2.152085 -2.140603 -2.139598 27.905960 -2.121754 -2.052135 -2.061368
11 -3.457490 -2.389874 -2.450432 -2.325900 -2.249629 -2.409182 -2.486224 -2.354804 -2.398682 -2.366485 31.852732 -2.334127 -2.315178 -2.314725
11 -1.350437 -1.462722 -1.705494 -1.752252 -1.830000 -1.880488 -1.826205 -1.739502 -1.608041 -1.471121 21.755985 -1.721648 -1.695650 -1.712425
1 1.198604 0.671623 -0.014143 -0.011071 -0.023143 0.774379 -0.029567 0.901896 -0.463847 0.728092 -4.721194 1.006558 -0.004370 -0.013815
1 1.598887 0.826248 0.000000 0.000000 -2.280562 0.157577 0.000000 0.327009 0.643161 0.383740 -2.560358 0.904298 0.000000 0.000000
5 -0.067066 0.039854 0.146743 0.183896 1.583303 -0.070632 -0.029431 -0.271796 -0.051313 -1.051118 0.094273 0.116948 -0.373384 -0.250278
5 -0.338702 0.386216 0.000038 0.053940 2.895203 0.132937 -1.037558 -0.647249 -0.288970 -0.415993 -0.204911 -0.270058 -0.054011 -0.210880
5 -0.319966 0.348212 0.051474 -0.016236 2.818113 -0.179918 -0.935511 -0.605911 -0.278191 -0.287646 -0.114507 -0.195377 -0.054011 -0.230525
2 0.032324 0.808609 -0.193708 -0.138966 -0.124455 -0.115940 -0.088697 0.403799 -0.039388 -0.114988 -0.100452 -0.137102 -0.012724 -0.178312
1 1.220572 -1.686440 0.350214 -0.066201 -0.215774 0.209051 0.526386 -0.060359 -0.103224 -0.053898 -0.477214 -0.073577 0.154603 0.275863
6 0.674098 -0.940413 0.730625 -0.109136 -0.169988 0.748080 0.596421 -0.676166 -0.165159 -0.086236 -0.256966 -0.117723 -0.367108 0.139672
11 -0.047367 0.000000 0.000000 0.000000 0.000000 0.365717 0.032787 -0.236420 0.470937 0.230048 1.068490 0.000000 -0.727824 -1.156368
14 0.316326 -0.382622 0.106690 -2.012245 -0.216440 -0.878072 -0.233163 0.686597 0.217280 -0.441912 0.576014 -0.427270 -0.906868 3.595685
4 -1.009398 -0.993564 -0.781605 15.183123 -1.093557 -0.973858 -3.340440 -0.920901 -1.091345 -1.093441 -0.867699 -1.031276 -1.194927 -0.791112
4 -0.613655 -0.613184 -0.416658 10.107075 -0.714924 -0.806263 -3.005021 -0.286309 -0.963538 -0.748170 -0.666461 -0.639717 -0.777146 0.143972
4 -0.059569 -0.074255 -0.022025 0.890133 -0.108047 -0.166112 0.002744 0.233234 -0.095523 -0.106145 -0.287651 -0.067486 -0.130704 -0.008592
4 -0.224455 0.826697 -0.053918 1.578021 -0.225887 -0.060545 -0.168910 -2.595328 -0.191361 0.445118 -0.206761 0.422486 1.242198 -0.787356
5 0.311569 -0.182636 -0.335407 -0.750751 1.982421 -0.148765 -0.070013 -0.074571 -0.098550 -0.102505 0.000000 -0.355939 -0.050709 -0.124143
5 -0.706167 -0.065312 0.566466 1.900986 3.098692 -0.431378 -0.589120 -0.687441 -0.646209 -0.586357 -2.176712 1.804167 -0.802303 -0.679312
11 -1.863075 -2.042549 -0.818480 -0.786223 -1.798096 -2.019041 -1.914788 -1.948856 -1.923305 -1.978426 21.807367 -0.434447 -2.273618 -2.006464
11 -3.397448 -2.344338 -2.409987 -2.271051 -2.305224 -2.358163 -2.446847 -2.302761 -2.339902 -2.319980 31.404777 -2.283639 -2.334933 -2.290502
11 -4.076705 -2.734361 -2.768809 -2.625024 -2.919353 -2.750925 -2.812508 -2.706085 -2.714169 -2.668598 36.949630 -2.676815 -2.753885 -2.742390
11 -2.308434 -1.930504 -1.973591 -1.830638 -2.088745 -1.936610 -1.970999 -1.852174 -1.860572 -1.886569 25.315099 -1.894836 -1.849402 -1.932026
11 -2.845062 -3.043838 -2.959510 -2.937438 -3.059623 -3.056365 -2.987619 -2.944331 -2.890285 -2.869456 39.249884 -2.963014 -3.176254 -3.517089
11 -2.784402 -2.852099 -2.782206 -2.790032 -2.868189 -2.894243 -2.946118 -2.746976 -2.779598 -2.687408 37.203847 -2.782307 -3.070307 -3.219961
11 -2.593760 -2.639037 -2.600761 -2.592721 -2.676755 -2.652944 -2.899964 -2.549621 -2.632533 -2.477981 34.758289 -2.555020 -2.964359 -2.922834
11 -2.406138 -2.486047 -2.566932 -2.581305 -2.425731 -2.555104 -3.192100 -2.616503 -2.579207 -2.536362 33.959248 -2.526652 -3.048509 -2.438657
11 -3.087141 -1.546862 -1.575094 -1.558539 -1.755646 -1.581764 -1.699038 -1.562583 -1.763388 -1.502970 22.373152 -1.490703 -1.682865 -1.566558
11 -1.860937 -1.890662 -1.932422 -1.978857 -1.804787 -1.948257 -1.983897 -2.015095 -1.843019 -1.935574 25.569316 -1.882894 -2.695373 -1.797542
11 -1.355456 -1.646475 -1.705683 -1.778329 -1.566863 -1.706569 -2.168416 -2.000971 -1.545606 -1.769871 22.373152 -1.800637 -1.741125 -1.587150
11 -0.505615 -1.303836 -1.277711 -1.338311 -1.216624 -1.329084 -1.143607 -1.472065 -1.212822 -1.297596 16.779864 -1.254357 -2.111276 -1.316961
11 0.894768 -1.174705 -1.240960 -1.282671 -0.765262 -1.206525 -0.642327 -0.823556 -1.010931 -1.746618 11.985617 -1.625057 -0.588581 -0.773190
11 0.396435 -0.934835 -0.990290 -1.031780 -0.729971 -0.950290 -1.332944 -1.071505 -0.749164 -1.096250 11.186576 -1.161699 -0.693855 -0.840427
11 1.634067 -0.708959 -0.801624 -0.834537 -0.187368 -0.745074 -0.187590 -0.355686 -0.544343 -1.317276 5.593288 -1.167314 -0.102102 -0.275482
11 0.256234 -0.478429 -0.602178 -0.637294 -0.049029 -0.539858 -0.622867 -0.430595 -0.338286 -0.779375 5.593288 -0.828535 -0.229654 -0.313421
1 0.859198 -0.291639 -0.459903 -0.853082 0.809189 -0.360371 0.182056 0.381950 -0.392976 -0.361370 -0.399521 -0.003107 0.085237 0.804340
14 0.499078 -0.163781 -0.321770 -0.538315 0.755818 -0.620167 0.540897 0.359168 -0.439028 -0.102901 -1.598082 0.268857 0.458140 0.902088
1 1.011683 -0.134933 -0.262455 -0.254189 0.602865 -0.177161 0.305330 0.544987 -0.152950 -1.182681 -1.198562 -0.397059 0.889228 0.405897
1 1.613613 -0.106085 -0.203140 -0.289213 0.563860 -0.133675 0.089530 0.572068 -0.137434 -0.329537 -2.796644 -0.133127 0.750555 0.539229
9 1.034047 0.897868 0.000000 -0.015574 -4.504532 1.397118 -0.044426 -0.194673 2.251273 -0.017981 -0.115068 -0.653238 -0.022073 -0.012741
9 -0.127092 0.000000 0.103208 0.026773 -0.169187 -0.211710 0.000000 -0.898998 1.190902 -0.060220 -0.191908 0.109819 -0.090387 0.318800
13 -0.036161 -0.214611 -0.010661 -0.016953 0.170215 -0.476364 -0.044146 0.228132 0.231125 -0.012612 0.030146 0.140531 0.310924 -0.299566
5 -0.067066 0.039854 0.227360 0.525393 0.638694 -0.108821 -0.044146 0.239462 0.047491 -1.421475 0.127572 0.276839 -0.177330 -0.303827
6 0.428692 0.021583 -0.354566 -0.078839 0.988478 1.111572 -0.349044 -2.075673 -0.150914 0.292743 0.253398 -0.141555 0.000000 0.054125
2 0.154129 1.705262 -1.125826 -0.450845 -0.419218 0.291118 -0.763037 1.320065 -0.465814 -0.452914 -0.473444 -0.473655 1.057485 0.096693
11 0.154208 -0.123701 0.182181 -0.114492 -0.006928 0.172236 -0.154697 -0.137943 -0.360040 -0.203497 0.621975 -0.125081 0.028220 0.067558
8 0.310739 -0.035343 -1.433261 -0.042934 0.234318 0.167349 0.217902 1.005407 -0.274987 -0.471307 -0.044911 -0.051504 0.230607 0.187925
14 -1.034873 -0.638607 -0.695454 -0.693852 -0.581832 0.275335 -0.068409 -1.150096 -0.488288 -0.566566 -0.014675 -0.602260 0.924506 5.335070
14 -0.864844 -0.821911 -0.966589 -0.897059 -0.772003 -0.622568 -0.887577 -0.893422 -1.214765 -0.820952 -0.749540 -0.799468 -0.812017 11.122716
4 0.230479 -0.717251 1.105569 5.186583 -0.814830 -0.688334 -2.118687 0.376939 0.267658 -0.853580 0.722927 -0.733825 -0.878137 -1.085511
7 -3.517736 -3.381078 -3.856626 -5.180296 -3.460812 -4.373434 47.942467 -3.408791 -3.577333 -3.431407 -3.400506 -3.469713 -3.426013 -3.458723
7 -4.210744 -4.103661 -3.949812 -4.403020 -4.169807 -4.257591 56.397833 -5.452111 -4.660329 -4.124609 -4.111385 -4.223089 -4.222574 -4.509100
7 -3.080477 -2.959438 -4.553570 -2.988957 -3.052958 -3.052535 41.596877 -3.770827 -2.988543 -2.975268 -2.995372 -3.135147 -3.058401 -2.985383
7 -2.870437 -2.791150 -2.154629 -2.696388 -2.831358 -2.395769 36.858716 -4.506214 -2.821762 -2.810985 -2.784441 -2.932573 -2.860099 -2.402912
8 -0.330235 -0.302858 0.042947 -0.362141 -0.324172 0.172170 -1.626451 4.056084 -0.299142 -0.369272 -0.345948 -0.438441 -0.248957 0.376415
8 -1.483192 -1.422127 -1.287544 -1.302055 -1.435216 -1.272681 -2.702389 21.431370 -1.394988 -1.453421 -1.402693 -1.366731 -3.636358 -1.271977
8 -1.592995 -1.609861 -1.903699 -1.591042 -1.568194 -1.598443 -1.964271 22.483110 -1.551537 -1.584094 -1.525277 -1.469687 -3.015109 -1.508903
6 1.306684 0.981883 -0.081017 1.417429 -5.454700 2.066001 -0.029738 -0.024857 -0.042236 -0.234592 0.000000 0.000000 -0.305999 0.401142
4 1.236822 1.223421 0.000000 1.541179 -5.234137 1.526350 -0.003840 0.000000 0.000000 -0.388574 0.000000 0.000000 -0.171272 0.270052
4 0.443100 0.761912 -0.632027 1.483157 -0.120588 0.922149 -0.638579 -0.175010 -0.097275 1.371449 -4.566561 -1.115091 1.469013 0.894352
4 0.284371 0.334051 -3.223298 7.169687 -0.457423 0.626087 -0.451298 -0.590848 -0.389065 0.547698 -4.028908 -1.017304 0.831168 0.365081
4 -0.460537 0.077695 -0.407474 6.562846 -0.534530 0.239397 -0.362068 -0.671124 -0.486109 0.097061 -3.270722 -1.776721 0.526957 0.465330
4 -0.978743 0.204490 -0.948041 5.153272 -0.157692 0.356166 -0.550575 -0.222947 -0.129300 0.412796 -2.102288 -1.031756 0.041202 -0.046582
4 -1.630909 -0.004780 -1.264054 6.243470 -0.194796 0.163134 -0.462571 -0.270885 -0.161326 0.188126 -1.301866 -1.035266 -0.094125 -0.174152
4 -1.368798 -0.500843 -2.284690 9.111908 -0.501678 -0.331141 -0.561348 -0.649565 -0.441963 -0.383622 -0.806781 -0.808831 -0.251020 -0.221628
4 -1.337158 -0.255604 -2.982524 7.113184 -0.259728 0.201033 -0.256307 -0.340382 -0.224176 -0.120892 -0.220532 -0.558886 -0.400621 -0.357408
4 -0.508861 -0.367768 -3.223298 8.117588 -0.429595 -0.309126 -0.341907 -0.538092 -0.385465 -0.321003 -0.388787 -0.329227 -0.546346 -0.428113
4 -0.529778 -0.412512 -0.107297 5.383820 -0.511726 -0.335807 -0.328954 -0.602769 -0.495830 -0.396664 -0.459180 -0.512817 -0.493394 -0.197092
4 -0.400000 -0.378636 0.048106 4.150159 -0.467472 -0.369894 0.072199 -0.554831 -0.442932 -0.543466 -0.413597 -0.830407 0.069617 0.061156
4 -0.169564 -0.351760 0.364120 2.843233 -0.430368 -0.408635 0.383715 -0.506894 -0.410907 -0.712779 -0.382092 -0.659255 0.385562 0.055624
4 0.140703 -0.277797 -1.336649 3.775843 -0.343985 -0.433415 -0.025901 -0.426618 -0.312662 -0.570362 -0.308351 0.043276 0.009353 0.066566
4 0.165044 -0.313701 1.156758 1.171888 -0.372586 -0.490771 -0.084610 -0.421799 -0.368929 -0.585525 -0.333161 0.171790 0.133362 0.172243
3 0.712146 -0.302520 1.774059 0.811223 -0.351908 -0.604023 -0.637572 -0.384641 -0.358977 -0.533153 -0.315735 0.026184 0.081986 0.082933
3 0.139576 -0.259948 2.875227 -0.314075 -0.298378 -0.568253 -0.260618 -0.325924 -0.304879 -0.435759 -0.270152 -0.284948 0.146951 0.161179
3 0.058880 -0.634263 4.593430 -0.395849 -0.376258 -0.863882 -0.160472 -0.420602 -0.405292 -0.518456 -0.337198 -0.055806 -0.251739 -0.232492
3 -0.845317 -0.197869 4.780944 -1.173442 -0.339154 0.231378 -0.121404 -0.410897 -0.373267 -0.443573 -0.305693 -0.304770 -0.258913 -0.238023
3 -0.205380 -0.549119 4.713818 -1.551514 -0.269197 -0.351977 -0.008403 -0.303168 -0.319169 -0.450813 -0.246032 -0.083938 -0.181439 -0.193669
11 -1.895554 -1.716994 -1.783409 -1.838527 -1.867250 -1.800590 -1.870460 -1.920266 -1.835095 -1.656948 23.408479 -1.624035 -1.780527 -1.818825
1 1.678637 0.797643 -0.028286 -0.022143 -0.558989 0.869308 -0.059134 0.769097 -0.271304 0.951901 -5.175126 1.084767 -0.008741 -0.027630
12 0.770229 0.459108 0.000000 0.000000 -0.056592 0.870569 0.000000 0.567655 -0.819991 0.570240 -4.267263 1.906045 0.000000 0.000000
5 -0.459116 -1.678353 3.224087 -0.606822 3.995206 0.075591 -0.638843 -0.588573 -0.657383 -0.622361 -0.797051 0.002826 -0.620002 -0.629206
3 1.354138 0.417382 4.387250 -0.658666 -3.595685 -0.572666 -0.625416 0.426659 0.493481 -0.747116 0.161664 -0.661352 -0.611341 0.231668
9 0.471951 -0.694750 -0.632499 -0.475044 -0.020710 0.171660 0.000000 -0.021336 0.851263 -0.168656 -0.067842 0.137583 0.000000 0.448379
9 -0.121052 -0.237435 -0.362990 -0.475044 -0.020710 0.197806 0.000000 -0.106685 0.692387 -0.168656 -0.134800 0.137583 0.000000 0.599595
14 0.155399 -0.021559 0.009627 0.058431 -0.020710 -0.041683 0.000000 -0.196977 -0.073062 0.039843 -0.196730 0.053388 0.000000 0.234033
6 -0.031376 -0.021559 -0.154829 -0.043991 -0.016568 0.690456 0.000000 -0.220209 0.447611 -0.020637 -0.210608 -0.246618 -0.148717 -0.022954
9 -0.125103 -0.021559 0.274737 0.149432 -0.052688 0.213405 0.000000 -0.380726 0.490815 -0.036519 -0.407874 0.126093 -0.483456 0.253443
5 -0.036161 -0.214611 0.020311 0.092572 1.082125 -0.681979 -0.044146 0.612602 0.120024 -0.332672 -0.141482 -0.158563 -0.191699 -0.126322
2 -1.221330 16.265767 -1.389040 -1.201158 -1.192646 -1.722983 -1.153737 -1.158970 -1.116175 -1.202688 -1.309705 -1.194617 -1.089053 -1.313665
2 -1.276860 15.996230 -1.293819 -1.162310 -1.155728 -1.665013 -1.140828 -1.258325 -1.103046 -1.168868 -1.294822 -1.144670 -1.076333 -1.255608
2 -1.041817 15.625354 -1.059646 -1.082723 -1.105108 -2.451099 -1.038055 -1.322955 -1.071364 -1.095138 -1.224135 -1.073927 -1.002348 -1.057038
2 -1.579115 13.560895 -0.833387 -1.002204 -1.016904 -0.872439 -1.270823 -0.880290 -1.083096 -1.016013 -1.099020 -1.039473 -0.878766 -0.989364
14 0.323994 -0.527073 0.137576 -4.078151 -0.382940 -0.579382 0.556815 0.183697 0.452943 -0.696394 0.917302 -0.569745 -1.700746 5.962106
7 -1.800631 -1.846863 -0.130384 -2.129017 -1.859388 0.448320 9.935788 9.897939 -1.772731 -1.814676 -1.831265 -2.517465 -3.260606 -1.319021
7 -0.866744 -0.854614 1.754793 -1.304765 -0.907434 0.667877 8.093236 -1.615250 -0.898761 -0.881288 -0.923998 -1.028484 -0.921421 -0.313147
8 -1.014413 -0.977301 0.116419 -0.993955 -0.993023 -0.044270 -2.947184 14.786059 -1.011597 -1.038408 -0.976233 -1.379553 -3.116800 -0.409743
8 -1.890520 -1.814802 -1.949834 -3.093758 -1.868102 -1.790972 -2.523353 25.576722 -1.797042 -2.026676 -1.823740 -1.743312 -1.571752 -1.682859
8 -1.846293 -1.841180 -2.258131 -2.634032 -1.823221 -1.820031 -1.785235 24.916619 -1.777202 -2.068897 -1.758962 -1.711916 -1.775797 -1.815722
8 -1.760861 -1.528630 -1.786222 -1.319687 -1.728023 -1.635254 -2.151876 22.497115 -1.688754 -2.857057 -1.655891 -1.427955 -1.316989 -1.639915
8 -0.949387 -0.745567 -0.936006 -0.673735 -0.944774 -1.318692 -0.380047 9.350327 -0.906007 -2.060640 -0.911374 -0.328105 1.653161 -0.849154
5 -0.750143 0.021711 0.308467 0.646734 6.941472 -0.173150 -0.282032 -0.312374 -0.331823 -0.293955 -5.472274 0.409262 -0.310111 -0.401785
7 0.022606 -0.078258 -0.035814 -1.515041 -0.024164 -0.274337 0.717074 0.596982 -0.022073 0.470835 0.000000 0.000000 0.279764 -0.137573
4 0.190458 -0.160016 -0.170231 0.942762 -0.132064 -0.435478 -0.121866 0.345862 -0.114906 0.221600 -0.069044 -0.059502 -0.332274 -0.105300
4 0.315008 -0.133930 -0.158293 1.484897 -0.124009 -0.439362 -0.265044 0.013694 -0.107548 0.064655 -0.069044 -0.059502 -0.425528 -0.095992
7 -0.180885 -0.091392 -0.104496 1.543697 -0.076241 -0.408918 1.629624 -1.449906 -0.067733 -0.125352 -0.036821 -0.044627 -0.518783 -0.068167
4 0.057701 -0.067615 -0.134417 2.744726 -0.107900 -0.447128 -0.321054 -0.644840 -0.092833 -0.168679 -0.069044 -0.059502 -0.612038 -0.077377
4 -0.265521 0.180497 -0.164337 2.255669 -0.139559 -0.085818 -1.573204 1.306456 -0.117932 -0.352756 -0.092984 -0.059502 -0.815884 -0.075124
8 -0.369900 0.393632 -0.194258 1.632343 -0.171218 -0.120145 -1.186279 2.035003 -0.143032 -0.222490 -0.112782 -0.378836 -1.097228 -0.064811
8 -0.702393 0.008096 -0.321752 0.872205 -0.318894 -0.304047 0.757882 2.240327 -0.281734 -0.251298 -0.239185 -0.401926 -0.891395 -0.165885
8 0.162739 0.359270 -0.149452 1.021789 -0.135251 -0.102981 -2.350298 2.139971 -0.112088 -0.168044 -0.092528 -0.136364 -0.389268 -0.047494
8 0.279365 0.166162 -0.217695 0.271242 -0.214990 -0.203514 -1.578773 3.239297 -0.185875 0.294969 -0.159644 -0.412195 -1.183749 -0.094601
8 0.178675 0.166076 -0.176131 0.111191 -0.172967 -0.161830 -2.157628 3.719863 -0.146059 0.194537 -0.125858 -0.576681 -0.793629 -0.059559
8 -0.046360 0.192685 -0.104646 0.123964 -0.099284 -0.085818 -3.008530 3.439226 -0.081144 0.034614 -0.068133 -0.114051 -0.160405 -0.022117
8 -0.399174 0.087272 -0.104646 -0.244923 -0.099284 -0.085818 -1.737549 3.434952 -0.081144 0.119591 -0.063991 -0.334209 -0.477017 -0.014059
7 -0.569570 0.501818 -0.223149 -1.165381 -0.077748 -0.252557 2.490530 1.919219 -0.210975 -0.203485 -0.178424 0.241865 0.329152 -2.601295
7 -0.554861 -0.177650 -0.181291 -0.860241 -0.195445 -0.218230 2.532619 1.308755 -0.178517 0.060553 -0.154485 -0.603813 -0.665862 -0.111533
7 0.532309 0.713652 -0.181291 -0.645690 0.501433 -0.218230 3.810466 -0.026893 -0.178517 -0.103528 -0.154485 0.520951 0.608335 -5.178512
7 -0.274753 0.439476 -0.160362 -0.518471 0.201934 -0.201066 3.424934 -0.388575 -0.162288 -0.205037 -0.142515 0.462150 0.848966 -3.324394
7 -0.259696 0.406320 -0.139432 -0.391251 0.001680 -0.183903 3.121376 -0.750256 -0.146059 -0.306545 -0.130545 0.568637 0.806170 -2.596495
7 -0.217103 0.343677 -0.109806 -0.264031 0.035648 -0.142218 2.270038 -0.702776 -0.113602 -0.348429 -0.100901 0.796233 1.122782 -2.569512
7 -0.353845 0.405237 -0.080181 -0.136811 -0.256182 -0.100533 1.363272 -0.645837 -0.081144 -0.390313 -0.071258 0.483194 1.280710 -1.416309
12 0.480561 0.874275 -0.314888 -0.221935 0.623534 -0.307782 -0.174818 -0.822326 -0.535992 -0.601403 -0.225759 1.207982 1.083976 -1.065424
11 -1.138088 -1.250168 -1.490072 -1.555104 -1.627935 -1.689997 -1.648995 -1.478319 -1.391114 -1.216557 18.959342 -1.536829 -1.462694 -1.473471
1 1.698066 0.193505 0.000000 0.000000 -0.968817 0.330399 0.000000 0.438830 -0.126763 0.477590 -3.413810 1.371000 0.000000 0.000000
1 0.509004 -0.021559 -0.143850 -0.220669 -0.020710 -0.011145 0.000000 0.118344 0.255161 -0.538405 0.248409 -0.230783 0.000000 0.056201
6 -0.002285 -0.010780 0.296380 0.239606 -0.044404 0.418442 0.000000 -0.332736 -0.204900 -0.023581 -0.372603 0.157306 -0.483456 0.363010
5 -0.085799 0.027188 0.142448 0.388523 0.678576 -1.104533 -0.014715 0.314657 -0.012768 -0.129727 -0.127595 0.186352 -0.221730 -0.040876
1 0.612095 -0.141372 0.289176 -0.128803 -0.020428 0.048300 0.019880 0.093053 -0.512498 -0.354675 0.059675 -0.139796 0.068108 0.107284
11 0.309229 0.000000 -1.544878 0.000000 0.284361 0.713674 0.744850 0.404073 0.439471 0.470756 0.766808 0.000000 -0.103563 -2.484781
7 0.105857 -0.008696 -0.575226 0.000000 0.220837 0.582713 0.891247 -0.081018 0.600744 0.619027 0.588689 -0.009276 -0.008998 -2.925900
6 -0.124696 -0.008696 -0.018429 0.000000 -0.196725 1.068678 0.576207 -0.357086 0.525485 0.722524 0.919640 -0.009276 -0.060554 -3.037071
11 -0.083131 0.000000 0.000000 0.000000 0.000000 0.340965 -0.077142 -0.239866 0.403637 0.415742 0.851857 0.000000 -1.518946 -0.093116
14 -0.362073 -0.365719 -0.455186 -0.393595 -0.311338 0.093428 -0.107658 -0.446023 -0.689436 -0.114234 -0.050045 -0.340888 1.095301 2.447465
14 0.569007 -0.200697 -0.126086 -1.013032 -0.036110 -0.449209 -0.261783 0.668062 0.178686 -0.222593 0.194450 -0.253022 -0.246234 1.198562
4 -1.476224 -1.357701 -1.772028 14.650485 -1.458146 -1.350389 3.311725 -1.884675 -1.141228 -1.435742 -1.524824 -1.400205 -1.530675 -1.630373
4 -0.863554 -0.781920 -1.451265 7.664185 -0.815307 -0.524003 3.143715 -1.309552 -0.320241 -0.765116 -0.850507 -0.801057 -0.900200 -1.425179
7 -2.935288 -2.809822 -3.023623 1.073178 -2.895544 -2.652088 33.800143 -3.128338 -2.445381 -2.774821 -2.880622 -2.854232 -2.944996 -3.528565
7 -1.737799 -1.739375 -0.599990 -1.987530 -1.764822 -0.831071 22.076456 -3.356378 -1.687492 -1.719938 -1.724247 -1.839341 -1.803860 -1.284611
10 0.129870 0.585295 0.000000 0.615812 -0.454221 -1.214779 0.000000 -3.859760 0.000000 2.147302 0.000000 0.577425 1.043459 0.429597
1 1.707862 0.997919 -0.589796 -0.161278 -2.067199 1.465597 -0.117969 -0.124286 -0.154865 -0.376796 -0.247389 -0.925532 0.019300 0.574432
2 1.337832 1.381926 -0.844185 0.507679 0.867490 0.727116 -0.162084 -0.174000 -0.211180 -0.399297 -1.141687 -1.308121 -0.201358 -0.380131
5 -0.484419 -0.147222 0.693660 2.133148 2.155937 -0.625026 -0.567063 -0.662584 -0.618051 -0.560730 -1.929323 2.041888 -0.786200 -0.644014
12 0.695867 0.767469 0.668422 -5.953867 -0.427920 -0.050942 0.857261 0.601280 -0.010780 1.058613 0.438529 1.375496 -0.019427 0.000000
5 0.387850 0.694658 0.699325 -5.162615 1.278145 -0.062865 0.760493 0.588970 -0.053898 0.566538 0.489482 0.874679 -0.097136 -0.963628
5 -0.308471 0.495832 0.803868 -4.371362 1.237868 -0.046380 0.482461 0.385470 -0.053898 0.363673 0.403727 0.951072 -0.097136 -0.246723
5 -0.387754 0.297835 0.447785 -3.180588 1.611066 -0.046380 0.212737 0.206148 -0.053898 0.072417 0.228646 1.045410 -0.097136 -0.356289
5 -0.577740 0.151643 0.214315 -1.989815 2.118200 -0.046380 0.038383 0.123925 -0.053898 -0.197280 0.101827 0.460677 -0.097136 -0.246723
5 -0.599508 0.139312 0.034586 -0.799041 2.358224 -0.046380 -0.165947 0.101481 -0.053898 -0.488536 -0.012070 0.259204 -0.097136 -0.630291
5 -0.937658 -0.005573 -0.195023 -0.399521 0.713269 -0.046380 -0.257164 0.504555 -0.053898 -0.377280 0.371233 0.563197 -0.097136 0.217380
5 -0.623710 0.019210 -0.039862 0.000000 1.333755 -0.037104 -0.076965 0.075387 -0.043118 -0.382654 0.255669 0.227392 -0.077709 -0.630291
5 0.361581 -0.160468 0.313851 0.000000 0.519699 -0.027828 0.268380 -0.024561 -0.032339 -0.229692 0.348478 -0.030449 -0.058282 -1.248370
7 0.205737 -0.464252 0.434663 0.000000 -0.007545 -0.018552 0.622804 -0.099015 -0.021559 -0.076730 0.308688 -0.346862 -0.038854 -0.498524
7 0.253304 -0.434315 0.188655 0.000000 -0.413438 -0.009276 0.614500 -0.244994 -0.010780 -0.032339 0.385614 -0.139408 -0.019427 -0.138096
12 -0.416747 0.227459 -0.073986 0.000000 -1.107269 0.000000 -0.117204 0.213640 0.000000 -0.021559 0.204332 0.810732 0.000000 0.280601
1 1.126222 0.119631 -0.048451 0.000000 -0.885524 0.000000 -0.075335 0.025145 0.000000 -0.010780 0.056284 0.085728 0.000000 -0.392921
12 -0.128547 0.176001 -0.093438 0.000000 -1.066135 0.000000 -0.153318 0.120129 0.000000 0.000000 0.114394 0.531181 0.000000 0.499733
14 0.201472 -0.195346 -0.152537 0.000000 -1.332481 0.000000 -0.304065 0.643868 0.000000 0.000000 0.201525 0.184602 0.000000 0.752961
14 -0.777699 -0.038912 -0.154945 0.000000 -1.506026 0.000000 -0.327177 0.393673 0.000000 0.000000 0.494003 0.736074 0.000000 1.181007
14 0.276055 -0.335410 -0.476895 -0.065954 -1.287976 -0.123944 -0.547215 0.103582 -0.090681 -0.033349 0.275381 0.043967 -0.085245 2.347684
14 -0.526007 -0.349278 -0.385438 0.000000 -1.058110 0.000000 -0.340532 0.446766 0.000000 0.000000 0.357183 0.448225 0.000000 1.407191
14 0.278398 0.136240 -0.503626 0.000000 -0.845478 0.000000 -0.402206 0.225709 0.000000 -0.117477 0.281234 0.223450 0.000000 0.723758
11 -0.103119 0.441436 -0.621815 0.000000 -0.618884 0.000000 -0.435429 0.302208 0.000000 -0.015331 0.804985 0.317214 0.000000 -0.071265
2 0.355993 0.707081 -0.375355 -0.026381 -0.598680 -0.049578 -0.544494 0.183741 -0.036272 -0.550679 0.302941 -0.019972 -0.034098 0.685755
14 0.076749 0.291968 -0.298170 -0.052763 -0.728914 -0.099155 -0.400712 0.186684 -0.072545 -0.261184 0.358171 -0.187779 -0.068196 1.255847
14 0.218792 -0.297146 -0.285660 -0.065954 -0.388250 -0.123944 -0.357960 0.130666 -0.090681 -0.183026 0.369588 -0.345288 -0.085245 1.504107
5 -1.232823 -1.392056 -3.948668 -1.230555 18.777467 -1.071552 -1.292146 -1.168960 -1.563800 -1.170538 -1.239355 -0.960630 -1.229368 -1.277014
3 -1.675040 -1.780939 10.074133 -1.683657 9.588493 -1.209341 -1.693326 -1.689361 -2.070239 -1.745127 -1.683910 -0.993599 -1.648408 -1.789681
3 -1.209039 -2.368011 11.008103 -1.158460 2.397123 -0.296873 -1.158896 -1.549286 -1.248234 -1.224869 -1.120742 0.300974 -1.138337 -1.233455
3 -1.206784 -1.359386 13.372344 -1.057313 -1.198562 -0.654729 -1.055176 -0.926392 -1.083944 -1.161944 -0.908251 -0.601881 -1.022422 -1.135561
1 2.951467 -1.714191 -2.312637 -0.268058 -0.016568 -0.127406 0.000000 0.353828 0.745353 -0.060546 0.117656 0.174331 0.000000 0.156770
6 -0.375980 0.000000 0.044652 0.332130 0.000000 0.422837 0.000000 -0.680806 0.327351 0.171473 -0.304032 0.084103 -0.188349 0.166620
3 -0.401663 0.004571 0.585663 -0.000585 0.082301 -0.520071 -0.044146 0.147888 -0.011186 -0.432058 0.117273 0.399931 0.244040 -0.171957
8 0.000000 0.000000 0.026109 -0.054762 -0.347161 0.080706 0.000000 0.258921 -0.248532 0.113219 0.058064 0.175012 -0.014369 -0.047208
5 -0.085799 -0.044086 -0.121917 0.137352 1.716384 -1.216525 -0.044146 0.480634 -0.194276 -0.246270 -0.149713 0.038851 -0.208188 -0.062299
5 -0.117417 0.313777 -0.542921 0.075521 2.067446 0.475207 -0.515880 -1.697336 -0.172473 0.233301 -0.042281 -0.186860 0.000000 0.109917
5 0.331833 -0.287102 -0.769516 0.023514 2.297582 -0.363601 -0.415071 -0.865208 -0.129355 0.145749 0.175674 -0.344739 0.000000 0.200241
2 -0.876744 15.070933 -1.379680 -1.126853 -1.169719 -2.702082 -1.083515 -0.686010 -0.846576 -1.102884 -1.242747 -1.118860 -0.594162 -1.141099
6 0.498267 -3.147839 -0.411127 -0.048536 -0.046368 1.927507 0.436413 0.452629 -0.071211 -0.045529 -0.383285 -0.072996 0.403987 0.508089
6 0.946109 -2.867330 -0.121622 -0.053090 -0.119058 1.141762 0.422046 0.421323 -0.082579 -0.043118 -0.630010 -0.066916 0.393216 0.659267
14 -0.530585 -0.580561 -0.499321 -1.032387 -0.373272 -0.484006 -0.642567 -0.463288 -0.472174 -0.845870 -0.699880 -0.620443 -1.575455 8.819810
11 1.313640 -0.112409 1.620084 -7.688389 0.086431 -0.288937 1.512049 1.630451 1.543460 -0.095095 2.097375 -0.134860 -0.080984 -1.402816
9 1.302819 0.000000 1.749222 -7.163401 0.201013 -0.044617 1.766775 1.254454 1.929597 -0.011945 1.523600 -0.023269 0.000000 -2.484250
7 1.253846 -0.028771 1.785075 -7.871350 0.167594 -0.095732 2.087861 1.383978 1.559169 -0.009786 2.038097 -0.025948 -0.040492 -2.203542
4 -1.294781 -1.217427 -1.412586 12.162270 -1.258333 -0.940125 3.463683 -2.183556 -0.637946 -1.224985 -1.296657 -1.221046 -1.328691 -1.609819
4 -1.044997 -0.971501 -1.229083 11.105656 -1.015120 -0.622295 1.359424 -1.767095 -0.248253 -0.975873 -1.053676 -0.989272 -1.102183 -1.445733
8 -1.451207 -1.156087 -1.454223 -0.874505 -1.426323 -1.668437 -1.287075 17.484904 -1.375655 -2.383058 -1.367418 -0.879592 -0.819871 -1.341453
2 -0.144101 1.340431 -0.040439 1.102080 -0.125127 -0.073144 -0.126682 -3.680129 -0.102912 0.558744 -0.102848 0.647996 1.010803 -0.264672
4 -0.316594 0.765513 0.000000 1.938587 0.000000 -0.172467 0.000000 -5.531641 0.000000 0.974618 0.000000 1.075053 1.282863 -0.015931
4 0.020726 0.782178 0.000000 1.124610 -0.041489 -1.405945 0.000000 -2.424538 0.000000 1.039207 0.000000 0.446338 0.013744 0.445170
5 1.193077 0.741126 -0.163710 1.191164 4.273067 0.383431 -0.246474 -0.273428 -0.323809 -0.307516 -5.172150 -0.213873 -0.179534 -0.901370
5 1.163520 0.446033 -0.589796 -0.662471 1.311912 0.324751 -0.117969 -0.124286 -0.154865 -0.153758 -0.247389 -0.831381 -0.084115 -0.280187
5 0.164507 0.205124 0.021706 0.936511 6.326539 -0.134087 -0.266723 -0.273428 -0.323809 -0.321331 -5.671712 -0.020383 -0.179534 -0.463379
13 0.213536 -0.681285 -0.492777 -0.977279 -0.301282 1.545306 -0.749308 0.787655 -0.813148 0.437799 -1.009183 -0.758175 3.307858 -0.509716
6 0.738732 -0.541991 -0.165317 -0.900570 -0.194818 1.472619 -0.128576 0.876274 -0.102325 0.677231 -0.566385 -0.058451 -0.929788 -0.176635
13 -0.850054 -1.661224 -1.285142 -1.795557 -1.520567 0.639921 -1.946778 -0.233205 -3.755893 -0.717250 -2.312145 -1.764086 18.627925 -1.425944
6 0.753819 -0.154994 -0.020064 -0.376135 -0.100873 0.937997 -0.002400 0.729484 -0.014715 0.604437 -0.453588 -0.021559 -1.842485 -0.038924
13 -0.531098 -0.508849 -0.874269 -1.003789 -0.930283 -0.253482 -2.143484 -0.443855 -2.136698 -0.617080 -1.840365 -1.628312 13.866621 -0.955057
13 0.171799 -0.322322 -0.342419 -0.431102 -0.068464 -0.447838 -0.488114 0.049465 -0.488350 -0.089719 -0.453714 -0.355117 3.607871 -0.341977
13 -1.333618 -1.367504 -1.365991 -1.511667 -1.356376 -1.715801 -1.610462 -1.388982 -4.036793 -1.303939 -1.601719 -1.706794 21.806055 -1.506408
13 -1.145575 -0.937358 -1.039281 -0.970221 -1.058925 -1.027924 -2.209089 -1.067101 -2.580334 -1.118183 -1.885489 -1.687117 17.848660 -1.122063
13 -1.068730 -0.625310 -0.854205 -0.751547 -0.913329 -0.587431 -2.142284 -0.906339 -2.129340 -1.089364 -1.571196 -1.617533 15.180800 -0.924192
13 -1.560611 -1.356291 -1.414917 -1.477850 -1.481955 -1.037296 -1.565207 -1.440202 -3.940245 -1.712861 -1.560047 -1.674483 21.773872 -1.551906
13 -1.668056 -1.546584 -0.893221 -4.998653 -1.610454 -1.747681 -0.746828 -1.616673 -0.757395 -1.554585 -1.007113 -1.289827 20.512140 -1.075069
13 -1.816964 -1.482530 -1.209814 -3.653244 -1.803793 -1.307862 -1.103884 -1.573978 -1.121349 -1.435415 -1.228761 -1.148424 20.298450 -1.412431
13 -1.516956 -1.244192 -1.281419 -1.379789 -1.511556 -1.367832 -1.276046 -1.470793 -2.955828 -1.259396 -1.270005 -1.301771 19.229930 -1.394346
13 -1.326194 -1.338399 -1.007990 -3.501867 -1.391429 -1.702297 -0.615567 -1.578894 -0.545329 -1.179159 -0.768734 -0.574858 16.716913 -1.186196
13 -1.086036 -1.257736 -0.907077 -3.426179 -1.185248 -1.499994 -0.149241 -1.544825 -0.094335 -1.042073 -0.468485 -0.200291 13.920269 -1.058750
13 -0.796451 -0.952863 -0.914582 -1.073982 -0.893011 -1.160443 -0.088201 -0.969066 -1.765831 -0.783601 -0.368641 -0.108939 10.839998 -0.964389
13 -0.647267 -1.104471 -0.577053 -3.128762 -0.819711 -1.095387 0.783410 -0.852643 0.807652 -0.656732 0.133249 0.338397 7.527940 -0.708621
13 -0.590733 -0.921228 0.026481 -3.637068 -0.727241 -1.070812 1.176982 -0.703949 2.272806 -0.557714 0.771753 0.321212 3.733698 -0.094185
13 -0.377478 -0.601686 -0.494268 -1.624679 -0.501003 -0.684099 0.686941 -0.555254 1.397478 -0.370725 0.177387 0.213096 3.422745 -0.688455
9 -0.295457 -0.495006 -0.006989 -3.274368 -0.397266 -0.607432 0.770325 -0.451983 2.480651 -0.292256 0.399788 0.426588 1.805647 -0.062241
4 -1.252246 -1.259109 -0.271025 9.876947 -1.509599 -1.633684 -0.043851 -1.171089 1.972428 -1.421630 -0.102315 -0.757668 -2.027698 -0.399461
9 -0.131416 -0.282200 0.426585 -3.596491 -0.189792 -0.316851 0.694602 -0.245441 3.109956 -0.135319 0.489582 0.376681 -0.591476 0.391579
9 -0.289833 -0.376799 0.563453 -0.632547 -0.376754 -0.507968 1.007516 -0.262919 2.460849 -0.318415 0.617377 0.118714 -2.453564 0.450891
7 -0.432520 -0.464112 0.677257 1.203994 -0.513922 -0.645023 1.327436 -0.316943 1.223219 -0.469425 0.672439 -0.010154 -2.737952 0.485705
4 -1.038809 -0.929126 0.302985 10.554029 -1.244755 -1.274478 0.157280 -0.864376 -0.172907 -1.207842 -0.004949 -0.763792 -3.509887 -0.003373
9 -0.156721 -0.135063 0.682455 -0.831904 -0.153518 -0.297910 0.735868 -0.024559 0.988422 -0.121654 0.535379 0.116954 -2.086171 0.748423
12 0.758571 0.522339 0.000000 0.000000 0.000000 0.940281 0.000000 0.844126 -0.595470 0.644994 -4.267263 1.152423 0.000000 0.000000
1 1.915777 0.982776 0.000000 -0.161120 -2.676705 1.341320 -0.161856 -0.209461 1.224445 -0.068398 -1.566330 -0.210298 -0.211656 -0.198493
5 -1.220496 -0.281189 -5.161191 -1.319251 19.466702 -0.373633 -1.408485 -1.494651 -0.825881 -1.283420 -1.453262 -1.878326 -1.361976 -1.404939
5 -1.543923 -2.036007 -3.948668 -1.648005 23.974612 -1.038996 -1.736141 -1.767596 -1.716062 -1.608733 -1.771858 -1.709630 -1.703191 -1.745800
5 -1.519475 -1.461320 -4.752363 -1.506601 23.002417 -1.674826 -1.557123 -1.441583 -1.521151 -1.439852 -1.502181 -1.543338 -1.502070 -1.580535
3 -1.732913 -1.432631 10.194794 -1.545929 6.791849 -0.769321 -1.530155 -1.438400 -1.651199 -1.614106 -1.408465 -0.697537 -1.517325 -1.648664
3 -1.101877 -3.483501 7.631500 -1.137452 5.992808 0.055432 -1.143872 -1.293517 -1.138253 -1.174754 -1.174243 0.301328 -1.130526 -1.203073
3 -0.854310 -1.838444 12.192703 -0.791998 -2.397123 -0.286636 -0.802662 -1.187565 -0.840175 -0.885748 -0.765332 0.073076 -0.767160 -0.848627
3 -0.762645 -1.528207 11.788529 -0.669844 -3.196165 -0.351047 -0.683917 -1.106048 -0.715743 -0.772707 -0.641735 0.010673 -0.650792 -0.720351
3 -0.721674 0.006813 11.486095 -0.728559 -3.595685 -0.755109 -0.727520 -0.593572 -0.840749 -0.836631 -0.458233 -0.735063 -0.681207 -0.818907
6 -0.065780 0.000000 0.041011 0.037904 0.000000 0.502356 0.000000 -0.025637 -0.599510 0.063052 -0.118259 0.041237 0.000000 0.123625
3 -0.030817 0.000000 0.529404 0.050867 -0.080524 -0.623255 0.000000 -0.358879 0.144591 0.132036 -0.384142 0.143602 -0.032547 0.509664
5 -0.085799 -0.044086 0.050547 0.283214 1.081671 -1.261535 -0.044146 0.613052 -0.295802 -0.285703 -0.096172 0.310019 -0.162960 -0.062299
8 0.322788 -2.051680 0.226847 -0.152501 -0.079087 -0.512592 0.413647 2.254000 0.301693 -0.412335 -0.227629 -0.007730 0.238841 -0.314261
2 0.445993 4.922961 -1.812837 -0.792229 -0.396128 -0.918146 1.427360 -0.032908 0.277711 -0.756791 -0.732910 -0.572930 -0.290515 -0.768631
2 -0.179925 12.184117 -1.814237 -1.184212 -0.931696 -1.579951 0.065272 -1.105273 -0.365788 -1.157661 -1.207814 -1.032028 -0.498480 -1.192324
1 1.425538 -2.520824 0.630353 -0.094824 -0.216064 0.683439 0.187494 -0.040468 -0.144514 -0.075457 -0.322836 -0.103008 0.150080 0.441090
3 0.363274 -0.141372 2.383564 -0.109136 -0.169988 0.116689 0.101290 -0.921505 -0.165159 -0.086236 -0.256966 -0.117723 -0.893919 -0.102813
5 0.210966 -0.088358 -1.231744 -0.085869 0.521311 0.420322 0.410121 0.153313 -0.056631 0.055300 -0.398386 -0.095650 -0.298368 0.483671
7 0.057694 -0.070686 -1.139277 -0.071557 0.321695 0.272400 0.601760 0.291061 -0.035986 0.066080 -0.464256 -0.080935 -0.219642 0.471650
11 0.171714 -0.008696 -0.904586 0.000000 0.238419 0.677231 0.670614 0.063536 0.507429 0.630509 0.860009 -0.009276 0.018724 -2.915625
14 -0.806738 -0.547644 -0.615364 -0.593766 -0.491667 0.382181 -0.014660 -1.133008 -0.447508 -0.619958 -0.159173 -0.515136 1.220558 4.341885
4 -1.526036 -1.403186 -1.783040 15.295312 -1.545226 -1.455903 3.313097 -1.773872 -1.236751 -1.503158 -1.668650 -1.451051 -1.620887 -1.640650
7 -4.661920 -4.552855 -4.336309 -5.629244 -4.656146 -4.679471 62.790162 -5.899126 -4.823767 -4.565688 -4.586466 -4.723388 -4.690009 -4.985773
7 -2.079373 -2.087846 -1.646243 -2.165818 -2.102639 -1.612616 28.050569 -4.097481 -2.067576 -2.039562 -2.052184 -2.173153 -2.153363 -1.772714
7 -0.711272 -0.705326 -2.207374 -0.743667 -0.746581 -0.303439 10.406230 -0.786093 -0.622115 -0.702847 -0.707187 -0.738091 -0.736094 -0.696145
8 -1.294865 -1.263127 0.805970 -1.228848 -1.251148 -0.610848 -1.781502 16.569352 -1.289212 -1.305661 -1.233190 -1.433468 -3.839227 -0.844227
8 -0.782732 0.077160 -0.763267 0.360755 -0.784258 -0.935763 -0.337820 3.070252 -0.749457 -0.123752 -0.759359 0.139715 2.928157 -1.339631
8 -0.614841 -0.347240 -0.590528 -0.135059 -0.623742 -0.552834 -0.295592 4.319421 -0.592908 -1.586640 -0.607345 -0.350797 2.499060 -0.520954
4 -0.229961 0.462115 0.000000 1.570177 0.000000 -0.296810 0.000000 -4.814030 0.000000 1.518008 0.000000 0.879713 0.860597 0.050191
6 0.864481 1.146590 -0.971380 0.618892 -0.120816 2.177126 -0.184142 -0.198857 -0.239337 -0.260355 -1.858316 -1.178354 -0.135423 0.339892
5 0.049433 -0.077756 0.100255 0.580626 7.325811 -0.463144 -0.333828 -0.362089 -0.402216 -0.370834 -5.472274 0.291044 -0.345917 -0.519112
14 0.555737 -0.210549 -0.287323 -0.065954 -0.201316 -0.123944 -0.298584 0.069293 -0.090681 -0.033349 0.334113 -0.637902 -0.085245 1.075705
1 0.940648 -0.196064 -0.042517 0.000000 -0.102108 0.000000 -0.156087 0.202740 0.000000 -0.015331 0.823234 -0.695561 0.000000 -0.758952
1 1.865058 0.108541 0.043349 -0.065954 0.082517 -0.474880 -0.196926 -0.143423 -0.090681 -0.142023 0.015542 -1.039420 -0.085245 0.123544
1 1.737366 0.200276 0.043349 -0.065954 0.082517 -0.474880 -0.168475 -0.365914 -0.090681 -0.142023 -0.139787 -0.748803 -0.085245 0.218254
1 0.850322 -0.141315 -0.202288 -0.065954 -0.007926 -0.123944 -0.140023 -0.538392 -0.090681 -0.033349 0.270030 -0.458187 -0.085245 0.766951
14 0.663019 0.496220 0.061005 -0.065954 0.069036 -0.650348 -0.111572 -0.420652 -0.090681 -0.501593 -0.006750 -0.351225 -0.085245 0.994739
14 0.429021 0.338122 0.025694 -0.065954 0.109959 -0.299412 -0.083120 -0.225071 -0.090681 0.104260 -0.557545 -0.234955 -0.085245 0.634927
14 -0.202891 0.518858 0.175370 -0.065954 0.132521 -1.182769 -0.083120 -0.209593 -0.090681 -0.703734 0.392961 -0.223182 -0.085245 1.627459
14 0.191226 0.046590 0.043349 -0.052763 0.114662 -0.450091 -0.066496 -0.129182 -0.072545 0.192055 -0.156116 -0.062323 -0.068196 0.469830
14 0.046130 -0.050077 0.095878 -0.039572 0.167905 -0.600770 -0.049872 -0.101239 -0.054408 0.049087 0.210305 -0.014951 -0.051147 0.392733
10 -0.205868 -0.208175 0.040589 -0.026381 0.278033 -0.049578 -0.033248 -0.062924 -0.036272 0.489309 0.030036 0.000000 -0.034098 -0.181423
10 -0.140837 0.311273 0.265953 -0.030253 0.754810 -2.376496 -0.180567 -0.215620 -0.148664 0.767302 0.345296 0.054292 -0.054984 0.648496
14 -0.187838 0.537027 0.320635 -0.034125 0.388068 -1.545029 -0.248593 -0.504045 -0.233716 0.522430 0.333525 0.098595 -0.076276 0.629342
2 0.011631 0.864424 0.354314 -0.017063 0.428391 -2.351708 -0.163943 -0.194646 -0.130528 0.539468 0.262931 0.054292 -0.037935 0.380372
14 0.168055 0.068199 0.562440 -0.051188 0.150587 -1.137871 -0.333242 -0.382462 -0.336903 0.272447 0.367722 0.142897 -0.114617 0.623937
14 0.330516 0.117665 0.242369 0.000000 0.080310 -1.583217 0.000000 -0.066143 0.000000 -0.535909 0.394691 -0.283320 0.000000 1.303038
14 0.112032 0.468273 0.175335 0.000000 0.454297 -2.758866 -0.079294 -0.118696 -0.027340 0.151763 0.354690 0.009989 -0.018967 1.276784
14 -0.110910 0.421361 0.123360 0.000000 0.047323 -1.407749 0.000000 -0.046380 0.000000 -0.470668 0.457333 -0.283320 0.000000 1.269650
11 -0.434292 -0.224550 0.211835 -0.119438 -0.329831 -0.022213 -0.687908 -0.345085 -0.695190 0.734314 1.118414 0.360522 -0.309470 0.742891
6 -0.286410 0.037651 0.056322 -0.153563 -0.590347 1.132121 -0.553684 -0.417854 -0.412070 0.614671 0.457926 0.072295 -0.441470 0.484414
10 -0.057394 -0.592240 0.343782 -0.068250 -0.017376 -0.121139 -0.417892 -0.294822 -0.581029 1.367348 0.165860 0.196508 -0.152958 0.229603
6 -0.114788 -0.427899 0.010885 -0.136501 -0.494492 1.175109 -0.820556 -0.358280 -0.553630 1.173896 0.480001 0.288624 -0.375470 0.153100
