11 -12.527485 -19.776577 -10.713155 -11.487752 -9.982491 -17.067675 74.882586 -19.938704 -9.331235 -18.442970 101.745276 -10.939969 -20.366211 -16.053640
14 -0.647699 -3.947343 -0.476185 -5.714803 -0.207701 1.274415 -0.437978 9.629906 -2.047408 -0.319357 -2.957983 -2.296688 -3.303268 11.452090
9 -4.652000 -8.252790 -0.414000 0.470628 -0.522814 -5.440003 -3.773100 -5.418200 29.403697 0.078435 0.962814 -3.608978 6.053657 -4.887347
1 57.785839 -2.698346 -5.552283 -3.621145 -5.965627 -3.032864 -4.697518 -2.815735 -4.054942 -4.961710 -6.749284 -3.912158 -5.134621 -4.589605
6 4.823404 2.635030 -1.507811 3.588755 -1.417750 7.917417 -9.975368 -0.604924 -4.075823 -1.753596 3.104257 0.973145 -8.675184 4.968445
1 11.382979 -2.150859 -0.505968 -1.521746 -1.093190 -1.853223 -1.300899 -1.309241 -0.070859 -0.634683 -1.054777 2.876840 -1.160326 -1.604048
6 2.909896 -1.937411 -0.934406 -0.015373 -1.298525 11.722472 -2.336524 -0.060673 -2.919688 -4.104835 -2.037599 -1.394638 2.748879 -0.341574
2 -2.631900 5.283041 3.259552 0.104920 3.675334 1.626211 0.323721 -2.600565 -2.174028 -3.061863 -2.678086 1.052038 0.532273 -2.710648
5 -9.420152 -7.328682 -11.198807 -4.350687 86.784208 -3.092427 -5.305137 -5.734478 -6.287008 -5.326287 -8.357636 0.253054 -9.101370 -11.534592
5 1.066736 -13.115982 -3.635086 -3.285973 48.264860 1.601197 -9.014539 -6.457318 -4.557275 0.296346 -6.486848 1.883158 -8.376039 1.816762
14 5.499718 -2.563844 2.086226 -5.025644 0.099383 1.162232 0.268975 -2.588397 -7.683257 5.310747 -3.471656 3.366611 -2.682157 6.221063
3 -1.997368 -6.610334 17.826104 3.451810 7.552244 -3.293580 -5.192081 -3.518511 -0.282800 -3.400623 -6.205818 1.777049 0.673177 -0.779270
3 3.923450 -4.368540 49.115356 -5.870592 -5.713659 -3.564471 -3.450480 -4.051006 -3.746793 -4.575854 -1.104651 -9.702048 -7.552321 0.661610
4 -5.524361 2.837712 -0.246551 5.679998 1.776871 -1.411304 1.875500 0.707824 -4.669050 -2.491452 3.545378 -0.054784 -4.411769 2.385990
1 138.670974 -9.881550 -8.141506 -9.682572 -10.234962 -13.938515 -9.128917 -9.532012 -12.032973 -10.857457 -9.230145 -12.459331 -17.250992 -6.300044
11 -9.228916 -8.769405 4.249927 -1.428857 -10.020206 -8.489510 -7.654036 -4.861985 0.301150 -10.549046 66.009489 -5.677611 1.397284 -5.278277
4 0.845514 -4.429924 0.120467 11.720179 -5.521864 4.379464 3.467973 -4.833546 0.202615 -0.287492 -3.852977 -1.747865 0.271664 -0.334208
12 -8.996491 -7.532756 5.372773 5.685867 1.295452 -2.691903 -2.288623 -9.816303 -4.623090 9.691836 -2.332857 20.362288 -6.766324 2.640128
14 1.804089 -1.284822 5.420079 -7.152671 -9.048554 -4.361729 -4.789752 -5.973210 -9.728798 0.465041 4.801875 -0.483767 -6.636187 36.968405
11 -3.032065 -8.197783 -3.466192 -9.850704 -5.702234 -5.235190 -3.963415 -0.658111 -5.132948 -7.014990 57.404006 1.486936 -3.827448 -2.809860
3 -3.493252 -7.383938 51.520154 -2.177426 -4.820119 -3.711301 -3.512689 -6.142747 1.352342 -5.222992 -2.451812 -7.156984 -3.303259 -3.495978
12 4.581889 1.085229 -0.234680 -1.519555 -0.672924 -4.843478 -3.219445 -7.012247 -3.091182 2.403361 -0.829219 7.049747 3.448786 2.853716
14 -2.355715 -5.427922 -3.822107 -1.145901 0.842938 6.506419 3.120026 -10.292630 0.203330 -2.833823 8.358530 -1.943357 -1.525644 10.315856
9 -4.454611 4.296435 1.228470 -4.768227 -1.004884 -0.927008 0.745476 -3.992604 12.375340 1.133764 2.550675 -3.947307 -3.248458 0.012937
2 -8.658511 7.248419 -4.892688 -0.527617 3.265755 -2.203791 0.451147 2.062078 -4.213134 -1.597437 -2.733369 1.802895 2.845668 7.150585
8 -7.435151 2.566562 -4.859495 2.504326 3.518001 -0.239275 -0.229909 17.315494 -4.116399 -4.954704 0.852085 -2.821672 -4.964943 2.865082
14 -1.792200 -0.505743 -1.830474 -3.480503 -1.087122 -2.385334 0.232194 -4.023638 2.347009 -2.533066 -3.045182 3.318644 0.914000 13.871414
2 2.995003 36.853686 -8.329820 -5.714792 -2.760844 -1.233478 -6.143053 -7.092601 -2.026981 0.581855 -3.953195 -2.289085 5.961769 -6.848465
1 88.218193 -6.363099 -7.500375 -13.962119 -8.319149 -4.314083 -7.786358 -1.249133 -10.710687 -7.865113 -1.643269 -5.848745 -12.338756 -0.317310
2 1.932946 4.280357 -3.477311 -2.863042 1.968682 1.284821 -4.235559 0.811161 -4.075014 2.217010 -1.254672 -0.846963 3.092286 1.165295
5 -2.852644 -6.612722 -2.651830 -0.645779 48.091717 -4.128331 -3.618490 -3.755685 -3.557372 -4.000500 -3.102323 -4.725963 -3.316641 -5.123436
14 2.380845 -3.144226 0.711354 -1.986594 0.071790 1.100559 -1.151444 0.482583 -1.846887 -0.582723 1.679496 -3.579685 2.618976 3.245957
6 1.594102 -9.899700 -2.313605 -7.713038 -2.506598 24.764553 -2.192414 -2.229190 -2.096178 -3.657517 -7.607078 -0.380397 -2.012157 16.249214
5 -2.842981 5.801793 -6.016922 0.737860 10.881585 -0.226219 -5.902328 -0.136294 -6.406618 -6.962323 -4.446761 9.315599 -0.414647 6.618254
7 -5.030375 -2.630051 -8.576805 -5.474081 -4.232472 -9.763279 85.108581 -7.722332 -14.036460 -2.176729 -2.027286 -3.881286 -12.497293 -7.060128
14 -0.944647 -16.426812 -10.409529 -2.867353 -9.457542 -4.267627 -1.345421 2.536609 -10.956487 1.984007 -4.669430 3.835665 -2.699701 55.688266
2 0.403314 7.980662 -0.641364 -1.506293 1.952804 -2.440818 -1.251570 -4.170609 -2.105919 2.792218 0.151705 0.660736 1.171100 -2.995966
2 -8.318087 51.916095 -2.631335 -6.440699 -8.546188 -3.401974 -4.726461 -8.170250 -8.390550 -5.042463 13.754058 -4.761722 -9.493717 4.253297
2 -3.630236 41.063597 -0.668303 0.505466 -0.912779 -2.368080 -1.811976 -10.471011 -5.679426 -3.249153 -2.764284 -1.225449 -3.777240 -5.011124
14 5.795108 -0.603326 0.012176 -0.247741 -1.939792 1.054350 -1.193324 0.742248 -7.560250 -0.874218 0.364677 -0.592426 -1.438269 6.480786
6 -3.495842 -4.254408 -4.137659 2.296720 -1.760020 7.502962 6.707992 0.576724 -4.381905 -1.982553 3.670843 -2.913366 -0.247324 2.417837
3 6.883995 -2.067906 27.282420 -2.024930 -6.803542 -10.401945 1.560989 -0.233294 -11.877033 3.504496 5.887099 -1.100623 -2.698244 -7.911482
13 -0.002826 0.301829 -3.004537 -2.692151 4.953422 -4.195736 -2.021332 -0.298797 0.949858 -0.977551 -0.524460 -0.989365 13.803948 -5.302303
3 -6.194538 -10.647699 94.870266 -6.290035 -6.905949 -7.246719 -5.537078 -5.007742 -6.384909 -6.924484 -11.513959 -5.937251 -10.140954 -6.138951
6 -9.920320 -11.336379 -0.876222 2.908372 -9.171517 39.385775 -2.589372 -2.330690 0.662252 -8.364049 -2.657178 -2.156054 10.477385 -4.032001
12 2.336836 -7.316299 0.838552 -2.447447 5.068211 -4.456146 -4.485109 -3.187781 -2.430508 7.389320 4.357503 9.869607 1.874032 -7.410773
14 -1.245555 -7.571542 3.868280 -0.427771 3.893113 3.949403 -3.479853 -2.622567 -7.752486 7.089412 -2.484540 2.986667 -4.520751 8.318186
13 -0.150154 -3.028077 -3.627397 6.079637 -1.714689 -1.080969 1.036184 -6.524859 -4.786990 1.051785 -2.039701 -1.692923 17.199647 -0.721491
11 -4.772765 13.075385 -1.858427 0.992569 -3.112800 -0.325071 -2.295835 -3.400999 -2.531117 -4.193863 18.191116 -2.521661 -4.290203 -2.956328
13 7.977273 -1.445499 -0.696775 -1.575980 0.826216 -3.497958 -5.049057 3.918911 1.004708 -5.653443 -6.271283 -1.117388 13.226518 -1.646245
14 -2.058702 -6.130523 -4.069170 -4.879257 1.609376 -1.464122 -0.472945 -7.762847 -5.432934 4.370168 -3.677553 2.226883 -1.638667 29.380289
14 3.406325 -1.297433 -0.034181 0.811868 -1.858373 1.733409 0.180393 -3.505441 -1.557001 0.688912 -2.499366 1.636588 -1.521197 3.815498
14 -1.382433 -12.277351 -1.578641 -2.147246 -4.502173 -0.283416 -8.824976 -6.903569 -1.504740 -0.882133 -4.706380 -0.600062 -7.647057 53.240179
11 -8.016325 -13.289629 -9.621157 -3.532653 -4.815949 -14.405541 -15.305359 -13.380886 -7.153106 -8.457047 107.453818 -1.951843 3.143418 -10.667740
7 0.567175 0.590603 -3.543402 1.608430 -2.947334 -0.434607 12.914022 -6.621242 -1.654831 -3.400241 -0.263809 0.506491 -2.629216 5.307958
6 -4.900238 0.232725 -5.233043 -1.869297 -0.133034 25.712878 -2.204556 1.571583 -5.469645 -3.739288 0.590196 2.226936 -5.239651 -1.545567
4 -4.224194 -16.730776 0.274974 82.092045 -11.630844 -8.352054 -7.120842 -1.121976 -3.423010 -5.634908 -4.075240 -5.409206 -9.037106 -5.606862
4 -6.335977 -13.511598 -5.490572 89.957421 -9.746711 -7.427702 -5.170533 -3.515070 -5.888557 -6.549401 -6.993049 -6.155895 -9.905483 -3.266871
4 -6.471155 4.860118 -8.292058 53.913404 -5.015380 -4.610424 -4.511714 2.976436 -11.824265 -5.623516 -2.636358 -7.984288 -10.339137 5.558337
7 -5.615825 2.402091 -7.492921 -5.806692 -14.136788 -3.638124 89.935371 -11.930568 -5.141158 -9.017356 -10.993596 -4.652675 -10.234028 -3.677729
7 -10.445686 -5.770135 -9.505972 -7.847525 -11.383132 -15.367277 112.294891 -11.208511 -10.357320 -5.927324 -0.311590 -11.814579 -2.752548 -9.603292
7 7.503411 -4.944339 2.250952 1.479660 -5.017863 -2.550463 13.097202 -4.350803 -3.824731 -0.413697 -4.404873 2.280727 0.621860 -1.727041
7 -8.886928 -13.033870 -7.279609 -9.078445 -10.437099 -11.583588 109.469530 -7.881421 -10.636993 -7.188056 7.219189 -9.231060 -10.359328 -11.092321
7 -7.650399 -7.837201 -6.697723 -7.576998 -7.922374 -9.787656 86.689082 -4.539372 -8.086099 -5.590401 -3.354626 -7.643834 -6.518509 -3.483890
6 -0.260132 -0.795182 -0.490529 -5.767881 -4.129110 46.944489 -2.806749 -3.458367 -6.374203 -2.547679 -3.423847 -4.760502 -8.325661 -3.804646
9 -3.154155 -0.672603 0.974991 1.878571 -0.623353 -1.320834 -1.317792 0.354095 7.879070 -3.666964 2.233408 -0.763000 -3.557887 1.756452
10 1.704851 -1.462546 4.856615 -0.374913 3.871140 6.529108 1.073650 -7.248471 -5.329486 9.112929 1.442189 4.901440 -12.867519 -6.208988
8 -3.298314 4.697740 5.385541 -3.625201 1.986626 -4.963911 0.617893 17.668689 0.472745 -11.172363 -0.761532 -3.913102 -0.205693 -2.889117
2 -4.915038 11.491908 -5.879975 2.194182 -2.297239 -1.915201 -1.457195 10.168483 -2.005483 -2.290969 1.895988 -4.827478 1.278756 -1.440739
13 -3.755323 -6.191145 2.242166 2.776146 -6.080739 2.234703 -4.899990 -4.926379 0.163847 3.078666 -9.448742 -4.703854 29.869965 -0.359324
4 -10.695779 -7.600396 -7.776330 84.474895 -11.352019 -7.167474 -0.261310 -2.778261 2.507758 -11.007160 -10.183218 -7.619442 1.634748 -12.176012
4 -9.420366 -16.669855 -2.417047 85.048324 -9.896304 -9.721014 -7.215108 -5.802625 -5.549265 -0.980607 -8.332737 -4.429326 1.827284 -6.441353
4 -8.987733 -13.314643 -4.125316 89.234193 -14.127203 -7.073861 -2.602378 -8.072458 -3.584403 -4.736410 -6.067062 -1.791368 -13.229445 -1.521911
11 -0.817421 -1.141769 -0.869332 -3.530808 -3.225183 0.282859 -2.804838 -0.292899 -1.616830 -3.404664 19.646638 -2.319081 2.359471 -2.266143
11 -2.033503 1.714968 -1.495162 -2.112979 1.748150 -3.158172 5.180357 0.560431 -4.983374 0.241886 5.517059 -1.955637 2.456324 -1.680348
3 -1.651724 -1.615210 9.958266 -1.941958 2.515690 -0.468254 -2.314316 -3.290323 9.244737 -3.878529 0.969602 -3.048392 1.027503 -5.507090
4 -6.419272 -5.527774 -5.148934 88.493310 -9.457483 -9.202225 -1.658741 -1.901200 -10.804917 -9.969531 1.716492 -13.263038 -8.391607 -8.465077
5 -8.959801 -10.543849 -5.765758 -4.911959 93.694079 -8.469199 -5.862881 -4.627549 -10.250338 -8.778099 -5.589294 -4.184411 -11.529302 -4.221639
13 -2.923035 2.569532 -4.129765 1.803591 -1.999804 8.429773 -1.930321 -1.862658 -2.009562 -3.711797 -3.674583 -4.890208 11.011783 3.317055
9 -0.667305 -1.587159 1.654878 -0.549945 -0.409210 -1.113919 -0.752588 -0.802366 2.743840 -0.803335 0.183270 -0.446753 0.436483 2.114107
11 -6.921477 -5.873662 -1.357989 -8.362490 -9.442575 -6.355686 -4.864112 -9.484189 -4.824931 -12.556671 86.503660 0.820096 -6.128023 -11.151950
11 -10.954668 -6.488187 -6.951240 -5.566437 -9.009899 -8.030877 -6.075420 -7.165204 -9.930690 -12.632006 107.611175 -7.212087 -9.877051 -7.717409
11 5.581211 -1.965105 -11.294333 0.926103 -5.114424 8.843010 -6.955852 1.233068 -10.561733 -6.702551 28.660545 4.048530 -3.356636 -3.341831
6 2.729941 -4.765693 3.825123 -6.620897 3.083600 8.668061 0.518725 -4.415590 0.675329 1.860167 -4.807245 -0.742346 -1.353499 1.344320
1 78.534665 -2.465748 -6.497116 -10.638730 -4.589506 -8.061143 -7.042845 -4.336767 -8.680113 -12.406146 -8.764926 -7.826723 -1.589110 4.364207
13 -1.617605 -3.344957 2.775778 -1.272466 -4.277909 -3.134600 -0.126722 -3.989706 -8.396651 -4.839984 -0.850974 -5.055090 32.440111 1.690775
3 -0.086576 -4.408168 30.474140 4.923501 -4.211725 -6.394230 -4.661466 -6.998750 4.167734 0.084838 -7.741600 -5.835472 -3.862949 4.550723
4 -6.598614 -6.663908 -7.261254 90.716792 -8.747723 -12.548085 -4.918949 -3.206267 -12.446671 -7.334510 -5.708737 -7.359259 -7.820139 -0.102674
4 -1.704146 -0.241787 -2.730826 87.493191 -7.993238 -2.646548 -4.403644 -3.309004 -16.422442 -13.178740 -3.000722 -7.778784 -15.784649 -8.298660
2 -1.233198 46.255615 -0.954300 -0.127941 0.610033 -4.888849 -5.342251 -8.629489 -8.689711 -6.807794 -8.274165 -3.685238 -4.379744 6.147033
3 -3.451268 -2.506612 7.367374 3.736925 -0.679416 -3.673424 -1.845511 -5.094725 -1.279546 4.667720 -0.079241 1.085201 -0.981701 2.734224
1 0.000000 0.000000 0.000000 0.000000 0.000000 0.000000 0.000000 0.000000 0.000000 0.000000 0.000000 0.000000 0.000000 0.000000
2 -11.871508 53.840923 -3.241196 -1.992903 -2.480644 -2.642142 -3.166142 -2.799914 -7.569152 -3.604774 -1.181740 -5.105088 -5.530148 -2.655571
13 -1.861080 -5.385077 1.629400 1.712296 2.281419 -3.498618 -2.149573 -3.711968 -7.088719 3.607569 -4.217216 -1.560365 18.524600 1.717332
1 80.954335 -11.849494 -5.471327 -0.564056 -5.415788 -1.101860 -5.866560 -3.423735 -6.084832 -12.623818 -4.795905 -9.684989 -11.388483 -2.683493
7 -9.183048 -6.790494 -6.046867 -7.019375 -11.069051 -9.991441 106.565469 -12.518793 -12.740672 -7.761423 1.542631 -7.678394 -8.933930 -8.374610
6 -15.192546 -12.736619 -13.446807 -12.032002 -15.381532 160.046665 -10.977547 -5.749040 -8.857257 -19.302399 -10.295677 -13.799363 -12.735408 -9.540466
4 2.353033 -7.009717 -3.327002 4.796381 -0.241084 2.456663 1.751615 1.286446 -3.787815 1.589633 1.642492 -0.530617 -3.072768 2.092740
13 -2.513043 -1.495822 -0.601758 -5.249912 5.775853 9.723101 -9.313727 -8.018710 -0.310596 4.075987 2.194362 -4.176706 12.686612 -2.775644
1 83.543578 -5.230288 -8.599824 -7.087718 -5.790639 -3.896156 -5.723664 -6.765820 -8.666766 -5.633806 -3.793337 -8.690152 -12.900539 -0.764874
3 -1.668906 -0.340698 7.707666 -0.070791 -2.090103 -2.723414 2.399456 -2.596555 -4.740455 0.806450 3.026037 -1.319420 -3.597468 5.208202
10 -1.931463 -2.623400 11.699122 -4.911602 -2.247307 -2.717532 -4.460084 -3.686742 4.817391 17.230644 -1.027539 -0.849858 -9.069357 -0.222275
1 8.969438 3.033070 -5.903215 1.128755 0.104049 3.062927 -2.207982 -4.560297 -4.526106 -1.736827 0.729068 -2.444895 2.396810 1.955202
8 -1.858874 -3.859263 -0.063721 -4.888752 7.989334 -3.345296 -2.593836 17.415982 -2.141617 -0.824605 1.929183 -2.820751 0.512016 -5.449800
7 -8.604215 -8.514458 -3.352642 -6.070567 -7.029486 -9.288002 80.624600 -5.186038 -11.539793 -12.607808 -5.871316 -8.819551 11.537753 -5.278474
8 0.000000 0.000000 0.000000 0.000000 0.000000 0.000000 -0.170279 1.997603 -1.340325 0.000000 -0.046797 0.000000 -0.440202 0.000000
11 0.288932 3.174867 -1.318333 -2.815815 2.797211 3.319017 -0.221665 -2.182440 -3.334562 -4.712522 6.774015 -0.960297 -1.739590 0.931182
10 1.722199 -3.805893 0.224918 -2.140104 -3.836471 -0.617462 -3.627979 -3.618405 -4.371856 21.608834 -0.395565 1.241095 -1.714932 -0.668380
14 1.616915 0.384582 -1.858526 -5.002577 -0.767380 -1.998531 2.199590 -1.875121 3.089787 -4.005662 -2.432620 5.002227 -4.543489 10.190806
13 -2.854667 -4.756336 6.583489 -3.247334 -0.900080 -0.638327 -1.391040 -2.654738 -5.577424 -1.830879 -1.645351 -1.982572 23.197737 -2.302479
2 25.896998 76.358888 -17.063609 -10.253635 -7.863276 -3.962118 -9.760243 -8.144685 -9.305668 -13.219989 4.254713 -11.355480 -7.952869 -7.629026
6 -1.209924 -0.067049 -1.407909 -1.481414 -1.829632 6.162691 -0.116243 -0.506734 0.804109 -0.550114 -0.774343 1.002614 1.749227 -1.775280
2 -3.458831 49.610955 -5.902843 -6.229317 -2.105759 -0.460683 -5.199137 1.638892 -3.312813 -5.235417 -3.516075 -9.725288 -4.982499 -1.121182
14 -2.111781 1.823985 0.658883 1.588527 0.767200 -0.024615 0.112429 -0.312726 -4.234550 0.415679 1.549883 0.610672 -2.829651 1.986065
4 -7.780092 -13.086674 -10.467567 84.944780 -14.787234 31.927172 -7.374821 -4.482835 -7.355320 -10.577240 -13.439752 -8.855073 -8.263628 -10.401715
1 96.254270 -7.493758 -5.779747 -8.003112 -7.415739 -7.785492 -6.151507 -8.163883 -1.634932 -7.738830 -5.881562 -9.985134 -10.918960 -9.301615
1 101.836998 -1.409664 -9.405467 -9.524604 -7.931517 -3.876139 -7.674427 -7.895241 -7.477623 -6.303026 -2.472383 -13.793977 -12.368665 -11.704265
1 92.135359 -7.125293 -7.980276 -9.802088 -13.039817 -7.143969 -4.267708 -5.495432 -4.600709 -4.015496 -6.224332 -2.683822 -7.141044 -12.615374
8 -6.804654 11.355213 -5.112662 -7.437107 3.536676 -6.432992 -3.927843 12.227623 8.220134 2.838895 10.867090 -14.038243 0.777072 -6.069203
4 -6.315032 -9.172246 -7.384341 99.238323 -12.655120 -6.132236 -5.319150 -5.047545 -10.889170 -8.052743 -4.582994 -8.089915 -15.115349 -0.482482
7 -1.014820 -2.784588 -0.461127 0.605112 -2.265468 -2.081822 6.065946 -1.753897 3.449159 -3.376186 0.025334 -0.659564 1.236652 3.015268
2 -7.276871 61.221264 -5.298788 -3.160839 -8.620073 -2.754819 3.458971 -4.882560 -2.205525 -1.097631 -5.161224 -5.522807 -7.386504 -11.312591
1 9.041008 -4.215391 1.090320 2.439147 1.443259 1.074611 -0.242707 -0.875148 -2.083547 -2.618665 0.472605 1.676264 -4.120194 -3.081561
10 5.484247 -4.224979 -3.502167 -7.589828 -1.756371 2.747393 10.019355 4.200267 -7.111633 12.862762 -4.780297 -4.853018 -1.345054 -0.150676
13 -1.143825 2.832243 0.817419 -0.283877 -6.524007 -5.279529 -1.590227 -5.408159 4.356373 -1.580819 2.294891 2.767673 5.832689 2.909155
9 -3.489437 -4.172214 1.106014 -5.508216 6.383920 5.742593 -4.163564 -4.390306 16.583442 0.459641 0.952953 -5.288524 0.128733 -4.345037
9 -3.710115 -4.026794 3.232044 -6.197539 1.382564 0.421889 -2.144575 3.247317 12.019139 2.099015 -1.812839 -4.520879 1.374232 -1.363461
5 0.836915 -11.898116 6.428997 -4.075284 44.417532 4.186973 -0.885406 4.145442 -5.046321 -7.709509 -8.512921 -4.490964 -15.201484 -2.195854
4 -3.114249 -9.612791 -5.793959 91.144410 -12.679816 -7.982829 -5.285587 -2.920444 -7.153200 -11.061007 -5.655257 -5.003597 -7.390635 -7.491037
4 -7.870379 -2.355507 -3.448183 90.065632 -5.540498 -9.271273 -6.355858 -6.444941 -4.445990 -8.933484 -11.856828 -2.121490 -12.701627 -8.719572
4 -3.726329 -10.223129 -2.756715 96.339614 -12.757796 -8.540363 -9.803344 -5.619069 -12.601259 2.356085 -5.773364 -4.191947 -18.215102 -4.487281
4 -5.272925 -4.492004 -3.323063 56.275762 -5.578162 -5.699889 -3.993787 -1.124812 -6.512305 -3.987340 -2.651659 -3.226407 -7.670604 -2.742802
4 2.138147 -9.187225 -2.244824 11.979626 -4.074428 5.542345 -12.941389 6.319561 3.767551 -0.689722 -5.787973 0.771926 1.839170 2.567233
1 77.558012 -9.171335 -5.610188 -9.220713 -7.733884 -5.626026 -9.933345 -1.147657 -4.814049 -2.134221 -7.290326 -1.560468 -6.162239 -7.153565
7 0.663658 -10.774314 0.400318 -2.319920 -2.863015 2.091265 11.199043 -1.232579 -1.914613 1.775329 2.533295 2.303125 0.472711 -2.334302
8 -1.437537 -8.520140 -3.655550 3.252679 -1.979342 -2.644994 -5.010933 36.842272 -4.563576 -0.535730 -3.836049 -3.479518 0.452893 -4.884475
1 93.160885 -9.968787 -7.188555 -6.634051 -6.156609 -14.432567 -9.327215 -7.773049 -2.463683 -11.858077 -6.025943 -7.221438 4.265183 -8.376098
1 86.971084 -5.016112 -5.541262 4.186578 -8.698727 -10.367608 -3.067977 -11.943590 -1.651906 -11.657140 -7.127694 -8.252899 -7.113728 -10.719023
3 -2.780515 -8.479842 20.241645 9.159984 -5.625817 -2.675712 0.443118 -5.325089 -1.830886 -3.713589 0.584096 2.190203 0.058167 -2.245762
3 -3.895879 -3.441584 48.822243 -4.912339 -7.933835 -1.858365 -1.997804 3.246144 -0.314436 -1.860983 -4.992781 -6.155958 -6.877763 -7.826661
1 65.435169 -7.314388 -7.752826 -4.460812 -4.476668 -4.468774 -4.537514 -3.834302 1.727663 -7.881797 -0.259404 -9.051966 -5.867756 -7.256626
3 -4.649874 -4.519858 89.420883 -6.926648 -5.425018 -6.490328 -5.449062 -4.554209 -6.590013 -7.348842 -6.809425 -7.970937 -11.673632 -11.013037
14 1.386417 -6.348171 -4.709578 -1.260604 3.083856 1.102995 -0.833958 5.128793 -7.086144 2.680875 -1.240682 0.817889 0.151682 7.126627
14 -5.936044 -10.938896 -0.560677 -0.727304 -3.416433 -0.715622 -1.787507 -0.731390 -11.388218 -2.981033 0.411459 -5.442233 -6.055615 50.269515
8 -4.084260 -0.261519 -3.008257 0.701583 -8.364457 -5.659963 8.659680 36.959606 -4.071610 3.006083 -6.247806 -5.295373 -6.198182 -6.135524
3 -0.311031 -8.848563 51.934032 3.984282 -3.307464 -2.692479 -3.793085 -9.968474 -0.078254 -4.133096 -3.808309 -4.061990 -9.354566 -5.561005
6 -7.094096 -5.102590 -5.952984 -2.744187 -8.956271 76.461848 -0.031448 -8.937373 -4.938991 -8.012141 -5.250740 -4.144294 -9.215250 -6.081484
13 -1.597854 -8.290391 9.745338 -6.254812 -5.218661 1.267787 -2.475265 -8.841791 2.765615 1.327919 0.601489 2.883071 13.986143 0.101411
3 -3.885316 -8.319500 65.214555 -8.304758 -8.871999 -4.698952 -5.407740 -6.509383 -2.361025 -3.196990 -5.068675 1.372086 -7.739000 -2.223305
14 0.301670 -0.883170 1.172096 -0.824420 0.094713 -0.466862 -0.947320 -1.030136 1.686816 -2.230271 -0.621142 0.672319 0.493597 2.582107
11 -4.245926 -5.059722 -3.795336 -1.918756 2.361433 -3.481811 3.637835 -0.257762 -3.529841 -2.714319 21.404653 -5.101707 -2.900873 5.602130
11 -8.137383 -1.324842 -3.835774 3.427578 -6.854839 0.451041 -2.023134 1.175052 0.373644 2.869072 20.160353 3.494220 -2.592304 -7.182686
11 -8.738000 -14.196561 -6.995548 -4.220250 -7.914700 -12.757648 -5.261553 -4.930733 -9.255835 -9.896487 106.128861 -8.131796 -8.122976 -5.706773
11 -4.654411 1.536113 -4.128829 -1.692246 3.537340 -0.074987 -3.169889 0.507284 -10.492717 -8.228648 33.235409 -1.155535 -3.396970 -1.821915
1 85.654577 -5.054100 3.146780 -8.338097 -2.778706 -6.024594 -7.971778 -6.738392 -9.836260 -10.397364 -10.321934 -5.827908 -10.249176 -5.263052
5 -2.963253 -6.015420 -5.260825 -4.287483 65.947414 -1.661261 -3.459951 -10.301556 -9.857101 -2.609718 -1.721126 -9.527189 1.202498 -9.485027
4 -8.444452 -5.139308 -11.097495 100.388834 -4.520601 -4.059594 -5.866452 -6.529854 -5.118010 -6.066289 -14.469171 -2.022675 -15.177867 -11.877065
7 -7.400736 -3.824764 -7.573869 -9.321445 -7.860017 -11.799619 105.364347 -10.275819 -9.703424 -5.224343 -9.624600 -9.632821 -4.425610 -8.697280
3 5.662744 -5.832837 7.099838 -0.330444 -1.304034 6.442301 1.602732 -1.774297 2.960768 6.715164 -4.695771 0.676706 -18.505309 1.282440
5 -7.434785 -0.555859 -4.770478 4.935767 58.485551 -2.646982 -5.431675 -6.053301 -6.871314 -6.416965 -5.464705 -5.291639 -9.893769 -2.589845
4 -2.718067 -8.538490 -6.232514 91.083697 -6.649042 -8.338471 -4.556445 -3.746697 -6.910930 2.149603 -12.232268 -4.956060 -13.864712 -14.489603
6 -6.593636 -5.707312 -12.794947 -12.809196 -8.228954 115.581147 -6.121117 -6.303816 -3.915280 -10.794895 -14.339552 -8.898985 -13.046377 -6.027079
8 -6.000823 -5.968724 -0.613342 0.195549 -1.024090 4.484172 -0.391571 19.412170 -3.018430 -3.396350 -5.987765 7.561646 1.748699 -7.001138
6 -8.456665 -7.057447 -5.640241 -6.606297 -6.201831 96.601790 -6.789870 -9.337537 -6.518764 -5.829667 -6.175096 -7.732042 -11.586301 -8.670033
6 1.738877 -3.248924 -3.252830 -1.402789 -2.940177 14.070069 -1.125923 -3.603306 8.614347 -3.901708 -3.232650 -0.009644 -3.161195 1.455853
11 4.417055 2.627210 4.009271 2.148561 -4.460255 -0.339270 2.715347 -1.300040 3.923779 -1.472219 6.251423 -4.777175 -8.691668 -5.052020
13 -3.055099 -7.951661 -1.735933 -0.170073 -3.092807 -4.010524 -5.948404 -5.703143 10.955967 -0.736197 -6.219530 -4.824776 38.604106 -6.111929
13 5.088818 2.757699 -0.151213 -2.891124 -4.240558 -1.027580 -0.545382 -4.668114 -3.404964 -1.259989 2.732801 -0.933003 13.619395 -5.076787
14 -0.042007 -2.479411 -1.182928 -0.911514 -0.278374 -0.174819 -1.408344 4.268804 -0.040356 -2.152106 -0.695668 -1.360639 -0.000059 6.457421
9 -7.540038 -4.944607 -4.427658 -4.750429 7.874272 -0.734295 0.322509 -2.540519 22.437667 1.915341 -2.855333 -6.056360 1.836289 -0.536838
12 9.332774 -11.146294 2.439239 -0.623287 -5.426091 -4.005500 -0.455005 -4.194635 -1.505724 -0.542195 3.334133 12.819802 -0.940614 0.913398
4 -8.640406 -11.823598 -6.072454 87.894891 -10.922344 -8.905026 -6.224101 0.154199 -2.085631 -10.671854 -8.126338 -5.197290 -7.664609 -1.715438
14 1.980595 -8.798739 -1.424183 -3.233588 0.453742 0.255817 0.852874 0.290668 -0.708928 -2.628231 -3.398823 2.254571 5.106004 8.998217
4 -5.870684 -8.961434 -9.619684 65.020526 -7.752313 0.324296 -7.930321 -7.391333 -13.443343 -3.758677 0.705605 -1.735133 5.584592 -5.172096
4 -7.742278 -5.631506 -11.031676 105.656842 -12.765179 -5.435895 -2.729372 -1.557943 -10.814826 -13.567952 -4.368975 -11.291270 -13.593254 -5.126715
3 -8.948890 4.664978 93.245626 -9.284394 -6.196399 -2.824967 -4.964362 -8.277891 -3.973190 -8.894511 -7.944209 -7.149920 -13.699522 -15.752349
3 9.965169 -1.320291 14.917605 1.655199 -6.876122 -0.505313 -4.128972 -0.833348 -5.302374 1.111453 -0.939737 -2.383776 -4.426452 -0.933042
2 -1.237654 3.751812 -4.980580 -0.843561 -2.310739 -0.004559 -1.123542 2.949419 3.430618 -0.933123 -1.101715 1.585975 2.747422 -1.929773
10 -0.720132 -0.759227 0.038803 1.930177 1.474321 3.742419 -3.571464 -1.843850 -4.595380 4.208527 1.497977 -2.583816 0.068803 1.112839
13 -4.417908 -0.150078 1.593590 4.407833 1.708703 -2.044921 0.987356 -2.127329 -2.734032 -6.072338 0.836911 -0.742882 7.063023 1.692073
14 -0.844657 4.968220 -3.646273 -2.732840 -2.145991 2.771715 0.215210 -1.041432 -0.231853 -0.876775 3.677724 -5.852024 -3.044328 8.783306
8 -7.559605 2.179977 -0.461567 -7.429766 8.270882 4.664152 6.693596 8.799763 -12.024312 -4.986176 3.978729 -1.785899 -9.038502 8.698727
4 3.615206 -9.448589 -2.295736 7.233849 -1.441150 -3.074624 -0.266858 0.694854 -0.662955 -1.201584 -1.972313 1.149510 5.556980 2.113410
8 2.669769 -5.411056 2.508007 -4.390485 1.871505 -0.738075 -0.019727 6.208390 -2.394591 3.042689 -4.054274 -6.494308 2.686307 4.515846
4 -2.787540 -12.130997 -6.074979 86.003702 -12.931903 -9.548151 -7.374358 2.170424 0.287719 -14.428785 -4.068406 -8.638789 -9.010833 -1.467103
4 -5.840988 -13.557687 -5.851077 89.703454 -9.349387 -9.032396 -3.253628 -0.935159 -7.137900 -7.418534 -7.560143 -5.943789 -4.981422 -8.841343
1 6.148663 1.549868 1.557402 -1.718756 -2.004025 1.558683 -1.021267 0.795948 -1.424402 -1.354261 -0.787280 0.388882 -3.464486 -0.224970
12 0.746939 7.271674 -0.134066 -8.589311 3.716852 -2.352503 -4.589174 7.339958 -10.991043 -3.956919 -3.335930 17.946177 -0.232890 -2.839765
1 76.171786 -3.011772 -2.282648 -6.538085 -14.168881 -2.924410 -7.516131 -7.368260 -4.078442 -5.193586 -5.994632 -3.147531 -8.981707 -4.965698
14 1.366172 -4.078872 1.145860 -3.516344 -3.240852 3.879983 0.534539 -3.071919 3.931946 -7.196797 -8.335109 -1.401303 0.376002 19.606691
2 4.423065 8.283360 1.659547 -2.931842 -1.965028 1.368187 0.917055 -5.659763 -10.354460 8.197434 3.770361 1.649159 -11.368772 2.011697
4 -4.143828 -13.507882 -6.849792 60.622717 -9.657140 -4.023139 -1.512621 -2.716843 -4.056761 -1.938747 -5.687358 2.201214 -11.927078 3.197258
5 -5.254639 -4.302064 -6.002947 -1.686767 65.621093 -9.270740 -6.179194 -8.488072 -2.973453 -6.073941 -1.398963 -2.042391 1.046110 -12.994033
4 -3.489056 -11.266899 -9.400209 93.136221 -3.768005 -13.647373 -9.116229 -3.322870 -8.458011 8.324138 -7.534874 -6.081254 -19.090292 -6.285283
14 0.326999 -9.643579 -2.264360 -4.380107 -2.415477 -0.101385 -2.068205 -4.854945 -1.501739 -3.730528 -0.158192 -9.659179 -1.324546 41.775242
2 -0.344721 2.305260 -1.223401 -0.439836 2.012752 0.405335 -0.070965 -1.743151 0.256849 -0.440751 -0.958231 0.653333 0.135605 -0.548080
7 -2.176194 0.449731 -2.521195 -2.914303 1.296041 1.460656 1.636159 1.430613 -0.300074 -0.063705 0.923706 -0.364071 -0.382687 1.525321
4 -6.533819 -13.389891 -8.277668 90.000402 -12.565244 -2.370924 -2.504239 2.952740 -6.248799 -6.269376 -10.945910 -3.891163 -7.827825 -12.128283
10 5.116961 -17.352638 7.735104 -3.109636 -6.487965 0.936172 -0.571655 -6.568193 -1.353368 18.977374 -2.301525 18.239155 -9.471525 -3.788262
14 -3.351924 -6.447273 -0.463154 -4.791042 3.224017 2.085637 -2.447798 -1.341764 -1.664918 7.054328 -1.176683 -5.708054 -0.089397 15.118026
6 -10.677400 -3.691187 -4.611657 -4.494210 -8.464351 85.596348 -7.465660 -8.930599 -1.225002 -5.837855 -7.218924 -6.642245 -6.818979 -9.518276
13 -2.764678 1.603100 -3.676274 -1.862996 2.069979 2.773800 -4.269840 -5.267546 3.157171 -2.082371 -0.426820 2.514822 9.693940 -1.462286
6 -0.557334 -1.123768 -0.961494 2.017602 -0.115868 2.438289 0.803133 -3.872783 1.304015 1.153388 0.512425 -2.082583 1.976454 -1.491478
4 -10.807399 -9.310631 -7.662536 92.603866 -13.056209 -8.079853 -3.210346 0.610701 -8.747108 -10.876725 -4.413149 -3.930732 -7.259239 -5.860639
10 -7.557034 -6.305657 -4.360078 -2.545106 -0.828744 -5.935456 -9.768518 -1.933809 0.545794 55.239444 -5.400770 -5.971961 2.885812 -8.063914
8 -2.770548 3.442460 -1.867949 -4.251469 -4.299112 -3.928557 -6.167606 32.675207 -2.199985 13.945317 -7.456448 -5.748366 -5.726010 -5.646934
8 -2.907162 -2.339406 2.130657 -3.189155 -7.010734 -1.529068 -2.551255 28.317478 -0.748111 -0.882052 -4.963309 -3.875446 0.488261 -0.940698
1 80.494643 -10.004441 -2.539798 1.174133 -2.814873 -13.861860 -5.680447 -9.891934 -0.438672 -10.758137 -5.524137 -14.096349 -2.798941 -3.259190
4 -5.259440 1.786099 -5.204584 55.372767 -6.319688 -6.537881 -8.306140 0.492767 -6.254957 -5.199342 -4.290710 -9.142721 2.102869 -3.239038
5 -1.897957 -8.605161 -2.958810 -3.610794 49.298908 -6.346490 -7.662951 2.640762 -4.346320 -5.861201 -7.783853 -7.352545 8.876682 -4.390270
11 -7.642369 0.993267 -7.972930 -0.811960 -1.680398 -11.064303 -6.406051 -9.397362 -10.686661 -4.483417 92.783073 -10.394153 -11.944191 -11.292542
14 0.929843 1.145181 1.419418 1.902337 0.219679 -1.927394 2.072560 -0.346332 -5.783402 -1.204723 1.357554 0.286429 -4.567351 4.496200
10 5.474509 -9.737030 -0.558415 0.179527 -2.636388 1.628564 -1.204899 1.460282 6.038938 7.849292 -8.278840 4.120347 -1.055271 -3.280620
8 -1.401935 -5.709338 -5.666823 3.700207 7.246631 3.681121 -2.569652 11.431402 3.475434 -1.560618 -2.165964 -3.856971 -3.747803 -2.855690
5 4.814686 -0.165459 -0.928352 2.388812 7.406959 -0.683012 -1.991095 6.240750 -4.085497 -5.313314 -7.800335 0.564834 2.897944 -3.346923
4 -0.111642 -10.108722 -1.299951 14.877007 6.211074 3.602913 -7.280115 -3.126434 4.526592 -3.621896 -4.156863 -1.107416 2.701723 -1.106273
1 6.011037 -0.763149 -2.033593 -3.515775 1.934292 -3.230465 1.920101 -0.866112 -1.636370 3.707574 -1.829066 -0.821729 1.189174 -0.065922
4 -10.070922 -15.236141 -2.871877 93.085591 -10.759561 -7.744027 -6.417058 0.120110 -3.365314 -10.522496 -8.240671 -5.076763 -8.702573 -4.198297
4 -5.850042 -0.815864 -11.125577 5.933790 3.443596 4.780186 3.951729 3.984911 -6.158730 -2.277359 5.100812 2.432584 -2.788765 -0.611271
10 -1.299669 7.480905 -3.457080 1.865529 -3.090217 1.707412 -5.878865 -4.562144 -0.585730 7.876185 -5.337413 -3.594097 7.589950 1.285231
1 43.821723 -13.209506 -3.096744 -0.784555 -4.238653 -2.247036 -5.747867 -10.864779 0.276720 1.720683 -5.030247 12.676610 -11.098617 -2.177735
6 -2.648597 -3.700104 -10.867880 -6.885272 -3.513065 65.946201 -3.084064 -3.369881 -3.676089 -10.148610 -0.654382 -9.919451 -5.026474 -2.452330
3 -2.301571 -7.350768 20.733967 -6.488450 2.423867 -1.896673 2.201785 -4.338497 -4.463457 0.586367 -3.429010 5.709932 0.196632 -1.584123
5 0.961923 4.619020 -14.693089 -5.738187 51.235251 -7.676746 -4.820290 9.907129 -5.563183 -6.893282 -10.807271 1.083305 -2.107083 -9.507496
8 -5.199720 -6.121831 -6.692440 3.524391 -5.152789 2.795238 -7.805853 49.335117 -7.207220 -7.777099 -5.809462 2.942644 -5.178907 -1.652071
14 -2.204189 -2.660432 1.945700 -2.011299 3.189505 -4.054577 0.389443 0.375630 -1.349470 2.326010 -2.233847 -0.428093 1.318170 5.397450
1 5.718865 2.522278 -0.155897 0.672041 -0.856236 0.229435 3.055071 -0.412251 -5.587455 2.239178 2.628992 -0.302398 -5.416292 -4.335332
6 3.295249 -6.690653 -9.495479 2.359112 -4.557719 31.383305 -5.859520 -4.291746 3.605378 -7.824969 -4.820347 7.855295 -0.197637 -4.760271
12 -9.273502 1.317085 -2.499355 7.311887 -2.118547 -2.704546 -2.746740 8.299513 -1.379102 -7.832292 -1.034327 10.597358 3.591500 -1.528932
3 -1.795609 -4.996769 40.976965 -0.220534 -2.138733 -2.397321 -0.599540 -3.698573 -3.809039 -2.093808 -6.170682 -6.080277 -3.817008 -3.159075
12 1.213866 -0.212175 1.401399 -1.930791 -1.074524 -2.595161 1.494396 -1.283704 3.880209 -1.475407 -1.798940 7.112220 -2.429305 -2.302082
14 0.668878 2.251763 -7.446262 -0.243927 -4.962105 6.332521 -6.142389 -2.116928 0.062393 4.157622 -9.057173 4.861185 2.678726 8.955694
14 1.138344 0.701978 0.857651 -3.673581 2.623850 0.618249 -1.714961 -1.186429 -5.194442 0.744970 1.523276 -3.771956 2.289565 5.043485
11 -1.622042 -2.090602 -3.942832 -2.981243 -5.276978 -8.952026 -3.177838 -1.910946 -2.745539 1.484509 36.082083 -2.211279 -5.370730 2.715464
13 0.350958 2.898220 0.802891 -1.477489 -2.152529 -0.732710 -1.037142 -1.906272 -2.925325 2.784640 -1.520586 -1.147951 5.588720 0.474576
14 -1.393494 0.238350 -1.954712 -0.158327 -1.600032 -1.357652 -2.361273 -3.845500 1.728751 3.662255 0.035566 5.364401 -3.962137 5.603803
1 97.165780 -8.700177 -5.715161 -8.424490 -6.392492 -8.889204 -7.128105 -6.879963 -6.393145 -4.849995 -7.336901 -6.638841 -9.892755 -9.924550
12 -0.614513 -0.582791 -2.921269 -2.810709 1.218388 -0.519024 2.786032 -5.317259 0.548039 -1.877414 -0.799640 8.007415 0.889839 1.992902
10 -0.028721 -9.052384 5.196491 3.105117 -0.397977 -0.597293 -2.035324 -0.862827 -4.630355 5.859874 0.002416 4.804554 4.391195 -5.754765
3 -1.264185 -3.636424 7.882205 -4.448809 0.762361 -1.106684 2.200721 2.157070 -2.322882 -4.243190 -1.941220 1.556045 3.205086 1.199906
1 77.591805 -6.486591 -4.532813 -6.152967 -8.205442 -10.819323 -6.080184 -6.605203 -0.482363 -8.069279 -2.857341 -7.654316 -3.814149 -5.831837
1 68.127940 -9.193389 -4.348121 -7.482371 -1.206645 0.045903 -6.654027 -3.092831 -6.836005 4.736442 -7.719532 -9.439886 -12.558126 -4.379351
2 -4.128884 6.519191 -2.859471 -2.530126 1.982867 -1.403011 -1.903974 -5.231998 -2.649721 2.491536 -3.363644 4.672255 5.604561 2.800419
6 -0.169127 4.421286 -2.524491 -7.388786 -0.539945 38.180965 -4.790322 -7.344706 -4.853700 -6.800746 -2.434306 -6.109793 5.890589 -5.536917
5 -9.743665 -1.637199 -4.430387 -8.795970 52.196443 -6.151386 4.055225 9.271602 -13.008147 -0.912598 -9.042165 -9.937938 -10.523302 8.659486
6 0.825413 4.833060 -10.857911 -2.787852 -4.498263 38.221850 -7.047406 0.406027 -3.565268 -3.336307 -6.767075 -6.939840 -3.302044 4.815617
3 0.985350 -9.641399 13.912999 -0.526957 -6.973330 -1.303687 -5.086420 -3.948712 -2.326775 0.610671 4.538810 9.937327 3.800294 -3.978174
2 3.463467 8.543222 -4.790292 -1.474183 -5.620403 3.428616 4.153439 3.046163 -9.096013 -1.517894 -9.491313 7.934794 -4.612898 6.033296
3 -3.429447 -7.330476 63.483726 -7.882216 -8.491651 -4.605959 -5.641774 -6.326538 -3.017841 -3.035668 -4.969734 1.656197 -8.404410 -2.004209
10 1.764077 -2.096486 0.701102 -5.619435 1.005064 0.212069 -2.996622 -5.215160 5.245727 9.434113 -3.547249 -1.054809 -3.959271 6.126882
6 -0.623186 -1.137520 1.144615 2.716777 -3.411093 6.226137 -1.061528 -1.815868 -0.059583 -1.331946 -0.721901 -1.021859 2.264262 -1.167308
3 -7.811442 -3.471264 32.987787 -1.326000 3.250860 -7.059559 -0.855497 -3.856689 -0.701585 4.177803 0.945563 -7.270487 -7.485619 -1.523870
10 -4.832544 0.880593 1.935775 -0.013197 -2.592738 -2.429384 -6.561626 -5.732868 -4.236075 45.675176 -6.907489 -0.460742 -10.398256 -4.326623
10 -2.205707 -10.761939 1.621297 -1.105786 7.763712 1.198392 -1.083591 -6.193297 -5.932996 14.725867 1.175024 4.656105 -7.988116 4.131035
7 -6.918856 -7.961854 -7.208111 -6.609796 -9.306142 -8.407542 105.704438 -8.937368 -7.009808 -6.725991 -13.895561 -7.155528 -8.626149 -6.941730
11 -3.634647 -0.496523 -0.479110 3.846491 -3.199770 2.887337 -1.910708 2.745802 -7.848260 -5.605974 8.819482 2.507453 1.236042 1.132384
12 -6.141732 -2.452571 2.116814 0.455104 -4.351656 -2.362327 2.418281 -2.927532 -3.779655 -2.043902 1.209310 30.720803 -11.593704 -1.267234
14 -2.111781 1.823985 0.658883 1.588527 0.767200 -0.024615 0.112429 -0.312726 -4.234550 0.415679 1.549883 0.610672 -2.829651 1.986065
11 -8.292323 -13.260182 -0.885591 -4.871333 2.602603 -6.907006 -6.847428 -11.001766 3.284685 -8.454514 64.652617 -2.654712 -4.575222 -2.789830
11 -10.050581 -9.261178 -5.680451 -7.530205 -5.707238 -9.658294 -6.522203 -7.201236 -11.987161 -11.795507 110.058122 -6.666296 -10.464846 -7.532923
2 0.673878 11.616572 3.058235 -4.415454 1.247369 -2.295124 2.463431 5.611702 -8.639132 -2.491309 -1.168552 -3.311091 -2.378325 0.027798
3 -3.340657 -7.330476 61.877371 -7.794588 -6.494048 -4.790611 -5.328019 -6.103134 -2.941594 -2.958111 -5.700609 1.464754 -8.361770 -2.198508
11 -3.923945 7.510745 -4.286685 -0.677878 -1.296400 -6.170554 3.242565 -0.098697 -7.773485 1.111759 12.990791 -1.105515 1.663793 -1.186497
14 -4.757685 -0.434327 3.284618 -2.071903 1.365866 1.618089 -0.394846 -4.859412 -8.223550 -2.791276 -1.867448 2.214787 7.418289 9.498798
11 -5.212345 1.525527 -0.950836 -4.532941 4.645913 -3.848409 0.577642 -2.193822 -6.376821 1.617758 14.942023 0.757756 1.292781 -2.244229
11 1.822368 3.463819 -6.269680 -0.886009 -1.295389 1.658348 1.519460 1.272542 -1.726710 -5.480395 5.464445 -2.675032 -0.962291 4.094522
2 0.237661 5.649621 0.328799 5.202764 -1.609539 -0.123921 0.902144 -2.354819 -4.504142 -0.277062 1.150491 -0.973751 -2.117302 -1.510944
10 0.190354 -4.137641 3.937844 -2.842151 -2.032481 -0.509478 1.182051 0.693449 3.234348 10.359262 2.899809 -0.524528 -7.183230 -5.267607
11 -10.360466 36.722362 -8.006314 -5.635758 -5.103920 -12.473924 -1.271378 -7.910287 -10.539749 -9.419153 60.354348 -10.085073 -10.863509 -5.407176
10 -3.412300 -2.915208 -2.981729 -2.440812 -1.187408 -1.958250 -0.487761 -4.070392 -2.840752 26.715382 -2.537386 -0.848286 2.643630 -3.678727
11 -2.113181 -5.083595 -9.441574 -1.979664 0.393505 -3.083599 -8.889583 -4.553671 -12.833938 -0.283472 64.068030 -1.861112 -11.978579 -2.359567
11 -6.486123 -2.945823 -5.876188 -2.984615 -3.702154 -3.908225 -5.829831 -1.123153 -13.422467 -0.913140 56.191228 -2.698653 -4.852894 -1.447963
6 0.541127 -3.911180 -5.774609 8.681232 -3.953961 30.098710 -0.456657 -5.422959 -6.372858 -6.621013 -2.967328 1.465935 -6.271262 0.964822
13 -0.952439 -9.982611 -3.087844 -5.158029 0.196639 -5.067789 -2.353677 -3.266153 1.817478 -7.253443 -3.662592 0.079052 38.447067 0.244342
5 -2.083537 15.444574 -8.288991 -5.741837 54.274792 -3.390463 -4.906952 0.175977 -6.459769 -6.952873 -6.439729 -10.933042 -5.454127 -9.244020
2 -3.955728 17.036097 -7.677094 1.206264 -3.347560 -0.746989 3.583362 2.217863 -10.759150 0.396958 -0.082707 0.880149 -3.751001 4.999534
14 -1.134673 7.104680 -0.598895 -0.599495 -3.309098 -5.744933 -0.969002 2.610911 -3.241903 1.562105 4.383850 -0.846545 -6.530177 7.313176
14 -2.862279 0.649999 -2.974029 -3.244762 0.915099 -3.126828 -2.747618 2.922781 -8.563748 -9.058114 7.915128 -3.553925 4.767952 18.960345
5 -6.475783 2.099319 -2.693079 0.355711 6.373387 -0.802037 0.584518 2.213840 -8.050910 -2.966273 5.181521 4.180331 -3.635898 3.635351
8 -9.723952 8.847947 -2.398533 4.731782 0.206757 -0.692007 0.552354 13.419312 -7.610345 6.860939 -0.326287 -5.949739 -8.676557 0.758330
5 -4.199331 1.583495 4.325007 -6.636736 43.347306 -4.386420 -7.710796 -0.571923 -7.244877 5.579269 -1.383641 -6.282880 -10.361098 -6.057374
9 2.180715 3.633153 -4.267556 -7.166008 -2.835019 -2.630298 -3.557805 6.667950 9.259686 -3.627423 5.235084 -1.291894 0.847006 -2.447590
12 -0.492990 -2.048297 -2.248473 1.320526 -2.766817 0.604052 -5.563582 -6.242749 -1.606391 3.971285 -4.060019 9.761390 3.547794 5.824271
5 -3.936418 2.443026 0.608903 -1.567461 13.852806 -3.925685 0.225936 -5.873726 -6.110374 1.439330 -1.552442 -2.122140 7.498168 -0.979922
2 -4.714931 41.453615 -2.530122 -3.633333 -1.773765 -3.464818 -1.445151 -2.770714 -7.214677 -5.674441 -1.171407 -2.915964 -2.761647 -1.382646
13 -0.532509 -3.519938 0.240580 -0.191961 -3.310260 -1.357266 -4.905963 -0.399438 1.012320 -2.125121 0.300376 -4.882001 16.829469 2.841712
14 1.102444 -6.636440 -0.534145 -5.275628 -1.872103 0.324991 4.892858 -5.021698 -3.733812 -5.785981 -9.696559 -4.451068 -2.648472 39.335613
8 -0.809930 -5.249914 -3.535232 2.381518 -3.922070 -2.070623 -1.510082 7.803153 7.240931 -5.742471 -1.396487 2.609810 4.030835 0.170563
3 -6.944745 1.329361 51.265419 -0.506246 -7.643786 -6.484955 -3.938356 -4.573903 -4.408684 -2.274302 0.826999 -3.359691 -11.273508 -2.013605
4 -5.536637 -3.185920 1.279911 4.086066 2.198285 2.665920 0.754617 -0.650655 -2.922074 -1.074205 0.583259 1.677665 2.784817 -2.661050
6 -0.056601 8.162839 -4.537277 -7.264178 -12.372011 60.000339 -3.463359 -3.523291 -12.307039 -16.097954 -2.389711 -5.469065 -4.254442 3.571751
13 -0.658869 -0.843156 -1.847725 -0.461707 -2.724064 6.205927 -1.929108 1.786794 -5.656892 -1.905919 0.626176 0.207409 10.724056 -3.522922
3 0.101568 -3.932720 28.137781 -4.536183 -2.492117 4.769707 -3.974533 -1.087736 -3.978225 -4.333360 -2.471212 3.251772 -3.075909 -6.378834
1 37.107403 -2.669315 1.928421 -8.982480 -7.184826 -10.357038 3.590252 0.445776 7.746845 -4.575327 -5.604476 2.432250 -9.813821 -4.063667
2 -4.015997 3.107347 -2.719577 -0.602189 2.437607 1.270464 0.199749 2.376984 -2.881972 0.603376 -1.078043 0.339449 1.167089 -0.204285
1 4.867085 4.697427 -3.548407 -0.386069 -3.260142 0.909233 0.445795 0.985069 0.785931 -0.561212 -7.208864 -1.006062 2.134646 1.145569
6 2.031833 -0.911938 -8.381923 -1.959944 3.728260 7.887346 0.655162 1.754178 -0.329016 -1.105196 1.930742 -1.810403 1.425868 -4.914968
6 -2.142226 -5.575964 -6.791225 -1.439074 -0.380444 51.255293 -5.802565 -0.832984 -7.962268 -7.954529 -2.745592 -1.428368 -4.700819 -3.499234
3 -4.922711 -0.101250 15.554491 0.393596 -0.298199 0.141723 -1.996224 -4.261059 -4.673458 -0.478438 -0.158295 9.335451 -11.373117 2.837491
12 2.350758 -1.535360 -5.876964 0.874936 -3.062921 7.677653 -3.783091 -3.443048 -13.479806 4.249892 -2.205673 24.150352 -5.658909 -0.257820
1 76.473621 -4.829703 -5.268415 -5.349770 -2.467033 -4.516429 -2.793093 -11.607760 0.993241 -3.866035 -8.783985 -5.135691 -18.148856 -4.700099
14 -5.492944 3.034655 2.347876 -2.755248 -2.127575 -10.568215 0.367574 -0.675549 0.876938 -1.548041 2.236696 -5.217811 6.294636 13.227006
13 -2.938675 -2.733233 0.922074 -0.190462 1.198887 -2.929361 -1.718526 -1.139520 1.280714 3.067933 -0.996138 -0.107796 4.706361 1.577744
11 -2.606603 1.012763 -0.723618 0.984766 0.107856 1.068106 -0.118751 -0.627153 -2.850218 1.854612 2.453219 0.522790 -3.007783 1.930014
12 4.553678 -5.392892 -6.152896 1.052886 -9.535692 1.860104 0.146223 -6.845462 -3.456488 -7.839225 -5.845104 50.854668 -7.816332 -5.583467
1 48.146560 -10.073821 -1.489172 -6.041081 2.515285 -7.967561 3.345886 -9.780659 7.699660 -0.895127 -1.304094 -10.679675 -15.837362 2.361159
13 0.519235 -2.170749 -1.071746 -1.622074 -2.937461 -0.855645 0.517476 1.170290 -2.457575 0.447044 -1.500349 0.208012 13.867972 -4.114429
13 -0.002165 -7.847020 -1.292051 -5.376760 -5.472269 0.956154 8.150845 -4.126854 6.723726 -2.022097 0.068624 -4.949537 21.569392 -6.379987
12 -3.052778 -8.495946 3.085460 -3.924229 4.109252 -2.245911 2.622451 -0.807388 -9.124117 3.227861 4.729141 7.890750 -2.731929 4.717385
9 -4.008009 -0.910568 -1.475053 2.474489 -2.998438 -3.054417 -0.152183 -0.123743 18.268809 -3.640313 -2.661101 0.275586 -2.734006 0.738949
3 -4.804246 -4.312081 85.743874 -7.009002 -4.853868 -6.126261 -5.451276 -4.171650 -6.438963 -7.528293 -6.273185 -6.862127 -11.102484 -10.810441
7 -12.839815 -6.392074 -7.326486 -9.240033 -11.985206 -8.272541 80.653356 -4.627530 -1.845680 -6.408307 -7.007055 -8.464827 1.114636 2.641563
11 -4.621593 -4.843551 -1.686811 -0.419790 -2.964356 -1.470467 1.785967 2.704427 -9.422218 -5.880069 22.402542 -1.196366 4.126527 1.485758
8 -0.575508 4.001616 0.695219 -5.212979 -5.631950 -3.789433 -7.170080 33.802346 -1.281233 6.821732 -5.842280 -6.884467 -5.753064 -3.179920
9 -4.738069 -7.823601 -1.615297 -1.599662 -3.224763 -6.232539 2.069075 -4.398464 23.300133 -6.121584 -1.728306 -4.619209 10.183490 6.548795
12 1.295128 -0.691747 5.844494 -3.048064 -0.566489 -2.918935 2.614612 -0.045314 -2.017183 0.896750 -1.686154 7.703760 -5.606815 -1.774043
6 -2.878024 -2.865292 -4.876638 -2.655232 -5.220316 44.744447 -2.526881 -3.271830 -3.345317 -3.498567 -4.796733 -1.853074 -3.710919 -3.245626
1 30.119041 -2.231073 3.077945 -1.915678 -3.039964 0.305358 2.944764 -9.191421 0.489947 -2.024369 -5.154086 12.330235 -18.488838 -7.221865
1 8.978788 1.255416 -2.234467 -3.202915 3.415633 -2.544701 -2.120497 -0.254413 3.353834 -7.243592 2.459653 -2.264909 -0.361578 0.763746
9 -4.058587 -3.028909 -6.415298 -2.061157 -0.453464 -0.199833 -2.450589 -3.390020 34.942718 -1.280028 -6.753037 0.049971 -1.376895 -3.524870
5 3.635679 4.331614 -0.652700 1.499828 41.950701 -1.792777 -2.004366 -5.718113 -9.574110 -3.056716 -4.518362 -12.698333 -11.361304 -0.041041
5 -1.137991 -5.871475 -4.475018 -2.897350 17.640324 -0.040280 -2.629448 1.405172 -1.709140 -2.425356 -4.520898 -4.865365 12.832295 -1.305469
11 -7.774351 -3.897215 5.136716 1.262039 3.440479 3.548092 -1.502565 -0.519022 -6.437037 -0.688908 9.149034 1.606785 -3.102071 -0.221977
1 65.801906 -4.736654 -7.279089 -4.653650 3.113437 -12.793971 -3.833540 -1.344532 -4.435626 -6.250797 -5.652411 -7.011230 -5.372152 -5.551689
13 5.875997 5.485418 -0.942352 -6.250744 -0.967460 3.312633 -4.683227 -5.973335 1.993374 -7.390202 -3.065682 2.929245 6.354972 3.321361
12 -1.081439 -2.629648 4.350403 -0.936697 -1.629377 -1.374909 -0.507044 -7.082106 1.713030 -5.479955 -1.542839 22.845292 -5.555049 -1.089660
1 14.735758 5.591158 -1.365956 -3.089351 -5.032008 10.913781 -1.519829 -7.205960 0.365351 -1.931492 -5.356318 -4.995783 1.981558 -3.090908
1 108.143651 -10.593380 -9.933954 -7.445848 -10.484124 -9.615618 -5.480436 -6.169346 -2.800075 -11.430846 -4.457398 -7.556178 -13.334468 -8.841985
1 49.435789 -5.537708 -1.760417 -4.248240 -3.185978 -1.516270 -3.976636 -3.361901 -4.774500 -2.342963 -6.481576 -5.641178 -3.013205 -3.595217
1 81.365066 -11.107608 -9.116417 -3.675945 3.232506 -5.571881 -4.794296 -12.475584 -11.378839 -2.210680 -9.291357 -7.385788 -2.547851 -5.041327
1 76.650908 -11.510084 -8.524389 -10.045083 -7.952202 -6.947574 -6.768871 -5.615274 -6.451877 -5.221443 -7.187457 -9.507707 16.206679 -7.125624
1 93.088702 -2.620501 -8.472207 -7.631522 -6.767139 -6.744012 -6.218140 -8.134630 -6.424463 -7.439518 -4.622686 -7.634255 -13.937791 -6.441844
1 76.348024 -11.909901 -7.533336 -7.455266 -8.461207 -6.411262 -4.098889 -3.825706 -5.866884 -4.822121 -6.393635 -2.521615 -2.358786 -4.689420
1 88.850058 -0.702607 -8.805820 -3.674844 -6.357578 -9.202759 -9.416778 -0.831916 -8.186571 -11.169451 -9.751343 -9.587539 -3.175063 -7.987793
1 85.964141 -15.430751 -5.125628 -4.171259 1.392608 -10.260395 -7.991783 -12.107028 1.980723 -3.926974 -1.088762 -11.592224 -8.753187 -8.889485
1 76.773375 -8.394747 -5.052804 -7.899152 -3.914666 -4.559866 -6.073882 -5.020260 -0.530156 -8.767903 -6.097127 -8.338185 -10.393436 -1.731195
1 86.182918 -6.079255 -4.406576 -9.145399 -11.806621 -7.284391 -4.204401 -2.177852 -8.189995 -7.278701 -8.854828 -6.613514 1.260189 -11.401577
1 45.723009 -9.310451 -4.467655 -1.817106 -7.338823 -0.735908 -2.742224 -1.312897 0.369356 -3.329875 -7.124952 4.761409 -5.165078 -7.508805
2 7.774537 9.061568 1.465723 0.368888 2.589206 -1.058771 -1.831797 1.861511 -7.394477 -4.535763 -1.879032 -2.348514 -7.163548 3.090469
1 73.032070 -13.304104 0.856542 -5.391526 -4.361767 -1.656449 -2.485966 -5.756152 -5.194163 -5.977004 -14.027363 -6.083439 -6.203911 -3.446771
13 2.328161 -0.315643 -1.751697 -2.242837 1.073559 0.626544 -2.986691 -2.214387 -1.883068 -2.268067 -1.595446 0.532097 6.205327 4.492148
1 90.289117 -9.344340 -10.143366 -5.973051 -0.341912 -7.639166 -10.600078 -5.170535 3.694758 -2.283437 -8.708463 -9.179213 -20.257607 -4.342711
1 49.944409 -7.841203 -6.087168 -3.392615 -7.738902 -1.582791 -6.164648 -0.820931 1.335165 -3.962756 -5.879876 6.732228 -5.533198 -9.007715
1 56.121482 -9.028630 -3.853706 4.436518 -1.894178 -8.904055 -3.150029 -5.067926 -3.480585 -5.466069 -2.034834 -1.662166 -10.512591 -5.503230
1 77.250549 -7.357709 -6.077095 -5.298760 -9.207848 -2.356761 -2.559157 -8.524595 -9.370757 -11.085113 -3.603816 -6.084942 -0.733545 -4.990455
1 12.125848 -6.556711 3.041759 0.795826 -2.714116 0.224634 -4.426577 1.554593 -2.428173 -3.311706 -0.195716 5.024748 -4.529849 1.395440
10 -1.676312 -1.762150 -0.785942 -0.375156 1.804412 1.116402 1.801431 -1.638103 2.319699 3.939290 -3.455142 1.645841 -0.850494 -2.083777
10 -8.352013 2.462760 4.094390 0.357335 -1.460368 2.753878 3.966937 -1.096340 -10.027921 17.736788 7.337601 -4.300850 -12.990587 -0.481611
13 -3.332547 -3.292375 3.652325 -3.179470 -1.298670 -4.935055 -6.075121 6.976635 -8.586270 -0.694006 2.200444 3.206972 13.430387 1.926750
9 -1.693919 1.638377 -0.781102 -2.890441 -1.495261 -1.819769 4.135859 2.127620 4.615857 0.638466 -1.666768 -0.375385 -3.448190 1.014656
14 -4.600957 -3.718630 5.891793 -2.981799 -2.505131 -1.596457 -2.717597 0.476106 -4.292084 5.339527 1.366178 1.734327 1.019114 6.585609
10 -1.884754 -7.319979 0.485194 -4.001858 -1.586749 -0.485239 0.065469 -0.354727 -4.544731 22.622575 -4.803337 0.939306 3.659841 -2.791014
10 -2.992041 -3.594626 0.321613 -2.170633 -0.872614 -1.306573 1.342408 -2.222474 5.562679 14.610771 -0.383509 -2.734874 -0.272529 -5.287599
10 -3.959447 -6.447908 -5.708966 -6.967627 -5.992149 -5.987325 -7.519928 -5.459695 -5.210654 77.196690 -5.438459 -5.605939 -6.204594 -6.693999
1 11.451244 2.174299 -2.724050 -9.512922 -6.767928 3.590212 -1.728622 -0.483155 -8.367857 -4.462489 8.530616 -8.087703 5.956664 10.431691
13 -3.648819 -6.519374 0.291809 -0.174986 2.476518 -5.044814 2.695549 -1.181931 0.580878 5.274678 0.633239 -2.913940 5.799954 1.731239
10 -4.943844 -9.541366 -5.310209 -5.412676 -0.602857 -12.119547 -3.461007 -5.409669 -1.876453 58.715450 -4.848570 -0.098458 -3.315178 -1.775618
8 -0.363371 -9.820007 -1.260156 -2.643428 2.414341 0.288434 -1.592502 8.319827 -1.097192 5.221606 2.289634 -1.348994 2.681699 -3.089892
13 -0.171830 -5.793939 5.340014 -1.857608 1.247254 -8.923133 -2.259669 1.434059 1.107055 0.062381 0.513284 0.165762 8.652202 0.484167
10 -4.985326 -1.352812 3.150516 -4.037315 -1.379302 -5.825120 -2.298107 -2.822071 -3.931103 34.895585 -3.608592 -4.242358 -0.660221 -2.903773
9 -2.258644 5.045124 -3.679877 0.017883 2.201273 -0.806466 2.219859 1.328033 5.193774 -6.845467 5.175786 -5.987389 -1.788282 0.184392
10 -1.713461 -13.430428 -6.232141 -9.811192 0.142120 -3.821982 0.061558 1.671045 -5.237280 64.274420 -11.814483 -8.072989 -0.760976 -5.254210
10 0.208660 -3.378552 -0.592689 -0.086391 3.475176 1.352685 -1.416391 -5.902522 -2.089927 16.144112 -2.092594 -0.483657 -9.331977 4.194067
10 -4.710476 -4.170398 0.128500 3.566795 0.226584 -1.104791 -3.175789 -4.273759 -3.071781 30.140576 -0.956137 -5.893783 -6.852515 0.146975
2 -0.437766 5.711111 -5.841496 3.030309 -6.599962 -0.986482 -0.234990 4.708226 2.375522 -2.540309 -2.022842 0.399368 4.751399 -2.312087
12 -2.666123 0.200674 0.022386 -1.655171 1.356516 1.901205 1.700277 -2.852280 -2.394556 2.777386 1.219926 5.239369 -4.873926 0.024317
6 -2.622783 4.413760 -4.854790 -0.001885 1.321352 5.260628 1.973145 1.414911 -2.373660 1.909154 -0.717497 -3.360347 -0.719059 -1.642929
2 -5.022312 61.635337 -4.471510 -5.908655 -0.745130 -9.969736 -4.329892 3.529834 -3.243924 -3.689415 -10.138286 -4.910773 -8.213908 -4.521627
2 -0.311032 5.516798 -0.427681 -1.540225 -1.891580 2.254568 0.217972 -2.336696 -3.151668 1.194593 -0.915275 3.780943 -1.925709 -0.465010
1 0.000000 0.000000 0.000000 0.000000 0.000000 0.000000 0.000000 0.000000 0.000000 0.000000 0.000000 0.000000 0.000000 0.000000
2 -4.237006 56.295383 -2.845600 -7.044374 -3.906256 -1.139099 -3.543097 -0.701956 -2.229846 -5.471407 -7.860505 -3.883509 -8.638009 -4.794716
2 -4.784481 74.099624 -5.352275 -4.932201 -2.963361 -8.739644 -5.295492 -1.945347 -10.480553 -7.564213 -7.931263 -2.679993 -7.671953 -3.758846
2 -5.622683 17.261897 -7.646101 -1.188622 0.129655 2.321448 2.536382 0.917367 -4.680000 -2.132596 6.537630 -6.359039 -2.097016 0.021678
14 -8.958552 1.464045 5.060554 0.483920 -1.521247 -2.872641 2.741332 -2.984698 -4.016277 7.961304 -4.403644 6.953593 -9.872281 9.964592
2 -2.616824 46.136973 -2.489032 -4.804836 -2.025677 -0.712555 -5.047812 -4.537909 -2.402572 -3.704003 -4.199232 -4.317323 -5.753365 -3.525832
2 0.916831 14.758056 -8.931299 -2.453718 -3.532436 9.700153 6.440441 5.957053 -7.110565 -4.175236 -8.008574 0.824342 -11.626154 7.241105
2 1.300268 73.525047 -8.484723 -6.155728 -1.735910 -4.761746 -7.104790 3.992532 -10.452962 -6.891492 -9.931350 -8.463039 -8.901682 -5.934424
14 -6.377016 -10.763305 2.143692 -6.972278 3.390947 3.474627 4.783985 0.767462 8.028728 -1.782214 -7.661299 3.130769 -2.120697 9.956598
2 2.467539 43.935092 -6.667433 -0.146407 3.225162 -0.925505 -4.869947 -7.623362 -6.728430 -8.329598 -7.827057 -2.309422 1.457671 -5.658304
2 2.874298 15.269192 -5.714020 -2.714124 1.886081 -0.623477 4.688455 1.541780 -5.440819 -4.377963 2.031640 -3.923176 -3.042434 -2.455434
2 -1.788905 46.401466 -4.623541 -2.610913 -5.111027 -2.192513 -4.223627 -5.517548 1.541909 -2.607656 -6.580124 -4.209125 -5.123671 -3.354722
2 4.465164 20.764104 -2.960516 -1.238462 3.466057 0.023708 -4.708368 -0.465158 -4.096501 -6.379030 -4.093747 0.888856 -4.094910 -1.571197
2 -5.678213 33.296625 -2.149499 -4.733872 8.241889 -2.988497 -1.646003 -3.256688 -11.074809 -5.325892 8.860362 -4.926207 -4.682717 -3.936478
6 -1.610721 -5.494220 -4.114827 -5.332037 -2.033947 9.742442 8.725111 8.787940 -3.292757 -6.064496 -0.798721 -5.805800 0.109325 7.182707
13 -1.190551 -1.422292 -0.333711 -4.965213 0.649702 6.809414 -1.175646 3.595736 1.071655 -2.959140 -3.536396 -0.645828 7.405185 -3.302916
7 1.349244 -10.663860 -2.222922 1.898797 6.194664 5.361098 6.895876 2.772298 -4.018816 -4.792489 -6.196781 1.997171 2.081787 -0.656067
5 0.383172 0.867801 -0.521812 3.893940 6.714257 -0.851371 0.904051 -8.248323 -4.033389 -4.399974 -1.414970 1.849189 -1.171675 6.029105
5 -4.238855 -7.147484 -5.346457 6.300851 39.046352 -2.337639 -2.418930 -2.217785 -3.449029 -5.195311 0.242166 -5.313288 -6.230183 -1.694406
5 -0.919997 -2.237752 2.074725 -0.529236 10.280786 -3.730954 -1.112148 -1.125771 -2.556271 -0.864415 -1.475268 -1.552229 -0.573941 4.322472
5 0.387011 -8.426717 -4.707300 -2.767530 48.304160 -1.778258 -7.158123 -3.204940 -3.115383 3.501110 -6.178899 4.292660 -14.145134 -5.002657
12 -0.740692 0.856438 3.452987 2.736338 -2.876082 4.392309 -2.847426 3.382635 -6.346082 -2.634488 -2.693485 5.108942 -5.075182 3.283788
14 -0.673190 -0.866455 -0.577624 1.235268 8.009393 -2.046062 0.229329 -0.742989 -6.050744 -0.321328 -2.188176 -0.964494 -3.616514 8.573584
5 0.303755 -9.501066 -6.853330 -0.091134 18.603811 2.439710 -3.351910 -0.898031 -7.291649 3.886046 4.295020 1.097317 -5.554662 2.916123
14 -0.065508 -4.415003 -4.933239 -0.465967 1.293585 -1.900564 0.556015 6.840984 3.338349 -3.336345 -1.539834 0.507352 -3.054697 7.174871
3 0.169664 -3.804733 8.808304 0.797413 -0.914317 -2.093392 -0.286878 -1.625648 0.126892 6.006600 -4.360606 -1.073403 -0.056183 -1.693715
5 -5.442157 7.876293 -2.465232 -4.557832 12.786047 4.646041 -1.752591 -2.749493 2.103279 -4.429223 3.249314 -6.476701 7.094947 -9.882691
5 -11.642647 -10.432602 -11.632024 -1.925499 123.067158 -15.222751 -10.859975 -14.824145 -8.285675 -12.568207 -0.856817 -5.541402 -4.399779 -14.875633
5 -5.912339 -9.861884 -1.798885 6.402073 43.622892 -5.386143 -1.084117 -6.253929 -3.754700 -4.952260 -10.235940 -8.857907 6.953753 1.119385
5 -4.091837 -5.332820 -6.143592 -6.473086 80.652423 -2.726349 -6.031662 -9.333463 -5.891076 -9.959414 -4.994785 -1.991155 -7.085331 -10.597854
5 -3.565736 -8.733038 -6.270028 -3.866023 49.734674 -7.323170 -4.115283 -3.094251 -1.957510 1.791492 -6.013871 -3.218204 2.737088 -6.106139
5 -2.637348 -9.052175 -8.136842 -5.193203 84.409979 -8.550954 -7.237012 -10.170028 6.640398 -7.010466 -5.276555 -13.497847 -4.020192 -10.267755
5 -5.660937 -4.952345 -1.095862 -2.862793 48.769256 0.484957 -4.544794 -10.332049 -8.930535 -2.412908 0.329142 -6.300161 -11.604757 9.113785
5 1.992005 -5.558472 -4.953417 -5.209174 44.480418 -3.545582 -1.478064 -6.103815 -6.869421 -4.121501 -6.340057 -4.379343 7.661496 -5.575071
5 -3.869441 -1.329088 -1.757799 0.639105 11.247636 5.379913 -1.303622 -0.905242 -5.789462 -0.869734 2.493189 -0.039413 -3.129225 -0.766816
11 -1.590527 -2.272475 -1.210256 0.206040 -1.708484 -1.235052 -1.428286 -1.068543 -1.167534 -1.266693 18.062866 -1.396584 -2.061712 -1.862763
11 -1.895991 -12.079525 -4.372865 -8.205154 -5.968937 -4.794105 -10.070836 -3.662607 -12.555466 -6.050911 91.551339 -6.343236 -9.422754 -6.128953
14 1.381288 -1.420865 -1.842996 -4.120764 0.201488 -1.293478 3.784199 -3.569287 -1.549536 3.307775 -0.454487 0.079955 -1.388673 6.885382
11 -3.299621 -3.998926 -3.153716 -1.409599 -4.892209 1.319064 -3.445474 -1.310888 -2.333156 -3.511049 35.427627 -3.409703 -1.740374 -4.241977
11 -1.668989 -5.397557 -2.633760 -3.706510 -3.366272 -0.310513 0.869271 -0.001623 0.012783 -2.412147 20.121182 -2.691842 0.846023 0.339955
11 0.331771 1.775497 -2.940717 1.272746 0.392828 0.723839 1.024610 0.706188 -5.942969 -2.856365 11.827292 -2.763379 -5.924471 2.373131
11 0.666835 3.601065 -1.911878 2.576609 -0.906552 -1.940133 1.269212 -4.149532 -3.016180 -0.430688 15.913242 -5.034134 -4.443305 -2.194561
1 18.925736 -3.978534 0.647948 -3.288350 -7.387323 0.011150 1.327147 -4.204889 -3.173661 1.899961 1.734978 1.238336 -0.518267 -3.234231
11 2.847627 -3.661170 -3.996759 -3.446592 -4.576702 -1.084809 0.177054 3.520134 -1.295842 -5.389803 16.686259 1.227199 1.963384 -2.969981
11 4.952613 -0.267740 4.887944 -1.177902 -2.137621 1.187316 0.560843 -4.082341 -4.843537 -2.087136 5.557241 4.265400 -8.225293 1.410213
11 -4.921946 -14.261454 -7.790573 -4.965973 -9.381132 -8.488442 -6.690879 -2.127313 -5.939300 -11.499066 92.918150 -4.554372 -6.075823 -6.221876
11 -5.073987 -3.158745 -7.063055 -3.672528 -1.536515 -1.951567 -3.894448 -2.287752 -3.785849 -4.618523 47.394762 -0.438886 -5.358123 -4.554785
11 -1.092443 -10.091283 -2.435982 -4.456738 -2.654679 -3.035903 -2.729373 -2.590367 -0.444386 -1.117285 33.979321 -0.086712 -0.618940 -2.625233
5 -0.890604 -6.667697 -5.244174 -4.857287 12.681463 -6.657931 -1.443262 1.691216 -5.823965 3.214847 9.042437 7.766684 -0.051270 -2.760458
11 -3.514144 -6.015216 -3.411282 -5.440339 0.627249 -2.222604 -1.880260 -2.254559 -3.773292 -1.731140 36.947807 -2.350693 -1.403608 -3.577917
11 -4.807698 -2.624002 0.863082 -5.037396 -5.896931 -3.945239 -6.114492 -6.897439 -6.993418 -3.145155 52.333720 1.726549 -1.437319 -8.024263
11 -5.395139 -8.275307 -0.839566 -1.923300 -7.005936 -7.832153 -4.593828 -9.060114 -6.163168 -6.334897 69.991812 -8.173956 -2.041443 -2.353005
11 -5.343102 -7.379993 -5.494024 -3.440922 -5.574582 -8.170405 -2.859178 -0.795615 -4.447232 -9.562927 61.117984 -7.501269 2.729059 -3.277791
11 -4.234192 -4.195761 -2.508031 -3.807528 -7.308616 -3.688559 -2.767632 -1.247529 -3.004128 -5.532963 35.792576 -1.579144 2.064291 2.017217
9 0.057891 -1.449154 0.411837 0.886971 -0.330558 0.798787 0.585124 -1.143791 3.953827 -0.843685 -1.170224 0.796748 -1.301095 -1.252680
11 -5.085646 6.562366 -2.548522 -6.078614 2.842972 -3.278839 -2.798445 0.058523 -9.233486 -4.095990 28.774597 4.582986 -2.951743 -6.750161
2 4.112998 4.309567 -0.550379 -1.754102 -1.360177 -0.086263 -2.251154 -2.657406 4.012643 1.193769 0.244323 0.856967 -5.384191 -0.686595
4 0.000064 -3.162856 -1.983948 14.635516 -3.332619 -2.633669 -1.139916 -6.525210 2.493677 -4.293960 -1.308753 4.006341 -7.301416 10.546751
9 0.841989 5.641371 -8.734035 -0.278891 1.657690 -7.288688 5.540153 -0.194587 11.483021 1.624713 -4.060435 -2.398245 -0.366160 -3.467895
5 -2.887527 -1.506703 -5.539444 0.980532 6.692690 -2.135143 1.427369 -2.849714 5.838802 -2.461141 4.144093 0.759116 -6.386505 3.923573
12 -2.915538 -2.993608 1.097680 0.129427 -2.487227 -2.280820 0.809544 1.393955 -5.580287 1.084829 1.876699 5.630835 -0.587163 4.821676
7 -12.175193 -7.986595 -8.789988 28.005399 4.334294 -11.864503 86.622561 -10.466073 -13.626379 -10.276109 -11.691978 -9.659042 -13.104136 -9.322258
14 0.037830 0.176102 -3.256678 -0.717512 -3.358927 -2.103140 -2.789861 0.408186 -2.602725 -1.325988 4.289217 1.511566 1.913627 7.818304
4 -0.621674 1.528823 2.812796 16.899003 -9.046845 -1.986428 1.318404 -7.834111 -0.645349 -6.503905 1.326593 -2.290991 5.386460 -0.342777
5 -5.189837 -8.968795 -5.478885 4.709813 50.357807 -1.779550 -5.025171 -4.028110 2.304792 -3.514226 -6.532906 -0.556272 -8.287396 -8.011261
14 -2.598844 -5.268826 2.871756 2.365030 0.064140 1.417131 -0.607885 4.184554 -4.353756 -1.310104 0.712814 -3.343699 -2.173430 8.041116
4 -4.392766 -0.645801 -1.699580 26.013527 3.455948 1.682745 4.444362 0.290377 -9.446387 -4.474869 -2.013569 -7.170855 -4.068230 -1.974902
14 1.372263 -1.885461 -6.334010 -3.030213 -4.063703 3.889939 -1.609015 3.466724 4.389423 0.754151 -1.505414 1.172244 -1.889897 5.272969
4 -2.012665 -0.923863 -10.159014 31.328539 1.536282 2.686604 -3.044216 -4.907530 -5.389385 -9.353280 -0.418322 -3.528733 -0.770289 4.955871
4 -3.486399 0.925413 -7.861794 25.098396 -1.036794 3.803638 -1.579178 -3.343832 -8.964935 2.513951 4.884353 -2.847069 -5.042847 -3.062903
2 -2.934024 9.713964 3.236334 -2.980948 0.108755 4.896191 -4.974601 2.060174 -13.725206 2.912086 6.928560 1.103352 -7.642308 1.297670
4 -2.628526 -2.116621 -1.703708 10.953894 0.876425 -1.517121 0.073703 -3.628371 -0.792136 1.220051 -0.531152 1.634446 -1.511424 -0.329460
9 -3.520696 -2.819799 3.833701 -1.297798 1.476460 -5.077015 2.373657 -6.606951 24.615260 -3.492855 1.599594 -6.257690 -5.255737 0.429867
4 -3.590966 0.298690 -5.325258 12.652351 4.556016 1.839350 -9.475976 -5.648951 5.858020 -2.711829 -2.291836 -1.369530 4.491747 0.718172
4 0.004777 0.600712 -2.487902 7.144416 -3.252694 1.180713 -1.495814 0.968682 -0.188743 -3.539704 1.978932 -2.934712 4.490875 -2.469540
1 7.440162 0.591741 -4.829837 2.590166 -0.865885 -0.661225 -1.020772 3.483863 -6.086698 2.644122 -2.206983 0.457337 -2.026997 0.491004
6 2.430967 -5.893581 -5.858451 -2.079202 3.323025 3.708623 1.879798 0.916369 -2.705361 2.803281 0.883127 0.144702 0.855824 -0.409121
9 2.229886 -5.029948 0.575269 0.359666 -0.748175 -3.038208 1.119119 -0.475398 6.520981 -3.597218 2.275499 -3.254463 3.523677 -0.460688
12 -2.082702 -3.068779 -0.708982 -0.707213 1.249409 0.947411 2.279976 -1.958485 6.249343 -5.106961 -3.595518 8.437786 -6.243544 4.308258
3 -5.475321 -3.450135 20.335074 -2.628847 -3.630545 -3.504406 2.005747 5.118919 -0.109906 -7.339295 -3.773841 5.747153 -3.919945 0.625348
3 0.352595 -2.665725 14.436082 2.583285 -3.358978 -6.269182 1.596036 -6.430422 -0.113970 3.916851 -0.159816 4.065118 -6.402417 -1.549456
12 2.898247 -9.380274 -1.510346 -3.042407 0.749563 3.808494 4.121325 3.018705 -2.478481 -3.074071 4.434755 9.180662 -10.321006 1.594835
3 -9.528294 -3.786047 36.346500 -5.646192 -4.398625 -0.648806 1.977466 -5.246007 5.578092 1.338361 0.710580 -11.283527 -4.550111 -0.863391
3 -0.553703 -0.928198 28.783155 -1.402200 -2.378485 -1.711489 -1.995621 -1.848677 -0.687853 -4.263704 -1.510720 -3.891345 -4.639650 -2.971511
2 2.432059 5.163550 0.102656 0.388543 -3.473900 1.532070 0.397692 -2.939415 -2.881313 2.768411 3.545386 -0.866364 -4.589210 -1.580164
8 0.380207 -4.696333 0.884291 -0.081462 -5.878576 -9.007848 -3.940468 15.931571 5.138835 14.809113 3.149272 -4.167829 -11.793356 -0.727417
12 0.678735 -10.051614 5.550981 -2.453959 2.530700 4.105324 -4.913127 -1.853183 4.038558 -0.611378 -4.917643 9.143749 -4.406725 3.159582
3 -2.338415 -2.203305 47.210780 -1.958280 -4.885608 -3.908418 -5.733816 -3.873541 -11.018195 -0.174686 3.402921 -2.640704 -8.752588 -3.126147
3 -2.114179 -0.255106 18.298335 0.158776 -2.903396 1.700711 -2.849360 0.155673 -6.178289 1.048703 -0.116017 1.145984 -4.793124 -3.298711
3 -2.282419 -9.815457 67.681345 -1.857840 -2.795669 -2.174607 -1.135111 -8.618384 -9.580808 -4.475572 -1.873648 -6.572802 -14.179250 -2.319778
8 -4.858939 0.835407 -6.871891 -1.371878 1.199037 1.532293 0.431476 5.854953 -4.309364 -3.453326 3.911152 4.546590 -2.810820 5.365309
3 0.954876 -4.210019 28.741090 -1.916154 -2.146214 -4.773331 -1.783630 -2.704002 -3.927531 -6.297645 -1.670652 3.051342 0.898071 -4.216200
3 -4.455051 -3.581065 29.230992 -1.628059 -4.722514 -2.737407 -3.109001 0.916777 9.660666 -3.486865 -1.714461 -5.540174 -3.388327 -5.445511
6 4.185248 -2.563999 -10.743875 1.916210 -1.964126 30.021574 -2.568289 -5.978753 -8.706303 -6.347338 -1.743444 6.074214 5.395406 -6.976525
6 1.417791 -2.445152 -3.113465 -0.126936 -2.738605 14.845749 -1.962958 0.836712 -3.589922 1.249474 -3.768728 -4.400809 5.256746 -1.459897
6 2.956453 -9.793036 0.291461 -5.316326 4.048769 13.848683 0.284559 -2.703814 -1.496524 -0.825648 -0.874196 -0.614776 -0.448883 0.643276
6 -5.574269 -8.366193 -7.466639 -5.158697 -7.584210 94.692068 -7.269674 -8.724245 -6.138642 -5.575486 -5.773064 -14.632936 -6.766914 -5.661101
6 -0.465175 -4.274671 -5.728159 -0.667257 -0.724331 20.259439 2.005889 -2.458000 -4.156989 0.590231 -2.678797 -0.416982 -1.859207 0.574009
6 -9.283340 -10.369064 -7.617692 -6.443556 -9.612219 120.981192 -8.836870 -9.470677 -8.372264 -7.588543 -8.878008 -9.484850 -12.739214 -12.284894
6 -0.703330 -7.134676 -10.705309 -1.453938 5.014198 35.905150 -6.969379 -2.449027 -7.438076 -5.169876 -4.242142 -6.550802 19.862310 -7.965105
6 -12.450392 -4.885192 -7.127646 -10.153313 -2.948521 105.241530 -8.362020 -6.985167 -11.023602 -7.795721 -2.772814 -5.421970 -17.398866 -7.916308
6 -5.574269 -8.366193 -7.466639 -5.158697 -7.584210 94.692068 -7.269674 -8.724245 -6.138642 -5.575486 -5.773064 -14.632936 -6.766914 -5.661101
6 -5.325990 -3.630296 -3.979915 -2.142684 5.016188 15.392781 3.803449 3.438319 -1.797877 3.565221 -0.465314 -8.321196 -3.713051 -1.839635
13 -3.396407 -5.460487 1.842121 -0.324133 -4.381572 5.593394 -1.917502 0.563338 1.390558 -1.715903 -2.520638 2.129838 8.668394 -0.471002
6 -1.106960 -7.379577 -8.905529 -7.101757 -3.030532 50.636511 -1.867414 -3.175365 -5.153308 7.152011 -4.043476 -6.235069 -6.759031 -3.030505
6 7.203107 -9.069682 -14.056126 -5.615207 -10.793318 75.713354 -5.952144 0.221102 -1.191413 -11.591774 -7.969515 0.401548 -8.992884 -8.307050
6 -8.552255 -10.081034 -8.767569 -5.567840 -11.625643 116.355111 -8.154699 -7.478763 -4.480848 -12.336084 -7.243361 -6.953971 -11.620753 -13.492291
6 -1.717097 -3.485098 2.520600 2.674303 3.853216 5.299300 0.334302 -2.480062 -4.335463 -0.112848 1.234546 -0.734099 -4.798289 1.746687
6 -4.512350 -11.834010 -3.972410 -8.781498 8.361446 54.962325 -4.193934 -2.746085 -6.216556 -3.636344 4.242678 -12.436001 -7.453000 -1.784258
6 -1.540153 -1.053937 3.229250 -1.488498 1.228896 6.625296 0.929774 -1.246521 0.441628 -1.666355 0.171822 -1.970056 -2.048687 -1.612459
6 -3.010427 -3.992525 -2.762946 -3.042000 0.696943 36.096908 -9.421089 -4.165321 -10.052510 1.043070 -7.062752 0.400162 1.206334 4.066153
6 -5.574269 -8.366193 -7.466639 -5.158697 -7.584210 94.692068 -7.269674 -8.724245 -6.138642 -5.575486 -5.773064 -14.632936 -6.766914 -5.661101
2 -8.176136 9.709433 -1.775914 2.395024 0.995552 2.338089 -1.781518 6.276285 -5.485254 -4.311140 -0.438635 0.137398 -1.492719 1.609536
6 -2.110233 -11.560644 -6.069127 -2.153717 8.767559 21.428700 -6.367028 11.255560 -8.728434 -7.925688 -2.895096 -0.213438 -4.461056 11.032641
6 -5.574269 -8.789777 -6.294167 -5.451833 -7.584210 96.160034 -7.269674 -9.218793 -7.009445 -6.004157 -5.773064 -14.654058 -6.766914 -5.769675
6 -3.924154 -5.941969 4.198989 -1.238003 -2.401143 25.117244 -0.731233 -3.084591 -6.996132 -3.032472 -0.821745 6.188598 -9.540656 2.207267
6 -1.636504 -9.334315 -1.863866 -3.209806 -4.044265 37.753309 -3.650173 -4.974456 0.228168 -0.762715 -2.431810 -2.624808 2.296410 -5.745167
6 -0.477013 -2.947517 28.280483 -7.705851 -5.574265 28.438283 -5.333489 -6.658174 -0.851741 -0.283292 -2.400729 -6.317394 -10.835926 -7.333373
13 -0.327936 -3.924474 -8.887012 -0.115475 -0.206183 -8.078687 -1.921791 -4.741971 -4.915514 -4.925721 -7.386789 -4.138486 51.711075 -2.141036
13 1.933664 -2.206009 -2.329378 -1.824520 3.526844 -1.385767 -0.530546 0.158007 -0.680789 0.174644 -2.345403 0.114950 8.910171 -3.515869
10 -3.222548 -0.731635 0.173597 -1.060412 0.918319 -2.839096 -1.820456 2.205384 -7.253854 7.309699 0.002804 3.260359 -3.035414 6.093252
8 -2.320508 -3.346063 1.306202 -1.182395 -4.569314 3.533274 -0.407849 4.427068 0.454762 3.093743 -0.469063 0.636005 -1.526105 0.370241
13 -1.500684 -8.043682 -1.269494 10.025097 -2.466268 -4.969968 -4.020291 -4.797049 3.985373 -0.514337 -0.072394 6.770461 12.327117 -5.453879
13 -4.150973 -2.211781 -1.013900 -3.097096 0.123822 -2.101627 -2.469339 -1.644038 -1.764873 -2.157426 -3.482780 -4.182823 31.961645 -3.808811
13 -4.196821 -7.433419 0.048622 -1.164580 -4.144735 -2.388322 2.674523 1.843763 4.931784 0.474801 -5.976814 5.916931 8.323535 1.090731
10 1.937954 1.854088 -2.522294 -1.918859 -0.039289 2.394963 -8.546391 -3.448434 -2.624137 4.578976 2.458313 -0.925849 4.538970 2.261986
13 -0.170366 -4.929746 -2.311939 0.040301 -0.447823 -2.134204 -2.414446 -1.972368 5.416604 -0.260037 -4.372902 -0.717779 16.522100 -2.247396
13 -4.702075 1.843767 -5.412497 -2.929551 -1.564841 1.956042 -1.886981 -2.525147 -6.296388 -0.462349 0.222546 -4.237460 31.918404 -5.923471
13 -0.480467 -7.190045 1.820829 0.328030 -5.408267 -7.196066 -3.026170 -6.853966 8.381690 -0.626760 -2.676477 -3.701040 31.427601 -4.798893
13 -1.635811 -2.578721 -4.574867 -0.163514 8.693351 0.654678 -2.316251 -3.255629 -1.729710 -6.926643 0.591695 -3.358984 19.455158 -2.854755
13 -4.585795 -8.820764 -1.603684 -0.159571 1.807419 -1.893702 -3.881374 -6.569328 4.457321 0.146170 -4.904793 0.233783 27.483727 -1.709409
13 -0.649854 -4.970435 3.006515 -6.480894 1.434758 -3.523025 -1.051979 3.105282 3.353958 -3.545758 -4.058861 2.518125 12.655641 -1.793476
13 10.388683 0.285208 -3.106307 -2.518595 -6.034214 -2.107034 -1.924131 -5.229993 -1.900638 -3.419273 -2.868369 -0.720342 22.170460 -3.015452
4 -5.188072 -3.549148 2.922214 18.275114 -0.175483 -3.339384 -3.300782 -0.940257 -1.654356 -4.770792 -3.035112 -0.077476 9.862852 -5.029319
13 -2.916292 -3.454097 -0.127593 4.530305 -0.564359 4.268741 -5.856663 -3.806021 12.421348 -8.132892 -1.897213 -5.657999 16.150126 -4.957391
8 -7.880851 8.379644 -3.058542 -3.971586 -4.262267 -2.721289 -7.420524 21.441288 -5.003648 4.158239 -3.946888 -4.586072 6.723062 2.149437
13 -1.044413 -2.224861 -0.394492 -1.258028 0.132595 -1.193996 -0.289857 2.122484 -1.046210 1.772672 -2.831003 -0.807660 5.828223 1.234546
9 0.985316 -6.585952 -0.503286 -1.390023 1.175223 -0.139037 0.529828 -2.917264 11.370761 -0.798537 0.297822 3.322372 -2.848832 -2.498392
13 -2.348483 -0.988227 -0.881009 -1.420238 -6.872284 -4.134877 -1.945693 -2.279858 -1.546091 -3.504950 -5.017651 -0.420199 28.796366 2.563194
13 4.040494 5.892751 -4.210074 -5.976305 -3.088788 -5.683224 -2.880837 -3.772901 1.343539 4.381862 2.186434 2.239380 10.408810 -4.881143
13 2.756322 -7.549505 1.007274 2.413073 -3.147710 -1.910268 2.301353 4.315142 -3.474380 -3.738808 -5.276018 -4.526833 18.572527 -1.742170
13 2.988898 -6.049000 2.485945 -2.566561 -0.246137 -3.066056 -4.169056 1.656057 4.440411 -1.366314 -3.501651 -0.139075 9.146526 0.386011
13 -3.749660 3.978070 1.488940 1.555302 -4.468652 -3.608479 -4.451299 -5.226619 5.543770 -6.228387 -4.397113 2.101155 25.681611 -8.218639
13 1.822220 -5.208988 -4.700678 -3.540498 -0.816982 -2.942254 -1.423057 2.402965 -2.692236 -4.820938 3.097249 -3.448408 21.190402 1.081203
7 -5.363545 -10.327133 -6.018245 -6.898038 -9.898835 -10.036722 88.597697 -2.961329 -4.736675 -6.942949 -5.035929 -6.421899 -5.865407 -8.090992
7 -0.844822 2.399166 -1.263207 -1.339816 -0.570992 -1.527207 9.860355 -0.755735 -0.976111 -2.226717 1.997775 1.184753 -1.377750 -4.559693
7 -9.865142 -7.739500 -7.521448 -9.788332 -8.917034 -7.249684 88.592601 -11.161475 -3.342231 -7.286342 0.583436 -6.450790 -3.082732 -6.771327
5 3.167077 4.290370 2.224899 -5.409155 10.207532 5.377806 -2.820147 4.629945 -6.196215 -4.433870 -4.898684 -4.795452 -4.354052 3.009946
7 2.449704 -2.274766 -1.214833 -8.276810 1.854285 -1.748530 26.066788 10.786104 -6.601440 -4.404547 -7.120763 -5.072247 -4.425498 -0.017448
7 0.997786 -1.656047 3.595112 2.668537 2.682591 6.839459 8.638086 -6.410195 -0.518438 -1.554584 -8.336577 0.434303 1.276129 -8.656163
7 -8.572062 -5.898057 -7.411895 -5.145048 -8.450102 -5.725243 93.033834 -7.670956 -7.711492 -5.852543 -6.926883 -8.705980 -6.509551 -8.454019
7 -6.165523 -6.175994 -1.624531 -2.019489 8.629850 -3.374721 9.665341 0.508000 -1.849233 -0.112193 -0.287290 0.697979 -0.848541 2.956348
7 2.211272 -4.566619 -4.549265 -1.820154 -1.153745 -2.090795 19.242682 -1.096402 -2.741500 -0.761359 -3.492109 1.942493 -0.742760 -0.381742
13 -0.817644 3.395932 -1.895169 -1.783597 -3.387436 1.936603 6.050426 -4.106702 -1.417140 -4.920161 1.090168 -3.169302 8.978575 0.045446
7 -8.371157 -6.815170 -7.230923 -6.940149 -4.380112 -8.541592 85.866594 -7.167017 -8.053575 -7.044412 -6.397950 -8.428609 2.552934 -9.048860
7 -4.665116 -5.375611 -9.434842 -9.282617 -2.889564 -9.514303 83.208847 -9.725568 -10.276708 -6.654545 -4.257850 -9.026688 -9.086662 6.981229
7 -3.378450 -6.689017 -8.298678 -8.522006 -17.254851 -2.453031 102.831594 -4.107119 -1.842000 -10.228467 -11.899244 -7.079369 -5.182058 -15.897304
7 -3.748678 -10.082873 -3.564071 -8.239697 0.324932 -7.920302 85.830158 -8.700841 -6.621141 -9.877897 -5.367861 -7.660232 -6.147758 -8.223735
12 -0.873902 -8.373458 5.604530 -2.850639 -0.059188 4.451918 -1.845598 -3.171114 -0.045810 3.443977 -3.631817 11.149659 -3.689910 -0.108649
7 -6.965587 -9.216351 -5.314791 -5.312162 -6.343430 -7.596148 86.898192 -9.296060 -2.297170 -9.395104 -6.076157 -5.954610 -9.135286 -3.995333
7 -7.645380 -8.249101 -7.628438 -6.744197 -11.548211 -9.067009 102.860042 -5.428470 -5.918761 -11.064900 -10.857863 -3.537752 -4.433177 -10.736783
7 -0.625664 -8.015931 2.576220 1.214167 -1.285418 -3.568038 14.596182 -1.989900 0.659707 7.336614 -5.748357 -1.457948 -0.271651 -3.419986
7 -11.477426 -4.248587 -6.975215 -7.146941 -4.940263 -8.843047 92.594952 -4.470843 -10.391668 -7.709224 -7.665205 -7.724255 -5.632408 -5.369868
11 -3.702860 -10.429146 -2.325566 -1.769449 -3.650138 -4.589554 -3.399428 -0.533259 -2.405024 -4.954561 38.035952 2.032925 0.156672 -2.466565
7 -5.876170 -3.986345 -7.490869 -7.787932 -7.885361 -5.521406 95.135455 -8.186374 -10.285918 -7.554217 -3.881970 -7.982773 -10.340255 -8.355866
7 -1.763073 -13.854605 -6.778650 -10.454799 -3.381607 -10.145667 97.002823 -7.783746 -3.188039 -5.820952 -12.715939 -9.479017 -8.110310 -3.526420
7 -5.951354 -8.580919 -9.167422 -9.048036 -8.360040 -9.443819 94.505376 -8.133917 -7.432606 -8.478719 -6.131927 -9.727497 0.697947 -4.747066
7 0.390609 2.501958 -6.076287 -1.018525 0.676605 -2.499091 10.026512 2.021989 -3.618251 -5.060409 1.005400 1.109359 4.775576 -4.235444
7 -7.022308 -6.983156 -3.382381 -5.721021 -8.868072 -8.385163 86.133277 -6.808778 -6.059777 -8.749810 -1.295952 -9.632749 -8.820009 -4.404100
12 -8.047257 -0.546491 5.861057 -0.800919 -1.270871 -3.841365 -4.026704 -2.876447 -4.391042 0.723892 4.312067 19.835884 -2.297238 -2.634567
13 1.844063 -5.440245 6.545269 1.147099 -7.537279 -1.353020 -2.220454 -6.505568 -0.498464 -4.157884 -4.797156 6.752625 17.893433 -1.672417
12 4.879633 -1.047525 -2.691308 0.482894 -5.855128 -0.725005 -1.527352 2.278814 -4.087812 -0.971947 2.637428 14.362904 -2.545662 -5.189934
12 -1.676780 -5.830889 -1.977168 -1.490853 -4.186385 2.126776 -2.064202 0.402595 2.458247 0.269278 -4.447743 8.387665 4.548949 3.480506
12 4.586085 4.327885 -2.282166 -1.974301 -4.763232 -4.061717 -3.801795 -2.932852 -1.072520 -0.451729 -1.091930 6.814119 5.723404 0.980749
9 1.205348 -5.094770 2.469998 1.428175 0.398806 1.539378 -0.983474 -5.699682 10.279866 -2.986630 -0.698988 0.372792 -5.649570 3.418749
3 -6.186509 3.869372 37.403160 -0.754349 -1.147915 -0.498563 -2.038457 -7.391836 -7.313687 -8.124032 0.158212 -6.967165 -7.005298 5.997065
13 0.056480 -1.518939 -3.585769 -0.573294 -1.110069 -0.058054 0.238306 6.423197 -1.546323 -0.334305 -2.294155 -0.485521 6.964227 -2.175782
12 -5.460969 -0.043918 1.253142 3.269098 -1.536076 -1.347689 1.717739 -1.646623 -0.360289 -5.926968 -3.459622 27.587149 -5.701110 -8.343864
1 5.666019 1.454887 -2.475274 2.235753 0.103055 1.504367 3.922627 -0.882007 -6.419347 -1.902877 0.185815 -3.842117 -4.163032 4.612131
10 2.230083 -0.229598 2.599301 -1.260117 -0.913141 -3.252876 -0.891218 1.347612 -1.687195 5.661681 -2.860557 2.042853 -1.989680 -0.797147
5 -1.146517 -5.067510 1.330347 -2.768226 9.237268 -0.346750 5.902911 -1.731954 -1.167617 0.479230 -3.226637 -1.789542 2.179041 -1.884043
12 -6.678674 -4.040552 -5.509997 -3.186531 -3.064107 -4.996848 -5.237885 -3.545492 -4.299362 -5.385693 -0.386779 47.516436 -1.698101 0.513585
12 0.482312 -3.471907 0.374947 1.610106 -0.691360 0.338241 -0.183581 -3.092734 -1.866181 1.719155 -1.653209 5.715574 0.646205 0.072431
12 -4.394113 -6.224806 -5.467581 -3.700542 7.468385 -3.308590 3.750277 5.406520 -0.650930 -1.755872 -1.850325 14.490132 -5.177095 1.414540
12 0.363460 -1.421663 -0.026102 -0.875416 0.872587 -0.161389 1.064015 -4.175652 -6.853623 0.060467 -1.124795 12.530331 -0.881945 0.629725
5 -6.669152 12.205722 -20.449808 -2.434353 42.986978 0.979863 -4.384466 8.161792 -12.608967 -10.204188 -12.876558 10.852971 1.366250 -6.926085
3 -0.127772 -0.278544 8.508069 0.789708 0.702110 2.006200 -2.757211 -4.086519 -4.127125 1.764364 -1.052479 1.309759 -7.063004 4.412445
12 -0.737639 -7.615807 2.179777 -6.344340 3.471465 3.786951 -2.054484 3.477356 -4.187659 5.345353 -2.480392 6.760705 -0.653207 -0.948080
3 3.318002 4.544952 5.447564 -2.513126 -5.211220 -5.096228 -1.532994 -2.917302 -1.095465 3.288761 -1.663200 2.491532 -2.598085 3.536810
14 -0.186909 -6.826362 1.186725 -0.716714 -0.010167 -2.763034 1.104548 -0.797585 2.699314 0.286283 -7.328924 3.439162 -1.439589 11.353251
12 -10.713024 0.938668 4.675312 -5.044088 -5.388101 -4.497231 6.193066 5.464760 -7.477679 -7.586425 -3.749832 38.024378 -14.045956 3.206151
11 -3.669960 -1.616380 -0.076066 -1.582546 -3.116270 3.429908 1.942496 -3.001301 4.250785 -0.308579 8.396935 7.813485 -10.888980 -1.573527
14 -2.178629 -4.851632 -3.991332 -6.437014 -6.536778 -4.589905 0.861514 -6.841784 -3.631098 0.048211 -4.833293 -1.980062 -9.376651 54.338453
14 1.298297 3.592690 1.708291 -3.879343 -5.391774 -1.789100 -1.880117 -5.228638 1.521720 -2.159566 -1.941404 -0.909105 1.305821 13.752231
14 -8.836152 -0.277113 -6.954908 -9.108329 -5.666341 -4.411771 -0.452103 -5.519143 -10.668008 10.328257 -0.475752 0.130986 -5.431659 47.342037
14 -4.552237 -3.885251 -5.613658 -6.462605 -3.217672 -12.736489 -2.815789 -7.094406 9.301665 -3.127786 -1.324846 -9.951313 -1.538130 53.018516
4 -5.512219 6.586856 -0.925930 9.859964 -2.520575 -8.338068 -3.560404 0.863881 0.339871 -2.221557 -5.364228 -3.285362 8.923987 5.153782
14 -7.613460 -1.541396 -0.529713 2.041786 -1.351472 -0.006076 -1.736836 -4.685885 -8.784835 -1.615626 4.383701 2.644935 0.550593 18.244282
2 -1.318805 5.762218 -0.105692 -2.176498 3.715349 1.165846 -5.605913 -1.085540 -0.210665 -4.352903 1.074153 -1.341751 3.319715 1.160485
14 -1.089555 -1.037560 -2.298689 0.498963 1.905232 -4.876860 1.149710 3.782560 2.664572 -8.266849 -2.658628 4.989997 -5.278805 10.515914
14 0.353788 -0.380136 0.956968 -7.341026 -7.071792 -8.015902 -4.881440 -7.281288 -1.875814 -2.012434 -1.473784 -1.738430 0.067632 40.693657
14 -6.119585 -8.710805 -1.761588 -1.820234 -3.200466 -3.201774 -2.049754 -0.742738 -7.080536 -3.129300 -7.523474 -8.672026 -1.477983 55.490263
14 -1.720099 -1.683526 -2.197600 -4.401244 -1.577009 -0.285471 0.243760 -0.970325 5.135227 -3.837554 -2.128011 1.123014 4.877783 7.421053
14 -3.822419 -5.383178 1.883887 0.928779 1.056055 -1.486996 -2.257357 -5.066613 0.540682 -1.999237 -5.387043 0.576001 9.119522 11.297915
14 -1.658665 -2.219186 0.955479 -0.875544 5.541514 3.075348 -1.066468 -6.379269 -3.224829 6.092523 -1.224174 -2.785160 -2.377430 6.145860
14 -2.777750 -8.000919 -4.251871 -6.317062 -6.242416 -3.677820 -0.716401 1.675128 0.999668 -8.586989 -4.311873 -2.379081 -4.902844 49.490230
5 0.428277 0.973407 3.751797 1.975827 13.534744 -2.701547 -0.453582 -5.491663 -5.663651 0.880557 -1.056362 1.370362 -8.944328 1.396162
14 -2.002137 -1.074728 -0.367330 -1.162021 -1.955577 -3.176228 0.866238 -2.306231 -2.318347 2.554131 -1.653906 0.774925 -4.424022 16.245235
14 -2.902651 -3.305486 -0.899129 -1.181675 -2.606416 -2.777438 0.184169 -0.128836 1.928625 -4.594200 2.828015 -3.402211 -2.361542 19.218777
14 1.761642 -5.102400 1.453380 -0.701102 -0.661039 -1.310575 -1.294071 -1.877174 2.399615 -1.703041 -1.074395 -0.724932 0.578467 8.255622
14 -6.414505 -4.946288 1.810710 -8.184590 -8.067378 -4.065481 -4.103105 -5.325973 1.620770 -5.402536 -6.454719 -3.466679 -0.482796 53.482572
14 0.381469 -1.557311 -2.692539 -4.135554 -2.280044 4.913721 -4.152941 -3.470175 -3.705504 2.051107 3.837696 -3.899785 -6.255752 20.965609
5 -2.088113 1.900451 0.935308 2.619324 4.716971 -3.705329 -0.053638 0.364946 -6.160247 3.083418 3.261915 -0.939679 -5.498380 1.563051
14 0.979862 -6.680089 -2.070973 0.109790 2.378964 -1.190483 -6.222817 -0.074534 1.467014 -2.368196 -4.259279 -4.167103 7.110599 14.987245
8 -8.449797 6.504115 -0.321509 -0.147448 5.951903 -1.088246 -1.429081 13.022654 -4.754295 -4.856682 -1.536268 -2.163586 -1.547016 0.815255
8 -0.659401 -1.378159 -3.637440 -4.427437 -7.802405 -0.657510 -0.750247 47.697196 -0.989587 -9.259838 -4.944273 -0.633831 -4.656931 -7.900137
5 3.146820 -8.233306 -4.391158 -8.292668 63.375689 -1.948739 -7.440769 -3.063118 -3.031979 -4.176216 -6.718745 -4.940739 -7.080185 -7.204888
8 -1.820729 -6.691989 -1.749129 -1.805443 -4.502388 -3.501432 -0.813927 39.881592 -1.855374 -3.581543 -5.829957 -2.536143 -3.820563 -1.372975
9 0.391378 -11.518076 4.215989 -3.069535 -2.864250 -2.580318 -3.245862 7.049605 7.542715 7.448961 -5.104132 1.615726 -0.505614 0.623411
1 5.623887 -5.162377 -2.838362 -0.372599 -4.071685 -0.547632 -2.467767 -2.514430 5.576313 -2.511614 3.963770 3.486413 3.588124 -1.752041
8 -3.021715 0.368662 1.679254 -8.911555 -2.119198 0.880792 2.658832 24.978464 -1.357515 -2.792523 -4.380350 -5.582886 0.532336 -2.932599
8 -6.423363 -1.592908 -11.263737 -4.046559 -6.015194 1.508161 5.333468 37.114217 -7.242500 -2.780359 -3.302663 2.065961 0.761789 -4.116314
8 -0.492839 1.944656 -4.302851 -1.934887 -1.390564 -1.887564 -8.160657 32.904895 -5.018530 -9.264149 0.320110 5.770371 -7.290063 -1.197928
1 4.963854 3.318882 -0.118457 -1.002524 -4.793906 0.046188 -0.451067 3.692144 0.138244 -1.789259 -2.544354 3.312222 -5.353979 0.582011
8 -1.524178 2.404700 -1.396362 0.352085 0.528891 4.235973 -2.150288 5.953777 -9.923917 2.352348 3.936195 -2.731534 -3.822149 1.784457
8 -4.469891 0.617950 6.181787 -4.536322 5.885138 4.749610 0.130744 27.830747 -5.981012 -5.427298 -7.817193 -5.088613 -12.995928 0.920279
13 -4.318575 6.873994 -9.182633 -1.049428 -1.387536 2.763728 -7.222161 -0.014520 -0.163058 -1.926463 -1.587008 4.872086 6.956748 5.384824
7 2.080872 -1.420817 -1.838261 -1.113748 -0.847691 4.521841 5.217895 -0.068966 0.488776 -0.582158 -0.207165 -3.205959 -0.827862 -2.196757
8 -2.268237 3.398983 -2.198028 -2.055080 -1.135103 1.443864 -2.051785 15.811881 3.448812 -2.854452 -3.905275 -1.757704 -4.130298 -1.747577
5 -2.300384 6.699605 -1.793061 3.027915 7.662534 0.281090 -2.096385 3.249125 -4.346743 -3.792729 -5.472964 0.141083 1.131334 -2.390421
13 3.321068 -0.075236 -2.595966 -1.590945 -7.937352 1.361752 1.509091 0.341045 0.084349 -2.009345 -2.358731 -3.301966 11.397795 1.854439
8 -0.418112 0.002524 -5.837958 -2.550141 -3.332692 -3.008429 -0.529526 12.593656 5.448848 -6.695226 0.528603 -0.919557 -0.502208 5.220219
6 2.265661 4.841362 -7.112363 -1.741727 2.529488 9.043843 -2.373884 0.008352 -1.840492 -1.289046 0.472765 -5.115400 -2.253614 2.565053
8 -3.513473 -0.328115 2.623689 -8.581205 1.482405 7.920796 3.651382 14.358798 -6.370581 3.176868 -6.333652 -2.278019 -7.551027 1.742135
8 -5.427141 2.141150 0.243520 -1.120138 0.654285 -4.220683 -0.543773 17.059128 -2.632986 -3.676577 -2.826724 1.394453 -0.928451 -0.116062
8 -3.486429 -5.502490 3.133069 2.062293 -5.403937 5.446974 -4.992615 19.864659 -3.437004 -1.174413 -6.394315 -1.059882 1.717466 -0.773377
11 -2.294666 6.543264 -4.294936 2.523405 2.474329 0.090327 3.040595 -9.603184 -1.889381 1.153289 9.174376 1.168213 -2.552184 -5.533447
3 2.411270 -7.873989 3.665581 0.392677 0.376045 2.299557 -1.733985 -0.236071 1.202838 1.582566 -3.321975 2.405247 -0.808817 -0.360946
9 -3.712621 -7.370240 -1.167226 1.507905 -1.273541 -1.518120 4.214244 3.109047 9.258049 -4.169200 -3.205346 6.887664 -3.417900 0.857282
13 0.417986 -0.268842 0.360414 -2.049126 0.815985 1.126462 -0.753890 -1.468461 2.076879 -1.750614 1.057951 -0.160853 3.062007 -2.465898
10 1.150661 -1.827309 2.787996 -3.226787 -1.244264 -6.882019 -2.349263 -3.808789 5.668947 7.665150 3.238143 -0.484046 -0.548242 -0.140179
9 3.183089 -9.673306 0.987592 1.868698 2.678931 1.357663 0.501409 -3.703974 16.716905 -2.163452 0.145173 -0.471387 -4.266089 -7.161253
13 -2.010159 -3.875606 4.661597 -3.993298 -2.060043 -5.255488 -0.941425 1.490894 4.054717 2.979969 -3.722470 -3.573912 20.859552 -8.614330
13 2.047940 -1.695765 5.140047 -5.872681 1.637151 -3.849521 -1.327610 -4.294473 1.809201 2.121375 -1.848839 3.158017 9.522354 -6.547198
6 -0.622135 -4.029192 -0.062297 -0.156506 -1.288312 3.216296 -0.204394 -1.516444 2.753772 0.021009 -1.355747 2.027755 -0.011763 1.227959
9 -5.453148 0.040882 4.750348 -1.650685 0.924998 -0.650144 -1.749141 -3.871168 5.863418 -1.030666 -0.934159 2.007475 -3.132533 4.884523
9 3.354142 -6.018926 0.783235 0.805075 -2.113339 2.102114 -1.510239 0.216781 18.910640 1.613051 -2.187158 -6.175680 -2.750558 -7.029138
9 1.041322 -4.529770 1.100360 0.089401 -0.541648 -1.111252 -1.063566 -2.194956 10.054072 -1.597636 -0.201028 -0.096026 1.533978 -2.483252
9 -3.210911 -4.466510 3.027469 -1.549879 -1.270385 1.925082 -0.193727 -1.627652 7.146407 2.998003 -6.742775 1.106907 -2.038168 4.896137
9 0.917967 -4.775007 3.303107 -1.061471 2.171331 3.210748 0.041100 3.704114 5.643038 0.281305 -4.459931 -1.954568 -4.541804 -2.479931
4 1.321442 -14.456780 0.277092 5.255524 4.988856 0.781416 -3.768150 -4.031917 4.266357 2.797439 -2.361046 2.517316 4.568327 -2.155877
14 1.992522 -1.627141 1.191433 1.415660 -2.735817 1.682971 -1.402415 -0.848245 1.865652 -1.383881 -2.824030 -3.592162 -2.253242 8.518696
5 2.853602 3.250595 -3.151066 -6.188085 4.687939 0.898881 3.159444 -0.569247 0.180882 0.138784 -4.314691 2.159597 -0.946797 -2.159839
14 2.997380 -7.797259 -1.660905 1.663439 -1.098206 -2.078616 -1.143849 -1.782662 -4.887840 5.819974 -1.550329 -0.562605 3.218975 8.862503
4 1.940160 -11.088994 -3.104207 14.959191 -2.994070 -3.209398 -3.045262 -0.034439 8.966855 -3.396742 -3.485265 2.248473 4.902989 -2.659292
14 2.649621 -6.356769 3.631430 -2.053910 -1.171714 -0.719449 -2.051856 -2.762723 5.223424 1.531536 -4.898486 -1.123461 2.803585 5.298771
