7 -9.685238 -10.880279 -9.285548 -9.540344 -8.278602 -10.962242 64.442600 -11.455427 -7.973005 -11.485211 56.723844 -9.397152 -11.606574 -10.616824
14 -0.008229 -1.246716 0.000642 -1.916569 -0.191926 0.409838 -0.657745 2.910642 -0.455848 0.010643 -0.874810 -0.643662 -0.971472 3.635212
9 -1.831542 -2.326873 -0.242496 0.054987 -0.099437 -1.948434 -1.847625 -1.658842 9.703483 -0.132826 0.916581 -1.233624 2.051653 -1.405005
1 27.039187 -1.641679 -2.668512 -2.013014 -2.369824 -2.060377 -2.903783 -1.260988 -1.809133 -1.821163 -2.678285 -1.700398 -2.185704 -1.926327
6 1.329004 0.941782 -0.707172 1.832479 -0.379000 3.067031 -4.099864 -0.237177 -1.435737 -0.789991 0.943697 0.382766 -2.652607 1.804789
1 5.219798 -0.769912 -0.297449 -0.603308 -0.375047 -0.782166 -0.304108 -0.577621 -0.215317 -0.443958 -0.507792 0.798495 -0.525226 -0.616391
6 0.893998 -0.678939 -0.263748 0.167393 -0.297495 3.865148 -1.038500 0.023351 -0.869393 -1.478441 -0.698796 -0.362706 0.887948 -0.149820
2 -1.372858 1.740640 1.013701 0.821913 1.050399 0.178156 1.149836 -1.119963 -0.941213 -1.194254 -0.268520 -0.137944 -0.064865 -0.855028
5 -4.307187 -2.919918 -4.649339 -2.118945 31.175120 2.096182 -2.505904 -2.532547 -2.837873 -2.430086 -3.318718 2.304916 -3.731076 -4.224626
5 0.600769 -4.325151 -1.373651 -1.899731 18.492066 0.136934 -3.969629 -2.369806 -1.442034 0.057430 -2.033830 0.475206 -2.817243 0.468669
10 1.707222 -0.669690 1.191000 -2.715764 -0.084472 0.619110 0.156132 -0.819726 -2.809794 2.264944 -0.612445 0.947717 -0.992975 1.818740
3 -0.843447 -1.938247 7.283122 0.447167 2.807998 -1.351415 -2.091141 -1.324513 -0.290864 -1.312970 -1.924862 0.557561 0.465819 -0.484208
3 1.086247 -1.376398 17.505569 -2.211892 -2.182388 -0.914970 -1.525111 -1.431006 -1.232641 -1.605495 -0.517189 -3.178034 -2.478929 0.062238
4 -2.403796 0.608420 0.074429 2.806343 0.557398 -0.718354 1.483852 0.116989 -2.025221 -0.801905 1.201052 -0.239472 -1.510400 0.850665
1 80.919799 -5.979538 -5.602662 -5.750667 -6.051637 -7.569004 -6.276990 -5.985339 -6.638726 -6.216104 -5.902104 -6.465142 -7.721876 -4.760010
11 -4.765084 -3.739331 -0.007337 -0.992182 -4.184682 -3.082035 -3.787800 -2.735850 -1.080323 -4.396017 35.256628 -3.227562 -0.630671 -2.627754
4 0.075427 -1.500786 0.081236 6.351790 -2.083757 1.423846 0.838079 -2.070280 -0.078587 -0.541581 -1.512338 -0.750783 0.097922 -0.330188
12 -3.955207 -2.114646 1.507958 2.403609 0.320368 -0.817746 -0.180590 -3.356565 -1.581232 3.102110 -0.334053 6.293687 -2.162249 0.874558
14 0.366078 -0.626685 2.562756 -2.887286 -2.985817 -1.378348 -2.185242 -1.820918 -3.040702 0.459110 1.674730 -0.217234 -2.148657 12.228216
11 -1.804933 -3.439120 -2.309573 -4.958297 -3.044628 -2.549595 -2.709284 -0.934247 -2.487227 -3.411162 32.452437 -0.553730 -2.250583 -2.000061
3 -1.279643 -2.298124 17.988745 -0.781851 -1.613928 -1.390796 -1.487119 -2.041792 0.249957 -1.776740 -0.944563 -2.272871 -1.149401 -1.201874
12 1.452063 0.646763 -0.123138 -0.791217 -0.326648 -1.772866 -1.741075 -2.158844 -0.678689 0.917142 -0.134584 2.466579 1.289214 0.955301
14 -1.090793 -1.761286 -1.048851 -0.878947 0.012387 2.350725 1.705899 -3.477913 0.097724 -0.912040 2.617922 -0.562095 -0.458785 3.406053
9 -1.658657 1.624961 0.395315 -1.966591 -0.239232 -0.194732 0.032503 -1.475550 4.087103 0.304695 1.242541 -1.255407 -0.879549 -0.017398
2 -3.127507 2.345602 -1.434522 -0.109593 1.278246 -0.868778 0.433564 0.722134 -1.209452 -0.550632 -0.963750 0.354688 0.903013 2.226988
8 -3.199620 0.772013 -1.603443 2.699779 0.852146 -0.656329 0.081860 5.400977 -1.547123 -1.489095 0.091953 -0.934674 -1.306699 0.838257
14 -0.294408 0.124621 -0.543861 -1.294879 -0.311121 -1.019501 -0.122520 -1.392566 0.870635 -0.902391 -0.863622 1.042389 0.159178 4.548045
2 0.879171 14.148613 -2.541665 -2.562233 -1.558020 -0.270662 -2.196896 -2.587885 -0.796576 0.185102 -1.319039 -0.976558 2.114080 -2.517435
1 48.684560 -4.187819 -4.171514 -6.270601 -4.785627 -0.003768 -4.828816 -2.135609 -5.396996 -4.386047 -1.782234 -3.723471 -5.127700 -1.884357
2 0.675448 1.460692 -1.081379 -1.640886 1.057510 0.187000 -2.368400 0.371006 -1.081294 1.037934 -0.261069 -0.192451 1.326624 0.509265
5 -1.225594 -2.368939 -1.069303 -0.391936 18.309932 -1.625158 -1.620887 -1.327510 -1.340629 -1.421622 -1.221684 -1.609928 -1.297230 -1.789511
6 1.373415 -1.378602 0.007869 -1.068192 -0.178548 2.209726 -0.579422 0.064154 -1.003565 -0.383613 0.318230 -1.137989 0.639176 1.117363
6 -0.161934 -2.945290 -0.733540 -3.081437 -0.842836 9.691445 -1.465759 -0.788190 -0.478910 -1.458878 -2.005309 -0.289602 -0.536488 5.096728
5 -1.190267 2.231999 -2.064366 0.876297 3.740138 -0.969303 -2.364377 -0.173093 -2.140358 -2.239779 -1.496427 2.986622 0.181897 2.621019
7 -4.567585 -4.147244 -6.517458 -4.525679 -4.974870 -7.033848 72.912645 -6.131330 -8.229832 -4.187907 -3.781585 -5.200020 -7.806354 -5.808935
14 0.094571 -5.171865 -3.787571 -1.133389 -3.160663 -1.843785 0.643019 0.852338 -4.169804 0.546749 -1.872624 0.814330 -0.441342 18.630037
2 0.164824 2.577306 -0.409272 -0.771538 0.587105 -0.577907 -0.235118 -1.224640 -0.612980 0.871821 -0.041460 0.273616 0.360176 -0.961931
2 -4.110686 18.804893 -1.266298 -1.986046 -3.208984 -1.883948 -0.720031 -3.154957 -3.333014 -1.813654 7.392250 -2.232427 -3.336483 0.849383
2 -1.498960 13.096976 -0.235321 0.986063 -0.206752 -0.748298 -0.362653 -3.651290 -2.033137 -1.059372 -0.729030 -0.627194 -1.317712 -1.613320
14 1.700250 -0.248218 0.033918 0.369888 -0.673593 -0.072089 0.045514 0.309731 -2.694497 -0.385213 0.203045 -0.291595 -0.548937 2.251797
7 -0.910963 -1.608270 -1.700433 1.017801 -0.349707 2.431499 3.569134 -0.002702 -1.560860 -0.782274 0.895640 -1.144594 -0.288481 0.434209
3 2.387641 -0.748944 8.903236 -0.476046 -2.335100 -4.187988 0.200970 -0.185216 -3.801920 1.103928 2.915722 -0.586687 -0.890246 -2.299349
13 0.263888 0.295868 -1.256927 -1.359274 1.589774 -1.440946 -0.613918 -0.022051 0.314747 -0.170389 -0.152104 -0.215340 4.381042 -1.614369
3 -3.005862 -3.883822 40.940799 -2.966284 -2.972541 -2.964113 -2.899815 -2.818057 -2.779160 -3.411576 -3.917847 -2.956052 -3.499541 -2.866129
6 -5.003155 -4.459463 -1.413770 0.332002 -4.154203 26.800662 -2.271175 -1.954969 -0.951990 -3.665857 -1.368474 -2.078094 2.475945 -2.287459
12 1.319746 -2.228515 0.668949 -1.545366 1.395524 -0.758132 -1.154696 -1.001629 -0.988116 1.863281 1.122781 3.183011 0.504176 -2.381012
14 -0.798997 -1.851003 0.827835 0.114314 0.974033 2.822774 -1.664134 -1.029158 -3.210788 2.085852 -0.448140 0.846050 -1.493344 2.824707
13 -0.009820 -1.200375 -1.085237 2.096652 -0.360720 -0.420132 1.773878 -2.510745 -1.725512 0.296504 -0.800389 -0.895616 5.151843 -0.310332
11 -2.449224 4.772586 -1.014973 0.424458 -1.240117 -0.708691 -0.634065 -1.445594 -1.139702 -1.644210 9.107499 -1.083129 -1.710967 -1.233871
13 3.392096 -0.545859 -0.202384 -1.387850 0.488126 -1.686324 -1.731196 1.109611 0.646651 -1.635655 -2.062416 -0.383492 4.384938 -0.386246
14 -0.322368 -1.880376 -0.912288 -2.245439 0.455197 -0.993935 -0.948390 -2.541269 -1.603338 1.608986 -1.142811 0.695415 0.155573 9.675043
1 1.585776 -0.523598 0.103385 0.460682 -0.864965 0.608199 0.177977 -1.280071 -0.486151 0.082802 -0.692156 0.358832 -0.548913 1.018201
14 -0.856920 -3.816179 -0.171293 -1.138687 -1.049499 0.324175 -3.895742 -2.400669 -0.714675 -0.160074 -1.000131 -0.042928 -2.442654 17.365277
11 -4.197392 -5.151729 -6.069948 -3.064951 -3.519143 -6.321225 -8.894044 -5.901210 -4.749628 -5.409190 62.287445 -2.848127 -0.879428 -5.281432
7 0.399186 0.300395 -1.079626 0.377810 -1.062349 -0.199505 4.518059 -2.139475 -0.546624 -1.261030 -0.067777 -0.161592 -0.829538 1.752066
6 -2.078545 -0.065694 -1.375499 -0.420830 -0.269626 9.164703 -0.723069 0.402628 -1.703295 -1.251984 0.054596 0.663439 -1.614265 -0.782557
4 -4.804451 -8.044166 -2.822678 64.705604 -6.374402 -5.546397 -5.618519 -3.768936 -4.085032 -4.446787 -3.815961 -5.001109 -5.680330 -4.696834
4 -5.209566 -6.545603 -4.654132 67.007485 -5.832388 -5.408267 -4.607795 -4.591557 -5.000476 -4.658086 -5.001109 -5.357783 -5.938272 -4.202450
4 -3.678934 0.416087 -4.656458 36.801009 -3.276965 -3.155593 -1.567534 -0.867688 -5.558597 -3.129703 -2.171107 -4.212881 -5.135790 0.194155
7 -6.189779 -2.588058 -5.356291 -5.813915 -7.807285 -4.541598 74.814275 -7.303902 -5.246290 -6.110327 -7.565893 -5.099475 -6.510025 -4.681441
7 -7.868648 -5.639130 -6.889675 -7.261813 -7.212138 -8.966302 86.680899 -7.284804 -7.067941 -5.424104 -4.224870 -7.492202 -4.249992 -7.099285
7 2.973103 -1.806899 1.372098 -0.296762 -1.616231 -1.137297 5.412067 -1.415770 -1.319499 -0.317111 -1.280541 0.348443 -0.128330 -0.787273
7 -5.751873 -8.938389 -6.926292 -7.941569 -7.919027 -8.281920 94.903784 -7.169447 -7.266240 -6.146494 -4.547633 -7.285105 -7.377001 -9.352799
7 -5.978021 -5.825309 -5.698180 -6.540597 -5.855037 -6.785087 73.899648 -5.042866 -6.169723 -5.019140 -5.066061 -5.821868 -5.530016 -4.567746
6 -1.029496 -1.183323 -1.175503 -2.656938 -2.250194 26.607507 -1.028595 -2.159407 -3.190400 -1.885740 -2.129209 -2.269719 -3.622082 -2.026902
9 -1.354209 -0.074052 0.430104 1.426373 -0.307261 -0.414454 -0.381027 -0.041533 2.273715 -1.266803 0.824777 -0.391531 -1.277652 0.553555
10 0.648619 0.038281 2.133559 -0.317767 0.957655 1.866467 0.011329 -2.556970 -1.906166 3.067751 1.352956 1.272202 -4.289544 -2.278373
8 -1.315157 1.304057 1.844833 -1.610257 0.686579 -0.867926 0.496984 5.353112 0.290649 -3.636703 -0.689490 -1.211799 0.324943 -0.969825
2 -1.716718 3.381710 -2.541517 2.265638 -0.669115 -1.123038 -0.054499 2.995660 -1.181176 -0.664330 1.473201 -1.522221 -0.059286 -0.584309
13 -0.127343 -1.109317 0.553071 0.224954 -2.585672 2.743513 -2.044683 -1.894888 -0.821584 0.504035 -3.025802 -1.500112 9.033074 0.050754
4 -7.393035 -5.105381 -5.715597 66.474834 -6.622236 -5.451596 -1.866023 -4.439388 -2.417555 -6.066712 -6.435689 -5.920071 -2.229549 -6.812002
4 -6.692619 -7.697742 -3.650568 65.570617 -5.878968 -6.190052 -4.900661 -5.425603 -4.965581 -2.931385 -5.147756 -4.832398 -2.268755 -4.988527
4 -6.541939 -6.945623 -3.996220 66.795072 -7.145889 -4.887155 -3.668660 -6.019637 -4.298813 -4.066058 -4.765552 -3.974019 -7.038936 -3.446570
11 0.084216 -0.158409 -0.374981 -1.041064 -1.325988 -0.052491 -1.862999 -0.362651 -0.586680 -1.383022 7.939854 -0.825640 0.853622 -0.903768
7 -0.612552 0.501117 -0.432741 -1.079356 0.625375 -1.124472 2.645903 0.045727 -1.641229 0.024067 1.365022 -0.638296 0.735456 -0.414020
3 -0.670719 -1.020736 5.148036 -1.026642 0.687150 0.226720 -1.000808 -1.346904 2.267997 -1.314418 0.377275 -0.790538 0.341204 -1.877618
4 -5.569135 -4.417077 -4.441002 66.933616 -5.912605 -5.633423 -3.567959 -3.931068 -6.666572 -5.873350 -2.309199 -7.288220 -5.631077 -5.692928
5 -3.685195 -2.853883 -2.184695 -1.590982 34.648021 -3.856711 -2.891695 -1.943241 -3.843950 -3.054618 -2.043691 -1.442641 -3.767750 -1.488969
13 -1.097500 0.584679 -0.970270 0.810299 -0.661830 2.611957 -0.851416 -0.585793 -0.353266 -1.213778 -1.513995 -1.340619 3.458671 1.122858
9 -0.225890 -0.541434 0.332936 0.537750 -0.088499 -0.326528 -0.331913 -0.375574 0.818784 -0.357674 0.019756 -0.242274 0.090942 0.689618
11 -3.887126 -2.992246 -1.872777 -4.714186 -4.435425 -3.176514 -1.960672 -4.309669 -2.629366 -5.554926 44.873375 -1.186701 -3.270533 -4.883233
11 -6.275746 -3.132912 -4.509558 -2.804172 -4.353348 -4.003398 -4.601638 -3.905039 -4.697896 -5.315826 56.109709 -4.034237 -4.228160 -4.247780
11 2.565626 -1.041452 -3.790083 0.065263 -1.292177 3.753921 -2.349753 0.102927 -3.969194 -2.493503 9.677055 1.146056 -1.350486 -1.024201
6 0.692278 -1.378395 1.410056 -2.884221 0.874907 2.390548 0.088401 -1.368511 0.470720 0.890218 -1.230275 -0.298028 -0.149333 0.491633
1 45.366949 -2.351591 -3.585656 -4.759937 -3.319731 -4.109767 -3.443744 -3.232738 -4.289485 -5.679080 -4.400574 -4.184215 -1.724690 -0.285739
13 -0.947909 -1.066502 0.468325 -0.408272 -1.507889 -0.709997 0.629686 -1.211350 -2.717777 -1.642479 -0.345374 -1.581481 10.490187 0.550832
3 0.869925 -1.345940 9.642299 1.406514 -0.946481 -2.092744 -2.461696 -2.171870 1.420509 -0.023562 -2.766730 -1.900920 -1.189136 1.559831
4 -4.993302 -4.700452 -5.103277 67.585337 -5.523088 -7.033935 -5.126673 -4.365433 -7.002771 -4.843625 -4.816161 -5.728294 -5.234596 -3.113729
4 -2.550592 -2.844088 -3.540180 66.697747 -5.506453 -4.346361 -5.093064 -4.508784 -8.110012 -6.999191 -3.896573 -5.547837 -7.871279 -5.883333
2 -1.785146 16.460599 -0.577556 0.525481 -0.059840 -1.269993 -1.578401 -3.124200 -3.589727 -1.888304 -2.258074 -1.469116 -1.256517 1.870794
3 -1.283087 -0.505819 2.456868 2.058848 -0.231730 -1.548934 -0.901432 -1.614055 -0.634029 1.430050 0.194640 0.143363 -0.416954 0.852271
1 0.000000 0.000000 0.000000 0.000000 0.000000 0.000000 0.000000 0.000000 0.000000 0.000000 0.000000 0.000000 0.000000 0.000000
2 -4.889569 17.014283 -0.851387 -0.036934 -0.585875 -0.792792 -1.103652 -0.927562 -2.454369 -1.093466 -0.223930 -1.841724 -1.782150 -0.430872
13 -0.243763 -1.285650 0.600913 0.770946 0.493195 -1.458994 -1.044762 -1.218067 -2.510179 1.091535 -0.882201 -0.818806 6.016733 0.489100
1 46.670232 -5.357785 -3.264307 -1.697203 -3.465119 -2.566331 -2.671724 -2.603569 -3.631160 -5.601425 -3.491856 -4.849626 -4.846206 -2.623918
7 -6.232336 -6.753058 -6.735083 -6.457080 -7.813761 -8.126508 92.966464 -8.537197 -8.351515 -6.287493 -4.747002 -6.969655 -6.765615 -9.190165
6 -9.101914 -6.875865 -6.009633 -6.010268 -7.224846 82.419183 -7.385604 -4.066024 -5.103179 -7.571503 -5.330887 -6.292953 -5.900032 -5.546471
4 1.178751 -2.255377 -1.568654 1.763292 -0.063884 0.980616 0.564188 0.421276 -1.438095 0.431546 0.436881 -0.252480 -0.849960 0.651898
13 -0.694201 -0.297132 -0.147278 -1.562434 2.119762 3.174158 -5.292322 -2.882490 0.112797 2.082211 1.739546 -1.619585 4.202640 -0.935674
1 47.282011 -3.534422 -4.391863 -3.992953 -3.485625 -2.670449 -3.974833 -3.844571 -4.201994 -3.180112 -2.939325 -4.399993 -5.102750 -1.563118
3 -1.179341 -0.218642 2.923893 0.325671 -0.518872 -1.115158 1.203495 -0.746987 -1.889230 0.101566 1.343412 -0.709387 -1.347697 1.827276
10 -0.161980 -0.879865 3.648992 -1.950543 -0.534104 -1.116282 -1.780068 -1.252202 1.687050 5.464700 -0.129156 -0.537992 -2.683973 0.225422
1 4.421674 0.897030 -2.157513 1.083425 -0.040352 0.225734 -1.198345 -1.522943 -1.536382 -0.816234 0.134374 -0.938167 0.568765 0.878934
8 -0.342909 -1.411099 -0.055852 -1.825860 2.573814 -0.929459 -1.058791 5.567436 -0.614272 -0.278495 0.589035 -0.831437 0.291704 -1.673813
7 -6.372620 -6.016957 -4.453366 -5.078421 -5.555934 -6.635539 69.987817 -5.068118 -7.285553 -7.199011 -5.466241 -6.220946 0.445869 -5.080983
8 0.000000 0.000000 0.000000 0.000000 0.000000 0.000000 -0.031345 0.639233 -0.420503 0.000000 -0.059881 0.000000 -0.127503 0.000000
11 -0.471853 0.582290 -0.751830 -1.447978 0.250454 0.780195 -1.093380 -1.084503 -1.134535 -1.716417 7.688241 -0.635356 -0.935341 -0.029985
10 0.690344 -0.916174 0.095001 -0.959585 -1.303526 0.295828 -2.159532 -1.131858 -1.426942 7.247136 0.096180 0.320504 -0.567978 -0.279398
14 0.112236 0.193819 -0.403303 -1.942220 -0.239209 -0.265084 0.874317 -0.494886 1.095329 -1.259827 -1.115409 1.592165 -1.564345 3.416417
13 -1.164764 -1.639456 2.220203 -0.908138 -0.246946 -0.093486 -0.441647 -0.646664 -1.758406 -0.617774 -0.579947 -0.621940 7.248412 -0.749446
2 19.477902 28.007429 -6.495797 -4.925498 -4.147748 -2.061461 -5.085444 -4.087803 -4.092739 -5.043173 0.295386 -4.665845 -3.317985 -3.857222
6 -0.044594 0.000000 -0.473841 -0.636109 -0.581582 1.952196 -0.031158 -0.136063 0.207512 -0.175940 -0.342246 0.322552 0.603827 -0.664556
2 -0.917317 18.024202 -2.267811 -1.772270 -0.795601 -0.920256 -2.273975 0.514769 -1.240299 -2.043573 -0.795502 -3.187960 -1.744458 -0.579948
4 -1.017218 0.619936 0.156297 1.198470 0.246271 -0.181728 0.270480 -0.208968 -1.622353 0.128428 0.673257 0.024287 -1.004632 0.717473
4 -6.648947 -7.647367 -7.393772 64.650055 -8.539682 20.576996 -7.178288 -5.921619 -6.543184 -6.840051 -8.029699 -7.050732 -6.151887 -7.281821
1 80.056251 -6.651705 -6.089844 -5.999768 -6.097025 -6.220954 -6.454051 -6.557680 -4.838339 -6.153740 -5.403937 -6.252243 -6.741520 -6.595444
1 78.893934 -4.367768 -6.883623 -5.565707 -6.210647 -4.814913 -7.190300 -6.406850 -6.244602 -5.469984 -4.513024 -7.423972 -6.746083 -7.056461
1 51.258772 -4.125652 -4.506241 -5.298956 -5.478142 -3.903009 -3.324743 -3.164902 -3.102839 -3.090515 -3.111940 -2.883945 -3.566440 -5.701444
8 -2.801841 3.536754 -1.158060 -2.190173 1.036027 -2.338531 -1.388212 3.921795 3.231281 0.758606 3.458313 -4.224351 0.203086 -2.044693
4 -5.258251 -5.505788 -5.368092 71.436148 -6.764293 -4.867751 -5.427536 -5.472425 -6.550818 -5.005759 -4.474537 -5.933461 -7.436895 -3.370540
7 -0.323838 -0.814606 -0.774101 0.124508 -0.767657 -0.462044 2.960886 -0.522828 0.958795 -1.057051 -0.052988 -0.486463 0.231935 0.985454
2 -2.768663 22.199895 -1.771678 -1.362558 -2.877442 -1.238110 0.699708 -1.538045 -0.645860 -0.622692 -2.279467 -1.782424 -2.189769 -3.822895
1 5.901271 -1.666038 0.147247 0.682188 0.302395 -0.613341 -0.704005 -0.606159 -0.862920 -0.853542 0.129222 0.594016 -1.372338 -1.077998
10 1.233622 -1.358809 -0.907661 -2.984823 -1.162034 1.562178 4.087583 1.248590 -2.344130 4.305607 -0.681168 -1.970839 -0.646610 -0.381506
13 -0.242794 0.807977 -0.077340 0.455584 -1.867573 -1.786314 -0.492761 -1.837000 1.450452 -0.660421 0.689252 0.950591 1.683531 0.926816
9 -0.465880 -1.646726 0.301067 -1.903875 2.229208 1.949693 -2.243831 -1.494854 5.518196 0.074218 0.050587 -1.570981 0.381516 -1.178339
9 -1.607231 -1.049907 1.106441 -2.496066 0.420067 0.291026 -0.918712 1.088720 3.940219 0.629683 -0.139260 -1.530018 0.703232 -0.438193
5 -1.066067 -3.707761 3.496611 -1.509129 16.034997 1.417757 -0.581404 0.978031 -1.457529 -2.733624 -3.301211 -1.666911 -5.019276 -0.884485
4 -3.636282 -5.668655 -4.850322 68.063125 -6.822592 -5.517567 -5.653442 -4.400059 -5.173633 -6.391382 -4.811585 -4.827918 -4.965296 -5.344392
4 -6.549338 -3.797200 -3.756659 67.116534 -4.480653 -5.512951 -3.961613 -5.646374 -4.503992 -5.516080 -6.773052 -4.023313 -6.777361 -5.817947
4 -4.852532 -5.780961 -3.942958 72.641391 -6.491360 -5.815590 -7.556418 -5.817753 -7.141626 -1.913052 -4.898640 -4.924809 -8.607387 -4.898305
4 -3.802210 -2.730621 -2.578199 38.913211 -3.167871 -3.531346 -2.810028 -2.160110 -3.874207 -2.705766 -2.329019 -2.858872 -3.924715 -2.440246
4 0.747129 -2.749454 -1.458372 6.279074 -1.081622 1.259877 -4.429240 1.804796 1.028006 -0.614856 -2.205280 -0.076267 0.675931 0.820279
1 44.120726 -4.322046 -3.582175 -4.574998 -3.875806 -3.188247 -5.388501 -1.836553 -2.775553 -2.224138 -3.599934 -2.000293 -3.017488 -3.734992
7 -0.272034 -3.727277 0.677269 -1.549979 -1.106378 0.983409 6.242813 -0.448026 -0.963429 0.155747 0.443913 0.446310 0.075995 -0.958333
8 -0.461114 -2.570432 -1.434100 1.019557 -0.542735 -0.694329 -2.015352 11.849306 -1.522676 -0.219777 -1.114453 -1.142874 0.318745 -1.469767
1 50.618039 -4.556718 -4.018035 -3.707670 -3.565648 -6.324942 -5.360988 -4.085641 -2.434651 -5.261920 -3.384963 -3.902194 0.468078 -4.482747
1 49.980915 -3.563367 -3.361159 0.076720 -4.590098 -5.394039 -3.210417 -5.747649 -2.324820 -5.285867 -3.968410 -4.050293 -3.494208 -5.067307
3 -1.550121 -2.993124 7.497660 3.097219 -1.952625 -0.999502 0.675268 -2.037662 -0.703386 -1.519286 0.791499 0.472753 0.020995 -0.799686
3 -1.359947 -1.179040 15.644886 -1.811385 -2.527193 -0.717854 0.047407 1.225053 -0.185008 -0.828756 -1.818168 -2.009898 -1.998667 -2.481432
1 31.478105 -2.850104 -3.327071 -2.354358 -1.927342 -2.239001 -2.492098 -2.360854 -0.269219 -3.345520 -1.161589 -3.892440 -2.401845 -2.856663
3 -2.165946 -2.101535 36.327551 -3.450645 -2.180201 -2.846509 -2.321626 -1.965077 -2.582353 -3.304282 -2.184943 -3.055911 -4.037152 -4.131370
14 0.474451 -1.485465 -1.816232 -1.254874 1.210960 0.741111 -0.310797 1.459496 -2.268110 0.796020 0.132202 0.062761 0.098741 2.159735
14 -1.700554 -3.544743 -0.387617 -0.063805 -0.674499 -0.389009 0.006437 -0.154511 -3.813074 -0.982930 0.059502 -1.913126 -2.048455 15.606383
8 -1.378111 -0.400408 -0.941594 0.868541 -2.600812 -2.573583 4.099854 11.858424 -1.597792 1.049876 -2.263479 -1.983897 -1.945369 -2.191650
3 0.083963 -2.349196 17.091032 0.962592 -1.233600 -1.322353 -1.521563 -3.213162 -0.134723 -1.527382 -0.911272 -1.155489 -3.033580 -1.735267
6 -3.845217 -2.632875 -2.628639 -2.198682 -3.590883 34.140916 2.339882 -4.047778 -2.509589 -3.219804 -2.606684 -2.349122 -3.953518 -2.898007
13 -0.524440 -2.709614 3.132986 -2.753128 -1.400006 0.727318 -1.624890 -2.925801 1.029259 1.009724 0.371681 0.993048 4.222767 0.451094
3 -1.857700 -3.359780 27.254477 -3.767010 -3.315052 -1.793212 -2.311729 -2.763110 -1.288213 -1.419527 -1.346175 -0.098212 -2.625750 -1.309007
14 0.254452 -0.280251 0.294163 -0.188992 0.141076 -0.268792 -0.520409 -0.284489 0.613592 -0.725141 -0.240172 0.135375 0.111678 0.957910
11 -1.917799 -1.743042 -1.529144 -0.640443 0.536112 -1.758292 1.923997 0.042894 -1.184217 -1.019077 8.433548 -1.516097 -1.114812 1.486374
11 -2.937922 -0.515935 -1.443055 2.269779 -1.625775 -0.549568 -0.110151 0.024221 0.190575 0.857119 6.374156 0.580496 -0.902430 -2.211510
11 -5.314826 -5.903266 -4.646605 -2.499072 -4.648775 -5.961930 -5.029062 -3.751257 -5.047615 -5.431530 61.333353 -4.713163 -4.795887 -3.590365
11 -2.157278 0.468902 -1.486903 0.039966 0.897368 -0.814657 -1.553618 -0.119116 -3.531297 -2.812796 13.890906 -0.781653 -1.223908 -0.815916
1 49.849343 -3.697702 -0.718479 -4.541520 -2.794888 -3.015651 -5.000635 -3.728081 -4.573691 -4.918936 -5.674537 -3.518527 -4.401262 -3.265433
5 -1.275882 -2.182863 -2.034709 -1.464188 24.652337 -1.446339 -1.588052 -3.347223 -3.533310 -0.744514 -0.929249 -3.239779 0.065074 -2.931304
4 -6.142008 -3.910040 -7.063734 71.712368 -3.584516 -4.578107 -5.332585 -5.337727 -4.939610 -4.653060 -7.606392 -4.000226 -7.550811 -7.013550
7 -6.806604 -5.032136 -6.293345 -6.735279 -5.731796 -7.751490 86.082803 -7.313847 -6.850256 -5.204981 -9.647905 -6.803825 -5.369195 -6.542149
3 1.400576 -1.753442 3.067999 -0.698997 -0.225317 1.931808 0.715610 -0.481017 0.810472 2.284119 -1.786281 0.094127 -5.950364 0.590708
5 -3.192669 0.110063 -1.597176 2.003988 19.563716 -0.668122 -1.500679 -1.832906 -2.564309 -2.191555 -2.046159 -1.946394 -3.499728 -0.638069
4 -3.132376 -4.861214 -5.338786 67.255472 -4.850503 -5.358368 -5.054094 -4.800052 -5.368890 -1.981360 -6.755531 -5.043868 -7.044106 -7.666323
6 -6.025913 -6.373783 -7.527512 -7.375996 -6.217599 84.054076 -6.695888 -6.033644 -6.121500 -6.139749 -7.179565 -6.134674 -6.280405 -5.947847
8 -2.466454 -1.623710 -0.063961 -0.421638 -0.303395 2.053332 -0.236388 6.069154 -1.055348 -1.101213 -1.818594 2.610669 0.742836 -2.385289
6 -4.889932 -4.339335 -3.598692 -4.105416 -3.938354 57.179161 -4.661111 -4.920376 -4.092977 -3.970355 -3.780155 -4.575897 -5.502651 -4.803912
6 0.221501 -1.046535 -1.143873 -0.674263 -1.029302 5.762556 -0.543175 -1.254331 2.774664 -1.465748 -0.855218 -0.053813 -1.011248 0.318785
11 1.877639 0.865672 1.266177 0.391660 -1.540904 -0.490419 1.120996 -0.394336 1.311114 -0.608998 1.985122 -1.451954 -2.904684 -1.427086
13 -0.377849 -2.075829 -0.781457 -0.107462 -1.036871 -1.400897 -2.180072 -1.750675 3.283944 -0.320985 -2.038419 -1.735445 12.351898 -1.829881
13 2.168445 0.910454 0.030436 -1.091196 -1.431096 -0.135386 -0.736791 -1.574342 -1.127790 -0.447854 0.763923 -0.377784 4.525375 -1.476392
14 -0.032878 -0.800417 -0.360453 -0.485051 0.125509 -0.063224 -0.526677 1.323591 -0.015153 -0.724108 -0.201834 -0.427166 0.014227 2.173633
9 -2.793414 -1.312564 -1.551826 -2.006614 2.354400 -0.471764 0.149595 -0.794377 7.570327 0.519287 -0.678746 -1.889100 0.793724 0.111072
1 4.358588 -3.411323 1.095339 -1.006866 -2.333591 -1.229256 -0.102415 -1.522970 -0.410893 -0.402859 1.353962 3.826074 -0.503622 0.289833
4 -5.820850 -6.343640 -4.967744 66.063340 -6.084553 -5.392705 -4.890133 -3.307579 -3.788602 -6.084690 -5.676986 -4.850606 -5.325001 -3.530249
14 1.404176 -2.299458 -0.436766 -1.389810 0.355559 -0.042846 -0.372676 -0.148586 -0.237715 -1.010299 -1.047056 0.496565 1.914939 2.813971
4 -4.362285 -4.501755 -5.017433 44.249968 -3.698292 1.650955 -4.900450 -5.505470 -6.109030 -3.079968 -1.561050 -3.273467 -0.095534 -3.796190
4 -6.364340 -4.274217 -7.627623 76.799101 -6.828759 -4.688884 -2.785678 -4.985733 -7.202464 -7.219684 -4.643312 -7.419727 -7.178879 -5.579800
3 -3.974696 -0.001946 39.096045 -4.280342 -3.121124 -1.024886 -2.008389 -3.684500 -1.786097 -4.102891 -1.998274 -2.863701 -4.505251 -5.743948
3 3.194682 -0.274865 4.985797 1.985580 -2.616980 -0.115284 -1.858151 -0.254463 -2.213889 0.175766 -0.173787 -0.998310 -1.467694 -0.368405
8 0.435690 0.991199 -1.333228 -0.139884 -1.227910 -0.289999 -0.518857 0.995262 0.988004 -0.415831 -0.426448 0.590817 0.984204 -0.633020
6 -0.492477 -0.124342 0.118317 0.337934 0.774278 1.064149 -1.578965 -0.384781 -1.342864 0.890794 1.006080 -0.822924 0.017915 0.536885
13 -1.917634 -0.230819 0.833548 1.952123 0.284388 -0.972379 1.180773 -0.767254 -0.793527 -2.079282 0.138610 -0.269887 2.166268 0.475072
14 -0.427745 2.043998 -1.421590 0.071423 -0.849253 0.634565 0.034643 -0.234479 -0.697747 -0.229740 1.736002 -2.216849 -1.146014 2.702785
14 -2.742682 0.632358 0.413431 -1.790976 2.455580 0.908799 2.079384 2.424281 -3.692826 -1.462619 1.440263 -0.611868 -2.817426 2.764302
4 2.391094 -2.911340 -1.358137 3.017451 -1.068634 -0.760804 -0.487358 0.065465 -0.555654 -0.703256 -0.433336 0.371401 1.854052 0.579054
1 1.664648 -2.028139 0.724609 -1.780443 0.475926 1.348357 -1.129178 1.653594 -0.803040 0.765067 -1.324832 -2.013707 0.837889 1.609250
4 -4.334282 -6.525333 -4.871601 65.759834 -6.414844 -5.005112 -5.862723 -2.619939 -3.004918 -7.328365 -4.830421 -5.828279 -5.587221 -3.546794
4 -5.212993 -6.692722 -4.762693 67.193520 -5.667765 -5.732668 -4.537042 -3.786554 -5.413789 -4.945669 -5.235352 -5.092316 -4.343088 -5.770869
1 2.244442 0.315368 0.380259 -0.650056 -0.846732 0.982393 0.158899 0.373772 -0.496810 -0.611583 -0.611332 0.072436 -1.176348 -0.134708
12 0.783981 2.335020 0.207196 -2.707502 1.261911 0.056653 -2.804154 2.184217 -3.264879 -1.013042 -1.789283 5.516599 0.153280 -0.919997
1 24.525246 -0.778205 -0.558372 -2.020690 -4.702189 -0.661830 -3.066938 -2.488648 -1.326834 -1.923533 -2.050396 -0.804095 -2.861252 -1.282262
14 0.303375 -1.425576 0.169647 -0.693909 -1.114563 0.910504 0.208225 -0.997153 1.504404 -2.439697 -2.733564 -0.489508 0.391007 6.406807
10 2.501303 2.487312 0.646792 -1.393762 -0.333906 -0.231022 -0.920307 -1.664191 -3.453647 2.840153 1.328992 0.622304 -3.461936 1.031913
4 -2.703674 -5.422913 -3.251217 40.965790 -4.585432 -3.373914 -1.670240 -2.872004 -3.572379 -1.902273 -3.859829 -1.534445 -5.276551 -0.940918
5 -1.964172 -1.748448 -2.060738 -0.377607 24.018876 -3.125877 -2.624167 -2.945352 -1.062506 -2.073197 -0.941105 -1.016722 0.199092 -4.278076
4 -4.441969 -6.263141 -6.540415 70.338717 -4.074743 -6.772296 -6.742528 -4.956239 -5.808680 -0.301302 -5.182892 -5.045177 -8.938002 -5.271332
14 -0.115929 -3.031479 -0.686617 -1.865539 -0.864248 -0.395428 -0.585938 -1.536250 -0.370274 -1.322882 0.130660 -2.881620 -0.391338 13.916883
5 0.487398 0.652505 -0.384421 -0.264806 0.710671 0.147304 -0.133649 -0.647530 0.068187 -0.233978 -0.348702 0.034631 0.061675 -0.149286
7 -0.664514 0.129852 -0.818135 -0.870718 0.433342 0.559105 0.681188 0.434315 -0.134638 -0.032917 0.006028 -0.081170 -0.102603 0.460867
4 -5.341290 -6.804725 -5.539418 67.100729 -6.932541 -3.888971 -2.086466 -2.774184 -5.334776 -4.866886 -6.075264 -5.162214 -5.354417 -6.939577
10 1.838412 -5.643143 3.313180 -2.415152 -1.770739 -0.242519 -0.241989 -1.958143 -0.327274 6.649817 -0.566782 5.334500 -2.994459 -0.975709
14 -0.366796 -1.977753 -0.453357 -1.269596 0.931469 0.280275 -0.715314 -1.056328 -0.774222 2.191399 -0.163180 -1.974369 0.467822 4.879950
6 -5.696550 -3.075605 -3.074681 -2.995592 -4.153997 47.951823 -4.779439 -4.525011 -1.835066 -2.905191 -3.226183 -3.516601 -3.518815 -4.649088
13 -0.988864 0.503971 -0.900046 -0.797982 0.613479 1.569090 -1.990332 -1.846348 1.234057 -0.823779 -0.266096 1.157307 2.988431 -0.452888
4 -0.352984 -0.524332 -0.503499 1.354306 -0.188010 0.449387 0.465954 -1.398587 0.273888 0.125314 1.091489 -0.897215 0.486996 -0.382709
4 -7.306013 -5.716259 -5.933232 70.077641 -6.976824 -2.260930 -4.379277 -3.603966 -6.433975 -6.680397 -5.134446 -4.153557 -5.969425 -5.529339
10 -3.588294 -1.337220 -1.511888 -0.808126 -0.358085 -2.024076 -3.474753 -0.782750 -0.016662 20.380121 -2.170133 -2.246627 0.814327 -2.875834
8 -0.594481 1.279189 -0.692808 -1.685861 -1.209781 -1.461176 -2.612848 10.626103 -0.666157 4.657698 -2.424013 -1.826739 -1.516811 -1.872315
8 -1.428923 -0.417212 0.678522 -0.828256 -2.275696 0.318735 -1.209964 9.069755 -0.300343 -0.447347 -1.339149 -1.546309 0.159388 -0.433202
1 45.183954 -5.027066 -2.561322 0.167489 -2.370841 -6.263280 -3.857341 -4.792089 -1.512799 -5.139703 -3.315790 -6.094121 -2.127722 -2.289368
4 -3.075261 -0.491812 -3.285995 37.975597 -3.806731 -3.732080 -4.957835 -1.609728 -3.479926 -3.173331 -2.405741 -4.413925 -0.934513 -2.608721
5 -0.729187 -3.018906 -0.830812 -1.338736 18.666600 -2.607093 -3.011395 0.600880 -1.572662 -1.795473 -3.018120 -2.466302 2.709819 -1.588612
11 -3.986922 -0.756106 -4.244448 -1.114885 -1.977450 -5.094300 -3.347781 -4.418518 -4.615293 -2.633699 46.854189 -5.025522 -4.768447 -4.870820
14 -0.416251 0.347894 0.723691 1.451718 -0.158832 -0.798951 1.059370 -0.231175 -2.113502 -0.408564 0.640249 -0.004692 -1.590701 1.499749
10 2.435254 -2.789662 0.077108 -0.671500 -0.842752 0.414332 -0.409263 0.245167 1.679492 2.435981 -2.473969 1.116327 -0.144228 -1.072289
8 -0.921115 -1.743445 -1.752052 0.728845 2.361187 1.348070 -1.004546 3.688482 1.100794 -0.434636 -0.746131 -0.830603 -1.111698 -0.683153
5 1.633397 0.103875 0.042402 1.104287 2.702808 -0.134414 -1.407680 1.998479 -1.191076 -1.829392 -2.868983 0.035770 1.132076 -1.321549
4 -0.612115 -3.302118 -0.179907 6.178937 2.072179 0.749384 -2.335441 -1.090325 1.465641 -1.414089 -1.437750 -0.595667 0.858081 -0.356809
1 4.265013 0.096102 -0.960543 -1.347397 0.500051 -2.003167 0.199786 -0.573952 -0.726760 1.006820 -0.254826 -0.693294 0.417460 0.074707
4 -6.609076 -7.319724 -3.725435 68.412510 -6.346537 -5.263920 -5.563601 -3.324501 -4.017866 -6.010556 -5.567607 -4.743835 -5.601214 -4.318636
7 -2.998824 -0.362251 -3.288710 2.431455 1.031871 1.049750 2.988576 1.128298 -2.512224 -0.726136 1.763604 0.440366 -0.829333 -0.116442
13 -0.657763 2.271803 -0.722307 1.104243 -1.319427 0.464539 -2.713867 -1.533221 -0.059561 2.567376 -1.726766 -0.888850 2.734533 0.479266
1 27.313224 -5.326033 -1.234937 -1.821541 -2.197598 -2.056158 -3.194158 -4.528385 -0.699906 -0.486778 -2.702755 2.755236 -4.162646 -1.657565
6 -2.009638 -2.512519 -4.304121 -3.472807 -2.187804 35.982418 -2.642665 -2.326964 -2.369263 -4.248781 -1.176752 -4.003997 -2.865698 -1.861408
3 -1.031838 -2.435093 8.579610 -3.097452 0.956729 -0.197590 0.508904 -1.460920 -1.620711 -0.341195 -0.945090 1.554874 0.215051 -0.685278
5 0.423796 3.250675 -4.983720 -1.798808 18.765738 -3.399795 -2.231662 2.880617 -2.267433 -2.405498 -4.244272 0.272057 -0.766774 -3.494923
8 -3.058958 -1.845156 -1.624685 1.391764 -1.677208 1.111152 -2.281040 15.572543 -2.434946 -2.520571 -1.721129 0.712692 -1.443163 -0.181298
14 -0.806284 -0.559869 0.642563 -0.958122 0.967686 -1.456276 -0.108964 0.159925 -0.355118 0.678259 -0.259211 -0.165092 0.565448 1.655054
1 2.679949 1.187116 0.218879 -0.385985 -0.130067 -0.331154 0.646815 -0.152594 -1.864918 0.471881 0.962784 -0.371635 -1.719735 -1.211335
6 2.896107 -2.791214 -3.663026 0.537441 -1.733520 14.934317 -3.540549 -1.919813 0.583283 -2.700967 -2.173944 2.005919 -0.417217 -2.016815
12 -3.132815 0.252170 -1.043289 2.389112 -0.722719 0.477292 -1.589800 2.567977 -0.415053 -2.587820 -0.532864 3.274512 1.425739 -0.362442
3 -0.113740 -1.318588 14.181082 -0.369356 -0.968474 -0.951256 -0.729328 -1.254657 -1.135113 -0.734865 -2.219810 -2.065970 -1.158552 -1.161374
12 0.618972 -0.092491 0.362074 -1.028655 -0.492678 -0.897541 1.325795 -0.498869 1.165390 -0.453869 -0.527287 2.077105 -0.887746 -0.670200
14 -0.233283 0.543762 -1.930016 -0.309649 -1.784308 2.003211 -2.150977 -0.732698 0.297822 1.300504 -2.600454 1.759419 0.942149 2.894516
14 0.727105 -0.068756 0.026398 -1.069300 0.619803 1.840493 -0.783052 -0.577696 -2.241383 -0.049435 0.600085 -1.445867 0.488792 1.932814
11 -1.554815 -1.070162 -2.639081 -1.705063 -2.344100 -3.628812 -3.111406 -1.181882 -1.707632 -0.413068 23.560558 -1.608359 -2.596173 -0.000006
13 -0.240126 0.783697 0.314329 -0.014264 -0.317456 -0.355824 -0.247226 -0.729930 -0.820467 0.800072 -0.498248 -0.619521 1.749422 0.195540
14 -0.585169 0.163075 -0.365278 -0.657905 -0.390665 -0.562807 -0.871441 -1.197074 0.472611 1.619671 0.096254 1.660006 -1.254151 1.872872
1 84.421719 -6.880825 -6.314856 -6.166415 -6.203618 -6.975857 -7.769431 -6.371467 -6.540586 -5.749602 -6.754691 -5.479720 -6.317363 -6.897287
12 0.484968 -0.347245 -1.020709 -0.786406 0.326890 -0.712957 1.080600 -1.880931 0.342767 -0.660434 -0.441389 2.510051 0.400600 0.704195
10 0.546455 -2.443957 1.688085 0.719807 -0.332359 -0.628797 -1.287782 -0.304628 -1.588604 1.892581 0.575765 1.448784 1.412953 -1.698303
3 -0.624979 -1.273615 2.667363 -1.582332 0.355838 -0.329035 0.624061 0.800081 -0.713266 -1.429415 -0.701096 0.584826 1.208921 0.412649
1 44.635660 -3.930629 -3.154126 -3.612428 -4.109981 -4.999205 -3.223272 -3.580733 -2.126632 -4.164946 -1.899654 -4.098207 -2.392927 -3.342917
1 30.951095 -3.729173 -2.122773 -2.661235 -1.050140 -0.769495 -3.695606 -1.489319 -2.783405 0.847426 -3.503182 -3.620591 -4.536915 -1.836686
2 -1.448869 1.883880 -1.673135 -0.581812 0.711278 -0.592257 -0.009044 -1.785436 -1.121220 0.980226 -0.273201 1.214741 1.766986 0.927864
6 -0.394868 0.654997 -1.331334 -2.915430 -0.779439 18.505077 -2.555913 -2.835419 -2.091836 -2.484947 -1.003737 -2.329753 1.833946 -2.271345
5 -4.056090 -0.437078 -0.869931 -2.407818 17.658855 -2.656574 0.930551 2.624937 -4.138149 -0.335268 -2.534638 -3.157988 -3.502437 2.881627
6 0.631689 1.199917 -3.939063 -1.474696 -1.558294 14.806900 -3.387888 0.198875 -1.115971 -0.998533 -2.577037 -2.443818 -0.720278 1.378195
3 0.260269 -2.872403 4.831509 -0.392305 -2.017179 -1.231200 -2.677045 -1.210985 -0.548382 0.280339 2.194076 3.265747 1.338193 -1.220634
2 1.910809 2.733702 -1.427642 -1.303287 -1.149041 1.952438 0.686098 1.177522 -2.922806 -0.839924 -3.121364 2.216206 -1.309482 1.396771
3 -1.877615 -2.886197 27.254477 -3.830762 -3.243283 -1.824693 -2.465795 -2.646975 -1.518767 -1.550603 -1.188892 -0.188170 -2.888447 -1.144278
10 0.410970 -0.053998 -0.174658 -1.614256 -0.198537 1.193184 -0.954641 -2.052625 0.879687 3.269943 -0.260003 -0.861304 -1.312545 1.728783
6 0.098913 -0.486322 0.324514 0.967568 -1.091777 2.052371 -0.361195 -0.680255 -0.011842 -0.596327 -0.249877 -0.316615 0.702790 -0.351948
3 -3.284186 -0.509044 10.296105 0.244028 0.807373 -2.364160 -0.374077 -1.322318 -0.542013 1.093611 1.686291 -2.632737 -2.509155 -0.589720
10 -2.262116 0.297903 0.305279 0.171791 -0.643579 -1.021279 -2.340605 -1.973334 -1.555294 16.441849 -2.180607 -0.202316 -3.610064 -1.427628
10 -1.481369 -3.371827 0.334069 -0.095086 2.714100 -0.275482 -0.754407 -1.865977 -1.802879 4.884997 0.803155 1.576243 -2.524071 1.858534
7 -5.966266 -6.201946 -6.068254 -6.181424 -6.670661 -6.299683 83.567144 -6.316883 -5.677084 -5.602323 -10.305444 -6.021780 -5.967593 -6.287808
11 -1.489627 -0.030287 -0.156874 1.546728 -1.247341 0.812465 0.128208 0.850033 -2.515348 -2.194868 2.954838 0.932784 0.133190 0.276100
12 -2.787097 -0.743132 0.485329 0.451389 -1.415602 -1.254815 1.194124 -0.956569 -1.360803 -0.627847 1.087926 10.026678 -3.823122 -0.276460
4 -1.017218 0.619936 0.156297 1.198470 0.246271 -0.181728 0.270480 -0.208968 -1.622353 0.128428 0.673257 0.024287 -1.004632 0.717473
11 -4.439190 -4.859100 -1.672219 -2.158239 -0.239504 -3.561069 -3.396704 -4.509521 0.088704 -4.008767 34.673366 -2.024594 -2.371448 -1.521715
11 -7.987143 -4.576610 -4.422962 -4.341513 -4.359528 -4.732000 -6.397450 -4.558679 -5.953200 -5.337660 66.999693 -4.593121 -5.266786 -4.473041
2 0.279701 4.012578 1.128775 -1.817294 0.412947 -1.087202 -0.146486 1.701292 -2.793636 -0.839916 0.693097 -0.955307 -0.715934 0.127387
3 -1.718053 -2.886197 25.878646 -3.685229 -2.521779 -1.787242 -2.212988 -2.449010 -1.330984 -1.784603 -1.403208 -0.117281 -2.778030 -1.204042
11 -1.586855 2.591990 -1.312376 -0.539390 -0.684974 -2.334446 1.430909 -0.009656 -2.359295 0.180916 4.959152 -0.544773 0.675595 -0.466797
14 -1.758358 0.001198 0.945835 -0.012548 0.252392 0.350092 0.169976 -1.738032 -2.861212 -1.010353 -0.582918 0.563226 2.475337 3.205366
11 -2.038983 0.657820 -0.607339 -1.161843 1.782291 -1.552039 0.140602 -0.560458 -2.295925 0.726874 5.021981 0.018986 0.434734 -0.566702
7 0.840424 1.128522 -2.533145 -0.140229 -0.594936 0.275199 1.583575 0.337717 -0.501466 -1.915333 1.532839 -0.793902 -0.491286 1.272022
4 -0.381798 1.758744 -0.041100 3.072848 -0.584895 -0.298629 0.481704 -0.912386 -1.714114 -0.164983 0.483719 -0.494428 -0.803523 -0.401159
10 -0.375284 -1.304186 2.003696 -1.695781 -0.323180 -0.669422 -0.030836 0.458523 0.942834 3.428706 2.472794 -0.443854 -2.408330 -2.055680
11 -4.677600 12.988587 -3.845492 -2.750289 -2.860042 -5.495747 -1.149976 -3.739709 -4.791370 -4.268860 32.696749 -4.799690 -4.610444 -2.696120
10 -0.950972 -0.875620 -1.120631 -1.240200 -0.195193 -0.256607 -0.244608 -1.211091 -0.966046 8.354396 -0.654725 -0.388417 1.143159 -1.393447
11 -2.393814 -2.351007 -4.654046 -1.584693 -1.053223 -1.833917 -5.741280 -2.792422 -5.283040 -1.147349 37.330634 -1.685919 -5.172763 -1.637161
11 -2.425366 -0.924929 -1.893701 -0.921436 -1.438931 -1.948672 -2.146006 -0.492716 -4.936283 -0.182512 20.701634 -0.978529 -1.616094 -0.796458
6 0.005170 -2.208754 -2.805516 1.876383 -1.544402 20.611459 -1.773927 -2.668109 -2.881765 -2.998526 -2.061092 -0.201407 -2.929899 -0.419616
13 -0.496388 -2.823432 -1.334721 -2.416964 0.092238 -0.964736 -0.223170 -1.042999 0.854445 -2.168169 -1.185450 -0.180571 11.933496 -0.043578
5 -1.462324 6.592984 -3.011441 -0.799839 19.365111 -2.051335 -2.221013 -0.328590 -2.446476 -2.357108 -2.504275 -3.479213 -1.912270 -3.384212
2 -2.163915 5.600347 -2.317975 0.109892 -1.078411 0.425038 0.913692 0.751896 -3.612551 0.281969 0.331863 0.310759 -1.124811 1.572209
2 -0.404821 2.472951 -0.416971 0.324441 -1.034743 -2.144515 0.634709 0.749615 -1.563453 0.549459 1.222784 -0.468988 -2.272786 2.352317
14 -0.815235 0.713472 -1.222054 -0.626006 0.150675 -1.661903 -0.480900 0.704470 -3.001473 -3.133504 2.905523 -1.326984 1.523474 6.270446
11 -2.751812 0.604398 -0.690480 0.750829 1.942740 -0.803283 0.706471 0.456977 -2.644069 -1.012323 2.096356 1.304779 -1.241775 1.281192
8 -3.574157 2.713093 -1.353512 3.466217 -0.121961 0.362999 0.168683 3.936206 -2.764636 2.203588 -0.212003 -2.106245 -2.630963 -0.087310
5 -1.551141 0.637829 1.297694 -2.260805 15.163683 -1.368940 -3.380558 0.002365 -2.469803 1.992720 -0.427966 -1.962318 -3.645564 -2.027197
9 0.790727 1.185390 -1.490611 -2.000005 -0.784055 -0.959905 -1.857018 2.054279 3.140026 -1.180872 1.528097 -0.239299 0.500296 -0.687050
12 0.005986 -0.887600 -1.057360 1.352704 -0.470508 -0.242409 -2.330814 -1.877247 -0.562957 1.334659 -1.160722 2.737262 0.937491 2.221515
5 -1.135412 0.288572 0.278978 -0.642200 4.536291 -0.974797 0.824703 -1.818946 -1.985135 0.200504 -0.305714 -1.104862 2.313526 -0.475505
2 -1.977354 13.325676 -0.966411 -0.553908 -0.389096 -1.485227 -0.567623 -0.884660 -2.426388 -1.600825 -0.199257 -1.131557 -1.033880 -0.109488
13 -0.345321 -1.232615 0.122891 0.603530 -1.262925 0.171608 -1.550351 -0.340848 -0.058783 -0.916589 0.563900 -1.634357 5.208933 0.670926
14 1.019332 -1.828721 -0.331758 -2.244570 -0.754014 -0.203697 1.850108 -1.742613 -1.315665 -2.129044 -3.006130 -1.821095 -0.310178 12.818046
8 -0.188518 -1.743207 -1.080236 0.713953 -1.208332 -1.118548 0.859891 2.275537 2.202668 -2.135027 -0.614420 0.648145 1.380521 0.007574
3 -2.628895 0.382083 16.888633 0.406953 -2.461611 -1.834764 -1.322507 -1.752446 -1.695638 -0.807556 0.657912 -1.395906 -3.905547 -0.530709
4 -2.210868 -0.914038 0.653567 2.192281 0.689538 0.545577 0.437404 -0.263080 -1.189484 -0.452093 0.189299 0.412079 0.854099 -0.944280
6 -0.904471 1.326208 -3.030454 -3.165290 -5.478081 35.580608 -2.654849 -2.561071 -5.572748 -6.031205 -1.778131 -2.998346 -2.314246 -0.417924
6 0.350795 -0.433212 -1.048061 -0.905030 -0.985177 4.051830 -1.043013 0.454360 -2.049319 -0.795254 0.004293 0.170392 3.282682 -1.055285
3 0.151539 -1.121378 8.979142 -1.205451 -0.911705 1.321056 -1.724302 -0.379945 -1.088343 -1.377646 -0.970906 1.131065 -0.862565 -1.940562
1 24.242395 -2.009984 0.336460 -4.448598 -3.217495 -4.666442 0.263081 -0.945445 1.887425 -2.699766 -3.333268 0.100601 -3.581909 -1.927054
2 -1.475452 1.187385 -0.950566 -0.316097 0.683714 0.283566 -0.131528 0.720024 -0.838939 0.228124 0.504679 -0.011528 0.400379 -0.283762
2 1.876589 2.683318 -0.892064 -0.413493 -1.896733 0.482750 0.570810 0.372106 -0.282295 -0.286797 -2.600524 -0.480037 0.670837 0.195533
6 0.769228 -0.603179 -2.510556 -0.739168 1.226393 2.961185 0.169838 0.622787 -0.145982 -0.546404 0.537737 -0.706103 0.470465 -1.506240
6 -0.746015 -2.284303 -1.695558 -0.701219 -0.400846 19.895688 -2.897096 -0.655324 -2.753570 -2.821131 -1.118609 -0.775292 -1.708142 -1.338582
3 -2.169254 -0.187529 6.181321 0.530730 -0.190822 -0.193903 -0.784554 -1.598307 -1.699856 -0.100243 0.412820 2.914822 -3.831780 0.716553
12 2.342427 -0.571632 -2.318239 -0.071417 -1.531656 5.839899 -2.180390 -1.402806 -4.861481 0.905033 -1.002487 7.645883 -2.274228 -0.518907
1 43.919598 -2.959277 -3.426512 -3.783971 -2.187452 -2.963138 -2.934184 -5.132826 -1.213985 -2.574122 -4.018132 -3.159204 -6.778555 -2.788241
14 -2.193579 1.024364 0.547568 0.131340 -0.714225 -3.810853 -0.163089 -0.431854 0.046401 -0.295767 1.144948 -1.738319 1.967287 4.485778
13 -1.689317 -0.749881 0.134409 0.857022 0.419148 -1.056824 -0.336370 -0.402557 0.010367 0.498296 1.146512 -0.435501 1.295718 0.308977
4 -1.269896 0.378139 -0.313829 0.999642 0.038945 0.292351 0.165263 -0.280581 -1.147500 0.584865 0.914627 -0.017860 -1.061639 0.717473
12 1.972121 -1.752493 -1.767743 -0.358812 -3.116050 0.954559 1.240553 -2.620525 -1.109780 -2.658816 -2.341954 15.937222 -2.468847 -1.909434
1 22.912762 -3.789104 -1.166332 -2.784487 0.221837 -4.065596 1.643790 -3.936283 1.713952 -0.558295 -0.343806 -4.104530 -5.810603 0.066694
13 0.275180 -0.863331 -0.357379 -0.279147 -0.897744 -0.633727 0.095435 0.557335 -0.728831 0.286469 -0.726195 0.213218 4.383997 -1.325280
13 0.375185 -2.695715 -0.731541 -1.677247 -1.784704 -0.096385 5.280999 -1.754455 1.837626 -0.812307 -0.204374 -1.798202 6.202273 -2.141154
11 -1.005624 -2.552354 1.355921 -1.244822 1.152090 -0.880228 1.312244 0.028360 -3.243686 0.651425 2.206483 1.828593 -1.067534 1.459131
9 -1.594826 -0.262186 -0.523173 0.844265 -1.097171 -0.944585 -0.002129 -0.025580 6.243389 -1.201452 -0.919227 0.053835 -0.831930 0.260771
3 -2.069798 -2.029234 34.409853 -3.368611 -2.009477 -2.717718 -2.141053 -1.834255 -2.539750 -3.215273 -1.963281 -2.657387 -3.809856 -4.054159
7 -8.063224 -5.209859 -6.074657 -7.116641 -6.468293 -6.118689 68.908581 -4.453971 -3.771038 -5.103689 -5.757684 -5.883537 -2.592563 -2.294741
11 -1.393515 -1.455688 -1.192291 0.419327 -1.010685 -0.502953 1.318872 0.402007 -3.420669 -1.996599 8.032237 -0.512790 0.837046 0.475702
8 -0.321028 1.724413 0.052976 -2.228652 -1.689700 -1.498428 -2.648984 10.974189 -0.402344 2.346886 -1.512076 -2.008249 -1.714752 -1.074250
9 -1.813810 -2.495104 -0.415278 0.335267 -1.082902 -2.035797 -0.167373 -1.445695 7.837890 -1.857650 -0.585582 -1.760128 3.328189 2.157973
3 0.311218 -0.443660 2.773341 -1.600820 -0.205352 -1.093436 1.776488 0.121137 -0.541254 0.155285 -0.893131 2.269235 -2.020785 -0.608267
6 -1.719552 -1.441999 -1.946322 -1.447519 -2.038259 22.373152 -2.057375 -1.770161 -1.728999 -1.439194 -2.169907 -1.276173 -1.846870 -1.490821
1 22.684069 -1.544430 0.361876 -2.600130 -1.934488 -0.805650 -0.398299 -4.128292 -0.809573 -1.457831 -2.995739 3.046922 -6.507124 -2.911310
1 4.005978 0.224807 -0.794713 -1.139795 1.242074 -1.311164 -0.626792 -0.153995 1.073685 -2.519998 0.439490 -0.630187 -0.040469 0.231080
9 -1.816640 -0.661855 -1.930429 -0.673170 -0.088063 0.000166 -1.129232 -1.105056 11.549420 -0.373911 -2.134857 -0.221493 -0.332186 -1.082694
5 1.448972 1.093908 0.116424 0.627992 14.407439 -0.751856 -1.256688 -1.755525 -3.081943 -1.151614 -2.225165 -4.011672 -3.748716 0.288443
5 -0.610357 -2.044585 -1.401810 -0.853107 5.688928 -0.132372 -0.953678 0.695057 -0.548659 -0.701284 -1.658109 -1.136001 4.075287 -0.419310
11 -3.318751 -1.231587 1.435250 1.046780 1.008187 1.375756 -0.397416 -0.146523 -2.196329 -0.079873 3.195083 0.439931 -1.213927 0.083418
1 28.753607 -1.999109 -2.825208 -2.268510 0.410388 -5.002569 -1.936071 -1.006487 -2.023521 -2.454727 -2.413123 -2.694538 -2.248107 -2.292026
1 4.312056 1.285091 -0.875502 -1.908871 -0.583775 2.008739 -2.705445 -2.276790 0.305205 -2.572571 -0.703725 0.276366 2.478393 0.960830
12 -0.412700 -0.859064 1.033300 -0.751602 -0.555254 -0.510391 0.418225 -2.253761 0.728158 -1.985356 -0.508546 7.639012 -1.753850 -0.228173
1 6.151296 1.183885 -0.752186 -0.362565 -1.776324 3.101158 -0.743153 -2.374348 0.273459 -1.143989 -1.277395 -1.770220 0.651076 -1.160694
1 66.517240 -5.963451 -5.755063 -4.781764 -5.901808 -5.799813 -4.145880 -4.568229 -3.393515 -5.871422 -3.784969 -5.036809 -6.217730 -5.296783
1 23.586647 -2.045368 -1.005643 -2.199213 -1.578524 -1.369371 -2.501615 -1.689033 -2.048626 -1.291834 -2.316463 -2.410098 -1.486619 -1.644240
1 38.174175 -4.319158 -3.947990 -2.624238 0.444964 -2.852528 -3.613925 -4.664581 -4.071829 -2.005973 -3.571548 -3.211754 -1.493518 -2.242098
1 31.912124 -4.174316 -3.319807 -4.445684 -3.058524 -2.644213 -3.237887 -2.275212 -2.318819 -1.948209 -2.943335 -3.269241 4.491835 -2.768711
1 52.048347 -2.621520 -4.495276 -4.241336 -3.945781 -4.173120 -3.731306 -4.282291 -3.905781 -4.252206 -3.173894 -4.056961 -5.561856 -3.607018
1 44.459384 -4.737388 -4.029510 -4.385505 -4.494126 -3.852093 -2.330918 -2.799414 -3.544087 -3.243647 -3.250470 -2.669447 -1.877976 -3.244803
1 50.580184 -2.166583 -4.570873 -2.695581 -3.554505 -4.806324 -5.305906 -2.010961 -3.923282 -4.974824 -5.122647 -4.697584 -2.454325 -4.296790
1 48.005935 -6.438916 -2.848086 -3.213200 -1.097960 -5.032989 -4.505677 -5.544537 -1.173262 -2.260583 -2.051103 -5.482928 -4.156868 -4.199824
1 44.391810 -4.283379 -3.336701 -4.057876 -2.853295 -2.933864 -3.317966 -3.101691 -1.737435 -4.463801 -3.382431 -4.304480 -4.399691 -2.219199
1 35.493941 -2.297622 -1.641503 -4.470056 -4.385185 -3.629958 -1.730787 -1.388990 -3.181882 -2.604271 -3.390215 -2.588236 0.030695 -4.215930
1 27.217440 -4.514952 -1.968028 -1.704300 -3.276608 -1.239870 -0.811015 -1.691773 -0.829851 -1.980237 -3.797449 0.437841 -2.378262 -3.462935
2 1.922686 3.195349 0.336469 0.911121 0.873434 -0.387327 -0.498944 0.543796 -2.589502 -1.324117 -0.810541 -0.913060 -2.376997 1.117634
1 31.127656 -4.679533 0.277984 -3.329914 -1.895777 -1.438799 -2.807057 -2.503059 -2.079228 -2.034805 -4.570234 -2.392529 -2.234947 -1.439757
13 0.509896 -0.090160 -0.680008 -0.818668 0.408083 0.154220 -0.717462 -0.684295 -0.568043 -0.857504 -0.506366 0.253371 2.063658 1.533276
1 50.082421 -4.300965 -4.785100 -3.742513 -1.500694 -4.418289 -5.586458 -3.234982 -0.454488 -2.267553 -4.402913 -4.766420 -7.472085 -3.149961
1 29.984973 -3.912982 -2.845212 -2.288657 -3.302446 -1.672177 -2.369334 -1.553589 -0.708143 -2.364299 -3.397100 0.931180 -2.583154 -3.919061
1 26.297771 -3.123202 -2.004958 1.052388 -1.237980 -3.981425 -1.381211 -2.206761 -2.238511 -2.384558 -1.061904 -1.335679 -4.030033 -2.363936
1 44.188154 -3.796157 -3.464964 -3.770328 -4.526162 -1.404772 -1.239736 -4.591241 -4.679813 -5.258699 -2.712161 -3.852443 -1.469184 -3.422493
1 5.125900 -2.012646 0.921570 -0.554480 -0.659252 0.063543 -1.958598 0.640480 -0.830924 -0.997344 0.007524 1.134315 -1.439910 0.559821
10 -0.634600 -0.602821 -0.227590 0.113848 0.356844 0.411054 0.713354 -0.539018 0.689660 1.300629 -1.157913 0.518436 -0.277323 -0.664559
10 -3.417442 0.768639 1.668027 0.668808 -0.585484 0.300718 2.724159 -0.527460 -3.588993 5.609889 2.609509 -1.881459 -4.204711 -0.144200
13 -0.944141 -0.752379 1.809565 -1.167673 0.114022 -1.802957 -3.646146 2.199011 -2.610500 -0.134050 0.955613 0.972628 4.353310 0.653695
7 -0.536852 0.487462 -0.280588 -0.979548 -0.526092 -0.619232 1.598753 0.710611 1.425555 0.183621 -0.518623 -0.148328 -1.164098 0.367358
14 -1.968319 -0.916408 2.060878 -1.457097 -0.990363 -0.548097 -0.794375 0.214206 -1.378810 1.764752 0.772778 0.550247 0.511766 2.178842
10 -0.400016 -2.257289 0.480741 -1.760530 -0.658952 -0.442679 -0.020330 -0.249517 -1.795524 8.342426 -1.320339 -0.178059 1.056092 -0.796025
10 -1.179411 -1.145655 0.071598 -0.574402 -0.247668 -0.472701 0.563040 -0.714214 1.758851 4.629129 -0.032488 -0.826915 -0.234331 -1.594834
10 -2.852784 -3.068977 -1.661415 -2.714844 -1.818678 -2.848812 -3.544813 -2.498938 -2.856112 34.700653 -2.717857 -2.764519 -2.937643 -2.415260
1 4.761653 0.342709 -1.419418 -3.624072 -2.272356 2.862990 -1.340632 -0.274623 -2.953394 -1.480018 2.359621 -2.530673 1.882217 3.685996
7 -1.482733 -2.087898 0.026046 -0.636895 0.394005 1.528520 1.796770 -1.094369 -0.626634 1.473359 0.128653 -1.049624 1.391790 0.239010
10 -2.264083 -2.710184 -1.929870 -2.546356 -0.213618 -3.259580 -1.387774 -1.660497 -0.692145 20.362201 -1.921726 -0.210880 -1.101198 -0.464291
8 -0.238799 -3.209086 -0.370297 -1.063900 0.971388 -0.126218 -0.875203 2.633339 -0.298214 1.667217 1.104373 -0.406477 1.068175 -0.856298
13 0.856405 -1.732167 1.661077 -1.326220 0.345014 -2.834498 -1.086166 0.717323 0.413537 0.068263 -0.172468 -0.046074 2.980405 0.155568
10 -1.735024 -0.235486 1.007135 -0.857706 -0.441926 -2.319830 -0.869384 -0.953422 -1.477468 11.121189 -0.959839 -1.404466 -0.156121 -0.717651
11 -0.660854 1.629298 -1.678076 0.011966 0.479031 -0.563048 1.818890 0.402050 1.747148 -2.305983 1.888420 -1.901517 -0.733534 -0.133792
10 -1.176681 -4.517276 -1.728140 -3.926012 0.562134 -1.573117 -0.451070 0.462594 -1.568473 23.356284 -4.263840 -2.989989 -0.263667 -1.922747
10 -0.088903 -1.432698 -0.435959 0.384126 1.499048 -0.121088 -1.197246 -1.863416 -0.653656 5.756127 -0.434751 -0.067594 -3.119059 1.775069
10 -2.406055 -1.278862 -0.558397 5.436967 -0.020274 -0.878311 -1.650102 -2.220759 -1.547489 10.972490 -0.508521 -2.731185 -2.014709 -0.594793
2 0.374505 1.706351 -2.176325 1.300252 -2.105287 -0.485589 0.787291 1.188727 0.652393 -0.960452 -0.863516 -0.119961 1.488741 -0.787130
12 -0.883467 0.172426 -0.068529 -0.549704 0.341527 0.631299 0.788428 -0.979978 -1.283084 0.888766 1.046904 1.433314 -1.628150 0.090247
2 -1.106007 1.499968 -1.533923 -0.017167 0.498844 1.403742 0.238860 0.420392 -0.497672 0.557952 -0.270000 -0.961591 -0.070317 -0.163082
2 -2.474940 21.097833 -1.553441 -2.337242 -0.158917 -3.515551 -1.531571 1.286310 -1.002893 -1.283006 -3.385103 -1.635217 -2.468792 -1.037469
2 -0.060143 1.828835 0.074620 -0.482980 -0.720102 0.181963 -0.100262 -0.718669 -0.737155 0.143448 -0.000085 1.220174 -0.554259 -0.075385
1 0.000000 0.000000 0.000000 0.000000 0.000000 0.000000 0.000000 0.000000 0.000000 0.000000 0.000000 0.000000 0.000000 0.000000
2 -1.774998 20.386623 -1.049571 -1.941275 -1.487500 -0.759520 -1.446023 -0.499457 -0.969793 -1.779995 -2.764260 -1.326296 -2.907567 -1.680368
2 -2.229005 24.772044 -1.894587 -1.054476 -0.810055 -3.349697 -1.625469 -0.648585 -3.654859 -2.624138 -2.546252 -1.069531 -2.408845 -0.856546
2 -2.126262 5.485165 -2.529229 -0.373072 0.125775 0.193603 1.205877 0.458424 -1.386540 -0.763211 2.158341 -1.808364 -0.751666 0.111160
14 -4.191204 0.738768 1.623412 0.164305 -0.495799 -1.329607 0.738822 -0.751383 -1.567248 2.742281 -0.031960 2.138608 -3.097857 3.318861
2 -1.061507 16.942987 -0.955064 -1.592877 -0.833474 -0.409914 -2.183708 -1.570730 -0.871977 -1.293203 -1.653929 -1.449050 -1.876557 -1.190998
2 1.278564 5.145458 -3.284071 -1.041618 -1.630054 3.471174 2.918695 1.560376 -2.463789 -1.529854 -1.864966 0.055602 -3.888238 1.272720
2 -0.032254 24.531002 -2.801556 -1.489867 -0.489347 -0.969460 -2.711964 1.062316 -3.525502 -2.458467 -3.514050 -2.889143 -2.962650 -1.749059
14 -2.753853 -3.214271 1.131125 -2.758785 0.913914 1.241158 1.564247 0.377979 2.705307 -0.814751 -2.224959 0.921569 -0.523991 3.435311
2 1.092666 13.662835 -2.115435 -0.160596 1.343724 -0.255448 -1.913498 -2.125414 -2.056897 -2.865869 -3.049188 -0.428239 0.527507 -1.656148
2 2.270453 5.047632 -2.129378 -0.500899 0.674988 -0.489735 0.725967 0.279604 -1.802444 -1.620705 0.483195 -1.636518 -0.641912 -0.660248
2 -0.856715 17.129549 -1.652991 -0.827618 -1.767547 -1.108134 -1.670008 -1.843380 0.291111 -0.953866 -2.387680 -1.385728 -1.740433 -1.226561
2 2.081891 6.506754 -0.914772 -0.777796 1.360502 0.019954 -1.879121 0.094508 -1.396428 -2.257186 -1.707777 0.608435 -1.248508 -0.490457
2 -2.304839 10.354836 -0.723162 -0.981562 2.949499 -1.261055 -0.220098 -1.233195 -3.711090 -1.700528 3.182240 -1.877266 -1.485679 -0.988100
7 -0.404419 -1.627984 -1.576581 -1.437154 -0.663077 3.055506 3.218422 2.828354 -1.026886 -2.032564 -0.519416 -1.920754 0.060999 2.045553
6 0.274624 -0.085947 -0.101765 -1.785101 -0.082595 2.779165 -1.405275 0.987481 0.182862 -0.961204 -0.979093 -0.273369 2.474423 -1.024207
6 0.398442 -3.500853 -0.349567 -0.022557 1.755146 2.841058 2.726552 0.578073 -1.180808 -1.994776 -2.200514 0.605453 0.791783 -0.447433
14 0.316100 -0.017661 -0.256971 1.245663 1.973864 0.106713 0.707131 -2.811823 -1.379911 -1.378648 -0.673356 0.465983 -0.333369 2.036284
5 -1.521226 -2.412838 -1.918408 2.157408 13.912376 -0.707048 -0.462717 -1.117013 -1.645886 -1.738127 -0.093161 -1.838834 -2.038380 -0.576147
5 -0.328608 -0.705756 0.671045 -0.158035 3.296141 -1.299683 -0.501980 -0.296092 -0.762971 -0.249427 -0.415288 -0.401153 -0.218711 1.370518
5 0.133391 -2.501206 -2.084028 -1.456188 16.411136 -0.407121 -2.389415 -1.128306 -1.215899 1.781775 -1.875742 1.256111 -4.651420 -1.873088
6 -0.565508 0.642689 0.908710 1.543465 -1.020207 1.794502 -1.770027 1.183769 -2.291702 -1.032697 -0.629479 1.573747 -1.698194 1.360931
14 -0.649269 0.073553 -0.313102 1.262682 2.480495 -0.643490 0.230009 -0.517609 -2.253274 -0.248258 -0.519982 -0.705968 -1.014079 2.818292
5 0.318507 -3.355457 -2.252170 -0.578183 6.153665 0.864913 -1.223634 -0.227025 -2.303443 1.332652 1.214853 0.338504 -1.506082 1.222900
8 0.154483 -1.323774 -1.591919 -0.140900 0.367576 -0.739705 0.210240 2.424196 1.047118 -1.234670 -0.490029 -0.027998 -0.915138 2.260519
3 -0.048307 -0.787980 3.143085 -0.396428 -0.440550 -0.567269 -0.414658 -0.442274 0.124546 1.697103 -0.774300 -0.234831 -0.055553 -0.802584
5 -2.014058 2.184599 -0.901832 -1.195273 4.303391 1.491715 -0.539027 -0.758480 0.630400 -1.326170 0.987234 -2.270756 2.387536 -2.979280
5 -4.576232 -4.377512 -4.392672 -1.137929 49.795299 -5.811130 -4.740079 -5.386313 -3.629602 -4.670784 -0.673731 -2.639773 -2.323697 -5.435845
5 -2.436897 -3.011539 -0.912206 2.328978 15.066184 -1.853761 -0.690170 -1.925188 -1.230286 -1.597842 -3.534661 -2.854653 2.074689 0.577352
5 -2.157438 -2.714026 -2.908484 -2.585938 35.118998 -1.907639 -1.700024 -3.769737 -2.691824 -3.955906 -2.130855 -1.650935 -3.085560 -3.860631
5 -1.209822 -2.778587 -2.022228 -1.205710 16.856169 -2.445827 -1.399202 -1.083772 -0.658640 0.347665 -2.030473 -1.160953 0.835803 -2.044423
5 -1.279661 -4.002081 -3.371273 -1.965385 36.400903 -3.582873 -3.120533 -3.943764 1.336619 -2.845838 -2.551052 -5.226976 -2.072739 -3.775345
5 -2.512706 -1.381241 -0.911413 -0.568287 18.440545 -0.061933 -1.884454 -3.553713 -3.462042 -1.136862 1.263440 -2.400533 -4.273607 2.442805
5 0.573556 -1.572187 -1.593031 -1.951630 15.200483 -1.751963 0.036199 -2.071377 -2.294505 -1.334664 -2.123600 -1.374428 1.976235 -1.719090
5 -1.893104 -0.546367 -0.570910 0.878157 4.303415 1.649920 -0.239318 -0.489998 -2.110020 -0.268131 0.897231 -0.332241 -1.203033 -0.075600
11 -0.593220 -0.687179 -0.290905 -0.103125 -0.563979 -0.399333 -0.586221 -0.509705 -0.405717 -0.409516 6.411547 -0.493121 -0.779331 -0.590192
11 -1.040433 -4.512789 -2.574473 -3.624898 -3.134783 -2.158880 -6.155020 -2.557581 -5.175387 -3.422256 44.065191 -3.241434 -4.019026 -2.448232
7 0.470882 -0.803128 -1.119637 -2.186601 -0.169138 -0.659515 4.064305 -1.546565 -0.695793 0.741792 1.157728 -0.274759 -0.628340 1.648769
11 -1.490047 -1.470794 -1.245933 -0.099490 -1.839554 0.086060 -2.433010 -0.710335 -0.981058 -1.383504 15.317654 -1.456697 -0.684600 -1.608692
11 -0.627398 -1.741540 -1.803547 -1.255039 -1.206190 -0.058353 1.116970 -0.203255 -0.022865 -0.885334 7.224787 -0.882065 0.213626 0.130203
11 0.072813 0.520750 -1.021338 1.158807 0.168499 0.148012 0.578161 0.091686 -2.262261 -1.110933 4.012413 -1.098305 -2.051913 0.793609
11 -0.041908 0.850679 -0.553576 0.121923 -0.702537 -0.455404 0.657114 -1.634979 -1.100137 -0.547328 7.889958 -2.081978 -1.656789 -0.745038
1 5.815977 -1.280924 0.453128 -1.746968 -2.365548 0.318395 0.914188 -1.485438 -1.120157 0.630535 0.717928 0.275910 -0.153216 -0.973809
11 1.680515 -0.981794 -1.363411 -1.666330 -1.471443 -0.440006 -0.322923 1.070975 -0.642445 -1.532155 5.336588 0.344968 0.892224 -0.904762
11 1.758498 -0.013557 1.868264 -0.219204 -0.729322 0.214025 0.097346 -1.237020 -1.809996 -0.755994 2.070046 1.013490 -2.801582 0.545007
11 -3.610709 -5.709655 -4.872935 -3.661101 -4.862586 -4.555406 -5.996596 -2.392975 -3.361135 -5.617608 55.479995 -3.330819 -3.671771 -3.836700
11 -3.253817 -1.643385 -3.220812 -2.265752 -1.431207 -1.530653 -3.341734 -1.475117 -1.872523 -2.505553 28.466725 -1.083191 -2.553977 -2.289005
11 -1.470051 -3.648403 -1.944363 -1.950587 -1.616776 -1.929362 -3.162852 -1.524395 -0.792970 -1.437192 22.898481 -0.987500 -0.935762 -1.498268
5 -0.728352 -2.049853 -1.844805 -1.176928 4.108506 -2.520137 -0.305309 0.354392 -2.088090 0.966181 3.584393 2.374710 0.136418 -0.811125
11 -1.371189 -1.808832 -1.099460 -2.224844 0.275076 -0.943513 -0.491994 -0.710364 -1.153975 -0.588561 12.324634 -0.795120 -0.425970 -0.985888
11 -2.910049 -1.407248 -1.358640 -2.929757 -2.896453 -2.457639 -4.940864 -2.969387 -3.119021 -2.082549 33.051484 -0.618853 -1.590263 -3.770761
11 -4.413218 -3.561390 -1.877096 -1.635108 -3.481302 -3.449759 -3.093910 -3.738017 -2.876200 -3.315389 39.306129 -3.806372 -1.741034 -2.317334
11 -3.453002 -3.119020 -3.562690 -1.828969 -3.070692 -3.594047 -2.183132 -1.260439 -2.376897 -4.168816 34.568599 -3.459610 -0.321922 -2.169364
11 -1.508914 -0.970628 -0.800876 -1.682715 -2.185379 -1.322754 -1.137431 -0.337562 -0.880512 -1.926505 11.661974 -0.381255 0.594526 0.878032
7 0.052373 -0.558960 0.320298 0.338687 -0.361696 0.224378 1.424438 -0.547587 1.086904 -0.468710 -0.547412 0.012759 -0.471366 -0.504107
11 -2.741514 1.802240 -1.403139 -3.058090 0.376469 -2.026858 -0.661620 -0.474560 -2.709900 -1.533165 14.771123 0.848201 -0.879655 -2.309532
1 1.529708 1.507510 -0.202211 -0.650663 -0.656593 0.354382 -1.147948 -0.682830 1.321870 0.254728 -0.098022 0.458798 -1.767468 -0.221261
4 -0.122808 -1.499193 -1.535250 5.058303 -0.802987 -0.452181 -0.438823 -2.114851 0.996512 -1.422592 0.484174 1.385591 -2.392077 2.856182
9 1.111952 1.893225 -3.008273 0.963182 -0.136907 -2.866362 1.286200 -0.466388 3.961434 0.481244 -1.021101 -0.964529 -0.115434 -1.118241
9 -0.612227 -0.661254 -2.265159 1.114683 2.111126 -0.865879 0.169926 -1.160659 2.139973 -0.959914 1.595771 0.166075 -1.821524 1.049062
14 -1.358582 -0.660218 -0.105010 0.665601 -0.997313 -1.013606 1.169120 0.280118 -2.038860 0.308101 1.089823 1.503341 -0.358289 1.515774
7 -9.494642 -7.284429 -7.712104 23.555517 -0.985091 -8.428720 69.920231 -8.568711 -9.337564 -7.956351 -8.520765 -8.061513 -9.034573 -8.091286
14 -0.290247 -0.126639 -1.077932 0.034408 -0.942602 -0.600423 -1.254717 0.118180 -0.632973 -0.261270 1.268075 0.497314 0.766826 2.501999
4 -0.747513 0.292900 1.183193 7.086798 -2.967192 -0.156204 -0.002052 -2.712490 -0.128008 -2.191626 -0.129887 -1.026772 1.669187 -0.170337
5 -1.678299 -3.153056 -1.987567 2.115019 17.342560 -0.293554 -2.024153 -1.222796 0.357974 -1.184879 -2.562268 -0.355184 -2.827408 -2.526389
14 -1.237209 -1.359644 1.121222 1.950875 -0.211033 0.029912 -0.453450 1.119966 -1.483546 -0.716613 1.293999 -1.498518 -0.914025 2.358063
4 -1.322559 -0.427447 -1.005808 9.798928 0.855764 1.255193 1.759942 0.006965 -3.413088 -1.592504 -1.178167 -2.540330 -1.309625 -0.887266
14 0.447321 -0.849423 -1.886314 -1.050988 -1.503641 1.227388 0.659895 0.926579 1.081705 0.136638 -0.799929 0.269274 -0.425671 1.767165
4 -0.990375 -0.534272 -3.610092 10.922658 1.087229 0.886008 -0.500899 -1.563329 -1.804982 -3.178447 -0.587820 -1.171366 -0.566089 1.611776
4 -1.608125 0.241663 -2.609806 7.899417 -0.364843 1.863936 -0.685479 -1.239295 -2.709599 0.984391 1.401269 -0.736923 -1.514005 -0.922602
2 -0.741976 3.187888 0.739108 -0.453104 -0.028936 1.871013 -2.800952 0.737839 -4.610890 1.214939 2.816760 0.309503 -2.606699 0.365507
4 -0.814861 -0.714974 -0.589601 3.453753 0.286983 -0.386021 -0.405431 -1.096097 -0.230234 0.517854 -0.179590 0.497855 -0.358803 0.019166
9 -1.284963 -0.621208 1.455570 -1.146875 0.414336 -1.964382 1.642132 -2.218826 7.931951 -1.084842 0.397185 -2.080951 -1.884893 0.445766
4 -1.680707 0.598869 -2.396395 6.990574 1.038272 0.236177 -3.117177 -2.028106 1.693434 -1.250765 -0.759868 -0.570439 1.424949 -0.178819
4 0.081129 0.349752 -0.693528 3.029817 -1.129765 0.660446 -0.141953 -0.082241 -0.185538 -1.491226 0.230715 -1.147953 1.469910 -0.949563
1 2.919795 0.120033 -1.622069 0.561086 -0.321469 -0.233956 0.260512 0.901328 -1.974874 1.211103 -1.071268 0.137354 -0.977757 0.090182
11 0.942490 -2.188986 -1.776040 -1.078585 0.971567 0.692076 1.125071 0.277580 -0.888044 0.617160 1.127104 -0.190489 0.339039 0.030059
9 1.129368 -1.631837 0.276045 0.584907 -0.360425 -1.103366 0.149317 -0.172691 2.102290 -1.171270 0.830193 -1.567734 1.113429 -0.178226
12 -1.577526 -0.417057 -0.256346 -0.853460 0.422932 0.406798 0.734063 -0.693141 2.254933 -1.845244 -0.686319 2.765879 -1.818807 1.563292
3 -1.604400 -1.441204 8.020542 -1.010043 -1.497812 -1.324686 0.698488 1.436827 -0.051792 -2.449227 -1.222888 1.806611 -1.324665 -0.035754
3 -0.300670 -0.818642 4.708633 1.715091 -0.755316 -2.563656 0.351443 -2.192395 -0.203898 1.216523 0.080885 1.064268 -2.056092 -0.246174
12 1.075677 -2.656045 -0.393143 -1.920717 0.239801 2.032951 1.605488 0.983506 -1.029468 -1.123981 1.202534 2.762090 -3.206764 0.428070
3 -3.901436 -1.502677 11.143181 -2.142057 -1.285828 -0.502223 1.948799 -1.763425 1.450248 0.724690 1.317117 -3.622303 -1.516041 -0.348045
3 -0.006900 -0.192819 9.213200 -0.429177 -0.687278 -0.872957 -1.011530 -0.558616 -0.089736 -1.355732 -0.621731 -1.196903 -1.471608 -0.718213
2 1.149828 1.537771 0.175419 -0.290296 -1.002889 0.452087 -0.196910 -0.898543 -0.864174 0.914192 0.940134 -0.213582 -1.383816 -0.319223
10 0.079801 -1.731742 0.762914 0.928214 -1.992530 -3.783722 -1.904083 5.109659 1.873136 5.309078 0.639041 -1.076985 -3.928090 -0.284692
12 0.033065 -3.258681 1.733336 -0.958385 1.104083 1.876803 -1.954592 -0.768577 1.352159 -0.443355 -1.403952 3.082505 -1.352703 0.958292
3 -0.912881 -1.286987 17.219430 -0.251294 -1.773688 -0.845165 -2.827241 -1.747521 -4.023503 0.294427 0.995354 -0.863538 -3.184214 -0.793180
3 -0.617690 0.488674 6.030041 -0.014356 -0.966994 0.184170 -1.504185 0.016568 -1.977889 0.411895 0.064661 0.389724 -1.504921 -0.999699
3 -0.904864 -2.608268 21.291460 0.115813 -0.765987 -1.328778 -0.813204 -2.819156 -3.373418 -1.292096 -0.035349 -2.444183 -4.401561 -0.620409
8 -1.870171 0.453046 -1.891324 -0.350375 0.274859 0.608528 -0.602125 1.851695 -1.376665 -0.972600 1.323528 1.354822 -0.581720 1.778503
3 0.504233 -1.230072 9.191894 -0.666451 -0.683423 -1.807976 -0.691544 -1.056763 -0.954804 -1.961173 -0.580416 0.984437 0.163379 -1.211322
3 -1.941357 -0.456269 9.108467 -1.305530 -1.138828 0.099177 -1.130658 0.205224 2.999991 -1.215094 -0.493261 -1.912219 -1.191952 -1.627691
6 1.303452 -1.136051 -4.496998 1.250613 -1.078186 14.075504 -1.168839 -2.373320 -3.244557 -2.325290 -0.648688 1.365017 1.241124 -2.763781
6 0.188735 -0.706660 -0.986245 0.678403 -0.820069 5.279671 -1.556831 0.106358 -1.151903 0.104492 -0.980339 -1.490385 1.725488 -0.390714
6 0.410065 -3.117437 0.049470 -1.642537 1.370859 4.046140 0.570904 -0.989043 -0.597457 -0.300612 0.008822 -0.237347 -0.041276 0.469450
6 -6.160305 -7.553906 -7.283134 -7.385519 -6.985691 92.578882 -6.029782 -7.972787 -7.342012 -7.714439 -7.642046 -5.228741 -8.280005 -7.000516
6 -0.125729 -1.382426 -2.033592 -0.723573 -0.195961 9.831988 -0.066204 -1.292337 -1.707065 0.050930 -1.095905 -0.463003 -0.766650 -0.030473
6 -5.447760 -4.950310 -3.974056 -3.072218 -4.908550 61.176764 -5.034219 -5.013525 -4.412420 -4.112408 -4.000941 -4.718038 -5.941677 -5.590640
6 -0.174349 -2.099293 -4.028532 -1.254213 1.688244 13.631194 -2.822131 -0.487877 -2.585202 -2.093314 -0.561555 -2.496966 6.092924 -2.808930
6 -6.470510 -3.318378 -3.340108 -4.735496 -2.350218 52.691877 -5.083316 -3.555034 -4.685282 -3.619068 -2.088001 -2.723745 -6.692206 -4.030515
6 -6.160305 -7.553906 -7.283134 -7.385519 -6.985691 92.578882 -6.029782 -7.972787 -7.342012 -7.714439 -7.642046 -5.228741 -8.280005 -7.000516
6 -1.693357 -0.653534 -1.212235 -0.532401 1.287436 5.569753 1.739615 1.183662 -0.763201 0.975025 -0.783224 -2.826603 -1.436052 -0.854885
13 -1.635074 -1.845123 0.615332 -0.405234 -1.275354 2.274492 -0.454303 0.206167 0.517792 -0.519124 -0.753930 0.574223 2.759649 -0.059513
6 -1.528467 -3.263904 -3.968865 -4.156623 -1.650552 29.902397 -2.008771 -2.325922 -2.999361 1.793037 -1.635135 -3.050660 -3.083618 -2.023556
6 1.744561 -4.755763 -5.276912 -3.593212 -4.003048 39.833779 -2.723737 -1.736206 -1.908561 -4.521860 -4.082630 -1.292446 -4.024284 -3.659681
6 -4.811673 -4.795980 -3.758899 -3.411294 -5.386408 57.542232 -4.204020 -4.255926 -3.039033 -5.248082 -4.076421 -3.672847 -4.948055 -5.933590
6 -0.814136 -0.811520 0.768240 1.297790 1.160521 1.474647 0.262184 -0.854972 -1.640402 -0.011177 0.585023 -0.423499 -1.478112 0.485414
6 -2.601792 -5.068428 -2.348575 -4.696063 1.794407 31.437972 -2.917918 -1.996599 -3.168551 -1.536200 0.557130 -4.816427 -3.231952 -1.407004
6 -0.577148 -0.346719 0.864777 -0.854632 0.324712 2.427040 0.839047 -0.404100 0.262504 -0.456101 0.009511 -0.749238 -0.764181 -0.575472
6 -1.040424 -1.537230 -0.878216 -1.340409 0.312318 14.160480 -3.805232 -1.434965 -3.209674 0.539156 -2.536435 -0.443903 -0.086368 1.300904
6 -6.160305 -7.553906 -7.283134 -7.385519 -6.985691 92.578882 -6.029782 -7.972787 -7.342012 -7.714439 -7.642046 -5.228741 -8.280005 -7.000516
2 -3.262003 3.254439 -0.314143 1.633905 0.244979 0.441575 -0.454440 2.072864 -1.828808 -1.392114 -0.489231 -0.039169 -0.508733 0.640880
6 -0.968302 -4.104881 -1.083873 -0.864991 3.385121 7.858783 -2.317101 3.357669 -2.691296 -3.208403 -1.229568 -0.070328 -1.318710 3.255879
6 -6.160305 -7.664175 -6.931314 -7.484134 -6.985691 93.068036 -6.029782 -8.117308 -7.639993 -7.843770 -7.642046 -5.244796 -8.280005 -7.044716
6 -2.415353 -2.200186 1.487713 -0.841398 -1.142451 13.437741 -0.746253 -1.541759 -2.681605 -1.513752 0.196864 1.132281 -3.444172 0.272332
6 -0.644802 -2.997030 -0.901378 -1.510814 -1.589700 15.219149 -1.727808 -1.775532 0.013777 -0.574945 -0.942020 -1.132824 0.609463 -2.045536
6 -0.759945 -1.209998 8.582157 -2.240876 -1.456425 11.982612 -1.947630 -2.312688 -0.400494 -0.371800 -1.172331 -2.534810 -3.941363 -2.216409
13 -0.463619 -1.258890 -2.736907 -0.347331 -0.116818 -2.621014 -0.671187 -1.420450 -1.915603 -1.277745 -2.320486 -1.248721 16.793084 -0.394311
13 1.075795 -0.718126 -0.831852 -0.762974 1.078565 -0.524835 0.077296 0.115470 -0.152260 -0.048314 -0.673458 -0.343003 2.774295 -1.066599
10 -1.794655 -0.092580 0.243004 -0.882385 0.766969 -0.607347 -0.929812 0.637864 -2.222420 2.784812 0.392505 0.890366 -0.977102 1.790781
8 -0.995643 -0.853025 0.355323 -0.541244 -1.592928 1.239919 0.306334 1.387785 -0.044643 0.899673 0.270238 0.063370 -0.533233 0.038076
13 -0.145185 -2.446555 -0.232831 3.410517 -0.653569 -1.752836 -1.612652 -1.832797 1.340119 -0.101766 0.039301 1.897254 3.769075 -1.678077
13 -1.375715 -0.679074 -0.298004 -1.207911 0.088704 -0.662026 -0.607031 -0.517830 -0.564453 -0.718808 -1.118780 -1.301704 10.227726 -1.265094
13 -1.954713 -2.458388 0.465241 -0.753096 -1.290923 -0.381295 1.379925 0.335221 1.736888 -0.079357 -1.977980 1.738301 2.712518 0.527657
6 0.399420 0.987457 -0.616008 -0.680923 -0.144050 1.447372 -3.358471 -1.026422 -0.927106 1.286466 0.706235 -0.189512 1.446721 0.668820
13 -0.169868 -1.299517 -0.789676 0.381084 -0.239912 -0.728919 -1.046118 -0.596266 1.642603 -0.203817 -1.345272 -0.258905 5.577703 -0.923118
13 -1.629313 0.474884 -2.091669 -0.521871 -0.554810 0.224257 0.028206 -0.761788 -2.370206 0.006350 0.283475 -1.431493 10.098863 -1.754886
13 -0.807800 -1.922450 0.779517 1.157450 -1.794819 -2.389925 -1.394103 -2.196985 2.661466 -0.608112 -0.675286 -1.226499 9.981780 -1.564235
13 -0.836558 -0.806944 -1.703598 -0.757377 3.062323 0.425746 -1.141581 -1.062001 -0.085601 -2.214513 0.344803 -0.949655 6.339168 -0.614212
13 -1.507011 -2.733657 -0.675525 0.429930 0.855219 -0.483022 -1.553358 -2.157581 1.200186 0.052854 -1.688139 0.145452 8.595051 -0.480398
13 -0.113215 -1.488500 1.070825 -1.995987 0.542829 -0.408745 -0.714093 0.672231 1.055497 -1.295582 -1.152306 0.325065 4.187335 -0.685357
13 4.897123 -0.264223 -1.074777 -1.472842 -2.047589 -0.544428 -0.478305 -1.963740 -0.856829 -1.170769 -1.067542 -0.287083 7.435829 -1.104824
4 -2.006598 -1.232554 0.983069 5.848890 0.040395 -1.023971 -0.872012 -0.179243 -0.514640 -1.417479 -1.157234 -0.028357 3.106891 -1.547156
13 -0.264032 -0.791184 0.156187 1.108757 -0.337431 1.248437 -3.077684 -1.067232 3.720017 -2.654347 -0.476629 -1.771559 5.680430 -1.473732
8 -2.838686 3.236244 -1.297386 -0.501480 -1.266810 -0.960899 -2.906547 6.709601 -1.925667 1.340113 -0.739797 -1.694265 2.124435 0.721146
13 -0.180571 -0.428741 -0.245883 -0.589350 -0.008170 -0.499931 -0.496324 0.654588 -0.274494 0.502527 -0.611939 -0.324983 1.981624 0.521646
9 0.400347 -1.811859 -0.287576 -0.788393 0.336253 -0.147145 0.538833 -0.937492 3.570555 -0.270056 0.200153 0.833854 -0.769154 -0.868321
13 -1.211575 -0.602506 -0.474015 -0.371671 -2.247408 -0.837653 0.127545 -0.783390 -0.766324 -1.232138 -1.661934 -0.272214 9.391747 0.941537
13 0.943461 1.861342 -1.394326 -2.179379 -0.894775 -1.696156 -0.671230 -1.227356 0.474162 1.518018 0.580284 0.800844 3.364490 -1.479379
13 0.889829 -2.362041 0.948240 1.144500 -0.898964 -0.803857 0.095391 1.215231 -0.993296 -1.348314 -1.743105 -1.525257 6.141396 -0.759752
13 1.199740 -1.758476 0.614018 -0.410138 -0.004461 -0.637523 -2.358582 0.411654 1.469859 -0.482187 -0.935575 -0.327167 3.056658 0.162181
13 -1.661069 1.287118 0.383466 0.257133 -1.163027 -1.012320 -1.406170 -1.463692 1.946069 -2.091268 -1.558584 0.769907 8.131225 -2.418787
13 0.419722 -1.661989 -1.608521 -1.477958 -0.003002 -1.105620 -0.493022 0.502620 -0.755427 -1.423676 1.679645 -0.914426 6.557296 0.284359
7 -5.331205 -6.924989 -5.270431 -6.062617 -6.344040 -6.933646 74.370424 -4.790358 -4.915999 -5.781191 -5.138381 -5.603146 -5.323663 -5.950763
7 -0.309306 0.685685 -0.557202 -0.897458 -0.246884 -0.586071 4.716617 -0.277954 -0.497024 -0.725874 0.627433 0.107278 -0.403345 -1.635897
7 -7.329022 -6.257204 -5.960890 -7.370442 -6.151181 -5.656738 73.849798 -7.140521 -4.462453 -5.815022 -1.888216 -5.703870 -4.640420 -5.473822
5 1.241823 1.191258 0.328944 -1.836525 3.125807 1.602351 -0.587502 1.177529 -1.709725 -1.605883 -0.788701 -1.477341 -1.320279 0.658245
7 -0.005042 -1.616677 -0.997159 -3.788274 -0.857956 -1.952886 20.525737 2.353985 -2.933610 -2.247443 -2.673331 -2.336695 -2.661365 -0.809285
7 0.364566 -0.856004 0.706118 1.092420 0.576856 2.162057 4.583194 -2.265730 -0.171183 -0.864007 -2.584793 -0.160167 0.177564 -2.760891
7 -6.653256 -5.411924 -6.258978 -5.143591 -5.669075 -5.721895 77.095886 -6.036794 -6.263590 -5.331827 -6.252200 -6.365456 -5.785394 -6.201910
7 -2.494942 -1.641304 -0.569654 -0.332602 2.809755 -1.507518 4.761328 -0.020892 -0.971706 -0.208419 -0.363754 -0.097127 -0.310908 0.947742
7 -0.715457 -1.985370 -1.782118 -1.153071 -0.755499 -0.875441 12.607376 -0.671832 -1.378834 -0.473184 -1.711574 -0.115939 -0.765364 -0.223694
7 -0.656662 0.800781 -0.974725 -0.543112 -1.571846 1.554787 3.958383 -1.484700 -0.659505 -1.648148 -0.267858 -0.966731 3.049576 -0.590238
7 -6.017086 -5.482541 -5.834954 -6.264947 -4.762968 -6.267896 72.799437 -5.659295 -5.980423 -5.584245 -5.719155 -6.246525 -2.639884 -6.339521
7 -4.982973 -4.930493 -6.372736 -6.787229 -4.060092 -6.540691 69.989188 -6.369198 -6.436150 -5.201132 -4.887032 -6.070675 -6.216378 -1.134411
7 -6.012234 -6.602514 -7.261687 -8.197172 -9.848704 -5.645122 94.070814 -5.682294 -5.806649 -7.794287 -8.353578 -6.875259 -6.644842 -9.346476
7 -4.689755 -6.543699 -4.783454 -6.894408 -3.606462 -6.216316 73.335687 -6.164422 -5.493264 -6.618440 -4.914078 -6.035608 -5.317865 -6.057920
12 -0.229566 -2.199020 2.291183 -1.599619 -0.165200 1.290180 -1.400640 -0.939904 -0.119910 1.129388 -0.517919 3.388704 -0.958963 0.031285
7 -5.808126 -6.273146 -5.449354 -5.443528 -5.247355 -5.663788 74.148371 -6.406920 -4.349115 -6.420365 -6.197302 -5.516388 -6.580364 -4.792624
7 -8.141587 -7.368168 -7.366450 -7.041020 -8.217058 -7.039020 93.366700 -5.689843 -6.699795 -7.731508 -8.310370 -5.150591 -6.414763 -8.196531
7 0.315997 -2.452553 0.796803 -0.203057 -0.823445 -1.323963 7.272167 -1.197269 -0.280926 2.030263 -1.560909 -0.882100 -0.060811 -1.630198
7 -8.034866 -4.607346 -6.233780 -5.300541 -5.042262 -6.650337 76.252574 -4.934859 -7.176263 -5.883268 -5.541287 -6.008515 -5.523573 -5.315679
11 -2.427922 -3.675478 -1.913389 -1.779153 -1.813527 -1.564899 -3.028202 -1.031169 -1.635405 -2.532203 24.139462 -0.317688 -0.902378 -1.518047
7 -5.972464 -5.214759 -6.277511 -6.734907 -6.201846 -5.599204 81.708131 -6.198284 -7.597019 -6.189995 -5.792934 -6.316758 -7.137409 -6.475044
7 -4.017785 -7.636635 -5.648548 -6.704800 -4.640984 -7.346235 76.785072 -6.108136 -4.259417 -5.223112 -7.864192 -6.700333 -5.946915 -4.687984
7 -5.420416 -6.817722 -7.337153 -7.764718 -6.609847 -7.148221 84.511878 -6.943725 -6.450663 -6.762728 -6.225135 -6.986162 -4.135531 -5.909861
1 6.040672 0.756394 -3.056697 -0.728654 -0.031959 -1.938580 3.975817 0.022609 -1.746423 -2.280466 -0.445689 -0.207877 1.484588 -1.843735
7 -6.074331 -5.492502 -4.448086 -5.618675 -5.749305 -6.144338 72.486811 -5.503360 -5.357952 -5.992131 -4.626992 -6.357621 -6.185832 -4.935689
12 -2.709009 -0.216729 2.240799 -0.795306 -0.295940 -1.159130 -1.830350 -0.928310 -1.233446 0.449578 1.250820 6.536295 -0.731665 -0.577608
13 1.624784 -2.156729 2.740675 0.861026 -2.770085 -0.415676 -1.583905 -2.591416 -0.004053 -1.279619 -1.269894 2.082943 5.558483 -0.796531
12 1.747926 -0.300537 -0.906397 0.008049 -1.915499 -0.404983 0.093774 0.724484 -1.321542 -0.441030 0.640899 4.406527 -0.782211 -1.549462
12 -0.459043 -1.743135 -0.621683 -0.669770 -1.267669 0.596818 -0.362587 0.090617 0.793530 -0.121082 -1.302870 2.372562 1.543968 1.150343
12 1.788729 1.522630 -0.860386 -0.486740 -1.514820 -1.834728 -1.438978 -0.805575 -0.122073 -0.095428 -0.669021 2.286380 1.789445 0.440566
9 0.218762 -1.596894 0.757509 0.172507 0.364644 0.345344 -0.734793 -1.857344 3.375344 -0.798927 -0.054903 0.119965 -1.841058 1.529844
3 -2.679082 1.207217 12.460659 0.154330 -0.018195 -0.850060 -0.841252 -2.374274 -2.490612 -2.681383 0.329368 -2.243730 -2.359076 2.386089
13 0.134881 -0.409266 -1.129838 0.000456 -0.318545 -0.217531 -0.386395 2.029180 -0.428446 -0.136750 -0.715213 -0.196164 2.264242 -0.490613
12 -2.105430 0.005507 0.552798 0.841360 -0.449899 -0.415821 0.805335 -0.699607 -0.049768 -1.964882 -1.287930 9.139396 -1.768781 -2.602278
7 1.793176 0.576267 -0.456058 1.469613 -0.212820 0.048384 2.111661 -0.606824 -2.167204 -0.825007 -0.127553 -1.517127 -1.564851 1.478343
10 0.400447 -0.008658 1.067272 -0.607465 -0.393459 -1.021439 -0.016667 0.487530 -0.607981 1.885761 -1.047995 0.760174 -0.661057 -0.236463
7 -0.291318 -1.552994 0.041861 -1.748693 2.673395 -0.192340 4.835837 -0.875160 -0.763375 0.110774 -1.243878 -0.995143 0.629110 -0.628076
12 -2.328113 -1.167849 -1.600690 -1.340596 -0.827799 -1.384469 -2.498654 -1.029725 -1.165586 -1.614739 -0.086341 15.284230 -0.431270 0.191600
12 -0.325292 -0.989688 0.448292 0.259898 -0.394558 0.215396 0.023703 -1.124447 -0.551788 0.485065 0.300844 1.667107 0.023236 -0.037768
12 -2.027954 -1.939761 -1.730144 -1.896246 2.613814 -0.810851 1.197290 1.884781 -0.070269 -0.617724 -0.594408 4.672411 -1.478018 0.797079
12 0.239377 -0.358951 -0.030661 0.188489 0.074501 -0.554179 0.985603 -1.501871 -2.330383 -0.287888 -0.167259 3.702487 -0.330772 0.371507
5 -1.974828 3.963097 -6.289507 -0.788723 15.133668 -0.552478 -1.214010 2.387347 -3.810471 -3.134232 -4.528147 3.034748 0.268517 -2.494982
3 -0.502086 -0.026852 2.510991 0.508205 0.220479 0.104268 -0.581132 -1.437291 -1.473197 0.653868 0.504681 0.504890 -2.321500 1.334675
12 -0.600803 -2.425805 0.619689 -2.621595 1.179004 0.839743 -1.045324 1.085323 -1.230638 2.179898 -0.208768 2.377436 0.138453 -0.286613
3 1.003559 1.417430 1.644856 -0.617103 -1.543384 -1.820495 -0.560209 -0.932586 -0.244605 1.156685 -0.818751 0.984607 -0.856713 1.186708
14 -0.054530 -2.101331 0.798594 -0.696868 -0.118261 -0.956720 0.423946 -0.551946 1.115150 0.140214 -2.536359 1.224725 -0.195263 3.508649
12 -4.225248 0.290561 1.427951 -1.535731 -1.874534 -1.360328 2.117716 1.629342 -2.248496 -2.618513 -0.644495 12.229369 -4.365194 1.177601
11 -1.633165 -0.516236 -0.166177 -1.177776 -0.952863 1.164143 0.716131 -0.795594 1.026680 -0.069152 3.823699 2.350182 -3.430124 -0.339746
14 -0.709079 -1.456445 -1.145258 -2.692285 -1.998673 -1.512749 -0.387197 -1.880834 -0.921115 0.372907 -1.760175 -0.568287 -3.127297 17.786488
14 0.656356 1.033846 0.429305 -0.978094 -1.570162 -0.640379 -0.715591 -1.717016 0.462461 -0.785193 -0.638698 -0.327993 0.358136 4.433024
14 -3.665163 -0.306383 -1.987802 -2.694360 -1.958663 -2.121679 -0.098461 -1.656701 -3.891436 4.972962 -0.237719 -0.419301 -1.536937 15.601643
14 -1.926207 -1.418746 -1.936498 -1.508194 -0.974984 -4.701985 -0.400273 -2.103235 2.893142 -1.033851 -0.507006 -3.368550 -0.460133 17.446522
4 -1.957422 2.439820 -0.438261 3.641510 -0.429247 -3.092562 -1.372277 0.277092 0.250826 -0.719579 -1.832967 -1.124434 2.554934 1.802568
14 -2.926491 -0.254074 -0.284964 0.995999 -0.387468 -0.261154 -0.518339 -1.443562 -3.100966 -0.398821 1.953055 0.482333 -0.016207 6.160658
2 -0.409078 2.007378 -0.097593 -0.666574 1.376341 0.818385 -2.100283 -0.536539 -0.074002 -1.473119 0.172808 -0.597726 1.017007 0.562994
14 -0.483835 -0.494009 -0.512997 -0.005804 0.871957 -1.301677 -0.046384 1.298631 1.124819 -2.882031 -1.056444 1.611556 -1.442936 3.319155
14 0.461775 -0.156282 0.127026 -1.992248 -2.205096 -3.042501 -1.940875 -2.246653 -0.758844 -0.440461 -0.710368 -0.666466 0.090658 13.480333
14 -1.597324 -2.805466 -0.480870 -0.508165 -0.849061 -0.850142 -1.488598 -0.256091 -2.098985 -1.412705 -2.154069 -2.774444 -0.377245 17.653168
14 -0.831276 -0.527501 -0.608573 -1.459298 -0.394401 -0.082166 0.080310 -0.201534 1.752929 -1.367628 -0.973767 0.274777 1.695787 2.642343
14 0.141819 -1.932462 0.879458 -0.009837 0.178053 -0.245613 -0.636347 -1.688340 0.081465 -0.945737 -1.727992 -0.564415 2.795443 3.674506
5 -0.818940 -0.859025 0.475981 -0.143640 2.172011 0.128404 0.357040 -2.019607 -1.003004 1.510885 -0.113388 -1.117884 -0.621016 2.052185
14 -1.155244 -2.396373 -1.224067 -2.189591 -2.056349 -1.019215 -1.163569 0.777667 0.445206 -2.823364 -1.439280 -0.619481 -1.321378 16.185038
5 -0.547800 0.296092 0.819838 1.659276 4.118283 -1.294324 0.347886 -1.893993 -1.970080 0.221217 0.671548 0.359686 -3.138685 0.351057
14 -0.932661 0.075317 -0.084171 0.154633 -0.866684 -1.230681 0.615738 -0.857231 -1.012038 0.838929 0.218901 -0.169339 -1.582175 4.831461
14 -1.036683 -1.141473 -0.393365 -0.563271 -0.596685 -0.834976 1.247288 0.036702 0.483217 -1.512419 0.070494 -1.077802 -0.779418 6.098392
14 0.756695 -1.434034 0.398199 -0.228351 -0.215987 -0.364672 -0.533449 -0.571314 0.691839 -0.634349 -0.250422 -0.414548 0.246075 2.554318
14 -1.856724 -1.422527 1.022672 -2.920250 -2.340814 -1.444698 -2.331496 -1.556194 0.343722 -1.588240 -2.113554 -1.287941 -0.031045 17.527088
14 0.123937 -0.296366 -0.503527 -2.313951 -0.955138 1.490895 -1.591629 -1.281573 -0.924197 0.962525 1.630892 -1.295990 -1.854453 6.808576
4 -0.194713 0.517873 0.412843 1.584751 1.425121 -1.816541 -0.123626 -0.105158 -2.074579 0.819923 1.315736 -0.493754 -1.839202 0.571327
14 0.249167 -2.107425 -0.807025 0.246126 1.249039 0.128320 -2.945517 0.150078 0.228550 -0.787925 -1.429186 -1.379716 2.429903 4.775610
8 -2.648170 2.270125 -0.082652 0.597386 1.313187 -0.538191 -0.300363 4.228805 -1.703090 -1.558553 -0.691454 -0.889077 -0.466522 0.468570
8 0.331063 -0.576296 -1.453477 -1.696199 -2.889671 0.384165 0.236787 15.152843 -0.548757 -3.459133 -2.070952 0.390004 -1.265158 -2.535218
5 1.081461 -2.768900 -1.571101 -3.328792 23.275317 -0.801011 -3.457578 -1.045800 -1.039097 -1.612219 -2.462273 -1.662882 -2.263738 -2.343387
8 -0.338363 -2.081902 -0.445891 -0.670274 -1.401056 -1.352542 -0.089345 12.608602 -0.575516 -1.328915 -1.831146 -0.908002 -1.123508 -0.462143
10 0.992878 -3.312560 1.372066 -1.532579 -0.979878 -0.895339 -1.267522 2.193254 2.234257 2.492924 -1.410137 0.130701 -0.079913 0.061848
1 3.348533 -1.717809 -1.016636 -0.417495 -1.172178 -0.183366 -1.505509 -0.814388 2.022364 -0.821583 0.929135 1.015123 0.856660 -0.522852
8 -1.392637 -0.057987 0.687726 -3.255256 -0.625692 2.158573 0.453307 7.594509 -0.840238 -0.913989 -1.263129 -1.640545 0.239266 -1.143909
8 -2.182875 -0.781869 -4.739943 -2.262481 -1.703605 -0.479806 5.838805 11.883741 -2.245799 -0.506845 -2.442829 0.654907 0.398985 -1.430386
8 -0.262934 0.700551 -1.157208 -0.562636 -0.704380 -0.391438 -3.262822 10.660440 -1.623633 -3.042198 0.239242 1.969508 -2.385168 -0.177324
1 2.175681 1.078024 -0.105280 -0.410380 -1.819003 0.367724 -0.279075 1.153373 -0.011070 -0.697260 -0.908052 1.109292 -1.751127 0.097152
8 -0.639111 1.064758 -0.410156 1.031465 0.023855 1.587693 -0.932609 1.690474 -3.364637 0.505713 1.285061 -1.122409 -1.359642 0.639546
8 -2.567878 0.779750 2.291995 -2.230472 2.142451 1.488709 -0.172644 9.133358 -1.769328 -2.037535 -2.002284 -1.627044 -4.006163 0.577085
2 -1.592208 2.323702 -3.083522 0.024904 -0.382455 0.851524 -2.724976 0.031386 0.067000 -0.553360 -0.776538 1.350161 2.312876 2.151507
7 0.604882 -0.386404 -0.584349 -0.527946 -0.442296 1.656193 1.764208 -0.057715 0.147301 -0.268493 -0.090952 -0.928508 -0.298160 -0.587761
8 -0.708938 1.302480 -0.353531 -1.220433 -0.480060 0.983936 -1.089144 5.140350 1.322501 -1.005073 -1.472901 -0.543876 -1.342222 -0.533090
5 -1.042807 2.200188 -0.166244 0.927795 2.703065 -0.085134 -0.510709 0.985490 -1.297209 -1.248480 -2.121256 0.116915 0.351628 -0.813241
13 1.038489 -0.057175 -0.845029 -0.635394 -2.142901 -0.082740 0.954225 0.009419 -0.057636 -0.774323 -0.533609 -1.074074 3.501357 0.699389
8 -0.237803 0.139487 -2.306682 -0.080301 -0.963096 -0.898678 -0.190551 3.912255 1.736281 -2.202092 -0.128069 -0.358744 -0.215832 1.793825
6 1.760174 1.668663 -2.233838 0.053593 0.640786 2.374768 -0.851041 -0.388965 -0.926992 -0.651590 0.295464 -1.763339 -0.648893 0.671209
8 -1.821517 0.326206 1.004588 -2.864861 0.231185 2.125263 2.032231 4.541569 -2.787421 1.253623 -0.621038 -1.107742 -2.701919 0.389833
8 -1.955000 1.228403 -0.305553 -0.656543 0.410645 -1.288842 -0.365676 5.570595 -0.876475 -1.244004 -0.536368 0.447743 -0.149901 -0.279024
8 -1.573187 -1.340249 1.034895 1.554823 -2.264171 2.190559 -2.644237 6.078825 -0.996988 -0.511744 -1.321660 -0.265049 0.603390 -0.545207
11 -1.325077 1.982648 -1.254688 1.123474 0.776258 0.277913 1.637078 -3.589242 -0.610359 0.402243 2.672228 0.476121 -0.723860 -1.844738
3 0.966858 -2.113787 1.225596 -0.217394 -0.014528 0.581530 -0.230844 -0.213061 0.194552 0.472960 -0.688202 0.582373 -0.222755 -0.323299
9 -0.710697 -2.566471 -0.667815 -0.208033 -0.222064 -0.416467 1.685818 0.766463 2.886560 -1.076324 -0.949071 2.009616 -0.784656 0.253141
13 0.518172 -0.075520 -0.136674 -0.505992 0.106294 0.354105 0.246619 -0.686236 0.455159 -0.501543 0.161150 -0.034994 1.005345 -0.905886
10 -0.035396 -0.951540 0.979123 -0.878023 -0.084840 -2.229803 -0.666489 -1.186711 1.974639 2.603985 0.710981 -0.082847 -0.211667 0.058590
9 1.277539 -2.852932 0.263566 0.308868 1.304474 0.272494 -0.461037 -1.004459 5.360017 -0.710543 -0.124394 -0.073325 -1.196481 -2.363788
13 -0.438765 -1.206752 1.807215 -1.459626 -1.035164 -2.000585 -0.439649 0.560145 1.328520 0.901717 -1.067362 -1.051625 6.736910 -2.634978
13 0.416023 -0.529538 1.748946 -1.824569 0.599676 -1.366425 -0.471718 -1.365591 0.670016 0.640785 -0.708361 0.997655 3.039455 -1.846353
6 -0.122695 -1.020728 -0.030717 -0.226836 -0.514576 1.031075 -0.264120 -0.486761 0.895837 0.045702 -0.327036 0.601324 0.119907 0.299625
9 -2.141873 0.029941 1.465742 0.177809 0.321698 -0.169825 -0.674792 -1.267757 1.683220 -0.208084 -0.234048 0.508507 -1.155699 1.665161
9 1.945947 -1.896626 0.080288 -0.556192 -0.804771 0.271709 -0.514806 0.040105 5.993491 0.233260 -0.389815 -1.643759 -0.702564 -2.056268
9 0.263928 -1.423054 0.282897 0.204338 -0.246580 -0.396355 -0.515402 -0.722299 3.319693 -0.655892 0.010462 -0.060375 0.577857 -0.639217
9 -1.500917 -1.162226 1.151516 -0.685820 -0.186114 -0.058089 0.461707 -0.707626 2.196818 0.862200 -2.145836 0.328893 -0.532593 1.978089
9 0.703550 -1.744816 1.161281 -0.896534 1.063170 1.136041 -0.741229 1.242275 1.905524 0.406760 -1.466386 -0.551516 -1.397279 -0.820842
9 1.455787 -4.141202 0.204927 1.333633 1.511611 0.344590 -2.004468 -1.273823 1.537545 0.843868 -0.549152 0.338280 1.450298 -1.051895
14 0.596212 -0.487188 0.675209 1.231479 -1.175168 0.330467 -0.040958 -0.453973 0.723547 -0.510219 -1.297379 -1.155431 -0.711464 2.274867
1 1.759433 1.229210 -0.564762 -2.133633 1.330212 -0.934822 1.562115 -0.290405 0.418510 -0.037829 -1.681992 0.453598 0.051187 -1.160823
14 1.235034 -2.068672 0.006360 1.810549 -0.717111 -1.617965 -0.954116 -0.633763 -1.735156 1.704061 -0.304917 -0.296166 0.938875 2.632987
4 1.160283 -3.225896 -1.492373 5.061254 -0.950540 -0.947282 -0.894228 -0.259815 2.772447 -1.148623 -1.248003 0.428095 1.784909 -1.040227
9 0.945780 -1.592073 1.240550 -1.048732 -0.424800 -0.100935 -1.237231 -0.888069 1.594160 0.418030 -0.857025 -0.601102 1.046892 1.504555
