7 -9.212612 -10.452585 -8.875744 -9.296132 -8.036083 -10.286196 62.990292 -11.016342 -7.661472 -10.889558 52.715118 -8.876193 -10.967246 -10.135246
14 0.037624 -1.249636 0.023600 -1.787741 -0.204475 0.475258 -0.584133 2.627178 -0.442253 0.078573 -0.842567 -0.614060 -0.909472 3.392103
9 -1.681091 -2.293618 -0.270127 -0.053317 0.022449 -1.673334 -1.593955 -1.806202 9.153285 0.044365 0.778360 -0.976855 1.815101 -1.465063
1 25.262458 -1.532816 -2.443881 -1.775043 -2.125521 -2.021138 -2.665471 -1.320526 -1.643642 -1.815023 -2.455081 -1.583904 -2.006832 -1.873577
6 1.187343 0.874696 -0.620728 1.433723 -0.344873 3.091681 -3.956777 -0.373349 -1.271536 -0.558858 1.109875 0.470337 -2.538641 1.497106
1 4.859778 -0.685464 -0.289471 -0.657484 -0.350345 -0.740639 -0.255141 -0.452719 -0.169257 -0.381919 -0.506188 0.738809 -0.538488 -0.571474
6 0.861907 -0.618531 -0.262405 0.180002 -0.258878 3.568989 -0.976503 -0.047603 -0.819684 -1.358176 -0.608034 -0.349259 0.839780 -0.151605
2 -1.317959 1.608206 0.945124 0.542755 1.062939 0.230525 1.105136 -1.131022 -0.877331 -1.004809 -0.176532 0.053920 -0.027241 -1.013712
5 -4.332316 -2.804438 -4.283079 -2.071546 29.030484 2.235583 -2.514548 -2.291594 -2.651528 -2.209514 -3.102445 2.342227 -3.245216 -4.102070
5 0.557869 -4.015573 -1.205089 -1.828200 17.372906 0.127820 -3.780239 -2.334373 -1.325184 0.123772 -1.955122 0.568770 -2.634285 0.326927
10 1.579507 -0.677059 1.023241 -2.520531 -0.008859 0.473993 0.368291 -1.020165 -2.700835 2.233578 -0.572283 1.092246 -1.090213 1.819087
3 -0.872243 -1.896416 6.754319 0.520590 2.636193 -1.295204 -1.852462 -1.281547 -0.317662 -1.151102 -1.824495 0.630243 0.329907 -0.380121
3 0.998023 -1.312013 16.348912 -2.087128 -1.914460 -0.707971 -1.433693 -1.377426 -1.191950 -1.494126 -0.535883 -2.917568 -2.386555 0.011838
4 -2.231986 0.557026 0.065246 2.289013 0.522094 -0.513204 1.488615 0.066871 -1.911767 -0.622564 1.156683 -0.064977 -1.469225 0.668174
1 75.867715 -5.591875 -5.221548 -5.353454 -5.660368 -7.129171 -5.871235 -5.605050 -6.230013 -5.858202 -5.485933 -6.114891 -7.319557 -4.426416
11 -4.527196 -3.607103 -0.019225 -1.143860 -3.981809 -2.902985 -3.639628 -2.478843 -0.864754 -3.953526 33.130942 -2.782300 -0.647435 -2.582278
4 0.089786 -1.459712 0.013404 5.924757 -1.866857 1.390556 0.860345 -2.008135 -0.057336 -0.440731 -1.409627 -0.737881 0.053965 -0.352535
12 -3.740795 -2.079821 1.457538 2.010673 0.321680 -0.770736 0.075913 -3.152727 -1.496981 2.960379 -0.374800 6.093417 -2.028712 0.724973
14 0.437451 -0.550807 2.433168 -2.724542 -2.894304 -1.390237 -2.051578 -1.803186 -2.889104 0.466787 1.644072 -0.150428 -1.984974 11.457682
11 -1.684392 -3.265511 -2.203235 -4.647582 -2.821206 -2.358884 -2.563084 -0.914684 -2.291608 -3.151667 30.381141 -0.513208 -2.103391 -1.862690
3 -1.217535 -2.246378 16.831429 -0.748991 -1.476602 -1.276233 -1.285042 -2.023996 0.250455 -1.567007 -0.932606 -2.042249 -1.113784 -1.151462
12 1.289722 0.426439 -0.113032 -0.711879 -0.261102 -1.551122 -1.623076 -2.150827 -0.603289 0.994298 -0.122070 2.426347 1.186361 0.813228
14 -1.011820 -1.733797 -1.034111 -0.918497 0.209570 2.338318 1.805223 -3.330176 -0.009078 -0.834800 2.359065 -0.432698 -0.514259 3.107061
9 -1.510724 1.524275 0.356106 -1.791906 -0.216602 -0.177154 0.030288 -1.381521 3.869278 0.342548 1.163207 -1.174134 -0.942471 -0.091190
2 -2.831220 2.162310 -1.352696 -0.203744 1.259039 -0.760453 0.458774 0.651970 -1.134384 -0.447146 -0.971173 0.421988 0.741019 2.005715
8 -3.147168 0.720420 -1.456968 2.394973 0.898368 -0.587835 0.003696 5.022459 -1.377147 -1.356345 0.211197 -0.803249 -1.237714 0.715313
14 -0.081040 0.125515 -0.469967 -1.201983 -0.305845 -1.021651 -0.150614 -1.325098 0.807497 -0.818198 -0.864749 0.970445 0.092150 4.243538
2 0.823370 13.224913 -2.508897 -2.375097 -1.322314 -0.405428 -1.981580 -2.546074 -0.783223 0.189972 -1.140332 -0.737928 1.915696 -2.353079
1 45.546206 -3.938044 -3.769413 -5.927586 -4.353057 0.077695 -4.500391 -2.190989 -4.895681 -4.131891 -1.734744 -3.411194 -4.850735 -1.920175
2 0.544604 1.391404 -1.107760 -1.490130 1.013656 0.194372 -2.135656 0.246174 -1.004048 1.003303 -0.258505 -0.112789 1.230414 0.484960
5 -1.151072 -2.211783 -1.006506 -0.361702 17.154771 -1.550243 -1.518067 -1.252548 -1.262578 -1.334419 -1.139129 -1.499704 -1.200057 -1.666963
6 1.276873 -1.225328 0.037014 -1.002653 -0.084198 2.171504 -0.560632 -0.072018 -0.871205 -0.335940 0.383175 -1.420873 0.654768 1.049513
6 -0.073941 -2.834329 -0.739774 -2.904485 -0.772602 9.198216 -1.365353 -0.740146 -0.406027 -1.231852 -1.957791 -0.218148 -0.547873 4.594106
5 -1.178109 2.009401 -1.875370 0.669829 3.487079 -0.765435 -2.247269 -0.232048 -2.013404 -1.992939 -1.263476 2.986385 0.120115 2.295242
7 -4.497561 -4.065550 -6.237553 -4.597797 -4.809681 -6.787025 70.990627 -6.149144 -7.928461 -4.074015 -3.684308 -4.853462 -7.563512 -5.742556
14 0.090947 -4.909606 -3.535255 -1.299859 -2.870477 -1.741283 0.812009 0.611213 -3.911469 0.684755 -1.634159 1.012123 -0.549854 17.240916
2 0.237180 2.470933 -0.358904 -0.700037 0.606376 -0.587930 -0.175445 -1.222526 -0.609937 0.792454 -0.029387 0.184756 0.315693 -0.923228
2 -3.995362 17.654042 -1.186887 -2.034069 -3.025454 -1.694074 -0.485068 -3.048457 -3.074169 -1.648211 6.911477 -1.971378 -3.139533 0.737144
2 -1.495619 12.357321 -0.282843 0.683794 -0.279797 -0.547128 -0.188022 -3.494610 -1.877242 -0.889766 -0.586046 -0.417031 -1.207882 -1.775127
14 1.548964 -0.222812 0.011077 0.159651 -0.546789 0.113611 0.061312 0.058699 -2.508826 -0.292041 0.227285 -0.021001 -0.602011 2.012881
7 -0.808579 -1.529826 -1.577491 0.948154 -0.257234 2.276194 3.491841 -0.103981 -1.480716 -0.778049 0.815941 -1.018850 -0.383641 0.406238
3 2.167704 -0.636332 8.362187 -0.504025 -2.163211 -3.904086 0.307247 -0.454181 -3.591559 1.128649 2.758789 -0.435347 -0.778491 -2.257346
13 0.229839 0.265155 -1.335746 -1.309118 1.603809 -1.470659 -0.451504 -0.006720 0.392481 -0.163813 -0.178196 -0.124986 4.075445 -1.525987
3 -2.832944 -3.503081 38.402202 -2.987779 -2.775575 -2.755970 -2.533259 -2.704177 -2.812044 -3.123631 -3.678813 -2.661466 -3.262492 -2.770971
6 -4.762780 -4.225158 -1.517404 -0.030281 -3.805224 25.942901 -2.006576 -2.054084 -0.911536 -3.200483 -1.235051 -1.958181 2.129702 -2.365845
12 1.153338 -2.173218 0.490619 -1.435373 1.452750 -0.739384 -0.926951 -1.088624 -0.957636 1.895704 0.965644 3.092272 0.414260 -2.143402
6 -0.900505 -1.706909 0.829995 -0.145300 0.891074 2.947272 -1.646148 -1.099526 -2.950380 2.260962 -0.278027 0.659881 -1.366132 2.503743
13 -0.084652 -1.141189 -1.012166 1.758452 -0.235031 -0.294125 1.605818 -2.369035 -1.593125 0.387567 -0.704382 -0.731652 4.757885 -0.344365
11 -2.311853 4.505701 -0.904397 0.251476 -1.266365 -0.568821 -0.642952 -1.358668 -1.032004 -1.451833 8.493465 -0.904598 -1.578727 -1.230424
13 3.215908 -0.490489 -0.201139 -1.256430 0.566666 -1.518465 -1.627006 0.929312 0.583251 -1.566632 -1.934917 -0.360956 4.209172 -0.548273
14 -0.368272 -1.898568 -0.819260 -2.065488 0.410948 -0.924782 -0.718357 -2.473823 -1.554357 1.585755 -1.086203 0.790490 0.099432 9.022486
1 1.464958 -0.506332 0.053860 0.400708 -0.731672 0.610845 0.136588 -1.292120 -0.497803 0.146307 -0.613384 0.434058 -0.518929 0.912916
14 -0.742494 -3.589097 -0.450782 -1.073382 -0.970785 0.323573 -3.540607 -2.259438 -0.667017 0.024176 -0.949869 0.000036 -2.298026 16.193712
11 -4.066555 -5.063473 -5.704558 -3.069007 -3.329940 -5.783421 -8.104700 -5.817135 -4.295331 -4.767232 58.399451 -2.390322 -0.926907 -5.080873
7 0.296088 0.121696 -1.011348 0.226732 -1.015844 -0.090403 4.572975 -2.107553 -0.519434 -1.130889 -0.130097 0.030627 -0.780648 1.538098
6 -1.896550 -0.046753 -1.262351 -0.476105 -0.230613 8.686532 -0.639628 0.334177 -1.641737 -1.199243 0.006738 0.657984 -1.538074 -0.754377
4 -4.451065 -7.525474 -2.646964 60.400745 -6.002977 -5.037958 -5.305639 -3.643809 -3.838148 -4.079468 -3.672280 -4.402310 -5.238464 -4.556187
4 -4.955957 -6.130446 -4.435829 62.652840 -5.442786 -4.923320 -4.297336 -4.400495 -4.734096 -4.271907 -4.701615 -4.751008 -5.633529 -3.974516
4 -3.405640 0.451284 -4.379373 34.213803 -2.944812 -2.898962 -1.429060 -0.834739 -5.257475 -2.860761 -1.982902 -3.880669 -4.806782 0.016089
7 -6.154067 -2.698224 -5.220660 -5.731658 -7.412004 -4.436509 73.117472 -7.155044 -5.094473 -6.080601 -7.236140 -5.062145 -6.207174 -4.628773
7 -7.642026 -5.554553 -6.690955 -7.055400 -6.986959 -8.581827 84.377883 -7.048775 -6.786459 -5.332172 -4.329089 -7.229581 -4.208449 -6.931636
7 2.668196 -1.777857 1.253728 -0.230174 -1.463938 -1.282153 5.496527 -1.529054 -1.318205 -0.194799 -1.216409 0.515756 -0.244712 -0.676904
7 -5.921002 -8.678298 -6.780236 -7.809039 -7.777877 -7.969287 93.820252 -7.040197 -7.044923 -6.102790 -5.330562 -7.065895 -7.267791 -9.032354
7 -5.783892 -5.633203 -5.512111 -6.311350 -5.680594 -6.553270 71.714476 -4.936261 -5.958011 -4.899630 -4.989600 -5.655862 -5.318505 -4.482184
6 -1.195634 -0.984782 -1.117962 -2.715829 -2.173144 25.721067 -0.969385 -2.168355 -3.039618 -1.715691 -1.925895 -2.309740 -3.366846 -2.038186
9 -1.332968 -0.006413 0.444243 1.175974 -0.296803 -0.270261 -0.404988 -0.194116 2.162195 -1.073671 0.777469 -0.249171 -1.186936 0.455446
10 0.584372 -0.053931 1.981248 -0.531148 0.904800 1.862741 0.152367 -2.691032 -1.818768 3.246785 1.223696 1.517112 -4.086511 -2.291732
8 -1.362283 1.123517 1.714842 -1.621704 0.666665 -0.757435 0.596254 5.087873 0.339506 -3.470678 -0.763273 -1.110948 0.397013 -0.839349
2 -1.671182 3.149626 -2.455954 1.817991 -0.539811 -0.974178 0.012851 2.714736 -1.028515 -0.484273 1.521980 -1.364997 -0.037948 -0.660325
13 -0.205447 -0.967754 0.456523 0.121926 -2.434418 2.759979 -1.965441 -1.783039 -0.688685 0.616052 -2.741375 -1.833497 8.621005 0.044172
4 -6.950998 -4.736657 -5.382998 62.126477 -6.114828 -5.045460 -1.529484 -4.297892 -2.288855 -5.616387 -6.088405 -5.376331 -2.192671 -6.505511
4 -6.245564 -7.208710 -3.462607 61.274150 -5.494822 -5.576598 -4.691652 -5.164370 -4.646545 -2.567282 -4.953542 -4.236661 -2.135298 -4.890496
4 -6.103150 -6.535457 -3.729199 62.316864 -6.580190 -4.462398 -3.403020 -5.797454 -4.021715 -3.731464 -4.516981 -3.467270 -6.563629 -3.404937
11 0.041576 -0.184060 -0.328969 -1.042447 -1.192108 0.091148 -1.744182 -0.463014 -0.563378 -1.200057 7.528382 -0.684523 0.741297 -0.999665
7 -0.567184 0.422266 -0.371414 -1.008397 0.601230 -1.098982 2.541273 0.074780 -1.547723 0.042197 1.224378 -0.580854 0.687455 -0.419026
3 -0.590864 -1.004086 4.810924 -0.892422 0.741404 0.227534 -0.908826 -1.445916 2.146620 -1.253442 0.474891 -0.789450 0.148366 -1.664734
4 -5.202863 -4.095689 -4.225227 62.534599 -5.504162 -5.128436 -3.366386 -3.831579 -6.299241 -5.417793 -2.131282 -6.661520 -5.255526 -5.414891
5 -3.457820 -2.737931 -1.950855 -1.595397 32.473007 -3.724717 -2.672315 -1.777227 -3.663431 -2.782886 -1.975765 -1.114748 -3.518142 -1.501772
13 -1.000458 0.615779 -0.922078 0.740394 -0.544879 2.514888 -0.844897 -0.617203 -0.397445 -1.014994 -1.476461 -1.217404 3.239091 0.925667
9 -0.165319 -0.551620 0.307305 0.457705 -0.061057 -0.285415 -0.260989 -0.358901 0.795102 -0.295393 -0.004310 -0.233691 0.062755 0.593830
11 -3.635069 -2.845215 -1.764198 -4.370869 -4.106982 -2.966029 -1.920120 -4.053572 -2.391563 -5.196790 42.059033 -1.081962 -3.131318 -4.595347
11 -6.020578 -2.954045 -4.195413 -2.847923 -4.125805 -3.632076 -4.231948 -3.667985 -4.287232 -4.925555 52.509779 -3.600275 -4.002543 -4.018402
11 2.324123 -1.000433 -3.702304 -0.105441 -0.964509 3.477073 -2.124017 0.012421 -3.706168 -2.263919 9.144876 1.108343 -1.317144 -0.882900
6 0.729499 -1.493807 1.233364 -2.737727 0.848642 2.482036 0.159225 -1.467028 0.366871 0.954287 -1.236682 -0.055243 -0.239991 0.456553
1 42.537919 -2.268206 -3.303514 -4.402425 -3.083454 -3.906708 -3.260997 -3.078848 -4.011359 -5.310602 -4.171315 -3.904814 -1.587703 -0.247974
13 -0.853680 -1.041601 0.521621 -0.481734 -1.342968 -0.586373 0.609697 -1.106483 -2.497943 -1.612588 -0.347908 -1.498680 9.771297 0.467345
3 0.873900 -1.400446 9.055372 1.234380 -0.849279 -1.677462 -2.302321 -2.130756 1.333782 -0.019522 -2.606689 -1.709823 -1.077926 1.276789
4 -4.679882 -4.279807 -4.790368 63.149752 -5.152215 -6.435601 -4.851377 -4.167237 -6.609470 -4.483988 -4.544824 -5.173643 -4.917013 -3.064326
4 -2.401992 -2.556034 -3.351524 62.258264 -4.978060 -3.808060 -4.824760 -4.534066 -7.670501 -6.397857 -3.591502 -4.951563 -7.374684 -5.817660
2 -1.950099 15.383134 -0.579380 0.398368 -0.055139 -1.138749 -1.309162 -3.050310 -3.189090 -1.596810 -2.136841 -1.149648 -1.307347 1.681070
3 -1.281952 -0.556001 2.304243 1.755334 -0.238735 -1.395262 -0.792717 -1.636805 -0.542069 1.513304 0.192903 0.386825 -0.493463 0.784393
1 0.000000 0.000000 0.000000 0.000000 0.000000 0.000000 0.000000 0.000000 0.000000 0.000000 0.000000 0.000000 0.000000 0.000000
2 -4.578049 16.025348 -0.722954 -0.311668 -0.608661 -0.555697 -0.992766 -1.010995 -2.380045 -0.875166 0.019186 -1.708833 -1.700308 -0.599392
13 -0.404642 -1.320940 0.539477 0.517320 0.525427 -1.168526 -0.853691 -1.397052 -2.257484 1.277377 -0.820417 -0.518192 5.578799 0.302545
1 43.694870 -5.078658 -3.062804 -1.490999 -3.089328 -2.396317 -2.502863 -2.590786 -3.303994 -5.300685 -3.357215 -4.479871 -4.480009 -2.561341
7 -6.571491 -6.580791 -6.693930 -6.682007 -7.723423 -7.688359 92.073458 -8.391266 -7.985819 -6.263399 -5.002617 -6.639288 -6.801236 -9.049829
6 -8.584539 -6.491316 -5.821754 -5.645315 -6.616079 78.040452 -7.072485 -3.682640 -4.797154 -7.212163 -5.161370 -5.995640 -5.603009 -5.356983
4 1.103092 -2.103450 -1.477088 1.708355 -0.011289 0.835226 0.618542 0.378700 -1.389009 0.375801 0.402978 -0.203800 -0.908692 0.670635
13 -0.756109 -0.358050 -0.353844 -1.568275 2.021066 3.176961 -4.772810 -2.835222 0.083086 2.207628 1.601381 -1.420306 3.809088 -0.834596
1 44.323980 -3.356956 -3.999524 -3.796993 -3.301927 -2.403740 -3.664567 -3.735215 -3.932343 -3.048465 -2.707819 -4.128575 -4.711942 -1.535913
3 -1.119872 -0.215383 2.789451 0.067234 -0.500853 -1.025910 1.156005 -0.740293 -1.771083 0.267032 1.302582 -0.468145 -1.307375 1.566610
10 -0.159964 -0.914770 3.421271 -1.968072 -0.426922 -0.945979 -1.518940 -1.293127 1.613073 5.188063 -0.207835 -0.414528 -2.496282 0.124013
1 4.099385 0.753712 -1.990324 0.780222 0.036494 0.397139 -1.116319 -1.507713 -1.461671 -0.679171 0.285292 -0.664497 0.451050 0.616400
8 -0.338302 -1.339903 -0.105014 -1.705993 2.466715 -0.827199 -0.961594 5.259045 -0.579322 -0.309908 0.543204 -0.821120 0.273118 -1.553727
7 -6.293639 -5.856282 -4.332906 -5.080649 -5.388076 -6.263178 67.947134 -5.023477 -6.914423 -6.843569 -5.283929 -5.871803 0.269592 -5.064792
8 0.000000 0.000000 0.000000 0.000000 0.000000 0.000000 -0.032380 0.599281 -0.387713 0.000000 -0.055432 0.000000 -0.123757 0.000000
11 -0.396785 0.612274 -0.660744 -1.417943 0.207455 0.722379 -1.191008 -1.047360 -1.062717 -1.521984 7.221341 -0.628289 -0.849273 0.012654
10 0.576253 -0.871503 -0.174343 -0.882856 -1.119244 0.081774 -1.747540 -1.279957 -1.317745 6.955067 0.099689 0.481587 -0.607665 -0.193516
14 0.136854 0.097677 -0.392471 -1.885260 -0.190993 -0.235870 1.035410 -0.510136 1.008860 -1.150593 -1.039907 1.496005 -1.454096 3.084520
13 -1.082087 -1.494469 2.142558 -0.881736 -0.217153 -0.111032 -0.370643 -0.668092 -1.629454 -0.550042 -0.538049 -0.642178 6.790790 -0.748414
2 18.296264 26.265085 -6.116926 -4.585236 -3.785476 -1.637219 -4.909880 -3.941283 -3.851416 -4.765337 0.313163 -4.444242 -3.112845 -3.724651
6 -0.035973 0.000000 -0.449332 -0.617907 -0.558075 1.846465 0.002955 -0.152810 0.177980 -0.175869 -0.268361 0.319445 0.561809 -0.650327
2 -0.849448 16.860295 -2.104960 -1.787526 -0.583664 -0.706215 -2.023262 0.248449 -1.104502 -1.862335 -0.771164 -3.005840 -1.720949 -0.588879
4 -1.005253 0.583978 0.145404 0.941717 0.225794 -0.095735 0.256714 -0.232992 -1.491206 0.201292 0.667771 0.150409 -0.954375 0.606483
4 -6.400759 -7.192479 -7.012619 60.411586 -7.935689 20.201820 -6.867697 -5.869554 -6.196969 -6.293344 -7.568176 -6.373199 -5.880169 -7.022750
1 75.010409 -6.229942 -5.594031 -5.575178 -5.720934 -5.903854 -6.084287 -6.109007 -4.487409 -5.823714 -5.159314 -5.825149 -6.346433 -6.151154
1 73.885448 -4.108567 -6.419610 -5.092321 -5.652120 -4.690964 -6.702781 -6.030223 -5.798100 -5.161224 -4.260922 -7.049951 -6.372846 -6.545818
1 47.979108 -3.855598 -4.246339 -4.967896 -5.169141 -3.691462 -3.040080 -3.062779 -2.840620 -2.934140 -2.987148 -2.618395 -3.349163 -5.216344
8 -2.542379 3.355524 -1.084445 -2.209374 1.118301 -2.134791 -1.173634 3.543997 2.939364 0.814960 3.105275 -3.873607 0.203664 -2.062856
4 -4.940899 -5.130541 -5.029874 66.695259 -6.357325 -4.254322 -5.066039 -5.278399 -6.196007 -4.715939 -4.205747 -5.277400 -6.887908 -3.354858
7 -0.243558 -0.905989 -0.706810 0.074500 -0.574481 -0.457473 2.985238 -0.621077 0.925874 -1.032058 -0.154441 -0.380458 0.177586 0.913147
2 -2.652705 20.765406 -1.713207 -1.245950 -2.654060 -1.277335 0.856165 -1.608152 -0.625227 -0.430547 -2.109602 -1.723738 -2.144537 -3.436510
1 5.547696 -1.612245 0.118807 0.638405 0.283865 -0.530954 -0.678005 -0.531893 -0.766294 -0.775489 0.060492 0.537633 -1.304952 -0.987067
10 1.157467 -1.374361 -0.967012 -2.724260 -0.933190 1.476030 4.020875 1.068493 -2.192440 4.057322 -0.674806 -1.798678 -0.722812 -0.392627
13 -0.109499 0.736294 -0.022351 0.431627 -1.837790 -1.718027 -0.458749 -1.781762 1.314586 -0.519529 0.618300 0.951666 1.577610 0.817624
9 -0.295803 -1.503346 0.344566 -1.897997 2.085391 1.872844 -2.124647 -1.408205 5.250280 -0.048342 -0.005042 -1.513926 0.227111 -0.982882
9 -1.551101 -0.991789 1.024641 -2.331033 0.482810 0.411955 -0.849872 0.844732 3.751739 0.714118 -0.187054 -1.334241 0.591887 -0.576791
5 -1.049427 -3.566983 3.369622 -1.483081 14.949662 1.410111 -0.413460 0.688512 -1.637466 -2.325958 -3.056838 -1.294539 -4.750128 -0.840027
4 -3.415924 -5.240515 -4.565422 63.665278 -6.328720 -4.990604 -5.362127 -4.230052 -4.876712 -5.941719 -4.574417 -4.377243 -4.633755 -5.128065
4 -6.084585 -3.607590 -3.575505 62.639133 -3.995166 -5.138225 -3.684018 -5.431289 -4.262386 -4.978850 -6.392803 -3.465576 -6.375392 -5.647746
4 -4.535218 -5.343001 -3.634211 68.024894 -6.103266 -5.339334 -7.095361 -5.620374 -6.748429 -1.769883 -4.659501 -4.387068 -8.023018 -4.766227
4 -3.610305 -2.565133 -2.432245 36.299287 -2.945733 -3.204155 -2.664660 -2.071802 -3.601446 -2.459806 -2.172714 -2.497358 -3.674336 -2.399595
4 0.750633 -2.700417 -1.471439 5.777814 -0.904266 1.374869 -4.097560 1.643653 0.994709 -0.514336 -2.126466 0.075386 0.615453 0.581967
1 41.438734 -4.054602 -3.397227 -4.302619 -3.647302 -2.859795 -5.095366 -1.788575 -2.529137 -2.099683 -3.439098 -1.811433 -2.783394 -3.630502
7 -0.343574 -3.539489 0.575442 -1.453670 -1.056819 0.746685 6.219981 -0.480853 -1.017945 0.297895 0.413307 0.515851 -0.005379 -0.871432
8 -0.522372 -2.423289 -1.391703 1.002043 -0.547852 -0.653224 -1.751192 11.044066 -1.483987 -0.101602 -1.189000 -1.019421 0.257374 -1.219840
1 47.405696 -4.310444 -3.763663 -3.439688 -3.293000 -6.049593 -4.992963 -3.929327 -2.193947 -4.821814 -3.213327 -3.596065 0.339167 -4.141033
1 46.903751 -3.435026 -3.197873 0.036644 -4.257259 -4.960127 -3.006967 -5.382769 -2.156694 -4.869366 -3.763427 -3.757255 -3.343897 -4.809732
3 -1.485089 -2.818619 7.015879 2.957720 -1.802346 -0.927878 0.722549 -1.933512 -0.687380 -1.428775 0.698627 0.462492 0.026939 -0.800608
3 -1.285597 -1.133632 14.678913 -1.637975 -2.271757 -0.688465 0.090605 1.040371 -0.136584 -0.736727 -1.775222 -1.842138 -1.928796 -2.372995
1 29.511509 -2.728219 -3.141431 -2.284441 -1.719310 -1.952005 -2.276298 -2.327318 -0.210046 -3.073410 -1.080880 -3.580735 -2.264446 -2.872970
3 -1.889335 -1.889945 34.065288 -3.237914 -2.020214 -2.699902 -2.256364 -2.010142 -2.584086 -2.935856 -1.983911 -2.776328 -3.804375 -3.976916
14 0.428041 -1.431169 -1.723733 -1.432389 1.108598 0.725995 -0.097094 1.303451 -2.088422 0.944663 0.151848 0.166549 0.001680 1.941981
14 -1.525898 -3.364563 -0.312201 -0.273647 -0.574234 -0.383510 0.078775 -0.211617 -3.436614 -0.800619 -0.022981 -1.669205 -2.001503 14.497817
8 -1.347090 -0.394315 -0.764989 0.729076 -2.416580 -2.370801 3.900073 11.163431 -1.645099 1.041597 -2.116064 -1.873018 -1.848283 -2.057939
3 0.017707 -2.304669 15.997417 0.886869 -1.233220 -1.236772 -1.283716 -3.158736 -0.156644 -1.266448 -0.917157 -0.933000 -2.837376 -1.574255
6 -3.617725 -2.512210 -2.534450 -2.191344 -3.411021 31.949669 2.792503 -3.757933 -2.382916 -3.091866 -2.499870 -2.235967 -3.730843 -2.776025
13 -0.308430 -2.492773 2.965882 -2.749497 -1.289929 0.598720 -1.483790 -2.814521 0.951033 0.970975 0.284636 0.991598 4.025345 0.350749
3 -1.747415 -3.090494 25.588743 -3.722528 -3.038976 -1.683732 -2.175479 -2.693064 -1.292905 -1.188915 -1.284313 0.096341 -2.618668 -1.148597
14 0.291241 -0.313729 0.302047 -0.283160 0.142936 -0.128764 -0.456810 -0.348141 0.584279 -0.612737 -0.254885 0.205716 0.103093 0.768914
11 -1.784611 -1.693410 -1.366473 -0.586550 0.571901 -1.782101 1.946734 -0.006577 -1.090830 -0.964125 7.866915 -1.452550 -1.029783 1.371460
11 -2.746857 -0.559802 -1.528827 1.870333 -1.444303 -0.487965 0.089115 0.148949 0.212510 0.875410 5.949769 0.723482 -0.854618 -2.247196
11 -5.072388 -5.615247 -4.341339 -2.535415 -4.326426 -5.594919 -4.713076 -3.498735 -4.716009 -4.959114 57.468682 -4.300033 -4.431714 -3.364268
11 -2.030739 0.464161 -1.339345 -0.256465 0.799599 -0.538685 -1.462389 -0.244009 -3.277285 -2.541679 13.086760 -0.524936 -1.226297 -0.908692
1 46.671754 -3.506715 -0.650304 -4.249776 -2.602713 -2.853159 -4.594193 -3.547446 -4.192368 -4.677050 -5.311788 -3.341810 -4.128448 -3.015982
5 -1.181018 -2.051565 -1.890882 -1.631084 23.118530 -1.309050 -1.401782 -3.173628 -3.317464 -0.648918 -0.835109 -2.940639 0.080931 -2.818321
4 -5.806314 -3.648661 -6.698643 67.058214 -3.234139 -4.298458 -4.999007 -5.071487 -4.610674 -4.407803 -7.156299 -3.483215 -7.080108 -6.563406
7 -6.702037 -5.031241 -6.152361 -6.671417 -5.552324 -7.404392 83.885514 -7.191753 -6.599612 -5.074774 -9.308802 -6.605384 -5.181685 -6.409730
3 1.437764 -1.631281 2.901905 -0.762920 -0.372454 1.871335 0.652158 -0.555918 0.665450 2.259507 -1.703599 0.218024 -5.441882 0.461912
5 -2.893094 0.020940 -1.467234 1.574504 18.408596 -0.600226 -1.324788 -1.813104 -2.305435 -1.950258 -1.783047 -1.722419 -3.339869 -0.804565
4 -2.994571 -4.465196 -5.013613 62.884245 -4.549170 -4.939510 -4.660642 -4.610515 -5.037101 -1.793855 -6.299773 -4.514682 -6.657036 -7.348580
6 -5.940355 -5.781947 -7.188687 -6.937812 -5.972588 80.338326 -6.291513 -5.816444 -5.794450 -6.104841 -6.600142 -6.056077 -5.992506 -5.860962
8 -2.227388 -1.636311 -0.063262 -0.378658 -0.276174 1.893333 -0.221936 5.557929 -0.960156 -1.020121 -1.710639 2.581163 0.780467 -2.318246
6 -4.694918 -3.952001 -3.427705 -3.872408 -3.665556 54.307681 -4.677874 -4.782613 -3.922808 -3.608728 -3.504688 -4.373259 -5.179120 -4.646000
6 0.246535 -1.040503 -1.060556 -0.629445 -0.952208 5.437214 -0.242075 -1.163684 2.604235 -1.458091 -0.939347 -0.089982 -0.967135 0.255042
11 1.765359 0.807612 1.137994 0.306668 -1.449991 -0.393541 1.068506 -0.391316 1.211685 -0.516976 1.839606 -1.322944 -2.677777 -1.384887
13 -0.410105 -2.079138 -0.775300 -0.163198 -0.881021 -1.193524 -1.925082 -1.842908 3.138567 -0.143278 -1.942952 -1.483207 11.512988 -1.811843
13 2.057738 0.760336 0.113672 -1.072022 -1.279691 -0.094796 -0.681018 -1.542302 -1.056503 -0.426737 0.707425 -0.320178 4.270873 -1.436797
14 -0.009246 -0.751943 -0.368800 -0.511053 0.204661 -0.063763 -0.482997 1.257796 0.009905 -0.725339 -0.233691 -0.359990 -0.029404 2.063862
9 -2.661366 -1.222787 -1.591256 -1.908564 2.315408 -0.426571 0.151981 -0.729326 7.105492 0.497382 -0.615595 -1.693697 0.700038 0.078862
1 4.096819 -3.259467 0.977257 -0.870906 -2.019548 -1.094389 0.016576 -1.571888 -0.359903 -0.288716 1.226035 3.563994 -0.553057 0.137191
4 -5.404733 -5.983167 -4.663646 61.736490 -5.643529 -4.929221 -4.489910 -3.135345 -3.564971 -5.655890 -5.454230 -4.314694 -5.003825 -3.493327
14 1.285289 -2.188036 -0.389270 -1.331942 0.197473 0.004416 -0.306297 -0.259886 -0.151318 -0.859819 -0.943597 0.624348 1.671771 2.646867
4 -4.136140 -4.228621 -4.753910 41.334406 -3.554927 1.482376 -4.282551 -5.255881 -5.768641 -2.703020 -1.468486 -2.815182 -0.173022 -3.676402
4 -5.926505 -4.050778 -7.232454 71.834521 -6.486676 -4.278588 -2.385666 -4.639575 -6.778575 -6.759302 -4.422736 -6.887212 -6.725455 -5.260997
3 -3.695574 -0.033886 36.625594 -4.068488 -2.791188 -1.005054 -1.747319 -3.645945 -1.840269 -3.514313 -1.846220 -2.777280 -4.394510 -5.265547
3 2.966899 -0.290180 4.588460 1.649929 -2.393048 -0.043358 -1.722948 -0.335848 -1.990983 0.347227 0.015821 -0.794186 -1.452495 -0.545290
2 0.436433 0.963467 -1.226384 -0.105069 -1.041230 -0.364077 -0.481432 0.798318 0.919178 -0.382372 -0.437773 0.601220 0.882185 -0.562464
6 -0.499675 -0.047106 0.093497 0.247605 0.742127 1.053794 -1.429193 -0.534648 -1.281748 0.946910 0.990534 -0.759679 0.036592 0.440989
13 -1.848267 -0.178946 0.801294 1.734713 0.348468 -0.877470 1.106920 -0.797208 -0.739418 -1.889821 0.136958 -0.187758 1.986881 0.403654
14 -0.596977 1.842348 -1.328790 -0.059184 -0.720159 0.619735 0.226397 -0.453775 -0.611983 -0.025849 1.633505 -1.874590 -1.213124 2.562446
14 -2.545403 0.648275 0.427724 -1.950297 2.422592 1.090820 1.831522 2.081509 -3.516813 -1.308466 1.479061 -0.441862 -2.734933 2.516271
4 2.185372 -2.724574 -1.332342 2.830951 -0.894649 -0.661239 -0.290873 -0.017252 -0.531756 -0.631146 -0.377452 0.344185 1.662527 0.438246
6 1.510109 -1.805763 0.727097 -1.696790 0.415584 1.536014 -1.237081 1.451915 -0.722219 0.795839 -1.088613 -2.203519 0.888634 1.428791
4 -4.053461 -6.148059 -4.553058 61.447522 -5.980411 -4.505493 -5.454502 -2.552383 -2.800834 -6.820393 -4.532941 -5.251761 -5.249643 -3.544580
4 -4.922486 -6.234990 -4.417974 62.796707 -5.254824 -5.231079 -4.301607 -3.568738 -5.074103 -4.592221 -4.927882 -4.584085 -4.112911 -5.573808
1 2.102620 0.270522 0.353654 -0.637489 -0.793511 0.929807 0.102020 0.324379 -0.420302 -0.536691 -0.493130 0.043222 -1.102922 -0.142179
12 0.640338 2.116072 0.148213 -2.469007 1.304049 0.210098 -2.454608 1.771977 -3.044956 -0.948346 -1.598221 5.247616 0.028805 -0.952029
1 22.993584 -0.807236 -0.499878 -1.797416 -4.541227 -0.640613 -2.976360 -2.355665 -1.087098 -1.692658 -1.683225 -0.778927 -2.716527 -1.416753
14 0.315744 -1.416703 0.104006 -0.706985 -1.081422 0.957855 0.332776 -1.250312 1.411084 -2.070819 -2.538351 -0.276518 0.175487 6.044160
10 2.237237 2.252290 0.613741 -1.408538 -0.393023 0.019021 -0.862663 -1.727749 -3.272233 2.871694 1.309531 0.731753 -3.249993 0.878932
4 -2.673024 -5.313340 -3.193757 38.192498 -4.219408 -3.029201 -1.443017 -2.925485 -3.236477 -1.643126 -3.583610 -1.148748 -4.970363 -0.812941
5 -1.930754 -1.635728 -1.932313 -0.346539 22.478182 -2.848708 -2.427340 -2.778676 -1.015953 -1.894004 -0.924094 -0.927269 0.233439 -4.050244
4 -4.255778 -5.845796 -6.056349 65.740735 -3.696467 -6.366700 -6.142419 -4.811810 -5.444605 -0.297782 -4.804128 -4.489462 -8.420526 -5.108914
14 -0.085152 -2.952292 -0.640019 -1.777860 -0.804801 -0.235520 -0.565910 -1.478109 -0.301391 -1.163655 0.106388 -2.677204 -0.383395 12.958921
5 0.461576 0.643222 -0.376771 -0.257326 0.645717 0.132789 -0.006823 -0.676570 0.044016 -0.196761 -0.332784 0.002431 0.008946 -0.091661
7 -0.608003 0.127347 -0.725732 -0.830664 0.427231 0.516299 0.653116 0.367696 -0.095296 -0.031847 -0.055911 -0.077847 -0.096220 0.429830
4 -5.106083 -6.351509 -5.292005 62.655828 -6.394657 -3.577189 -1.703947 -2.681245 -5.061830 -4.412814 -5.725671 -4.596955 -5.059313 -6.692608
10 1.692706 -5.434843 3.126296 -2.203000 -1.727854 -0.294055 -0.279578 -1.949215 -0.325812 6.576970 -0.546307 5.228900 -2.937162 -0.927046
14 -0.332447 -1.882472 -0.433339 -1.454911 0.914165 0.370124 -0.677561 -1.079801 -0.683703 2.150762 -0.037403 -1.711375 0.342462 4.515500
6 -5.459881 -2.842847 -2.938982 -2.811196 -3.791505 45.691371 -4.689852 -4.315109 -1.759234 -2.788721 -3.027928 -3.453552 -3.442409 -4.370154
13 -0.973984 0.460517 -0.805457 -0.732861 0.580227 1.502127 -1.917040 -1.693020 1.120808 -0.786164 -0.214539 1.085408 2.795349 -0.421372
4 -0.362684 -0.533877 -0.357406 1.087403 -0.145799 0.464268 0.414636 -1.348580 0.289049 0.150806 1.054733 -0.651875 0.460630 -0.521303
4 -7.138080 -5.277493 -5.508984 65.529973 -6.608554 -1.658981 -4.210513 -3.360216 -5.978917 -6.263814 -4.733675 -3.990424 -5.381147 -5.419174
10 -3.110937 -1.504585 -1.597917 -0.799859 -0.372090 -1.741733 -3.269639 -0.769586 -0.016798 19.209043 -2.101684 -2.007607 0.631174 -2.547782
8 -0.675556 1.169703 -0.575040 -1.548658 -1.081867 -1.382932 -2.451377 9.906081 -0.753761 4.482904 -2.200772 -1.638277 -1.524088 -1.726362
8 -1.429457 -0.330969 0.653821 -0.736000 -2.116186 0.378922 -1.197408 8.419776 -0.340634 -0.379203 -1.307956 -1.382569 0.175819 -0.407957
1 42.413689 -4.761516 -2.325933 0.079604 -2.126720 -5.719922 -3.697238 -4.565457 -1.353530 -4.752213 -3.182084 -5.710064 -2.016080 -2.282534
4 -2.925382 -0.435849 -3.033996 35.404532 -3.507059 -3.400372 -4.681124 -1.687104 -3.253384 -2.743209 -2.127590 -4.023748 -0.937407 -2.648308
5 -0.655645 -2.900269 -0.866112 -1.234598 17.538294 -2.414186 -2.840760 0.571358 -1.532401 -1.675220 -2.765311 -2.301822 2.598337 -1.521665
11 -3.812427 -0.733711 -3.964288 -1.195241 -1.851674 -4.674481 -2.991602 -4.184874 -4.348221 -2.400587 43.811733 -4.653072 -4.470056 -4.531500
14 -0.429812 0.264440 0.663492 1.257672 -0.077580 -0.728758 1.013505 -0.392727 -1.964996 -0.276956 0.637273 0.154527 -1.489309 1.369229
10 2.286712 -2.774678 0.058421 -0.657960 -0.775044 0.365470 -0.277535 0.234802 1.583536 2.441737 -2.377792 1.144393 -0.252428 -0.999634
8 -0.791049 -1.812264 -1.585860 0.648319 2.261232 1.203377 -0.922676 3.460350 1.060273 -0.394328 -0.658500 -0.781473 -1.024152 -0.663251
5 1.466449 0.048736 0.014400 1.056503 2.581694 -0.070355 -1.293408 1.707623 -1.128853 -1.582000 -2.782653 0.214159 1.020230 -1.252526
4 -0.648456 -3.137448 -0.274686 5.785920 2.030058 0.736500 -2.131914 -1.112765 1.433742 -1.199231 -1.387232 -0.461482 0.765557 -0.398563
1 3.990541 0.046843 -0.825821 -1.307141 0.552445 -1.849756 0.298193 -0.808533 -0.631229 1.002000 -0.251562 -0.517318 0.362677 -0.061339
4 -6.145180 -6.915648 -3.528425 63.917384 -5.845856 -4.739219 -5.282489 -3.223885 -3.796954 -5.511746 -5.193654 -4.203640 -5.230113 -4.300573
7 -3.045923 -0.404435 -3.067813 2.060273 0.937713 1.031190 3.100135 0.919814 -2.364015 -0.488342 1.653989 0.656687 -0.847568 -0.141705
13 -0.679142 2.091784 -0.636730 0.997529 -1.213353 0.557709 -2.590159 -1.486341 -0.046543 2.393135 -1.511102 -0.761624 2.519050 0.365787
1 25.575180 -5.098092 -1.150899 -1.689376 -2.123306 -1.899190 -3.007592 -4.404971 -0.784930 -0.224766 -2.363158 2.859451 -3.985712 -1.702640
6 -2.030845 -2.361288 -4.055172 -3.354600 -1.942580 34.516647 -2.510498 -2.332676 -2.342345 -3.955755 -1.055693 -3.972773 -2.821199 -1.781222
3 -0.967849 -2.417531 7.917819 -2.825453 1.087605 -0.271085 0.628275 -1.589794 -1.559431 -0.257504 -0.953792 1.611961 0.166014 -0.569236
5 0.281010 3.006947 -4.700938 -1.557825 17.597505 -3.403792 -2.037274 2.661644 -2.166385 -2.200367 -3.957174 0.408973 -0.684569 -3.247753
8 -3.018097 -1.783820 -1.521407 1.112932 -1.458244 1.031295 -2.054763 14.482309 -2.320319 -2.024352 -1.568839 0.824718 -1.507301 -0.194113
14 -0.768264 -0.536075 0.565021 -0.936027 0.949322 -1.347894 -0.033470 0.089143 -0.341688 0.677855 -0.240985 -0.151833 0.528392 1.546504
1 2.509217 1.144046 0.254063 -0.384676 -0.255788 -0.219689 0.617596 -0.207070 -1.781722 0.500294 0.906500 -0.239901 -1.611656 -1.231216
6 2.650593 -2.699324 -3.522607 0.532249 -1.608817 14.051908 -3.309901 -1.893520 0.561251 -2.452738 -1.982917 2.024270 -0.487138 -1.863308
12 -2.915946 0.317494 -1.066303 2.249993 -0.572813 0.583247 -1.532144 2.381400 -0.425377 -2.429847 -0.526849 3.160411 1.234838 -0.458104
3 -0.202114 -1.252498 13.282296 -0.275525 -0.892113 -0.888906 -0.578060 -1.284966 -1.119446 -0.655965 -2.207344 -1.872400 -1.071561 -0.981400
12 0.562857 -0.119602 0.338723 -0.987883 -0.464982 -0.825528 1.385707 -0.469833 1.065970 -0.407287 -0.479910 1.888535 -0.871519 -0.615247
14 -0.260230 0.560565 -1.823515 -0.318103 -1.499349 1.849822 -2.037980 -0.727081 0.243410 1.130142 -2.368777 1.674787 0.887459 2.688848
6 0.621875 -0.033091 0.063670 -1.236520 0.664310 2.051849 -0.767028 -0.789568 -1.987915 0.066155 0.670597 -1.462385 0.499133 1.638917
11 -1.426800 -1.021258 -2.423196 -1.556913 -2.110985 -3.452621 -2.908801 -1.247363 -1.617175 -0.400668 22.048186 -1.509051 -2.397483 0.024129
13 -0.224561 0.737879 0.307239 -0.057474 -0.211061 -0.327931 -0.235378 -0.689659 -0.739777 0.735864 -0.510491 -0.566584 1.645576 0.136359
14 -0.517278 0.138289 -0.432304 -0.563109 -0.446268 -0.449660 -0.809216 -1.137817 0.420108 1.525769 0.142936 1.568934 -1.161054 1.720670
1 79.118584 -6.437986 -5.878343 -5.652993 -5.750597 -6.588741 -7.402342 -5.953417 -6.186189 -5.446291 -6.365208 -5.130531 -5.909211 -6.416732
12 0.534745 -0.427591 -0.940806 -0.851889 0.302212 -0.501904 1.070502 -1.881782 0.361805 -0.638876 -0.460314 2.493029 0.375389 0.565480
10 0.379580 -2.410446 1.627429 0.504090 -0.310800 -0.612082 -1.105817 -0.442020 -1.481733 1.994339 0.544683 1.589846 1.337761 -1.614828
3 -0.602978 -1.172378 2.531000 -1.531558 0.317365 -0.277236 0.563343 0.757046 -0.658518 -1.342263 -0.603543 0.558754 1.095013 0.365951
1 41.856432 -3.705568 -2.920677 -3.395216 -3.848057 -4.662686 -3.065396 -3.405490 -1.920999 -3.897647 -1.739002 -3.863422 -2.247322 -3.184948
1 29.065728 -3.612619 -1.982398 -2.600706 -0.817429 -0.625616 -3.371465 -1.671653 -2.561093 0.831480 -3.186885 -3.260269 -4.342677 -1.864399
2 -1.379476 1.811073 -1.477026 -0.856623 0.658424 -0.501435 -0.040814 -1.720194 -1.020051 0.974850 -0.148333 1.300385 1.659140 0.740079
6 -0.394964 0.615590 -1.297884 -2.691254 -0.666953 17.368697 -2.351332 -2.630743 -1.932838 -2.378432 -0.960085 -2.137411 1.624009 -2.166400
5 -3.741580 -0.422724 -0.775250 -2.562199 16.593421 -2.240581 0.894532 2.255977 -3.958279 -0.187341 -2.319890 -2.755218 -3.281202 2.500332
6 0.501782 1.053265 -3.766822 -1.230649 -1.405502 13.829204 -2.946272 0.078622 -1.029836 -1.084463 -2.301519 -2.227547 -0.777720 1.307459
3 0.245971 -2.761132 4.537091 -0.227326 -1.978203 -1.291009 -2.497258 -1.235832 -0.512828 0.302966 1.950687 3.262092 1.235841 -1.031061
2 1.794025 2.568749 -1.327514 -1.266517 -0.992514 1.717569 0.850189 1.003429 -2.825941 -0.756785 -2.917810 2.163228 -1.323725 1.313619
3 -1.782500 -2.651274 25.588743 -3.667758 -2.960938 -1.771561 -2.318830 -2.638038 -1.543780 -1.204497 -1.134007 0.015681 -2.848773 -1.082468
10 0.182013 -0.252131 -0.235907 -1.705235 -0.079728 1.329789 -0.508638 -2.033110 0.775155 3.308238 -0.270625 -0.607135 -1.346346 1.443660
6 0.095379 -0.447446 0.309209 0.893198 -1.039328 1.902231 -0.312271 -0.625322 -0.017481 -0.571326 -0.229794 -0.305999 0.677611 -0.328660
3 -3.241685 -0.404222 9.715291 0.065213 0.761639 -2.116781 -0.406611 -1.279385 -0.542835 1.128987 1.540174 -2.297342 -2.312263 -0.610181
10 -1.991164 0.127332 0.121080 -0.012221 -0.703433 -0.880774 -2.276817 -1.976825 -1.480802 15.575219 -1.848042 0.010834 -3.346336 -1.318050
10 -1.303235 -3.203139 0.394919 -0.434798 2.558554 -0.152320 -0.734989 -1.832632 -1.642637 4.719997 0.735950 1.653166 -2.341357 1.582522
7 -5.814339 -6.008635 -5.967790 -6.006261 -6.466322 -6.092149 81.210852 -6.186174 -5.505686 -5.462996 -9.998172 -5.807738 -5.784897 -6.109691
11 -1.358673 -0.196794 -0.207863 1.373884 -1.062779 0.923864 0.240910 0.741967 -2.462250 -1.930480 2.688606 0.954890 0.174300 0.120418
12 -2.585754 -0.813987 0.445961 0.283957 -1.388232 -1.146927 1.093828 -0.867279 -1.189079 -0.468837 1.008541 9.619642 -3.546875 -0.444960
4 -1.005253 0.583978 0.145404 0.941717 0.225794 -0.095735 0.256714 -0.232992 -1.491206 0.201292 0.667771 0.150409 -0.954375 0.606483
11 -4.230058 -4.716488 -1.571879 -2.367602 -0.233091 -3.141784 -3.167357 -4.278881 0.241233 -3.493955 32.467514 -1.582702 -2.289670 -1.635279
11 -7.445253 -4.376845 -4.090719 -4.299611 -4.226968 -4.328050 -6.040331 -4.286258 -5.467991 -4.889821 62.748337 -4.166944 -4.849107 -4.280440
2 0.209744 3.815430 1.054388 -1.940780 0.466340 -0.966727 -0.037954 1.403282 -2.640393 -0.627427 0.808621 -0.732405 -0.583866 -0.228254
3 -1.638842 -2.651274 24.293380 -3.544515 -2.286903 -1.759336 -2.088590 -2.505852 -1.433027 -1.191116 -1.331252 0.044754 -2.816468 -1.090960
11 -1.498909 2.311176 -1.223139 -0.541086 -0.660114 -2.197661 1.408793 -0.115244 -2.202947 0.295882 4.650383 -0.445960 0.573997 -0.355171
14 -1.738642 0.024965 0.912978 -0.169692 0.275286 0.350274 0.126463 -1.692110 -2.615085 -0.873754 -0.453009 0.671945 2.224082 2.956300
11 -2.061440 0.539091 -0.607495 -1.355197 1.708908 -1.242815 0.158628 -0.785487 -2.100873 0.856799 4.825882 0.263194 0.353014 -0.552209
7 0.851222 0.983410 -2.370819 -0.252557 -0.449948 0.355081 1.629728 0.185225 -0.522660 -1.711455 1.453053 -0.733869 -0.489909 1.073499
4 -0.417893 1.638843 -0.047899 2.681358 -0.592591 -0.202391 0.481639 -0.851716 -1.566454 -0.083050 0.528651 -0.339365 -0.751596 -0.477534
10 -0.413219 -1.279679 1.808320 -1.500384 -0.413452 -0.623276 -0.012810 0.332234 0.870125 3.428079 2.313862 -0.313622 -2.263390 -1.932789
11 -4.409164 12.161891 -3.627523 -2.803951 -2.645341 -5.059394 -1.045873 -3.529597 -4.448669 -3.925961 30.612244 -4.407559 -4.324630 -2.546475
10 -0.937421 -0.775775 -1.029669 -1.119768 -0.217491 -0.449862 -0.059259 -1.200677 -0.979778 7.915490 -0.744898 -0.206445 1.019408 -1.213854
11 -2.302538 -2.186557 -4.258041 -1.736908 -0.978258 -1.690132 -5.524140 -2.667790 -4.885266 -1.016882 35.050937 -1.448509 -4.792265 -1.563653
11 -2.347349 -0.903914 -1.806081 -0.901370 -1.426537 -1.829752 -1.884206 -0.642125 -4.461543 -0.015748 19.364250 -0.787836 -1.576268 -0.781521
6 -0.142722 -2.046942 -2.680447 1.655039 -1.533170 20.205260 -1.731428 -2.661387 -2.747897 -2.882499 -1.872381 -0.303241 -2.664471 -0.593715
13 -0.470862 -2.722817 -1.332392 -2.451042 0.061435 -0.946925 0.007011 -1.010812 0.887852 -1.959833 -1.049786 -0.031616 11.090104 -0.070318
5 -1.374049 6.145763 -2.821717 -0.655333 18.225980 -2.052592 -2.072989 -0.286291 -2.365803 -2.217764 -2.321818 -3.251643 -1.731890 -3.219855
2 -2.055987 5.320054 -2.113367 0.076516 -0.996374 0.307656 1.002611 0.536625 -3.338738 0.323819 0.277476 0.371338 -1.213825 1.502194
2 -0.462918 2.287489 -0.361630 0.069355 -0.868952 -2.022901 0.832396 0.628421 -1.381539 0.611597 1.111402 -0.368691 -2.121130 2.047100
14 -0.842011 0.631193 -1.065051 -0.760744 0.142153 -1.484165 -0.468178 0.666762 -2.822244 -2.905755 2.807492 -1.090312 1.403021 5.787839
11 -2.692800 0.520690 -0.602016 0.361486 1.884918 -0.678775 0.865515 0.391854 -2.451094 -0.842374 1.930723 1.381547 -1.200072 1.130397
8 -3.521104 2.621326 -1.167536 3.120993 -0.121150 0.452437 0.190726 3.670289 -2.720819 2.100328 -0.160827 -1.852918 -2.494120 -0.117622
5 -1.354725 0.636492 1.290862 -2.180783 14.321105 -1.398849 -3.049309 -0.136601 -2.283626 1.810917 -0.480173 -1.835000 -3.421288 -1.919023
9 0.767297 1.046500 -1.408400 -1.873170 -0.721693 -0.842289 -1.804047 1.933394 2.920015 -1.082534 1.477676 -0.206926 0.445849 -0.651670
12 0.024949 -0.874483 -1.040083 0.981735 -0.456758 -0.011841 -2.224932 -1.931783 -0.494568 1.410576 -1.014296 2.818503 0.923259 1.889722
5 -1.043373 0.215517 0.315523 -0.606382 4.405802 -0.970715 0.822374 -1.814108 -1.891955 0.223445 -0.412099 -0.980869 2.087386 -0.350547
2 -1.805889 12.425213 -0.917500 -1.185336 -0.451801 -0.833190 -0.477501 -0.826612 -2.178243 -1.353623 -0.317374 -0.630724 -0.929091 -0.518326
13 -0.315128 -1.225381 0.081135 0.519204 -1.082616 0.328586 -1.469992 -0.299914 -0.052504 -0.853504 0.468537 -1.492350 4.873676 0.520249
14 0.971600 -1.849104 -0.272324 -2.183834 -0.708672 -0.103937 1.706118 -1.832236 -1.217727 -1.858992 -2.697917 -1.605766 -0.261891 11.914683
8 -0.146171 -1.680863 -0.958400 0.564372 -1.109490 -1.100861 0.861785 2.134135 2.075947 -2.011492 -0.623402 0.678643 1.370550 -0.054753
3 -2.441351 0.325470 15.878949 0.152264 -2.290868 -1.664748 -1.151696 -1.748394 -1.589521 -0.621366 0.589124 -1.165022 -3.673299 -0.599541
4 -2.134073 -0.900376 0.652219 1.903941 0.762424 0.533926 0.457631 -0.433276 -1.033481 -0.305435 0.153967 0.582016 0.701416 -0.940900
6 -0.993272 1.311203 -2.861407 -3.251450 -5.027151 34.103648 -2.461836 -2.472208 -5.307224 -5.564707 -1.687785 -2.820846 -2.399592 -0.567372
6 0.305368 -0.363784 -1.041205 -0.869727 -0.910791 3.955377 -0.999751 0.416940 -1.875569 -0.753447 0.206527 -0.237097 3.191359 -1.024200
3 0.180201 -1.000607 8.433813 -1.131582 -0.788010 1.277202 -1.677385 -0.454054 -1.053988 -1.329030 -0.862974 1.152014 -0.837055 -1.908544
1 22.804121 -2.108924 0.449981 -4.196233 -3.048881 -4.126846 0.231476 -1.059810 1.802881 -2.460205 -3.090914 0.103696 -3.335987 -1.964354
2 -1.362172 1.171346 -0.908655 -0.373418 0.707050 0.249110 -0.073695 0.565060 -0.799466 0.301679 0.474889 0.063089 0.326306 -0.341124
2 1.607024 2.484490 -0.880286 -0.428173 -1.705016 0.588174 0.752568 0.223131 -0.214108 -0.148247 -2.424972 -0.531581 0.575949 0.101047
6 0.698438 -0.456287 -2.326198 -0.751128 1.163208 2.813424 0.252687 0.559951 -0.157752 -0.452165 0.420765 -0.682810 0.375295 -1.457428
6 -0.693946 -2.141158 -1.606006 -0.830741 -0.333704 18.762110 -2.683090 -0.720713 -2.540989 -2.558759 -1.041187 -0.664572 -1.634462 -1.312784
3 -2.034123 -0.144902 5.846107 0.293936 -0.201285 -0.090248 -0.743756 -1.585500 -1.648384 -0.082991 0.461568 2.875626 -3.488703 0.542657
12 1.917155 -0.699983 -2.139110 -0.163330 -1.501285 6.053868 -2.101284 -1.651351 -4.488173 1.122555 -0.806697 7.147723 -2.109146 -0.580943
1 41.231539 -2.883144 -3.227649 -3.677934 -2.179367 -2.668575 -2.698438 -4.985630 -1.059274 -2.345497 -3.776395 -2.807429 -6.305184 -2.617021
14 -2.036569 0.961374 0.559366 -0.064604 -0.667978 -3.533532 -0.086478 -0.584927 0.108700 -0.201875 1.195650 -1.464713 1.730440 4.085146
13 -1.499537 -0.760996 0.208022 0.578255 0.381701 -0.954241 -0.302371 -0.530251 0.081052 0.590190 1.051459 -0.207229 1.207504 0.156442
11 -1.245657 0.352708 -0.311415 0.746255 0.038258 0.366222 0.169576 -0.289083 -1.044242 0.608376 0.901513 0.107822 -1.006815 0.606483
12 1.881907 -1.757276 -1.590365 -0.394202 -2.891861 0.835921 1.199082 -2.522093 -1.090232 -2.465551 -2.224217 15.154281 -2.336265 -1.799128
1 21.464480 -3.619293 -1.153212 -2.747567 0.170480 -3.779721 1.721831 -3.701377 1.624281 -0.342762 -0.362754 -3.653288 -5.574907 -0.046191
13 0.265493 -0.742336 -0.313362 -0.238111 -0.851425 -0.705274 0.077202 0.481794 -0.695362 0.283889 -0.595304 0.168330 4.122980 -1.258515
13 0.348157 -2.466336 -0.726354 -1.613763 -1.626348 -0.082239 4.961457 -1.653528 1.782541 -0.787773 -0.167808 -1.685734 5.789729 -2.072003
11 -0.934860 -2.368816 1.270804 -1.437579 1.015448 -0.842645 1.405455 -0.118831 -3.095021 0.947880 2.038842 1.993548 -1.096354 1.222130
9 -1.535173 -0.223647 -0.518967 0.761141 -1.015869 -0.882116 0.018352 -0.050479 5.841160 -1.121656 -0.827395 0.097726 -0.832746 0.289670
3 -1.810127 -1.795554 32.267446 -3.191960 -1.867504 -2.557942 -2.143741 -1.807354 -2.488328 -2.804588 -1.785498 -2.499344 -3.596250 -3.919256
7 -7.763149 -5.020272 -5.929214 -6.911043 -6.222019 -5.888683 66.895067 -4.379132 -3.606506 -4.972038 -5.608519 -5.657396 -2.553409 -2.383685
11 -1.296381 -1.434458 -1.125963 0.206035 -0.910047 -0.384803 1.275590 0.363061 -3.228187 -1.799466 7.592262 -0.427514 0.731060 0.438810
8 -0.374118 1.669348 0.142389 -2.004779 -1.548095 -1.395562 -2.577802 10.316281 -0.529946 2.275445 -1.455085 -1.866058 -1.626798 -1.025220
9 -1.655979 -2.407179 -0.367286 0.216732 -0.956927 -1.926157 -0.145169 -1.396595 7.348459 -1.733907 -0.573841 -1.526443 3.155888 1.968405
3 0.206453 -0.337960 2.677199 -1.488117 -0.228091 -1.072662 1.632092 0.127763 -0.627082 0.231730 -0.770734 2.159362 -1.913161 -0.596792
6 -1.613219 -1.335824 -1.808985 -1.404347 -1.900522 20.974830 -1.944694 -1.637872 -1.624211 -1.346320 -2.076941 -1.174043 -1.702901 -1.404950
1 21.277214 -1.469290 0.435092 -2.431237 -1.937242 -0.780013 -0.424808 -3.972124 -0.766699 -1.242692 -2.726167 2.866316 -6.158890 -2.669458
1 3.827981 0.164970 -0.710683 -1.096465 1.173029 -1.204881 -0.653951 -0.108204 1.073315 -2.404406 0.380903 -0.564996 -0.047410 0.170798
9 -1.795426 -0.656200 -1.810652 -0.669541 -0.102526 0.063615 -0.955500 -1.040492 10.799397 -0.270747 -2.112280 -0.085020 -0.336746 -1.027882
5 1.344960 1.066170 0.185671 0.432176 13.499778 -0.545512 -1.199884 -1.744693 -2.964503 -0.958957 -2.156866 -3.612184 -3.460858 0.114703
5 -0.604248 -1.911713 -1.245840 -0.807753 5.375106 -0.236749 -0.891248 0.698750 -0.539754 -0.678277 -1.482690 -1.105138 3.848716 -0.419163
11 -3.000161 -1.262454 1.340612 0.751582 0.997695 1.345008 -0.186645 -0.258117 -2.027842 0.010837 2.897301 0.632013 -1.245752 0.005922
1 26.988884 -1.888669 -2.624985 -2.171343 0.417184 -4.698236 -1.832171 -0.953804 -1.842864 -2.339786 -2.243285 -2.535959 -2.108424 -2.166542
1 3.970637 1.224083 -0.772890 -1.869817 -0.537399 2.033489 -2.494951 -2.293123 0.322000 -2.387954 -0.654889 0.325861 2.305033 0.829920
12 -0.368625 -0.962417 1.023813 -0.678787 -0.503132 -0.522883 0.446137 -2.068808 0.708796 -1.782442 -0.503599 7.132916 -1.676131 -0.244838
1 5.852948 1.121429 -0.691745 -0.283156 -1.668767 2.957966 -0.746153 -2.235420 0.260447 -1.082252 -1.228020 -1.659307 0.469893 -1.067861
1 62.342030 -5.572099 -5.331212 -4.501699 -5.573737 -5.471676 -3.844197 -4.311158 -3.112930 -5.554934 -3.537931 -4.783978 -5.850506 -4.895970
1 22.102267 -1.908911 -0.955849 -2.125728 -1.474655 -1.162661 -2.318327 -1.732231 -1.908946 -1.109747 -2.110525 -2.202528 -1.422754 -1.669406
1 35.789841 -4.117620 -3.681517 -2.356347 0.509792 -2.631878 -3.329767 -4.544567 -3.839305 -1.842739 -3.391478 -2.960057 -1.467156 -2.137204
1 29.888589 -3.827148 -3.149317 -4.138235 -2.822352 -2.572396 -3.036587 -2.031859 -2.159000 -1.830794 -2.657490 -3.073173 4.000557 -2.590794
1 48.767259 -2.516233 -4.199464 -4.176318 -3.716964 -3.710188 -3.282992 -3.887834 -3.667570 -3.981634 -3.028814 -3.754586 -5.294128 -3.550531
1 41.524651 -4.590175 -3.723244 -4.159755 -4.098472 -3.581642 -2.028242 -2.900675 -3.281736 -2.910453 -3.043184 -2.304611 -1.874830 -3.027630
1 47.405244 -2.105300 -4.317042 -2.500845 -3.204829 -4.434037 -4.920488 -2.038182 -3.665010 -4.666376 -4.816591 -4.331523 -2.319302 -4.085719
1 45.094466 -6.066615 -2.759677 -3.251672 -1.015824 -4.592484 -4.226880 -5.346659 -1.032773 -2.042892 -1.909421 -5.040516 -3.774968 -4.034082
1 41.704088 -4.084422 -3.064794 -3.831415 -2.628592 -2.706732 -3.069039 -2.881369 -1.592718 -4.222379 -3.231713 -4.058218 -4.184346 -2.148350
1 33.304658 -2.274941 -1.537709 -4.131023 -4.037206 -3.550215 -1.465257 -1.358951 -3.009323 -2.426196 -3.231134 -2.253348 -0.027094 -4.002261
1 25.540501 -4.256488 -1.896298 -1.620403 -3.020000 -1.193595 -0.764223 -1.655077 -0.802090 -1.723004 -3.529625 0.415674 -2.263100 -3.232271
2 1.746163 2.950788 0.310474 0.688686 0.869376 -0.289665 -0.518609 0.504192 -2.368980 -1.209910 -0.658430 -0.763486 -2.271646 1.011048
1 29.174266 -4.533595 0.277063 -3.266111 -1.748234 -1.189273 -2.634229 -2.466979 -1.982967 -1.792260 -4.258320 -2.122511 -2.040885 -1.415966
13 0.498373 -0.110770 -0.662645 -0.716122 0.397287 0.138940 -0.623100 -0.610450 -0.552616 -0.848398 -0.424773 0.272627 1.894987 1.346659
1 47.004919 -4.216825 -4.571983 -3.591198 -1.473462 -4.113767 -5.225989 -3.228658 -0.339844 -1.948277 -4.008553 -4.285576 -7.063707 -2.937077
1 28.111667 -3.664867 -2.708283 -2.226137 -3.083747 -1.581912 -2.223749 -1.371611 -0.653785 -2.119622 -3.190572 0.847234 -2.463453 -3.671161
1 24.555766 -2.902354 -1.869187 0.746236 -1.149166 -3.733554 -1.247360 -2.231016 -1.965450 -2.084523 -0.924525 -1.076638 -3.856557 -2.261671
1 41.456690 -3.683729 -3.342384 -3.555729 -4.238643 -1.338299 -0.904571 -4.465409 -4.353551 -4.892189 -2.596456 -3.507025 -1.469167 -3.109538
1 4.924566 -1.913952 0.797550 -0.474085 -0.394215 -0.007311 -1.675257 0.360434 -0.769930 -0.964620 -0.094607 1.239373 -1.368173 0.340227
10 -0.612544 -0.566197 -0.197735 0.101201 0.377762 0.387123 0.671260 -0.506056 0.654660 1.174468 -1.067885 0.518941 -0.289227 -0.645771
10 -3.487949 0.639974 1.781199 0.420745 -0.514535 0.238775 2.680419 -0.581115 -3.459044 5.473971 2.426509 -1.459280 -3.984785 -0.174885
13 -0.906710 -0.747242 1.698325 -1.188740 0.054788 -1.549761 -3.315058 1.997734 -2.522532 -0.124148 0.922445 1.030897 4.165261 0.484741
7 -0.510497 0.486083 -0.280277 -0.880800 -0.471543 -0.609529 1.518270 0.638044 1.370419 0.172596 -0.500363 -0.166281 -1.079874 0.313752
3 -1.903143 -0.900146 1.954334 -1.390302 -0.919956 -0.507189 -0.646233 0.134965 -1.275342 1.758612 0.743499 0.550471 0.473247 1.927184
10 -0.190735 -2.258148 0.453366 -1.824641 -0.621318 -0.268643 0.204854 -0.504257 -1.667073 7.894330 -1.380497 0.074117 1.003258 -0.914614
10 -1.115439 -1.117869 0.117317 -0.570644 -0.174100 -0.445860 0.519891 -0.723501 1.666755 4.375060 -0.058142 -0.748346 -0.204937 -1.520186
10 -1.496304 -3.183751 -1.932864 -2.526661 -2.645730 -2.098261 -3.569710 -2.709058 -2.920547 32.633594 -2.333833 -2.334646 -2.591477 -2.290753
1 4.506566 0.349949 -1.281038 -3.345428 -2.098754 2.815828 -1.342005 -0.481647 -2.747256 -1.356403 2.310897 -2.657123 1.891430 3.434983
6 -1.796469 -2.098032 0.078423 -0.732819 0.308239 1.879858 1.765416 -1.090491 -0.528179 1.648566 0.164048 -1.095399 1.337797 0.159042
10 -2.072606 -2.793786 -1.858037 -2.345793 -0.213658 -3.000508 -1.151443 -1.578447 -0.648735 19.207283 -1.814718 -0.179473 -1.081149 -0.468931
8 -0.191105 -3.027193 -0.342037 -1.003597 0.922521 -0.161893 -0.821495 2.508672 -0.234498 1.531914 0.980103 -0.384907 1.003407 -0.779893
13 0.708191 -1.782446 1.599109 -1.227832 0.329165 -2.696479 -0.899251 0.526090 0.408976 0.238822 -0.138534 0.010509 2.780809 0.142870
10 -1.725813 -0.220102 0.980246 -1.012850 -0.324048 -2.136290 -0.846783 -0.921173 -1.317040 10.547619 -0.881910 -1.149685 -0.184167 -0.808003
7 -0.607788 1.488829 -1.601076 -0.027741 0.567897 -0.499573 1.795307 0.309053 1.576057 -2.073704 1.777490 -1.831629 -0.736378 -0.136745
10 -0.882512 -4.549084 -1.717095 -3.583148 0.390339 -1.399443 -0.275856 0.273855 -1.519185 21.898072 -4.018735 -2.792504 -0.288441 -1.536262
10 0.021245 -1.457232 -0.476502 0.022696 1.390449 0.159793 -1.090256 -1.835128 -0.633974 5.542158 -0.416642 0.243533 -2.998995 1.528854
10 -2.275825 -1.324861 -0.594894 4.990484 -0.172475 -0.629527 -1.434384 -2.216922 -1.430553 10.402545 -0.456891 -2.376713 -1.965618 -0.514366
2 0.342827 1.634979 -2.100914 1.242079 -1.951620 -0.401059 0.777264 1.123351 0.566373 -0.952025 -0.768857 -0.107411 1.390069 -0.795057
12 -0.821042 0.052330 -0.062379 -0.757114 0.353548 0.619637 0.783051 -1.067623 -1.136033 0.986915 1.047312 1.518810 -1.477898 -0.039514
6 -1.001386 1.358782 -1.382696 -0.094243 0.507511 1.492303 0.189178 0.291859 -0.487056 0.573215 -0.199500 -0.880041 -0.158412 -0.209514
2 -2.336922 19.738205 -1.409011 -2.302939 -0.163574 -3.289990 -1.512019 1.248346 -0.853031 -1.146051 -3.192987 -1.395396 -2.253032 -1.131598
2 -0.004041 1.685418 0.027150 -0.545018 -0.530524 0.382003 -0.161530 -0.800473 -0.727140 0.168896 0.038159 1.208265 -0.597467 -0.143697
1 0.000000 0.000000 0.000000 0.000000 0.000000 0.000000 0.000000 0.000000 0.000000 0.000000 0.000000 0.000000 0.000000 0.000000
2 -1.666174 19.118994 -1.005692 -1.849889 -1.401074 -0.692053 -1.327526 -0.491480 -0.902855 -1.697248 -2.537221 -1.260831 -2.706912 -1.580039
2 -2.139800 23.204095 -1.710772 -1.224919 -0.827881 -3.026606 -1.594951 -0.596367 -3.310414 -2.310480 -2.307167 -0.802332 -2.347097 -1.005309
2 -1.973534 5.116334 -2.536321 -0.468783 0.244716 0.230132 1.246380 0.360322 -1.330620 -0.653152 2.121899 -1.731674 -0.667004 0.041305
14 -4.021501 0.646244 1.474537 0.115936 -0.461006 -1.218054 0.806798 -0.957257 -1.499134 2.731469 0.034098 2.241352 -3.018650 3.125167
2 -1.027091 15.899805 -0.875698 -1.525464 -0.727666 -0.312041 -2.059581 -1.510218 -0.805629 -1.226360 -1.544547 -1.379508 -1.791984 -1.114018
2 1.211704 4.743358 -3.061753 -0.992647 -1.340923 3.196005 3.024298 1.033708 -2.363482 -1.158548 -1.792733 0.199007 -3.896305 1.198309
2 -0.086560 22.922669 -2.586334 -1.473555 -0.497778 -0.764864 -2.636612 1.076941 -3.282868 -2.257983 -3.224337 -2.597688 -2.822313 -1.768719
14 -2.479579 -3.114764 1.083781 -2.741500 0.942984 1.195967 1.670570 0.275598 2.562412 -0.753052 -2.251083 1.025345 -0.475994 3.059316
2 0.999883 12.731822 -2.080633 -0.240324 1.300934 -0.256313 -1.682061 -2.051326 -1.953895 -2.582775 -2.733377 -0.360897 0.554066 -1.645104
2 2.065505 4.708144 -1.933939 -0.468143 0.635203 -0.360662 0.861928 -0.003620 -1.728350 -1.532852 0.553277 -1.476154 -0.719210 -0.601127
2 -0.835860 16.064453 -1.520650 -0.818806 -1.609631 -0.995357 -1.588677 -1.772505 0.310087 -0.900607 -2.233877 -1.244456 -1.694858 -1.159257
2 1.919421 5.980864 -0.907911 -0.772255 1.301755 0.097057 -1.575040 0.012471 -1.342005 -2.042655 -1.570571 0.593141 -1.129862 -0.564411
2 -2.198946 9.844771 -0.741895 -1.093973 2.770252 -1.109931 -0.256837 -1.249867 -3.417833 -1.551268 2.998382 -1.499454 -1.466487 -1.026915
7 -0.365470 -1.604735 -1.436957 -1.371131 -0.638754 2.868738 3.155675 2.598930 -1.076633 -1.850289 -0.477782 -1.722134 -0.025038 1.945582
6 0.157563 -0.135075 -0.068854 -1.658775 -0.015389 2.617164 -1.369974 0.916390 0.212906 -0.763548 -0.841279 -0.259285 2.228899 -1.020741
6 0.354925 -3.181808 -0.298892 -0.095875 1.744402 2.709624 2.573050 0.420882 -1.139905 -1.770442 -2.088408 0.543468 0.695455 -0.466476
5 0.278243 -0.110739 -0.259059 1.184175 1.962321 0.172879 0.689412 -2.672860 -1.338406 -1.314314 -0.622086 0.512456 -0.305897 1.823875
5 -1.422021 -2.251512 -1.885735 1.839589 13.012476 -0.584910 -0.289666 -1.006248 -1.598624 -1.655950 0.004803 -1.571284 -1.973850 -0.617069
5 -0.199977 -0.653891 0.638928 -0.142229 3.112895 -1.182907 -0.531386 -0.280820 -0.753067 -0.297893 -0.430143 -0.379607 -0.195107 1.295204
5 0.106775 -2.509174 -2.160047 -1.315356 15.467060 -0.418860 -1.932230 -1.157079 -1.041138 1.731867 -1.854800 1.234173 -4.443300 -1.707893
6 -0.557014 0.615405 0.839859 1.240281 -1.002178 1.756020 -1.717417 1.078414 -2.069611 -0.882769 -0.521478 1.588985 -1.555871 1.187374
14 -0.738185 -0.022151 -0.358546 1.009698 2.355376 -0.366301 0.214063 -0.603286 -2.086158 -0.003497 -0.518556 -0.436931 -1.011160 2.565633
5 0.253156 -3.087355 -2.070696 -0.454054 5.769867 0.829840 -1.146981 -0.210311 -2.205750 1.213108 1.152176 0.265355 -1.401598 1.093243
8 0.092087 -1.236063 -1.509374 -0.199879 0.276598 -0.637258 0.229095 2.101558 1.000514 -1.037312 -0.458975 0.130013 -0.827666 2.076661
3 -0.094175 -0.775666 2.950055 -0.384291 -0.338154 -0.487839 -0.268328 -0.548602 0.075862 1.713065 -0.703062 -0.202335 -0.075632 -0.860898
5 -1.862625 2.157929 -0.812098 -1.121028 4.014708 1.423895 -0.540999 -0.745053 0.609688 -1.340390 0.992397 -2.205254 2.204046 -2.775215
5 -4.279351 -4.114991 -4.169730 -1.031313 46.695540 -5.439827 -4.402817 -5.149044 -3.390352 -4.376040 -0.591406 -2.461725 -2.163389 -5.125553
5 -2.213505 -2.855465 -0.838777 2.113312 14.140218 -1.581956 -0.632411 -1.866081 -1.182524 -1.503370 -3.376357 -2.586850 1.921114 0.462652
5 -2.017484 -2.509806 -2.751346 -2.400023 32.963996 -1.641436 -1.640706 -3.605054 -2.564302 -3.705861 -1.877259 -1.497015 -2.916871 -3.836831
5 -1.142079 -2.642874 -1.936056 -1.142303 15.925675 -2.307930 -1.073392 -1.221862 -0.549718 0.314671 -1.936420 -1.130589 0.674527 -1.831649
5 -1.098178 -3.836950 -3.183493 -1.827659 34.183350 -3.344320 -2.913658 -3.750369 1.224242 -2.623413 -2.317908 -4.859414 -1.963294 -3.688935
5 -2.483615 -1.272379 -0.859191 -0.728601 17.238861 -0.005189 -1.734343 -3.357885 -3.288677 -0.953610 1.111180 -1.986493 -3.905177 2.225118
5 0.536049 -1.535001 -1.469656 -1.863499 14.275340 -1.658298 0.064283 -1.928933 -2.098683 -1.253250 -1.955896 -1.310419 1.815366 -1.617402
5 -1.817516 -0.462700 -0.568653 0.611368 4.025850 1.641490 -0.230223 -0.512811 -1.948484 -0.193799 0.874821 -0.106829 -1.176826 -0.135688
11 -0.557518 -0.661127 -0.293820 -0.077182 -0.551762 -0.362626 -0.554146 -0.489681 -0.352518 -0.375337 6.007455 -0.449000 -0.726765 -0.555973
11 -0.977609 -4.317276 -2.478616 -3.679906 -2.919639 -1.848076 -5.850021 -2.477866 -4.691144 -3.003297 41.420043 -2.855892 -3.819514 -2.501188
7 0.254699 -0.739968 -1.176738 -2.051482 -0.308950 -0.658276 4.609494 -1.388816 -0.642718 0.609274 1.018506 -0.260632 -0.684430 1.420037
11 -1.365416 -1.388290 -1.152588 -0.103152 -1.740547 0.099452 -2.317655 -0.623474 -0.961358 -1.281180 14.361354 -1.378011 -0.675960 -1.473176
11 -0.530550 -1.711218 -1.697398 -1.174181 -1.064870 -0.038266 1.098241 -0.160289 -0.053033 -0.849820 6.730634 -0.805335 0.157056 0.099029
11 0.004730 0.466225 -0.916673 1.000599 0.198980 0.151181 0.599434 -0.098831 -2.051485 -0.967949 3.738495 -0.846169 -2.040043 0.761506
11 -0.057900 0.776839 -0.475791 0.059175 -0.607764 -0.465805 0.669656 -1.628342 -1.104530 -0.453686 7.457740 -1.982820 -1.488197 -0.698574
1 5.479444 -1.278290 0.316153 -1.652774 -2.093207 0.244917 0.988609 -1.638885 -0.996327 0.583390 0.692837 0.352086 -0.133315 -0.864638
11 1.464801 -0.964938 -1.266697 -1.488697 -1.419742 -0.375644 -0.283092 0.928177 -0.570622 -1.494320 4.997283 0.426540 0.786674 -0.739724
11 1.602115 0.032499 1.765572 -0.387237 -0.761380 0.246844 0.106035 -1.159594 -1.667927 -0.597176 1.996649 1.087057 -2.670643 0.407184
11 -3.363306 -5.401456 -4.641336 -3.435405 -4.501823 -4.232733 -5.748211 -2.322110 -3.138984 -5.264581 52.074970 -3.069765 -3.439774 -3.515489
11 -3.013514 -1.509109 -3.009186 -2.155632 -1.355498 -1.382630 -3.211875 -1.373415 -1.795887 -2.306412 26.668101 -0.995589 -2.391183 -2.168173
11 -1.328636 -3.473258 -1.756122 -1.889987 -1.464753 -1.670444 -3.029807 -1.517550 -0.793232 -1.279937 21.425504 -0.803664 -0.899826 -1.518288
5 -0.755420 -1.883636 -1.579492 -1.344987 3.827821 -2.325099 -0.392000 0.275698 -1.881671 0.934995 3.424930 2.514054 0.087735 -0.902926
11 -1.312843 -1.651143 -0.998301 -2.079103 0.227272 -0.921489 -0.495147 -0.682024 -1.059452 -0.576921 11.589200 -0.677206 -0.366871 -0.995974
11 -2.735984 -1.376783 -1.302222 -2.656078 -2.623095 -2.368060 -4.677350 -2.881930 -2.982719 -1.895047 31.033592 -0.560033 -1.491721 -3.482571
11 -4.161197 -3.338923 -1.776195 -1.486951 -3.237925 -3.198581 -2.830613 -3.521483 -2.741117 -3.068388 36.723073 -3.580599 -1.608544 -2.172557
11 -3.178074 -3.004531 -3.383059 -1.725840 -2.832169 -3.327367 -2.043613 -1.152740 -2.204471 -3.913569 32.357186 -3.264582 -0.290738 -2.036436
11 -1.405367 -0.881335 -0.705978 -1.597478 -2.123757 -1.296412 -1.170630 -0.286433 -0.810127 -1.767615 10.943172 -0.331763 0.617727 0.815995
7 0.059977 -0.554705 0.302703 0.236339 -0.313565 0.281276 1.365191 -0.547948 0.987723 -0.419088 -0.580111 0.111632 -0.396352 -0.533074
11 -2.610321 1.598658 -1.259314 -3.025306 0.417176 -1.708918 -0.504421 -0.551456 -2.594461 -1.326782 13.718566 0.955310 -0.747945 -2.360786
1 1.454957 1.318539 -0.134846 -0.606122 -0.597650 0.339187 -1.139412 -0.662814 1.326736 0.285227 -0.036963 0.360565 -1.642013 -0.265391
4 -0.136089 -1.409289 -1.467132 4.789313 -0.769555 -0.430610 -0.278985 -1.899795 0.789163 -1.345778 0.544384 1.282195 -2.324220 2.656398
9 1.040917 1.856580 -2.728348 0.784374 -0.192590 -2.576336 1.128592 -0.497343 3.758255 0.398090 -0.862433 -0.827831 -0.188492 -1.093436
5 -0.424592 -0.667466 -2.053884 0.999698 2.009614 -0.703931 0.159471 -1.150997 1.962797 -0.888931 1.433513 0.295461 -1.732214 0.761461
12 -1.280402 -0.649616 -0.167029 0.402128 -0.868084 -0.859838 1.166941 0.204016 -1.898173 0.461758 1.023691 1.524314 -0.386454 1.326750
7 -9.093372 -6.992498 -7.394540 21.870307 -1.095625 -7.990724 67.902278 -8.207943 -8.980240 -7.620694 -8.185217 -7.752502 -8.606437 -7.852789
14 -0.219333 -0.131186 -1.001092 0.021889 -0.993337 -0.613982 -1.202541 0.154004 -0.601800 -0.235629 1.206018 0.525917 0.714274 2.376798
4 -0.626764 0.244569 1.114492 6.610664 -2.748309 -0.131690 0.040797 -2.681752 -0.172492 -2.041433 -0.165718 -0.872923 1.611315 -0.180755
5 -1.461547 -2.982344 -1.849283 1.913837 16.290637 -0.282556 -1.798276 -1.207155 0.382930 -1.132343 -2.472529 -0.338260 -2.613316 -2.449795
14 -1.367656 -1.302887 1.098161 1.749028 -0.114320 0.070526 -0.401692 0.797634 -1.404170 -0.450390 1.237277 -1.200475 -0.923494 2.212457
4 -1.318908 -0.385435 -0.942056 9.012303 0.910708 1.437864 1.642816 -0.029276 -3.231523 -1.479112 -1.107950 -2.209232 -1.289856 -1.010342
14 0.436433 -0.880919 -1.750667 -1.021700 -1.368959 1.136796 0.921337 0.831977 0.914695 0.091825 -0.748342 0.259213 -0.368438 1.546748
4 -0.931378 -0.523507 -3.373286 10.212659 0.949360 0.930024 -0.212942 -1.548452 -1.816875 -2.983777 -0.606785 -1.070088 -0.550391 1.525439
4 -1.446430 0.303674 -2.509502 7.424730 -0.219661 1.752739 -0.571912 -1.168068 -2.634597 0.884122 1.354256 -0.728663 -1.527425 -0.913263
2 -0.695923 3.028645 0.682698 -0.595034 0.055077 1.755913 -2.608315 0.472360 -4.264339 1.152226 2.735333 0.449592 -2.489540 0.321310
4 -0.826555 -0.642724 -0.564403 3.256026 0.285071 -0.328405 -0.434786 -1.029716 -0.218141 0.495596 -0.141680 0.489876 -0.333850 -0.006310
9 -1.120552 -0.774258 1.432623 -1.286817 0.329790 -1.655709 1.669671 -2.199537 7.502661 -0.857590 0.348987 -1.868944 -1.757961 0.237636
4 -1.599270 0.597263 -2.145970 6.654251 0.987705 0.182152 -3.039238 -1.950172 1.531859 -1.104583 -0.675888 -0.458955 1.197718 -0.176873
4 0.045272 0.322277 -0.694913 2.861321 -0.995565 0.750952 -0.124600 -0.088423 -0.191763 -1.379254 0.164074 -1.071645 1.345428 -0.943160
1 2.791543 -0.019173 -1.618983 0.553859 -0.222849 -0.112716 0.352307 0.859941 -1.896829 1.129821 -0.985724 0.119374 -0.929918 -0.020652
7 0.872042 -2.091930 -1.675124 -1.031469 1.029289 0.720314 1.131675 0.081980 -0.830917 0.631158 0.971022 -0.091354 0.311133 -0.027818
9 1.054328 -1.559161 0.250555 0.513766 -0.321871 -1.005600 0.160293 -0.112948 1.977088 -1.096175 0.708112 -1.442062 1.083766 -0.210092
12 -1.428782 -0.442792 -0.216232 -0.799559 0.390707 0.402052 0.678664 -0.685600 2.095389 -1.695497 -0.650886 2.583159 -1.755266 1.524645
3 -1.508114 -1.254134 7.503751 -0.925626 -1.419916 -1.263364 0.650669 1.352472 -0.082324 -2.268550 -1.147420 1.662505 -1.202074 -0.097874
3 -0.256357 -0.765858 4.417228 1.447382 -0.779944 -2.415244 0.372845 -2.037370 -0.172661 1.208801 0.117552 1.113466 -2.031941 -0.217899
12 0.940201 -2.644032 -0.428880 -1.716243 0.280270 1.811866 1.878894 0.791047 -0.963418 -1.069170 1.125429 2.672047 -3.189053 0.511040
3 -3.615528 -1.476325 10.331071 -1.977449 -1.345753 -0.460941 2.024269 -1.671716 1.314555 0.744001 1.130402 -3.235218 -1.480695 -0.280674
3 -0.016207 -0.192517 8.637278 -0.477320 -0.638850 -0.670276 -0.955451 -0.592910 -0.099252 -1.236711 -0.574962 -1.062868 -1.346396 -0.773558
2 1.055565 1.455842 0.190500 -0.244264 -0.975525 0.454806 -0.232626 -0.867729 -0.836801 0.886265 0.904921 -0.200779 -1.296189 -0.293986
10 0.145701 -1.558269 0.728402 0.918215 -1.903247 -3.546492 -1.815621 4.693306 1.573011 5.115004 0.599894 -1.024079 -3.598698 -0.327126
12 0.107961 -3.129389 1.744685 -1.018732 0.977164 1.783447 -1.802618 -0.802458 1.296426 -0.282055 -1.314035 2.921332 -1.254550 0.772823
3 -0.908092 -1.112960 16.052512 -0.452225 -1.755612 -0.433943 -2.782271 -1.827439 -3.765459 0.524777 1.149518 -1.009602 -2.792832 -0.886371
3 -0.589504 0.463201 5.591285 -0.005739 -0.940664 0.172377 -1.428952 -0.030606 -1.853636 0.409784 0.092800 0.429534 -1.385863 -0.924017
3 -0.997070 -2.477424 19.979999 -0.031385 -0.701691 -1.149850 -0.629392 -2.947154 -3.116587 -1.150593 -0.127314 -1.892105 -4.109276 -0.650159
14 -1.801766 0.329945 -1.773888 -0.324754 0.298032 0.601030 -0.537052 1.623907 -1.226838 -0.907056 1.224001 1.422340 -0.611999 1.684097
3 0.472924 -1.148822 8.647247 -0.585820 -0.660755 -1.679932 -0.749720 -1.021929 -0.894269 -1.825915 -0.568012 0.969164 0.197383 -1.151544
3 -1.815759 -0.556890 8.553498 -1.198841 -1.144479 0.043748 -0.895010 0.044879 2.804357 -1.043653 -0.430203 -1.732514 -1.214195 -1.414939
6 1.143883 -1.096805 -4.166749 1.253125 -0.905962 13.047692 -0.974516 -2.316813 -3.061660 -2.262841 -0.498627 1.328514 1.169506 -2.658746
6 0.165005 -0.703636 -0.865239 0.535715 -0.734516 5.033023 -1.464534 -0.000690 -1.025724 0.156872 -0.863469 -1.352480 1.535881 -0.416207
6 0.504684 -3.080659 0.205254 -1.834603 1.332604 4.024147 0.658208 -1.037258 -0.489605 -0.166633 -0.016190 -0.064358 -0.203353 0.167764
6 -7.670637 -6.884243 -6.559722 -6.594381 -7.616271 92.726993 -7.111374 -7.199938 -6.731641 -7.371215 -7.060479 -8.150744 -6.522463 -7.253885
6 -0.162149 -1.442630 -1.942765 -0.622421 -0.129543 9.146441 0.062223 -1.390643 -1.550521 0.004410 -1.073277 -0.196141 -0.768429 0.065444
6 -5.206785 -4.706130 -3.703885 -3.242618 -4.539276 58.097872 -4.538576 -4.845994 -4.223958 -3.738669 -3.831174 -4.381827 -5.682297 -5.456680
6 -0.149103 -2.084518 -3.829909 -1.283848 1.713519 12.870327 -2.458163 -0.678887 -2.454806 -1.827134 -0.701056 -2.118956 5.598347 -2.595814
6 -6.212714 -3.027308 -3.227765 -4.488048 -2.213931 50.150960 -4.957675 -3.345547 -4.415882 -3.488137 -1.907442 -2.762757 -6.260664 -3.843087
6 -7.670637 -6.884243 -6.559722 -6.594381 -7.616271 92.726993 -7.111374 -7.199938 -6.731641 -7.371215 -7.060479 -8.150744 -6.522463 -7.253885
6 -1.572907 -0.560766 -1.216575 -0.490215 1.386502 5.242272 1.746764 0.843546 -0.664131 0.980789 -0.755713 -2.623670 -1.536220 -0.779676
13 -1.543070 -1.739895 0.601786 -0.398507 -1.244108 2.140248 -0.399352 0.166077 0.556519 -0.521930 -0.678827 0.535819 2.559270 -0.034029
6 -1.480533 -3.117688 -3.806780 -4.119380 -1.524556 28.950517 -1.866389 -2.344281 -2.863616 1.754306 -1.646051 -2.902067 -2.940714 -2.092766
6 1.647623 -4.523901 -4.978273 -3.365875 -3.708675 37.351542 -2.557203 -1.581778 -1.768402 -4.207326 -3.957296 -1.127306 -3.695181 -3.527948
6 -4.609086 -4.577063 -3.607537 -3.333580 -4.826697 54.695915 -3.886519 -4.084398 -2.979440 -4.939324 -3.877294 -3.524642 -4.708505 -5.741829
6 -0.902118 -0.785410 0.705048 1.044852 1.088294 1.448723 0.317289 -0.887246 -1.510125 0.142870 0.573409 -0.184089 -1.479992 0.428495
6 -2.468285 -4.761764 -2.295198 -4.500865 1.746467 30.254244 -2.690593 -1.967762 -3.082481 -1.558254 0.503375 -4.729949 -3.121562 -1.327373
6 -0.516944 -0.312230 0.850635 -0.769682 0.328199 2.271163 0.757539 -0.373556 0.159728 -0.445196 0.003205 -0.708982 -0.734672 -0.509207
6 -0.921130 -1.399950 -0.876646 -1.544867 0.240402 13.348717 -3.680996 -1.532579 -3.060237 0.644007 -2.197327 -0.154309 -0.039838 1.174754
6 -7.670637 -6.884243 -6.559722 -6.594381 -7.616271 92.726993 -7.111374 -7.199938 -6.731641 -7.371215 -7.060479 -8.150744 -6.522463 -7.253885
2 -3.189867 3.064981 -0.262072 1.263550 0.334554 0.559269 -0.443872 1.848427 -1.716924 -1.192971 -0.438966 0.134380 -0.448153 0.487663
6 -0.775879 -3.861106 -0.996223 -0.998595 3.328094 7.508181 -2.116207 3.037916 -2.594005 -2.829971 -1.267803 0.064105 -1.448516 2.950008
6 -7.670637 -6.972364 -6.217571 -6.682318 -7.616271 93.202563 -7.111374 -7.338560 -7.006587 -7.516263 -7.060479 -8.176245 -6.522463 -7.311432
6 -2.170503 -2.097172 1.382186 -1.028110 -0.971473 12.609002 -0.665074 -1.541437 -2.494837 -1.223001 0.207054 1.357557 -3.367776 0.003584
6 -0.592982 -2.889769 -0.889838 -1.412651 -1.526121 14.246519 -1.484842 -1.745483 -0.005849 -0.429706 -0.982062 -0.931975 0.501773 -1.857012
6 -0.768225 -1.257644 8.073163 -2.330127 -1.284768 11.416873 -1.666261 -2.432389 -0.325787 -0.197903 -1.241014 -2.106825 -3.733149 -2.145943
13 -0.542453 -1.134046 -2.575495 -0.365476 -0.050188 -2.535869 -0.566199 -1.301349 -1.741163 -1.325054 -2.087154 -1.103545 15.824371 -0.496379
13 1.094932 -0.682932 -0.794362 -0.715438 1.005777 -0.477530 0.021615 0.089610 -0.121140 -0.083624 -0.623495 -0.288353 2.584141 -1.009200
10 -1.635534 -0.058542 0.109383 -0.990075 0.791911 -0.657227 -0.921440 0.540941 -2.080671 2.794443 0.391850 0.894756 -0.895769 1.715972
8 -0.958299 -0.800676 0.294499 -0.500018 -1.475200 1.166428 0.336041 1.298611 -0.027417 0.899033 0.242897 0.040983 -0.488811 -0.028070
13 -0.150440 -2.399663 -0.247286 3.250811 -0.632056 -1.750646 -1.417067 -1.806784 1.275723 0.043841 0.051995 1.912424 3.471808 -1.602661
13 -1.314331 -0.641837 -0.306913 -1.158935 0.090019 -0.622735 -0.561668 -0.494006 -0.524245 -0.626202 -1.045197 -1.212025 9.588493 -1.170418
13 -1.837885 -2.361600 0.410229 -0.776047 -1.110759 -0.427192 1.316950 0.233961 1.605042 0.123315 -1.899262 1.647586 2.621965 0.453698
6 0.353152 0.804366 -0.685009 -0.643889 -0.087080 1.428072 -3.082501 -1.155374 -0.908068 1.304231 0.739651 -0.048347 1.313446 0.667349
13 -0.219258 -1.342615 -0.763566 0.437400 -0.217498 -0.676312 -0.927744 -0.628858 1.607437 -0.095763 -1.293279 -0.196050 5.113584 -0.797478
13 -1.616330 0.379717 -2.027568 -0.727865 -0.499122 0.280282 0.312339 -0.709714 -2.214064 0.073901 0.306123 -1.193943 9.452000 -1.815753
13 -0.744205 -1.933952 0.725799 1.191710 -1.693843 -2.237283 -1.178735 -2.183405 2.529454 -0.451704 -0.660738 -1.123250 9.200550 -1.440397
13 -0.784798 -0.735435 -1.562837 -0.672202 2.867595 0.590450 -1.092395 -1.138863 -0.195604 -2.022193 0.364171 -0.824932 5.879296 -0.672255
13 -1.464591 -2.620181 -0.640054 0.379594 0.869228 -0.497561 -1.486557 -2.004715 1.158935 0.094962 -1.616350 0.172654 8.071690 -0.417054
13 -0.146527 -1.427213 0.912057 -1.887560 0.584305 -0.324863 -0.577773 0.516868 1.034061 -1.100028 -1.171409 0.373596 3.941063 -0.726577
13 4.528142 -0.247523 -0.963045 -1.386188 -1.908437 -0.535344 -0.264281 -1.905218 -0.790256 -1.121766 -1.027615 -0.307341 7.012987 -1.084115
4 -1.852219 -1.152384 0.896558 5.484312 0.075425 -0.928922 -0.763163 -0.156458 -0.461717 -1.391734 -1.121620 -0.003621 2.863929 -1.488386
13 -0.386999 -0.871149 0.069523 1.101800 -0.346251 1.178853 -2.778311 -1.113121 3.513954 -2.359959 -0.400647 -1.545716 5.268274 -1.330253
8 -2.681472 2.986092 -1.119517 -0.750939 -1.115253 -0.754009 -2.744186 6.198323 -1.878393 1.407256 -0.657758 -1.342036 1.980430 0.471461
13 -0.174849 -0.405532 -0.271421 -0.642642 -0.002239 -0.359991 -0.420424 0.499012 -0.232782 0.594601 -0.560307 -0.245284 1.846069 0.375790
9 0.277666 -1.742023 -0.279465 -0.724627 0.314499 -0.148658 0.561486 -0.927525 3.398852 -0.159177 0.163968 0.818741 -0.811050 -0.742686
13 -1.162829 -0.577899 -0.405721 -0.277444 -2.084771 -0.774991 0.075048 -0.733544 -0.656956 -1.193900 -1.665295 -0.191430 8.809964 0.839770
13 0.938419 1.762022 -1.353039 -2.028779 -0.852056 -1.507211 -0.694351 -1.112436 0.436463 1.416214 0.528867 0.777106 3.128364 -1.439584
13 0.951422 -2.264474 0.892036 1.117851 -0.847278 -0.731733 0.156398 1.127029 -0.999530 -1.268035 -1.700310 -1.405962 5.727852 -0.755267
13 1.213280 -1.723944 0.579237 -0.461833 0.022510 -0.430077 -2.220941 0.226913 1.446047 -0.335105 -0.876785 -0.182875 2.789824 -0.046250
13 -1.524836 1.173524 0.405680 0.133012 -1.114050 -0.876636 -1.288965 -1.284478 1.858517 -1.921541 -1.490010 0.745746 7.582589 -2.398553
13 0.452097 -1.518187 -1.533532 -1.369447 0.046130 -1.006512 -0.530632 0.465482 -0.659088 -1.430616 1.556270 -0.860035 6.136882 0.251189
7 -5.109643 -6.754121 -5.140568 -5.932144 -6.094025 -6.714064 72.244289 -4.667910 -4.789167 -5.532688 -5.098040 -5.426609 -5.176335 -5.808974
7 -0.304621 0.614719 -0.543633 -0.816700 -0.209144 -0.541726 4.403909 -0.278649 -0.418548 -0.680084 0.576010 0.082342 -0.382200 -1.501674
7 -6.989595 -6.024786 -5.805858 -7.139563 -5.928270 -5.502079 71.649072 -6.891834 -4.319966 -5.609242 -2.077258 -5.492984 -4.456227 -5.411409
5 1.153013 1.231222 0.403396 -1.649551 2.979409 1.428888 -0.650040 0.974599 -1.616380 -1.512013 -0.667817 -1.401114 -1.332830 0.659217
7 -0.144518 -1.710923 -1.048618 -3.803482 -0.782713 -1.689692 20.636725 1.995029 -2.947583 -2.058641 -2.578329 -2.206274 -2.624712 -1.036269
7 0.303068 -0.841885 0.666144 0.993072 0.634631 1.988341 4.539183 -2.233833 -0.128574 -0.820983 -2.445885 -0.174974 0.137314 -2.615619
7 -6.491402 -5.285142 -6.116440 -5.047937 -5.508027 -5.544155 74.920205 -5.892193 -6.019890 -5.234733 -5.974671 -6.242507 -5.542363 -6.020744
7 -2.418799 -1.530725 -0.550834 -0.572253 2.631071 -1.361889 4.669200 -0.062114 -0.831739 -0.068383 -0.421471 0.092219 -0.324733 0.750450
7 -1.085563 -2.062879 -1.762087 -1.049862 -0.711436 -0.837328 13.406230 -0.643560 -1.314991 -0.710873 -1.579047 -0.510954 -0.716793 -0.420855
7 -0.699737 0.720603 -0.930591 -0.526947 -1.436189 1.525136 3.897223 -1.416363 -0.605406 -1.602071 -0.181238 -0.903228 2.780827 -0.622019
7 -5.855758 -5.267670 -5.662359 -6.050072 -4.576143 -6.138660 70.782315 -5.638599 -5.767693 -5.442875 -5.534130 -6.047171 -2.716299 -6.084883
7 -4.872014 -4.769248 -6.128162 -6.576533 -3.975711 -6.267691 67.914318 -6.237136 -6.204151 -5.060948 -4.710437 -5.901327 -5.980538 -1.230421
7 -6.148098 -6.575272 -7.238786 -8.179362 -9.520272 -5.701103 93.526666 -5.649964 -5.880136 -7.643508 -8.206230 -6.856630 -6.712381 -9.214921
7 -4.604598 -6.288611 -4.626083 -6.679855 -3.592064 -6.003537 71.204628 -5.996716 -5.309267 -6.459872 -4.752450 -5.804230 -5.163411 -5.923931
12 -0.285499 -2.151966 2.122588 -1.439246 -0.165077 1.168067 -1.348406 -1.025003 -0.110241 1.305018 -0.452165 3.399719 -1.023298 0.005508
7 -5.567967 -6.116788 -5.260593 -5.415718 -5.094743 -5.452598 72.093428 -6.263728 -4.207406 -6.202542 -6.170804 -5.281742 -6.278474 -4.780323
7 -8.019500 -7.314707 -7.345467 -7.149997 -8.089318 -7.050328 93.022980 -5.640854 -6.806676 -7.588515 -8.141023 -5.203327 -6.474139 -8.199126
7 0.317733 -2.336500 0.711896 -0.195769 -0.784304 -1.274558 6.898632 -1.154077 -0.247819 2.019023 -1.553996 -0.739835 -0.065874 -1.594552
7 -7.751233 -4.427700 -6.007990 -5.373081 -4.956858 -6.360159 73.865978 -4.880165 -6.876656 -5.608994 -5.389732 -5.696617 -5.328725 -5.208066
11 -2.299528 -3.487705 -1.744458 -1.730499 -1.728786 -1.440423 -2.941207 -0.929144 -1.493582 -2.388791 22.638446 -0.214978 -0.785813 -1.453533
7 -5.972096 -5.097283 -6.131727 -6.745484 -6.042601 -5.428935 80.052555 -6.085490 -7.387619 -5.959621 -5.766268 -6.049559 -6.956660 -6.429211
7 -3.973472 -7.437488 -5.487172 -6.552797 -4.602620 -6.979806 74.769070 -6.111742 -4.224595 -5.023607 -7.682569 -6.321347 -5.803063 -4.568792
7 -5.323219 -6.612642 -7.129873 -7.657255 -6.503796 -6.933412 82.545782 -6.755301 -6.280146 -6.599563 -6.079301 -6.826839 -4.114718 -5.729716
1 5.632988 0.708605 -2.814114 -0.720855 -0.112894 -1.842310 3.756719 -0.027567 -1.559468 -2.150066 -0.386940 -0.167939 1.397245 -1.713403
7 -5.852396 -5.308452 -4.346223 -5.490708 -5.599357 -5.900512 70.449848 -5.388524 -5.155010 -5.798386 -4.661003 -6.137192 -5.975258 -4.836826
12 -2.548907 -0.157565 2.015255 -0.612709 -0.343718 -1.107748 -1.727188 -0.853458 -1.193997 0.448978 1.218217 6.107985 -0.719273 -0.525873
13 1.517289 -2.083245 2.696922 0.763645 -2.499130 -0.386780 -1.517354 -2.506936 -0.056081 -1.064558 -1.176576 1.982089 5.079671 -0.748955
12 1.660587 -0.390827 -0.780400 0.059484 -1.691099 -0.463114 0.149665 0.573778 -1.186672 -0.423826 0.550261 4.170571 -0.751334 -1.477075
12 -0.416079 -1.676582 -0.607651 -0.818695 -1.109850 0.688186 -0.183015 -0.023434 0.749429 0.070851 -1.251968 2.333891 1.358225 0.886693
12 1.784183 1.395416 -0.804779 -0.596542 -1.371830 -1.721301 -1.337115 -0.885124 -0.087923 0.037537 -0.582445 2.202280 1.681444 0.286197
9 0.284062 -1.532049 0.704156 0.009467 0.254953 0.424024 -0.759418 -1.846238 3.167894 -0.706663 -0.041664 0.272971 -1.593019 1.361524
3 -2.575155 1.020428 11.733192 -0.199745 0.032353 -0.588142 -0.653470 -2.352762 -2.382226 -2.346727 0.341063 -1.827641 -2.154346 1.953179
13 0.128284 -0.410964 -1.054377 -0.077857 -0.352398 -0.062111 -0.348706 1.824122 -0.396106 -0.061478 -0.657535 -0.179969 2.125552 -0.476456
12 -1.961313 -0.007864 0.486238 0.924450 -0.467529 -0.431707 0.781374 -0.628065 -0.088535 -1.824144 -1.213203 8.624471 -1.714595 -2.479576
7 1.611251 0.479424 -0.387554 1.162079 -0.062371 0.298701 1.946544 -0.820513 -2.029743 -0.591769 -0.101526 -1.171001 -1.559347 1.225824
10 0.350526 -0.060046 0.992792 -0.562059 -0.355338 -0.920307 -0.041864 0.468392 -0.560983 1.758065 -0.971805 0.739150 -0.648213 -0.188310
7 -0.284752 -1.498313 0.047115 -1.595700 2.475541 -0.199828 4.516476 -0.732025 -0.652822 0.043566 -1.165605 -0.909582 0.549317 -0.593388
12 -2.181208 -1.030034 -1.531951 -1.230313 -0.830876 -1.179180 -2.394144 -0.949583 -1.123489 -1.529497 -0.073052 14.291359 -0.352673 0.114642
12 -0.304819 -0.958421 0.351887 0.212821 -0.310074 0.171427 0.092036 -1.156496 -0.504988 0.594622 0.300329 1.625716 -0.032728 -0.081312
12 -1.894684 -1.858372 -1.549594 -1.815171 2.545998 -0.826311 1.180059 1.577905 -0.036757 -0.654439 -0.650617 4.517647 -1.338223 0.802561
12 0.164528 -0.301378 0.040000 -0.093896 0.028681 -0.341651 0.914010 -1.527497 -2.178379 -0.145045 -0.112351 3.708209 -0.300494 0.145264
5 -1.789313 3.680164 -5.986194 -0.935820 14.301805 -0.423510 -1.035794 2.129557 -3.636389 -2.747818 -4.188271 2.972332 0.050222 -2.390971
3 -0.531470 -0.098136 2.372606 0.277030 0.242311 0.113672 -0.557151 -1.405807 -1.315984 0.771086 0.531921 0.605659 -2.188896 1.183159
12 -0.528143 -2.283473 0.433994 -2.367857 1.156319 0.720470 -0.891545 0.970633 -1.111453 2.118346 -0.223181 2.242505 0.074926 -0.311542
3 0.980313 1.300483 1.510144 -0.642110 -1.440474 -1.793510 -0.463352 -0.791057 -0.242085 1.155524 -0.769824 0.874816 -0.826577 1.147709
14 -0.040901 -2.019274 0.721562 -0.660934 -0.040672 -0.977828 0.387232 -0.535146 1.051460 0.170868 -2.390568 1.205628 -0.214579 3.343152
12 -4.099378 0.277346 1.454656 -1.622898 -1.775198 -1.329950 1.984984 1.519842 -2.089496 -2.321434 -0.602487 11.620994 -4.058695 1.041714
11 -1.440342 -0.519721 -0.143985 -1.192346 -0.991082 1.158206 0.734306 -0.848529 0.979228 -0.098601 3.593687 2.257423 -3.198781 -0.289464
14 -0.626135 -1.392625 -1.109408 -2.658812 -1.779901 -1.570681 -0.264094 -1.967158 -0.775794 0.570313 -1.599266 -0.540456 -2.912043 16.626059
14 0.650136 0.922404 0.418529 -0.949770 -1.451402 -0.609211 -0.643386 -1.630020 0.476792 -0.660348 -0.636175 -0.266481 0.283741 4.095190
14 -3.405653 -0.369897 -1.810153 -2.672338 -2.004121 -1.852663 -0.014680 -1.719750 -3.685328 4.742336 -0.163088 -0.173278 -1.474707 14.603321
14 -1.848295 -1.367171 -1.781207 -1.703874 -0.965585 -4.230734 -0.236515 -2.119143 2.771629 -0.804287 -0.399944 -2.996241 -0.514441 16.195808
4 -1.835195 2.169908 -0.391133 3.341819 -0.361828 -2.815986 -1.045398 0.150586 0.231715 -0.650477 -1.715283 -1.005316 2.377585 1.549001
14 -2.899388 -0.257735 -0.255561 0.778536 -0.355264 -0.103029 -0.437876 -1.471750 -2.890356 -0.191045 1.816725 0.694637 -0.076242 5.648345
2 -0.401777 1.728030 -0.129655 -0.739324 1.345156 0.951746 -1.837844 -0.647719 -0.026948 -1.234078 0.177576 -0.524106 0.922344 0.416599
14 -0.318106 -0.432774 -0.437063 -0.057874 0.784786 -1.306285 -0.031017 1.208896 0.993289 -2.652874 -0.976534 1.565779 -1.409695 3.069473
14 0.531954 -0.272104 0.109817 -1.878342 -2.161861 -2.952473 -1.736074 -2.213386 -0.639411 -0.242485 -0.627014 -0.559013 -0.002026 12.642419
14 -1.564138 -2.632084 -0.436924 -0.492887 -0.727059 -0.670118 -1.472398 -0.280509 -2.028545 -1.263253 -1.977799 -2.594982 -0.395556 16.536253
14 -0.729413 -0.561245 -0.556088 -1.496780 -0.352300 0.047217 0.123386 -0.265985 1.680178 -1.212565 -0.892337 0.309086 1.571606 2.335241
14 0.205778 -1.981521 0.835248 -0.109375 0.222733 -0.139733 -0.505923 -1.727705 0.056669 -0.743247 -1.700781 -0.409738 2.536602 3.460991
5 -0.804838 -0.889121 0.525369 -0.182622 2.197330 0.049775 0.416437 -2.164851 -0.885560 1.608169 -0.165175 -0.902892 -0.734101 1.932080
14 -1.158429 -2.288399 -1.150311 -2.007686 -1.994661 -1.078101 -1.041931 0.725732 0.415730 -2.566413 -1.333080 -0.561505 -1.267859 15.306912
5 -0.606544 0.260518 0.843287 1.267915 3.918650 -1.247050 0.445748 -1.859259 -1.867755 0.328574 0.638022 0.555349 -2.930168 0.252713
14 -0.972306 0.039626 -0.092379 0.011954 -0.804842 -1.127370 0.624874 -0.915872 -0.922225 0.931255 0.225063 0.089434 -1.541628 4.454416
14 -0.927987 -1.117406 -0.381879 -0.572450 -0.550260 -0.772154 1.313133 0.021387 0.508178 -1.376622 -0.060967 -0.985080 -0.766389 5.668496
14 0.688176 -1.436095 0.335571 -0.225608 -0.200790 -0.345143 -0.400517 -0.613550 0.687135 -0.477307 -0.281534 -0.275251 0.141539 2.403373
14 -1.689152 -1.427274 0.956392 -2.869719 -2.188900 -1.402359 -2.080188 -1.558003 0.335349 -1.274302 -2.091641 -1.134320 0.007986 16.416132
14 0.218647 -0.263707 -0.522240 -2.317775 -0.791576 1.576697 -1.442194 -1.450672 -1.013399 1.073951 1.587577 -1.108730 -1.680455 6.133877
5 -0.212308 0.475731 0.371948 1.280723 1.379196 -1.618597 -0.081979 -0.146142 -1.962700 0.898849 1.233143 -0.307581 -1.730294 0.420011
14 0.172485 -2.016403 -0.757044 0.183708 1.215715 0.114748 -2.713183 -0.035405 0.308196 -0.596491 -1.242068 -1.300793 2.121043 4.545491
8 -2.562589 2.063915 -0.043418 0.352152 1.396198 -0.387761 -0.287613 3.879518 -1.605625 -1.312225 -0.688980 -0.688487 -0.432262 0.317179
8 0.266069 -0.602897 -1.315015 -1.586787 -2.756889 0.325744 0.328494 14.235291 -0.513073 -3.301415 -1.875312 0.364396 -1.156697 -2.411909
5 1.020705 -2.596591 -1.442932 -3.130243 21.860132 -0.628518 -3.321003 -1.086031 -0.973227 -1.483980 -2.337196 -1.458117 -2.121859 -2.301139
8 -0.346505 -1.981179 -0.449510 -0.583992 -1.213294 -1.378452 0.023964 11.719635 -0.553535 -1.213229 -1.754523 -0.823674 -1.085719 -0.359986
10 0.971160 -3.309788 1.168929 -1.507774 -1.008677 -0.873844 -1.024356 1.873925 2.185516 2.739284 -1.308775 0.166738 -0.140310 0.067971
1 3.082041 -1.614757 -0.957770 -0.496726 -1.061017 -0.197189 -1.412891 -0.723650 1.941930 -0.736965 0.798669 1.033050 0.872815 -0.527539
8 -1.122996 -0.103969 0.658441 -3.068269 -0.659230 2.146536 0.497829 6.843105 -0.774093 -0.906607 -1.204539 -1.494334 0.261806 -1.073679
8 -2.073459 -0.804668 -4.733471 -2.197699 -1.667509 -0.340071 6.062447 11.168121 -2.116942 -0.547779 -2.290915 0.741137 0.294495 -1.493687
8 -0.237573 0.652057 -1.046052 -0.851096 -0.628720 -0.291300 -3.026145 9.896217 -1.495588 -2.738532 0.346406 1.968364 -2.270910 -0.277129
1 2.025636 0.947172 -0.103281 -0.369229 -1.670204 0.382047 -0.309924 1.044672 0.041811 -0.607953 -0.834348 1.049779 -1.646332 0.050154
6 -0.671083 0.978193 -0.394443 0.694097 0.050143 1.754622 -0.926579 1.437266 -3.055448 0.656622 1.214482 -0.918420 -1.283179 0.463726
8 -2.335730 0.616429 2.180053 -2.107620 1.906689 1.316963 -0.058315 8.521363 -1.789084 -1.702871 -1.838045 -1.510546 -3.741064 0.541777
2 -1.282534 2.181628 -2.956328 -0.086457 -0.298710 0.922079 -2.588636 -0.016710 -0.015478 -0.439565 -0.582231 1.276927 2.110561 1.775454
7 0.482093 -0.355845 -0.567204 -0.517296 -0.439288 1.519881 1.684170 -0.030177 0.170411 -0.220716 -0.093271 -0.824947 -0.265074 -0.542737
8 -0.666406 1.228084 -0.277489 -1.174561 -0.336432 0.910433 -1.048230 4.776841 1.216983 -0.899025 -1.367295 -0.531682 -1.261795 -0.569427
5 -0.986336 2.048623 -0.156800 0.845752 2.647392 -0.062863 -0.473955 0.858474 -1.285058 -1.104512 -2.015771 0.151519 0.304724 -0.771188
13 0.994329 -0.120320 -0.814814 -0.735842 -1.906036 -0.023451 0.944941 -0.081916 -0.058669 -0.602656 -0.505084 -0.896964 3.288420 0.518061
8 -0.084967 0.031919 -2.174525 -0.235138 -0.808856 -0.693566 -0.103463 3.583193 1.624767 -2.031223 -0.147279 -0.312065 -0.150759 1.501962
6 1.591597 1.538092 -2.186591 -0.185474 0.636578 2.440920 -0.655004 -0.655273 -0.794129 -0.395795 0.368425 -1.433650 -0.712631 0.442935
8 -1.774676 0.255192 0.886449 -2.839643 0.411308 2.156713 2.018152 4.005315 -2.677540 1.382653 -0.611771 -0.824856 -2.615260 0.227963
8 -1.920858 1.168088 -0.220936 -0.679257 0.353300 -1.154396 -0.374315 5.262971 -0.834444 -1.185668 -0.491943 0.478020 -0.112850 -0.287714
8 -1.507510 -1.198506 0.936344 1.523801 -2.008343 2.061458 -2.574970 5.659336 -0.975941 -0.506374 -1.240645 -0.218726 0.682204 -0.632129
11 -1.254295 1.787458 -1.164016 1.043287 0.812228 0.319438 1.517067 -3.370820 -0.565550 0.417738 2.397338 0.494795 -0.720262 -1.714408
3 0.819919 -2.059681 1.120524 -0.205157 -0.049611 0.507281 -0.098631 -0.286604 0.253736 0.645126 -0.695001 0.625542 -0.305405 -0.272039
9 -0.772400 -2.455045 -0.693594 -0.163979 -0.190534 -0.430532 1.677854 0.696247 2.735731 -0.992861 -0.982508 2.059953 -0.774508 0.286175
13 0.454964 -0.076836 -0.089189 -0.444754 0.100230 0.330797 0.210652 -0.652216 0.458938 -0.491041 0.237175 -0.007892 0.870507 -0.901335
10 0.034209 -0.998555 0.922760 -0.947493 -0.058410 -1.975529 -0.645181 -1.134901 1.842195 2.472768 0.708709 -0.043388 -0.190548 0.013363
9 1.042227 -2.752623 0.232930 0.331086 1.186962 0.290098 -0.242635 -1.069234 5.014859 -0.646217 -0.099020 0.065763 -1.249821 -2.104377
13 -0.377566 -1.193883 1.743493 -1.404492 -0.919999 -1.898419 -0.424715 0.521536 1.234789 0.871655 -0.957622 -0.917561 6.286182 -2.563398
13 0.385019 -0.541864 1.682774 -1.799533 0.548350 -1.088802 -0.458750 -1.371321 0.609657 0.684813 -0.743730 1.075933 2.809367 -1.791913
6 -0.197356 -1.002545 -0.054044 -0.193371 -0.506182 0.924153 -0.162651 -0.499260 0.838000 0.090652 -0.320173 0.666583 0.053550 0.362643
9 -2.029873 0.027495 1.393932 -0.072136 0.322447 -0.026489 -0.694899 -1.199532 1.600266 -0.082266 -0.223828 0.580547 -1.113009 1.517345
9 1.850121 -1.767753 0.014134 -0.486879 -0.805286 0.262116 -0.497209 -0.019755 5.623833 0.271179 -0.335705 -1.479555 -0.683996 -1.945244
9 0.280066 -1.396046 0.277717 0.218437 -0.244464 -0.340412 -0.508722 -0.701014 3.113759 -0.597652 -0.007832 -0.011597 0.530824 -0.613064
9 -1.402034 -1.234090 1.074870 -0.805406 0.011015 -0.081987 0.457922 -0.784977 2.177629 0.842909 -1.985864 0.499126 -0.557515 1.788402
9 0.677062 -1.612102 1.118334 -0.798825 0.994057 1.055324 -0.701995 1.195414 1.769995 0.306612 -1.360371 -0.600174 -1.343227 -0.700102
9 1.297865 -3.988976 0.129287 1.272225 1.443078 0.353029 -1.753181 -1.316825 1.452083 0.953990 -0.583525 0.391591 1.279407 -0.930047
14 0.537775 -0.434683 0.650361 1.159158 -1.084135 0.397063 -0.058555 -0.467966 0.644662 -0.453230 -1.226156 -1.027852 -0.678075 2.041632
7 1.525582 1.129658 -0.500581 -1.894095 1.419544 -1.008385 1.730861 -0.520064 0.335977 0.064997 -1.697452 0.488401 -0.109500 -0.964946
14 0.993192 -2.009800 0.064180 1.526930 -0.673848 -1.510501 -0.796136 -0.674110 -1.597068 1.742559 -0.248741 -0.064854 0.735107 2.513087
4 1.084848 -3.005164 -1.436436 4.865369 -0.880194 -0.949175 -0.779813 -0.276871 2.572362 -1.072497 -1.231051 0.458868 1.601234 -0.951481
9 0.762744 -1.489337 1.117244 -0.924543 -0.375948 -0.132737 -1.037044 -0.993826 1.552419 0.550622 -0.839556 -0.494417 0.896247 1.408132
