11 -13.770935 -24.690918 -8.808922 -10.055996 -9.589039 -19.353494 74.536477 -26.661417 -10.675482 -21.371241 125.582647 -10.825633 -26.500936 -17.815111
14 -0.811449 -6.676081 0.781905 -7.827073 0.071299 0.489791 -1.091283 14.875144 -2.046322 -0.746574 -4.147992 -4.160542 -5.611228 16.900402
9 -6.853917 -11.286412 1.013644 1.519192 -1.384329 -7.465124 -6.171604 -9.394804 42.867352 0.776420 1.589984 -6.741300 9.038320 -7.507425
1 67.438612 -2.579537 -5.936869 -4.042120 -8.495465 -3.375751 -4.237676 -3.355162 -4.067371 -6.392445 -8.515646 -5.589925 -6.077470 -4.773174
6 6.952026 3.381645 -0.811621 4.226120 -2.579497 11.670510 -14.680513 -1.151322 -6.179005 -1.785734 3.610769 1.131320 -12.252202 8.467503
1 14.278195 -2.862723 -0.879144 -2.184720 -1.961630 -2.704856 -1.908113 -1.667372 0.757086 -0.809679 -1.363782 4.695946 -1.005243 -2.383965
6 3.759591 -2.341695 -1.061016 -0.205444 -1.913399 17.183436 -3.524899 0.480334 -4.807051 -6.357726 -2.808969 -2.445528 4.393014 -0.350648
2 -3.085841 7.692636 4.247357 -0.399314 5.801797 3.440207 0.059012 -4.086031 -3.740681 -4.030630 -4.458560 2.653034 0.677427 -4.770416
5 -11.842163 -6.893302 -12.187935 -2.635728 97.925789 -4.265129 -4.897496 -4.284095 -8.351884 -2.852132 -10.256867 0.773611 -13.409297 -16.823371
5 3.049822 -18.267646 -4.248352 -2.160347 52.524982 4.157930 -13.264831 -8.451496 -5.143067 3.251618 -7.715709 4.109909 -11.433045 3.590231
1 8.443211 -3.454160 3.543094 -7.180157 4.051737 0.725539 1.111043 -3.911444 -12.306700 5.989209 -5.323593 4.827790 -3.111481 6.595910
3 -2.704517 -8.584297 23.564052 6.949067 8.417401 -3.994747 -6.570179 -4.752154 -0.353601 -3.753139 -8.231384 1.672800 0.113426 -1.772731
3 5.929931 -6.161515 65.140636 -8.241873 -7.749791 -5.650568 -3.964328 -5.836218 -4.524495 -7.446943 -0.228268 -14.045054 -10.203188 2.981673
4 -7.737587 4.892747 -0.961346 7.912648 2.028495 -2.173189 2.402058 1.194538 -7.202230 -3.612287 5.408620 -0.002876 -6.455062 4.305474
1 150.174592 -10.310748 -7.440484 -10.359669 -10.921288 -16.013634 -7.932330 -9.628176 -14.015924 -12.522757 -9.658788 -14.893751 -22.337188 -4.139851
11 -10.160827 -12.238977 8.662175 -0.203588 -11.632759 -10.706413 -9.817612 -6.740371 1.382675 -14.050902 73.261848 -5.948519 4.778325 -6.585055
4 1.660822 -6.312021 -1.865694 18.676427 -7.304292 7.359390 5.276041 -8.577788 0.273897 -0.733764 -5.568338 -2.460695 0.298471 -0.722457
12 -11.906772 -10.646031 8.517389 8.060571 3.304530 -3.993657 -2.666833 -15.953200 -8.430331 15.338094 -5.055885 31.808381 -11.109750 2.733491
14 4.739487 -0.167668 8.561208 -9.759806 -11.784504 -6.204763 -7.248472 -9.193106 -14.576215 -0.871502 7.406118 -0.723422 -9.805422 49.628067
11 -2.914621 -10.882754 -3.649010 -12.940409 -7.006770 -5.001018 -3.760801 1.019397 -6.789722 -8.723425 63.602942 4.201841 -4.568929 -2.586722
3 -4.800516 -10.475536 69.826314 -2.771176 -6.270391 -4.774993 -5.092186 -8.298979 3.186442 -6.678735 -3.473549 -10.739841 -4.376827 -5.260028
12 6.684687 1.269514 0.297215 -2.379268 -0.428801 -6.652262 -6.123169 -11.897206 -4.878180 4.126550 -0.186801 10.404581 5.614592 4.148545
14 -3.552179 -6.647937 -6.472555 -0.638337 -0.211683 11.369351 4.488850 -17.099468 -0.529193 -3.608938 12.941133 -3.367244 -2.175963 15.504164
9 -7.616480 6.144606 2.690208 -6.556886 -2.094575 -2.017093 0.931771 -6.032370 19.325575 1.531529 3.549713 -6.016709 -4.424774 0.585483
14 -11.983704 10.818715 -7.232476 -1.215497 2.881877 -4.614424 0.565745 2.991110 -6.870858 -2.162291 -2.843581 2.525998 4.929461 12.209926
8 -9.971088 3.250138 -7.533691 2.139387 6.934210 -0.011892 -1.259029 28.411529 -6.345051 -8.238236 1.157641 -4.498479 -9.112795 5.077358
14 -1.922401 -1.248155 -3.206537 -5.348064 -2.725035 -3.921009 -0.148937 -6.530497 4.036145 -4.366992 -3.548992 5.311381 0.878542 22.740551
2 5.414694 45.435464 -12.362371 -6.266103 -0.212358 -1.217053 -8.699386 -11.164586 -1.180951 0.732642 -6.439841 -3.247529 8.706932 -9.499554
1 95.750794 -5.746552 -7.520849 -17.700710 -10.327112 -4.235126 -9.475516 1.028199 -13.625369 -8.272062 0.183600 -6.459868 -16.051472 2.452039
2 3.466876 6.196535 -4.029626 -2.833776 2.761435 3.198946 -5.908603 1.448367 -6.319929 3.506052 -4.640434 -2.383753 4.934326 0.603581
5 -2.150780 -7.789193 -2.390776 0.855942 52.675248 -4.917654 -3.617009 -4.153226 -4.018397 -4.558109 -3.461294 -6.054247 -3.541023 -6.879483
14 2.131200 -4.469024 1.412881 -2.542121 0.127367 1.532913 -1.963389 0.714703 -2.855439 -0.495412 2.448474 -5.879480 4.679995 5.157334
6 1.606984 -14.333540 -2.929324 -10.049261 -4.451296 30.763536 -2.316144 -4.008248 -3.456731 -4.072256 -11.526796 -0.535910 -3.248465 28.557447
12 -3.880665 9.304793 -8.091873 1.098152 12.586630 0.699318 -8.347547 -0.325628 -9.928879 -10.013649 -5.405421 14.665416 -1.360111 8.999465
7 -5.085245 -1.162310 -8.254980 -6.559233 -2.931301 -10.721269 87.203632 -8.309944 -18.773455 0.799688 -2.004945 -1.483452 -15.338478 -7.378705
14 -2.659343 -22.846106 -13.762778 -3.389355 -13.239342 -5.827922 -3.750766 3.774132 -15.329626 2.816794 -7.347054 5.699552 -5.363747 81.225560
2 -0.475403 11.091855 0.020408 -1.674389 2.210384 -2.929514 -2.118056 -6.219949 -3.190794 3.532284 0.947592 1.257056 1.786850 -4.238325
2 -8.952983 61.922229 -1.323542 -9.328632 -9.415119 -5.312287 -6.398758 -12.049158 -9.672128 -6.850531 19.670565 -5.962847 -13.682862 7.356056
2 -5.619795 65.452825 -1.516644 -0.826373 -1.531560 -3.697912 -3.534821 -16.600903 -9.348009 -4.076617 -3.805090 -1.785106 -6.129748 -6.980246
14 9.593267 -0.682805 1.223828 -1.286617 -2.614094 1.462550 -2.456692 0.729364 -12.162062 -1.184982 0.389785 -1.012760 -1.733269 9.734485
6 -5.295891 -6.050757 -5.323423 3.441992 -3.340017 11.865035 9.208126 0.940591 -6.609335 -3.021603 5.356214 -5.360811 -0.019307 4.209186
3 10.271144 -2.167253 37.408332 -2.428941 -10.147211 -16.181417 1.816466 0.195913 -18.985959 6.797705 10.338427 -2.237632 -3.329588 -11.349992
13 0.075975 0.016464 -4.235250 -3.449865 6.632492 -6.352761 -3.770428 -0.715457 1.213679 -1.898272 -0.404627 -1.684903 22.768933 -8.195978
3 -6.927210 -12.289435 101.864354 -4.118277 -5.478854 -10.266197 -3.080855 -0.530616 -7.223359 -5.822383 -14.025850 -7.135931 -18.335779 -6.629611
6 -11.984150 -16.123441 -1.280127 6.806984 -12.818664 39.385662 -1.458095 -3.359661 3.062448 -10.547917 -5.801649 -1.836564 20.376932 -4.421755
12 0.655959 -10.484548 -0.736519 -1.901311 6.409020 -5.744638 -8.430938 -5.460695 -2.821461 12.919403 6.097811 17.609332 4.337550 -12.448969
14 -4.097964 -11.648075 6.181079 0.603367 6.202695 7.579482 -6.661743 -4.481861 -11.599573 10.484338 -2.308990 4.436150 -7.123563 12.434654
13 -0.579621 -5.168363 -6.705920 8.785469 -2.924665 -1.077900 0.672089 -10.247263 -7.470894 2.004973 -2.617452 -2.252081 28.182312 -0.600683
11 -6.721784 19.707708 -2.795631 1.312422 -4.406556 -0.501412 -4.006927 -5.360060 -3.894050 -5.917267 26.371204 -4.104734 -6.043406 -3.639508
13 9.901054 -2.621803 -0.427980 0.023523 2.577057 -4.693554 -8.357299 5.599072 2.494887 -8.772471 -8.441247 -2.083306 17.406460 -2.604397
14 -2.185798 -8.330980 -3.940510 -7.069187 3.633769 -3.031982 -0.671014 -13.061113 -6.923245 5.509317 -5.510322 3.086134 -3.234633 41.729559
14 4.501762 -1.022266 -1.084779 0.947304 -2.095266 2.990416 0.344737 -5.678828 -2.397933 1.022666 -3.841215 2.675065 -2.081461 5.719798
14 -2.630363 -18.980078 -1.662407 -2.296869 -4.736055 -0.306740 -12.845362 -10.321763 -1.639202 -1.282952 -7.731891 -0.867087 -10.390297 75.691066
11 -9.057757 -18.123983 -10.302631 -4.393472 -4.795080 -18.124617 -19.692527 -19.792884 -9.398234 -8.291424 128.995918 -0.081787 7.377383 -14.318908
7 0.594646 0.925070 -5.206716 2.716929 -3.245109 -0.228100 20.332261 -10.977958 -3.472042 -4.878617 -0.138705 0.504024 -4.244291 7.318606
6 -5.794984 1.486788 -8.396952 -2.838777 -0.802316 33.614654 -3.196367 3.436270 -8.456809 -5.543178 1.316709 4.200633 -8.045893 -0.979780
4 -2.872636 -20.845988 3.026929 81.582407 -14.153240 -10.256052 -7.437568 1.780448 -2.172517 -5.539043 -2.792705 -4.304397 -12.384169 -3.631469
4 -5.777993 -16.988155 -4.642816 93.163497 -10.954080 -9.235987 -4.235154 -1.515320 -5.980969 -6.868948 -7.318311 -6.575280 -11.030246 -2.040236
4 -10.062643 10.235478 -10.168768 57.738976 -4.901243 -4.185416 -6.209833 7.388071 -16.368230 -7.320446 -1.062566 -9.995977 -15.871250 10.783845
7 -4.853182 6.051250 -8.456084 -5.305485 -16.948901 -0.967135 95.152868 -15.689003 -6.412545 -10.888310 -12.814024 -3.979088 -12.587326 -2.303032
7 -10.883108 -6.329011 -10.369093 -7.354639 -13.630283 -19.831765 130.027159 -13.081077 -12.361812 -7.370714 0.358671 -13.823044 -3.872291 -11.478988
7 10.992047 -6.912127 2.276101 2.934701 -7.072809 -4.069510 20.752908 -6.834668 -6.253510 -0.829283 -6.509487 3.535613 1.482593 -3.492572
7 -9.594246 -16.203171 -6.783866 -9.227478 -10.614650 -14.157366 118.404777 -7.498807 -13.349380 -8.107265 13.673462 -10.111675 -13.660871 -12.769462
7 -7.673826 -9.015824 -6.747372 -7.802954 -8.285778 -11.901525 89.032698 -3.250364 -9.253636 -5.569155 -1.928160 -8.429772 -7.835613 -1.338717
6 -0.188363 0.438277 0.168658 -7.833298 -6.627712 57.929578 -2.390520 -3.816964 -8.521822 -2.313120 -3.996454 -6.236113 -11.464491 -5.147656
9 -4.155329 -1.000129 0.849829 1.656696 -1.372549 -1.692214 -2.241841 0.405958 12.939563 -5.491959 3.124234 -0.777523 -5.178385 2.933650
10 2.808613 -1.304032 5.614792 -1.129615 6.656804 8.042031 2.481929 -11.280120 -7.836390 13.917940 2.459046 7.789729 -19.368107 -8.852623
8 -7.106173 7.858850 9.049361 -4.322886 5.102990 -5.893592 0.161275 28.598168 -0.553934 -17.974024 -2.120787 -5.879073 -2.237124 -4.683049
2 -7.806713 17.039478 -8.520790 0.961354 -1.817222 -2.180064 -2.148048 16.097499 -1.981646 -3.950321 1.294429 -8.057514 2.962965 -1.893404
13 -9.348639 -10.918048 2.959986 6.079168 -9.131602 2.483746 -8.065409 -8.058449 1.046428 6.002341 -13.205670 -8.049429 48.660599 -0.455023
4 -10.843405 -8.847480 -8.514269 84.008823 -13.699278 -9.097995 3.226205 -0.715015 6.102230 -14.091046 -10.849408 -8.289957 7.007190 -15.396591
4 -10.860096 -21.992373 -0.392047 85.589379 -11.056120 -13.319618 -7.290416 -5.324265 -5.527440 1.875120 -8.913573 -3.653928 6.442272 -5.576893
4 -9.014754 -15.991834 -4.005018 92.637160 -16.552420 -8.587978 -1.020752 -9.206136 -2.885238 -4.053664 -6.080976 0.235982 -16.872178 1.397808
11 -0.751616 -1.837224 -0.953081 -4.471235 -3.129939 1.153185 -3.360007 -0.514147 -2.721810 -4.488601 24.769695 -4.044052 3.471937 -3.123108
7 -2.854290 2.831326 -2.180102 -2.965227 3.380059 -5.405562 7.963973 1.189246 -7.454098 0.131454 7.559096 -2.773997 3.315459 -2.737338
9 -0.663889 -2.948896 10.714344 -2.948529 4.282808 0.323145 -2.272883 -4.650396 13.720313 -7.190891 1.571773 -5.298074 2.596176 -7.235001
4 -5.550423 -4.637825 -4.264095 89.923123 -10.551991 -11.359085 0.556309 0.889003 -13.514559 -11.645149 4.956445 -17.480462 -8.108342 -9.212947
5 -7.995074 -13.479391 -3.044035 -3.661364 99.962434 -9.185431 -5.319418 -1.389556 -13.153359 -8.706174 -6.255596 -5.439557 -17.466638 -4.866839
13 -3.870124 4.330960 -7.724991 2.303508 -1.201302 13.963419 -3.515012 -2.999318 -3.437444 -7.138350 -4.969029 -8.172232 17.447169 4.982748
9 -1.086426 -2.172074 2.444066 -0.774656 -0.684269 -1.633791 -1.448469 -1.511844 4.309710 -0.964892 0.296543 -0.761931 0.593969 3.394064
11 -6.944592 -6.028529 0.891160 -9.093814 -10.772442 -6.133457 -4.390458 -12.734203 -6.109164 -17.104424 98.084297 3.572086 -7.784309 -15.452151
11 -11.358714 -7.103278 -7.457008 -5.510925 -9.395221 -8.679098 -4.863497 -8.667956 -14.393857 -17.332260 125.701860 -8.064996 -13.216294 -9.658753
11 6.205230 -3.394349 -15.853511 1.879289 -5.608636 15.171349 -11.288126 2.208216 -16.149386 -8.413645 35.465022 7.712959 -3.733925 -4.200487
6 3.419669 -7.995925 7.246012 -9.052401 4.768862 13.176817 0.631398 -7.202837 0.311939 2.478956 -5.786858 -1.400686 -2.757942 2.162991
1 79.936253 -2.450802 -7.100140 -13.168057 -3.315796 -9.953363 -7.543489 -3.542546 -9.193497 -15.058999 -9.883112 -8.045690 -2.696884 12.016122
13 -2.373835 -2.939378 3.381702 0.020602 -6.935996 -3.086792 0.270188 -5.156050 -11.346488 -5.883097 -0.499292 -6.747681 36.953137 4.342981
3 -3.863364 -5.620096 45.143825 10.227516 -6.644439 -9.869788 -6.851068 -11.098228 5.807094 0.948344 -10.145976 -9.106329 -7.266021 8.338529
4 -7.280671 -6.498316 -7.922633 94.784785 -8.859756 -17.662545 -3.842698 -1.319513 -16.197400 -8.587729 -5.156568 -7.894943 -7.275353 3.713340
4 -1.214951 3.344682 -0.904793 88.857767 -8.237303 -0.769509 -3.587034 -1.580698 -22.313134 -15.569151 0.139219 -8.336211 -19.569809 -10.259076
2 -0.303291 57.132118 -1.279220 -0.676660 6.063607 -6.216695 -7.264276 -12.636142 -12.872394 -10.491179 -9.755138 -4.633522 -5.513014 8.445806
3 -5.114799 -4.974345 11.701020 4.580482 -0.736987 -4.916491 -3.062552 -8.732123 -2.078065 8.466774 -0.025245 1.757598 -0.855738 3.990472
1 0.000000 0.000000 0.000000 0.000000 0.000000 0.000000 0.000000 0.000000 0.000000 0.000000 0.000000 0.000000 0.000000 0.000000
2 -16.171298 80.915405 -4.578715 -4.116437 -3.580295 -3.718307 -4.745331 -4.316218 -11.352676 -6.299887 -1.678446 -8.438574 -8.596610 -3.322610
13 -3.167636 -8.167508 2.821616 2.851231 3.131643 -4.820991 -3.284326 -5.979045 -11.234129 6.763130 -6.430584 -2.502017 27.558740 2.459874
1 82.077834 -13.647273 -4.052348 2.220322 -5.323455 2.516469 -6.567250 -2.815318 -7.150251 -16.296284 -4.112308 -12.130876 -14.695247 -0.024012
7 -10.053040 -7.017093 -4.715759 -7.001289 -11.826094 -11.203983 115.034788 -14.969657 -16.348636 -8.584436 5.698485 -7.751977 -12.966261 -8.295044
6 -14.940720 -16.252707 -15.889074 -13.094718 -21.581549 186.875619 -12.191335 -4.549340 -9.667995 -26.169739 -12.896162 -17.785932 -15.168481 -6.687867
4 2.356582 -9.987143 -3.396399 7.514176 -0.548854 4.245395 2.275754 2.232662 -6.122914 2.193828 2.003522 -1.299700 -4.914832 3.447921
13 -5.475127 0.081876 -1.031333 -6.418846 7.801062 12.964599 -13.970395 -13.664313 -1.274634 5.346881 3.178366 -7.248428 23.800950 -4.090664
1 88.713636 -4.863705 -9.569003 -7.121520 -5.597037 -2.810419 -5.769771 -8.031437 -9.939725 -6.380840 -2.815710 -10.587859 -16.709995 1.483384
3 -2.398860 0.181517 11.241534 -0.584684 -2.612805 -4.598761 3.130310 -3.994386 -7.205748 1.782143 4.579833 -2.202161 -5.666342 8.348412
10 -2.739040 -4.024285 16.363278 -7.027397 -4.024065 -4.763119 -7.249784 -6.310733 7.934069 28.716863 -0.492456 -2.813128 -13.582951 0.012747
1 9.676684 5.381248 -8.479379 1.267488 0.837287 5.738805 -3.094351 -8.109156 -7.213983 -1.964919 1.456770 -3.714860 4.568589 3.649777
8 -4.197912 -5.333933 0.618717 -7.152191 11.689688 -5.179939 -4.103486 28.154329 -3.443038 -0.982660 2.188465 -4.472665 0.909274 -8.694650
7 -9.651278 -9.789149 -1.154011 -6.465009 -7.194935 -10.053949 79.931512 -4.453168 -14.929215 -15.286392 -6.309214 -10.380710 19.834151 -4.098630
8 0.000000 0.000000 0.000000 0.000000 0.000000 0.000000 -0.290849 3.196165 -2.226887 0.000000 -0.116813 0.000000 -0.561615 0.000000
11 0.811986 3.971390 -2.318092 -3.543250 4.763665 5.861478 -0.647172 -3.349374 -4.636851 -7.478339 9.195500 -1.493760 -2.656415 1.519234
10 1.805181 -4.322515 0.589762 -4.494345 -4.537478 -1.599043 -5.248973 -5.169422 -7.606525 34.256422 -1.217727 1.242764 -1.959288 -1.738817
14 2.145362 1.327002 -3.067667 -8.079079 -0.797426 -4.654529 3.326874 -3.354632 4.546641 -4.444904 -3.012936 8.149423 -6.939087 14.854959
13 -3.098839 -6.359647 7.023973 -5.036797 -1.989188 -1.895776 -2.114809 -4.544205 -9.101408 -2.348035 -2.943726 -2.668497 37.949862 -2.872909
2 30.720418 94.884244 -22.688349 -12.590572 -8.360442 -4.252904 -12.846068 -9.170376 -10.832811 -19.342201 7.954068 -15.414934 -11.021853 -7.038223
6 -1.493056 -0.206170 -1.995433 -2.081300 -3.148655 9.716470 -0.482670 -0.698185 1.347689 -1.139574 -1.306542 1.703251 2.778475 -2.994298
2 -4.503799 61.597262 -6.941494 -8.788339 -1.247724 1.100755 -7.385360 3.206805 -3.856733 -6.520274 -4.246619 -15.061007 -6.926472 -0.427004
14 -2.857508 2.543695 0.922052 1.541243 1.378267 0.077683 0.030287 -0.510423 -6.519911 0.885589 2.095646 1.133729 -4.086157 3.365810
4 -7.037129 -16.427285 -10.317720 86.652853 -17.749789 33.745034 -6.309339 -2.398739 -6.327336 -11.049566 -15.180714 -9.406890 -6.854861 -11.338519
1 108.642797 -8.316538 -5.159009 -8.703132 -8.086768 -10.242640 -3.308261 -9.514478 0.805107 -9.940965 -7.636121 -13.289243 -14.142433 -11.108313
1 118.959991 0.920802 -10.062289 -12.700808 -8.241493 -3.471498 -5.603695 -9.145514 -8.339150 -9.422759 -4.135330 -19.299227 -16.481774 -12.977255
1 103.934927 -8.993783 -9.242007 -12.164005 -17.742177 -6.823425 -3.944712 -6.302330 -3.485182 -2.749700 -6.092902 -1.080233 -9.694857 -15.619615
2 -7.983432 19.898206 -6.288012 -11.293933 4.383344 -9.393969 -7.321104 18.292900 11.342363 5.917688 13.762416 -22.058724 0.802957 -10.060703
4 -5.382195 -10.616898 -7.609400 109.128084 -16.475775 -7.197406 -4.415604 -4.266783 -14.302320 -8.853860 -3.263238 -9.870852 -19.684815 2.811062
7 -2.706428 -2.495929 0.728076 0.319423 -2.888807 -2.396745 9.243845 -2.910952 4.828949 -5.089751 0.440409 -1.045174 -0.530127 4.503213
2 -10.500049 79.806083 -5.235679 -2.973848 -13.243109 -5.567852 6.515649 -6.696135 -2.311768 1.446390 -6.861172 -7.632830 -9.554701 -17.190979
1 10.400900 -5.571494 0.548829 4.131865 2.554805 3.062994 -1.003954 -1.365360 -3.065436 -3.731470 2.050410 2.749946 -5.295433 -5.466602
10 11.035284 -5.408394 -4.336089 -10.984372 -2.125938 -0.402385 14.824364 7.533969 -11.244237 16.265114 -8.007557 -7.052488 -0.926072 0.828800
13 -1.733630 2.747396 1.475595 -0.973851 -9.360268 -8.044503 -2.405720 -8.051060 6.786855 -1.410537 3.560372 4.483120 8.212171 4.714062
9 -5.991292 -7.644868 1.733459 -8.426340 8.973008 9.221350 -5.038938 -6.462176 27.020080 1.169177 1.796156 -8.474222 0.073274 -7.948669
9 -5.501170 -5.741178 3.935914 -7.645267 2.116317 0.315743 -2.858017 4.201489 18.945797 3.663757 -4.077049 -7.503551 1.520339 -1.373126
5 3.725782 -14.443270 6.588849 -5.673064 58.159903 6.758166 -1.264721 7.954918 -7.908016 -10.988504 -9.645403 -7.698631 -22.785587 -2.780424
4 -1.735163 -10.911595 -5.363358 94.003793 -15.039142 -11.491111 -4.446064 -0.179158 -7.511527 -13.422263 -5.684728 -4.174036 -7.011053 -7.034592
4 -8.337948 -0.331065 -2.474747 93.109255 -5.164899 -11.841908 -7.226352 -5.907317 -3.449709 -10.393997 -12.841661 0.252857 -16.572314 -8.820194
4 -2.383857 -13.000674 0.076623 100.742291 -16.751581 -9.952474 -11.133270 -4.017510 -15.817736 6.496267 -5.623949 -2.591657 -23.986112 -2.056359
4 -5.110120 -4.937812 -3.018740 60.226216 -6.261816 -7.578662 -4.321472 0.695695 -8.506490 -4.207391 -2.154254 -2.906522 -9.702505 -2.216125
4 1.400962 -13.819007 -2.337335 12.911550 -6.177037 10.383573 -20.490236 11.461356 6.342849 0.458634 -8.073444 1.999286 1.821379 4.117468
1 79.400853 -11.377245 -5.215918 -11.250033 -8.918719 -5.586722 -11.919864 1.319556 -4.692162 0.192390 -10.028370 1.000393 -5.831716 -7.092444
7 0.746001 -15.489460 -0.172367 -3.127480 -3.106998 1.608048 15.970806 -1.379787 -2.739280 3.471413 3.832433 3.783975 0.660992 -4.058298
8 -1.799121 -14.798696 -4.084956 5.323295 -1.445700 -5.334269 -7.620255 58.515068 -7.083162 -1.175137 -6.915246 -5.859677 0.401892 -8.124040
1 99.755252 -11.824985 -7.562494 -7.202496 -6.633248 -18.171633 -10.942075 -8.432413 -0.129055 -14.833987 -5.265945 -7.967358 9.181428 -9.970992
1 91.401932 -4.277496 -5.903461 9.176277 -9.546115 -11.779726 -1.044449 -15.837351 -0.416401 -15.678013 -6.725119 -9.781935 -6.534232 -13.053913
3 -3.473896 -12.093180 26.668227 15.699741 -7.724490 -3.476168 0.722531 -7.806177 -2.535898 -4.630108 0.016927 2.344630 -0.609824 -3.102316
3 -5.495548 -4.221944 71.003945 -6.759965 -9.988595 -4.904557 -4.236157 5.529591 0.830916 -2.763621 -6.745685 -9.580029 -12.191370 -10.476979
1 74.933874 -9.617659 -9.243303 -3.411193 -4.434649 -4.779760 -6.787590 -4.198450 3.430831 -10.622559 2.949801 -13.115785 -7.672922 -7.430638
3 -3.389522 -3.472021 97.027515 -5.693286 -4.047548 -6.687638 -4.580997 -2.249899 -7.887204 -7.587329 -6.635052 -10.739999 -18.406274 -15.650747
14 1.357295 -10.898133 -6.602618 -0.509485 5.071118 2.462998 -1.290423 7.977547 -11.091514 4.611368 -2.672724 0.507250 0.187987 10.889328
14 -7.872020 -15.941361 -1.850790 -1.681743 -3.201158 -1.198900 -2.916990 -1.302517 -18.205825 -4.142023 -0.729433 -8.459763 -8.976967 76.479491
8 -5.670482 -1.144932 -5.083114 1.126447 -13.028697 -8.255949 12.434498 59.748096 -6.239495 2.635857 -9.523805 -8.057669 -9.580955 -9.359800
3 0.078263 -13.418307 73.871843 7.287858 -4.030510 -6.580108 -5.523836 -14.840743 1.487384 -5.488609 -5.090930 -5.406472 -13.837116 -8.508720
6 -7.320866 -5.322000 -6.574320 -1.283273 -12.367014 88.563568 1.015382 -11.622045 -6.100865 -9.641119 -6.131490 -4.859942 -11.676675 -6.679342
13 -0.048563 -11.308776 10.335749 -8.790837 -6.482811 1.768758 -4.190483 -13.608065 4.615575 2.200121 0.987569 6.063845 17.636901 0.821016
3 -3.762198 -8.984071 68.894076 -7.753197 -9.450956 -4.060058 -5.679238 -7.031493 -1.952697 -1.684427 -6.138943 2.656610 -12.928056 -2.125352
14 0.263559 -1.025874 2.223844 -0.898108 0.103831 -0.780140 -1.888495 -2.135368 2.514430 -2.909705 -0.877462 0.792371 0.583752 4.033363
11 -4.572269 -6.214807 -5.751076 -4.823316 3.907534 -5.492345 6.310910 -0.371688 -5.714224 -4.245648 29.987106 -7.912414 -4.423206 9.315440
11 -12.197807 -1.148215 -5.929698 4.395043 -10.368482 -0.558023 -5.485744 1.661999 0.511434 5.001907 30.272120 6.920097 -4.151409 -8.923220
11 -10.269044 -19.340962 -6.990090 -6.898692 -9.854944 -16.392730 -3.791915 -4.861437 -12.142136 -12.175005 129.258940 -9.582620 -10.689644 -6.269720
11 -6.340914 2.189945 -6.029346 -2.833969 4.482708 0.085263 -5.513332 0.661725 -16.372338 -12.019509 49.788468 -1.913253 -4.643641 -1.541808
1 92.639916 -4.341783 9.169141 -9.937379 -3.039235 -6.320826 -8.966784 -6.864822 -13.269022 -13.491656 -12.506384 -5.889943 -12.533864 -4.647361
5 -1.102475 -6.449521 -4.087635 -4.076242 75.060994 0.089998 -2.571405 -14.663043 -13.562177 -1.892263 -2.482387 -14.093945 3.252020 -13.421916
4 -9.262795 -3.692226 -12.124114 106.111259 -5.754855 -3.427920 -4.250553 -5.462089 -5.071699 -4.737828 -17.752587 0.433249 -20.138435 -14.869408
7 -7.108730 -2.079364 -8.938673 -10.675820 -7.993230 -14.692074 117.506446 -13.039994 -12.120543 -5.031300 -9.887881 -11.636178 -4.802728 -9.499931
3 8.352031 -6.235238 11.118098 0.480582 -3.731675 7.917266 2.132171 -2.607806 5.070757 10.528334 -6.353241 0.595200 -28.406474 1.139995
5 -7.526824 0.664884 -5.829838 10.112783 72.539831 -2.790805 -7.691796 -6.989869 -9.458629 -8.449642 -7.916869 -7.576799 -14.848687 -4.237738
4 -2.149240 -10.875669 -4.754174 95.504740 -7.448562 -10.761885 -3.205747 -1.694658 -6.591461 5.399585 -14.244308 -4.397520 -16.954836 -17.826264
6 -8.519626 -5.530137 -14.504556 -13.917298 -8.179687 127.638389 -4.996292 -6.434783 -1.138655 -13.852312 -17.419615 -12.004585 -16.492257 -4.648587
8 -8.602879 -8.874503 -1.206911 1.387323 -1.089903 4.890460 -0.402279 31.893274 -4.773195 -4.683360 -9.057345 11.752485 -1.139000 -10.094166
6 -7.893662 -5.499105 -7.738412 -5.983874 -6.269856 101.223167 -5.451726 -10.361181 -6.045344 -7.206000 -4.880582 -10.455318 -13.729874 -9.708236
6 3.932370 -3.318405 -4.911643 -0.790415 -5.139088 16.026561 -1.307807 -4.974232 13.366671 -5.611625 -4.994021 -0.294873 -5.560659 3.577167
11 7.260129 4.426632 7.503165 3.806653 -7.007544 -1.550557 4.336673 -2.104081 7.287072 -1.999889 7.850072 -7.324110 -12.705393 -9.778823
13 -5.691407 -12.818244 -1.202992 0.307397 -5.208691 -4.734849 -9.080422 -10.034822 16.137372 -1.357897 -7.628187 -7.757230 59.353623 -10.283652
13 7.915449 4.317875 0.271166 -3.741188 -6.372965 -1.305393 -0.347968 -7.538597 -7.437484 -1.398244 3.772521 -0.945053 22.396238 -9.586357
14 0.145219 -3.185303 -1.750471 -1.370641 -1.283738 -0.364857 -1.581842 6.845727 0.052492 -2.843081 -1.720371 -1.982381 0.469539 8.569707
9 -11.992090 -7.810946 -6.130833 -6.824537 10.616154 -0.544111 0.829879 -3.820043 33.693818 3.019386 -3.967667 -9.238993 3.072816 -0.902834
12 11.548164 -16.393511 2.520021 -0.720141 -7.606645 -5.696801 -0.290157 -6.030280 -2.363487 -0.839523 6.066223 19.220156 -0.793200 1.379176
4 -9.236347 -13.302048 -6.255510 90.187691 -12.708668 -11.863760 -6.256389 3.983321 -0.647684 -13.442370 -8.897862 -5.217979 -7.327214 0.984822
14 3.587869 -12.991884 -2.396400 -4.543766 1.624467 1.253762 0.578759 0.417119 -1.504408 -2.883045 -6.274542 3.418036 7.666290 12.047742
4 -4.989414 -10.579626 -10.139722 70.806749 -8.482212 -2.387959 -9.942242 -9.610932 -19.215144 -2.518067 2.496222 0.291477 11.885089 -7.614217
4 -8.426499 -5.147910 -11.539417 114.436574 -16.510415 -6.301564 -1.206441 3.315394 -13.344389 -18.291656 -2.299171 -13.550949 -19.186044 -1.947511
3 -10.227241 10.526515 105.212735 -9.387806 -6.816213 -1.639893 -4.572705 -6.711073 -4.701326 -9.677431 -9.774857 -9.165026 -21.855402 -21.210277
3 13.224916 -1.956570 18.415728 0.097166 -8.779948 -0.181031 -5.806631 -0.243405 -7.920455 3.501953 -1.464634 -2.507036 -6.542230 0.162176
2 -2.152337 6.577415 -7.347645 -2.531964 -3.133391 -0.538911 -1.813042 4.823150 5.443088 -1.428642 -2.071069 2.573390 4.785358 -3.185403
10 -2.171997 -2.016057 -0.331063 3.487565 1.934911 5.293351 -5.120310 -3.194551 -7.805782 7.249897 3.511753 -3.843880 1.285020 1.721138
13 -5.563588 0.571635 1.108257 5.398513 2.611635 -2.279075 0.562251 -3.347690 -3.926658 -9.453145 1.707500 -0.944233 10.789099 2.765498
14 0.116152 6.263702 -4.783844 -5.628139 0.065269 5.800281 0.883279 -1.887823 0.809331 -2.868521 1.480614 -8.430468 -4.290913 12.471078
14 -10.196540 2.980756 -0.872071 -13.020070 13.271553 8.726651 10.158013 13.879897 -19.260033 -8.227371 5.079381 -2.878313 -13.681379 14.039525
4 4.792798 -14.783158 -2.482700 10.703943 -1.796144 -4.804201 -0.306136 1.087596 -1.153282 -1.395930 -3.590747 1.488181 8.869935 3.369844
8 2.290363 -8.148847 3.974964 -5.930777 2.839786 -1.705473 0.411070 9.546890 -4.399070 5.370714 -4.588109 -10.468383 4.083295 6.723575
4 0.881562 -14.080414 -3.881517 87.484708 -16.041972 -14.134040 -7.377727 8.124325 4.008711 -20.092894 -4.749313 -10.565092 -11.473678 1.897343
4 -4.661714 -18.340394 -5.489032 92.623143 -11.180720 -12.146128 -0.878622 3.155634 -7.944257 -8.555268 -7.220105 -5.958378 -3.382371 -10.021788
1 9.886539 2.592928 2.852746 -2.604466 -3.145419 2.073623 -1.583480 1.571536 -2.308318 -2.143135 -1.939138 0.744028 -5.443029 -0.554413
12 1.438830 11.899745 -1.177570 -13.283479 4.827985 -3.096431 -6.394971 12.062154 -18.725301 -6.082935 -4.779312 28.015183 -0.282586 -4.421315
1 95.255305 -3.760387 -1.582976 -8.875071 -19.310975 -2.152360 -9.853820 -9.837096 -4.673497 -6.647645 -6.974158 -4.187916 -12.365781 -5.033623
14 2.200291 -7.400308 4.473773 -4.820099 -5.467645 4.455695 0.096373 -5.068569 6.759534 -10.965107 -10.854812 -2.014060 0.531886 28.073044
10 6.941304 11.643510 2.778395 -4.669407 -2.315961 4.149054 1.526494 -8.950013 -16.228832 13.378763 4.109209 2.491377 -16.927765 2.073871
4 -3.876347 -18.095028 -8.217667 63.879292 -12.248090 -3.591665 -1.022352 -1.283717 -5.168941 -1.387865 -7.281461 6.235339 -14.874382 6.932882
5 -5.319694 -3.384702 -6.615839 -2.111265 77.124714 -13.150281 -6.968365 -10.559883 -3.767943 -7.117230 -0.063565 -2.002924 2.449126 -18.512152
4 -0.850607 -13.454100 -9.649829 96.490501 -1.647199 -19.146470 -9.682904 -1.086745 -10.365529 16.838302 -8.749149 -6.386146 -25.405339 -6.904786
14 1.155940 -13.345179 -2.582183 -5.302216 -2.475286 -0.150512 -3.365908 -8.050715 -1.511816 -5.304638 0.966813 -14.960281 -2.163273 57.089251
2 0.010415 4.324977 -1.952084 -0.572258 1.292608 0.572006 -0.681935 -2.232213 -0.364163 -0.446421 -1.160747 1.402367 0.106112 -0.298664
8 -3.868553 0.636994 -3.775894 -4.411781 2.189780 2.410419 2.036403 2.884512 -0.415007 -0.090994 1.894719 -0.698262 -1.196087 2.403753
4 -5.837990 -17.038642 -9.310397 94.114943 -14.224044 -0.891535 -1.376279 8.967347 -7.857849 -6.214298 -12.594384 -2.892090 -9.648940 -15.195840
12 6.718818 -23.392434 10.062651 -3.277584 -8.905427 2.583081 -2.071521 -10.505120 -3.029674 27.607999 -3.028644 27.813809 -15.091715 -5.484239
14 -5.864430 -9.992342 -0.947388 -7.889244 3.463301 4.492041 -3.475330 -2.373298 -1.791861 12.112306 -0.533803 -9.008311 -2.366584 24.174943
6 -12.520408 -4.029431 -4.942472 -4.699072 -11.270943 102.205736 -8.167464 -11.151811 1.236166 -7.576852 -8.960510 -8.543134 -8.291012 -13.288794
13 -3.123107 2.466789 -6.360620 -3.150230 2.809184 1.166251 -5.990626 -7.793369 5.406758 -2.888728 -0.532880 4.195896 15.884321 -2.089639
6 -1.679529 -1.161514 -1.061740 2.215740 -0.307660 3.478361 1.348975 -6.445242 2.349491 2.165615 1.526212 -2.980239 2.599983 -2.048451
4 -11.751052 -12.230426 -8.242809 96.940949 -16.084311 -12.017132 -1.362574 5.460234 -10.236084 -12.694008 -3.225838 -3.308423 -5.765466 -5.483059
10 -8.633472 -6.349793 -4.332331 -2.686126 -0.817930 -7.633851 -13.244261 -1.037127 2.005356 63.745807 -5.141125 -7.661018 3.280125 -11.494254
8 -3.894813 2.452657 -2.052507 -5.720553 -5.888772 -7.161480 -8.115196 52.859424 -2.964528 18.321202 -11.129995 -9.465370 -8.617182 -8.622888
8 -3.782588 -3.886500 2.661182 -4.559208 -10.310958 -2.758227 -3.611337 45.723672 -0.980248 -2.544888 -7.265185 -6.091231 -0.655861 -1.938624
1 83.478234 -12.073743 -0.366069 3.680804 -2.287773 -17.933868 -6.164661 -12.557686 3.063729 -11.831358 -5.508105 -18.781928 -1.520338 -1.197240
4 -5.470071 3.862491 -6.247716 58.386551 -7.465892 -8.598064 -11.049097 3.055079 -7.955271 -5.778937 -4.548336 -12.361903 6.007924 -1.836759
5 -1.376858 -9.501096 -3.051577 -4.230722 51.947998 -7.642250 -9.447986 6.503388 -4.818475 -7.902629 -9.973059 -9.804981 15.070765 -5.772522
11 -9.461375 3.776964 -8.347621 1.794804 -0.945964 -13.280994 -6.033465 -12.149952 -15.255278 -3.295385 108.753538 -13.428093 -16.743209 -15.383968
14 1.963300 1.652080 1.394832 0.923591 1.417425 -2.863898 3.495024 -0.426653 -9.156034 -1.678797 2.423593 0.380131 -6.934342 7.409750
10 3.217789 -12.620645 -1.607893 2.018081 -5.922214 3.562909 -2.176394 1.303389 10.591295 12.922173 -10.019758 6.801347 -2.084074 -5.986007
8 -3.168278 -8.000128 -6.996843 6.575370 9.550424 5.754111 -3.667747 18.527052 4.904472 -2.477592 -2.669512 -6.666916 -6.533590 -5.130820
8 7.769192 1.015209 -1.474462 3.593701 7.721170 -0.597452 -2.115029 10.375955 -7.025308 -7.939619 -10.232875 0.531455 4.370891 -5.992831
4 0.538375 -13.220881 -2.257844 21.375956 8.714391 6.843818 -12.778582 -5.122423 6.973621 -5.182789 -5.835689 -1.794960 4.155442 -2.408438
10 4.147165 -2.120770 -2.405077 -3.770152 2.778968 -3.566366 2.597300 -2.005649 -2.102666 6.070790 -1.893461 -1.272655 2.771816 0.770751
4 -10.317646 -19.619179 -1.647305 94.575260 -12.030346 -9.575986 -6.663025 4.317254 -1.573180 -12.258910 -7.750161 -4.749089 -9.858885 -2.848800
4 -7.298321 -3.029526 -17.095073 8.114035 6.110791 8.064968 5.755495 6.529688 -10.718318 -2.614517 7.701663 3.118287 -3.553986 -1.085187
2 -0.748379 12.787062 -4.691236 2.250193 -6.053467 3.387622 -8.746798 -6.565479 -0.751734 12.761926 -8.469732 -6.049494 8.407028 2.482487
1 52.222297 -18.076718 -4.426572 0.534314 -7.088564 -2.098805 -8.468735 -15.380563 1.314778 4.867861 -6.510498 21.019493 -16.357168 -1.551124
6 -2.240276 -5.302150 -15.489613 -9.929817 -3.115565 83.929658 -2.671336 -4.410327 -3.462853 -14.567340 -0.266394 -15.095761 -5.920880 -1.457348
3 -3.825939 -10.815789 27.096286 -10.012423 2.826068 -2.400352 3.768686 -6.908113 -6.804622 4.456377 -4.922538 7.984549 1.258684 -1.700878
5 4.153532 2.509633 -19.444573 -5.370585 56.316394 -8.037555 -5.530666 18.269325 -6.948436 -8.366527 -13.793351 3.334599 -3.051721 -14.040067
8 -8.374964 -9.887764 -11.333999 5.666278 -4.888362 3.334559 -12.359672 78.191455 -11.188351 -11.917711 -8.102483 4.059515 -7.191594 -6.006909
14 -3.144668 -3.425128 1.655210 -2.878304 3.694989 -6.102288 1.026769 0.423450 -2.164263 4.346255 -3.404244 -1.055817 2.264113 8.763924
1 7.280480 3.742209 -0.070317 1.848042 -0.333047 0.388342 4.546580 -0.311555 -8.427419 2.227040 5.107810 -0.742263 -8.760270 -6.495636
6 3.706936 -9.435915 -11.898064 5.253375 -6.096768 35.746721 -8.217386 -6.239910 7.149951 -10.680780 -5.969169 12.927237 0.265609 -6.511837
12 -11.956879 2.469997 -3.745719 12.261326 -5.592756 -5.115854 -3.465741 12.780155 -2.371464 -12.111793 -0.543689 15.906493 4.237799 -2.751875
3 -3.422314 -7.346574 57.428916 -0.219458 -1.495577 -3.078014 -1.175945 -4.787996 -6.002906 -2.778975 -8.852437 -8.183599 -5.241951 -4.843172
12 1.753065 -0.282449 2.067161 -2.657168 -1.463505 -3.702942 1.728748 -2.100119 5.972819 -2.336848 -2.757194 11.518925 -3.945135 -3.795359
14 2.360857 3.563454 -12.376899 -0.927066 -6.841409 7.676949 -7.995545 -4.019367 0.338821 7.125490 -13.298841 7.096555 3.473777 13.823223
14 0.012847 1.704718 1.898311 -5.546247 3.883201 0.853435 -2.952766 -2.338166 -8.168428 2.132836 2.508898 -6.255622 4.178103 8.088879
11 -1.534864 -3.103395 -3.805690 -4.342845 -7.017112 -13.667442 -3.574397 -3.305859 -3.432025 3.364808 46.542729 -3.239506 -8.814531 5.930127
13 0.777625 4.796575 1.087222 -2.226045 -3.019110 -1.180662 -1.845592 -3.500482 -4.809965 4.179314 -2.300770 -1.524364 8.851609 0.714647
14 -1.841336 1.222921 -3.745038 -0.241482 -3.569908 -1.554815 -3.553250 -6.287700 3.289952 4.209248 0.478132 8.278474 -5.739882 9.054684
1 109.446663 -10.118148 -4.981599 -9.860505 -7.169965 -12.108524 -3.694950 -7.594572 -6.947746 -5.860433 -8.395023 -8.261568 -13.007718 -11.445910
12 -1.221961 -0.521318 -4.359083 -3.928763 2.192536 0.072064 2.810754 -8.582945 -0.016272 -2.674320 -0.005349 12.377640 1.127403 2.729610
10 -1.339964 -13.183679 6.571420 4.446218 1.574753 -1.523688 -3.464567 -1.515132 -7.183808 9.941489 0.353585 7.712876 7.625863 -10.015367
3 -1.746039 -5.164676 9.936265 -6.604525 1.054046 -0.288124 4.554945 3.595175 -3.314762 -6.384512 -3.786382 2.438768 2.885210 2.824612
1 79.675571 -7.090501 -4.164832 -6.825579 -9.547450 -12.914379 -6.742970 -7.503852 3.122568 -9.529703 -2.107989 -9.023442 -1.705381 -5.642063
1 81.142960 -11.782649 -5.847735 -8.407327 1.118615 -0.200390 -8.650250 -3.546787 -8.384405 9.814562 -9.697965 -13.716276 -17.570793 -4.271561
13 -6.118575 9.016228 -3.664207 -5.117568 3.551293 -0.213080 -4.066191 -8.362260 -3.613903 2.154662 -4.337216 7.823724 9.257387 3.689706
6 -0.638803 7.454622 -3.190707 -10.154505 -0.048307 47.685275 -6.351683 -10.153680 -6.798909 -9.746566 -2.083029 -8.778660 10.152959 -7.348007
5 -11.230511 -1.226163 -7.454691 -13.739357 70.410319 -8.999298 5.876295 14.659052 -20.966358 -0.290566 -9.710024 -15.525382 -16.120768 14.317450
6 1.397224 9.206243 -13.202321 -3.393132 -7.460000 45.383944 -9.512825 1.669586 -5.359357 -5.250975 -8.925223 -11.193205 -1.226961 7.866998
3 0.657802 -13.977871 22.186445 -0.769357 -10.058299 -1.875584 -8.083084 -5.655067 -3.424721 0.636557 5.431461 16.253381 5.532500 -6.854163
2 3.511940 13.460459 -6.249535 -2.909369 -10.577903 0.402918 6.927994 4.554119 -14.215149 -0.506083 -12.094715 13.111170 -6.251922 10.836075
3 -3.286101 -8.025634 67.440212 -7.646176 -9.084829 -4.203439 -5.666579 -5.490556 -2.747270 -1.955665 -6.138943 2.709312 -13.778980 -2.125352
10 1.914875 -3.146416 2.379277 -8.072246 3.425001 -1.373200 -4.749805 -8.544339 6.208564 13.186287 -4.817610 -1.140606 -5.675863 10.406078
6 -1.298077 -1.750777 1.864441 4.195550 -5.170189 9.751308 -1.561872 -2.772534 -0.016276 -1.926722 -1.061799 -1.856640 3.508607 -1.905020
3 -11.901833 -5.077420 48.482641 -4.619118 6.609065 -10.664859 -1.338291 -5.668852 -0.515469 6.291198 2.470851 -10.203557 -12.380021 -1.484334
10 -6.006255 1.438638 2.807784 -1.754953 -3.668798 -3.569815 -8.097525 -8.302623 -5.549511 62.609947 -8.164681 -0.236852 -15.086749 -6.418606
10 -4.270493 -15.147232 1.828195 -1.817400 11.236213 3.990123 -2.852072 -9.866155 -9.356265 22.609791 3.269749 7.421350 -13.035533 5.989728
7 -6.927609 -8.961072 -7.090426 -6.829983 -10.366826 -9.166522 117.271508 -10.762441 -8.041562 -7.350758 -17.077448 -7.500466 -10.639289 -6.557102
11 -6.951018 0.965405 -0.952176 5.788252 -3.061045 5.141153 -4.252161 4.803857 -12.672362 -8.526274 14.367713 3.761462 -1.278198 2.865393
12 -8.537658 -4.119517 3.313482 0.339819 -5.107899 -3.777754 3.102181 -5.835832 -5.935681 -3.017032 1.184109 47.887336 -17.463720 -2.031833
14 -2.857508 2.543695 0.922052 1.541243 1.378267 0.077683 0.030287 -0.510423 -6.519911 0.885589 2.095646 1.133729 -4.086157 3.365810
11 -10.491057 -16.469924 1.157633 -5.313909 5.792727 -7.667895 -8.600945 -16.097623 4.698374 -10.207312 74.652119 -2.758466 -5.730918 -2.962805
11 -10.604791 -11.416581 -5.552619 -8.428282 -4.901101 -11.331565 -5.882052 -8.705244 -16.489044 -15.716391 129.449536 -6.811451 -13.515598 -10.094815
2 0.615272 18.343314 3.580604 -5.869499 1.992483 -2.820515 3.247018 7.827744 -13.837575 -3.337823 0.751952 -6.819098 -4.015602 0.341722
3 -3.286101 -8.025634 66.852081 -7.578752 -5.888665 -4.460098 -5.945238 -5.622082 -2.807902 -2.008194 -7.279069 2.364690 -13.855530 -2.459507
11 -6.002045 12.052444 -6.486545 -1.515291 -2.524126 -9.385802 4.347824 0.011139 -11.884673 2.271990 19.730702 -1.898893 3.249939 -1.966664
14 -7.427632 -1.440118 5.326997 -4.211824 2.682853 3.446170 -1.599476 -7.846614 -13.167888 -3.827907 -3.036741 3.663700 12.054195 15.384287
11 -6.924527 0.970459 -0.132524 -8.103754 6.570967 -4.147939 1.158823 -3.902939 -9.787852 3.539735 21.139495 1.214801 2.795883 -4.390632
11 1.087774 5.390836 -9.356685 -1.781314 -0.755248 3.363972 1.773323 2.170451 -2.777312 -8.425770 9.591666 -4.130211 -4.002147 7.850665
2 0.737170 8.489498 0.412232 6.617572 -2.156285 0.555325 1.548280 -3.668517 -6.858207 -0.324490 1.611980 -1.557070 -3.084259 -2.323228
10 -0.649158 -4.632712 6.171775 -3.923349 -2.478331 -0.816952 1.756829 1.451417 4.959790 14.001473 4.870326 -0.779556 -11.370877 -8.560675
11 -12.318527 44.573886 -9.498509 -5.445519 -3.559411 -15.925033 4.088977 -9.139196 -13.668290 -11.019243 64.126407 -12.209655 -13.955024 -6.050860
10 -4.974204 -4.065891 -3.977481 -2.905824 -2.677164 -2.462329 -0.554164 -6.370457 -4.505225 40.980376 -3.968537 -1.706593 3.483172 -6.295679
11 -0.474228 -6.866048 -11.432071 -2.004268 3.416397 -2.675881 -10.678785 -4.353325 -18.263743 1.989958 70.678362 -0.632900 -16.548529 -2.154939
11 -10.068914 -4.343975 -9.202091 -4.417277 -4.077211 -4.776810 -9.106586 -1.664018 -20.929176 -1.898081 82.986933 -4.061400 -7.404019 -1.037379
6 0.935250 -4.322592 -7.382530 15.609832 -5.594801 32.728434 0.934742 -7.007589 -8.994632 -8.045095 -3.784973 3.120994 -10.035972 1.838929
13 -1.820442 -15.054764 -3.329558 -6.598592 0.611055 -8.719458 -4.268301 -5.369655 3.495563 -11.010245 -4.746083 -0.089823 56.811870 0.088435
5 -0.174174 18.471707 -9.964364 -5.705684 61.500523 -1.476727 -5.546089 3.083860 -7.742534 -8.478509 -7.490005 -15.306318 -7.933744 -13.237941
2 -5.101989 24.427466 -11.150923 2.419899 -4.965573 -2.873223 6.235648 3.753776 -16.340766 0.539753 -0.379694 1.056783 -4.975363 7.354206
14 -2.207894 9.331176 -1.433009 -0.823130 -3.604524 -7.746219 -3.060926 3.632886 -3.568910 2.549199 5.605102 -1.359315 -9.412007 12.097571
14 -3.422845 -0.881681 -4.565002 -5.444962 1.608027 -4.906673 -4.625308 4.487502 -13.387356 -12.338032 10.645514 -5.613940 7.927111 30.517645
5 -7.949148 3.517842 -4.689634 -0.544412 9.838328 -1.995996 1.257975 3.592012 -12.661104 -3.922505 7.456518 6.678116 -5.561545 4.983552
8 -14.534258 13.424427 -2.880679 6.562631 0.620323 0.351379 0.119740 21.833349 -12.246646 9.313221 -1.304136 -9.245261 -13.139238 1.125146
5 -4.068446 3.929921 6.970780 -9.202407 57.693820 -5.272807 -10.605718 -0.596338 -11.494722 9.633998 -2.312324 -9.505635 -15.871772 -9.298350
9 3.139172 5.871379 -5.677208 -11.547946 -4.447040 -3.774667 -5.251084 10.305840 13.163867 -5.801745 8.610379 -2.560666 1.545249 -3.575532
12 0.064770 -2.055221 -3.129751 0.255093 -4.872149 2.197872 -8.652185 -10.791744 -2.547316 7.159651 -6.046471 15.458753 3.685175 9.273527
5 -5.913143 2.473511 2.801373 -3.127505 18.317467 -6.442526 0.244972 -9.354402 -9.840994 3.005767 -1.105040 -3.031245 12.457869 -0.486105
2 -5.949289 66.440501 -4.411114 -6.726083 -3.400842 -5.488714 -3.267623 -4.267842 -12.044705 -7.766342 -2.119967 -4.301626 -4.356543 -2.339811
13 0.476503 -4.852082 0.282580 -1.147861 -5.197137 -3.074131 -7.934888 -0.186404 2.537384 -3.349354 0.028686 -7.550445 24.810991 5.156157
14 0.098207 -8.857359 -0.464866 -7.559761 -2.394393 1.418764 7.749749 -8.302725 -4.691025 -6.810792 -13.120170 -6.441084 -5.729824 55.105278
8 -2.176719 -7.153043 -5.256418 4.277630 -5.713917 -3.274324 -4.128217 12.458058 12.104784 -8.765769 -1.718320 3.987254 5.259258 0.099743
3 -10.333326 2.242154 71.869394 -1.542316 -9.985826 -8.706581 -6.260161 -6.073274 -6.442515 -2.396933 0.895750 -4.157814 -17.086615 -2.021936
4 -6.610650 -3.770756 1.007983 4.555283 3.318033 4.406160 1.537848 -1.139540 -4.465523 -1.503697 -0.058000 2.663598 4.332716 -4.273456
6 -0.385319 13.404649 -4.302106 -10.015720 -18.089472 71.959544 -5.770900 -4.539007 -16.875740 -22.703544 -0.572107 -7.044760 -3.085648 8.020131
13 -1.701658 -1.598845 -2.168131 0.131643 -4.081730 9.290155 -3.131823 3.080960 -8.741107 -2.832395 0.299160 0.231246 16.470103 -5.247576
3 -0.295156 -6.181973 38.845911 -6.849421 -3.552735 6.887987 -5.782882 -1.250089 -5.635184 -6.302512 -3.160414 6.284433 -4.308969 -8.698999
1 43.991387 -1.302622 4.343051 -11.120043 -10.348428 -15.924322 6.738479 0.433168 13.497509 -5.842437 -7.977118 4.133722 -15.187836 -5.434513
2 -5.152785 5.362630 -5.192357 -1.004306 3.381317 -0.260192 0.453568 4.340531 -4.000704 1.192627 -1.992587 0.748210 2.062712 0.061335
1 5.924001 3.617314 -6.276741 -0.696265 -2.551752 1.574845 0.721392 2.113713 1.329374 0.536730 -10.905105 -1.539825 4.347053 1.805263
6 1.261141 -0.551064 -12.592635 -3.066998 3.874655 11.915000 0.729955 2.863767 -0.378386 -0.560208 2.392947 -1.972648 3.013558 -6.929087
6 -4.567727 -8.150390 -11.584360 -1.983886 -0.205358 73.921089 -7.669698 -1.234911 -11.510379 -11.376378 -3.076590 -1.828328 -5.736046 -4.997039
3 -5.361464 0.377627 18.362186 0.232467 0.754033 -1.325159 -2.569100 -5.667369 -6.932160 0.145617 -0.567262 15.196281 -17.230661 4.584968
12 2.285470 -2.055230 -8.714427 -0.291770 -4.441678 10.416699 -6.243711 -6.165340 -22.328755 9.070389 -3.639201 37.970115 -5.287360 -0.575205
1 79.358133 -5.916017 -2.310567 -4.434429 -1.998459 -4.488933 -1.125282 -16.032485 4.712933 -2.210739 -9.585491 -5.158666 -25.836348 -4.973653
14 -6.146565 4.203093 2.741913 -6.245730 -2.934810 -15.526193 -1.070115 -1.593729 0.730102 -2.461576 4.530865 -8.386681 10.817520 21.341909
13 -6.038700 -3.987702 1.770795 -2.069850 1.915193 -4.426216 -2.702431 -2.491819 2.861643 5.915507 -1.951187 0.518827 7.850977 2.834965
11 -3.724003 1.277871 -1.105287 0.497738 0.214305 1.922165 -0.441629 -0.945963 -4.320969 3.145222 3.503473 0.968094 -4.333649 3.342633
12 6.809590 -7.891165 -10.133736 2.366957 -12.024193 1.528869 -0.853791 -11.334995 -5.640838 -11.940288 -8.536299 79.438718 -13.180800 -8.608025
1 51.720617 -13.133600 -0.706430 -7.095064 6.872548 -12.423930 7.313844 -12.542644 14.072748 -1.471521 -1.488879 -15.421073 -22.049083 6.352469
13 -0.008682 -2.627151 -1.915337 -2.321958 -4.160632 -2.228905 0.702331 1.648399 -3.412260 -0.034127 -2.143796 0.169380 21.851308 -5.518569
13 -1.022995 -11.219683 -1.051861 -7.753463 -8.389362 1.627297 11.198632 -5.427574 11.723778 -2.981903 0.190106 -7.385568 30.366228 -9.873631
12 -4.484643 -11.399954 3.300373 -6.724925 4.230864 -2.197491 1.462954 -1.212430 -14.857677 7.267227 7.083312 13.612139 -4.394606 8.314856
9 -5.995091 -0.866845 -1.967808 4.606623 -5.101990 -6.569580 0.239152 0.076434 27.157542 -5.485207 -4.073372 0.997219 -3.944721 0.927646
3 -3.389522 -3.375321 91.612909 -5.671524 -3.599974 -6.455984 -3.987891 -1.930955 -7.175939 -7.287963 -6.317534 -9.109370 -17.908303 -15.402631
7 -14.522669 -6.507877 -7.363292 -10.425417 -15.790351 -9.935781 80.277545 -4.637398 0.417965 -5.157901 -5.894349 -10.214864 2.222047 7.532342
11 -7.082139 -6.518115 -1.014036 -1.019814 -2.712552 -1.495221 3.313200 4.865340 -15.155424 -8.348684 28.983406 -1.604790 4.832184 2.956645
8 0.441369 3.759080 1.452722 -7.388186 -7.680444 -5.089366 -10.859150 54.067922 -1.486186 7.511867 -9.457789 -10.997235 -9.601888 -4.672718
9 -7.997372 -9.714496 -2.013664 -3.243304 -3.470589 -8.388704 4.376981 -7.108191 31.064920 -9.172111 -3.688691 -7.104159 16.267312 10.192069
12 2.588330 -1.566601 4.552679 -5.182324 -0.125787 -3.803574 4.051817 0.453580 -2.671937 1.245779 -1.799471 12.345220 -8.047146 -2.040563
6 -3.123183 -2.791352 -5.293738 -2.584195 -6.786011 49.693880 -2.416726 -4.102842 -3.481985 -3.810522 -5.743013 -1.779185 -4.146001 -3.635128
1 34.512220 -1.292126 3.782996 -1.186178 -4.346573 0.307742 4.898616 -14.117175 1.917969 -2.050192 -5.970623 20.451345 -26.950551 -9.957471
1 12.604767 2.292113 -2.789726 -5.361512 3.815691 -3.908318 -3.764551 0.120658 5.609709 -10.679016 4.594966 -3.045677 -0.646742 1.157637
9 -7.552416 -4.624757 -9.017001 -3.300606 -0.095675 0.004458 -3.106723 -5.502336 52.273708 -1.159474 -9.852927 -0.084326 -2.033733 -5.948191
5 5.618771 9.362041 -0.059165 3.837551 55.575715 -0.868096 -2.576785 -8.419315 -14.943303 -4.666964 -5.646437 -19.121736 -17.055391 -1.036887
5 -1.312682 -8.003640 -6.001133 -3.464388 22.961683 -0.859514 -3.752356 3.016176 -2.869572 -2.985230 -7.163492 -7.660948 20.064689 -1.969593
11 -10.800529 -5.414123 8.844284 2.866889 3.378413 1.282569 -2.332420 -0.945084 -9.456882 -0.382124 14.512848 3.311833 -4.320263 -0.545411
1 77.220175 -5.740075 -9.501173 -5.194052 7.574387 -16.919592 -4.138129 0.120287 -5.408620 -8.491435 -6.852837 -9.683262 -6.760930 -6.224739
2 5.894733 8.140502 -0.937072 -8.298560 -1.908531 6.658410 -7.752367 -8.866154 2.927582 -10.263822 -3.860152 4.399031 7.378795 6.487604
12 -2.008823 -4.121983 7.199702 -0.511423 -1.403370 -2.508123 -1.951016 -11.835885 2.356625 -7.424758 -3.131057 36.434840 -9.242743 -1.851984
1 24.815339 7.237562 -1.496781 -5.537799 -8.510489 14.643379 -1.781206 -10.576531 0.499912 -2.649120 -7.681313 -7.706056 4.100606 -5.357503
1 115.940842 -12.298085 -11.025278 -7.649635 -13.075508 -10.954483 -4.758540 -5.217339 -0.626105 -13.935151 -3.490554 -7.785544 -16.590361 -8.534260
1 55.293854 -6.870848 -1.563614 -4.424146 -2.860892 -0.723228 -4.146638 -3.804726 -6.174750 -2.051369 -8.275648 -7.956330 -3.388156 -3.053509
1 98.947731 -15.626819 -11.277396 -3.469416 5.402530 -6.345021 -5.605383 -18.200297 -16.519694 -0.495940 -11.778914 -9.332602 -1.392691 -4.306087
1 89.704663 -15.693892 -10.096102 -11.845556 -9.222900 -9.374735 -7.612833 -6.673060 -7.105596 -5.280881 -8.237320 -13.366237 22.758097 -7.953645
1 99.385570 -0.306094 -8.809375 -7.942286 -7.276990 -7.259600 -7.400525 -9.592456 -6.342361 -7.669819 -3.741692 -8.805658 -18.063411 -6.175304
1 77.641823 -15.484730 -8.371390 -7.520490 -8.404093 -6.078242 -4.629987 -3.538698 -6.065561 -4.746685 -6.638136 -1.021617 -1.317110 -3.825089
1 95.190167 1.292872 -9.816400 -2.386783 -7.423541 -9.548270 -12.670681 1.421920 -8.878783 -13.273209 -10.184293 -11.999537 -3.084959 -8.638507
1 91.062351 -18.109479 -3.742006 -1.702006 4.333087 -13.399799 -9.407401 -15.980469 5.083594 -3.497774 2.057733 -15.007009 -9.650214 -12.040610
1 79.154932 -9.734046 -4.873226 -9.819965 -2.962563 -3.614588 -7.022286 -5.090766 2.683023 -10.254249 -6.465457 -9.683956 -13.107402 0.790549
1 108.442215 -6.537313 -5.153311 -12.100468 -14.793179 -8.759163 -6.366917 -1.393922 -11.427945 -9.739789 -10.071071 -8.902245 2.197844 -15.394736
1 56.047887 -11.669908 -6.635012 -1.461476 -9.582991 0.083598 -3.327551 -1.160069 0.984794 -4.542156 -9.512867 8.015141 -7.887653 -9.351738
2 10.807848 12.948920 0.706359 -0.569348 4.976273 -1.335963 -1.984686 2.603834 -11.845827 -7.005653 -1.515653 -3.462009 -10.694572 6.370478
1 87.310308 -17.107757 1.938102 -6.455836 -4.813725 0.809332 -1.962918 -7.435272 -7.049053 -7.035212 -17.824055 -8.717149 -7.931400 -3.725366
13 3.951167 -0.637206 -1.967670 -3.065217 0.360034 1.244669 -4.928360 -3.449705 -2.572286 -2.886432 -1.676817 1.284479 7.526201 6.817142
1 97.327834 -11.774610 -11.164067 -6.022497 2.075034 -9.161749 -13.485070 -5.404040 10.018830 0.144291 -9.934279 -11.408208 -27.712728 -3.498744
1 61.072760 -9.685080 -8.260855 -3.726497 -11.298963 -1.720835 -8.660756 0.043000 3.578646 -5.232255 -7.478702 11.622259 -8.210801 -12.041923
1 63.632949 -11.127896 -3.912811 8.001900 -0.453468 -13.348966 -3.254853 -6.367740 -3.302428 -6.573493 -1.518688 -1.671249 -14.256184 -5.847070
1 79.234930 -8.461735 -6.820898 -5.166191 -9.720242 -1.001115 -0.653779 -10.579866 -12.308702 -13.484373 -2.218871 -6.503579 1.784990 -4.100568
1 18.039407 -10.496814 4.853363 1.627079 -6.079483 -0.506573 -6.645786 2.222654 -3.153704 -3.976281 0.408293 8.062307 -6.391132 2.036668
10 -2.062567 -2.744726 -3.154114 -0.725726 3.301168 1.630676 2.402009 -2.688457 3.838157 6.255222 -5.120644 2.864070 -1.505356 -2.289713
10 -10.114684 2.922068 3.704505 -0.394922 -2.507562 6.676683 5.848671 -1.812916 -16.529949 28.848142 10.195655 -6.881005 -18.769164 -1.185522
13 -5.760044 -4.385042 6.638633 -3.223768 -5.427729 -8.254550 -8.928065 11.075654 -13.072933 -1.037553 3.150262 4.868600 21.118845 3.237687
9 -2.650230 1.229397 -1.331690 -4.464460 -2.100200 -1.817041 6.066824 3.523899 7.256209 1.064538 -2.497757 -0.685430 -5.438611 1.844552
14 -6.046447 -4.998022 8.767360 -4.268044 -3.008121 -2.949049 -4.433433 0.602061 -6.822288 7.140825 1.549814 2.112659 2.170346 10.182338
10 -2.866438 -9.835332 0.788004 -5.511236 -1.635666 -0.423654 0.824804 -0.296532 -6.732389 29.869361 -7.310083 1.712032 6.267218 -4.850092
10 -4.609580 -5.268398 0.552522 -3.680457 -1.987932 -2.553295 2.334405 -3.685432 9.064833 23.125859 0.106447 -4.663316 -0.273848 -8.461809
10 -4.646283 -6.216726 -5.406128 -10.514142 -5.307486 -6.260173 -6.552891 -4.913594 -4.244220 77.355657 -5.865880 -5.763040 -4.787085 -6.878011
1 16.457885 0.963884 -2.519558 -14.152061 -9.887638 7.107766 -1.892148 -1.166358 -12.487804 -4.917231 9.894225 -13.065812 10.082522 15.582327
13 -5.293910 -10.469853 0.556903 0.381615 3.590623 -7.846883 2.963042 -1.688780 1.494193 9.442518 -1.846528 -4.836164 11.239592 2.313632
10 -7.639320 -12.989109 -7.107506 -6.456180 -1.511323 -17.309273 -5.018605 -8.333874 -2.554588 82.048622 -5.808461 0.635825 -4.399535 -3.556674
8 -1.021383 -15.171511 -1.939181 -4.018719 2.989972 0.426501 -1.425145 13.192535 -1.770941 8.268926 3.392835 -2.088247 4.202347 -5.037989
13 0.318682 -8.611185 8.869894 -1.927583 1.367614 -13.690251 -3.824901 2.108780 1.148244 0.064820 0.737433 -0.262340 13.575593 0.125200
10 -6.991321 -1.925643 4.288247 -6.969887 -2.024183 -9.232285 -3.273089 -4.770884 -6.219181 55.929961 -6.079401 -6.979813 -1.103099 -4.649422
11 -4.555696 8.565150 -4.591180 -0.429147 2.951068 -0.011511 3.286659 2.703272 6.381409 -10.155841 8.765938 -9.118151 -4.869802 1.077832
10 -3.713825 -16.687266 -6.330147 -13.640753 -0.447051 -4.087924 1.995087 3.946383 -8.292827 77.912288 -14.193941 -11.441067 0.393750 -5.412708
10 0.320175 -4.678059 0.498341 0.177270 4.515487 0.596600 -2.481512 -9.936433 -3.935533 24.957258 -2.202103 -0.652583 -13.711936 6.533028
10 -6.251260 -5.030530 0.913716 2.425613 0.641927 -0.286384 -3.760983 -6.214830 -4.334422 38.980832 -0.818688 -8.380173 -9.750494 1.865675
2 -3.340455 9.611958 -7.449197 5.358197 -9.126508 -1.345377 -1.521515 7.541351 4.673631 -3.813701 -2.742997 1.054971 4.517657 -3.418014
12 -3.111493 -0.446399 -0.547489 -2.880491 2.907342 3.970928 2.428666 -4.706392 -3.706560 4.449802 2.023744 8.090652 -8.009799 -0.462511
6 -4.450520 5.911491 -5.605214 0.411058 1.929312 8.712451 3.265464 2.065269 -4.095224 3.474876 -1.594898 -6.034947 -1.076315 -2.912806
2 -5.822695 74.554003 -5.074984 -6.387412 -0.397684 -14.026370 -5.900054 6.513453 -3.443599 -4.273285 -12.068362 -6.020985 -12.118095 -5.533933
2 -1.194145 9.100764 0.100637 -2.262725 -2.368087 3.501811 0.045810 -4.333750 -5.196712 2.672957 -2.529119 6.112283 -2.292604 -1.357123
1 0.000000 0.000000 0.000000 0.000000 0.000000 0.000000 0.000000 0.000000 0.000000 0.000000 0.000000 0.000000 0.000000 0.000000
2 -4.383077 69.628728 -3.499294 -9.528920 -3.596925 -0.525892 -5.101805 -0.251977 -1.627602 -7.325554 -9.810608 -5.132128 -12.244442 -6.600504
2 -5.814215 89.851671 -5.672048 -5.620088 -2.501676 -12.340355 -6.447934 -0.822963 -14.676277 -9.892888 -9.649487 -1.513188 -11.814058 -3.086495
2 -8.251142 27.111731 -11.556001 -2.276544 0.094696 4.509349 3.729164 0.914506 -6.864197 -3.203482 8.392908 -10.397800 -3.087384 0.884195
14 -13.689814 4.378000 6.698565 -0.785612 -2.747233 -2.997992 2.985404 -4.498921 -6.133350 12.911201 -7.199975 11.040643 -15.058982 15.098065
2 -3.065018 56.201574 -2.984126 -6.359424 -1.305407 -1.362258 -5.516149 -6.150912 -2.114986 -3.787421 -5.042398 -6.109722 -8.102401 -4.301351
2 -0.135769 22.272123 -13.879093 -3.783347 -6.570257 12.728131 9.557373 10.662450 -9.838392 -5.050594 -10.418116 2.002812 -19.681764 12.134439
2 -0.259001 93.276031 -10.001497 -8.637818 -1.106419 -6.150625 -8.728788 8.016984 -15.122850 -9.358910 -11.383926 -11.926255 -11.682314 -6.934612
14 -8.501412 -15.119135 1.820736 -9.902391 4.941055 4.852437 7.350243 0.742818 11.420311 -1.631656 -11.136874 4.012516 -4.101704 15.253054
2 1.131004 68.073019 -8.206806 -0.272881 1.548614 -0.168571 -5.815144 -10.879983 -11.149711 -11.704472 -9.609971 -4.557783 0.057897 -8.445212
2 3.063024 24.329969 -8.459865 -4.007162 1.030305 -0.697773 6.665552 2.088539 -8.344655 -5.499802 4.069500 -6.553089 -4.612179 -3.072367
2 -1.524837 56.061674 -6.110667 -4.149754 -6.208523 -1.925032 -4.976722 -7.978876 4.190842 -2.563920 -7.936876 -5.630183 -6.576698 -4.670427
2 4.055532 33.754616 -2.932339 -0.926945 1.678824 0.449660 -6.297019 0.109567 -7.149849 -8.283257 -4.496505 0.617059 -8.249213 -2.330131
2 -6.566226 39.722456 -2.505477 -7.235606 13.427741 -4.907803 -0.905168 -5.137902 -16.814992 -7.910441 15.015316 -6.217294 -4.320279 -5.644322
6 -3.429043 -7.286256 -5.442444 -9.002941 -2.273711 15.190671 12.495004 13.621422 -5.666258 -9.018618 0.920206 -9.873108 -1.857837 11.622911
13 -2.679376 -1.848215 -2.176536 -7.328929 1.068246 8.200036 -1.119329 5.483964 1.854253 -4.106878 -4.168015 -0.826398 13.042616 -5.395439
7 0.506997 -15.863169 -3.851539 3.059739 9.546060 7.289977 11.906160 3.897014 -6.569102 -6.242667 -9.508667 2.554316 3.904064 -0.629186
5 0.723149 1.972770 -0.538069 6.706054 10.877891 -0.813943 1.174556 -13.179494 -7.036568 -7.650746 -2.498825 2.693416 -2.000261 9.570070
5 -5.877295 -10.383628 -6.915184 8.880680 50.940101 -3.449758 -3.085793 -2.139233 -4.951399 -6.562177 0.691523 -7.262824 -7.679939 -2.205072
5 -2.905216 -2.941670 3.231409 -0.010365 11.656301 -4.777633 -1.309311 -1.796646 -3.970014 -0.412421 -1.859404 -2.052153 0.049924 7.097199
5 1.088182 -10.905781 -4.620427 -3.679720 66.524839 -3.152641 -10.348186 -4.979892 -4.964580 4.404243 -8.924713 7.380659 -19.577113 -8.244872
12 0.475397 -0.615057 6.983118 3.221669 -3.729323 6.257313 -3.602541 5.571245 -9.684740 -3.600109 -5.347945 7.969198 -8.684145 4.785922
14 -0.217669 -1.372616 -0.414077 2.018710 10.877063 -2.762030 -0.596041 -1.608371 -9.684991 -0.156479 -2.856159 -1.611145 -5.008180 13.391984
5 0.343710 -13.237224 -9.292515 0.383200 25.216644 4.038611 -4.058253 -1.186711 -11.009748 4.846234 6.988380 2.114626 -8.356740 3.209787
14 -0.513957 -8.016637 -7.223058 -0.230877 3.264604 -1.026560 -0.627534 10.799436 4.254104 -4.988352 -2.753590 0.626656 -4.400059 10.835820
3 0.443236 -6.224500 11.477491 1.764625 -0.782706 -3.348063 0.132253 -2.493486 0.365811 9.884143 -6.714900 -1.608586 -0.102420 -2.792901
5 -6.351538 7.730826 -2.502931 -6.156578 19.400952 6.353973 -1.230707 -5.083018 3.668970 -6.667827 3.029304 -9.031463 12.677863 -15.837824
5 -12.160843 -11.160830 -14.227507 -0.147893 141.693641 -21.643698 -12.313611 -19.142697 -8.944352 -16.013601 1.145156 -4.566507 -2.194745 -20.322513
5 -7.681692 -13.848021 -0.992712 11.266619 57.934292 -8.333094 -0.525883 -9.930993 -6.274265 -7.226307 -14.029065 -13.624937 11.283690 1.982364
5 -1.130834 -3.753384 -6.390670 -6.477792 83.405681 -2.069541 -7.679048 -11.163418 -5.188716 -12.084594 -5.702685 0.193970 -8.005077 -13.953894
5 -4.517237 -11.524769 -8.214182 -4.412758 65.950893 -12.831177 -4.947736 -3.940022 -2.858232 4.961714 -9.079825 -3.788741 4.388200 -9.186132
5 -0.386906 -9.327413 -9.404340 -4.248154 89.332949 -12.624151 -8.803125 -12.803688 14.685429 -7.293723 -4.977470 -18.381986 -2.391724 -13.375701
5 -7.776790 -5.669525 1.769141 -2.913138 54.218594 -0.118690 -4.839895 -13.699351 -12.258060 -2.392392 -0.391365 -8.041174 -16.626294 18.738940
5 3.212914 -6.405163 -7.422761 -6.909484 59.424425 -4.732934 -1.768936 -9.360502 -10.899180 -5.859592 -8.519439 -6.070894 13.570184 -8.258637
5 -4.612844 -2.071108 -2.620350 0.195069 14.132530 9.176084 -1.990759 -1.185673 -8.721883 -0.556090 3.451574 0.200727 -4.348625 -1.048651
11 -1.551556 -3.986645 -1.892000 1.238159 -2.574622 -1.713252 -1.916842 -1.476023 -1.454573 -1.544041 23.083509 -1.758180 -3.123843 -1.330093
11 -1.445415 -15.115065 -3.893973 -8.202187 -6.404800 -3.305072 -10.247425 -3.049539 -17.602392 -4.632859 100.279311 -6.930838 -12.505780 -6.943969
14 -0.291846 -2.810751 -1.526074 -5.206355 0.389080 -2.679001 4.174556 -4.989770 -2.589099 5.632489 1.424967 -0.239404 -3.393629 12.104838
11 -3.331081 -5.464265 -3.916454 -1.101810 -5.673821 2.954535 -3.858020 -1.555085 -3.461374 -4.868123 43.492476 -4.439152 -2.520806 -6.257021
11 -3.472312 -6.983998 -1.850017 -4.786585 -3.921499 0.275438 2.095229 0.641141 -0.098820 -3.233704 25.400853 -3.806314 -1.331003 1.071589
11 -0.094320 2.717608 -4.037665 1.308897 0.720194 -0.084136 2.058318 1.513696 -9.279347 -2.662402 15.332205 -3.719595 -8.401834 4.628379
11 0.777591 5.967467 -3.271490 3.804494 0.191571 -2.746969 2.585152 -5.816743 -4.907668 0.116966 20.675890 -8.178756 -5.890918 -3.306588
1 24.614151 -6.141414 0.920379 -4.641043 -9.494588 -0.020341 2.604730 -6.180721 -5.330388 3.108611 3.908035 1.653677 0.027724 -5.028814
11 4.587406 -5.535769 -4.822066 -4.581229 -5.371592 -0.489651 1.142832 6.035925 -1.878230 -8.131903 19.379493 1.924205 2.778578 -5.038000
11 7.039128 -0.008853 6.992578 -2.415918 -2.402987 1.866815 0.128396 -6.197916 -7.727501 -2.989961 8.958961 6.516264 -12.701478 2.942471
11 -3.976010 -18.868599 -8.455202 -4.222745 -13.051864 -11.686132 -5.626401 -1.150357 -7.107874 -15.440077 108.130859 -4.348212 -6.882268 -7.315119
11 -5.510964 -4.377801 -9.751135 -4.562881 -2.502907 -2.283783 -4.631652 -3.477061 -4.794062 -6.235781 58.899657 0.222634 -7.264798 -3.729467
11 -1.552929 -15.345297 -2.301889 -5.840355 -4.009046 -4.313662 -2.900507 -4.405939 0.138649 -0.730916 44.523424 0.215381 -0.611852 -2.865064
5 -1.130183 -9.186498 -7.422711 -8.187580 17.067255 -10.449243 -1.837304 2.206207 -9.691218 5.481559 14.479896 12.487068 0.644240 -4.461487
11 -5.187486 -8.523521 -4.775211 -8.020476 0.340511 -3.567086 -2.880041 -3.730153 -6.382740 -2.721292 57.963133 -3.905120 -2.431912 -6.178605
11 -4.636198 -4.199860 2.120753 -6.972848 -8.886181 -4.735362 -8.089648 -10.545349 -9.884774 -3.690071 66.663440 4.190611 -1.087779 -10.246736
11 -5.397493 -12.995308 1.236185 -1.824338 -8.899836 -10.562992 -6.276507 -13.598174 -8.432819 -7.957845 88.270665 -11.359489 -2.000651 -0.201398
11 -7.084239 -8.109133 -5.133649 -3.754173 -6.874006 -9.543258 -1.532282 1.416889 -6.036188 -12.503399 68.519127 -9.836028 3.759656 -3.289315
11 -5.448832 -7.739666 -3.948457 -5.115788 -10.103810 -5.625703 -4.135571 -2.339397 -4.719995 -6.897004 51.807090 -2.288951 3.255414 3.300671
9 -0.156801 -1.786854 0.032521 1.410376 -0.081772 1.517100 0.503855 -1.710886 6.195297 -1.132946 -1.543448 1.387094 -2.185399 -2.448136
11 -6.878908 8.097430 -3.432581 -7.528444 5.969152 -5.161018 -4.893743 -0.678899 -14.485778 -5.590014 42.922649 6.839599 -4.622778 -10.556670
2 6.764499 6.893140 -0.372140 -2.941166 -1.448187 -0.372595 -3.992997 -4.120258 6.596751 1.542958 -0.180937 1.396216 -8.670380 -1.094903
4 0.212346 -5.413243 -1.137759 21.245562 -3.834445 -2.800654 -2.410021 -9.868137 2.951822 -6.477540 -3.747887 6.041068 -11.128092 16.366979
9 2.030675 8.998916 -12.610740 -0.681571 1.760256 -9.588149 5.631347 -0.285596 16.363252 2.009194 -5.056763 -4.023540 0.562270 -5.109553
5 -5.775590 -2.218806 -7.700493 1.321669 10.706703 -5.420094 3.241733 -4.245570 9.113177 -2.903789 6.922890 1.128379 -11.574237 7.404023
12 -6.425670 -3.983381 1.757730 -0.476207 -2.789694 -3.299393 0.898230 2.557536 -8.917932 2.532073 2.638446 9.542457 -2.412255 8.378060
7 -12.229900 -6.764897 -9.638664 28.036298 7.758664 -14.480817 90.981736 -11.313320 -16.502683 -11.353079 -11.651762 -10.259154 -14.199522 -8.382898
14 1.073735 0.521374 -4.820072 -1.688292 -5.581149 -3.305126 -4.342161 0.064760 -4.868214 -1.736733 5.682323 2.546955 3.830270 12.622331
4 0.169710 2.385891 4.105716 25.464945 -12.318054 -2.255056 2.521716 -12.882046 -2.275420 -10.213438 1.719934 -3.982494 9.760109 -2.201512
5 -6.247845 -12.357169 -7.927115 8.073948 68.492788 -1.462418 -7.732986 -5.989194 3.703294 -4.788021 -8.084546 -0.518382 -12.872139 -12.290216
14 -3.682534 -8.015460 3.403443 2.383730 -0.025255 1.677596 -1.493722 7.016800 -6.667979 -1.333146 1.794128 -4.871079 -2.213897 12.027374
4 -7.629900 -0.762962 -1.950732 39.024311 6.248478 2.782798 6.839510 0.191993 -14.729888 -7.475700 -2.481419 -11.096697 -6.469267 -2.490524
14 -1.040224 -1.764423 -9.337072 -4.333743 -4.181231 5.884731 -3.777144 5.830105 7.618362 0.352727 -1.295597 1.694964 -3.347810 7.696355
4 -3.152949 -0.745406 -14.346929 49.063772 0.956461 3.934681 -4.885581 -8.221646 -9.054544 -15.126866 0.298377 -5.921015 -0.788835 7.990477
4 -5.008713 0.473294 -10.722482 42.031515 -0.059022 4.974762 -2.276507 -5.443929 -16.400819 3.458035 6.299914 -4.505877 -8.002290 -4.817884
2 -2.572160 14.971524 5.729059 -5.399607 1.121400 6.069166 -7.095027 3.925931 -21.136146 3.995234 7.894912 1.913462 -11.359628 1.941879
4 -3.710189 -2.957068 -2.749002 17.377695 1.397987 -1.551458 0.287177 -5.969081 -1.149532 2.286240 -1.099845 2.403829 -2.380136 -2.186615
9 -3.546317 -2.280937 6.030166 -0.266145 1.433884 -7.712058 1.629475 -11.364208 36.647094 -4.410170 2.406935 -10.769598 -8.081239 0.283118
4 -5.040748 -0.561314 -7.039886 17.467311 6.093127 3.337995 -15.293917 -8.523259 9.295058 -4.418536 -2.007341 -1.830119 6.114133 2.407497
4 0.294174 0.392447 -3.685069 10.009728 -4.690282 1.606975 -3.934708 2.552729 0.436068 -5.934499 3.535811 -3.975190 6.091377 -2.699561
1 10.480763 2.269264 -7.559389 3.842199 -1.190393 -1.973128 -2.202806 6.015473 -9.255757 2.420548 -2.478591 1.586806 -2.171326 0.216335
6 3.083820 -8.153532 -8.555030 -2.835794 4.985695 5.766873 3.133962 0.939042 -4.168475 4.636764 1.640859 -0.513632 0.867153 -0.827709
9 2.776315 -7.593937 0.885103 0.552314 -0.059231 -4.481103 1.996966 -0.760206 10.053444 -5.498897 1.605022 -5.035575 6.375813 -0.816030
12 -3.036992 -4.107958 -0.287161 -0.623553 1.952680 0.866856 2.055834 -3.247370 9.220310 -6.876289 -5.836302 12.919544 -9.606128 6.606528
3 -7.459575 -4.902479 27.375896 -4.001444 -4.847569 -4.807041 2.760265 8.768842 -0.593228 -11.604178 -4.899884 8.943567 -5.792262 1.059092
3 2.168447 -2.947538 22.193640 2.241651 -5.109154 -8.604653 0.528774 -10.134174 -0.609224 5.808746 -0.765006 6.811922 -9.635913 -1.947517
12 2.768562 -15.765896 -1.118865 -3.767098 0.599988 4.178353 6.404709 4.915458 -3.565155 -2.941574 7.984919 14.534483 -16.689739 2.461851
3 -14.110990 -4.785091 54.618933 -9.084443 -5.864084 -2.681977 3.262018 -6.835903 8.565197 1.401067 1.008756 -17.233996 -7.511957 -0.747532
3 -0.919000 -1.180731 40.112661 -1.723206 -2.721827 -2.308690 -3.019376 -2.661991 -0.690978 -5.831535 -2.125417 -5.726859 -7.175023 -4.028032
2 3.593842 7.182702 0.026046 0.895872 -4.632439 3.000442 0.955888 -4.919226 -4.167562 4.778765 4.333505 -1.610529 -5.905782 -3.531522
8 -1.114480 -5.858636 1.940498 -1.345725 -8.085270 -13.059584 -5.841225 26.105132 8.803802 19.012940 4.816700 -6.665305 -17.830894 -0.877956
12 -1.162861 -15.270673 7.863256 -4.015380 4.957666 6.975854 -7.690183 -3.122144 6.023965 0.956056 -7.057929 14.650841 -6.574435 3.465965
3 -5.050931 -2.068459 63.136350 -2.790386 -4.109567 -4.490856 -8.197100 -4.358620 -16.460473 -0.847575 6.533071 -4.611263 -13.041569 -3.642624
3 -2.928720 -0.042789 24.172637 0.390212 -4.420422 1.798323 -3.576037 0.353866 -8.855733 1.455552 -0.563547 2.657419 -7.298342 -3.142420
3 -3.920422 -14.887084 97.329138 -2.990904 -1.076374 -3.033745 -1.600298 -13.558197 -14.957264 -6.125862 -2.885772 -9.310987 -21.073179 -1.909052
8 -6.285951 1.061728 -10.516758 -2.602771 2.587695 2.743487 0.502087 9.439146 -7.656071 -4.637601 5.162672 6.743158 -4.590473 8.049652
3 1.850311 -6.309771 39.688740 -3.047443 -2.200321 -6.812199 -2.965339 -3.644046 -5.744753 -9.537826 -2.220816 5.550114 1.305009 -5.911662
3 -4.549404 -4.614027 43.526031 -1.750446 -7.094069 -7.882846 -4.665028 1.648527 15.414882 -5.162231 -2.280080 -8.436885 -4.636490 -9.517934
6 6.444349 -3.269714 -14.861172 3.501281 -1.775211 32.865197 -3.537265 -8.822998 -12.673288 -8.347142 -1.124475 11.099892 9.620931 -9.120388
6 1.760433 -3.416275 -5.399250 -0.179111 -3.509395 21.391959 -1.946782 1.379104 -5.473195 2.143102 -5.418025 -7.201512 8.158255 -2.289310
6 4.256693 -15.190734 1.152428 -8.595723 6.072205 22.580584 0.285536 -5.138186 -2.119864 -0.226579 -2.045011 -0.930939 -0.662751 0.562339
6 -7.015533 -10.819268 -9.638169 -2.822198 -9.708555 100.507215 -7.397378 -8.720062 -6.483898 0.332855 -6.233619 -21.922437 -3.160454 -6.918502
6 -0.630255 -5.519304 -7.247488 -0.141504 -0.841597 27.054449 2.778071 -4.117406 -6.396706 1.406185 -3.943629 -1.082838 -1.566459 0.248479
6 -9.543478 -15.810322 -7.555349 -8.330415 -12.920566 147.891174 -8.483628 -11.729037 -8.949438 -7.422799 -12.303789 -12.526826 -17.313164 -15.002367
6 -1.312097 -10.447866 -13.780394 -1.360481 3.845360 52.023415 -9.345381 -4.432139 -11.349670 -5.450331 -7.387215 -10.645335 30.187536 -10.545407
6 -13.129757 -4.519213 -9.724175 -12.640249 -4.337970 125.584095 -8.579620 -6.602214 -14.843577 -10.154203 -1.975069 -6.064635 -23.760563 -9.252853
6 -7.015533 -10.819268 -9.638169 -2.822198 -9.708555 100.507215 -7.397378 -8.720062 -6.483898 0.332855 -6.233619 -21.922437 -3.160454 -6.918502
6 -6.176843 -4.577872 -5.448658 -3.782024 7.560080 18.667935 5.650144 5.758710 -2.945076 5.546219 -0.873266 -12.888638 -3.907218 -2.583494
13 -4.312615 -7.497009 3.184339 0.620688 -6.969570 7.583605 -3.263905 1.057117 2.779430 -2.997217 -4.099217 3.625236 11.490052 -1.200934
6 0.091482 -9.763025 -11.502090 -8.536408 -3.485601 60.176347 -0.970777 -4.047790 -6.606864 12.435561 -6.271552 -9.612092 -8.917411 -2.989782
6 12.341541 -10.257187 -16.815879 -4.164117 -14.442373 84.107172 -8.365651 1.944058 1.201447 -15.452468 -10.386353 2.638651 -11.430258 -10.918582
6 -9.616891 -11.623911 -11.106069 -4.738928 -15.102370 140.602721 -9.918305 -8.653938 -4.168421 -16.054913 -7.508267 -8.742462 -16.203930 -17.164317
6 -2.549060 -5.827056 3.624283 3.524596 6.785845 9.274721 0.268438 -4.053019 -6.992595 0.064975 1.834070 -1.176037 -7.372557 2.593397
6 -5.245487 -15.609195 -3.676529 -11.305000 13.402327 66.041173 -3.844478 -3.029700 -7.953414 -5.311185 6.639869 -19.001978 -9.752828 -1.353576
6 -1.914560 -1.285393 5.377817 -2.249102 1.960613 8.526456 2.009590 -2.166047 0.684259 -2.142674 0.388377 -2.928512 -3.855832 -2.404992
6 -5.944509 -6.306884 -2.751559 -5.246160 -1.057686 50.979075 -13.170047 -6.519718 -14.815531 2.886784 -10.028348 1.177935 2.905154 7.891491
6 -7.015533 -10.819268 -9.638169 -2.822198 -9.708555 100.507215 -7.397378 -8.720062 -6.483898 0.332855 -6.233619 -21.922437 -3.160454 -6.918502
2 -11.670009 15.221225 -3.338071 1.930009 0.817542 5.056786 -2.959207 10.116197 -8.382910 -6.387716 -0.170568 0.247237 -2.239319 1.758804
6 -3.315783 -17.435554 -10.505593 -3.484772 11.551417 30.177931 -9.553550 18.700327 -13.978540 -11.689109 -1.792423 -0.254707 -7.359715 18.940067
6 -7.015533 -11.564333 -9.007640 -2.995388 -9.765273 103.184941 -7.397378 -9.163311 -7.812445 -0.228631 -6.233619 -21.922437 -3.160454 -6.918502
6 -5.490263 -9.124603 5.611297 -1.164890 -4.092315 30.786136 -0.338017 -3.117938 -10.131358 -2.289483 -1.900989 10.024403 -14.582426 5.810448
6 -2.850431 -14.615247 -1.746733 -4.634529 -5.731318 52.573029 -4.301587 -7.683640 1.603501 0.195673 -3.753901 -4.282636 3.820906 -8.593092
3 0.946191 -5.848641 41.773893 -13.070695 -7.614341 38.845354 -7.483370 -10.614026 1.222602 1.902285 -4.810869 -8.518999 -17.775169 -8.954217
13 -0.899582 -5.002151 -11.725311 1.532773 -0.502350 -12.969848 -1.623477 -6.294834 -6.730554 -6.654772 -9.955025 -5.729574 69.660209 -3.105504
13 2.703659 -3.271346 -3.693308 -2.651834 5.473521 -1.533000 -1.564123 0.261483 -1.374176 0.944068 -3.096534 0.347226 13.041251 -5.586886
10 -3.517480 0.028460 -2.243566 -1.455874 0.522553 -2.683643 -1.858786 3.396626 -11.776050 10.513328 0.438501 4.370895 -4.425197 8.690232
8 -2.863382 -5.246702 1.102155 -1.587723 -7.196707 5.743296 -0.701974 6.956157 0.720485 4.689561 -1.255610 0.642128 -1.690078 0.688392
13 -1.195502 -12.373161 -2.974601 15.829682 -3.137879 -7.050461 -6.012280 -8.306968 6.065026 -0.815069 -0.771795 10.720382 18.986582 -8.963958
13 -6.066182 -3.076312 -2.199819 -4.492953 0.123072 -3.367515 -4.330393 -2.526377 -2.827054 -3.380243 -5.066887 -6.742867 49.867570 -5.914040
12 -7.478331 -10.122772 -1.694780 -1.002451 -5.185707 -2.678670 2.475533 2.301227 8.285900 1.738894 -9.268842 10.524307 10.468549 1.637141
10 2.747843 3.409828 -2.303703 -3.240054 0.087912 3.442995 -13.814038 -5.511559 -4.223739 9.146224 1.679235 -1.743904 7.592921 2.730039
13 0.459687 -7.482275 -3.268141 0.244711 -0.187230 -2.841586 -3.772632 -3.148056 7.904657 -0.319346 -6.880849 -1.147291 24.898099 -4.459751
13 -7.577404 3.575614 -7.138389 -4.509411 -2.795896 1.708164 -3.749273 -4.109836 -9.425899 -0.665988 -0.322186 -6.282610 49.916618 -8.623501
13 -0.044124 -11.034191 0.838994 -0.051116 -8.373358 -9.606896 -4.378312 -11.297675 9.831843 -0.225553 -3.087690 -5.815670 50.968170 -7.724424
13 -2.137128 -3.244270 -7.961808 0.539217 11.293977 2.140115 -3.538585 -5.195989 -3.065731 -9.927208 1.547625 -5.775136 29.472655 -4.147734
13 -7.461308 -12.980556 -2.061672 -0.676360 1.204620 -3.899422 -5.915994 -10.962932 6.839110 0.088141 -6.434612 0.283998 44.664784 -2.687795
13 -1.483080 -7.741175 3.758221 -9.681460 2.359730 -5.542532 -1.510674 5.686619 4.239379 -5.205201 -6.001368 3.619587 19.937403 -2.435449
13 13.366780 1.233608 -3.791984 -1.468980 -8.474151 -2.721516 -2.718023 -7.741853 -1.655864 -4.457314 -2.817711 -0.251122 25.561798 -4.063667
4 -7.109573 -5.088513 4.098174 30.120536 -3.187621 -4.860130 -5.381859 -1.665702 -2.271774 -8.018374 -2.591386 0.694513 12.958701 -7.696991
13 -4.333428 -7.584092 1.077592 7.472013 0.844819 7.066290 -7.232819 -5.922742 18.989362 -11.793415 -2.540203 -9.008578 20.482324 -7.517123
8 -11.053219 10.110250 -2.986460 -5.799808 -5.254696 -5.136079 -11.353920 34.376767 -7.731470 4.992174 -6.153509 -6.983096 8.683922 4.289145
13 -1.859145 -3.521729 -0.216638 -1.375847 0.132210 -2.366547 -0.468589 3.191216 -1.818994 3.506029 -4.583961 -1.637327 9.144313 1.875008
9 1.111431 -9.700134 0.110342 -1.450637 1.212229 0.288860 0.376181 -4.718226 16.381851 -0.940334 0.659270 5.371739 -3.985062 -4.717511
13 -2.908106 -2.715682 -0.383184 -0.627506 -9.754991 -5.687290 -2.446280 -2.478667 -0.998563 -5.025434 -6.280122 0.076955 34.277066 4.951804
13 6.198901 8.381070 -4.539000 -9.798825 -4.104109 -8.396676 -5.062108 -6.434511 2.052389 7.239545 3.788700 3.595578 14.780116 -7.701070
13 3.416497 -11.569046 0.442466 3.555498 -5.177897 -1.299981 4.305945 6.805148 -4.894263 -5.531256 -7.368034 -7.051392 27.242949 -2.876635
13 4.685100 -8.617378 2.469621 -4.296930 -0.542327 -4.648583 -6.729144 2.667687 6.113494 -1.064906 -4.819562 -0.585933 14.380736 0.988125
13 -4.362736 6.319803 3.293040 2.642402 -8.080434 -5.720478 -6.134259 -8.640558 8.703830 -9.052645 -6.676935 2.991557 37.578073 -12.860660
13 3.384348 -7.344969 -6.477771 -4.694702 -1.816258 -4.513613 -0.827503 3.719313 -3.719073 -8.059078 3.867707 -5.387712 29.750182 2.119132
7 -4.817214 -11.572681 -5.868056 -6.676104 -11.266637 -11.903011 91.421781 -0.992128 -4.187934 -7.208809 -3.932233 -6.631914 -8.017075 -8.347985
7 -1.546193 2.094506 -1.841665 -1.683526 -0.953659 -2.436881 14.424558 -1.185680 -0.999167 -3.537060 4.106348 2.586014 -1.949795 -7.077801
7 -10.263605 -8.645181 -8.072132 -10.770808 -9.636180 -11.324765 93.933383 -13.414394 -0.913216 -6.788106 1.052760 -5.930729 -1.764022 -7.463001
5 3.187365 5.640476 4.358638 -8.970818 14.774388 8.736685 -5.193174 9.924095 -9.636391 -6.960508 -7.613963 -7.625588 -6.501958 5.880752
7 3.442234 -3.334961 -2.651452 -12.062482 3.697772 -2.135576 36.013806 17.566399 -10.191761 -6.696692 -8.364302 -7.847862 -7.510437 0.075309
7 0.744214 -2.026431 5.833217 3.356814 4.270230 11.250482 11.963092 -10.305081 -0.033982 -1.510706 -12.666493 1.492924 0.866641 -13.234920
7 -9.127016 -6.310595 -8.073076 -6.109605 -9.407757 -5.606153 100.769348 -8.446679 -8.820136 -5.838920 -6.455548 -10.060900 -7.090392 -9.422570
7 -8.488556 -9.205063 -2.691676 -2.823609 10.841223 -5.094293 12.697612 1.024336 -2.246442 0.229374 0.003168 1.244105 -0.589678 5.099500
7 3.034100 -6.710221 -7.172899 -3.150862 -1.038843 -3.254889 29.642578 -1.746883 -4.668192 -1.460529 -4.548627 3.422385 -1.279488 -1.067631
13 -0.045628 5.186336 -2.215425 -3.019857 -4.889484 1.263070 8.939625 -5.808455 -1.917405 -7.557246 1.617375 -4.824705 11.505931 1.765866
7 -8.741334 -7.591480 -7.452468 -7.048803 -3.805242 -9.033698 87.036268 -7.497371 -9.320987 -7.623484 -6.503314 -9.783264 7.570016 -10.204836
7 -3.973921 -4.573803 -11.290339 -9.906938 -0.840121 -10.858730 84.678921 -11.671001 -12.897642 -6.993454 -2.952210 -10.351540 -11.642445 13.273224
7 -2.783148 -7.777912 -8.599256 -7.665512 -21.058697 0.587523 108.080228 -2.859039 -0.365209 -11.646834 -12.228889 -7.559160 -5.198978 -20.925114
7 -2.472207 -12.022828 -1.710214 -8.286180 3.370497 -7.887406 85.588865 -9.673389 -6.796248 -11.163796 -4.815440 -8.325132 -6.969081 -8.837438
12 -1.082430 -11.683647 7.102704 -3.984421 1.088610 5.693449 -2.976450 -4.782370 0.139260 5.476664 -6.263727 17.126043 -5.415026 -0.438661
7 -7.045195 -10.681047 -4.883248 -4.464088 -5.559485 -7.774955 87.691814 -11.651136 -0.828228 -10.960751 -4.760310 -6.064743 -10.696241 -2.322385
7 -7.279051 -10.469774 -7.689604 -6.038153 -13.191917 -10.547895 109.132923 -5.137538 -5.882844 -12.861137 -12.237326 -1.643532 -3.368616 -12.785534
7 -1.541175 -11.766698 3.540973 2.868218 -2.107011 -6.023193 20.280598 -3.134809 1.913094 12.233455 -8.619963 -2.148836 -0.617152 -4.877503
7 -12.033509 -3.677808 -6.092102 -8.478740 -2.426014 -10.283962 96.379854 -3.627378 -13.140052 -8.737965 -7.640094 -8.443042 -5.460160 -6.339027
11 -4.283510 -15.572516 -2.116404 -1.709508 -5.874886 -6.518724 -4.761771 -0.820196 -3.157444 -7.079457 50.776923 3.474289 0.425695 -2.782492
7 -5.882047 -1.738500 -7.357210 -8.304975 -9.179484 -4.260275 97.030130 -9.654821 -12.704681 -7.217733 -1.096236 -8.466582 -12.625881 -8.541704
7 1.293644 -17.312724 -7.019646 -12.696666 -3.594077 -11.103074 104.631235 -8.931452 -2.167214 -5.855501 -14.392714 -11.268264 -9.794501 -1.789046
7 -5.295509 -9.932660 -10.504977 -10.291644 -9.015345 -10.737991 97.612058 -8.251365 -8.937205 -9.399721 -5.970421 -11.765034 5.481864 -2.992049
7 -1.011563 3.239140 -8.356984 -0.748830 0.149938 -2.793589 13.455183 3.446274 -5.025612 -7.832451 2.312486 1.921423 7.773246 -6.528662
7 -7.139291 -7.593197 -1.543567 -4.897908 -10.302404 -8.830406 86.713767 -7.301265 -6.215506 -10.481594 3.079796 -11.770962 -10.656331 -3.061132
12 -11.755319 0.420923 6.694163 -1.189890 -2.927420 -8.402191 -5.940377 -4.020459 -6.241960 1.278766 7.108307 31.501896 -2.952647 -3.573794
13 3.346692 -6.554742 5.408439 1.475412 -10.679836 -3.257590 -2.356233 -10.243408 1.722652 -7.289333 -5.270401 11.425690 23.904552 -1.631893
12 6.636234 -0.475570 -3.791286 0.799568 -9.452705 -2.166584 -3.847706 3.857490 -5.871573 -1.474864 4.321368 23.551482 -4.154324 -7.931531
12 -3.764343 -8.326468 -2.722458 -1.475711 -5.992130 2.689047 -4.606400 0.086855 4.021446 1.664320 -6.875151 13.322941 6.090615 5.887436
12 6.217483 7.442917 -2.541683 -2.816081 -6.560043 -7.307642 -6.671923 -5.414501 -1.578034 -0.375206 -1.558784 10.225887 8.954723 1.982886
9 2.875919 -6.443500 4.558440 2.001406 0.110021 1.478359 -1.742380 -9.050445 15.933091 -4.415022 -0.909412 0.177179 -9.014013 4.440354
3 -8.587325 7.265234 52.447389 -1.264534 -1.407073 -0.542182 -3.502686 -11.077714 -11.594741 -11.661595 2.262748 -11.891745 -10.738129 10.292350
13 -0.231310 -2.277236 -5.484850 -0.681711 -1.855714 0.125692 0.360519 10.064521 -2.635453 -0.321001 -3.536293 -0.811806 10.843165 -3.558524
12 -7.791721 0.649189 1.480565 4.133929 -2.346731 -1.833009 2.793353 -2.981293 -0.534486 -9.422772 -4.807853 43.283505 -8.908205 -13.714469
1 8.735226 2.838815 -5.523428 3.216072 0.718152 1.511909 5.453911 -1.329287 -10.207096 -2.319690 0.791740 -5.731723 -6.500857 8.346256
10 3.752334 0.296883 4.387130 -1.596430 -2.024236 -5.148374 -1.655334 2.054496 -2.499954 8.824341 -4.496742 3.008242 -3.178970 -1.723384
5 -2.390519 -7.610799 2.517714 -3.791127 12.689180 -0.000575 8.347749 -2.521559 -1.085123 0.548723 -4.598747 -2.733449 3.797612 -3.169079
12 -8.585753 -5.551623 -8.367003 -5.292944 -5.810440 -8.027278 -8.122341 -5.995745 -6.960597 -8.711443 -0.905327 75.757972 -3.336056 -0.091421
12 0.159806 -5.098487 -0.712270 2.957700 -0.630349 0.574854 -0.070023 -5.251793 -3.177327 2.995904 -2.887057 9.281998 1.389188 0.467857
12 -5.898206 -8.595021 -6.702856 -5.478501 10.683993 -5.265823 5.031205 8.231278 -2.031483 -2.112602 -2.372235 21.767887 -9.188697 1.931060
12 -0.379513 -1.995196 0.711941 -1.978182 1.000574 -0.060665 0.697155 -6.614787 -10.901579 0.851203 -1.653733 20.180395 -1.255729 1.398115
5 -7.834531 18.674833 -29.093861 -2.711797 55.228037 1.619953 -6.960752 14.307946 -20.005937 -15.466167 -17.968627 17.460978 2.885420 -10.135494
3 -0.208730 -1.224597 13.547898 0.425928 0.171418 3.705120 -3.703373 -6.331292 -6.267067 2.951423 -0.725196 1.595515 -10.547921 6.610875
12 -0.002956 -11.495163 3.928184 -9.659676 5.043795 4.722984 -2.583157 5.932533 -6.725013 7.044499 -4.853481 10.030512 -0.402103 -0.980961
3 4.824787 5.396254 8.552099 -3.207705 -7.585638 -7.054154 -2.639920 -4.763070 -1.718198 5.017271 -1.392992 3.930563 -3.591866 4.232567
14 0.340048 -9.994583 0.370953 -0.541323 0.088253 -3.687951 1.924012 -1.650745 3.844645 -0.323597 -10.588777 5.202789 -3.012520 18.028797
12 -15.487990 1.307646 6.942697 -8.383770 -7.791598 -7.268672 8.530229 7.616675 -12.532555 -10.518580 -4.889355 59.508983 -21.623308 4.589598
12 -4.769524 -1.306470 1.402199 -1.542996 -4.522032 4.374367 2.896283 -5.188300 6.854832 -0.169916 11.607598 12.161660 -17.963860 -3.833839
14 -3.118159 -6.340019 -4.616389 -9.068895 -9.070634 -7.280378 3.710409 -10.813111 -4.929584 0.384476 -8.357667 -3.102240 -14.002830 76.605020
14 1.795846 3.787042 2.482131 -5.931347 -7.518369 -3.083929 -2.765167 -8.028071 1.973136 -3.299910 -2.239379 -1.305200 2.355693 21.777525
14 -10.637521 0.114034 -8.625837 -14.472588 -6.597037 -4.563336 0.020283 -7.631939 -14.387480 7.016303 -1.174604 1.374179 -7.076153 66.641699
14 -6.861737 -4.347279 -8.707038 -9.202684 -5.132262 -18.751227 -5.235918 -12.157996 16.175446 -4.079957 -1.623457 -15.491431 -1.441422 76.856964
4 -7.847689 9.669865 -1.206516 14.558691 -4.258315 -12.172036 -5.994046 1.240985 0.458088 -3.386837 -8.326977 -5.319955 14.292460 8.292283
14 -10.553762 -1.998058 -1.435253 2.193299 -0.773121 0.839617 -2.533597 -7.449712 -14.336450 -3.044500 5.900474 4.119740 2.056249 27.015071
2 -2.142872 8.647952 -0.103105 -2.671973 4.722340 -0.850956 -9.113448 -1.448167 -0.375105 -5.802576 3.877775 -2.602030 5.634431 2.227731
14 -2.804811 -0.314835 -3.252681 0.944276 2.656797 -8.436927 1.092747 5.883004 3.462922 -11.775166 -2.827655 8.164010 -8.540555 15.748875
14 1.408192 -1.597693 3.635134 -10.792480 -8.134224 -12.011799 -7.149817 -11.574602 -2.029298 -3.384676 -2.465232 -2.323201 0.629541 55.790157
14 -7.112403 -12.183315 -2.823376 -3.103810 -4.929142 -5.657344 -2.844965 -1.267046 -10.982187 -3.744820 -9.011408 -12.651606 -2.296527 78.607948
14 -2.663327 -2.235191 -3.335128 -6.343982 -2.819699 -0.134656 -1.174679 -2.315620 7.929453 -4.691948 -3.211187 1.320823 7.313579 12.361561
14 -4.244606 -7.806438 3.844443 1.877165 3.757300 -4.054940 -5.599137 -8.715802 1.624798 -2.818981 -8.298619 1.422143 13.482381 15.530293
14 -4.066635 -1.199374 0.374034 -0.824289 7.802501 5.541301 -2.189232 -9.964719 -5.464918 9.845023 -0.937394 -4.646359 -4.530550 10.260608
14 -4.818973 -10.963979 -4.648337 -9.111382 -8.663287 -6.352285 -0.712899 2.701823 1.959554 -12.157045 -5.473608 -3.538858 -6.519605 68.298881
5 1.145345 2.100349 4.979520 1.142340 18.777468 -4.055313 1.121028 -8.244154 -8.520245 1.814762 -0.690099 2.684477 -14.159031 1.903554
14 -2.193128 -4.115418 -0.689724 -2.835452 -1.964529 -4.125732 0.836682 -3.965332 -2.822498 4.072988 -2.651452 1.241302 -6.459866 25.672158
14 -4.410252 -4.577340 -1.511266 -1.566556 -4.168966 -4.330098 -0.926680 -0.506902 3.418830 -6.656599 5.054657 -5.353857 -3.573050 29.108079
14 2.289125 -7.560848 2.361727 -0.998218 -0.994752 -1.825309 -2.239146 -3.293312 3.741549 -2.041176 -1.789821 -1.176318 1.102081 12.424418
14 -9.513143 -6.297541 3.079621 -11.830240 -10.966726 -5.690245 -6.171376 -8.091058 3.179470 -8.211334 -9.162851 -5.683615 0.678948 74.680089
14 2.072981 -1.880336 -4.219303 -4.961056 -3.854285 5.656293 -6.605902 -5.911561 -5.402585 2.736214 5.356311 -6.970641 -8.329881 32.313748
10 -3.829321 3.577265 0.647769 3.538619 4.622906 -4.937030 0.040907 0.802112 -9.166911 6.011915 4.766474 -0.719769 -7.491831 2.136896
14 -0.238696 -9.408096 -1.420626 -0.665853 4.482467 -2.174678 -8.938351 -0.964880 0.408808 -3.338212 -5.581843 -6.847247 11.970736 22.716472
8 -12.100420 10.493788 -1.196374 -1.050959 10.191169 -1.840731 -2.366556 20.210456 -7.102887 -7.786420 -1.989728 -3.104406 -2.773686 0.416752
8 -1.821971 -1.985704 -4.949618 -5.779385 -12.619134 -1.804389 -2.014469 77.417141 -2.477052 -14.085048 -6.942412 -1.803875 -8.828875 -12.305210
5 7.616672 -9.237106 -3.310229 -10.002340 71.907250 -1.577257 -8.566423 -2.811534 -3.095985 -4.629395 -9.084362 -6.638181 -10.665681 -9.905432
8 -2.838647 -9.797640 -2.711277 -3.043192 -6.027170 -5.635763 -1.810856 63.115889 -3.474595 -5.709980 -8.328899 -4.346974 -6.977968 -2.412930
9 -0.441877 -17.059237 6.224375 -4.032467 -4.839205 -4.270522 -4.893684 11.014052 11.885997 11.270927 -7.588049 2.380535 0.067427 0.281726
9 7.780479 -7.233851 -5.041805 -0.517924 -5.115308 -0.070626 -4.735224 -4.256904 8.781434 -3.386154 6.378084 5.266381 4.917163 -2.765747
8 -4.427588 0.101374 2.450252 -10.258235 -3.832037 0.705434 5.164567 37.203658 -2.105494 -4.920985 -5.949581 -9.559892 0.685507 -5.256981
8 -9.355675 -3.902759 -13.990668 -5.109776 -9.014647 0.320252 7.058822 58.727215 -11.458913 -5.354280 -6.418130 2.673881 1.879269 -6.054594
8 0.787566 2.433947 -6.813276 -3.860757 -2.930045 -3.374147 -13.041879 52.202132 -7.535338 -14.165227 0.762483 8.499179 -11.152893 -1.811747
1 7.054529 5.229761 1.320400 -1.210158 -7.308870 -0.661964 -0.548530 6.312301 -0.083780 -2.896960 -4.557659 5.401705 -8.768292 0.717516
8 -2.272691 3.948305 -2.326015 -0.263751 1.105114 4.163544 -3.206399 9.603847 -15.156309 4.563156 6.498046 -4.018367 -5.406067 2.767586
8 -6.587190 -0.836737 8.889556 -6.247263 8.094138 6.701800 0.487286 44.297367 -9.829013 -6.807305 -10.090225 -9.093932 -20.336702 1.358216
13 -7.053205 10.809685 -13.794490 -1.204114 -1.845854 0.975668 -11.947609 -1.534079 0.031324 -1.324459 -1.864116 8.153538 12.471683 8.126026
7 2.071842 -1.699693 -3.656563 -1.689873 -0.192209 8.160410 8.337836 -0.203370 0.575154 -0.931355 -0.037700 -5.462453 -1.301868 -3.970160
8 -3.618376 5.869079 -3.872824 -2.180727 -2.505718 1.823059 -2.658139 24.859045 5.556320 -4.101427 -6.109681 -2.383958 -6.864327 -3.812328
2 -3.023593 11.119675 -3.514760 4.742085 7.749584 1.298060 -2.556948 5.732920 -7.037088 -5.479428 -6.587762 0.075746 1.155334 -3.673827
13 4.410541 0.993137 -2.673084 -1.732200 -11.348286 1.700192 0.196120 0.119344 0.140954 -2.212095 -2.874874 -5.629340 16.578232 2.331359
8 -3.529697 1.311102 -7.681667 -4.738617 -3.594604 -4.784000 -0.842034 20.534870 8.756997 -9.105858 0.745593 -1.595858 -4.420732 8.944503
6 2.518031 6.525300 -10.234860 -2.587331 4.547325 13.065504 -3.462408 -0.501206 -1.890894 -1.686398 1.231488 -8.504111 -4.192044 5.171602
8 -4.564780 -0.773500 3.948844 -12.391158 3.892446 11.236787 4.434273 22.542556 -8.573116 2.941892 -10.620587 -3.496319 -12.019606 3.442262
8 -8.468970 3.257745 1.261063 -1.551137 -0.092662 -8.192130 -0.757666 27.129659 -4.359571 -6.111794 -3.701752 1.966554 -1.984005 1.604664
8 -4.075721 -9.785386 5.754869 3.920876 -8.406962 6.903250 -7.082587 31.523402 -5.065648 -2.302701 -8.772725 -2.022245 1.120748 -1.709171
11 -1.969970 11.001196 -7.299783 3.689559 4.202395 -0.361367 5.375373 -15.033560 -3.100016 1.785573 15.189950 0.475442 -5.558287 -8.396505
3 1.609625 -11.577701 5.566181 0.681486 1.013215 3.709473 -2.741072 -0.458845 2.212584 2.736056 -5.812687 3.516559 0.343918 -0.798795
9 -5.555395 -11.057433 -0.630460 2.829654 -0.883688 -1.926468 5.570088 4.953740 13.682204 -6.667784 -4.909714 10.199592 -5.809801 0.205465
13 0.133344 -0.847005 0.788845 -3.083431 1.406629 2.192294 -1.893147 -2.017199 3.434707 -2.330833 0.694874 -0.348351 5.279580 -3.410307
10 2.163429 -2.193944 2.740291 -4.838987 -1.260259 -9.595683 -4.421025 -6.507064 8.844656 12.295810 4.767380 -0.332649 -1.983445 0.321490
9 4.315551 -14.796916 1.975939 2.741785 4.176573 3.548571 0.716437 -6.148100 26.802947 -3.357121 -0.433759 -0.814765 -6.982498 -11.744649
13 -4.195746 -6.572302 6.854567 -6.121255 -3.841500 -7.065237 -1.532204 2.409260 6.239501 4.531306 -5.174942 -5.577143 33.274913 -13.229217
13 1.567563 -2.173946 5.047794 -8.503712 2.108038 -5.894736 -1.921666 -7.139786 3.316771 4.205176 -2.004721 6.404185 14.264556 -9.275520
6 -0.770635 -6.461581 0.387849 -0.051452 -1.675493 5.177928 -0.320444 -2.685567 4.346653 0.115934 -2.227955 2.853847 0.189471 1.121444
9 -7.774366 0.023035 7.407938 -4.082287 1.216496 -1.223543 -3.003663 -6.582883 9.569747 -1.007233 -1.575284 3.682273 -4.411268 7.761040
9 2.577003 -9.991907 2.848304 3.257163 -3.682820 1.604318 -1.895768 0.186148 30.826649 4.157436 -2.836141 -10.764098 -4.724612 -11.561677
9 1.868937 -6.918467 1.848686 -0.093044 -1.106497 -1.984877 -1.290415 -3.463140 16.057343 -2.442383 0.119088 0.062326 1.406355 -4.063914
9 -4.838317 -5.820979 5.100807 -0.965877 -3.892011 3.522631 -2.100947 -2.873080 12.788045 5.749002 -9.269175 1.827444 -3.868043 4.640496
9 0.765522 -6.438505 3.796737 -1.244221 2.294587 5.405395 0.014242 5.593616 8.945698 0.113239 -5.617600 -2.684142 -6.744596 -4.199972
4 1.353347 -22.186581 0.642630 8.028221 6.320007 1.212887 -6.043552 -6.559864 6.143043 4.903563 -2.847332 3.874978 7.765521 -2.606872
14 3.394439 -2.366301 1.547604 1.648406 -4.606977 3.399326 -2.552623 -1.339398 2.949483 -2.269553 -3.977028 -5.622439 -3.571397 13.366458
7 2.591161 4.704313 -4.313439 -9.748685 5.157853 -0.308567 5.434851 -1.284346 1.266054 -0.409322 -5.338909 4.084931 -0.680928 -1.154971
14 3.848193 -11.606966 -2.630698 0.957614 -0.949385 -3.715395 -1.357699 -3.324834 -7.413846 10.048516 -2.577546 -0.275187 6.845414 12.151819
4 1.364647 -16.338624 -3.761653 24.771934 -3.295948 -4.900769 -5.533450 -0.430204 14.407341 -4.928085 -5.504815 3.493174 4.917741 -4.261292
14 4.190399 -9.493325 5.384452 -2.880244 -1.847432 -1.546757 -2.968608 -4.278080 7.875408 2.873311 -7.990484 -1.982960 4.280375 8.383943
