7 -7.548813 -8.710630 -7.484777 -7.867914 -6.790630 -8.657885 55.714721 -9.138320 -6.569372 -9.136873 41.505621 -7.597039 -9.163021 -8.555070
14 0.166244 -0.878959 -0.000457 -1.405956 -0.173781 0.315699 -0.632015 2.218350 -0.401986 0.049604 -0.694914 -0.455304 -0.755469 2.648944
9 -1.157537 -1.679027 -0.244452 0.011531 0.099891 -1.494167 -1.594587 -1.239050 7.256139 -0.016941 0.656445 -0.770945 1.444770 -1.272070
1 20.243571 -1.228851 -1.997693 -1.445600 -1.625084 -1.703208 -2.292293 -0.994049 -1.334832 -1.316080 -1.960380 -1.310956 -1.604104 -1.430440
6 1.164694 0.767915 -0.527434 1.203875 -0.241834 2.332208 -3.361340 -0.152386 -1.055580 -0.578858 0.745744 0.498403 -2.154582 1.359174
1 3.922755 -0.588169 -0.246290 -0.507995 -0.281755 -0.619035 -0.155192 -0.381928 -0.157155 -0.358018 -0.403415 0.589505 -0.385370 -0.427939
6 0.655745 -0.505377 -0.194470 0.138575 -0.182824 2.910029 -0.761378 0.015244 -0.652095 -1.119806 -0.528021 -0.315705 0.682100 -0.142019
2 -0.951786 1.432896 0.691436 0.451290 0.912789 0.037435 0.803001 -0.844944 -0.701348 -0.868587 -0.182314 0.135558 -0.132198 -0.783227
5 -3.619933 -2.148808 -3.742863 -1.773879 23.359289 2.307149 -1.918982 -1.952864 -2.325500 -1.886664 -2.715050 2.628545 -2.808108 -3.402332
5 0.559592 -3.204198 -0.907711 -1.405036 13.918103 0.139986 -3.048196 -1.773587 -1.133514 0.066863 -1.698018 0.457166 -2.137728 0.166279
10 1.279051 -0.471646 0.774818 -2.100287 0.062453 0.344298 0.237596 -0.611712 -2.187580 1.684418 -0.519331 0.883497 -0.775483 1.399908
3 -0.729869 -1.454226 5.500440 0.344558 2.211811 -1.068909 -1.555120 -1.052944 -0.279204 -0.969899 -1.399915 0.571472 0.252069 -0.370263
3 0.805817 -0.973576 13.026516 -1.596002 -1.618578 -0.613924 -1.144097 -1.112305 -1.011302 -1.177360 -0.442086 -2.307860 -1.880124 0.044881
4 -1.815093 0.511291 0.036930 1.924282 0.481487 -0.560786 1.192456 0.113715 -1.515353 -0.710680 0.901405 0.016032 -1.145819 0.570134
1 60.671436 -4.466530 -4.141673 -4.220576 -4.539437 -5.683871 -5.018640 -4.487493 -4.975249 -4.638505 -4.396885 -4.822680 -5.759758 -3.520138
11 -3.557773 -2.763933 0.011108 -0.833252 -3.072913 -2.469041 -3.259202 -1.950398 -0.701096 -3.302923 26.551377 -2.131254 -0.518560 -2.002141
4 0.046665 -1.165849 -0.085799 4.709614 -1.543337 1.087086 0.650490 -1.530461 -0.050734 -0.360732 -1.235325 -0.426930 0.121141 -0.215830
12 -3.235742 -1.602552 1.175680 1.679542 0.226730 -0.814570 0.496941 -2.464481 -1.193643 2.301111 -0.382570 4.927999 -1.759969 0.645524
14 0.366300 -0.411945 1.838773 -2.176893 -2.186747 -1.087918 -1.674951 -1.443276 -2.346604 0.325268 1.241900 -0.041881 -1.537974 9.135951
11 -1.301426 -2.613811 -1.712482 -3.627829 -2.264113 -1.883062 -2.378918 -0.714096 -1.831176 -2.592958 24.373707 -0.356023 -1.667299 -1.430514
3 -0.968361 -1.735829 13.506784 -0.629745 -1.169500 -1.070773 -1.089256 -1.567888 0.169110 -1.350033 -0.732863 -1.632314 -0.825212 -0.904121
12 1.183868 0.466758 -0.019066 -0.582760 -0.146438 -1.337183 -1.508658 -1.541987 -0.556989 0.669344 -0.121460 1.962140 0.878692 0.653739
14 -0.770260 -1.282273 -0.870234 -0.735848 0.083433 1.878964 1.408417 -2.701845 -0.019300 -0.622396 1.932870 -0.303065 -0.474132 2.475667
9 -1.172845 1.263894 0.205923 -1.487573 -0.137306 -0.115351 -0.027506 -1.070080 3.111675 0.255663 0.951182 -0.929628 -0.765554 -0.082494
2 -2.299572 1.796218 -1.086745 -0.140538 1.010101 -0.713248 0.275612 0.564045 -0.896939 -0.417278 -0.756923 0.286931 0.724634 1.653703
8 -2.399992 0.576651 -1.167452 1.985572 0.734282 -0.621844 0.012534 4.106521 -1.124473 -1.167157 0.123956 -0.543739 -1.067088 0.552230
14 -0.101728 0.114117 -0.404710 -0.987274 -0.265919 -0.774298 -0.178241 -1.016037 0.685548 -0.623672 -0.614534 0.770753 0.032802 3.363193
2 0.687032 10.584311 -1.855134 -1.939533 -1.029597 -0.418800 -1.628586 -1.900196 -0.611367 0.113800 -0.957743 -0.571612 1.473478 -1.946053
1 36.667206 -3.139038 -3.158188 -4.697259 -3.510750 0.015104 -3.794242 -1.541302 -3.995281 -3.238933 -1.443850 -2.652312 -3.964533 -1.546620
2 0.562078 1.109579 -0.773930 -1.214801 0.816324 0.141337 -1.734439 0.273276 -0.963196 0.786522 -0.245745 0.007236 0.932500 0.303259
5 -0.949633 -1.789420 -0.797184 -0.289874 13.726026 -1.221084 -1.214481 -0.994632 -0.987816 -1.072050 -0.931855 -1.181763 -0.965416 -1.330816
6 1.044506 -0.910877 -0.189116 -0.966392 -0.083421 1.984949 -0.575255 -0.006199 -0.767151 -0.355653 0.278283 -0.869993 0.628787 0.787531
6 0.142509 -2.207939 -0.574408 -2.236675 -0.576138 7.290480 -1.343948 -0.509796 -0.373939 -0.999264 -1.540205 -0.159785 -0.539467 3.628575
5 -0.822568 1.732722 -1.480242 0.600212 2.907445 -0.842203 -1.971850 -0.077792 -1.682323 -1.656751 -1.082529 2.541916 -0.035110 1.869074
7 -4.254860 -3.595532 -5.475081 -4.077753 -4.250832 -6.117821 62.375783 -5.176744 -6.686577 -3.711706 -3.448798 -4.134819 -6.452961 -4.992299
14 0.042786 -3.841376 -2.843026 -1.040537 -2.325143 -1.605419 0.723243 0.654921 -3.161757 0.363221 -1.249657 0.937852 -0.465691 13.810585
2 0.151203 1.931833 -0.260842 -0.589959 0.483444 -0.479747 -0.135605 -0.974024 -0.473985 0.674743 -0.004700 0.101407 0.243380 -0.667146
2 -3.230737 14.123003 -1.078342 -1.655499 -2.400532 -1.502554 0.248408 -2.392756 -2.439788 -1.420761 5.363545 -1.569302 -2.649199 0.604515
2 -1.141108 9.828978 -0.133765 0.640262 -0.249371 -0.698835 -0.124771 -2.776682 -1.436280 -0.908435 -0.437142 -0.328840 -0.982533 -1.251478
14 1.335921 -0.109812 -0.152707 0.141946 -0.390216 -0.156285 -0.039113 0.296128 -1.997990 -0.273932 0.121619 0.072081 -0.504915 1.657273
7 -0.678515 -1.167844 -1.290885 0.756193 -0.161730 1.756115 2.676670 -0.053213 -1.130856 -0.679911 0.677658 -0.812791 -0.189873 0.298983
3 1.864344 -0.474315 6.576395 -0.375675 -1.673525 -3.287356 0.096441 -0.288874 -2.911498 0.961999 2.251047 -0.355751 -0.646231 -1.737003
13 0.110214 0.213256 -0.918813 -1.017909 1.216935 -1.209436 -0.326887 -0.043130 0.278402 -0.144573 -0.112267 -0.106650 3.258774 -1.197916
3 -2.293948 -2.814927 30.647162 -2.267233 -2.308619 -2.306587 -2.031702 -2.173291 -2.299125 -2.152440 -2.938779 -2.213663 -2.669078 -2.177768
6 -3.864741 -3.438966 -1.284459 -0.150265 -3.159941 21.501704 -1.536628 -1.670655 -0.838214 -2.818801 -0.957993 -1.564040 1.743575 -1.960575
12 0.960210 -1.714804 0.351841 -1.247617 1.112407 -0.505106 -0.885272 -0.755828 -0.707270 1.384055 0.885525 2.503938 0.260981 -1.643059
6 -0.634726 -1.237835 0.497802 -0.346316 0.801347 2.590943 -1.566721 -0.727420 -2.533413 1.610675 -0.161287 0.930340 -1.243575 2.020187
13 -0.050646 -0.900382 -0.820105 1.327063 -0.187550 -0.365997 1.523303 -1.883529 -1.275797 0.145608 -0.519439 -0.517346 3.831918 -0.307100
11 -1.846171 3.630221 -0.733675 0.223584 -0.895344 -0.550751 -0.457036 -1.037038 -0.855328 -1.268075 6.835319 -0.669541 -1.368637 -1.007529
13 2.672145 -0.415634 -0.144855 -0.909209 0.453012 -1.287019 -1.246167 0.880048 0.348336 -1.334807 -1.524302 -0.240912 3.256684 -0.507319
14 -0.157844 -1.439562 -0.629192 -1.715954 0.439773 -0.796169 -0.701180 -1.912773 -1.249920 1.262620 -0.853454 0.628951 -0.068245 7.192950
1 1.183838 -0.431793 -0.054999 0.299189 -0.606111 0.473374 0.083656 -0.915662 -0.403425 0.107087 -0.527605 0.406580 -0.373656 0.759527
14 -0.539423 -2.831589 -0.289633 -0.836130 -0.710120 0.233190 -2.999532 -1.794101 -0.578794 -0.031880 -0.816308 0.033031 -1.811526 12.972816
11 -3.013350 -3.840047 -4.611469 -2.535648 -2.536529 -4.750107 -7.250941 -4.330751 -3.496107 -3.963303 46.699147 -1.823625 -0.641312 -3.905960
7 0.277205 0.160221 -0.772571 0.157682 -0.841505 -0.179243 4.018550 -1.582755 -0.498927 -0.945604 -0.248926 -0.072275 -0.730922 1.259071
6 -1.534093 -0.026548 -1.126304 -0.363060 -0.179930 6.921566 -0.506339 0.332285 -1.340185 -0.963529 -0.010215 0.554294 -1.204764 -0.553179
4 -3.478709 -5.976089 -2.125914 48.372560 -4.692367 -4.271595 -4.507075 -2.750841 -3.002728 -3.450508 -2.779341 -3.443111 -4.228342 -3.665940
4 -3.981824 -4.858350 -3.483547 50.065791 -4.295593 -4.111660 -3.563888 -3.398238 -3.756759 -3.592510 -3.693196 -3.670682 -4.507092 -3.152451
4 -2.729522 0.426583 -3.479425 27.395931 -2.340922 -2.448700 -1.198415 -0.519275 -4.200433 -2.441838 -1.572552 -2.955978 -3.950140 0.014685
7 -5.258044 -2.585990 -4.559119 -4.972851 -6.326838 -4.098257 64.100213 -6.166537 -4.571524 -5.240596 -6.252881 -4.429423 -5.334580 -4.303574
7 -6.845700 -4.916459 -5.878854 -6.257736 -6.124237 -7.469126 75.119067 -6.194957 -5.969410 -4.864476 -4.086878 -6.446540 -4.002001 -6.062692
7 2.065971 -1.424862 0.972427 -0.322305 -1.167413 -1.153629 4.993706 -1.080654 -1.078577 -0.333694 -1.122720 0.369353 -0.127328 -0.590275
7 -5.885089 -7.881347 -6.386966 -7.354174 -7.075794 -6.901194 87.914675 -6.537541 -6.426138 -6.007961 -6.039529 -6.647783 -6.822859 -7.948301
7 -5.042873 -4.872325 -4.817873 -5.521812 -5.026744 -5.660901 62.868087 -4.431603 -5.132239 -4.320804 -4.428593 -4.961895 -4.638139 -4.012286
6 -1.026699 -0.876287 -1.086499 -2.273539 -1.772159 21.417007 -0.805828 -1.760619 -2.522318 -1.491535 -1.574155 -1.688662 -2.746091 -1.792616
9 -1.054443 0.026298 0.218346 0.958221 -0.213946 -0.311343 -0.318556 -0.112231 1.723651 -0.902471 0.597508 -0.036497 -1.005636 0.431099
10 0.545862 0.037438 1.401873 -0.435043 0.840928 1.184282 0.040079 -1.864197 -1.494060 2.439728 1.031583 1.302190 -3.261380 -1.769282
8 -0.928880 0.837424 1.408154 -1.258993 0.443239 -0.602279 0.536399 4.019601 0.251505 -2.753072 -0.533148 -0.892335 0.252299 -0.779913
2 -1.422146 2.612392 -1.913217 1.501503 -0.393868 -0.907566 0.009855 2.233261 -0.895322 -0.461203 1.178934 -0.975927 -0.085669 -0.481026
13 -0.087649 -0.736613 0.267042 -0.058346 -2.002094 2.519618 -1.580896 -1.500922 -0.745628 0.426770 -2.232374 -1.178025 6.952683 -0.043566
4 -5.558034 -3.841866 -4.359026 49.830454 -4.912886 -4.484727 -1.103158 -3.358427 -1.795651 -4.664782 -4.764538 -4.131014 -1.697789 -5.158557
4 -4.968973 -5.699622 -2.748297 49.003739 -4.295725 -4.753190 -3.931599 -4.021847 -3.720080 -2.183189 -3.804701 -3.273805 -1.748383 -3.854326
4 -4.843891 -5.183304 -2.951332 49.923194 -5.241693 -3.756502 -2.925874 -4.518628 -3.167362 -3.164706 -3.569795 -2.680919 -5.250922 -2.668265
11 0.185518 -0.107650 -0.209753 -0.779577 -0.949310 -0.066119 -1.570999 -0.251081 -0.530217 -0.981642 5.961205 -0.554724 0.627963 -0.773613
7 -0.479312 0.350746 -0.361436 -0.887659 0.403019 -0.900161 2.479815 -0.026666 -1.229131 0.020968 0.940404 -0.534666 0.525740 -0.301662
3 -0.525770 -0.721074 3.843502 -0.756516 0.645756 0.150328 -0.968073 -1.008048 1.759893 -0.987393 0.349758 -0.624197 0.200624 -1.358789
4 -4.199808 -3.192566 -3.352247 50.025773 -4.369785 -4.266702 -2.776267 -3.001664 -4.990194 -4.435436 -1.627404 -5.294908 -4.267578 -4.251213
5 -2.833363 -2.100129 -1.534805 -1.271943 26.115816 -3.213266 -2.102665 -1.381458 -2.904199 -2.324986 -1.537246 -0.792395 -2.912645 -1.206715
13 -0.769458 0.474323 -0.744059 0.533484 -0.437545 2.009987 -0.708029 -0.530403 -0.347861 -0.837249 -1.124981 -0.898471 2.645391 0.734873
9 -0.114638 -0.426130 0.209295 0.392608 -0.060695 -0.249129 -0.254195 -0.302834 0.668083 -0.277055 -0.005210 -0.153876 0.102433 0.471342
11 -2.943347 -2.251402 -1.377561 -3.492086 -3.250938 -2.306614 -1.966070 -3.192646 -1.901339 -4.149483 33.694502 -0.782455 -2.485217 -3.595345
11 -4.849135 -2.291448 -3.408855 -2.259582 -3.243278 -2.990789 -3.196196 -2.850104 -3.421149 -4.025735 41.812038 -2.855628 -3.220168 -3.199972
11 1.780886 -0.718520 -2.859818 -0.129119 -0.838844 2.622565 -1.626415 0.163034 -3.033040 -1.955033 7.284226 1.098328 -1.079988 -0.708263
6 0.780195 -1.036228 0.855489 -2.212705 0.645590 1.837363 -0.028908 -0.942209 0.218492 0.776218 -0.913026 -0.062946 -0.218282 0.300958
1 34.030140 -1.838839 -2.560188 -3.539462 -2.479979 -3.046928 -2.745784 -2.421275 -3.201249 -4.273134 -3.336916 -3.069462 -1.315455 -0.201469
13 -0.638234 -0.830203 0.405789 -0.372230 -1.048495 -0.484586 0.430784 -0.879310 -2.029588 -1.334862 -0.324443 -1.155806 7.880293 0.380891
3 0.810625 -1.075242 7.250130 1.104248 -0.737613 -1.510313 -1.963508 -1.637961 1.039362 -0.064909 -2.159422 -1.357854 -0.796869 1.099325
4 -3.722968 -3.473592 -3.866747 50.535077 -4.085045 -5.347582 -4.006754 -3.245917 -5.248475 -3.725666 -3.491539 -4.013871 -3.931384 -2.375537
4 -1.740019 -1.941014 -2.758735 49.809170 -4.007017 -3.278201 -4.164442 -3.285719 -6.171521 -5.287698 -2.895144 -3.873848 -5.900154 -4.505659
2 -1.434640 12.377679 -0.465670 0.228829 0.013345 -1.134623 -1.217150 -2.265038 -2.497407 -1.402372 -1.685648 -0.806055 -1.050832 1.339582
3 -0.951748 -0.341105 1.811123 1.361751 -0.126966 -1.310330 -0.732580 -1.178169 -0.417746 1.036561 0.167187 0.405907 -0.356412 0.632526
1 0.000000 0.000000 0.000000 0.000000 0.000000 0.000000 0.000000 0.000000 0.000000 0.000000 0.000000 0.000000 0.000000 0.000000
2 -3.768438 12.993959 -0.649905 -0.248841 -0.353976 -0.539010 -0.928627 -0.665773 -1.851397 -0.900869 0.072783 -1.291063 -1.422850 -0.445993
13 -0.178917 -0.927291 0.477638 0.392858 0.463212 -1.158608 -0.765911 -0.954838 -1.914043 0.843508 -0.640458 -0.347110 4.433027 0.276937
1 35.115962 -4.034416 -2.626606 -1.200632 -2.471343 -2.002508 -2.145428 -1.941606 -2.606435 -4.219170 -2.734461 -3.541062 -3.523130 -2.069164
7 -6.712259 -6.200871 -6.242592 -6.317036 -6.817900 -6.784592 85.833903 -7.392815 -7.310225 -6.155337 -4.892706 -6.268815 -6.726683 -8.012072
6 -6.903305 -5.308609 -4.680764 -4.790663 -5.553953 63.440612 -5.801855 -3.044375 -3.905381 -5.720338 -4.105413 -4.808016 -4.468288 -4.349650
4 0.796732 -1.669637 -1.180818 1.317090 0.013158 0.646271 0.456725 0.338399 -1.058708 0.332979 0.328765 -0.142303 -0.667257 0.488603
13 -0.318269 -0.101623 -0.139893 -1.286218 1.608551 2.469532 -4.097524 -2.255213 -0.139217 1.624267 1.244016 -1.015684 3.060537 -0.653263
1 35.540853 -2.615110 -3.218181 -3.002896 -2.626542 -1.961688 -3.082896 -2.880275 -3.186408 -2.405291 -2.185427 -3.320178 -3.846424 -1.209535
3 -0.880792 -0.121919 2.129630 0.117444 -0.355533 -0.951572 0.929445 -0.497373 -1.409325 0.095709 1.063077 -0.352436 -1.045061 1.278703
10 0.175991 -0.657246 2.755912 -1.491949 -0.297121 -0.871330 -1.462016 -0.979971 1.250157 4.046962 -0.130118 -0.365689 -1.996971 0.023390
1 3.397857 0.718320 -1.610099 0.673557 0.039946 0.194922 -0.952063 -1.142269 -1.176350 -0.599214 0.238093 -0.564281 0.244774 0.536807
8 -0.269156 -1.058879 -0.075434 -1.340335 2.032445 -0.681178 -0.806844 4.186040 -0.464273 -0.191863 0.453055 -0.612664 0.134896 -1.305811
7 -5.413929 -5.007241 -3.906069 -4.440378 -4.691253 -5.586513 59.449039 -4.334345 -5.898720 -5.994159 -4.588602 -5.002587 -0.136578 -4.448664
8 0.000000 0.000000 0.000000 0.000000 0.000000 0.000000 -0.023918 0.479425 -0.320994 0.000000 -0.039425 0.000000 -0.095087 0.000000
11 -0.286385 0.523280 -0.499492 -1.120872 0.232700 0.553283 -1.039430 -0.746400 -0.815607 -1.234924 5.589988 -0.531508 -0.648389 0.023756
10 0.522043 -0.645099 0.040970 -0.901042 -0.876937 -0.046290 -1.652081 -0.833925 -1.093597 5.562302 0.004008 0.556774 -0.419602 -0.217525
14 0.167980 0.108224 -0.344625 -1.526363 -0.193296 -0.209717 0.776071 -0.363215 0.843726 -0.957224 -0.863222 1.171153 -1.102167 2.492677
13 -0.880180 -1.218372 1.700794 -0.678325 -0.208710 -0.067664 -0.316569 -0.489654 -1.311357 -0.528233 -0.447936 -0.478686 5.462268 -0.537377
2 14.723489 21.049595 -4.856769 -3.671278 -3.055470 -1.392396 -4.181767 -2.993652 -3.129056 -3.793766 0.234130 -3.537323 -2.536281 -2.859454
6 -0.004638 0.000000 -0.368514 -0.494080 -0.453439 1.475368 0.009944 -0.112414 0.146244 -0.131504 -0.248034 0.214772 0.445683 -0.479387
2 -0.542635 13.632439 -1.773121 -1.368520 -0.464110 -0.710292 -1.810310 0.425312 -0.925249 -1.587607 -0.599335 -2.447594 -1.384227 -0.444751
4 -0.806062 0.496117 0.100310 0.768026 0.211035 -0.194242 0.243725 -0.133857 -1.187181 0.071677 0.541610 0.198511 -0.809149 0.499478
4 -5.000255 -5.759121 -5.608121 48.126592 -6.404617 16.773456 -5.760700 -4.481369 -5.061372 -5.253514 -6.011940 -5.053952 -4.854703 -5.650383
1 59.657897 -4.967589 -4.442581 -4.421969 -4.607551 -4.653675 -4.758203 -4.930691 -3.608223 -4.643967 -4.024865 -4.658998 -5.030505 -4.909079
1 58.840358 -3.195262 -5.103504 -4.052207 -4.505303 -3.686532 -5.733090 -4.764087 -4.617058 -4.114668 -3.366190 -5.515488 -4.961876 -5.225091
1 38.359987 -3.081058 -3.403782 -4.018762 -4.072093 -3.051596 -2.467276 -2.340371 -2.278114 -2.364843 -2.330700 -2.042313 -2.644144 -4.264933
8 -1.744381 2.645780 -0.971487 -1.627607 0.872516 -1.832926 -1.104997 2.970402 2.254473 0.577994 2.565139 -3.052417 0.051281 -1.603769
4 -3.809212 -3.965698 -3.945517 53.407359 -5.043033 -3.574333 -4.308626 -4.143182 -5.030255 -3.819306 -3.341841 -4.159766 -5.653698 -2.612891
7 -0.148975 -0.614929 -0.594880 0.074956 -0.388794 -0.474287 2.261789 -0.432200 0.817283 -0.942536 -0.116559 -0.306065 0.159431 0.705766
2 -2.072813 16.672536 -1.308318 -1.093970 -2.154850 -1.120247 0.482923 -1.078645 -0.496572 -0.395332 -1.605721 -1.416837 -1.730418 -2.681735
1 4.450894 -1.299351 0.126272 0.491064 0.221276 -0.465999 -0.590710 -0.450021 -0.650411 -0.628095 0.080338 0.480498 -0.972070 -0.793684
10 1.002236 -1.015066 -0.942005 -2.170205 -0.770574 1.091426 3.023261 1.016653 -1.803899 3.302736 -0.555674 -1.365781 -0.527751 -0.285356
13 -0.097953 0.585829 -0.064165 0.386291 -1.417213 -1.391873 -0.502002 -1.385880 1.114911 -0.499954 0.519766 0.770567 1.343821 0.637853
9 -0.267613 -1.248356 0.148849 -1.474243 1.702948 1.501565 -1.860327 -1.046186 4.295214 -0.068285 0.014357 -1.203886 0.313453 -0.807490
9 -1.043264 -0.821660 0.834001 -1.797510 0.389026 0.189257 -0.824050 0.863635 2.879291 0.585685 -0.145058 -1.038073 0.394458 -0.465738
5 -0.697046 -2.845953 2.776974 -1.087660 12.057387 0.965881 -0.405228 0.791550 -1.374780 -1.949373 -2.575260 -1.125426 -3.851486 -0.679580
4 -2.677724 -4.185973 -3.613665 50.919863 -5.074381 -4.190199 -4.449349 -3.288339 -3.872232 -4.844810 -3.548151 -3.358458 -3.796756 -4.019827
4 -4.797373 -2.824646 -2.915157 50.167905 -3.177739 -4.400028 -3.043403 -4.106533 -3.372719 -4.278248 -4.997347 -2.628423 -5.071558 -4.554729
4 -3.625811 -4.308780 -2.894927 54.387112 -4.733566 -4.555188 -5.901569 -4.362823 -5.419781 -1.442847 -3.569405 -3.414656 -6.498011 -3.659749
4 -2.868730 -2.014807 -1.934834 29.054081 -2.322506 -2.734542 -2.214574 -1.614320 -2.860857 -2.055133 -1.664933 -1.906594 -2.985505 -1.876745
4 0.697067 -2.031073 -1.198004 4.727380 -0.673685 0.977212 -3.411542 1.526534 0.748743 -0.573951 -1.655353 0.040574 0.451336 0.374763
1 33.241648 -3.171169 -2.641693 -3.419771 -2.888498 -2.325587 -4.117073 -1.351121 -2.127889 -1.694369 -2.732431 -1.529308 -2.304899 -2.937838
7 -0.316833 -2.900402 0.536099 -1.292023 -0.866674 0.577402 5.497385 -0.386838 -0.778447 0.091408 0.261594 0.355208 0.007923 -0.785803
8 -0.371014 -1.938094 -1.004286 0.709918 -0.368186 -0.563094 -1.465646 8.858712 -1.225831 -0.130135 -0.914165 -0.774051 0.187920 -1.002048
1 37.918731 -3.469663 -2.918657 -2.823156 -2.601330 -4.844938 -4.101952 -3.081801 -1.742752 -3.965024 -2.570997 -2.865700 0.373696 -3.306454
1 37.603791 -2.682746 -2.543443 0.045698 -3.447245 -4.021236 -2.407946 -4.228081 -1.741869 -3.851920 -3.094173 -3.077559 -2.701122 -3.852145
3 -1.206414 -2.228210 5.694851 2.314924 -1.460202 -0.741792 0.594134 -1.601127 -0.521392 -1.088454 0.591104 0.373019 -0.046586 -0.673854
3 -1.136487 -0.826355 11.786657 -1.341336 -1.748174 -0.656237 0.083722 0.884398 -0.203395 -0.756648 -1.331864 -1.407139 -1.488668 -1.858474
1 23.819896 -2.140106 -2.517880 -1.712660 -1.467738 -1.648989 -1.950435 -1.710753 -0.234071 -2.507755 -0.884579 -2.895015 -1.802124 -2.347791
3 -1.544752 -1.423417 27.118609 -2.564052 -1.670106 -2.196550 -1.873904 -1.535037 -2.036354 -2.316578 -1.553149 -2.241358 -3.072912 -3.090439
14 0.426981 -1.036190 -1.379762 -1.080551 0.870591 0.500930 -0.107651 1.161929 -1.842028 0.724858 0.060451 0.194743 0.032784 1.472915
14 -1.381895 -2.589512 -0.357134 -0.061662 -0.265037 -0.524845 -0.352127 -0.052188 -2.634730 -0.728744 0.098544 -1.165180 -1.573214 11.587726
8 -1.033170 -0.241798 -0.777134 0.619678 -1.931408 -1.912299 3.038692 8.912195 -1.298275 0.832128 -1.693169 -1.466460 -1.516607 -1.532374
3 -0.035765 -1.790276 12.792726 0.656365 -0.893460 -1.022951 -1.145873 -2.465220 -0.140820 -1.093478 -0.695447 -0.734621 -2.228877 -1.202302
6 -2.916968 -2.049682 -2.114670 -1.799939 -2.806975 25.522818 2.951550 -3.040375 -1.943146 -2.554052 -2.044474 -1.850233 -3.029580 -2.324274
13 -0.117392 -1.952244 2.374142 -2.079705 -1.048278 0.447564 -1.547123 -2.195543 0.851858 0.730909 0.263749 0.825436 3.201893 0.244736
3 -1.403150 -2.497811 20.500885 -3.014308 -2.422072 -1.366049 -1.702304 -2.060947 -1.039846 -1.027434 -1.048082 0.100408 -2.035981 -0.983308
14 0.358256 -0.216610 0.216995 -0.148982 0.100201 -0.152163 -0.499086 -0.208054 0.443434 -0.529498 -0.198462 0.142986 0.080445 0.610538
11 -1.496388 -1.430258 -1.156892 -0.554993 0.340814 -1.531081 1.991194 0.032812 -0.807705 -0.721244 6.362323 -1.170591 -0.857225 0.999234
11 -2.203474 -0.338788 -1.229398 1.524799 -1.184942 -0.569201 0.231639 0.035049 0.114321 0.557859 4.829902 0.700436 -0.752800 -1.715403
11 -4.033080 -4.406708 -3.474315 -2.035728 -3.446990 -4.535427 -3.902031 -2.798774 -3.743974 -4.025967 45.943418 -3.307223 -3.591287 -2.641913
11 -1.515278 0.428658 -1.049972 -0.143218 0.732914 -0.614199 -1.307756 -0.054334 -2.674256 -2.123378 10.421421 -0.374309 -1.040144 -0.686148
1 37.430996 -2.821112 -0.505687 -3.434004 -2.107225 -2.267066 -3.918027 -2.758724 -3.363576 -3.744842 -4.269569 -2.566664 -3.283030 -2.391467
5 -1.062736 -1.639614 -1.531298 -1.370778 18.498529 -1.183924 -1.124215 -2.408850 -2.616409 -0.596886 -0.599835 -2.202033 0.053541 -2.215493
4 -4.676880 -2.694730 -5.293470 53.646196 -2.408283 -3.686838 -4.323548 -3.925259 -3.660016 -3.653901 -5.697383 -2.702927 -5.653548 -5.269414
7 -5.918482 -4.553554 -5.424776 -5.990879 -5.052269 -6.417569 74.790345 -6.328388 -5.872093 -4.691535 -8.212432 -5.870771 -4.752607 -5.704990
3 1.042678 -1.331247 2.148294 -0.518484 -0.239867 1.478224 0.560973 -0.274258 0.497876 1.824607 -1.394062 0.157469 -4.421112 0.468909
5 -2.337239 0.075198 -1.298356 1.353967 14.664120 -0.576932 -0.940065 -1.371529 -1.883275 -1.649532 -1.508468 -1.257674 -2.730984 -0.539233
4 -2.323357 -3.576179 -3.925641 50.283395 -3.567970 -4.195826 -3.884459 -3.596951 -4.027216 -1.537650 -5.010977 -3.507126 -5.368422 -5.761621
6 -4.698044 -4.930884 -5.863776 -5.919984 -5.124622 66.116584 -5.124161 -4.833485 -4.822195 -4.741264 -5.502887 -4.813291 -4.895072 -4.846915
8 -1.683697 -1.226592 -0.001437 -0.268178 -0.273335 1.416244 -0.319379 4.503243 -0.791717 -0.782116 -1.447035 2.055214 0.621246 -1.802461
6 -3.810446 -3.283535 -2.753816 -3.205274 -3.154968 44.387157 -3.539400 -3.901213 -3.244481 -3.031628 -3.004180 -3.480328 -4.255245 -3.722643
6 0.202330 -0.829988 -0.959608 -0.639110 -0.837450 4.323944 0.341286 -0.933891 2.084783 -1.258453 -0.794235 -0.128147 -0.673461 0.102000
11 1.370970 0.593773 0.890414 0.290631 -1.171251 -0.369330 0.862052 -0.259017 0.943989 -0.403144 1.478675 -0.991821 -2.201771 -1.034172
13 -0.171916 -1.562599 -0.548479 -0.224355 -0.679640 -1.000766 -1.692851 -1.396943 2.486543 -0.240109 -1.556561 -1.245279 9.170024 -1.337067
13 1.699412 0.633198 0.125801 -0.841516 -0.996384 -0.091122 -0.769998 -1.197475 -0.795127 -0.286317 0.555697 -0.304246 3.346805 -1.078728
14 -0.005983 -0.571224 -0.305072 -0.317170 0.097719 -0.060811 -0.464268 1.029263 0.024764 -0.609284 -0.160682 -0.290392 0.012652 1.620488
9 -2.107532 -1.007240 -1.211949 -1.461315 1.919201 -0.392391 -0.080963 -0.517139 5.694984 0.400951 -0.433319 -1.310568 0.501779 0.005501
1 3.289598 -2.539998 0.607298 -0.712565 -1.608547 -1.031601 -0.143828 -1.052412 -0.322825 -0.214206 0.966762 2.925879 -0.379112 0.215556
4 -4.292660 -4.803600 -3.755270 49.472410 -4.606796 -4.153656 -3.696169 -2.448898 -2.806338 -4.708361 -4.183367 -3.329862 -3.954506 -2.732927
14 1.113727 -1.698448 -0.301507 -1.049368 0.173394 -0.035185 -0.256780 -0.110922 -0.193958 -0.716533 -0.785305 0.469607 1.305060 2.086218
4 -3.507559 -3.446266 -3.816837 32.992435 -2.841463 0.861715 -2.997349 -4.062704 -4.589598 -2.333138 -1.144115 -2.104081 -0.183887 -2.827152
4 -4.740526 -3.231367 -5.772626 57.391848 -5.142742 -3.707477 -2.016231 -3.596262 -5.449253 -5.497630 -3.397005 -5.313742 -5.420519 -4.106467
3 -2.987805 0.151701 29.419914 -3.315309 -2.274293 -0.818539 -1.338003 -3.035819 -1.422979 -2.772188 -1.554837 -2.268742 -3.546101 -4.237001
3 2.411707 -0.166125 3.692623 1.330791 -1.852164 -0.195041 -1.469584 -0.150937 -1.672776 0.193686 -0.046668 -0.471499 -1.167871 -0.436141
2 0.279255 0.821604 -1.136363 -0.110058 -0.760670 -0.337653 -0.453141 0.768225 0.757770 -0.317519 -0.382745 0.560348 0.729882 -0.418933
6 -0.146014 0.005039 0.087395 0.227570 0.594717 0.822352 -1.333111 -0.315213 -1.080125 0.768608 0.728225 -0.625696 -0.093109 0.359363
13 -1.429472 -0.182750 0.537613 1.407730 0.254138 -0.782039 0.837378 -0.538809 -0.654431 -1.476161 0.080713 -0.056118 1.655371 0.346838
14 -0.439403 1.602421 -1.083551 -0.133625 -0.459555 0.328061 0.055362 -0.188361 -0.445226 -0.238217 1.286797 -1.377008 -0.939844 2.032150
14 -2.162823 0.679387 0.271577 -1.552447 1.942096 0.650605 1.237179 1.879222 -2.788647 -1.078119 1.191024 -0.217350 -2.174034 2.122330
4 1.796122 -2.194553 -1.032756 2.200201 -0.743781 -0.549124 -0.058967 -0.049093 -0.428838 -0.579563 -0.285039 0.222702 1.334681 0.368006
6 1.359725 -1.389652 0.464031 -1.498291 0.352071 1.516004 -1.204420 1.192338 -0.718773 0.677413 -0.872796 -1.543771 0.610400 1.055722
4 -3.177834 -4.939943 -3.648672 49.173782 -4.855629 -3.761601 -4.342141 -1.945709 -2.188282 -5.668463 -3.564127 -4.029397 -4.255303 -2.796679
4 -3.914699 -4.964577 -3.555336 50.258363 -4.142422 -4.391206 -3.604134 -2.749239 -4.038782 -3.820154 -3.839230 -3.541201 -3.345450 -4.351933
1 1.730220 0.255605 0.292519 -0.482953 -0.619513 0.728568 -0.045759 0.273265 -0.352746 -0.449144 -0.423587 0.076284 -0.895859 -0.086900
12 0.604190 1.704014 0.280499 -2.105454 1.035657 0.138980 -2.136971 1.647935 -2.470070 -0.738301 -1.253313 4.067737 -0.028120 -0.746783
1 18.439304 -0.628325 -0.352469 -1.341312 -3.422837 -0.440569 -2.393100 -1.886785 -1.198490 -1.234724 -1.565872 -0.536534 -2.238361 -1.199928
14 0.316727 -1.017974 0.223734 -0.552438 -0.829427 0.677693 0.072369 -0.771479 1.055155 -1.682559 -1.939390 -0.310112 0.013856 4.743846
10 2.054101 1.837625 0.511611 -1.138876 -0.218887 -0.206495 -0.826690 -1.223893 -2.653477 2.205549 1.027380 0.697354 -2.832581 0.767279
4 -2.122803 -4.066321 -2.578009 30.585617 -3.231697 -2.724941 -1.393143 -2.139301 -2.556118 -1.429420 -2.877005 -0.807131 -4.022946 -0.636780
5 -1.526194 -1.406990 -1.526299 -0.282895 18.012145 -2.308873 -2.002640 -2.206603 -0.794345 -1.538994 -0.703517 -0.745005 0.217740 -3.187529
4 -3.589212 -4.630646 -4.895598 52.642533 -2.946326 -5.451754 -4.747082 -3.669243 -4.285843 -0.289123 -3.882863 -3.407043 -6.835610 -4.012190
14 0.047269 -2.338694 -0.497082 -1.407032 -0.573577 -0.290007 -0.585411 -1.081548 -0.271193 -0.936263 0.135630 -2.084833 -0.481944 10.364687
2 0.409098 0.486907 -0.296770 -0.244146 0.486119 0.130245 -0.064243 -0.492724 0.061653 -0.197776 -0.206033 -0.022204 0.031646 -0.081774
7 -0.524386 0.070379 -0.582881 -0.656384 0.346227 0.471474 0.536199 0.314557 -0.070403 -0.023626 -0.046291 -0.086041 -0.093053 0.344229
4 -4.037438 -5.118416 -4.249772 50.149145 -5.112894 -3.187135 -1.034139 -2.041641 -4.147772 -3.689748 -4.436545 -3.575781 -4.098160 -5.419703
10 1.327183 -4.261549 2.528953 -1.825465 -1.304251 -0.388897 -0.433687 -1.417674 -0.250631 5.166545 -0.357918 4.339979 -2.317335 -0.805252
14 -0.231259 -1.484455 -0.290877 -1.168792 0.873034 0.192923 -0.708741 -0.791896 -0.564087 1.651457 0.045544 -1.238044 0.208997 3.506195
6 -4.466298 -2.376327 -2.420057 -2.471093 -3.224909 37.520301 -3.870040 -3.452854 -1.472735 -2.249576 -2.477868 -2.788339 -2.724308 -3.525895
13 -0.800185 0.396126 -0.615014 -0.625683 0.481979 1.204605 -1.620576 -1.347810 0.931862 -0.632811 -0.133630 0.909877 2.246748 -0.395487
11 -0.195319 -0.392412 -0.306595 0.870778 -0.094330 0.265068 0.347773 -1.035532 0.238570 0.080220 0.896242 -0.498224 0.264131 -0.440372
4 -5.854594 -4.096567 -4.690840 52.351514 -5.178686 -0.922022 -3.565834 -2.616433 -4.991628 -5.172410 -3.752704 -2.814610 -4.411903 -4.283283
10 -2.493044 -1.124167 -1.375638 -0.549480 -0.388853 -1.465214 -2.570074 -0.543475 0.027112 15.259608 -1.642641 -1.567041 0.500132 -2.067224
8 -0.456040 1.001390 -0.465473 -1.365277 -0.885605 -1.185421 -2.018723 7.947904 -0.580873 3.570678 -1.735089 -1.295173 -1.260040 -1.272257
8 -1.112474 -0.409911 0.437468 -0.611330 -1.667554 0.323553 -0.997067 6.820275 -0.261909 -0.256056 -1.050680 -1.110113 0.176509 -0.280712
1 34.128581 -3.691632 -1.913307 0.136046 -1.683988 -4.570051 -3.270307 -3.536339 -1.185194 -3.803464 -2.454438 -4.580437 -1.693206 -1.882262
4 -2.305026 -0.293123 -2.403388 28.352872 -2.695294 -2.962387 -4.003985 -1.124415 -2.630990 -2.373729 -1.693747 -3.090529 -0.714754 -2.061506
5 -0.534302 -2.321119 -0.803055 -0.951697 13.955298 -1.897406 -2.317989 0.465122 -1.179118 -1.335648 -2.286826 -1.746394 2.054937 -1.101803
11 -3.076024 -0.487693 -3.269457 -1.031161 -1.371734 -3.833917 -2.143902 -3.220060 -3.478056 -1.990771 34.857317 -3.644940 -3.719795 -3.589807
14 -0.357837 0.270054 0.531615 1.011893 -0.072013 -0.675053 0.835511 -0.167752 -1.609725 -0.328583 0.486243 0.215602 -1.217305 1.077351
1 1.851479 -2.171626 0.039375 -0.639022 -0.604094 0.285332 0.007158 0.267499 1.227724 1.829791 -1.887442 0.915416 -0.229614 -0.891977
8 -0.663155 -1.304244 -1.369793 0.560089 1.795960 0.887370 -0.702488 2.798320 0.767554 -0.324510 -0.526934 -0.516216 -0.882644 -0.519309
5 1.297914 0.117052 0.000473 0.768713 2.126976 -0.133330 -1.147323 1.512044 -0.996101 -1.339561 -2.235682 0.192705 0.824939 -0.988818
4 -0.502897 -2.474868 -0.284584 4.524076 1.626698 0.561801 -1.702189 -0.714889 1.066309 -1.004123 -1.078368 -0.375762 0.601448 -0.242650
1 3.411700 0.109961 -0.659997 -1.002058 0.503570 -1.737305 -0.003838 -0.435405 -0.553415 0.850873 -0.237029 -0.438299 0.230384 -0.039143
4 -4.885462 -5.478836 -2.928197 51.175383 -4.621428 -4.071295 -4.620317 -2.367445 -2.997184 -4.631659 -4.029032 -3.099727 -4.130517 -3.314284
7 -2.413146 -0.287908 -2.495386 1.620620 0.877273 0.554407 2.922447 0.713007 -1.945547 -0.583101 1.356302 0.560471 -0.767226 -0.112213
13 -0.359458 1.773468 -0.519442 0.885111 -0.930347 0.392906 -2.259420 -1.098233 -0.159746 1.930249 -1.299406 -0.623183 2.012579 0.254921
1 20.525359 -3.977968 -0.850164 -1.341814 -1.535925 -1.604203 -2.693702 -3.321370 -0.749600 -0.250787 -2.008358 2.336232 -3.158298 -1.369401
6 -1.682526 -1.951368 -3.335922 -2.845735 -1.655693 28.543665 -2.086954 -1.835165 -1.952336 -3.317524 -0.957418 -3.222445 -2.215212 -1.485364
3 -0.798101 -1.852057 6.424897 -2.401896 0.899437 -0.263966 0.396388 -1.116738 -1.248119 -0.244171 -0.793597 1.253268 0.144240 -0.399586
5 0.182933 2.312231 -3.671159 -1.257810 14.067691 -2.777669 -1.502040 2.160189 -1.756795 -1.797181 -3.138201 0.415833 -0.603868 -2.634152
8 -2.382965 -1.338936 -1.119319 0.769026 -1.103636 0.616757 -1.487273 11.690130 -1.894136 -1.901773 -1.333779 0.824985 -1.237781 -0.101300
14 -0.633498 -0.372903 0.477683 -0.765509 0.753715 -1.127058 -0.054506 0.082007 -0.330961 0.544784 -0.187501 -0.085099 0.460835 1.238010
1 2.153559 0.928592 0.172207 -0.233210 -0.140911 -0.262122 0.470654 -0.080196 -1.501319 0.400635 0.670981 -0.272925 -1.336843 -0.969102
6 2.119992 -2.115769 -2.712955 0.337005 -1.182693 11.235473 -2.802994 -1.447359 0.470420 -2.054111 -1.612744 1.656106 -0.323007 -1.567363
12 -2.362864 0.243119 -0.898260 1.785863 -0.469341 0.488016 -1.206938 1.940175 -0.357576 -2.017230 -0.506928 2.545052 1.078114 -0.261201
3 -0.185874 -0.971360 10.621830 -0.290796 -0.670510 -0.734687 -0.533875 -0.994795 -0.917658 -0.545012 -1.726020 -1.429436 -0.825193 -0.796614
12 0.399129 -0.091890 0.249639 -0.760439 -0.375703 -0.651993 1.184170 -0.357155 0.836286 -0.366438 -0.381031 1.529456 -0.697901 -0.516131
14 -0.058646 0.443652 -1.445876 -0.278825 -1.254219 1.516603 -1.671429 -0.546068 0.064321 0.913169 -1.893680 1.364613 0.802102 2.044282
6 0.664237 0.111416 -0.165487 -1.083118 0.550598 1.673571 -0.764345 -0.436262 -1.690671 -0.058235 0.517397 -0.894917 0.352575 1.223241
11 -1.192689 -0.737732 -1.919959 -1.259124 -1.639354 -2.786100 -2.670435 -0.870116 -1.264711 -0.333334 17.636444 -1.152491 -1.895584 0.085186
13 -0.139722 0.546355 0.217070 -0.079102 -0.205617 -0.275264 -0.221969 -0.483834 -0.588325 0.596777 -0.383463 -0.431459 1.320805 0.127746
14 -0.470232 0.078752 -0.372520 -0.459745 -0.284886 -0.406227 -0.483728 -0.884483 0.371391 1.186824 0.105460 1.220769 -0.954696 1.353322
1 63.050332 -5.174452 -4.658798 -4.462234 -4.598162 -5.213667 -6.334464 -4.727958 -4.863004 -4.292959 -5.019602 -3.989495 -4.598304 -5.117231
12 0.574020 -0.261442 -0.740995 -0.675758 0.282008 -0.542693 1.052776 -1.440410 0.267198 -0.460270 -0.466958 1.914277 0.165702 0.332545
10 0.350845 -1.870711 1.365523 0.297652 -0.119625 -0.679589 -0.989558 -0.231951 -1.142472 1.478273 0.463787 1.411764 1.008452 -1.342388
3 -0.492394 -0.917166 2.006068 -1.117285 0.307635 -0.226972 0.365301 0.592656 -0.515207 -1.095562 -0.515103 0.440442 0.906550 0.261036
1 33.526346 -2.969707 -2.345898 -2.700805 -3.082006 -3.731197 -2.525569 -2.703669 -1.552822 -3.136060 -1.363342 -3.129202 -1.753110 -2.532956
1 23.382608 -2.791817 -1.759287 -2.029976 -0.603541 -0.710408 -3.051689 -1.039755 -2.044146 0.651168 -2.577881 -2.501221 -3.432648 -1.491407
2 -0.998368 1.458530 -1.182141 -0.707025 0.621078 -0.605819 -0.171497 -1.359230 -0.809960 0.775601 -0.164638 1.182347 1.306035 0.655089
6 -0.324863 0.433092 -0.966259 -2.210091 -0.501019 13.871371 -1.995877 -2.066150 -1.517058 -1.850607 -0.816421 -1.725700 1.396054 -1.726473
5 -2.976732 -0.187573 -0.712469 -1.923442 13.323982 -2.017006 0.544160 1.921467 -3.204180 -0.172456 -1.824269 -2.150290 -2.711413 2.090220
6 0.440342 0.905885 -2.911064 -1.117687 -1.124029 11.082033 -2.578449 0.133892 -0.852033 -0.857755 -1.917817 -1.764506 -0.552472 1.113661
3 0.191386 -2.164357 3.754743 -0.344258 -1.470920 -1.070816 -2.276451 -0.963254 -0.311502 0.285207 1.623773 2.605711 0.968033 -0.827295
2 1.449697 2.133847 -1.177250 -0.986222 -0.783413 1.281373 0.584361 0.908383 -2.276648 -0.565069 -2.384917 1.754651 -1.021688 1.082893
3 -1.402701 -2.154050 20.500885 -2.958135 -2.388221 -1.426670 -1.864613 -2.003701 -1.195618 -1.088274 -0.920409 0.040091 -2.205587 -0.932994
10 0.306156 -0.162736 -0.199621 -1.437196 -0.017427 0.910988 -0.812849 -1.484536 0.617653 2.567543 -0.138530 -0.320265 -1.001203 1.172024
6 0.072692 -0.383986 0.266599 0.703095 -0.836639 1.541752 -0.253528 -0.519937 -0.006308 -0.463616 -0.180673 -0.229446 0.548788 -0.258793
3 -2.477104 -0.400479 7.761714 0.057917 0.729797 -1.811088 -0.342339 -0.999734 -0.436018 0.815125 1.326906 -1.769641 -1.983945 -0.471112
10 -1.484694 0.249156 0.073925 -0.007610 -0.552201 -0.928851 -2.124685 -1.404253 -1.104833 12.381675 -1.410415 0.229509 -2.808979 -1.107744
10 -0.947845 -2.505259 0.267649 -0.302417 2.116722 -0.252248 -0.793608 -1.217612 -1.319384 3.753595 0.609362 1.416691 -2.056736 1.231090
7 -5.112427 -5.345067 -5.254701 -5.283549 -5.681664 -5.383337 71.382452 -5.430408 -4.886193 -4.835657 -8.481698 -5.124978 -5.159250 -5.403525
11 -0.959952 -0.066717 -0.317127 1.170492 -0.917950 0.694267 0.215660 0.692248 -2.029167 -1.636546 2.170643 0.824174 0.049075 0.110899
12 -2.039558 -0.605156 0.371916 0.257221 -1.031930 -1.036908 0.749490 -0.564279 -0.928305 -0.510453 0.804699 7.812042 -2.889321 -0.389459
4 -0.806062 0.496117 0.100310 0.768026 0.211035 -0.194242 0.243725 -0.133857 -1.187181 0.071677 0.541610 0.198511 -0.809149 0.499478
11 -3.171013 -3.618477 -1.238253 -1.744869 -0.054781 -2.672439 -3.008643 -3.288117 0.132910 -2.899051 26.062420 -1.227555 -1.990120 -1.282014
11 -5.865156 -3.469011 -3.288984 -3.363794 -3.216795 -3.554314 -4.908605 -3.283901 -4.328342 -4.033878 49.844166 -3.347277 -3.853036 -3.331074
2 0.387323 3.104345 0.906007 -1.461751 0.491360 -0.848542 -0.300348 1.192934 -2.231636 -0.570253 0.604189 -0.621442 -0.566177 -0.086009
3 -1.322174 -2.154050 19.468058 -2.869855 -1.840961 -1.397521 -1.634975 -1.960002 -1.143799 -1.012326 -1.074632 0.070643 -2.183050 -0.945356
11 -1.241583 1.949104 -0.931336 -0.475398 -0.418188 -1.749235 1.033695 0.029993 -1.804805 0.148677 3.677556 -0.349488 0.448956 -0.317948
14 -1.380814 0.021904 0.645649 -0.146385 0.263597 0.171814 0.183162 -1.254105 -2.092026 -0.800309 -0.379166 0.648572 1.728483 2.389625
11 -1.427301 0.567605 -0.468333 -1.131340 1.390467 -1.121483 -0.132135 -0.376529 -1.759257 0.614974 3.763663 0.315441 0.213824 -0.449595
7 0.759229 0.915226 -1.885374 -0.132617 -0.423763 0.198017 1.512425 0.255479 -0.478471 -1.452485 1.038011 -0.624193 -0.448952 0.767468
4 -0.376458 1.342641 -0.057999 2.177764 -0.419053 -0.255132 0.463897 -0.662257 -1.250931 -0.156110 0.390612 -0.220408 -0.632779 -0.343786
10 -0.254914 -0.945897 1.447461 -1.215923 -0.280964 -0.666085 -0.065928 0.384580 0.660187 2.672124 1.843200 -0.256851 -1.804829 -1.516160
11 -3.523949 9.771192 -2.965714 -2.251413 -2.183503 -4.206543 -0.517312 -2.887142 -3.565656 -3.198992 24.495100 -3.475089 -3.517614 -1.973369
10 -0.666189 -0.609739 -0.806785 -1.012659 -0.019342 -0.232656 -0.186229 -0.929710 -0.751795 6.236023 -0.606784 -0.130242 0.677381 -0.961275
11 -1.866386 -1.667902 -3.453856 -1.351345 -0.745163 -1.422780 -4.341616 -2.090636 -3.983256 -0.919919 27.954321 -1.053622 -3.862608 -1.195233
11 -1.865812 -0.558947 -1.630008 -0.849429 -0.977182 -1.607671 -1.474594 -0.448381 -3.552228 -0.138002 15.529770 -0.431625 -1.382739 -0.613152
6 -0.057446 -1.636414 -2.202047 1.189204 -1.262606 17.068957 -1.467474 -2.199175 -2.343654 -2.339057 -1.643747 -0.253531 -2.224714 -0.628296
13 -0.339063 -2.172171 -1.061730 -1.947679 0.129587 -0.924328 0.012129 -0.840013 0.734298 -1.704510 -0.815497 -0.001132 8.974418 -0.044308
5 -1.112469 4.859904 -2.302106 -0.509613 14.552686 -1.682817 -1.556384 -0.149628 -1.860514 -1.816245 -1.843003 -2.561522 -1.430709 -2.587580
2 -1.660499 4.321261 -1.685422 0.053607 -0.770878 0.228921 0.765480 0.545606 -2.795887 0.146152 0.334775 0.240315 -0.918811 1.195381
2 -0.370272 1.916310 -0.374815 0.027309 -0.638181 -1.784717 0.580594 0.640775 -1.033365 0.326064 0.938424 -0.178067 -1.712836 1.662776
14 -0.591497 0.587015 -0.877011 -0.587680 0.142544 -1.362851 -0.518210 0.588721 -2.169584 -2.408113 2.224567 -0.716627 1.041436 4.647290
11 -2.391158 0.493735 -0.554093 0.350345 1.495335 -0.775727 1.194987 0.404395 -2.018832 -0.809675 1.520888 1.248625 -1.067188 0.908363
8 -2.709120 2.118491 -0.950792 2.501873 -0.055315 0.257758 0.109365 2.964398 -2.141791 1.672606 -0.132494 -1.415711 -2.135619 -0.083649
5 -1.093914 0.581735 0.946249 -1.680039 11.514777 -1.148000 -2.707375 -0.061899 -1.820897 1.440793 -0.360884 -1.430813 -2.629257 -1.550475
9 0.596282 0.865546 -1.089197 -1.479718 -0.571186 -0.745946 -1.618174 1.588699 2.391069 -0.870481 1.218704 -0.143895 0.395782 -0.537486
12 0.122576 -0.635458 -0.815291 0.849400 -0.335303 -0.259605 -1.938708 -1.365154 -0.388175 1.078790 -0.804624 2.358294 0.619747 1.513513
5 -0.840146 0.215328 0.199240 -0.493582 3.576443 -0.950595 0.609645 -1.337129 -1.437002 0.193669 -0.295041 -0.785991 1.685231 -0.340071
2 -1.399541 10.097132 -0.636307 -0.541037 -0.322698 -0.937686 -0.481669 -0.742945 -1.871267 -1.283294 -0.121563 -0.632790 -0.887967 -0.238368
13 -0.195544 -0.982172 -0.083119 0.450603 -0.936356 0.235778 -1.340985 -0.206601 -0.024656 -0.676373 0.430216 -1.115512 3.942988 0.501733
14 0.999760 -1.325581 -0.152305 -1.737838 -0.523383 -0.213559 1.156253 -1.440788 -1.034391 -1.519050 -2.262320 -1.318663 -0.210916 9.582782
8 -0.148812 -1.356432 -0.800041 0.470187 -0.904225 -0.922666 0.819575 1.763517 1.682608 -1.658799 -0.470440 0.555632 1.006746 -0.036851
3 -2.040594 0.352566 12.675115 0.153111 -1.816620 -1.423525 -0.993629 -1.324676 -1.248370 -0.545855 0.482474 -0.833642 -2.943161 -0.493193
4 -1.799224 -0.630347 0.358886 1.538368 0.661327 0.294050 0.219825 -0.131444 -0.799251 -0.348089 0.149344 0.568113 0.539161 -0.620716
6 -0.729628 0.938801 -2.364494 -2.659251 -4.207189 28.138766 -2.234363 -1.937337 -4.324644 -4.662187 -1.392656 -2.171069 -1.870243 -0.524503
6 0.205567 -0.193953 -0.927073 -0.838720 -0.751853 3.400167 -0.853296 0.328558 -1.648488 -0.640690 0.100081 0.069526 2.566025 -0.815852
3 0.187767 -0.833900 6.816905 -0.895932 -0.634196 0.955552 -1.423188 -0.271016 -0.839504 -1.001785 -0.669218 0.843463 -0.705421 -1.529525
1 18.244134 -1.508193 0.379321 -3.283674 -2.365891 -3.441631 0.065070 -0.677340 1.344482 -1.990658 -2.467812 0.096312 -2.867482 -1.526637
2 -1.101594 0.978673 -0.697755 -0.294550 0.575642 0.112217 -0.130448 0.530077 -0.683066 0.214040 0.376792 0.044458 0.321852 -0.246338
2 1.396797 2.031128 -0.794265 -0.417801 -1.396789 0.427552 0.474825 0.225728 -0.249366 -0.125256 -1.992164 -0.293196 0.533214 0.179593
6 0.586381 -0.382808 -1.845500 -0.589540 0.929664 2.262321 0.187294 0.421759 -0.156642 -0.424576 0.349366 -0.552799 0.314653 -1.099573
6 -0.500471 -1.685137 -1.282893 -0.677984 -0.273423 14.950824 -2.288227 -0.570504 -2.054306 -2.095276 -0.898005 -0.536232 -1.210102 -0.878266
3 -1.678027 -0.099016 4.695600 0.266097 -0.129230 -0.205373 -0.569969 -1.182640 -1.296845 -0.149773 0.328598 2.335899 -2.843835 0.528515
12 1.506141 -0.257780 -1.823279 -0.353796 -1.065225 5.354738 -1.867458 -1.187257 -3.816207 0.698083 -0.885704 6.051713 -1.787346 -0.566625
1 33.075237 -2.205422 -2.450069 -2.959387 -1.603490 -2.221089 -2.282565 -3.890063 -0.938595 -1.949558 -3.116034 -2.280414 -5.080077 -2.098470
14 -1.567997 0.799689 0.419017 -0.000359 -0.478947 -3.014708 -0.221491 -0.507362 0.164896 -0.247572 1.031897 -1.050418 1.427352 3.246003
11 -1.187432 -0.571697 0.091338 0.554397 0.378496 -0.849089 -0.274008 -0.367531 0.077938 0.350859 0.937907 -0.114743 0.884923 0.088642
11 -1.022066 0.318108 -0.255024 0.637059 0.070101 0.188189 0.170605 -0.176129 -0.846395 0.393834 0.730355 0.155921 -0.856760 0.492204
12 1.562361 -1.373844 -1.275961 -0.278958 -2.389411 0.695435 1.166754 -1.991121 -0.880866 -2.124944 -1.851927 12.105511 -1.848675 -1.514355
1 17.177405 -2.812051 -0.945748 -2.264772 0.205411 -3.277124 1.811185 -2.919559 1.304402 -0.432470 -0.267951 -2.973128 -4.512990 -0.092606
13 0.197098 -0.614158 -0.231520 -0.182998 -0.673294 -0.640575 0.010181 0.426085 -0.511651 0.240143 -0.502164 0.168860 3.276386 -0.962393
13 0.250503 -1.972032 -0.582286 -1.258495 -1.293641 -0.115912 3.973756 -1.311594 1.413536 -0.647224 -0.092987 -1.324130 4.595090 -1.634582
12 -0.630900 -1.862157 0.870766 -1.095500 0.945452 -0.759389 1.028798 0.019526 -2.517899 0.541001 1.636930 1.688614 -0.844082 0.978839
9 -1.176724 -0.173220 -0.397187 0.614999 -0.867265 -0.699853 -0.037552 0.005697 4.652533 -0.862896 -0.631447 0.046237 -0.682634 0.209312
3 -1.484860 -1.369506 25.680335 -2.498752 -1.554975 -2.063435 -1.708501 -1.427967 -1.995544 -2.259349 -1.407084 -1.964057 -2.918272 -3.028032
7 -6.520203 -4.386913 -5.116713 -5.923148 -5.321501 -5.134183 58.244932 -3.870305 -3.279268 -4.349516 -4.899465 -4.846335 -2.328883 -2.268499
11 -1.091637 -1.104494 -0.930391 0.198405 -0.704970 -0.439078 1.028849 0.366784 -2.589667 -1.522366 6.078906 -0.204291 0.580491 0.333461
8 -0.228454 1.287732 0.102995 -1.657904 -1.188820 -1.158216 -2.228154 8.266887 -0.360556 1.824528 -1.059645 -1.463286 -1.378454 -0.758655
9 -1.294617 -1.874233 -0.311922 0.249938 -0.767099 -1.557396 -0.337458 -1.058310 5.916615 -1.391778 -0.445885 -1.226627 2.515074 1.583698
3 0.172744 -0.309029 2.084455 -1.108591 -0.094635 -0.879931 1.320706 0.116634 -0.530053 0.112617 -0.680995 1.803626 -1.518826 -0.488721
6 -1.287026 -1.063459 -1.473603 -1.093933 -1.504772 16.779864 -1.598084 -1.315033 -1.283424 -1.094409 -1.614433 -0.948255 -1.368049 -1.135384
1 17.016469 -1.202880 0.445913 -1.987636 -1.504445 -0.668177 -0.391631 -3.073293 -0.658841 -1.110814 -2.265815 2.252001 -4.753030 -2.097820
1 3.030309 0.164569 -0.572311 -0.871600 0.975278 -1.014488 -0.521266 -0.091134 0.825632 -1.907127 0.250079 -0.448004 0.005609 0.174452
9 -1.357253 -0.446848 -1.390090 -0.568913 -0.019865 -0.000564 -0.793572 -0.857541 8.581829 -0.226854 -1.660990 -0.084243 -0.376005 -0.799090
5 1.212518 0.864680 0.030512 0.454444 10.712522 -0.433869 -1.070667 -1.280062 -2.421064 -0.735057 -1.738404 -2.935931 -2.754649 0.095025
5 -0.502357 -1.513936 -1.038871 -0.640385 4.304858 -0.202872 -0.753846 0.548940 -0.448951 -0.499567 -1.196351 -0.807749 3.044903 -0.293816
11 -2.351220 -0.933674 1.027266 0.540394 0.768352 0.937321 -0.210429 -0.134941 -1.540898 -0.047308 2.446986 0.564802 -1.023449 -0.043201
1 21.575196 -1.473237 -2.078452 -1.640778 0.307641 -3.806466 -1.489688 -0.756847 -1.519236 -1.871642 -1.812585 -2.034565 -1.659202 -1.740138
1 3.371207 0.983692 -0.554761 -1.440108 -0.449522 1.549167 -2.289279 -1.727236 0.271965 -1.895694 -0.501045 0.281722 1.768410 0.631480
12 -0.323504 -0.692909 0.768452 -0.474323 -0.433969 -0.409743 0.310212 -1.658914 0.606832 -1.598145 -0.353098 5.809117 -1.312542 -0.237466
1 4.613415 0.931038 -0.616200 -0.207180 -1.357036 2.357575 -0.611518 -1.806917 0.191129 -0.896546 -0.898747 -1.282983 0.460012 -0.876041
1 49.916306 -4.498680 -4.274651 -3.604776 -4.428884 -4.421380 -3.225623 -3.385014 -2.479701 -4.409232 -2.813201 -3.797738 -4.684454 -3.892967
1 17.832786 -1.466248 -0.699086 -1.601698 -1.168649 -1.090040 -1.998268 -1.309598 -1.613609 -0.889271 -1.740242 -1.797140 -1.115727 -1.343209
1 28.692178 -3.245013 -2.942779 -1.911383 0.486438 -2.243283 -2.738937 -3.581274 -3.103823 -1.569253 -2.665284 -2.373429 -1.114526 -1.689631
1 24.005139 -3.075648 -2.448119 -3.235889 -2.308831 -2.055332 -2.548919 -1.668598 -1.734022 -1.549046 -2.178679 -2.455422 3.312475 -2.059106
1 39.113352 -2.049055 -3.392039 -3.275515 -2.924989 -3.001662 -2.670111 -3.073398 -2.999978 -3.197836 -2.420202 -3.084094 -4.206998 -2.817472
1 33.284347 -3.535525 -2.978012 -3.354593 -3.265181 -2.970865 -1.669824 -2.065404 -2.739988 -2.446881 -2.471865 -1.831957 -1.498284 -2.455966
1 37.992295 -1.583748 -3.426550 -2.004833 -2.553051 -3.642817 -4.014568 -1.454314 -2.981217 -3.799224 -3.847988 -3.466881 -1.854460 -3.362644
1 36.182298 -4.837179 -2.205030 -2.386361 -0.791646 -3.756693 -3.674565 -4.118896 -0.783536 -1.651763 -1.608470 -4.027643 -3.042721 -3.297793
1 33.335806 -3.243331 -2.511181 -3.074158 -2.137166 -2.171455 -2.508393 -2.296608 -1.241343 -3.390237 -2.539717 -3.241960 -3.277488 -1.702767
1 26.594978 -1.696374 -1.234774 -3.301148 -3.213449 -2.974757 -1.091071 -0.961974 -2.473781 -2.010923 -2.564042 -1.811957 -0.031903 -3.228823
1 20.401816 -3.417525 -1.453709 -1.311131 -2.440533 -1.020227 -0.517396 -1.223767 -0.700094 -1.488282 -2.780342 0.386678 -1.774564 -2.660923
2 1.352223 2.421548 0.250852 0.565021 0.696420 -0.305148 -0.290947 0.455900 -1.923277 -1.020668 -0.587688 -0.481200 -1.877706 0.744669
1 23.545992 -3.376002 0.282518 -2.475980 -1.348773 -1.142671 -2.362866 -1.840765 -1.653623 -1.444291 -3.542836 -1.817078 -1.645682 -1.177942
13 0.410754 -0.081521 -0.518163 -0.607190 0.235978 0.118675 -0.481877 -0.510509 -0.421239 -0.637949 -0.410308 0.216697 1.529449 1.157202
1 37.762090 -3.157207 -3.600883 -2.795415 -1.181064 -3.448257 -4.478636 -2.443674 -0.308391 -1.620511 -3.285932 -3.414375 -5.650564 -2.377179
1 22.488942 -2.968360 -2.126124 -1.780535 -2.476006 -1.336582 -1.690406 -1.064097 -0.574140 -1.819484 -2.505528 0.732047 -1.931880 -2.947846
1 19.608944 -2.296050 -1.411883 0.619432 -0.878091 -3.175218 -1.043981 -1.672118 -1.591196 -1.835398 -0.768500 -0.764496 -3.019157 -1.772287
1 33.126469 -2.882540 -2.649779 -2.980512 -3.452478 -1.138361 0.241623 -3.626155 -3.580059 -4.111417 -2.263542 -2.890386 -1.156462 -2.636401
1 3.973913 -1.554893 0.476080 -0.402730 -0.250309 -0.029890 -1.710954 0.471994 -0.576312 -0.872841 -0.086688 1.156075 -0.959986 0.366542
10 -0.464923 -0.448795 -0.180227 0.104347 0.262136 0.321950 0.570018 -0.400368 0.503829 0.919941 -0.866127 0.424008 -0.243508 -0.502282
10 -2.786948 0.580759 1.306866 0.396087 -0.259909 0.011189 2.412206 -0.449590 -2.821554 4.144624 1.985540 -1.070896 -3.252404 -0.195970
13 -0.495589 -0.543962 1.398841 -0.902547 0.137417 -1.231194 -3.064792 1.657175 -2.051615 -0.106951 0.770261 0.757609 3.306376 0.368971
7 -0.405402 0.380558 -0.203357 -0.703795 -0.428853 -0.488233 1.215554 0.530336 1.074178 0.142464 -0.399833 -0.115932 -0.864057 0.266372
14 -1.515124 -0.666188 1.529011 -1.133104 -0.679801 -0.473148 -0.642185 0.162788 -1.059763 1.388569 0.629486 0.489234 0.339980 1.630246
10 -0.034294 -1.607354 0.221937 -1.346603 -0.468553 -0.510119 -0.076476 -0.225708 -1.363065 6.356947 -1.014216 0.097949 0.698714 -0.729160
10 -0.860341 -0.897218 0.072810 -0.454587 -0.137329 -0.354705 0.414510 -0.527025 1.351881 3.516464 -0.032900 -0.612659 -0.199409 -1.279491
10 -1.432540 -2.084235 -1.743955 -1.918897 -2.129355 -2.553646 -2.736709 -2.200361 -2.192955 26.156517 -1.443309 -1.458447 -2.201989 -2.060121
1 3.689861 0.355473 -1.244324 -2.885326 -1.655288 2.505042 -1.358379 -0.220524 -2.214576 -1.187630 1.787344 -1.836270 1.569325 2.695272
6 -1.540089 -1.501483 -0.154419 -0.833401 0.185120 2.062356 1.833725 -0.919701 -0.680516 1.183325 -0.080996 -0.522874 0.935633 0.033322
10 -1.651551 -2.117391 -1.492453 -2.016460 -0.107623 -2.355968 -0.989065 -1.136589 -0.499438 15.238504 -1.390163 -0.054519 -0.991819 -0.435461
8 -0.152790 -2.392909 -0.255713 -0.764408 0.747702 -0.216500 -0.712860 2.053955 -0.159533 1.230747 0.810223 -0.264169 0.742073 -0.665818
13 0.653403 -1.375256 1.276668 -1.013196 0.276674 -2.222865 -0.799969 0.448276 0.347924 0.007634 -0.071571 0.056727 2.345933 0.069618
10 -1.307011 -0.158313 0.796226 -0.791249 -0.240780 -1.893479 -0.814527 -0.637705 -1.034868 8.356763 -0.686460 -0.781690 -0.154000 -0.652904
11 -0.450839 1.320688 -1.295357 -0.016144 0.475871 -0.384743 1.332973 0.335011 1.274150 -1.714864 1.396948 -1.485297 -0.598259 -0.190139
10 -0.733446 -3.477473 -1.518139 -2.817615 0.417505 -1.242397 -0.390361 0.416005 -1.205747 17.625742 -3.208549 -2.150953 -0.400145 -1.314430
10 0.154132 -0.988804 -0.470046 0.084144 1.178192 -0.072706 -1.177253 -1.255812 -0.538635 4.414633 -0.260082 0.202545 -2.408809 1.138502
10 -1.838656 -0.954739 -0.469008 3.897508 -0.070956 -0.697374 -1.141294 -1.687921 -1.213857 8.236855 -0.258400 -1.713180 -1.653444 -0.435535
2 0.201618 1.262958 -1.641407 0.975899 -1.581545 -0.285713 0.764058 0.913877 0.447707 -0.762499 -0.638942 -0.104760 1.123156 -0.674407
12 -0.622774 0.159257 -0.024664 -0.577868 0.326445 0.358813 0.545717 -0.751826 -0.905557 0.641722 0.825911 1.282873 -1.256486 -0.001563
2 -0.613184 1.140486 -1.111455 -0.076644 0.403453 1.051399 0.082827 0.340860 -0.419621 0.485023 -0.164741 -0.750586 -0.241495 -0.126323
2 -1.732693 15.908563 -1.114998 -1.738907 -0.063703 -2.829015 -1.327171 1.019214 -0.694617 -0.912053 -2.465963 -1.105348 -1.958999 -0.984310
2 0.089923 1.423707 -0.073285 -0.368381 -0.546204 0.232895 -0.231448 -0.533444 -0.633812 0.196628 0.023060 0.995940 -0.521861 -0.053719
1 0.000000 0.000000 0.000000 0.000000 0.000000 0.000000 0.000000 0.000000 0.000000 0.000000 0.000000 0.000000 0.000000 0.000000
2 -1.310436 15.320429 -0.824720 -1.466705 -1.127880 -0.576281 -1.145930 -0.323977 -0.755897 -1.343066 -2.024090 -0.990476 -2.174628 -1.256344
2 -1.594422 18.707402 -1.351606 -0.835939 -0.590974 -2.766184 -1.358916 -0.425731 -2.692301 -1.953442 -1.830612 -0.527539 -1.970357 -0.809379
2 -1.672551 4.144611 -1.996868 -0.298773 0.107102 0.091127 0.927424 0.365998 -1.072051 -0.445647 1.649395 -1.369336 -0.583896 0.153465
14 -3.240070 0.675412 1.185738 -0.064592 -0.196502 -1.194274 0.499708 -0.471819 -1.164787 2.039605 -0.030256 1.881509 -2.442927 2.523254
2 -0.794293 12.714084 -0.735996 -1.222023 -0.642633 -0.289220 -1.622389 -1.163154 -0.644983 -0.971249 -1.213646 -1.128319 -1.430542 -0.855639
2 0.922869 4.030899 -2.526861 -0.918529 -1.007941 2.408204 2.279061 1.178684 -1.988014 -1.071163 -1.585633 0.130917 -2.922004 1.069511
2 0.078008 18.453493 -2.028566 -1.084744 -0.335810 -0.800506 -2.230182 0.847537 -2.660170 -1.736754 -2.533500 -2.114626 -2.383163 -1.471018
14 -1.925355 -2.343416 0.775298 -2.140244 0.742215 0.814280 1.146500 0.315320 2.049814 -0.569130 -1.773888 0.792495 -0.369150 2.485261
2 0.880562 10.235585 -1.564402 -0.086203 1.176811 -0.319432 -1.487836 -1.601417 -1.586429 -2.118800 -2.225766 -0.336117 0.388234 -1.354789
2 1.739672 3.873404 -1.537463 -0.363933 0.565532 -0.373879 0.553549 0.109743 -1.421418 -1.206070 0.363755 -1.238204 -0.595197 -0.469492
2 -0.639986 12.861591 -1.207244 -0.617946 -1.336153 -0.813099 -1.290445 -1.371907 0.231281 -0.725525 -1.830594 -1.073387 -1.333754 -0.852835
2 1.665249 4.863220 -0.684541 -0.556227 1.141459 0.089890 -1.428006 0.051048 -1.177691 -1.655302 -1.293639 0.447255 -0.977195 -0.485520
2 -1.840438 7.905858 -0.498460 -0.917235 2.211257 -1.046731 -0.015272 -0.876780 -2.780125 -1.402378 2.510964 -1.203100 -1.223145 -0.824416
7 -0.350284 -1.189662 -1.047862 -1.227857 -0.434876 2.269341 2.424025 2.110320 -0.842247 -1.559214 -0.371051 -1.358456 0.043073 1.534751
6 0.233541 -0.086578 -0.020983 -1.373667 -0.004448 2.008594 -1.233026 0.770960 0.105782 -0.664852 -0.753508 -0.138058 1.910094 -0.753852
6 0.355339 -2.556611 -0.299625 -0.016141 1.266062 2.151403 1.875935 0.382049 -0.930476 -1.351076 -1.700709 0.453436 0.646511 -0.276099
5 0.255147 -0.048770 -0.127478 0.907956 1.568018 0.132048 0.529601 -2.179138 -1.049689 -1.060768 -0.515871 0.363349 -0.204451 1.430047
5 -1.203158 -1.801962 -1.438829 1.542140 10.458873 -0.534131 -0.260806 -0.822181 -1.260198 -1.340345 0.016610 -1.262214 -1.611475 -0.482325
5 -0.194894 -0.491523 0.463154 -0.099953 2.477615 -0.939519 -0.440214 -0.228476 -0.580986 -0.220508 -0.332670 -0.290681 -0.144314 1.022969
5 0.163374 -1.863576 -1.723330 -1.112560 12.425405 -0.379133 -1.791242 -0.857690 -0.941107 1.317785 -1.444510 1.081240 -3.452968 -1.421687
12 -0.398328 0.570307 0.665315 1.029086 -0.747362 1.334592 -1.501133 0.924932 -1.667926 -0.811942 -0.457880 1.388369 -1.344109 1.016080
14 -0.484099 0.063536 -0.203516 0.770719 1.979607 -0.476290 0.150558 -0.314222 -1.767017 -0.161014 -0.435330 -0.271030 -0.899485 2.047581
5 0.204986 -2.496041 -1.693019 -0.435992 4.729629 0.657771 -1.001518 -0.142415 -1.731319 0.907190 0.982541 0.239493 -1.100239 0.878931
8 0.175049 -0.923052 -1.091125 -0.148519 0.225889 -0.545644 0.138296 1.766947 0.726807 -0.895761 -0.446035 0.104247 -0.702706 1.615608
3 0.031173 -0.602954 2.206661 -0.287290 -0.317942 -0.407240 -0.429551 -0.315522 0.013008 1.363908 -0.540370 -0.062456 -0.035480 -0.615945
5 -1.531892 1.693190 -0.615022 -0.999627 3.136740 1.187754 -0.364772 -0.545186 0.517150 -1.071832 0.843548 -1.815910 1.780348 -2.214488
5 -3.470226 -3.304448 -3.138746 -0.896469 37.423677 -4.353704 -3.564429 -4.174055 -2.723885 -3.448962 -0.555280 -1.959452 -1.747114 -4.086908
5 -1.686280 -2.222146 -0.635374 1.725374 11.326129 -1.323647 -0.551976 -1.492516 -1.008760 -1.110723 -2.634511 -2.172973 1.468520 0.318881
5 -1.515455 -1.998533 -2.182023 -1.894532 26.339479 -1.305220 -1.377587 -2.782478 -2.072295 -3.001050 -1.657370 -1.176368 -2.381136 -2.995432
5 -0.886325 -2.034454 -1.539283 -0.964339 12.777713 -1.966180 -0.957043 -0.872405 -0.422982 0.293636 -1.425695 -1.004892 0.542276 -1.540028
5 -0.932479 -2.975346 -2.500248 -1.515234 27.387022 -2.636670 -2.386910 -2.945587 1.040648 -2.210853 -1.918711 -3.941658 -1.500185 -2.963789
5 -1.946957 -0.997158 -0.598489 -0.568541 13.885866 -0.058324 -1.441251 -2.661376 -2.566598 -0.891471 0.882313 -1.593490 -3.238098 1.793574
5 0.371929 -1.227229 -1.232348 -1.456006 11.471624 -1.389842 0.031398 -1.542754 -1.704008 -0.969331 -1.533106 -1.008090 1.440102 -1.252338
5 -1.449513 -0.346042 -0.506896 0.527976 3.295200 1.213871 -0.157910 -0.331723 -1.563403 -0.244595 0.700920 -0.050538 -0.996836 -0.090512
11 -0.421572 -0.504519 -0.210012 -0.057690 -0.417671 -0.300598 -0.559870 -0.380606 -0.296822 -0.292969 4.813549 -0.368972 -0.559964 -0.442282
11 -0.550226 -3.285490 -1.925006 -2.878192 -2.189490 -1.624264 -5.283224 -1.737584 -3.822692 -2.506525 33.102175 -2.110750 -3.243621 -1.945111
7 -0.076995 -0.760791 -0.970015 -1.853484 -0.228190 -0.568676 5.181344 -1.164204 -0.616189 0.313549 0.616746 -0.315215 -0.599587 1.041706
11 -1.088760 -1.065007 -0.960327 -0.060198 -1.369256 0.041181 -1.979981 -0.473636 -0.749168 -1.035385 11.487306 -1.096249 -0.476358 -1.174160
11 -0.407910 -1.344671 -1.353429 -0.974146 -0.838461 -0.109452 0.892796 -0.085963 -0.023319 -0.668586 5.418829 -0.622886 0.091788 0.025410
11 -0.016727 0.479605 -0.810012 0.792931 0.205643 -0.035134 0.474657 0.044227 -1.619186 -0.891001 2.990660 -0.610985 -1.617976 0.613296
11 0.006930 0.580470 -0.339555 0.075178 -0.481526 -0.322609 0.394990 -1.243138 -0.821800 -0.412225 5.941693 -1.601223 -1.187452 -0.589733
1 4.422650 -0.977834 0.343356 -1.295560 -1.615827 0.050918 0.624661 -1.119843 -0.819304 0.437030 0.484921 0.329733 -0.098439 -0.766464
11 1.182693 -0.765480 -1.017359 -1.267350 -1.060129 -0.389724 -0.190191 0.790335 -0.471053 -1.190697 3.969149 0.344076 0.670884 -0.605153
11 1.304354 0.040465 1.327691 -0.279451 -0.472762 0.074984 0.114191 -0.890300 -1.343045 -0.604412 1.629395 0.944397 -2.184596 0.339089
11 -2.632110 -4.183078 -3.665751 -2.754893 -3.638877 -3.350826 -5.167382 -1.745789 -2.469140 -4.150738 41.709505 -2.439614 -2.745671 -2.765636
11 -2.414961 -1.156701 -2.367034 -1.696765 -1.056329 -1.121382 -2.806559 -1.033782 -1.440785 -1.881072 21.339559 -0.793948 -1.866332 -1.703909
11 -0.914948 -2.705903 -1.388126 -1.476506 -1.145115 -1.418954 -2.692504 -1.066687 -0.640589 -1.000954 17.171486 -0.656755 -0.818033 -1.246411
5 -0.529650 -1.503053 -1.223799 -1.055337 3.160265 -2.118332 -0.360613 0.341102 -1.459275 0.664090 2.765358 2.008812 -0.004961 -0.684607
11 -1.026291 -1.301362 -0.798972 -1.677452 0.201677 -0.768370 -0.491491 -0.534685 -0.827006 -0.415096 9.310925 -0.546049 -0.363026 -0.762801
11 -2.100873 -0.928458 -1.035283 -2.178754 -1.988017 -1.887450 -4.314738 -2.119341 -2.315921 -1.631866 24.796728 -0.379129 -1.136499 -2.780398
11 -3.305362 -2.724933 -1.370134 -1.272331 -2.595783 -2.441115 -2.130146 -2.751196 -2.169503 -2.461687 29.289247 -2.951373 -1.354186 -1.761498
11 -2.507373 -2.338688 -2.674435 -1.386796 -2.253139 -2.686592 -1.923492 -0.878176 -1.790638 -3.099267 25.916684 -2.563661 -0.226945 -1.587482
11 -1.111405 -0.625795 -0.572236 -1.254525 -1.660425 -1.035481 -1.173750 -0.225081 -0.617108 -1.349897 8.757045 -0.217183 0.440334 0.645507
7 0.100634 -0.417677 0.158789 0.225268 -0.250641 0.173207 1.033221 -0.445291 0.812637 -0.296293 -0.474584 0.071657 -0.320623 -0.370304
11 -1.949168 1.464044 -1.077551 -2.360562 0.451980 -1.402546 -0.412437 -0.307796 -2.069080 -1.158160 10.809323 0.689102 -0.829901 -1.847250
1 1.194965 1.067202 -0.096806 -0.443885 -0.433982 0.280684 -1.065122 -0.477192 0.995518 0.159874 -0.060069 0.359805 -1.342603 -0.138391
4 -0.148906 -1.162246 -1.153414 3.748742 -0.629214 -0.293390 -0.223211 -1.549452 0.738575 -0.989539 0.443002 0.997216 -1.939815 2.161652
9 1.019643 1.471819 -2.222625 0.659426 -0.208830 -2.090493 1.169284 -0.356745 2.897785 0.279188 -0.824981 -0.635965 -0.164791 -0.992716
5 -0.230873 -0.484347 -1.641363 0.835049 1.629771 -0.655918 0.067925 -0.801541 1.501711 -0.720127 1.142551 0.191866 -1.454088 0.619386
12 -0.982537 -0.454215 -0.113677 0.324014 -0.684861 -0.884886 0.885132 0.264852 -1.536561 0.263963 0.840856 1.347496 -0.308004 1.038430
7 -7.646292 -6.004812 -6.257990 17.110600 -1.265439 -6.731274 59.272873 -6.996314 -7.519698 -6.548937 -6.944774 -6.557073 -7.253738 -6.657132
14 -0.239336 -0.076276 -0.809193 0.022533 -0.723517 -0.533370 -0.964935 0.117866 -0.485287 -0.184722 0.959306 0.418103 0.578805 1.920022
4 -0.384046 0.206785 0.907832 5.270824 -2.193662 -0.125393 0.035780 -2.119965 -0.172665 -1.559820 -0.218818 -0.757164 1.255638 -0.145326
5 -1.184482 -2.418592 -1.497467 1.653982 12.994390 -0.216074 -1.544453 -0.905368 0.313035 -0.945329 -1.962319 -0.260819 -2.051937 -1.974567
14 -1.017006 -1.025263 0.762023 1.318566 -0.014224 -0.020721 -0.435265 0.805251 -1.119789 -0.485926 1.091050 -0.862997 -0.804166 1.808465
4 -1.035902 -0.311583 -0.880899 7.265605 0.679070 0.990893 1.246803 -0.001792 -2.597234 -1.132489 -0.839438 -1.651343 -1.014239 -0.717451
14 0.311442 -0.660385 -1.407221 -0.824655 -1.062493 0.914616 0.778767 0.687662 0.783311 0.031029 -0.543332 0.158866 -0.332819 1.165212
4 -0.699081 -0.386586 -2.702170 8.101954 0.714295 0.657853 0.432775 -1.222733 -1.545078 -2.428115 -0.567810 -0.920164 -0.585696 1.150557
4 -1.197610 0.225810 -1.980421 5.878581 -0.210072 1.447185 -0.490849 -0.913353 -2.109256 0.729271 1.025456 -0.541091 -1.167200 -0.696450
2 -0.546276 2.505919 0.522633 -0.477277 0.109631 1.321813 -2.274161 0.529547 -3.389663 0.792063 2.155089 0.516227 -2.056313 0.290768
4 -0.644363 -0.474219 -0.409505 2.573419 0.225584 -0.271634 -0.318789 -0.837281 -0.188152 0.341423 -0.154651 0.430186 -0.251892 -0.020126
9 -0.780555 -0.472805 1.201840 -0.981796 0.192834 -1.430160 1.575339 -1.650058 5.931383 -0.800128 0.104555 -1.484053 -1.579134 0.172738
4 -1.225426 0.436554 -1.799588 5.362874 0.798217 0.106677 -2.523209 -1.484038 1.242302 -0.883061 -0.497885 -0.412840 0.965611 -0.086189
4 0.075484 0.222068 -0.657032 2.235456 -0.905711 0.591103 0.049051 0.003441 -0.230863 -1.109625 0.154637 -0.798808 1.083716 -0.712919
1 2.236528 0.029342 -1.438381 0.403889 -0.235505 -0.097673 0.245793 0.728721 -1.527358 0.927866 -0.769550 0.125891 -0.674209 0.044644
5 0.819488 -1.612800 -1.347465 -0.781612 0.890545 0.425325 0.832297 0.231019 -0.669112 0.495218 0.772834 -0.102184 0.124062 -0.077616
9 0.838646 -1.209515 0.181500 0.431289 -0.248720 -0.797237 0.166408 -0.160310 1.551579 -0.886325 0.590433 -1.174900 0.857416 -0.140264
12 -1.173564 -0.280729 -0.210844 -0.592372 0.303082 0.402089 0.447419 -0.539534 1.654682 -1.370384 -0.573653 2.106993 -1.391818 1.218633
3 -1.197960 -1.001685 6.082828 -0.767430 -1.159735 -0.994217 0.378294 1.030523 -0.063419 -1.800339 -0.861882 1.342193 -0.983802 -0.003369
3 -0.156752 -0.608618 3.486695 1.159160 -0.602399 -2.048296 0.262140 -1.582033 -0.114562 1.002373 0.132663 0.935372 -1.642986 -0.222757
12 0.740936 -1.996278 -0.281987 -1.522669 0.259892 1.489162 1.488362 0.676014 -0.777289 -0.881377 0.831897 2.123438 -2.505893 0.355794
3 -2.860211 -1.133736 8.273839 -1.602070 -0.991075 -0.433694 1.666678 -1.373612 1.034913 0.593210 1.001646 -2.690403 -1.215122 -0.270363
3 0.062493 -0.109668 6.928029 -0.315092 -0.518614 -0.586621 -0.811840 -0.412936 -0.149597 -0.972804 -0.478421 -0.881203 -1.116404 -0.637323
2 0.896623 1.112829 0.142077 -0.261365 -0.756830 0.391842 -0.163257 -0.663147 -0.655612 0.675065 0.690700 -0.140153 -1.101103 -0.167668
10 0.155597 -1.277891 0.406259 0.812347 -1.489457 -3.135890 -1.589164 3.831430 1.382009 4.122758 0.482886 -0.715928 -2.890518 -0.094440
12 0.190527 -2.397745 1.334438 -0.726473 0.848576 1.321605 -1.595589 -0.563512 1.030343 -0.312522 -1.101230 2.299197 -0.984627 0.657013
3 -0.627338 -0.771353 12.717889 -0.403503 -1.377299 -0.395511 -2.297950 -1.344010 -3.085575 0.361451 0.943285 -0.519577 -2.382620 -0.817890
3 -0.476460 0.339567 4.551702 0.029480 -0.711589 0.164048 -1.191000 -0.049424 -1.500992 0.261653 0.069078 0.332331 -1.068309 -0.750084
3 -0.677241 -1.835767 16.055820 -0.035838 -0.345064 -1.244083 -0.683442 -2.164732 -2.561731 -1.021988 -0.081290 -1.475645 -3.415020 -0.513978
14 -1.488407 0.362336 -1.271140 -0.316896 0.340338 0.401252 -0.527385 1.323138 -1.036753 -0.734105 0.941941 1.115162 -0.479678 1.370196
3 0.351613 -0.931712 6.918261 -0.466201 -0.510966 -1.332240 -0.613505 -0.760957 -0.746471 -1.469041 -0.466973 0.758590 0.209704 -0.940102
3 -1.574539 -0.439688 6.924647 -1.133322 -0.833107 0.033994 -0.593333 0.084543 2.189365 -0.978056 -0.391273 -1.308638 -0.886969 -1.093622
6 1.010113 -0.804823 -3.362965 0.915002 -0.654268 10.417632 -0.977673 -1.739543 -2.410345 -1.789625 -0.418908 1.079331 0.913205 -2.177131
6 0.242204 -0.522194 -0.726138 0.530080 -0.586666 3.983857 -1.331806 0.090921 -0.834886 0.123071 -0.704536 -1.125901 1.171513 -0.309520
6 0.598114 -2.320262 -0.016632 -1.384440 1.105838 2.976990 0.312203 -0.586766 -0.422157 -0.273971 0.076571 0.089553 -0.293355 0.138314
6 -7.115382 -5.115082 -7.420979 -6.941916 -6.243608 82.419641 -5.183991 -7.014599 -7.352209 -6.408044 -6.770479 -4.459687 -5.660597 -6.733068
6 -0.184477 -1.053454 -1.491958 -0.559239 0.021490 7.253216 -0.105002 -1.023366 -1.147451 -0.038609 -0.860443 -0.237304 -0.648454 0.075052
6 -4.340308 -3.837014 -3.089908 -2.677507 -3.759055 47.180630 -3.300818 -3.823810 -3.424554 -3.162968 -3.182823 -3.459977 -4.690009 -4.431877
6 -0.039080 -1.524824 -3.025604 -0.995705 1.529076 10.126722 -2.241528 -0.422048 -1.962543 -1.579380 -0.519072 -1.736863 4.549219 -2.158370
6 -5.028284 -2.471498 -2.653636 -3.802477 -1.876312 41.027317 -4.039398 -2.683972 -3.672283 -2.819432 -1.657538 -2.150439 -4.995438 -3.176610
6 -7.115382 -5.115082 -7.420979 -6.941916 -6.243608 82.419641 -5.183991 -7.014599 -7.352209 -6.408044 -6.770479 -4.459687 -5.660597 -6.733068
6 -1.312741 -0.411619 -1.007403 -0.414410 1.083348 4.042869 1.271522 0.866021 -0.578893 0.819361 -0.572456 -2.042993 -1.159898 -0.582708
13 -1.291040 -1.433131 0.510024 -0.310664 -0.969672 1.744338 -0.342792 0.147233 0.427631 -0.411214 -0.552031 0.449713 2.039178 -0.007574
6 -1.061610 -2.477704 -3.125263 -3.333682 -1.331057 23.953899 -1.783292 -1.815527 -2.491974 1.376013 -1.398029 -2.387746 -2.392613 -1.731414
6 1.252591 -3.616796 -4.000583 -2.718318 -2.975654 29.916543 -1.967830 -1.218185 -1.398176 -3.405446 -3.059650 -0.943069 -3.009971 -2.855455
6 -3.652572 -3.728126 -3.079491 -2.811422 -4.082586 44.620715 -3.054841 -3.272795 -2.417713 -4.069131 -3.134923 -2.806842 -3.792167 -4.718104
6 -0.694058 -0.600992 0.588094 0.806552 0.916975 1.007977 0.316142 -0.626683 -1.208353 -0.053101 0.463186 -0.052970 -1.233681 0.370912
6 -2.078264 -3.887861 -1.951329 -3.736441 1.224748 25.161579 -2.274854 -1.600924 -2.529743 -1.257333 0.410022 -3.770974 -2.488310 -1.220313
6 -0.397407 -0.235278 0.690322 -0.642550 0.247310 1.835755 0.642172 -0.337564 0.140894 -0.408723 0.023709 -0.575604 -0.523479 -0.459557
6 -0.575260 -1.118612 -0.609352 -1.050751 0.212603 10.534370 -3.283746 -1.088373 -2.435813 0.506109 -1.772032 -0.052507 -0.164749 0.898112
6 -7.115382 -5.115082 -7.420979 -6.941916 -6.243608 82.419641 -5.183991 -7.014599 -7.352209 -6.408044 -6.770479 -4.459687 -5.660597 -6.733068
2 -2.502815 2.490258 -0.360455 1.043294 0.239739 0.364988 -0.293783 1.547966 -1.389219 -1.070369 -0.319622 0.174232 -0.416339 0.492125
6 -0.613321 -2.973179 -1.018032 -0.591991 2.580522 5.920861 -1.840458 2.599689 -2.077712 -2.388553 -1.082265 0.055207 -1.116917 2.546148
6 -7.115382 -5.192690 -7.153092 -7.013611 -6.243608 82.786084 -5.183991 -7.114894 -7.586730 -6.502241 -6.770479 -4.479753 -5.660597 -6.769016
6 -1.683510 -1.687911 1.065067 -0.670594 -0.798184 9.966688 -0.583151 -1.112801 -2.073661 -1.108125 0.136186 1.078753 -2.635080 0.106324
6 -0.507482 -2.278693 -0.623644 -1.191252 -1.142838 11.407567 -1.236156 -1.366241 -0.005470 -0.416882 -0.777580 -0.790167 0.448514 -1.519675
6 -0.444650 -0.899841 6.375902 -1.800385 -0.952091 8.907652 -1.636428 -1.694790 -0.284347 -0.369697 -0.896819 -1.626596 -2.948112 -1.729800
13 -0.327829 -0.895040 -2.004515 -0.200892 -0.013171 -2.065780 -0.606597 -1.030339 -1.446830 -0.938949 -1.768756 -0.932350 12.636011 -0.404963
13 0.834497 -0.534087 -0.662671 -0.556487 0.867541 -0.405613 -0.023019 0.078192 -0.110594 -0.076482 -0.452854 -0.258764 2.102590 -0.802250
10 -1.232170 -0.011353 0.146029 -0.726123 0.617829 -0.530599 -1.055335 0.609159 -1.708532 2.259614 0.261523 0.786377 -0.747046 1.330627
8 -0.735805 -0.671226 0.272594 -0.422468 -1.193177 0.903202 0.234725 1.062588 -0.051845 0.701970 0.202838 0.085895 -0.359649 -0.029641
13 -0.162438 -1.851082 -0.134305 2.505157 -0.490942 -1.379280 -1.085971 -1.368798 0.969218 -0.083749 -0.015475 1.516035 2.869200 -1.287570
13 -1.069165 -0.489865 -0.223829 -0.929783 0.057482 -0.519137 -0.438274 -0.366195 -0.409690 -0.522374 -0.835884 -1.011141 7.670795 -0.912938
13 -1.463514 -1.876025 0.349798 -0.600379 -0.995937 -0.295410 1.170099 0.363317 1.217768 -0.043945 -1.557367 1.302034 2.068574 0.360987
6 0.409525 0.750149 -0.449981 -0.519389 -0.060870 1.167788 -2.532479 -0.776111 -0.820704 0.971005 0.525817 -0.117725 0.999918 0.453056
13 -0.176148 -0.979260 -0.561421 0.279437 -0.126534 -0.500791 -0.728868 -0.510314 1.256738 -0.199828 -1.047954 -0.148961 4.124026 -0.680121
13 -1.362822 0.330735 -1.554829 -0.516766 -0.338073 0.095268 0.210013 -0.540526 -1.784913 -0.065875 0.317529 -0.853873 7.492973 -1.428840
13 -0.532954 -1.499889 0.611602 0.790403 -1.302792 -1.819526 -0.945131 -1.714014 1.965383 -0.404276 -0.517027 -0.840648 7.349360 -1.140490
13 -0.608827 -0.524190 -1.274717 -0.447070 2.362492 0.464940 -1.038653 -0.838436 -0.209311 -1.587015 0.311594 -0.680779 4.653368 -0.583395
13 -1.169362 -2.035823 -0.505663 0.257772 0.674032 -0.353365 -1.213318 -1.666426 0.891487 0.105240 -1.246079 0.149672 6.439198 -0.327366
13 -0.024916 -1.127425 0.883741 -1.578363 0.466459 -0.327227 -0.571817 0.441365 0.819047 -0.902885 -0.880483 0.226379 3.175056 -0.598929
13 3.634456 -0.190014 -0.770235 -1.085621 -1.517889 -0.395848 -0.340510 -1.480259 -0.666748 -0.871636 -0.798990 -0.271543 5.617496 -0.862659
4 -1.474595 -0.904741 0.634334 4.351045 0.006647 -0.801949 -0.604158 -0.153841 -0.351973 -1.108944 -0.875117 0.040590 2.399054 -1.156353
13 -0.180769 -0.622702 0.140248 0.843376 -0.201164 0.913739 -2.529578 -0.856519 2.857495 -1.978872 -0.411096 -1.248034 4.260882 -0.987007
8 -2.048674 2.466412 -0.894543 -0.568595 -0.815232 -0.821600 -2.513793 4.993010 -1.396485 1.003311 -0.391451 -0.992732 1.520865 0.459507
13 0.012511 -0.303735 -0.178015 -0.459031 -0.000009 -0.370703 -0.459974 0.494152 -0.263829 0.468934 -0.478506 -0.214149 1.472349 0.280003
9 0.250966 -1.313383 -0.181830 -0.624642 0.311235 -0.161636 0.373548 -0.690822 2.687585 -0.204808 0.122173 0.661967 -0.590583 -0.639768
13 -0.916573 -0.430944 -0.255584 -0.238206 -1.625404 -0.585303 -0.066425 -0.553406 -0.608346 -0.914624 -1.283781 -0.163565 7.031228 0.610933
13 0.683213 1.381830 -1.082529 -1.655335 -0.697427 -1.259347 -0.555269 -0.876496 0.357626 1.171471 0.437299 0.649994 2.550401 -1.105432
13 0.767520 -1.811651 0.720271 0.904276 -0.637582 -0.557327 0.088209 0.894137 -0.765318 -1.048283 -1.352999 -1.090436 4.557840 -0.668657
13 1.144521 -1.394972 0.519714 -0.346756 0.043576 -0.518872 -2.117619 0.356304 1.114949 -0.203085 -0.672011 -0.136628 2.251345 -0.040467
13 -1.282308 0.963726 0.295428 0.185176 -0.867294 -0.742408 -1.033017 -1.045562 1.436543 -1.631805 -1.170578 0.645753 6.094709 -1.848365
13 0.388548 -1.236645 -1.293783 -1.073452 0.009583 -0.789819 -0.449596 0.388318 -0.479040 -1.156878 1.246614 -0.666262 4.909300 0.203112
7 -4.491099 -5.762790 -4.594162 -5.166989 -5.407246 -5.861257 63.451113 -4.187171 -4.208592 -4.928090 -4.447642 -4.772946 -4.494220 -5.128909
7 -0.225923 0.522667 -0.415471 -0.674002 -0.161158 -0.447414 3.454898 -0.199983 -0.360520 -0.520089 0.458762 0.086385 -0.276589 -1.241563
7 -5.937952 -5.233993 -5.107163 -6.133497 -5.169766 -4.927239 62.771460 -5.959267 -3.778846 -4.894810 -2.267613 -4.810955 -3.861793 -4.688566
5 0.968707 0.983991 0.246823 -1.331877 2.500969 1.172912 -0.640504 0.921283 -1.262377 -1.203146 -0.652267 -1.120509 -0.988736 0.404732
7 -0.331557 -1.534258 -1.283619 -3.347897 -0.990360 -1.957591 21.134178 1.321948 -2.820518 -2.084786 -2.335714 -2.114396 -2.540520 -1.114909
7 0.250072 -0.635680 0.517838 0.754772 0.451763 1.624447 3.711882 -1.719505 -0.151341 -0.587096 -1.975228 -0.111954 0.089169 -2.219137
7 -5.765683 -4.682251 -5.269343 -4.588462 -4.868911 -4.860144 65.923063 -5.160625 -5.265161 -4.613777 -5.285590 -5.423760 -4.878709 -5.260647
7 -1.881977 -1.232607 -0.512996 -0.488614 2.266886 -1.287482 4.147441 0.033637 -0.681416 -0.195960 -0.672867 0.181134 -0.281548 0.606369
7 -0.919148 -1.783799 -1.454758 -1.017535 -0.616494 -0.705081 11.695435 -0.580936 -1.117933 -0.672230 -1.315858 -0.442778 -0.646456 -0.422429
7 -0.807645 0.512189 -0.706667 -0.541705 -1.159259 1.239037 3.704476 -1.033477 -0.523381 -1.340659 -0.095046 -0.805741 2.099254 -0.541375
7 -5.112454 -4.561116 -4.987031 -5.289349 -4.099488 -5.381762 61.944649 -4.815956 -5.019753 -4.693974 -4.939550 -5.222832 -2.566959 -5.254424
7 -4.304483 -4.184327 -5.308106 -5.608517 -3.563027 -5.393246 59.328105 -5.407880 -5.332699 -4.424485 -4.165315 -5.112052 -5.127558 -1.396411
7 -5.880157 -6.178546 -6.861593 -7.517166 -8.677410 -5.758948 88.866553 -5.728474 -5.888978 -7.257086 -7.460006 -6.632650 -6.411736 -8.613802
7 -4.059535 -5.435187 -4.158811 -5.735501 -3.346425 -5.237539 62.381969 -5.206222 -4.650637 -5.505291 -4.320811 -5.058020 -4.561291 -5.106699
12 -0.238968 -1.654630 1.715700 -1.206375 -0.040577 0.887934 -1.219608 -0.674231 -0.131265 0.917261 -0.384122 2.730623 -0.771807 0.070064
7 -4.787434 -5.243448 -4.650418 -4.758902 -4.437341 -4.814179 63.189689 -5.457540 -3.708614 -5.415133 -5.685647 -4.653588 -5.359154 -4.218291
7 -7.534156 -6.813622 -7.026563 -6.893788 -7.483732 -7.025930 89.119352 -5.799270 -6.589806 -7.188477 -7.450118 -5.361050 -6.315001 -7.637840
7 0.369450 -1.852575 0.560048 -0.175817 -0.578483 -1.170748 5.497029 -0.865987 -0.242530 1.661036 -1.136372 -0.611227 -0.123034 -1.330790
7 -6.527977 -3.952324 -5.248281 -4.768400 -4.446366 -5.621339 64.625161 -4.266272 -5.841984 -5.003327 -4.803080 -4.837240 -4.678124 -4.630447
11 -1.842364 -2.728272 -1.396958 -1.315245 -1.349993 -1.176196 -2.695772 -0.717702 -1.164259 -1.889950 18.132456 -0.086382 -0.684626 -1.084735
7 -5.464553 -4.696471 -5.557782 -6.056441 -5.360407 -5.030337 72.554582 -5.484991 -6.520510 -5.495247 -5.506507 -5.450093 -6.167943 -5.763299
7 -3.465853 -6.319556 -4.811406 -5.776368 -4.184062 -6.140418 65.802422 -5.204404 -3.824144 -4.499237 -6.712025 -5.490254 -5.161402 -4.213293
7 -4.693017 -5.687381 -6.218830 -6.660308 -5.753627 -6.060507 72.336087 -5.842066 -5.455459 -5.712017 -5.479274 -5.933152 -3.777719 -5.062730
1 4.321485 0.510249 -2.312600 -0.717953 -0.140597 -1.517181 4.054325 -0.082179 -1.309986 -1.817235 -0.464120 -0.150269 1.042869 -1.416808
7 -5.109397 -4.674644 -3.886288 -4.865059 -4.912729 -5.108037 61.982344 -4.695910 -4.514885 -5.047431 -4.445986 -5.334108 -5.130734 -4.257137
12 -2.127389 -0.140902 1.722087 -0.589087 -0.235294 -0.830991 -1.370300 -0.599984 -0.956342 0.296973 0.988627 4.887652 -0.594550 -0.450501
13 1.304950 -1.701526 2.117048 0.634722 -2.022709 -0.405408 -1.324037 -1.954900 -0.002936 -0.925111 -0.997003 1.646029 4.256467 -0.625586
12 1.276681 -0.246820 -0.736651 0.028343 -1.320667 -0.455704 0.218764 0.601968 -0.938694 -0.411404 0.482637 3.310857 -0.597709 -1.211603
12 -0.145679 -1.275628 -0.513422 -0.544265 -0.930132 0.438418 -0.208071 0.137433 0.533101 -0.096861 -0.966621 1.841044 1.090992 0.639692
12 1.511021 1.169229 -0.612768 -0.385978 -1.141961 -1.524841 -1.256522 -0.576582 -0.068291 -0.060088 -0.469245 1.805641 1.380073 0.230312
9 0.272198 -1.180720 0.672996 0.071072 0.252673 0.220929 -0.736670 -1.386839 2.522168 -0.482269 -0.052282 0.162407 -1.410043 1.074379
3 -1.953771 0.991375 9.335003 -0.041531 0.083610 -0.643811 -0.666789 -1.759111 -1.868310 -2.001765 0.193569 -1.486811 -1.815057 1.633401
13 0.200396 -0.277931 -0.835614 0.002600 -0.259510 -0.086275 -0.375918 1.532135 -0.415783 -0.072215 -0.518340 -0.123052 1.616758 -0.387252
12 -1.607041 0.003711 0.421240 0.722037 -0.421496 -0.382310 0.738861 -0.450920 -0.066558 -1.456403 -0.969529 6.888977 -1.455501 -1.965069
7 1.456244 0.453582 -0.429630 1.000465 -0.122400 0.064892 1.543023 -0.459638 -1.686912 -0.592950 -0.158777 -0.821881 -1.289730 1.043713
10 0.254797 -0.007165 0.789031 -0.478949 -0.246029 -0.758193 -0.069200 0.373914 -0.512909 1.428604 -0.763785 0.589051 -0.469445 -0.129721
7 -0.277524 -1.183519 0.024313 -1.301637 2.080525 -0.157149 3.465448 -0.576400 -0.494999 0.042281 -0.867805 -0.681161 0.447863 -0.520235
12 -1.864728 -0.850938 -1.139448 -1.048500 -0.649702 -0.858877 -1.887480 -0.695436 -0.915265 -1.211246 -0.068192 11.413912 -0.307027 0.082928
12 -0.201432 -0.755650 0.366713 0.158867 -0.264649 0.130625 0.020139 -0.856385 -0.488057 0.417694 0.214641 1.304421 0.035115 -0.082042
12 -1.476627 -1.373964 -1.238716 -1.416105 2.066155 -0.735735 0.767568 1.358267 0.032435 -0.437797 -0.496714 3.480507 -1.116176 0.586901
12 0.264383 -0.184513 -0.004355 0.028475 0.100595 -0.464844 0.728094 -1.092533 -1.802790 -0.180955 -0.116731 3.006169 -0.383433 0.102437
5 -1.387184 3.170281 -4.785348 -0.753841 11.421508 -0.582456 -0.953089 1.895454 -3.041486 -2.174563 -3.355659 2.294268 0.077605 -1.825491
3 -0.362098 -0.006948 1.858487 0.249186 0.275499 -0.078286 -0.544624 -1.015769 -1.050662 0.456122 0.417628 0.645136 -1.879568 1.035898
12 -0.413426 -1.816067 0.409496 -1.956018 0.942712 0.557468 -0.863509 0.827072 -0.959110 1.727855 -0.154812 1.823325 0.104000 -0.228985
3 0.698626 1.054615 1.214266 -0.466553 -1.146973 -1.426224 -0.326473 -0.666003 -0.174732 0.859031 -0.604951 0.739287 -0.674486 0.920569
14 0.005224 -1.626102 0.608369 -0.590044 -0.039920 -0.834467 0.332024 -0.353180 0.854097 0.166219 -1.882576 0.990491 -0.176532 2.546397
12 -3.257683 0.232265 1.175117 -1.290246 -1.456599 -1.105040 1.534227 1.226352 -1.656268 -1.959842 -0.437606 9.424334 -3.297639 0.868628
11 -1.156807 -0.463136 -0.049700 -0.914017 -0.740244 0.875781 0.565469 -0.608760 0.830967 -0.045499 2.903468 1.697508 -2.593828 -0.301205
14 -0.463338 -1.042187 -0.981563 -2.082669 -1.325164 -1.390957 -0.558600 -1.442937 -0.593415 0.408091 -1.277246 -0.403385 -2.204547 13.357916
14 0.556396 0.780884 0.297223 -0.745606 -1.178011 -0.535034 -0.554926 -1.311104 0.410027 -0.585308 -0.474703 -0.191578 0.276745 3.254994
14 -2.810042 -0.103424 -1.546446 -2.245800 -1.485945 -1.644633 0.032539 -1.323158 -2.925776 3.660961 -0.112987 0.028907 -1.270314 11.746118
14 -1.384361 -0.999679 -1.532320 -1.304982 -0.650324 -3.528913 -0.213798 -1.636909 2.139526 -0.769222 -0.292484 -2.316068 -0.449460 12.938992
4 -1.357837 1.815463 -0.362861 2.717761 -0.339050 -2.331896 -0.923395 0.234744 0.178642 -0.548234 -1.381780 -0.846090 1.906329 1.238202
14 -2.247571 -0.058140 -0.138746 0.512247 -0.145341 -0.223187 -0.494749 -1.122578 -2.277193 -0.358752 1.478324 0.625162 -0.136627 4.587151
2 -0.117131 1.506958 -0.139198 -0.583134 1.085286 0.647396 -1.705390 -0.418758 -0.065067 -1.085727 0.181804 -0.410616 0.768005 0.335573
14 -0.345103 -0.306358 -0.344427 0.023283 0.564109 -0.975028 -0.030975 0.940857 0.809116 -2.143089 -0.871009 1.277752 -1.102217 2.503089
14 0.383250 -0.050827 0.043031 -1.555839 -1.623366 -2.383840 -1.567694 -1.762872 -0.506881 -0.349254 -0.477613 -0.345256 0.113680 10.083480
14 -1.248302 -2.145806 -0.444639 -0.459168 -0.613377 -0.520792 -1.331822 -0.219026 -1.628481 -0.947386 -1.524998 -1.942959 -0.294630 13.321386
14 -0.452655 -0.375413 -0.474213 -1.097675 -0.277625 0.006430 -0.062465 -0.172470 1.323360 -1.013771 -0.722241 0.239197 1.234160 1.845383
14 0.175580 -1.482446 0.579481 -0.111165 0.190386 -0.147239 -0.536424 -1.360407 0.094265 -0.694776 -1.341065 -0.284927 2.145286 2.773452
5 -0.582362 -0.574614 0.350772 -0.196116 1.792203 0.007889 0.180386 -1.408741 -0.743431 1.248644 -0.126533 -0.744545 -0.669802 1.466250
14 -0.954926 -1.793796 -0.855900 -1.640212 -1.536733 -0.809449 -0.982143 0.556353 0.293215 -2.040879 -1.068893 -0.390545 -0.993746 12.217657
5 -0.651576 0.246144 0.615539 1.088897 3.051303 -1.235658 0.912769 -1.406899 -1.476117 0.153971 0.404519 0.538423 -2.477958 0.236643
14 -0.797331 0.112008 -0.033300 -0.050543 -0.588046 -1.024482 0.492301 -0.643897 -0.746589 0.613739 0.201031 0.168953 -1.257465 3.553623
14 -0.710113 -0.871609 -0.366546 -0.531204 -0.437893 -0.637389 1.461124 0.020233 0.430006 -1.193701 -0.351562 -0.779680 -0.564650 4.532983
14 0.571445 -1.102833 0.273626 -0.236383 -0.139492 -0.320143 -0.392467 -0.450305 0.544727 -0.466701 -0.207605 -0.201424 0.207334 1.920222
14 -1.337492 -1.051774 0.801923 -2.298061 -1.585960 -1.309524 -1.862274 -1.222843 0.288731 -1.184440 -1.538472 -0.873816 0.004873 13.169131
14 0.284666 -0.207826 -0.490598 -1.742843 -0.661516 1.147969 -1.458369 -0.926324 -0.799006 0.816613 1.264002 -0.799180 -1.433227 5.005640
5 -0.125858 0.450347 0.130726 1.027914 1.118667 -1.362930 -0.181710 0.002799 -1.581700 0.650592 0.992860 -0.120354 -1.405533 0.404180
14 0.191807 -1.618562 -0.603324 0.086593 1.035337 0.055064 -2.358729 0.046033 0.238753 -0.525479 -1.073593 -0.973632 1.848207 3.651525
8 -2.055314 1.744295 -0.172158 0.291123 1.073820 -0.434917 -0.201482 3.176503 -1.298585 -1.184406 -0.473261 -0.386356 -0.372850 0.293590
8 0.227738 -0.447723 -0.994698 -1.214442 -2.184932 0.205663 0.155239 11.436119 -0.397266 -2.598608 -1.590314 0.228769 -0.956753 -1.868792
5 1.008274 -2.099533 -1.086521 -2.456633 17.483131 -0.580454 -2.804974 -0.726988 -0.780440 -1.207740 -1.843761 -1.174493 -1.878234 -1.851633
8 -0.326566 -1.548972 -0.333850 -0.495324 -0.919721 -1.203415 -0.003995 9.453804 -0.453117 -0.992513 -1.337506 -0.648190 -0.868489 -0.322147
10 0.875584 -2.547226 0.962914 -1.218335 -0.728887 -0.785309 -0.932231 1.616310 1.679439 1.984992 -1.010143 0.234097 -0.100523 -0.030682
1 2.537437 -1.308872 -0.800045 -0.350310 -0.811696 -0.030741 -1.201527 -0.650651 1.450576 -0.580517 0.640660 0.882036 0.725383 -0.501732
8 -0.836639 -0.037375 0.603611 -2.463711 -0.414985 1.724749 0.243323 5.530082 -0.636825 -0.730394 -0.983726 -1.214506 0.103799 -0.887403
8 -1.680530 -0.647399 -3.710425 -1.777742 -1.364393 -0.457787 5.813594 8.836180 -1.911569 -0.513451 -1.920294 0.512745 0.040843 -1.219774
8 -0.122398 0.625877 -0.882699 -0.614406 -0.353736 -0.422790 -2.659609 8.043327 -1.208584 -2.332067 0.202596 1.721664 -1.834418 -0.162758
1 1.651750 0.808239 -0.039005 -0.278281 -1.329315 0.269251 -0.352107 0.818737 0.021939 -0.513526 -0.679569 0.872438 -1.305744 0.055194
8 -0.436706 0.872983 -0.428975 0.605276 0.047408 1.206540 -0.726049 1.294485 -2.544296 0.372210 0.980795 -0.566806 -1.102846 0.425981
8 -1.765577 0.659255 1.728906 -1.741761 1.639507 1.004819 -0.253285 6.921780 -1.445404 -1.353042 -1.525712 -1.241830 -3.052483 0.424827
13 -0.957857 1.685138 -2.273190 -0.013121 -0.231972 0.683110 -2.397852 0.063561 0.050002 -0.390290 -0.474927 1.073559 1.708769 1.475070
7 0.399342 -0.288786 -0.432445 -0.422740 -0.303596 1.254191 1.308078 -0.047303 0.129102 -0.186864 -0.121017 -0.636025 -0.216864 -0.435072
8 -0.561572 1.005216 -0.333339 -0.924336 -0.339015 0.751101 -0.914668 3.851682 0.980703 -0.679653 -1.076072 -0.362924 -0.998900 -0.398223
5 -0.728334 1.675910 -0.225925 0.655900 2.093055 -0.089768 -0.360592 0.714957 -1.079276 -0.934849 -1.616346 0.177788 0.294744 -0.577264
13 0.968901 -0.039698 -0.657201 -0.497558 -1.592730 -0.193748 0.760694 0.051963 -0.050435 -0.581357 -0.372829 -0.725042 2.567826 0.361213
8 0.106050 0.115324 -1.692146 -0.130701 -0.617963 -0.673799 -0.435237 2.997993 1.348516 -1.687148 -0.142630 -0.236229 -0.134215 1.182185
6 1.327040 1.344558 -1.821602 -0.222428 0.612120 1.719652 -0.560320 -0.274557 -0.698636 -0.452390 0.244087 -1.017824 -0.618027 0.418327
8 -1.332543 0.275201 0.488371 -2.308158 0.267976 1.491573 1.391816 3.560608 -2.159047 0.972470 -0.337548 -0.489647 -2.091301 0.270229
8 -1.456557 0.944475 -0.210621 -0.548214 0.333079 -0.927257 -0.422962 4.186114 -0.665622 -0.907135 -0.377778 0.385990 -0.141813 -0.191699
8 -1.098557 -0.985983 0.653693 1.204302 -1.686408 1.773234 -2.387337 4.657242 -0.833735 -0.349908 -1.009533 -0.114904 0.582490 -0.404595
11 -1.034579 1.544323 -0.922480 0.831323 0.629712 0.223402 1.226665 -2.683656 -0.506209 0.310953 1.920687 0.352119 -0.443417 -1.448843
3 0.618008 -1.558267 0.938137 -0.228665 0.020746 0.362001 -0.193533 -0.162364 0.113341 0.447398 -0.499923 0.573135 -0.221567 -0.208447
9 -0.503949 -1.873545 -0.439106 -0.172078 -0.066572 -0.451110 1.090367 0.537442 2.190242 -0.737344 -0.719918 1.532163 -0.611408 0.224816
13 0.373305 -0.076768 -0.089658 -0.351094 0.133556 0.257129 0.116087 -0.491790 0.371021 -0.393431 0.123373 -0.000432 0.710523 -0.681821
10 -0.027062 -0.711317 0.664514 -0.700349 -0.018828 -1.658065 -0.529148 -0.875462 1.464574 1.931142 0.564659 -0.020227 -0.056406 -0.028026
9 0.910541 -2.140415 0.207526 0.152608 1.059727 0.213410 -0.230892 -0.802655 3.973140 -0.581595 -0.082889 0.131159 -1.033413 -1.776255
13 -0.287827 -0.887019 1.340878 -1.114939 -0.700362 -1.600291 -0.393397 0.454644 1.004457 0.737556 -0.778689 -0.736492 5.014431 -2.052950
13 0.442419 -0.384834 1.328482 -1.444612 0.491311 -0.940705 -0.407882 -1.040251 0.474050 0.550026 -0.521673 0.793903 2.151131 -1.491366
6 -0.136971 -0.760503 -0.003563 -0.250644 -0.342607 0.721111 -0.145296 -0.379632 0.674278 0.030260 -0.274850 0.515415 0.056427 0.296575
9 -1.604697 0.035177 1.050537 -0.009673 0.293159 -0.143939 -0.545124 -0.940765 1.322304 -0.164466 -0.149303 0.540165 -0.858280 1.174905
9 1.551272 -1.410985 0.082062 -0.436674 -0.514100 0.110166 -0.471893 0.032510 4.522376 0.242693 -0.337167 -1.131049 -0.639775 -1.599436
9 0.269486 -1.076553 0.222050 0.128405 -0.155887 -0.315658 -0.409829 -0.528939 2.517092 -0.473497 0.003122 0.001319 0.390810 -0.571920
9 -1.103122 -0.836848 0.903045 -0.564589 0.047857 -0.209677 0.206680 -0.433168 1.678513 0.617497 -1.529889 0.361229 -0.543828 1.406301
9 0.584800 -1.343023 0.902815 -0.745799 0.791653 0.856410 -0.626348 0.921707 1.445462 0.257730 -1.078930 -0.427333 -0.948860 -0.590282
5 1.100267 -3.052368 0.073411 0.842372 1.261377 0.198746 -1.541721 -0.998538 1.122092 0.654703 -0.448452 0.338692 1.157222 -0.707802
14 0.468727 -0.368666 0.386235 0.960198 -0.905614 0.276334 -0.045570 -0.371134 0.488504 -0.323916 -0.963816 -0.797205 -0.480976 1.676898
5 1.224305 1.085060 -0.509110 -1.651051 1.244698 -0.944397 1.097540 -0.124128 0.350072 -0.002484 -1.311027 0.448504 -0.128785 -0.779197
14 0.776515 -1.562718 -0.072798 1.244243 -0.495649 -1.361436 -0.810855 -0.436362 -1.290882 1.313785 -0.123742 0.071706 0.603995 2.144198
4 0.800766 -2.397179 -1.074537 3.900753 -0.699708 -0.753406 -0.527154 -0.187781 2.035008 -0.890124 -0.982891 0.329637 1.280273 -0.833658
9 0.653470 -1.145500 0.950742 -0.822720 -0.270098 -0.154923 -0.903540 -0.728604 1.188357 0.354703 -0.670631 -0.381869 0.784535 1.146077
