7 -5.485343 -7.694023 -5.769827 -5.342586 -5.448847 -5.722399 46.310722 -6.599237 -4.427325 -6.342794 24.232705 -4.734947 -6.200074 -6.776023
14 -0.119950 -0.816123 0.184031 -1.114975 0.214095 -0.014614 -0.790955 1.964862 -0.072893 -0.069514 -0.635036 -0.116865 -0.744260 2.132197
9 -1.021970 -1.734082 0.156938 0.297535 0.545409 -1.445437 -0.943292 -0.840433 3.698025 0.140969 0.431008 -0.773313 1.573427 -0.084783
1 16.511551 -0.936051 -1.908401 -1.260068 -1.311579 -1.125598 -1.750360 -1.173285 -0.911357 -1.304266 -1.679021 -0.792930 -1.164599 -1.194039
6 -0.494011 0.358647 0.223243 1.077821 -0.135471 1.341285 -1.599018 -0.540866 -1.180415 -0.192768 0.770569 0.123041 -0.549515 0.797459
1 2.824879 -0.522356 -0.374105 -0.416919 -0.207145 -0.517329 -0.106414 -0.238238 0.153194 -0.276892 -0.231261 0.372558 -0.018659 -0.441312
6 0.695141 -0.518915 -0.454032 0.243295 -0.081873 2.006119 -0.309307 0.074920 -0.445621 -0.602508 -0.428366 -0.465241 0.537136 -0.250750
3 -0.936164 0.641976 0.788143 0.459167 0.144464 -0.324333 0.722281 -0.850462 -0.100226 -0.465199 0.471692 -0.284304 0.119891 -0.386925
5 -2.778049 -1.897732 -2.939874 -1.350702 16.688210 2.216127 -1.702023 -1.257718 -1.326641 -1.487643 -1.624073 2.195285 -2.166757 -2.568410
5 0.758977 -1.119028 0.385211 -0.748268 2.869376 0.018600 -1.755443 -0.997819 -0.236145 0.770226 -1.118864 0.960089 -1.122511 1.335599
10 0.323203 -0.261910 -1.264348 -1.218713 0.189163 0.889462 1.054102 -0.754829 -1.293454 1.065434 -0.441311 0.585119 0.122760 1.005324
3 -0.661779 -1.389046 3.390524 -0.184320 0.553200 -0.712289 -0.601115 -0.928186 0.072921 0.033835 -0.048520 0.033347 0.198478 0.242951
3 -0.212387 -0.401147 4.998711 -1.074709 -0.966878 -0.437447 -0.805170 -0.294778 -0.457275 -0.042423 0.097400 -1.219869 -0.543102 1.359074
4 -1.459247 0.189799 -0.145383 1.058183 0.521218 -0.148891 0.857006 0.214260 -1.380053 -0.452638 0.790647 0.120257 -0.730189 0.565031
1 56.304000 -4.176269 -3.968444 -3.978426 -4.295783 -5.016198 -4.919498 -4.231414 -4.626289 -4.425592 -4.139811 -4.414105 -4.918134 -3.194036
11 -2.050985 -1.675052 0.712838 -0.850332 -1.153026 -2.378956 -2.138919 -1.954332 0.428094 -3.334043 17.908884 -1.557433 -0.399539 -1.557197
4 0.154880 -1.005610 -0.006384 3.933618 -1.249013 0.314026 0.759011 -0.830715 -0.327868 -0.174115 -0.782970 -0.432877 0.195577 -0.547560
12 -2.069792 -1.188190 0.461259 1.580354 -0.152606 -1.330545 0.497240 -1.684366 -0.828795 1.346407 -0.338483 3.949191 -0.762726 0.521052
3 0.583195 -0.977895 0.918991 -0.590793 -0.919297 0.143012 -0.430209 -0.473442 -1.013860 0.913660 0.916316 0.355609 -0.091765 0.666478
11 -0.683886 -1.940453 -1.130531 -2.473278 -1.405289 -1.171687 -1.915713 -0.224295 -1.219601 -1.856614 16.287247 -0.124778 -1.252492 -0.888630
3 -0.517708 -1.397462 8.732819 -0.510510 -0.700915 -0.829835 -0.799221 -1.179459 0.238837 -0.673701 -0.529492 -0.829974 -0.574294 -0.429086
12 0.425335 0.028124 0.341693 -0.613811 -0.173125 -0.748051 -0.998383 -0.812829 -0.077869 0.865830 0.101420 1.265247 0.135667 0.260753
14 -0.625813 -0.811894 -0.189620 -0.443460 0.125673 0.802762 0.760176 -2.258141 0.068441 -0.427543 1.143906 0.250100 -0.239654 1.845066
9 -0.781083 -0.242449 -0.534908 -1.013297 -0.028439 0.216438 0.283035 -0.265261 2.836048 0.251214 -0.018481 -0.381327 -0.462374 0.140886
2 -1.130350 1.329802 -0.708794 -0.238844 0.923028 -0.315972 0.249800 0.455096 -1.383300 -0.083956 -0.660387 -0.126973 0.752737 0.938111
8 -2.123283 -0.376464 -0.603241 1.344690 -0.481736 -0.170344 0.481674 3.044738 -0.219551 -0.532673 -0.157359 -0.523443 -0.335590 0.652580
14 0.210921 -0.132634 -0.464410 -0.819138 -0.079761 -0.598077 0.127192 -0.725238 0.360737 -0.154145 -0.226247 0.502775 0.438805 1.559220
2 -0.184072 7.201943 -1.142399 -1.026508 -0.593718 -0.147469 -1.044733 -1.690871 -0.484605 0.691320 -1.152930 -0.716567 1.554709 -1.264100
1 29.608466 -2.821332 -2.767297 -3.265624 -2.949873 0.548780 -2.676408 -1.744549 -3.726120 -2.148436 -1.126217 -2.582097 -3.187091 -1.162201
10 -0.265593 0.653616 -0.715070 -0.398819 0.297085 -0.241799 -1.308950 0.220024 -0.562627 1.336845 -0.682154 0.256318 0.256498 1.154628
5 -0.588880 -1.000850 -0.586900 -0.214469 9.499008 -0.765776 -0.868958 -0.867351 -0.662776 -0.762506 -0.683193 -0.860927 -0.652719 -0.983701
6 0.587333 -0.868989 0.036057 -0.391882 -0.257143 1.911706 -0.495765 0.129036 -0.392645 -0.193380 -0.095465 -1.096059 0.672139 0.455056
6 -0.020574 -2.309595 -0.123577 -1.329789 -0.117598 5.592274 -0.295575 -0.555565 -0.434461 -0.476765 -0.931380 -0.615438 0.016281 1.601763
14 -0.534576 0.983230 -0.745983 0.061381 1.043348 -0.305209 -1.205219 -0.110293 -0.766125 -0.729239 0.001017 0.173550 -0.058595 2.192713
7 -3.451991 -3.792617 -4.215520 -3.276575 -3.523735 -4.860157 51.382871 -4.231727 -5.226645 -2.933480 -3.255257 -3.742073 -5.124934 -3.748158
14 0.151296 -3.597594 -1.944124 -0.399522 -1.294777 -0.534976 0.315341 0.458658 -2.016138 0.250643 -1.447041 0.366874 -0.990603 10.681964
2 -0.364006 1.675545 -0.372581 0.223419 0.063573 -0.885527 0.142098 -0.651763 -0.183571 -0.408312 -0.308551 0.400539 0.860434 -0.191297
2 -2.355151 11.590190 -1.098451 -1.121716 -1.809732 -1.593352 0.468859 -1.789032 -1.652245 -1.109624 4.606922 -1.282475 -1.595777 -1.258415
2 -1.261919 8.426055 -0.081846 0.352080 -0.439912 -0.617358 -0.437381 -1.961842 -1.321806 -0.307891 -0.875742 -0.344484 -0.902281 -0.225674
14 0.159613 -0.183600 -0.017729 0.212670 -0.553304 -0.776797 0.020358 0.332492 -1.055362 -0.072966 0.243121 0.128041 0.051389 1.512075
7 -0.209144 -1.062007 -0.741788 0.258124 0.540773 0.629163 2.491804 0.182659 -1.142774 -0.695776 0.620626 -0.578175 -0.580204 0.286719
3 0.644407 0.251836 3.203584 -0.113982 -0.955109 -2.548467 0.465757 0.472668 -1.382878 0.162067 1.264533 0.751657 -1.172815 -1.043260
13 0.362318 -0.687766 -0.419609 -0.617441 1.284589 -0.309229 -0.395936 -0.737258 -0.375812 -0.450960 -0.215805 0.267830 3.126626 -0.831546
3 -1.810754 -2.039177 23.664749 -1.954020 -1.608293 -1.927387 -1.598663 -1.678818 -1.691727 -1.797438 -1.979583 -1.729033 -2.015972 -1.833882
6 -2.446112 -2.487683 -0.525740 0.914437 -1.982290 12.182632 -1.509669 -0.864201 -0.081650 -2.240329 -0.899189 -0.446956 1.369295 -0.982545
10 -0.473701 -1.061535 0.618705 -1.390880 1.026302 -0.390715 -0.981843 -0.418982 0.038038 1.503758 0.940703 0.985398 0.279300 -0.674547
6 -0.172587 -1.349703 0.702914 -0.286543 0.114460 2.373173 -1.764923 -0.344243 -1.220146 1.249019 -0.306649 0.358084 -0.912327 1.559470
13 -0.424583 -0.929589 -0.547871 1.320275 -0.340101 -0.204969 1.016975 -1.384153 -1.235230 0.156903 -0.368760 -0.137780 3.189664 -0.110780
11 -1.419089 2.069213 -0.560351 0.126519 -0.643975 -0.329981 -0.184046 -0.731402 -0.668309 -0.704959 4.845550 -0.559724 -0.605205 -0.634241
13 1.825229 -0.180166 -0.594003 -0.869086 0.119868 -1.022281 -0.914346 1.129428 0.113616 -0.742472 -0.995122 0.067059 2.101755 -0.039479
14 -0.750810 -1.286500 -0.517470 -1.317731 0.922256 -0.517231 -0.668348 -1.344921 -0.768819 0.838007 -0.561926 -0.036508 -0.211666 6.221668
13 0.522925 -0.443961 0.381040 0.100380 -0.604056 0.919712 -0.264290 -1.222097 -0.237211 -0.220296 -0.548934 0.599049 1.047331 -0.029590
14 -0.023368 -2.235619 -0.055401 -0.512442 -0.819763 0.228143 -1.922499 -1.154429 -0.235695 0.095575 -0.574943 -0.156251 -1.248936 8.615628
11 -1.904041 -1.944796 -3.162638 -2.315868 -1.441971 -3.574259 -5.268098 -3.199129 -2.320409 -2.570443 31.708783 -1.278883 -1.027163 -1.701085
7 -0.016616 -0.178867 -1.019180 -0.253378 -0.594166 -0.239227 3.615614 -1.204888 -0.299909 -0.697838 -0.088866 0.154190 -0.442693 1.265825
6 -1.190190 -0.126985 -0.654985 -0.404229 -0.120408 5.251555 -0.346748 0.297641 -1.054918 -0.765885 0.035475 0.120922 -0.711343 -0.329902
4 -3.434440 -4.651045 -2.308489 40.892892 -3.544747 -3.911455 -3.664440 -2.617269 -2.759986 -2.413404 -2.807384 -2.730980 -3.313244 -2.736009
4 -3.433570 -4.077852 -2.993993 42.063369 -3.773605 -3.576012 -3.098292 -2.825098 -3.116531 -2.801594 -3.194661 -2.973169 -3.669209 -2.529780
4 -2.058728 -0.285147 -2.449602 22.786461 -1.915123 -2.520248 -0.901752 -0.439111 -3.246752 -1.759572 -1.470687 -2.829374 -3.102930 0.192565
7 -4.241534 -2.884295 -4.235385 -3.931374 -5.039808 -3.185063 53.424750 -5.009105 -4.065192 -4.207795 -5.098817 -3.888242 -4.668966 -2.969173
7 -5.732044 -4.239780 -4.800659 -5.541021 -4.737127 -6.312128 62.427190 -5.118884 -4.869934 -4.142165 -3.600940 -5.074793 -3.201251 -5.056462
7 1.572766 -1.213966 0.528639 -0.320975 -0.832693 -0.853226 3.807013 -1.039933 -0.555933 -0.255561 -0.780816 0.630711 -0.109641 -0.576384
7 -4.911186 -6.482951 -5.435141 -6.282810 -5.763369 -5.936420 73.474771 -5.317069 -5.382213 -5.123187 -5.178408 -5.588077 -5.801464 -6.272477
7 -4.277171 -4.119285 -4.047432 -4.525338 -4.176660 -4.665111 52.285519 -3.633084 -4.176198 -3.693273 -3.660274 -4.170821 -3.864936 -3.275936
6 -0.600221 -0.451136 -0.633838 -1.201221 -1.012348 12.667449 -0.018909 -0.966474 -1.819263 -1.128562 -1.138150 -1.310617 -1.708951 -0.677760
9 -0.974536 -0.148964 0.252284 0.820898 -0.436647 -0.247883 -0.157899 -0.059041 1.516004 -0.371675 0.602335 -0.300100 -0.701720 0.206944
10 0.217354 -0.089655 1.381265 -0.995298 0.581830 1.132534 0.084011 -1.420917 -1.494014 2.408205 0.677326 0.632845 -2.209549 -0.905937
8 -0.137039 0.368194 -0.232792 -0.111793 0.282057 0.526367 0.053876 2.399037 -0.502609 -0.984402 -1.254611 -0.507523 0.650106 -0.548870
2 -1.192296 2.122423 -0.895650 1.321813 -0.417033 -0.756537 -0.263252 2.103572 -0.525170 -0.142200 0.740190 -1.103761 -0.474037 -0.518063
6 0.226914 -2.081706 0.506291 0.061758 -0.740321 2.961001 -1.346960 -0.682204 0.311680 -0.056023 -1.681562 -0.298048 2.395983 0.423198
4 -4.813705 -3.532498 -3.665080 41.753110 -4.123600 -3.667497 -0.689739 -2.637249 -1.660729 -3.606101 -3.916068 -3.304073 -2.299653 -3.837117
4 -4.089889 -4.706011 -2.299077 41.021662 -3.042960 -4.084929 -3.476614 -3.351038 -3.072897 -1.846425 -3.045552 -3.155463 -1.171712 -3.679096
4 -3.973503 -4.142408 -2.595974 42.056814 -3.598289 -3.395782 -2.853637 -3.623648 -2.255012 -3.222510 -3.316882 -2.182041 -4.286088 -2.611041
11 0.259286 -0.035559 0.116856 -0.429297 0.064035 0.112899 -1.002003 -0.406264 -0.422947 -0.456268 2.050993 -0.149232 0.413661 -0.116158
7 -0.463032 0.290405 -0.322132 -0.776885 0.256913 -0.813618 1.958840 0.079665 -0.758860 -0.051245 0.777529 -0.448240 0.474244 -0.203584
13 -0.030356 -0.335358 -1.213861 -0.407701 0.138663 0.707569 -0.596679 -0.081725 0.827441 -0.460110 0.231194 0.113012 0.885929 0.221983
4 -3.687717 -2.782583 -2.696208 41.473923 -3.792222 -3.235092 -2.605001 -2.225587 -3.700955 -3.385465 -1.694570 -4.565180 -3.561315 -3.542028
5 -2.149367 -1.626399 -1.110930 -0.556426 18.683807 -1.945615 -1.411557 -0.908634 -1.977588 -1.812668 -1.058247 -0.905026 -2.406835 -0.814514
13 -0.092443 -0.031085 -0.415038 0.709583 0.015651 1.222385 0.055865 -1.307450 -0.783296 -0.532870 -0.593722 -1.004763 2.142364 0.614820
9 -0.057356 -0.335841 0.183146 0.317799 0.032991 -0.247786 -0.171278 -0.231261 0.472878 -0.298899 0.015600 -0.079283 0.064397 0.334892
11 -1.288145 -0.956183 -0.828390 -2.814063 -1.796846 -1.643739 -1.043229 -2.055256 -1.280583 -2.557023 19.988737 0.043344 -1.544639 -2.223985
11 -4.107825 -1.953682 -2.720489 -2.068098 -2.758395 -2.943278 -3.493538 -2.366748 -2.809245 -3.393186 36.616094 -2.513860 -2.697653 -2.790097
11 -0.090829 0.043108 -0.697836 -0.284618 -0.848255 0.569186 -1.244950 0.841160 -2.505888 -0.449944 5.171321 -0.000297 -0.648323 0.146166
6 0.700247 -0.800210 0.974240 -1.733573 0.106546 1.416278 -0.505276 -1.062142 0.033052 0.926872 -1.034866 0.462659 0.184389 0.331787
1 28.126312 -1.437931 -2.039735 -2.827984 -1.847597 -2.299075 -2.117236 -2.039287 -3.069129 -3.274913 -2.421590 -2.514400 -1.294021 -0.943413
13 -0.373204 -0.943784 0.608221 -0.279594 -0.947940 -0.815207 0.468470 -0.772825 -1.615846 -0.761294 -0.201757 -1.285991 6.316681 0.604068
3 0.800120 -1.178477 3.183349 0.454064 -0.532280 -1.046859 -1.415231 -0.730225 1.470631 -0.122232 -1.777734 -0.066839 -0.013634 0.975349
4 -2.980107 -3.644919 -3.063620 42.285504 -3.578210 -4.025285 -3.213961 -2.632182 -3.447680 -2.944165 -3.136826 -3.259223 -2.886340 -3.472987
4 -2.158200 -0.881671 -2.262164 41.106837 -3.081675 -3.173058 -3.629620 -2.805822 -4.920102 -4.058682 -2.386746 -3.662603 -4.777622 -3.308871
2 -1.561662 9.996116 0.038747 0.538970 -0.502204 -0.326008 -1.574465 -1.554761 -1.538827 -0.861685 -1.151936 -1.074095 -0.972682 0.544493
4 -0.701189 -0.477497 1.010335 1.166408 -0.015773 -1.111279 -0.803158 -0.959947 0.055679 0.975790 0.156260 0.431198 -0.317667 0.590842
1 0.000000 0.000000 0.000000 0.000000 0.000000 0.000000 0.000000 0.000000 0.000000 0.000000 0.000000 0.000000 0.000000 0.000000
2 -2.935884 10.562865 -0.479937 -0.081249 -0.397244 -0.451409 -0.651483 -0.458059 -1.546167 -0.945176 -0.035138 -1.132470 -1.087282 -0.361366
3 -0.460790 -0.709162 1.210252 0.193168 0.211051 -0.464131 -0.643058 -0.522894 -0.663813 1.023178 -0.022699 -0.073944 0.532863 0.389980
1 28.280521 -3.626765 -1.766586 -1.658386 -2.353297 -1.720373 -1.227995 -1.754792 -2.383189 -3.668275 -1.153262 -2.846614 -2.297654 -1.823334
7 -5.679329 -5.322654 -5.205322 -5.293571 -5.765044 -5.747033 71.843583 -5.977164 -6.178226 -5.141014 -4.245168 -5.359318 -5.633678 -6.296060
6 -4.793149 -3.817826 -2.756707 -2.933963 -3.794201 43.845406 -4.130732 -2.741653 -2.631811 -4.016157 -2.891138 -3.396913 -2.743595 -3.197559
4 0.645727 -1.398002 -0.753079 1.096162 0.056467 0.218261 0.157999 0.122861 -0.611672 0.102580 0.234704 -0.153565 -0.330949 0.612506
6 -0.444431 -0.449088 -0.812158 -1.321236 1.103804 2.289170 -3.513050 -0.464492 0.130493 2.076324 -0.155854 -1.170781 2.146150 0.585150
1 2.451521 -0.238442 -0.801982 -0.819713 -0.039111 0.879499 -0.484659 -0.609956 -1.007991 0.095927 -0.135460 -0.366979 -0.194081 1.271427
3 -0.768996 -0.095934 2.174543 0.165091 -0.189969 -0.348294 0.885393 -0.527911 -1.152774 -0.249389 0.450758 -0.187077 -0.619033 0.463591
10 0.138169 -0.342188 1.174179 -1.145565 0.072933 -0.401518 -0.897434 -0.731876 0.087125 2.351939 -0.314816 0.290826 -0.640980 0.359208
1 1.824153 0.625985 -0.793509 0.238892 0.244508 0.134511 -1.005535 -0.797420 -1.059777 -0.492589 0.325019 -0.076248 0.414578 0.417431
8 -0.406600 -0.958768 -0.162798 -0.808374 1.623796 -0.260059 -0.205635 2.623127 -0.189185 0.261003 -0.265305 -0.305023 -0.130841 -0.815338
7 -4.806296 -3.550263 -2.670038 -3.835409 -3.865110 -4.391961 49.463913 -3.143716 -4.082914 -4.438019 -3.197174 -4.064232 -3.741287 -3.677494
8 0.000000 0.000000 0.000000 0.000000 0.000000 0.000000 -0.043688 0.399521 -0.294395 0.000000 -0.019132 0.000000 -0.042305 0.000000
11 -0.128965 0.006184 -0.368371 -0.937122 -0.298972 0.289289 -0.954816 -0.684345 -0.477242 -1.128131 5.705496 -0.242122 -0.656370 -0.124512
10 0.526571 -0.828602 0.288359 -0.265589 -0.111375 -0.471601 -2.468692 -0.932360 -0.125125 4.672438 0.065553 0.310855 -1.072106 0.411673
14 0.876967 0.532301 0.069102 -0.636578 0.086902 -0.544817 -0.108482 -0.851842 0.757068 -0.519368 -0.330276 0.853079 -1.649164 1.465107
13 -0.349944 -0.820695 1.507419 -0.395248 -0.216322 -0.198715 -0.392737 -0.422381 -1.093980 -0.212768 -0.247559 -0.369371 4.016815 -0.804514
2 8.834654 17.030583 -3.865531 -2.595069 -1.753444 -0.935314 -3.188404 -1.859026 -1.975791 -2.592786 -0.757165 -2.486232 -1.880807 -1.975669
12 0.191453 0.000000 -0.072613 -0.266007 -0.079806 -0.111650 0.180155 0.163324 -0.232270 -0.126492 -0.042227 0.400297 0.146268 -0.150432
2 -0.555526 10.978192 -1.772946 -1.139743 -0.528936 -0.479388 -1.423484 0.170117 -0.439498 -1.079194 -0.737275 -1.771888 -1.022642 -0.197790
4 -0.714601 0.269885 0.132806 0.716684 0.074429 -0.077575 0.144298 -0.116545 -0.957086 0.123789 0.465893 0.122597 -0.511778 0.327204
4 -3.849844 -4.520299 -4.191398 40.348903 -4.557049 7.966481 -4.603578 -3.547174 -3.276962 -3.993102 -4.415733 -3.563724 -3.712488 -4.084032
1 51.332832 -4.215446 -3.889647 -3.718579 -3.839701 -3.973867 -4.065554 -4.267069 -3.167953 -3.999946 -3.628057 -3.946872 -4.383816 -4.236326
1 50.804428 -2.581289 -4.039343 -3.576629 -3.721342 -3.810124 -5.264667 -3.854087 -3.855559 -3.135999 -3.638765 -4.707091 -4.609049 -4.010486
1 29.346711 -1.739120 -2.454405 -2.784671 -2.615050 -2.825308 -1.954213 -1.817038 -1.067020 -2.633517 -2.190493 -2.385503 -2.429236 -2.451135
8 -1.544307 1.624050 -0.463125 -1.348493 0.331269 -0.897915 -1.132763 2.217899 1.812112 0.735579 1.356851 -2.289603 0.781990 -1.183543
4 -3.619606 -3.982662 -3.527287 44.375497 -3.689016 -3.029738 -3.393290 -3.417531 -3.892585 -2.929104 -2.759341 -3.381527 -4.539400 -2.214410
7 0.041617 -0.722327 -0.725545 -0.168667 -0.282256 -0.947626 1.885736 0.163858 0.249731 -0.586578 -0.096119 -0.379756 0.614513 0.953420
2 -2.465980 13.270304 -1.143282 -0.808221 -1.740020 -0.446200 0.464152 -1.411157 -1.040484 -1.034662 -0.819500 -0.501304 -0.505297 -1.818349
1 4.600564 -1.096902 -0.117522 0.134177 0.269411 -0.571718 -0.047095 -0.717896 -0.679112 -0.596429 -0.465181 -0.165221 0.079526 -0.626602
10 1.010275 -0.740302 -0.560234 -1.469992 -0.876258 0.620171 2.699793 0.826934 -1.230579 3.034934 -0.534833 -0.993879 -0.705618 -1.080412
13 0.347852 0.289864 -0.016368 -0.931750 -0.491369 -0.716603 -0.459631 -1.418601 0.956323 -0.407219 0.328273 0.613626 1.317743 0.587860
9 0.794956 -0.394861 -0.018270 -0.531182 1.314298 0.833396 -1.451680 -0.530955 1.532920 0.166220 -0.448846 -0.314667 0.201634 -1.152966
9 -1.033354 -0.668242 0.494585 -1.175763 0.033763 -0.015344 -0.209651 0.604831 2.920121 -0.111207 -0.416568 -0.976242 0.420234 0.132838
3 0.596256 -1.732509 2.857383 -0.684490 2.446777 1.714406 0.180210 0.472551 -0.642338 -1.154141 -0.610461 -0.321579 -2.699396 -0.422668
4 -3.137406 -3.467051 -2.959647 42.460468 -3.813095 -4.127934 -3.711117 -2.588883 -2.902674 -3.572416 -2.903502 -3.196730 -2.686440 -3.393575
4 -4.076374 -3.555506 -2.247348 42.045859 -3.348859 -3.552301 -2.606823 -2.920537 -2.319693 -3.217466 -3.963793 -2.633910 -4.065933 -3.537316
4 -3.499889 -3.990821 -2.339122 46.130104 -4.642601 -4.729203 -4.450573 -2.925509 -3.856061 -2.068793 -3.653250 -2.675102 -4.608525 -2.690657
4 -2.494165 -1.767160 -1.648614 24.288396 -1.876511 -2.197688 -1.975492 -1.425280 -2.224880 -1.613437 -1.422582 -1.667706 -2.397435 -1.577448
4 0.787889 -1.831820 -0.848666 4.097056 -0.642341 0.791896 -2.593525 1.710542 0.559036 -0.270717 -1.630952 0.479582 -0.145755 -0.462225
1 27.494278 -3.015604 -2.220257 -2.671926 -2.197148 -1.829076 -3.181317 -1.883291 -1.557495 -0.796681 -2.428652 -1.311423 -2.004113 -2.397293
7 -0.312192 -2.297462 0.362697 -0.976321 -0.633985 -0.464021 4.046047 -0.256069 -0.039465 0.198310 0.018436 0.489320 0.140032 -0.275326
8 0.182793 -0.811440 -0.420195 0.542562 0.083448 -0.172455 -0.186953 1.001384 -0.572991 0.597156 -0.027044 -0.402005 0.587133 -0.401393
1 31.538538 -2.842666 -2.524241 -2.691262 -2.127639 -3.746843 -3.017780 -2.536428 -1.092950 -2.752140 -2.313966 -2.032667 -1.500947 -2.359008
1 30.686923 -2.291261 -2.324602 -0.626125 -2.848632 -3.080433 -2.219957 -3.123258 -1.620742 -3.267904 -2.342769 -2.148983 -2.077077 -2.715179
3 -0.304004 -1.357919 3.380854 -0.249262 -0.649054 -0.194460 -0.076640 -1.005380 -0.118480 -0.521470 0.595494 0.469519 -0.105202 0.136006
3 -0.744049 -0.835632 7.514560 -1.091350 -1.393941 -0.424358 0.281700 0.697288 0.147984 -0.202254 -1.215278 -0.316927 -1.296916 -1.120830
1 18.237546 -1.883006 -1.694988 -0.637939 -1.658433 -0.740474 -2.104144 -0.541769 -0.892828 -2.259200 -1.223786 -1.978818 -1.062631 -1.559529
3 -1.208847 -1.012471 20.945776 -2.192706 -1.222722 -1.686882 -1.538411 -1.200269 -1.846056 -1.610275 -1.008604 -1.842874 -2.169210 -2.406449
14 0.029050 -1.626686 -0.837978 -1.084860 0.604002 1.083152 -0.768781 -0.154794 -0.609127 0.683651 0.382648 0.148666 0.217833 1.933226
14 -1.203834 -1.959885 0.159716 -0.408247 -0.175473 -0.249060 -0.716650 -0.607484 -1.558224 -0.503385 0.246178 -1.168371 -0.699434 8.844153
8 -0.905468 -0.213520 -0.590405 0.502746 -1.730065 -1.450611 2.343384 7.202142 -0.801467 0.593077 -1.321416 -1.198576 -1.287161 -1.142660
3 -0.296554 -0.977189 6.492153 0.814335 -0.593669 -0.628801 -0.598860 -1.444194 0.401690 -0.660271 -0.648357 -0.299654 -1.375330 -0.185301
6 -2.238500 -1.814066 -1.661209 -1.540525 -2.235469 21.224585 2.048900 -2.595469 -1.785561 -1.975889 -1.935978 -1.678182 -2.144468 -1.668170
3 -0.396376 -1.084098 1.943064 -0.500863 -0.073773 0.802234 -1.580943 -1.463551 0.610060 0.372882 0.855319 0.848430 -0.619319 0.286933
3 -0.941788 -1.800363 15.231211 -2.515055 -1.498923 -0.815045 -1.858547 -1.598354 -0.588335 -0.705759 -0.821975 0.008992 -1.474789 -0.621270
14 0.152282 -0.282680 0.160930 -0.097907 0.156891 -0.176058 -0.361900 -0.195177 0.401627 -0.468167 -0.106894 0.240827 0.014228 0.561998
11 -1.149988 -1.296753 -0.782987 -0.112038 0.298375 -0.975567 1.770808 0.194986 -0.268004 -0.486446 3.016462 -0.493945 -0.336814 0.621910
11 -1.315219 -1.005420 -0.347196 0.798178 -0.371653 0.141419 0.275850 0.095883 -0.510179 0.371868 1.994873 0.453731 -0.288748 -0.293386
11 -2.931144 -2.925232 -2.275846 -1.136126 -2.150628 -3.191250 -2.251272 -1.821984 -2.545820 -2.654608 30.291423 -2.240551 -2.390974 -1.775988
11 -0.894508 0.371600 -0.367118 0.462641 0.845781 -0.142434 -0.773000 0.226432 -2.106793 -0.959926 3.142594 0.209796 -0.199385 0.184318
1 30.959885 -2.075319 -0.705861 -2.649331 -2.067274 -2.304449 -3.071314 -2.259054 -2.686890 -2.689494 -3.164972 -2.184861 -3.126446 -1.974620
5 -1.555519 -0.422608 -0.298419 0.385288 6.168075 -0.111690 -0.539407 -1.073624 -1.087970 -0.217457 -0.066350 -0.137788 -0.120623 -0.921908
4 -4.114841 -2.660935 -4.201261 44.661163 -2.540277 -3.338212 -3.404140 -3.148989 -3.017236 -3.086882 -4.269113 -2.162765 -4.740787 -3.975725
7 -5.164557 -4.029056 -4.734543 -4.866551 -4.179183 -5.477789 62.296343 -4.861944 -4.738358 -4.111991 -6.665836 -4.891141 -3.960183 -4.615211
3 1.266700 -1.107951 1.904666 -0.055165 -0.166796 0.570800 0.147709 -0.370514 0.160019 1.278337 -0.922178 0.105965 -3.404537 0.592946
5 -1.685082 -0.171218 -0.393374 -0.396211 11.012472 0.053622 -1.006042 -0.986920 -1.188755 -1.023856 -1.166193 -0.504861 -1.920725 -0.622857
4 -3.419814 -3.178884 -2.940932 42.921861 -2.345861 -4.172660 -3.541776 -2.408045 -2.979641 -3.102849 -4.305823 -2.920350 -3.743884 -3.861341
6 -2.392037 -2.290987 -3.016009 -3.088559 -2.471188 33.458122 -2.700435 -2.335188 -2.246947 -2.656080 -3.124463 -2.300803 -2.354455 -2.480970
8 -1.615468 -1.049867 -0.639235 0.085601 0.018977 1.952179 -0.385180 2.845617 -0.236682 -0.927029 -1.063651 1.606421 0.479319 -1.071001
6 -1.519553 -1.682617 -1.330760 -1.591439 -1.689901 21.470357 -1.885249 -1.199912 -1.550006 -1.436808 -1.461211 -1.954696 -2.047742 -2.120461
6 0.084081 -1.287092 -0.407954 -0.485781 -0.772739 3.750986 0.817973 -0.749754 0.622396 -0.867175 -0.725320 0.069237 -0.482884 0.434027
3 0.968015 0.575904 1.287252 0.164689 -1.121553 -0.471261 0.404220 -0.132765 1.093741 -0.372106 0.849944 -1.039983 -1.410144 -0.795955
13 -0.612383 -0.868638 -0.203684 0.324815 -0.503909 -1.107186 -0.982324 -1.168919 2.199977 -1.002467 -0.787096 -0.243671 4.899207 0.056279
13 1.358163 0.325213 -0.087890 -0.631255 -0.795650 -0.034902 -0.592842 -1.146187 -0.580785 -0.361825 0.344068 -0.087620 3.209321 -0.917808
14 -0.151774 -0.281695 -0.020296 -0.497367 0.022096 -0.028788 -0.311854 0.103937 0.035440 -0.182455 0.085131 -0.388347 0.474500 1.141472
9 -1.843838 -1.199064 -0.386389 -1.172819 1.489243 0.000134 0.141781 -0.968751 3.851082 0.251548 -0.716529 -1.413676 1.033184 0.934096
12 0.126377 -1.166845 0.612652 -0.364771 -0.815011 -0.247264 0.191272 -0.357087 -0.786477 0.695781 -0.523937 2.066356 0.488126 0.080827
4 -3.499189 -4.277493 -3.219974 41.706695 -3.716975 -3.646018 -2.963835 -1.749852 -2.854572 -3.721258 -3.733625 -2.793671 -3.200745 -2.329486
14 0.728282 -1.395824 -0.273795 -0.675745 0.262804 0.034549 -0.370823 -0.148012 0.090979 -0.431072 -0.327725 0.593395 0.655645 1.257343
4 -2.323935 -2.421310 -3.080308 26.682113 -2.618453 1.373218 -2.306648 -2.872000 -3.238132 -1.725250 -1.786554 -2.396075 -1.091774 -2.194894
4 -4.100232 -3.094821 -3.845548 48.186570 -4.133431 -2.764079 -3.227514 -2.911096 -3.853183 -4.101969 -3.658602 -4.126591 -4.604512 -3.764992
3 -2.024869 -0.514479 23.902443 -2.607638 -2.915762 -0.259460 -1.192137 -1.807830 -0.943112 -3.260404 -0.765329 -2.515688 -1.466389 -3.629346
3 0.738080 -0.175838 2.967967 1.074196 -1.277283 -0.725127 -0.352357 -0.275051 -1.058559 0.096970 0.205132 -0.550666 -0.056766 -0.610698
8 0.272780 0.419241 -0.662403 -0.540422 -0.759388 -0.115682 -0.038945 0.984597 0.527102 -0.055060 -0.293215 0.277742 0.247982 -0.264328
6 -0.530067 -0.095616 0.238509 0.303654 0.208952 0.588927 -1.121043 -0.179177 -0.804779 0.408286 0.524218 -0.265838 0.136582 0.587393
13 -1.156548 -0.783479 0.130669 1.202852 0.009745 -0.486528 0.554936 -0.237691 -0.323540 -0.695012 0.156385 -0.091687 1.714424 0.005474
14 0.141206 0.866430 -0.501212 0.165778 -0.203221 0.052392 -0.183055 0.003617 -0.468414 0.242517 0.432447 -1.191312 -1.271608 1.914437
7 -1.509671 0.031752 0.479016 -0.917342 1.164899 0.974728 2.110203 0.194478 -2.134902 -0.957591 1.086893 -0.328399 -1.273089 1.079026
13 0.749656 -1.558583 -0.525076 0.891353 -0.095931 0.000436 -0.190224 -0.205255 -0.028750 -0.330504 -0.472167 0.305080 0.922254 0.537712
6 0.702582 -1.424654 0.568056 -0.292237 -0.172049 1.825038 -0.316883 -0.454854 -0.273086 0.271085 -0.612386 -1.376784 0.542470 1.013702
4 -2.900809 -4.000496 -3.340084 40.857076 -3.712637 -2.846807 -3.555402 -1.470811 -1.377694 -4.247741 -2.984604 -3.554424 -3.912593 -2.952974
4 -3.529635 -3.994780 -2.970366 41.651162 -3.536703 -3.452068 -3.047926 -2.090481 -3.059512 -2.811738 -3.258367 -3.067607 -3.255808 -3.576171
1 1.407742 0.096463 0.040697 -0.314583 -0.572329 0.690795 0.014360 0.204654 -0.279259 -0.331856 -0.320294 0.139462 -0.769399 -0.006453
12 0.428957 1.351241 0.117804 -1.803251 0.318795 1.317256 -1.302695 0.400700 -1.847279 -0.912544 -0.846246 3.077726 0.515699 -0.816162
1 15.623760 -0.655670 -0.471072 -0.791905 -3.411748 -0.565634 -1.540074 -1.550260 -0.992697 -1.136154 -1.310469 -0.621324 -1.790753 -0.785999
14 0.988961 -0.355836 0.166397 -0.236249 -0.429338 0.455255 -0.127710 -1.017838 0.640976 -0.737377 -1.587195 0.582971 -0.398320 2.055303
1 1.487388 1.438457 0.725443 -0.569647 -0.296655 -0.527961 -0.550890 -1.109560 -1.752718 0.796615 1.279768 0.326713 -2.090160 0.843209
4 -1.769423 -3.476298 -2.536981 25.244968 -2.676250 -2.215996 -1.598186 -1.899726 -1.441744 -1.028399 -2.458719 -0.912520 -2.418254 -0.812472
5 -0.786169 -1.504528 -1.017887 -0.217769 11.895538 -0.854345 -1.031823 -1.667771 -0.816474 -0.833296 -0.397384 -0.454506 0.098536 -2.412120
4 -3.220707 -3.777407 -3.843486 44.031805 -2.609184 -3.587350 -3.682485 -3.406567 -3.839039 -1.356003 -3.588081 -2.815717 -5.173429 -3.132350
14 0.289337 -1.597700 -0.317158 -1.236956 -0.153661 -0.956710 -0.184495 -0.738484 0.007525 -0.503227 -0.397969 -0.286895 -0.302798 6.379189
5 -0.367924 0.691283 0.008771 -0.071729 0.707148 0.349490 -0.213885 -0.332133 -0.067843 -0.113464 -0.431404 -0.107153 -0.114176 0.063018
7 -0.116484 -0.100893 -0.350941 -0.598318 -0.003388 0.379718 0.453590 0.414345 -0.001338 -0.086775 -0.035743 0.014770 0.071850 -0.040391
4 -3.870294 -4.386952 -3.368822 41.732653 -4.555116 -2.632336 -0.730279 -1.895417 -3.057230 -2.959268 -3.765508 -2.471982 -4.074697 -3.964750
10 0.782946 -3.171610 2.325292 -1.492935 -0.982664 -1.620233 -0.708411 -1.931507 0.223201 4.278447 -0.103152 4.034747 -1.569381 -0.064740
14 -0.624425 -1.320570 -0.313365 -1.400573 0.282436 0.424137 -0.686728 -0.323468 -0.402541 1.315578 0.108588 -0.586588 0.478919 3.048601
6 -2.852948 -1.285505 -1.658124 -1.113616 -1.928766 22.574155 -3.082655 -2.039581 -0.507718 -1.526058 -1.282532 -1.587638 -1.853762 -1.855250
6 -0.710004 0.299668 -0.302779 -0.374567 0.331074 1.532886 -1.289800 -0.328371 0.756969 -0.018711 -0.211563 0.449620 0.388663 -0.523084
4 -0.352412 -0.437344 0.190579 0.727458 -0.102429 0.487853 0.203732 -0.921940 -0.275291 0.245519 0.340020 -0.304412 0.364102 -0.165436
4 -4.657799 -3.936857 -3.759865 43.917938 -4.245467 -0.887575 -3.390004 -2.223851 -3.275812 -3.984791 -3.056295 -3.172239 -3.592689 -3.734692
10 -1.833861 -0.787587 -1.066716 -0.221886 -0.009874 -1.489399 -2.021245 -0.208949 0.315000 11.763582 -1.297392 -1.364642 0.484500 -2.261531
8 -0.401192 0.909637 -0.504753 -1.114736 -0.649439 -0.539967 -1.748696 6.003593 -0.092257 1.647367 -1.170793 -0.698514 -0.967008 -0.673244
8 -1.059078 -0.643552 0.522362 -0.495807 -1.132878 0.404004 -0.852425 5.191462 0.238233 -0.591007 -1.156280 -0.418787 0.611427 -0.617674
1 27.725440 -3.316255 -1.381017 -0.805020 -1.093802 -3.375173 -2.783369 -2.789275 -1.678710 -2.646684 -2.046740 -3.650860 -0.876172 -1.282362
4 -1.220683 -0.484489 -1.925117 23.974174 -2.155817 -2.592468 -3.190299 -1.196798 -2.619394 -1.575413 -1.561070 -2.663208 -1.221919 -1.567500
5 -0.252858 -1.599681 -0.597039 -0.952097 9.524247 -1.553329 -1.717340 0.396990 -0.669877 -0.718096 -1.878257 -1.494319 2.267742 -0.756088
11 -2.621629 -0.546856 -2.264541 -0.542601 -0.973878 -2.753226 -1.355100 -2.395862 -2.519341 -1.226303 24.953122 -2.578211 -2.617986 -2.557590
4 -0.655058 0.176851 0.440069 1.015786 -0.102067 -0.369508 0.564979 -0.318547 -1.133652 -0.062214 0.383895 -0.050653 -0.659422 0.769541
10 0.863939 -1.615359 0.338299 -0.691517 0.231074 -0.209344 -0.311905 0.082005 1.060190 1.440421 -1.544844 1.116030 0.031077 -0.790065
8 -0.403839 -1.183398 -1.102391 -0.214520 1.677562 0.779484 -0.761466 2.274076 0.887882 -0.361715 -0.436434 -0.386586 -0.425330 -0.343325
8 0.621827 0.342204 0.207761 0.338833 1.026281 -0.541283 -0.850529 1.406849 -0.538948 -0.850600 -0.920817 0.040396 0.162425 -0.444399
4 -0.518615 -1.849464 -0.178341 3.385168 1.831375 0.347488 -1.573100 -0.138367 0.498553 -1.073394 -0.838512 -0.112981 0.375244 -0.155055
1 1.275370 -0.072064 -0.329696 -0.728864 0.422393 -1.013886 0.189275 0.023478 -0.680411 0.736758 -0.098528 -0.220124 0.365301 0.130998
4 -3.791527 -4.536208 -2.379982 42.420278 -3.788430 -3.480647 -3.696665 -2.109401 -2.705021 -3.338137 -3.268750 -2.673677 -3.599390 -3.052444
7 -1.827734 -0.259796 -1.560453 0.713302 0.713566 0.568632 2.231326 0.545829 -1.658584 -0.154760 0.936395 0.344443 -1.094510 0.502345
13 -0.402261 0.889855 -0.096137 0.237299 -0.519144 -0.026034 -1.887270 -0.838748 -0.068262 1.711053 -0.900758 -0.320129 1.930567 0.289970
1 5.918617 -2.448118 0.193947 -0.211580 -0.716940 -1.493648 -0.408143 -1.973936 -0.975171 1.325086 -1.241572 2.512352 -1.468376 0.987483
6 -0.819795 -0.871570 -1.615548 -1.417354 -0.637313 16.137311 -1.473886 -1.470734 -0.860602 -2.273352 -0.927692 -1.913977 -1.168174 -0.687316
3 -1.324610 -1.615637 3.605425 -2.119659 0.860956 -0.021264 0.282397 -0.738156 -0.797373 -0.485185 0.110118 1.113685 0.996990 0.132313
5 0.082178 1.968489 -2.248581 -0.489656 3.345496 -0.754511 -0.294421 2.566967 -0.326587 -0.767563 -1.629358 -0.771767 -0.158776 -0.521909
8 -1.755410 -1.328137 -0.872668 0.255875 -0.492975 0.789186 -1.092501 8.982041 -1.585186 -1.531815 -0.767856 0.372321 -0.916517 -0.056357
14 -0.379915 -0.286841 0.048094 -0.501998 0.277712 -0.555693 0.042567 0.184145 0.000876 0.514514 -0.000176 -0.058372 0.074834 0.640254
1 1.189713 0.726343 0.289652 -0.373458 -0.237761 -0.357657 0.357623 -0.026733 -1.242816 0.474316 1.046061 -0.153570 -0.908627 -0.783085
6 2.238669 -1.588277 -1.802582 0.298325 -0.743505 9.366235 -2.437116 -1.210980 -0.243132 -1.454297 -1.214841 0.161372 -0.359337 -1.010532
4 -1.494241 0.259462 -0.377591 1.420713 -0.533287 0.051521 -0.645749 1.388144 -0.375709 -1.290769 -0.402310 0.867413 1.109594 0.022810
3 0.201653 -0.875455 6.499976 0.061540 -0.535713 -1.006824 -0.375613 -0.490734 -0.546496 -0.159344 -1.015050 -1.073429 -0.056572 -0.627939
7 0.106455 -0.052023 0.214156 -0.450926 -0.355280 -0.436402 1.197857 -0.359777 0.749238 -0.445432 -0.259929 0.921675 -0.473911 -0.355698
14 -0.498860 0.256889 -1.186521 -0.202064 -1.326556 1.109914 -1.162739 -0.272338 0.400213 0.819681 -1.524728 0.943258 0.836258 1.807592
6 0.063542 -0.302653 0.053384 -0.316819 0.204648 1.758891 -0.676013 -0.262168 -1.214191 0.134810 0.159838 -1.124496 0.649725 0.871502
11 -0.576692 -0.325401 -1.338848 -0.947330 -0.953038 -2.247465 -1.468545 -0.693714 -0.957021 -0.129566 11.447620 -0.806244 -1.317302 0.313547
13 -0.058475 0.583200 0.276452 -0.016407 -0.258677 -0.292904 -0.187621 -0.400445 -0.466453 0.541559 -0.417870 -0.536267 1.100780 0.133127
14 0.023411 0.144326 -0.186089 -0.497573 -0.438831 -0.066513 -1.495263 -0.513420 0.479557 1.043452 -0.367049 0.883071 -0.452940 1.443861
1 54.152413 -4.284816 -4.113154 -3.929033 -3.926291 -4.234425 -5.475046 -4.048631 -4.117083 -4.054893 -4.089082 -3.433719 -4.040609 -4.405632
12 0.290678 -0.713520 -0.687648 -0.462389 0.417839 -0.389444 0.950539 -0.892119 0.193966 -0.381546 -0.251726 1.606861 -0.165797 0.484309
12 -0.605360 -0.462767 0.660659 0.867790 0.996838 -0.893890 -0.693604 -0.123772 -1.427952 0.325178 -0.200480 1.429977 0.257705 -0.130321
13 -0.366680 -0.729894 0.321171 -1.037681 0.113394 -0.014622 0.201797 0.458514 -0.820340 -0.631393 0.102989 0.188142 1.388707 0.825896
1 28.150435 -2.544788 -2.088864 -2.444628 -2.521198 -3.082992 -1.875917 -2.311316 -1.396763 -2.489846 -1.368473 -2.641071 -1.172632 -2.211945
1 18.769478 -2.296394 -0.828323 -1.551354 -1.340732 -1.209377 -2.347565 -0.331829 -1.281384 -0.513728 -1.456708 -2.477960 -2.106564 -1.027561
2 -1.103851 2.089802 -0.411770 -0.673603 -0.145089 -0.384231 0.066667 -0.775932 -1.020561 -0.307155 -0.115985 1.098507 0.584896 1.098306
6 0.104592 0.519027 -0.761915 -1.708741 -0.562260 9.452058 -2.049964 -1.302289 -1.315951 -1.021770 -0.684481 -1.625171 1.706159 -0.749294
5 -2.736712 -0.779284 -0.124700 -1.458725 10.071879 -1.246283 0.893139 0.066376 -2.065278 0.215957 -1.358617 -1.474258 -1.743626 1.740132
6 -0.192577 0.681357 -1.798775 -0.680623 -1.067745 9.077061 -2.120319 -0.360026 -1.109466 -0.521650 -1.655223 -1.099498 -0.825991 1.673474
3 0.362779 -1.947270 2.614114 -0.048510 -1.073485 -0.655359 -1.893252 -0.566405 -0.097611 0.050340 1.644933 2.119869 -0.079465 -0.430679
12 -0.758746 1.696940 -0.266523 -1.544992 -0.539895 0.780679 0.755769 -0.109945 -2.201283 0.241258 -1.593383 1.938606 0.937874 0.663641
3 -1.005675 -1.548414 15.231211 -2.445823 -1.466706 -0.894958 -1.972595 -1.573275 -0.733216 -0.709717 -0.664103 -0.056925 -1.596012 -0.563791
10 0.592461 0.282432 0.241982 -1.248739 0.292799 -0.041182 -1.156624 -0.654965 0.642118 2.585573 -0.826017 -0.828854 -1.404786 1.523803
6 0.368984 -0.321031 0.195088 0.231034 -0.223300 0.514925 -0.008775 -0.168528 -0.219508 -0.078653 -0.063429 -0.053939 -0.077453 -0.095416
3 -1.607923 -0.490898 3.912667 0.473288 0.675679 -0.488289 -0.146918 -0.461071 -0.529046 0.550917 0.865194 -1.043929 -1.603153 -0.106519
10 -1.505829 -0.041479 -0.031081 0.049142 -0.358539 -0.296381 -1.600077 -0.962915 -0.382304 8.788836 -0.933710 0.069107 -1.872933 -0.921836
10 -0.513822 -2.451456 0.601156 -0.211116 1.282442 0.065560 -0.862586 -0.886513 -0.705132 2.545687 0.531948 0.727065 -1.167860 1.044627
7 -4.244448 -4.347549 -4.288919 -4.404330 -4.713784 -4.362226 59.129044 -4.381426 -4.071887 -4.072356 -6.921834 -4.247979 -4.351101 -4.721204
11 -0.555959 0.146693 -0.195913 1.178878 -0.788512 0.194303 0.235683 0.514457 -1.515421 -0.959981 1.385789 0.453284 0.071035 -0.164336
12 -1.126322 -1.382922 0.342775 -0.040580 -0.420168 -1.059618 0.241210 -1.224434 -0.686849 -0.114792 0.113975 6.810514 -1.525059 0.072271
4 -0.714601 0.269885 0.132806 0.716684 0.074429 -0.077575 0.144298 -0.116545 -0.957086 0.123789 0.465893 0.122597 -0.511778 0.327204
11 -2.745558 -2.952079 -1.169978 -1.792248 -0.211173 -2.384447 -3.614797 -2.380832 0.226660 -2.057754 23.456388 -1.574977 -1.205203 -1.594001
11 -3.709997 -1.631718 -1.423459 -1.504724 -1.882413 -1.860857 -2.969109 -1.604861 -2.314418 -1.590272 25.461785 -1.592870 -1.811724 -1.565361
2 0.163456 1.871590 1.063128 -1.010254 0.473896 0.005961 -0.201188 1.174197 -1.473549 -0.850571 -0.198388 -0.210878 -1.239111 0.431712
3 -0.942919 -1.548414 14.366718 -2.395259 -1.041562 -0.856258 -1.859774 -1.488458 -0.700994 -0.635397 -0.758516 0.040145 -1.607600 -0.571711
11 -0.716080 1.197531 -0.653948 -0.356360 -0.437959 -0.926537 0.958640 -0.013653 -1.543041 0.587364 1.836738 -0.350089 0.221992 0.195402
13 -1.312733 -0.456046 0.693264 0.278118 0.015295 0.636630 -0.031708 -0.696238 -1.237536 -0.482861 0.317087 0.677789 0.887542 0.711398
11 -1.850368 0.548594 -0.327763 -0.534134 0.825345 -0.938017 -0.581739 -0.765512 -0.960088 0.533644 3.206165 0.582038 0.330638 -0.068805
7 0.574909 0.468580 -1.553044 -0.043257 -0.298855 -0.196408 1.098184 0.246469 -0.253370 -0.850751 0.728260 -0.582389 -0.201376 0.863049
4 -0.467009 0.858984 -0.016903 1.816891 -0.231416 -0.401153 0.333516 -0.441193 -0.880127 -0.087042 0.234355 -0.028867 -0.507954 -0.182082
10 0.210558 -0.613077 1.017755 -0.894320 -0.417284 -1.353437 -0.135008 -0.359581 0.832390 2.113401 1.140563 0.234719 -1.053815 -0.722864
11 -3.097553 7.931693 -2.490674 -2.345930 -1.939858 -3.795924 -1.198904 -2.409530 -2.893913 -2.659248 22.478200 -2.936054 -2.776028 -1.866276
10 -0.398871 -0.420761 -0.513273 -0.733518 -0.141269 -0.459020 -0.265582 -0.708327 -0.497075 5.325425 -0.632855 -0.190750 0.294204 -0.658328
11 -1.586966 -1.978208 -2.763377 -1.436607 -1.607936 -1.691879 -4.889030 -1.749232 -2.725507 -0.889662 26.345775 -1.046927 -2.692548 -1.287895
11 -1.808342 -0.782314 -1.192430 -0.726958 -1.170797 -1.095180 -1.622581 -0.389020 -2.229177 -0.203040 12.926477 -0.568290 -0.718150 -0.420197
6 0.305501 -1.135053 -1.624082 1.554471 -0.495683 8.967002 -0.831723 -1.213787 -1.392601 -1.851318 -1.037522 -0.035397 -1.334770 0.124960
13 -0.714409 -1.643263 -0.636859 -1.372524 -0.043495 -2.548521 -0.780145 -0.452877 1.282874 -1.066950 -0.197255 0.439596 7.823772 -0.089940
2 0.083758 3.708304 -1.277635 -0.172874 3.265350 -0.911866 -0.900601 0.847755 -0.636306 -0.690874 -0.825486 -1.111382 -0.416018 -0.962127
2 -1.312918 2.942359 -1.520086 -0.213418 -0.037506 0.523349 0.452788 0.021977 -2.115677 0.419081 0.263746 -0.205704 -1.022845 1.804855
14 -0.049100 0.538105 -0.179846 -0.212668 0.061307 -0.744054 0.604844 0.174730 -0.797867 -0.028801 0.530091 -0.350370 -0.674712 1.128339
14 -0.409778 -0.066404 -0.675307 -0.358248 0.497017 -1.078679 -0.568121 0.267069 -1.582314 -1.455469 1.951504 -0.597017 0.307841 3.767905
11 -1.560611 -0.195541 -0.307307 0.557879 1.086322 -0.175961 1.163728 0.200750 -2.089302 -0.358761 1.181082 0.426911 -0.651241 0.722051
8 -2.246271 1.141754 -0.554097 1.585640 -0.366653 0.475405 0.426623 2.591409 -1.748998 1.165362 -0.186417 -1.080665 -1.470761 0.267669
5 -0.154174 -0.047296 -1.109163 -1.077485 8.326463 -0.515208 -1.992640 0.363592 -1.006570 0.945728 0.148599 -1.267657 -1.836271 -0.777917
8 0.816907 0.753117 -0.938973 -0.690646 0.063015 -0.654616 -1.130978 1.087519 0.539254 -0.570631 0.121421 0.234702 0.446944 -0.077037
12 -0.243638 0.061645 -0.006047 0.234561 -0.415843 -0.455300 -0.481060 -0.358464 -1.114051 0.444888 -0.353913 1.396766 0.441135 0.849321
5 -0.499376 -0.297254 0.362243 -0.357270 1.669245 -0.640805 0.618562 -0.703488 -1.056571 0.427271 -0.262596 -0.770064 1.517629 -0.007527
2 -1.327952 8.044480 -0.768247 -0.350471 -0.236888 -0.810618 -0.389955 -0.674117 -1.333000 -0.846024 -0.031638 -0.718653 -0.441051 -0.115865
13 -0.416505 -0.620034 -0.038562 0.367696 -0.520783 0.275380 -0.681904 -0.509763 -0.316497 -0.663740 -0.208655 -0.869907 3.840326 0.362950
14 0.159144 -0.328498 -0.228960 -1.743898 -0.027667 -0.134233 -0.786188 -0.992111 -0.728519 -0.765103 -2.027871 -0.658510 0.027469 8.234946
8 -0.127842 -1.159801 -0.546791 0.247804 -0.599302 -0.390504 0.808144 1.487018 1.383342 -1.044974 -0.170524 0.036583 0.620865 -0.544017
3 -1.675261 -0.046213 8.418113 -0.349874 -0.893978 -0.963496 -0.503846 -0.547421 -0.709005 -0.216203 0.053176 -0.939579 -1.229168 -0.397246
4 -1.279018 -0.521698 0.144845 1.109924 -0.036138 -0.014569 0.597342 -0.007397 -0.126521 -0.205102 0.184784 0.230081 0.307489 -0.384025
6 0.187815 2.874048 -0.095225 -1.011883 -1.434616 5.768330 0.214765 -0.613741 -2.627581 -2.251933 -0.440782 -1.385459 -0.185201 1.001463
6 0.186117 -0.144599 -0.052270 -0.377761 -0.933813 2.292142 -0.982009 0.933306 -0.702350 -0.325046 -0.427471 -0.469935 1.729251 -0.725564
3 0.483180 -0.769315 3.312433 -0.654806 -0.169294 -0.421333 -0.947140 0.218851 -0.442819 -0.654965 -0.239882 1.112618 -0.365048 -0.462481
1 9.760732 -1.140094 0.047984 -2.589851 -1.835733 -2.305030 -0.095184 -0.257728 2.020636 -0.969142 -1.434555 0.680310 -0.964417 -0.917929
5 -0.728778 0.007114 -0.171074 -0.083022 0.338884 0.194527 -0.032289 0.310724 -0.597777 0.180754 0.122637 0.204875 0.138491 0.114935
2 0.759805 1.517705 -0.707754 0.363667 -0.507405 0.248464 1.030768 -0.497120 -0.719152 -0.776085 -1.324058 -0.156912 0.562764 0.205313
6 -0.399915 -0.323381 -1.039359 -0.196232 0.613333 1.757771 0.168260 0.475601 -0.078036 -0.267020 0.371320 -0.883779 0.446374 -0.644937
6 -0.321935 0.046104 -0.405633 -0.033292 0.396168 4.708296 -1.213204 0.396118 -1.472492 -1.280758 -0.241456 -0.087348 -0.411550 -0.079018
3 -1.020276 -0.153106 4.266622 0.447766 -0.565636 0.117355 -0.372021 -0.757057 -1.480804 0.367115 0.062036 0.413492 -1.900631 0.575146
6 -0.098426 -1.002298 -2.020228 0.583584 -0.747685 5.335658 -2.155771 -0.379664 -2.521040 0.142425 -0.310976 4.613028 -1.192850 -0.245757
1 27.292811 -2.296764 -2.361810 -2.381083 -1.400076 -1.717787 -1.995821 -3.389487 -0.496911 -1.773876 -2.432515 -1.519303 -3.917165 -1.610211
14 -1.139555 0.404309 0.280216 0.225768 -0.274272 -1.660265 -0.012278 0.058991 0.490639 -0.269279 0.046223 -0.813385 0.395713 2.267175
11 -1.294264 -0.390276 0.398269 0.173018 0.321602 -0.441314 -0.024255 -0.153599 -0.314947 0.821476 1.006504 -0.342279 0.176443 0.063622
11 -0.889741 0.137271 0.105667 0.635304 -0.040135 0.321945 0.074902 -0.172352 -0.975032 0.123789 0.865414 0.045107 -0.559342 0.327204
12 1.799895 -1.223695 -1.395499 -0.526537 -1.737801 0.799149 0.739333 -1.161957 -0.700712 -1.719032 -1.500494 9.393345 -1.528548 -1.237448
1 5.859286 -2.015852 -0.516360 -1.477846 0.432383 -1.724357 1.353449 -1.499183 1.927403 0.190665 0.424910 -1.611961 -2.758774 1.416238
13 0.212762 -0.357624 -0.277859 -0.246007 -0.294425 -0.667643 -0.043014 0.284145 -0.366926 0.167846 -0.272863 0.071257 2.635811 -0.845461
13 0.447257 -1.283399 -0.182538 -1.024877 -0.968246 -0.370117 1.088797 -0.693990 0.834095 -0.300598 -0.062156 -0.709503 4.164695 -0.939421
12 -1.139370 -1.504668 0.194899 -0.218498 0.914244 -0.337782 0.845786 0.051819 -1.541263 -0.208722 0.930713 1.520921 -0.469526 0.961447
9 -0.833259 -0.144565 -0.239975 0.442614 -0.693192 -0.472569 -0.089028 -0.194095 3.595993 -0.576388 -0.442055 0.108192 -0.657065 0.195392
3 -1.175362 -0.919672 19.747215 -2.164699 -1.142405 -1.559902 -1.438488 -1.057468 -1.753798 -1.504786 -0.908218 -1.627413 -2.057574 -2.437431
7 -5.030732 -3.812238 -4.007152 -4.595664 -3.935370 -3.952937 48.808136 -3.310061 -2.774514 -4.364915 -4.542379 -3.984410 -2.023982 -2.473780
11 -0.876270 -1.105505 -0.571873 0.244430 -0.591995 -1.067416 1.111534 0.481416 -2.063546 -1.054991 4.735054 -0.480397 0.685966 0.553592
8 -0.033736 1.154045 0.300840 -1.184972 -1.019701 -0.981619 -1.566429 5.345713 -0.352953 0.453379 -0.700516 -0.327380 -0.697442 -0.389230
9 -1.206064 -1.092745 -0.256032 -0.543610 -0.274659 -0.997312 0.243459 -1.139674 4.867527 -1.063498 0.145432 -0.805734 0.748322 1.374587
3 -0.486626 -0.055918 2.250267 -0.712913 0.194689 -0.850497 1.196778 0.213829 -0.269147 0.200740 -0.943737 1.068484 -0.808838 -0.997111
6 -1.097008 -0.989012 -1.153055 -0.967099 -1.268049 13.983220 -1.300426 -1.113675 -1.074820 -0.809627 -1.377750 -0.879005 -1.118917 -0.834777
1 4.559632 -0.328048 0.501591 -0.249926 -0.665078 0.179818 -0.447465 -1.472512 0.104930 -0.264084 -0.871242 2.667536 -3.166509 -0.548642
9 0.323839 -0.550274 -0.661357 -0.338565 -0.071107 -0.662954 0.028519 0.152664 0.787689 -0.455988 0.213450 0.060134 0.560573 0.613376
9 -1.428538 -0.755151 -0.658783 -0.389759 -0.292446 -0.033416 -0.968287 -0.917232 7.255656 -0.107382 -1.195123 -0.179410 0.105604 -0.435732
5 1.634852 -0.208365 0.593627 0.065589 7.272445 -0.691536 -1.144744 -1.342781 -1.384011 -0.300112 -1.384995 -1.967650 -1.151031 0.008713
5 -0.389056 -1.207549 -0.826619 -0.649255 3.823066 -0.267060 -0.931827 0.488159 -0.444089 -0.398768 -0.541981 -0.387818 2.434305 -0.701508
3 -1.317431 -0.556229 0.901668 0.563627 0.381738 0.638391 0.096618 -0.700999 -0.813268 -0.342571 0.791457 0.546925 -0.624010 0.434083
1 17.568371 -1.296165 -1.733885 -1.343591 0.207066 -2.846509 -1.154936 -0.661264 -1.174256 -1.677387 -1.320003 -1.731779 -1.369069 -1.466595
1 2.626792 0.750098 -0.430968 -1.353025 -0.345168 1.384311 -1.638835 -1.300571 0.352821 -1.431230 -0.492415 0.327895 1.129939 0.420357
12 -0.269268 -0.788097 0.638807 -0.449425 -0.214025 0.110950 0.678229 -1.190742 0.482272 -1.002825 -0.888609 4.373944 -0.835024 -0.646187
1 2.918924 0.651689 0.170970 -0.892538 -0.729712 1.717484 -0.463599 -1.550063 0.064841 -0.465883 -0.626520 -0.654763 0.370048 -0.510878
1 37.662732 -3.507773 -3.504148 -3.116979 -3.236458 -3.051195 -2.455565 -2.720756 -1.497544 -3.258596 -2.165141 -2.716277 -3.218097 -3.214201
1 14.506214 -1.315519 -0.558449 -1.227414 -0.870952 -1.526249 -1.447999 -1.091604 -1.092348 -0.735095 -1.365331 -1.260409 -1.090442 -0.924402
1 21.219269 -2.625348 -2.358242 -1.822235 0.498902 -2.015893 -2.229358 -2.529348 -2.326105 -0.419661 -1.626693 -1.562542 -0.983122 -1.219625
1 26.283147 -2.327754 -2.226671 -2.354610 -1.854532 -1.764241 -2.215614 -1.918149 -2.146182 -2.107008 -1.918276 -1.848900 -1.259192 -2.342018
1 32.005542 -1.836769 -3.007148 -2.442500 -2.676791 -2.299514 -2.103381 -2.612039 -2.201113 -2.547955 -2.345082 -2.397521 -3.108023 -2.427706
1 27.519627 -3.464525 -2.902722 -2.931242 -2.626507 -2.362158 -1.360490 -1.691404 -1.810102 -1.995246 -1.931960 -1.110944 -1.039688 -2.292638
1 31.749184 -1.696935 -3.038622 -1.456525 -2.025173 -3.046502 -3.335243 -1.567544 -1.892202 -3.009952 -2.757188 -2.802207 -2.819748 -2.301340
1 29.516821 -3.396440 -1.955462 -1.365555 -2.028416 -2.527350 -2.463312 -2.824939 -1.383719 -1.194287 -1.642414 -2.739972 -3.674018 -2.320938
1 27.814923 -2.883000 -2.144627 -2.500922 -2.174564 -2.513950 -1.809420 -1.806966 -0.828044 -2.784502 -2.096571 -2.563048 -2.348582 -1.360727
1 13.502037 -1.082071 -0.920000 -1.637733 -1.670141 -1.773527 -0.898624 -0.238586 -1.175237 -1.293997 -1.388883 0.012337 -0.301096 -1.134479
1 7.583035 -1.488496 -0.690221 -0.562418 -0.975877 -0.421264 0.740388 -0.196590 -0.407757 -0.818348 -1.134850 -0.130493 -0.597768 -0.899343
2 0.391078 1.940588 0.351508 0.538844 0.664922 -0.424677 -0.083990 0.296851 -1.608870 -0.687066 -0.282900 -0.408434 -1.210986 0.523132
1 18.664012 -2.388562 -0.551941 -2.448261 -1.045365 -0.903665 -1.736245 -0.978309 -0.912485 -1.569305 -2.477755 -0.994552 -1.884183 -0.773384
13 0.521630 -0.093767 -0.617420 -0.343256 -0.521662 -0.309133 -0.305280 -0.251974 -0.146698 -0.126806 -0.149832 0.372624 1.591046 0.380530
1 30.996133 -3.293549 -2.389377 -2.329218 -2.560881 -2.427314 -3.211750 -2.201142 -0.928487 -2.482073 -2.294799 -2.127941 -3.343099 -1.406502
1 8.901589 -1.296217 -1.261873 -0.819918 -1.057237 -0.832345 -0.155843 -0.072709 0.027297 -1.052752 -0.962367 0.177410 -0.383926 -1.211108
1 15.950868 -1.968578 -1.176656 -0.147493 -1.015431 -1.846267 -0.660340 -1.330545 -1.864076 -1.318127 -0.496746 -0.887060 -1.742981 -1.496568
1 27.691431 -2.643681 -2.286591 -2.660322 -2.808075 -0.605112 -0.312272 -3.392719 -3.071789 -2.771128 -2.141451 -2.383715 -0.746046 -1.868529
1 3.252952 -1.510644 0.400742 -0.011581 0.117420 0.608222 -0.863110 -0.091358 0.233571 -0.929167 -0.349588 -0.354578 -0.996293 0.493412
10 -0.305664 -0.357220 0.280376 0.051700 0.051882 0.445957 0.191749 -0.378651 0.054936 0.450304 -0.102128 0.118464 -0.292744 -0.208962
10 -2.309638 0.739716 1.125297 -0.231799 -0.260528 0.543430 2.146987 -0.630837 -1.987891 3.252206 1.430281 -1.233150 -2.533580 -0.050494
13 -0.234601 -0.922073 0.890396 -0.707872 0.250913 0.048801 -2.889050 1.431305 -0.992014 -0.406984 0.495865 0.693338 2.591173 -0.249197
7 -0.336006 0.281741 -0.255566 -0.134316 -0.197456 -0.670636 1.079162 0.434551 0.957607 -0.305198 -0.330033 0.059252 -0.574001 -0.009100
10 -0.915748 -0.373374 0.950228 -0.919321 -0.422104 -0.209525 -0.542882 0.010100 -0.498827 1.332500 0.287930 0.465997 -0.054650 0.889678
10 -0.156420 -1.315275 0.472487 -0.928138 -0.153529 -0.446990 0.566456 0.179234 -0.385883 2.831737 -0.571646 -0.128192 -0.027632 0.063792
9 -0.399125 -0.710268 0.094079 -0.368070 -0.053522 -0.282956 0.275379 -0.271058 1.298227 0.683183 0.145923 0.012002 0.258290 -0.682085
10 -1.469612 -1.562628 -2.286612 -1.343319 -1.906329 -1.372985 -1.340048 -1.775626 -1.979766 21.666392 -1.131048 -1.454351 -2.134973 -1.909095
1 3.140583 -0.302577 -0.513270 -1.761225 -1.014685 2.089820 -0.546534 -0.098926 -1.843003 -0.963501 1.546460 -1.530082 0.551348 1.245591
6 -1.803402 -1.287476 -0.264929 -0.646896 -0.011033 2.941749 0.396541 -0.308718 0.419151 0.559547 -0.413321 -0.635688 0.979415 0.075060
10 -1.374347 -1.396833 -1.121904 -1.204158 -0.256583 -1.190644 -0.338156 -1.329169 0.226732 9.995317 -1.725185 0.713446 0.164401 -1.162915
8 0.087313 -1.622864 -0.122419 -0.032457 0.099300 -0.453870 -0.528385 1.824096 -0.133330 1.238710 0.226990 0.115208 0.189620 -0.887912
13 0.453807 -1.100973 0.488532 -0.486580 0.352636 -0.859570 -0.657268 0.409255 0.544268 -0.107331 -0.277365 0.165343 0.702977 0.372269
10 -1.005649 -0.176122 0.670088 -0.350859 -0.219516 -1.025569 -0.617470 -0.222848 -1.158429 5.512684 -0.308390 -0.361084 -0.186072 -0.550764
7 -0.266862 1.018074 -0.834033 -0.185188 0.374441 -0.870446 1.384260 0.366961 0.989259 -1.169121 0.757506 -1.466574 -0.207666 0.109389
10 0.752430 -2.079011 -1.096375 -2.255048 -0.514036 -1.058447 0.062532 -0.029706 -2.071213 13.619882 -2.072986 -1.437217 -0.220626 -1.600176
10 -0.435889 -1.045511 -0.822831 0.141063 0.833216 -0.207323 -0.162723 -1.233199 -1.078352 4.804074 0.404606 -0.599764 -1.686239 1.088873
4 -0.969571 -0.398564 0.241926 3.662238 0.215755 -0.674450 -0.530632 -0.792357 -1.291475 1.515456 0.245182 -0.595797 -0.851538 0.223827
8 0.326694 0.330544 -0.871335 0.611698 -0.878939 -0.591323 0.341812 0.938204 0.541132 -0.519480 -0.517507 -0.398801 0.860758 -0.173455
11 -0.663823 0.013083 0.209919 -0.090308 0.172263 0.536970 0.364797 -0.441019 -0.693381 0.146642 0.773868 0.488028 -0.891125 0.074086
2 -0.756488 0.516309 -0.552907 0.181441 0.147325 0.489775 -0.371313 0.356025 -0.167771 0.311113 0.196261 -0.396252 0.027188 0.019297
2 -1.547853 12.296741 -0.893871 -2.295045 -0.210401 -2.045675 -1.039862 0.823627 -0.873732 -0.490745 -1.565523 -0.793894 -1.208849 -0.154917
2 -0.170590 1.067987 -0.121406 -0.396920 -0.455198 -0.354706 -0.351672 -0.281779 -0.307532 0.493670 -0.096864 1.029872 -0.386150 0.331289
1 0.000000 0.000000 0.000000 0.000000 0.000000 0.000000 0.000000 0.000000 0.000000 0.000000 0.000000 0.000000 0.000000 0.000000
2 -1.001322 11.962188 -0.753393 -1.124189 -0.778848 -0.664007 -0.965211 -0.543287 -0.690032 -1.060206 -1.211252 -0.830456 -1.348029 -0.991955
2 -1.705321 14.492827 -0.980482 -0.305536 -1.622421 -2.078764 -0.956559 -0.103454 -1.827771 -1.121945 -1.205205 -0.760917 -1.410872 -0.413579
2 -1.827797 3.324689 -1.043497 -0.460949 -0.083332 0.192107 0.521981 0.419904 -0.354978 -0.215644 0.910947 -1.445668 0.003803 0.058435
10 -2.602140 -0.513151 0.754529 -0.279478 -0.020354 -0.909889 0.626368 -0.370177 -0.467387 1.684853 0.532756 1.032271 -0.819957 1.351756
2 -0.668540 10.161630 -0.693119 -0.934183 -0.497448 -0.217126 -1.224816 -1.093306 -0.456071 -0.777527 -0.821945 -0.943462 -1.094026 -0.740062
2 -0.178668 2.528792 -0.830484 -1.410374 -0.405498 1.607664 0.674765 0.937673 -1.337027 -0.181042 -0.933860 0.690060 -1.664748 0.502747
2 -0.527588 13.623351 -1.374012 -1.129443 -0.156270 -0.437623 -1.691268 0.601175 -1.534091 -1.993067 -1.575684 -1.731192 -1.371598 -0.702689
9 -2.253103 -2.643784 1.315526 -1.458165 -0.039754 0.744401 0.359457 0.417880 1.473283 -0.392957 -0.948717 0.914108 1.399663 1.112163
2 0.111633 6.950585 -1.247085 -0.122519 0.176453 -0.321405 -0.778511 -0.631206 -0.769322 -1.309249 -0.714142 -0.482885 0.036480 -0.898829
2 1.647720 3.446000 -1.233733 -0.353938 0.068999 -0.877542 0.631421 -0.126898 -1.528704 -0.380849 0.573779 -0.693711 -0.986290 -0.186253
2 -0.309148 10.485907 -0.969624 -0.814158 -1.030475 -0.918798 -1.332329 -0.696315 -0.224910 -0.666677 -1.150601 -0.868853 -1.019010 -0.485009
2 0.540591 3.321642 -0.659461 -0.564108 0.669839 0.344673 -0.991709 -0.289495 -0.591697 -0.984428 -0.129968 0.486053 -0.861276 -0.290655
2 -1.099064 5.019577 -0.286732 -0.530077 2.449904 -0.581467 -0.171746 -0.406212 -1.674374 -1.024881 0.265581 -0.811328 -0.681056 -0.468125
7 -0.876396 -1.236896 -1.167538 -1.044234 0.554471 1.525501 1.851065 0.499800 -0.653142 -0.501544 0.164426 -0.592914 0.841240 0.636159
6 -0.257414 -0.106527 -0.476697 -0.598672 0.262674 2.112010 -1.728216 0.864562 0.447574 -0.566444 -0.249129 -0.396946 1.167471 -0.474244
6 -0.399927 -2.239313 -0.079789 -0.122889 0.577795 1.870879 1.319329 0.508993 -0.482739 -0.996850 -1.159387 0.167545 1.167655 -0.131303
14 -0.338102 -0.657130 0.309215 0.480071 0.872462 0.171883 0.317724 -1.316298 -0.238730 -0.930464 -0.173895 0.275132 0.027193 1.200940
4 -0.427537 -0.999316 -0.388306 1.987447 0.778314 0.269420 -0.213725 -0.123478 -1.169931 -0.737990 0.615080 0.377636 -0.387408 0.419794
5 -0.217695 -0.292069 0.538235 -0.065926 2.047694 -0.582279 -0.268410 -0.130389 -0.653449 -0.164156 -0.275764 -0.180581 -0.304154 0.548942
5 0.186023 -1.052097 -1.112011 -0.514336 8.477631 -1.268478 -2.009360 -0.267578 -0.246974 2.589661 -1.375760 -1.005706 -2.732567 0.331554
4 -0.123771 0.292859 -0.056670 1.087056 -0.324311 0.724710 -1.012121 0.752623 -1.363082 -0.505738 -0.258460 0.821662 -0.840065 0.805309
14 -0.423644 -0.225843 -0.039547 0.877932 1.038262 -0.239612 -0.054235 -0.228059 -1.037035 -0.296580 -0.180831 0.124656 -0.577004 1.261539
5 0.134926 -1.631189 -1.150196 0.144515 3.455737 0.653313 -0.910202 0.155197 -0.859689 0.362040 -0.956398 0.422390 -0.499403 0.678958
14 0.229099 -0.999714 -0.785790 -0.114145 -0.043655 -0.560581 -0.043086 -0.178980 1.011161 -0.170343 -0.635403 0.435743 0.362722 1.492973
3 0.169091 -0.321518 1.793778 0.001755 0.191228 -0.165551 -0.707651 -0.287104 -0.128834 0.694670 -1.026922 0.133529 -0.062925 -0.283546
5 -0.779348 0.522184 -0.220110 -0.375956 3.311980 0.284717 -0.225158 -0.180251 0.694948 -0.734341 -0.933250 -1.599816 1.482026 -1.247626
5 -2.863734 -2.448655 -2.356627 -0.569445 27.866035 -2.053812 -2.318062 -2.809169 -2.687256 -2.498472 -1.216730 -1.068552 -2.089030 -2.886491
5 -1.133960 -1.711592 -0.339381 1.369217 7.879025 -0.794250 -0.191694 -1.019362 -1.092957 -0.655598 -1.519440 -0.936502 -0.868448 1.014942
5 -1.002422 -1.545878 -1.301902 -1.528993 19.867717 -1.689928 -1.336793 -1.660544 -0.885215 -2.172535 -1.039465 -1.713684 -1.663690 -2.326666
5 -0.483539 -1.701610 -0.898230 -1.139688 9.234989 -1.118320 -0.746438 -0.630508 -0.307531 -0.127194 -0.883820 -0.142020 -0.352665 -0.703426
5 -1.228751 -1.808633 -1.711456 -1.265581 20.666640 -1.368859 -1.863857 -2.030570 -0.157714 -1.590568 -1.697842 -2.663899 -1.127504 -2.151408
5 -0.528644 0.095821 -0.336007 0.022975 2.291542 0.926676 -0.718385 -1.118402 -1.402593 -0.061815 1.346181 -0.505918 -1.806639 1.795207
5 0.424998 -0.971343 -0.474547 -1.150341 8.006237 -1.302061 -0.291600 -0.893282 -1.243042 -0.507645 -0.990928 -0.823061 1.466971 -1.250356
5 -1.057798 -0.222578 -0.306640 0.569210 2.543058 1.379111 -0.288338 -0.361444 -1.499429 0.058297 0.427064 -0.006519 -0.964186 -0.269809
11 -0.320196 -0.160085 -0.143509 0.226588 -0.085378 -0.185764 -0.194562 -0.188369 -0.130235 -0.073137 1.814791 -0.231502 -0.183548 -0.145092
11 -0.591849 -2.551272 -0.550643 -2.244163 -1.457197 -0.246945 -3.522482 -1.756711 -2.701427 -0.933102 20.117416 -1.333831 -1.666215 -0.561578
7 0.215656 -0.590561 -0.503058 -1.245394 -0.373104 -0.451959 4.537813 -0.816237 -0.296989 -0.828894 0.699742 -0.425549 -0.482003 0.560536
11 -0.849148 -0.891425 -0.717004 -0.045132 -0.915797 -0.232372 -1.526317 -0.374857 -0.614360 -0.847404 9.290556 -0.876875 -0.502456 -0.897408
11 -0.275740 -1.170176 -0.911766 -0.734148 -0.540397 -0.874927 1.042554 0.101991 -0.141688 -0.320537 4.030939 -0.702337 0.189209 0.307023
11 -0.135447 0.119237 -0.613605 0.631669 0.146222 0.048209 0.235228 0.049910 -1.423562 -0.367292 2.556169 -0.688846 -0.963447 0.405554
11 -0.046708 1.010756 -0.422103 0.485871 -1.136647 0.143626 0.588102 -0.830663 -0.600626 0.295430 2.447423 -1.172912 -0.564480 -0.197068
1 3.242422 -0.701940 -0.124339 -0.832127 -1.212828 -0.187553 0.440203 -0.784659 -0.600453 0.035365 0.536515 0.294148 0.284625 -0.389380
1 1.018673 -0.732888 -0.349526 -0.645817 -0.314386 -0.207158 -0.066931 0.506280 -0.318253 -0.601080 0.872240 0.441027 0.176574 0.221246
11 0.805868 -0.255031 1.169271 -0.038653 -0.440800 -0.246281 -0.050323 -0.373888 -1.500785 -0.061131 1.410571 0.919634 -1.358152 0.019698
11 -0.662338 -1.768517 -1.227890 -0.743952 -1.459054 -1.184312 -2.750586 0.139012 -0.606593 -1.584372 13.558824 -0.354875 -0.787618 -0.567731
11 -1.572246 -0.620393 -1.576591 -1.175203 -0.504531 -0.734824 -1.436668 -0.463609 -0.972961 -1.136857 12.810362 -0.627185 -1.051691 -0.937603
11 -0.427006 -1.776375 -0.491379 -0.701815 -0.364976 -0.592974 -1.709823 -0.204270 0.271313 -0.373192 7.003725 -0.335333 -0.054764 -0.243128
11 -0.569971 -0.642924 -0.377650 0.220348 0.612434 -1.417985 -0.222971 -0.053636 -0.899575 -0.061308 2.671803 0.753200 0.084114 -0.095879
11 -0.818018 -0.386055 -0.688457 -1.035102 -0.530640 -0.414071 -0.489157 -0.610017 -0.758390 -0.596202 8.092937 -0.661307 -0.452853 -0.652669
11 -1.734151 -1.292066 -0.920546 -2.195413 -1.441557 -2.575153 -4.599662 -1.839428 -1.540404 -1.556449 24.386666 -1.114452 -1.252621 -2.324764
11 -1.875112 -1.694172 -1.116337 -0.523478 -1.361118 -1.352139 -1.085446 -1.269052 -0.732017 -1.472773 15.593520 -1.507047 0.301405 -1.906234
11 -1.939279 -1.490071 -1.109082 -1.064687 -0.980628 -1.489048 -2.542764 -0.760568 -1.131636 -1.973583 17.708419 -1.310444 -0.177927 -1.738705
11 -0.750498 -0.936807 -0.578296 -0.900453 -0.870223 -0.712640 -0.904488 -0.358999 -0.417336 -0.510216 7.652774 -0.268589 -0.200221 -0.244007
7 -0.030495 -0.345423 0.042539 0.156950 -0.290005 0.036297 0.970582 -0.180147 0.653003 -0.247267 -0.315064 0.027615 -0.243768 -0.234818
11 -1.241110 -0.150876 -0.663364 -2.044589 0.605458 -0.846898 0.102452 -0.315601 -1.687393 -1.205820 9.006475 0.123462 -0.494962 -1.187235
6 0.877313 0.034261 0.104866 -0.411513 0.169183 0.912947 -0.649372 -0.292554 0.197156 -0.076823 -0.472270 0.820195 -0.899877 -0.313513
4 -0.196632 -0.848220 -0.986589 3.112067 -0.223519 -0.415773 -0.479477 -1.294060 0.140062 -0.669533 0.355123 0.542860 -1.359153 2.322844
9 0.333724 0.557670 -1.262600 -0.234126 0.318132 -0.818400 1.282570 -0.527604 2.619529 -0.085268 -0.501292 -0.574945 -0.663072 -0.444319
11 0.239427 -0.736816 -1.225889 0.679122 0.484871 -0.328076 -0.014811 -0.486402 0.385037 -0.520745 1.268160 0.293371 -0.448055 0.410807
7 -0.787842 -0.306052 -0.140339 0.515800 -0.487192 -1.042799 1.136803 0.212912 -1.059312 0.662692 0.424945 -0.260402 -0.000997 1.131784
7 -6.165709 -4.985795 -5.109825 14.385682 -0.787949 -5.471447 49.502126 -5.855131 -6.077583 -5.723357 -5.954191 -5.597168 -6.125624 -6.034029
14 0.298695 0.065854 -0.337456 -0.030057 -0.336801 -0.510042 -0.868432 0.750918 -0.548561 -0.109670 0.191928 0.351160 0.140943 0.941520
4 -0.631698 -0.275653 0.484521 4.403640 -1.830453 -0.056236 0.210885 -1.450871 -0.833601 -1.259445 -0.280544 -0.231772 1.458806 0.292419
5 -0.579599 -1.378058 -0.517320 0.723831 8.892446 -0.892061 -0.727002 -1.245970 -0.110810 -0.617776 -0.923919 -0.780537 -0.730756 -1.112468
4 -0.706658 -0.768944 0.638843 1.556823 -0.088146 -0.928898 0.101615 -0.941303 -0.265734 0.147046 1.516446 -0.412623 -1.021684 1.173218
4 -0.617944 -0.771774 0.042441 5.625947 0.045684 0.419098 0.363056 -0.194712 -1.608325 -0.919761 -0.336238 -1.363987 -0.255586 -0.427899
14 0.081452 -0.575524 -1.209121 -0.752459 -0.469981 0.734264 0.581832 0.709016 0.553113 0.186171 -0.644367 0.161606 -0.284507 0.928506
4 -0.717904 -0.816476 -1.889235 6.652539 -0.034738 0.800127 0.454412 -0.990139 -0.737416 -1.601595 -0.691926 -0.732307 -0.332344 0.637002
4 -0.887760 -0.428994 -1.345843 5.433176 -0.204552 1.393914 -0.488095 -0.919758 -1.241728 0.856211 0.187889 -0.627930 -0.909965 -0.816563
11 -0.190159 1.346716 0.180746 -0.035678 -0.410067 1.016451 -1.915341 0.618068 -2.592237 0.865152 1.946181 0.278999 -1.473621 0.364790
4 -0.509235 -0.249809 -0.409795 2.106607 0.273630 -0.173113 -0.476899 -0.523483 -0.228778 0.216668 -0.074297 0.331629 -0.280900 -0.002225
9 -0.568178 -0.508121 0.625309 -0.852106 0.525957 -0.981309 0.929579 -1.176674 5.200475 -0.468369 -0.292196 -1.579654 -1.196277 0.341567
4 0.015324 -0.275144 -1.314734 4.228671 -0.024832 0.178300 -1.830651 -0.715009 0.663370 -0.685701 -0.422406 -0.096666 0.484284 -0.204806
4 -0.055340 -0.414911 -0.260502 1.753957 -0.952787 0.590522 -0.561120 0.401357 0.103821 -0.916807 -0.164688 -0.677154 1.053064 0.100587
1 1.555072 0.168615 -0.999284 0.274924 -0.525563 -0.422093 -0.189035 1.152940 -0.906626 1.190942 -0.135475 -0.848580 -0.819886 0.504048
5 0.484582 -1.106131 -1.053746 -0.728979 1.062263 -0.366852 0.768471 -0.341532 -0.483139 0.411685 0.656547 -0.045462 0.477508 0.264786
9 -0.190857 -0.249071 -0.089418 0.123819 -0.286236 -0.188314 -0.117464 0.099845 0.758746 -0.505149 0.340361 -0.276189 0.723444 -0.143518
12 -0.946853 -0.750814 -0.068573 -0.432505 0.381069 0.375633 0.189368 -0.504269 1.109872 -0.789440 -0.189212 1.458028 -0.581865 0.749561
3 -0.872353 -0.640283 4.786026 -0.343673 -0.701289 -0.337271 -0.178636 -0.574314 -0.271432 -0.539490 -0.383420 1.686453 -0.555575 -1.074744
3 -1.018927 -0.535595 2.813525 1.207118 -0.239779 -1.399981 0.157974 -1.310146 -0.014149 0.866553 0.145939 0.494303 -0.984981 -0.181853
6 0.151052 -1.801321 0.004956 -0.963088 -0.452488 1.975552 1.351635 0.278797 -0.064784 -1.454451 0.821047 1.271507 -0.807682 -0.310733
3 -1.291234 -1.042849 4.351102 -0.893642 -0.781163 -0.098142 1.736415 -0.186420 -0.047545 0.723645 0.065047 -1.764471 -0.551570 -0.219175
3 0.089039 -0.169392 3.340567 -0.229296 -0.230135 -0.494721 -0.452500 -0.219602 0.179927 -0.605652 -0.174371 -0.225691 -0.743156 -0.065016
2 0.827487 0.890151 0.236796 -0.014030 -0.663055 0.306745 -0.356692 -0.465228 -0.836055 0.463977 0.463451 -0.123673 -0.714649 -0.015226
10 0.034355 -0.442611 0.932863 0.119934 -1.220503 -2.043885 -1.019997 2.543394 0.003543 3.260537 0.014468 -0.804656 -1.661328 0.283887
3 -0.330263 -2.280736 1.708354 -0.424629 0.514692 1.294413 -1.516672 -0.377535 0.840253 0.090202 -0.736201 1.027888 -0.083260 0.273495
3 -0.092589 -0.231663 2.967984 0.165503 -0.714763 1.311927 -1.869618 0.225114 -2.348709 0.058820 0.502692 0.016569 -0.333399 0.342132
3 -0.376495 0.350773 3.318912 -0.019422 -0.265444 -0.027449 -0.767167 0.021026 -1.179399 0.283409 -0.080954 0.322887 -1.201306 -0.379370
3 -0.457859 -1.821022 5.758843 0.534187 0.026600 -0.716225 -0.175537 -1.318414 -0.898852 -0.258288 0.546093 0.046256 -1.733481 0.467699
8 -1.128637 0.153748 -0.827953 -0.760222 0.816046 0.385026 -0.204256 1.047306 -0.642027 -0.762724 0.128361 0.935172 -0.028131 0.888291
3 0.907831 -0.713667 3.141731 -0.392778 -0.285935 -0.720956 -0.424787 -0.174848 -0.576418 -0.988100 -0.355387 0.456119 0.517341 -0.390145
3 -0.779174 -0.206364 3.435668 -0.424206 -0.452753 -0.257054 -0.474815 -0.219802 1.493450 -0.254914 -0.500736 -0.325938 -0.542008 -0.491355
6 0.358629 -0.594382 -2.249670 0.408260 -0.524110 8.450671 -0.330346 -2.004732 -1.176897 -1.354989 -0.246905 0.024649 0.972132 -1.732311
6 -0.063854 -0.781922 -0.497574 0.340966 -0.876612 3.210100 -0.684972 0.555801 -0.329584 0.031773 -0.769879 -0.616789 0.637469 -0.154922
6 0.519559 -1.831667 -0.001459 -0.819804 0.675684 2.479689 0.384151 -0.754576 -0.520034 -0.199669 0.053078 -0.559261 0.265169 0.309140
6 -4.411503 -4.903276 -3.994074 -3.883314 -5.069565 58.118793 -4.996627 -3.505234 -3.056854 -5.615743 -5.145802 -5.291761 -3.371669 -4.873373
6 -0.602601 -0.905922 -1.275465 -0.182589 0.017153 5.457845 -0.228417 -0.517966 -0.569279 -0.396045 -0.745020 -0.211876 -0.425127 0.585310
6 -2.294723 -2.004730 -1.038517 -0.983397 -2.010373 21.687437 -0.815911 -1.993421 -1.848965 -0.957923 -1.876018 -1.857250 -2.193648 -1.812562
6 -0.155105 -1.510268 -1.868634 -0.749540 0.650268 6.723586 -1.434015 -0.089047 -1.127005 -0.945682 -1.061542 -1.404143 3.918696 -0.947567
6 -3.071275 -1.430729 -1.450304 -2.001408 -0.705839 22.183289 -2.670786 -1.221012 -2.212564 -1.462255 -0.681489 -1.134190 -2.561476 -1.579962
6 -4.411503 -4.903276 -3.994074 -3.883314 -5.069565 58.118793 -4.996627 -3.505234 -3.056854 -5.615743 -5.145802 -5.291761 -3.371669 -4.873373
6 -0.567876 -0.617538 -0.604863 -0.235176 0.223807 2.428628 0.614065 0.924259 -0.749664 0.823338 -0.456448 -1.009830 -0.343963 -0.428739
13 -0.448613 -0.709497 0.302513 -0.024574 -0.491945 0.048979 -0.103400 -0.258858 0.645446 -0.195875 -0.131368 0.487279 0.985562 -0.105650
6 0.070796 -1.145366 -1.653641 -2.161960 0.046414 6.036686 -0.154584 0.025534 -1.240249 1.963403 -0.391036 -0.304822 -1.386486 0.295312
6 0.769912 -2.822378 -2.705625 -2.589051 -2.129684 25.062418 -1.742980 -0.893166 -1.911771 -2.663393 -2.803231 -1.133942 -2.298147 -2.138961
6 -2.890488 -2.662091 -1.882912 -1.737112 -2.658593 30.653097 -2.532555 -1.962748 -1.750966 -2.851345 -2.560305 -2.090726 -2.422241 -2.651016
6 -0.648911 -0.665673 0.646527 0.705115 0.614836 0.809043 0.038991 -0.598447 -0.679422 0.120862 0.342279 -0.036161 -1.043425 0.394387
6 -1.538961 -2.453856 -1.042460 -2.765879 1.854654 14.195321 -1.632060 -1.392077 -1.494914 -0.428986 0.535150 -2.521059 -1.219955 -0.094918
6 -0.160892 0.002787 0.630421 -0.453174 -0.181889 1.510617 0.606558 -0.233196 0.006843 -0.291376 0.055027 -0.347457 -0.491364 -0.652905
6 -0.251953 -0.571946 -0.572168 -0.083707 0.963411 1.800408 -2.216525 -0.438965 -0.993715 1.496470 -0.660638 0.405713 -0.629432 1.753047
6 -4.411503 -4.903276 -3.994074 -3.883314 -5.069565 58.118793 -4.996627 -3.505234 -3.056854 -5.615743 -5.145802 -5.291761 -3.371669 -4.873373
2 -1.766396 1.405605 0.086842 1.039099 0.263862 0.369562 -0.075001 1.048040 -1.586715 -0.736800 0.054311 -0.397277 -0.018566 0.313436
6 -0.826533 -2.096094 -0.245630 -0.760086 1.693729 4.037599 -1.255989 1.485437 -1.647589 -1.767753 -0.731237 -0.386052 0.398295 2.101902
6 -4.411503 -4.999854 -3.759121 -3.951882 -5.073626 58.471825 -4.996627 -3.601367 -3.235338 -5.700416 -5.145802 -5.323574 -3.371669 -4.901047
6 -0.953306 -1.181848 1.014301 -0.627613 -0.413225 5.966911 -0.236047 -0.955050 -1.533479 -0.787575 0.271726 1.076293 -1.765856 0.124770
6 -0.563933 -1.516158 -0.567080 -0.873224 -0.896024 7.878987 -0.827935 -0.995882 0.289021 -0.092424 -0.510816 -0.664413 -0.009275 -0.650843
3 -0.182841 -0.182678 2.970043 -0.557486 0.090582 1.322003 -0.908591 -0.554059 -0.028263 0.538787 0.308349 -1.103675 -1.362127 -0.350043
13 -0.282183 -1.196614 -1.506169 -0.672832 0.329792 -1.102692 -1.385838 -0.884951 -0.711111 -1.259367 -1.386788 -0.931201 10.390147 0.599810
1 1.065640 -0.127532 -0.225838 -0.270234 0.285612 -0.514083 -0.222825 -0.148434 0.181121 -0.521257 -0.139911 -0.026695 0.938957 -0.274521
14 -0.958627 -0.291795 0.627175 -0.734995 0.441266 -0.178581 -1.120593 -0.857620 -0.471578 1.386963 -0.103753 0.355996 0.297535 1.608607
8 -0.489094 -0.558358 0.273166 -0.387383 -0.670132 0.482974 -0.224315 0.980479 0.303641 0.536234 -0.026090 0.122145 -0.430721 0.087454
4 0.196577 -1.347303 -0.273403 1.917032 -0.565047 -0.697911 -0.654827 -1.118444 1.288490 -0.744377 0.244769 1.035737 1.194011 -0.475302
13 -0.770033 -0.810491 -0.293586 -0.713939 0.021566 -0.464990 -0.398851 -0.230552 -0.313766 -0.426164 -0.562727 -0.817675 6.371377 -0.590170
12 0.103222 -1.258908 0.478057 -0.110744 -0.506794 -0.269925 0.567777 -0.056063 0.883786 -0.083483 -1.271783 1.032929 0.883529 -0.391599
10 0.164329 0.337323 -0.369372 -0.246011 -0.137247 0.884936 -2.321090 -0.582975 -0.413785 1.312578 0.190804 -0.339407 0.914297 0.605620
13 -0.682183 -0.974361 -0.251341 -0.141503 -0.358729 0.041601 -0.574541 -0.514450 0.650883 0.182719 -0.619428 -0.164918 3.728173 -0.321920
13 -1.280818 0.446097 -0.700274 -0.220282 -0.058102 -0.835245 0.096508 -0.351184 -1.165021 0.079895 -0.202244 -0.987368 6.310617 -1.132581
13 -0.967632 -1.214466 -0.804464 0.667383 -1.145646 -1.080088 -0.601672 -0.962688 2.218672 0.408775 -0.281692 -0.255741 4.273850 -0.254590
13 -0.535298 -0.226289 -1.534394 -0.843787 0.624900 0.489489 -0.248856 -0.439498 0.556528 -1.172441 0.569365 -0.194061 2.979785 -0.025443
13 -0.820379 -0.834936 -0.460548 0.189021 -0.120640 0.119332 -0.683546 -0.779726 1.187073 0.033605 -0.960543 0.060923 3.150293 -0.079927
13 -0.118305 -0.890927 0.416883 -1.234891 0.109105 0.029738 -0.400789 0.362839 0.780213 -0.773950 -1.030457 0.454348 2.549935 -0.253741
13 2.781096 -0.115359 -0.445591 -1.033846 -0.824014 -0.152672 -0.431139 -1.276584 -0.543739 -0.881779 -0.791879 -0.306592 4.775778 -0.753679
4 -1.165056 -0.912396 0.564742 3.645380 -0.074712 -0.672525 -0.575646 -0.190898 -0.177228 -0.963942 -0.363798 -0.315339 2.048293 -0.846874
13 0.967771 -0.393615 -0.278125 0.977683 -0.331608 -0.284503 -2.130735 -1.155520 2.273095 -1.113510 -0.546473 -0.887507 3.758481 -0.855436
8 -1.214717 2.290839 -0.286799 -0.041134 -0.315272 -0.768080 -1.620339 3.390959 -1.044125 0.622264 0.002852 0.093109 -1.540852 0.431295
13 0.020706 -0.377493 -0.222059 -0.304921 0.048114 -0.296754 -0.341630 0.332064 -0.078368 0.352391 -0.423098 -0.096748 0.999486 0.388309
12 0.434824 -0.645095 -0.427495 -0.136490 -0.156393 0.015926 0.113800 -0.320537 0.635662 0.113662 -0.443799 1.006978 -0.094438 -0.096605
13 -0.939469 -0.490734 -0.289195 -0.208224 -1.351925 -0.470212 -0.138000 -0.424280 -0.360957 -0.727045 -1.103881 -0.140274 6.069860 0.574333
13 0.728438 0.957187 -0.814883 -1.117965 -0.703782 -0.899248 -0.807611 -0.605504 0.054985 0.783158 0.411627 0.649230 1.989876 -0.625508
13 0.422619 -1.525818 0.475216 0.488849 -0.213673 -0.790046 0.388357 -0.035912 -0.088376 -0.870659 -1.256457 -0.897272 4.595777 -0.692605
13 1.301965 -0.789573 0.224772 -0.629493 0.013661 -0.002609 -1.022955 0.599556 -0.074979 -0.364151 -0.682337 -0.329977 1.850098 -0.093977
13 -1.158496 1.190927 0.079923 0.202398 -0.493144 -0.769508 -0.631469 -0.655205 1.146210 -1.119802 -1.005373 0.657833 3.614237 -1.058529
13 0.131301 -0.568222 -1.073550 -0.411992 -0.628017 -0.706087 -0.400648 0.439832 0.135698 -0.935323 0.747087 -0.189315 3.864673 -0.405438
7 -3.753945 -4.961449 -3.783219 -4.347100 -4.348831 -4.658061 51.879211 -3.202294 -3.443734 -4.088658 -3.493453 -3.972177 -3.828499 -3.997790
7 -0.294612 -0.013939 -0.339322 -0.440821 -0.137232 -0.340099 2.865600 -0.105972 -0.319058 -0.497824 0.467747 0.071818 -0.098912 -0.817375
7 -5.162759 -4.464794 -4.196738 -5.249931 -4.223611 -4.010743 52.476665 -4.794082 -3.283400 -4.222173 -1.720599 -4.024916 -3.282446 -3.840471
5 0.460515 0.821623 -0.307684 -0.800699 1.562120 1.330226 -0.626574 1.094003 -0.309926 -1.087379 0.216607 -1.253592 -1.057902 -0.041339
7 -0.222564 -1.051190 -0.490665 -2.173344 -0.064494 -1.029129 11.853108 -0.315580 -1.749210 -1.193774 -1.112212 -1.074176 -1.160466 -0.216303
7 -0.119799 -0.159661 -0.051629 0.196304 -0.348786 1.567640 2.734708 -1.909334 0.117586 -0.097976 -1.049729 0.193961 0.144024 -1.217308
7 -4.788514 -3.693963 -4.428478 -4.323769 -4.115625 -3.940287 55.456575 -4.205824 -4.447430 -3.832557 -4.677078 -4.584935 -3.954911 -4.463202
7 -1.652374 -0.970688 -0.414219 0.034912 1.282890 -0.728108 3.475106 -0.211871 -0.393341 0.230871 -1.104024 0.049870 0.091438 0.309539
7 -0.885077 -1.378038 -1.088096 -0.778063 -0.665012 -0.320345 10.127975 -0.970225 -0.881966 -0.780660 -0.956017 -0.425060 -0.383208 -0.616206
13 -0.422859 0.512002 -0.514806 -0.404649 -0.400804 1.140532 0.921112 -0.479942 -0.458360 -1.011139 -0.131617 -0.710781 1.771562 0.189749
7 -4.067589 -3.868880 -4.247320 -4.326226 -4.157972 -4.549690 52.252558 -4.002695 -4.274983 -3.867661 -3.963560 -4.491817 -2.184320 -4.249845
7 -3.924728 -3.283419 -4.082332 -4.400344 -3.672728 -4.585779 48.924562 -4.215016 -3.935340 -3.602675 -3.705737 -4.348125 -4.259991 -0.908346
7 -4.898269 -5.162338 -5.552420 -6.353537 -6.266076 -4.925670 72.434975 -5.125217 -5.019857 -5.653371 -6.070584 -5.408134 -5.260526 -6.738975
7 -3.820383 -4.536841 -3.511937 -4.376626 -3.509481 -4.344026 52.576204 -4.118275 -4.115518 -4.517263 -4.102803 -3.985522 -3.632305 -4.005224
12 0.003378 -1.244451 1.458842 -1.432396 0.074436 0.638386 -1.000653 -0.596309 0.219181 0.917512 -0.473108 2.333913 -0.944860 0.046130
7 -4.005472 -4.285152 -3.917373 -3.791757 -3.680985 -3.938734 52.776342 -4.576730 -2.949281 -4.319481 -5.341357 -3.880167 -4.487354 -3.602499
7 -6.393373 -5.977341 -5.877300 -5.875561 -5.887398 -6.016640 76.404769 -5.010925 -5.315102 -6.360116 -6.582177 -5.000251 -5.505690 -6.602894
7 0.217232 -1.443795 0.175901 -0.103900 0.022594 -0.578751 4.112957 -0.556891 0.013283 0.747712 -0.955519 -0.530721 -0.040572 -1.079531
7 -5.453757 -3.662322 -3.845978 -3.665962 -3.621548 -4.213214 52.956843 -3.709297 -4.972621 -4.043007 -3.958402 -3.876889 -4.142547 -3.791298
11 -0.845499 -1.949307 -0.536183 -0.876578 -0.497091 -0.501627 -1.599340 0.178093 -0.274973 -0.782477 7.916309 0.259230 -0.006294 -0.484263
7 -4.376205 -3.826451 -4.174006 -4.528861 -3.999040 -3.884984 56.135597 -4.452464 -5.347739 -4.127109 -3.959899 -4.222434 -4.621173 -4.615232
7 -3.139519 -5.445727 -4.144072 -4.994614 -3.089822 -5.092561 54.798403 -4.319592 -3.494569 -3.722502 -5.498053 -4.370222 -4.313634 -3.173514
7 -3.895421 -4.702114 -4.883362 -5.289475 -4.797185 -5.026585 60.075906 -4.854596 -4.557764 -4.507094 -4.622039 -5.016472 -3.691655 -4.232144
7 3.361290 0.057069 -1.745459 -0.792901 -0.156056 -1.228828 3.480356 0.005712 -1.284013 -1.159891 0.088018 -0.324052 0.716839 -1.018085
7 -4.429446 -3.970659 -3.024469 -4.110371 -4.008919 -4.163646 50.845808 -4.024195 -3.780185 -4.209604 -3.332440 -4.087553 -4.129273 -3.575047
12 -1.063560 0.059871 1.327238 -0.340776 -0.257573 -0.031015 -1.042315 -0.140941 -0.630225 0.581697 0.748116 1.544668 -0.349759 -0.405425
13 0.209786 -0.704987 1.303532 -0.090527 -0.979310 -0.724325 -0.772042 -1.424754 0.250440 -0.755709 -0.670870 0.950777 3.567768 -0.159778
6 -0.148842 -0.622699 -0.193946 -0.027796 -0.584786 0.978220 0.519651 0.460863 -0.341147 -0.162151 -0.005866 0.423160 0.263742 -0.558404
12 -0.017362 -1.211457 -0.222673 -0.406932 -0.416869 0.414912 -0.073257 0.171077 0.534375 -0.165516 -0.794240 1.160567 0.642984 0.384392
12 0.690813 0.895070 -0.595910 -0.174000 -0.815325 -1.406300 -0.840439 -0.494516 0.102355 0.034194 -0.008287 1.257369 0.760394 0.594582
9 -0.065713 -1.071069 0.314149 0.296776 0.277648 0.016326 -0.741273 -1.248176 2.076740 -0.582229 0.336366 0.500125 -0.719549 0.609878
3 -1.292324 0.172044 2.026185 -0.323867 0.438151 -0.170599 -0.201307 -1.109592 -0.982009 -0.823392 0.962100 -0.268331 -0.319114 1.892057
8 0.189043 0.063475 -0.441946 -0.114971 0.009855 -0.000215 -0.412528 0.653436 -0.231021 -0.221656 -0.284650 0.260321 0.367680 0.163177
12 -1.300065 -0.265495 -0.280634 -0.254613 -0.232692 -0.280816 1.059877 -0.683759 -0.078489 -0.940738 -0.531365 6.249803 -1.145547 -1.315467
7 0.941175 0.158566 -0.341958 0.661035 -0.195760 0.177535 1.178991 -0.344579 -1.430890 -0.333126 0.167055 -0.884392 -0.677442 0.923790
10 -0.117812 0.651969 -0.077400 -0.355686 -0.285628 -0.469863 -0.239745 -0.091874 0.043329 1.613060 -0.320862 0.225008 -0.390149 -0.184347
7 -0.078881 -0.761420 0.042218 -0.863310 0.944481 -0.242510 3.074428 -0.555474 -0.272889 -0.026666 -0.644447 -0.579158 0.544379 -0.580749
12 -1.250849 -0.665620 -1.014241 -1.014620 -0.435920 -0.889331 -1.780627 -0.495983 -0.470161 -0.720390 -0.123326 9.168472 -0.099505 -0.207898
12 -0.344259 -0.540753 0.293306 -0.148871 -0.476781 -0.009923 0.239143 -0.647451 0.084428 0.442308 -0.223188 1.018480 0.182903 0.130658
12 -0.529920 -0.639787 -0.479857 -0.630709 1.124104 -0.759448 0.638444 0.481763 0.068046 0.058849 -0.828264 2.310193 -1.403114 0.589702
12 -0.480275 -0.310659 -0.193637 0.454756 0.197889 -0.531341 0.501772 -0.727925 -1.167573 0.074926 0.131311 1.930609 -0.238980 0.359127
5 -2.202118 2.337478 -2.806757 -0.544859 8.460979 -1.139847 -0.948209 1.347366 -2.523424 -0.747123 -2.279666 1.563079 -0.365179 -0.151720
3 -0.352581 0.172437 0.802132 0.260844 -0.237764 0.229525 -0.219359 -0.399417 -0.795734 0.280664 0.386322 0.561100 -1.294553 0.606385
10 -0.119686 -1.451790 -0.040223 -1.631616 0.438781 0.693392 -0.658646 0.756623 -0.503405 1.609520 -0.278587 1.217006 -0.012972 -0.018396
2 0.709870 1.125976 0.174967 -0.391282 -0.587523 -0.874644 -0.423492 -1.173267 0.106978 1.026928 -0.407293 1.079000 -0.142473 -0.223745
14 0.010411 -1.304177 0.043135 -0.561954 -0.257951 -0.384713 0.271815 -0.557013 0.750504 0.402241 -1.263445 0.967872 0.199245 1.684030
12 -2.719724 -0.321172 0.351524 -1.195058 -1.017436 0.033390 1.227919 0.017239 -1.355296 -1.315886 0.456523 7.631901 -1.465231 -0.328693
12 -0.327873 -0.470130 0.357372 -0.293770 -0.573551 0.776052 0.631327 -0.661801 0.910491 -0.245618 0.792418 1.081925 -1.577587 -0.399254
14 -0.676598 -1.290975 -0.793147 -1.914348 -1.286510 -1.241332 -0.684428 -0.977105 -0.412898 -0.123082 -0.845931 -0.244996 -0.977574 11.468924
14 0.593556 0.705140 0.277841 -0.648226 -0.700302 -0.381024 -0.371961 -0.980655 0.323991 -0.535590 -0.377164 -0.073266 0.304944 1.862716
14 -2.194411 -0.884354 -1.243452 -1.381931 -0.785480 -0.972359 -0.072087 -1.000484 -2.622145 3.237722 -0.185910 -0.876502 -1.254309 10.235702
14 -1.752730 -0.808382 -1.347697 -0.813604 -0.269414 -2.297043 0.065314 -1.100516 2.208338 -1.061999 -0.218853 -1.601990 -0.956506 9.955082
4 -1.104242 1.189923 -0.380124 1.708738 -0.155393 -1.958145 -0.617122 0.095568 0.366702 -0.470210 -1.143869 -0.284132 1.435030 1.317277
14 -1.405406 -0.364900 -0.155731 0.008973 -0.180785 -0.140261 -0.852521 -0.957912 -1.562179 0.159576 0.771430 0.383619 0.752117 3.543979
6 0.113891 0.312208 -0.126500 -0.476722 -0.166024 1.012635 -1.465901 -0.329455 0.381189 -0.631435 0.523129 -0.135465 0.454168 0.534284
14 -1.339976 -0.679722 -0.188892 -0.023476 0.234524 -0.710394 0.501982 0.800615 1.092239 -1.603113 -0.493793 0.643390 0.275109 1.491506
14 0.406068 -0.954744 -0.127252 -1.449378 -0.955195 -1.244646 -1.393472 -1.423040 -0.255567 -0.301660 -0.412148 -0.485565 0.188316 8.408283
14 -0.434739 -1.637158 -0.169947 -0.148962 -0.527562 -0.975761 -0.441386 -0.807315 -1.197498 -0.451035 -0.734599 -1.231007 -0.174990 8.931958
14 -0.505541 -0.437357 -0.269367 -0.731503 -0.146744 -0.015704 0.017966 -0.075034 0.814523 -0.926870 -0.240610 0.377105 0.736393 1.402742
14 -0.166871 -1.210067 0.534481 -0.156767 -0.054875 -0.338774 -0.404422 -1.001102 0.113352 -0.397640 -0.874045 0.052518 1.688748 2.215464
5 -0.217127 -0.751718 0.178997 -0.657845 1.150190 0.110648 0.528952 -0.920677 0.434521 0.763011 -0.251181 -0.448118 -0.465388 0.545734
8 -0.845168 -1.065808 -0.439803 -0.884223 -0.181663 0.292987 0.182513 1.248530 0.986139 -0.489177 0.020253 0.557726 -0.017303 0.634997
5 -0.671135 0.188791 -0.261920 0.771626 1.877380 -0.377632 0.956208 -1.175183 -0.909808 0.184119 0.613058 0.590135 -1.769781 -0.015858
14 -0.627853 -0.624949 0.241209 0.322996 -0.305425 -0.636984 0.348687 -0.652771 -1.221085 0.399073 0.475231 0.009789 -0.753613 3.025696
14 -0.608631 -0.725203 -0.024659 -0.491584 -0.356236 -0.553016 0.567883 -0.034898 0.167100 -1.067456 0.006147 -0.377104 -0.223710 3.721368
14 0.115306 -0.842919 0.301949 -0.180370 0.018435 -0.364144 -0.322235 -0.368641 0.606258 -0.336855 -0.157715 0.045158 0.181883 1.303891
14 -0.835644 -0.791110 -0.207004 -1.315807 -0.544069 -1.475122 -0.998960 -0.886294 0.324352 -0.925260 -1.046676 -0.140105 0.492123 8.349576
14 -0.379927 -0.444426 -0.302623 -1.175221 -0.440995 1.555388 -1.452443 -0.970345 -0.353251 0.191125 0.776554 -0.223231 -0.017274 3.236668
4 -0.345608 0.346544 0.292057 0.943389 0.691847 -1.178750 0.583689 0.109516 -1.637256 0.623011 0.488113 -0.849806 -0.908681 0.841934
14 -0.292664 -1.194542 -0.038244 0.626694 -0.264250 0.203813 -1.585940 -0.376672 0.582136 -0.434795 -0.506836 -0.794705 1.058377 3.017629
8 -1.353525 0.727865 0.063322 0.498622 0.148595 0.130302 0.064403 2.864240 -1.626063 -0.776417 -0.124721 -0.368516 -0.746911 0.498804
8 0.296809 0.053961 -1.184152 -0.343232 -1.372442 0.331195 0.276605 8.812149 -0.971529 -1.880462 -1.419461 0.304101 -1.210053 -1.693490
5 0.772205 -1.529135 -0.889752 -1.740655 12.483523 0.389215 -2.052273 -0.767044 -0.580239 -1.012607 -1.479234 -0.922545 -1.270335 -1.401124
8 -0.753325 -1.301507 -0.816949 -0.610499 -0.858780 -0.887315 -0.553624 10.462584 -0.663083 -0.710374 -1.034624 -0.758831 -0.747955 -0.765718
10 0.831522 -2.097432 0.694027 -0.892060 -0.485193 -0.656075 -1.164153 1.320406 1.527529 1.594978 -0.932095 0.188818 0.039450 0.030279
1 2.749324 -0.779072 -0.705541 -0.197752 -0.957130 -0.531837 -1.186480 -0.612238 0.744441 1.196144 0.108883 0.024323 0.120519 0.026418
8 -0.893295 -0.070514 0.320206 -2.093124 -0.521911 0.944850 0.559771 5.037065 -0.329570 -0.155556 -0.678307 -0.928865 -0.515689 -0.675059
8 -1.486705 -1.346410 -2.457588 -1.110443 -1.282803 -0.896878 4.716351 6.585956 -1.570501 -0.691852 -1.703323 1.326303 0.287115 -0.369222
8 0.153381 0.051552 -0.766491 -0.362050 -0.381932 -0.385978 -2.139226 6.357180 -1.027730 -1.525565 0.315820 1.386428 -1.434921 -0.240469
1 1.370855 0.568606 -0.088392 -0.350981 -0.908966 0.267417 -0.215316 0.332873 -0.010221 -0.447636 -0.492539 0.819666 -1.165989 0.320623
6 -0.505310 0.630241 -0.245510 0.690558 -0.046064 1.069741 -0.705549 0.586123 -1.848224 0.420574 0.990892 -0.502983 -0.890613 0.356122
8 -0.740887 0.812889 1.636101 -0.991007 1.033011 0.153315 -0.085494 5.238142 -1.726886 -0.629474 -1.060621 -0.972586 -2.958547 0.292044
13 -0.329377 1.013397 -1.717341 -0.302138 -0.693863 -0.254932 -1.379893 -0.157410 0.038403 -0.383649 -0.290113 1.119424 1.680572 1.656921
7 0.416738 0.026862 -0.195679 -0.346520 -0.024448 -0.002605 0.776511 0.079240 0.103001 0.095893 0.076629 -0.275771 -0.341927 -0.387925
8 -0.452910 0.853732 -0.107804 -0.865727 -0.204571 0.356766 -0.588267 3.328570 0.746240 -0.679144 -0.818199 -0.346966 -0.818113 -0.403608
2 -0.591579 1.139621 -0.128020 0.599577 0.881767 0.042820 -0.100028 0.592661 -0.804645 -0.815546 -0.604458 0.072481 0.061268 -0.345922
13 0.642924 -0.144128 -0.488528 -0.587601 -0.817299 -0.345994 0.738882 0.212013 -0.167769 -0.602326 -0.164419 -0.545679 1.725145 0.544779
8 -0.295348 -0.142355 -1.287328 0.374411 -0.328119 -0.841867 0.069625 1.863191 0.692139 -1.196754 -0.153954 -0.186617 0.165539 1.267437
6 0.179254 1.005766 -1.409022 -0.385531 -0.230299 1.687481 -0.276254 -0.447702 -0.275913 -0.057467 0.301569 -0.615823 -0.092716 0.616658
8 -1.023296 -0.828093 0.821920 -1.633671 -0.312538 1.929258 1.032058 2.792313 -1.912498 0.860480 -0.567839 -0.383143 -0.967685 0.192734
8 -0.980326 0.653451 -0.288436 -0.588474 0.314673 -0.622354 -0.182014 3.064509 -0.495520 -0.498161 -0.387710 0.370623 -0.120697 -0.239564
8 -0.837583 -1.028281 0.404593 1.180387 -1.161709 0.895394 -1.463342 3.950505 -0.419977 0.123282 -0.797756 -0.109275 -0.565935 -0.170302
2 -0.666188 2.038842 -0.559278 0.386005 -0.284247 0.506303 1.121566 -2.091084 -0.323867 0.137903 1.162621 -0.113938 -0.467686 -0.846952
3 -0.048000 -1.416264 0.774521 -0.174406 0.188586 -0.375578 -0.018097 0.068506 0.707132 0.468844 -0.439011 0.726393 -0.620641 0.158015
9 -0.587445 -1.358012 -0.267780 -0.032582 -0.027210 -0.422429 0.192752 0.101997 1.941966 -0.501820 -0.481804 1.017394 -0.206243 0.631216
6 0.134456 -0.173071 -0.076201 -0.006642 0.392594 0.465763 -0.487772 -0.108300 0.464591 -0.556053 -0.058987 0.013431 0.241544 -0.245354
9 -0.029461 -0.016174 0.121835 -0.763120 0.098540 -1.269730 -0.318261 -0.572830 1.332523 1.043922 -0.099405 0.578270 0.123831 -0.229941
9 0.983603 -1.567390 -0.009709 -0.664955 0.252731 0.108705 -0.264402 -0.745012 3.281457 -0.144456 -0.063221 0.192042 -0.322227 -1.037165
13 -0.268761 -0.881243 0.776636 -1.203607 -0.507043 -0.607443 -0.134633 -0.473947 1.105721 -0.130540 -0.579216 -0.105982 3.781655 -0.771597
13 0.411679 -0.375586 0.419678 -0.804097 0.652091 -0.645005 -0.417427 -0.753161 0.159505 0.234473 -0.232851 0.148940 2.006752 -0.804990
9 0.192023 -0.513522 -0.005569 -0.188588 -0.042647 -0.084357 -0.233427 -0.274079 0.771416 0.127257 -0.215316 0.250806 0.108277 0.107727
9 -0.931638 -0.245292 0.497569 0.767065 -0.189386 -0.435994 -0.338586 -0.701039 0.940372 -0.357855 0.243836 0.482434 -0.570382 0.838894
9 -0.649692 -0.806969 0.332118 -0.088057 -0.283206 -0.326255 -0.030365 0.155512 2.692355 0.874993 0.131357 -0.637822 -0.586270 -0.777701
9 0.374481 -0.788856 0.171908 0.230290 0.111928 -0.275359 -0.229456 -0.392115 1.145143 -0.201836 -0.297751 0.185223 0.139367 -0.172967
9 -0.554098 -1.369659 0.716637 -0.978202 0.375224 -0.661609 0.227587 -0.388798 1.652704 0.659933 -0.880653 0.403795 0.033777 0.763364
3 -0.048426 -0.145291 0.880330 -0.732644 0.381129 -0.118352 -0.588262 0.788351 0.648273 0.164781 -0.419542 -0.188811 -0.662687 0.041150
1 1.110593 -2.330096 -0.317223 0.814142 1.004363 0.049488 -1.205538 -0.762048 1.044674 0.642811 -0.502479 0.566834 0.436488 -0.552007
14 -0.202871 -0.315608 0.253851 0.782077 -0.570073 -0.125657 0.108087 -0.070236 0.177102 -0.024334 -0.533295 -0.521139 -0.011345 1.053440
7 0.165391 -0.057112 -0.566489 -1.636929 0.860948 -0.096501 1.560197 -0.067429 0.367670 0.361403 -1.261798 -0.534413 0.545347 0.359716
14 0.184898 -0.990816 -0.045751 1.114396 -0.409793 -1.021960 -0.636642 -0.525845 -0.225221 0.795344 0.290289 -0.333652 0.318021 1.486732
4 0.769007 -1.922290 -0.856389 2.562707 -0.108540 -0.926456 -0.433387 -0.192171 1.772526 -0.695367 -0.872608 0.476599 0.796571 -0.370202
14 0.020574 -1.169449 0.542710 -0.550401 -0.419069 -0.078649 -0.550028 -0.376813 0.899564 0.330578 -0.710480 0.188799 0.828633 1.044031
