7 -7.100671 -7.151075 -6.553358 -6.893737 -6.732760 -7.485844 44.317450 -8.538855 -6.512109 -7.743979 42.331598 -6.469822 -8.080319 -7.386520
14 0.234851 -1.051953 -0.549037 -0.818606 -0.052942 -0.556047 -0.711963 2.160213 1.444416 -0.360032 -0.869550 -0.327450 -0.771932 2.230033
9 -0.916606 -1.916471 -0.147458 0.144343 -0.418436 -1.393287 -2.057542 -0.691031 6.547944 0.133203 0.445297 -0.545239 1.524735 -0.709450
1 23.271191 -1.529168 -2.189528 -1.543268 -2.093686 -2.064044 -2.806400 -1.270834 -1.102484 -1.433243 -1.846673 -1.441905 -2.081046 -1.868911
6 1.019258 0.462718 -0.936478 1.052281 0.243191 1.723929 -2.702186 0.243789 -0.972295 -0.677863 0.535945 0.688757 -1.904982 1.223935
1 3.318299 -0.459465 -0.073789 -0.432667 -0.035750 -0.207510 -0.601237 -0.355376 -0.308613 -0.289453 -0.311566 0.389439 -0.245885 -0.386428
6 -0.219244 -0.150978 -0.559075 0.092821 0.473879 2.323742 -0.750040 -0.510164 -0.319657 -1.190567 -1.117622 1.721591 0.329610 -0.124296
4 -0.992019 0.522496 0.252514 1.376225 0.994035 0.477894 0.354372 -0.768106 -0.347839 -0.921821 -0.209912 0.141648 -0.258662 -0.620826
5 -2.352767 0.028321 -2.024311 -0.578101 14.682954 3.543965 -2.272490 -1.379014 -2.382320 -2.940218 -2.019297 2.426453 -2.735516 -1.997660
5 0.542536 -0.578304 -0.762079 -1.035927 8.300453 -0.032721 -2.753051 -1.024272 -0.993288 -0.534355 -0.910731 0.605766 -1.384276 0.560250
10 0.774502 -0.437404 1.003524 -1.609577 0.194187 0.573732 -0.135404 -0.792223 -1.536889 1.459710 -0.314813 0.457112 -0.947902 1.311446
3 -0.451027 -1.769474 7.335946 0.129457 1.434409 -0.691601 -1.515566 -1.277052 -0.495556 -0.972467 -1.641858 0.183340 0.003333 -0.271885
3 0.360934 -0.816751 13.835329 -1.706114 -1.279722 -1.145082 -1.362111 -1.305198 -1.113464 -0.410299 -0.505142 -2.339508 -0.898651 -1.314222
4 -1.699849 0.295283 -0.017021 1.597995 -0.051110 -0.159134 0.634308 0.571310 -0.841554 -0.596494 0.703707 -0.118485 -1.068240 0.749285
1 60.532964 -4.759638 -4.564635 -4.818746 -5.282650 -5.164448 -5.402115 -4.610112 -4.488230 -4.652204 -4.770832 -3.329446 -6.094401 -2.595506
11 -3.213553 -2.707006 0.069014 -1.058572 -3.703963 -2.161573 -3.219881 -1.498372 -0.776343 -3.556548 26.425288 -2.221800 -0.571870 -1.804823
4 -0.272705 -1.096372 0.002169 4.145951 -1.267959 0.865211 0.894321 -1.404606 0.043391 -0.303604 -0.856648 -0.363206 0.109047 -0.494990
12 0.128302 -1.188421 -0.285553 1.038421 0.533194 -1.525476 -0.379861 -1.605312 -0.219321 1.316134 -0.706964 4.180163 -1.957648 0.672342
14 -0.089540 -0.411839 2.301158 -1.738000 -1.686408 -1.166124 -1.467247 -1.161165 -1.701305 0.255423 1.223368 -0.079222 -1.824692 7.545592
11 -1.423053 -2.427784 -2.193581 -2.515911 -1.911257 -1.519859 -0.211856 -0.934470 -1.200616 -2.427298 20.723622 -0.795904 -1.543001 -1.619035
3 -0.836967 -1.437004 11.323990 -0.526875 -1.459223 -0.709530 -1.313604 -1.188218 -0.068820 -0.680960 -0.611603 -0.905671 -0.869040 -0.716475
12 1.041993 0.418556 -0.070348 -0.382138 -0.055957 -0.793910 -1.765743 -1.127904 -0.552373 0.629326 -0.444450 2.051351 0.648008 0.403590
6 -0.365948 -1.343239 -0.772629 -0.577105 0.383920 2.117569 1.130520 -2.591859 0.171103 -0.953669 1.844808 -0.112303 -0.632844 1.701677
6 -0.969034 0.630557 0.165687 -1.353699 -0.139234 1.463556 -0.413094 -0.636723 0.046190 0.133816 0.999161 -0.981925 -0.195514 1.250255
14 -1.959371 1.302286 -0.498846 -0.212521 0.964139 -0.329764 -0.170951 0.548813 -0.764643 -0.142104 -0.809528 0.219049 0.475272 1.378170
8 -2.170360 0.427521 -1.038246 1.697440 0.194566 -0.432629 0.050778 3.288369 -0.644493 -0.584518 0.130685 -0.588809 -0.865737 0.535433
14 0.196013 0.400921 -0.736872 -0.174084 -0.278039 -1.063875 -0.406631 -0.637363 -0.138386 -0.235004 -0.330747 0.357623 -0.421247 3.467691
2 -0.070086 10.630826 -1.859287 -0.835371 -0.409015 -0.343455 -1.650624 -2.352124 -0.526195 -0.262817 -1.170970 -0.372371 0.876241 -1.654751
1 34.610864 -3.749765 -3.323540 -4.204572 -2.600034 0.043932 -4.577797 -1.214145 -3.551463 -3.085814 -1.170595 -2.192638 -3.386224 -1.598209
2 0.385658 0.830196 -0.634178 -0.907822 0.313716 -0.033152 -1.359750 0.177264 -0.767119 0.487485 -0.109367 0.173737 0.798503 0.644829
5 -0.811997 0.318054 -0.558369 -0.074039 8.008366 -1.058324 -0.504186 -0.547421 -0.836042 -0.867360 -0.514259 -0.739536 -0.813833 -1.001055
6 0.446282 -0.998908 -0.010310 -0.765181 -0.240273 1.238113 -0.717502 0.420965 0.608741 -0.284648 0.351204 -0.956812 0.084834 0.823496
6 -0.091621 -1.520955 -0.750514 -1.868756 -0.380322 8.384630 -2.289162 -0.761804 -0.298710 -1.271119 -1.646382 -0.125060 -0.425783 3.045560
12 0.237985 1.326492 -1.739974 0.431648 2.149351 -0.252418 -1.853275 0.068174 -1.141270 -1.735723 -1.093101 2.489459 0.157265 0.955389
7 -4.016759 -3.497885 -4.757383 -3.697812 -3.326090 -5.010433 53.240278 -4.150360 -5.278434 -3.028566 -3.237149 -3.576261 -5.265313 -4.397832
14 -0.126796 -4.115434 -2.988276 0.314086 -1.966601 -1.351688 0.120952 0.762859 -1.694990 0.164194 -1.409720 0.821286 -0.494273 11.964400
13 -0.028461 1.270494 -0.081262 -0.513696 0.324172 -0.823624 -0.676192 -1.221335 -0.657275 0.267199 0.084334 -0.281028 3.374383 -1.037710
2 -2.937635 11.605540 -1.252263 -0.702491 -2.037152 -0.825431 -0.455648 -1.692144 -1.760967 -1.317524 5.535343 -1.812458 -2.837662 0.490492
2 -1.051644 8.588928 -0.158816 0.569014 -0.320570 -0.409101 0.164839 -2.437010 -0.881412 -0.858297 -0.306116 -0.687023 -0.939238 -1.273554
1 2.964249 -0.578413 -0.824259 0.220372 -0.597253 -0.303758 -0.544067 -0.286841 -1.167009 -0.255437 -0.175869 0.523883 -0.322965 1.347367
7 -1.054068 -1.698435 -1.206936 0.780998 -0.376943 2.315448 2.828819 0.073980 -0.885348 -0.565584 0.402692 -0.963846 -0.369106 0.718329
3 1.481131 -0.570463 5.256962 -0.109247 -1.874903 -2.425309 -0.626893 0.038169 -2.464805 1.066232 2.376676 -0.273043 -0.488048 -1.386460
13 -0.371401 0.018566 -1.136132 -0.983484 1.586618 -0.717759 -0.999097 1.465442 -0.187536 -0.434609 0.044152 -0.420194 2.734932 -0.599498
3 -1.869964 -2.516474 27.294420 -1.849512 -2.509456 -1.739278 -2.149489 -1.999663 -2.111624 -2.181529 -2.972806 -1.736551 -2.108170 -1.549902
6 -4.226348 -3.459168 -1.199272 -0.535416 -3.117975 22.896564 -1.936150 -1.975458 -1.279872 -2.655231 -1.275935 -1.175625 1.625787 -1.685903
12 0.149372 -1.821088 0.731316 -0.811964 0.744935 0.028857 -0.554921 -1.011080 -0.452269 1.026713 0.436357 2.990601 -0.009099 -1.447731
14 -0.802338 -1.680865 0.553277 0.049232 0.656288 1.624031 -1.462095 -0.307049 -0.678315 1.796336 -0.353725 0.613018 -1.860194 1.852398
13 -0.904063 -0.917627 -0.597902 1.154491 -0.460566 0.072685 1.016926 -1.646350 -1.016683 0.551555 -0.489779 -0.561213 3.901177 -0.102651
11 -2.067733 4.056713 -1.024662 -0.176037 -1.922727 -0.891099 -1.781186 -0.916170 -0.717008 -1.359924 11.120717 -1.245558 -1.627889 -1.447437
13 2.464569 -0.236233 -0.338067 -0.536704 0.086906 -1.529974 -0.736342 0.995107 0.414532 -1.507194 -1.822892 0.138603 3.136722 -0.529033
14 0.018923 -1.470418 -0.307228 -1.514021 -0.165623 -0.862303 -0.236165 -1.512186 -0.768140 0.745225 -0.944006 0.722379 -0.104538 6.398100
1 0.955107 -0.309526 -0.042941 0.170474 -0.187092 0.473215 -0.240584 -0.887737 -0.070721 0.125962 -0.490133 0.314586 -0.245745 0.435136
14 -0.724095 -2.713160 -0.225815 -0.587013 -0.764671 0.234533 -3.284884 -1.328552 -0.714239 -0.055462 -0.948866 0.007773 -1.754557 12.859008
11 -3.498661 -3.497437 -3.576174 -1.663874 -3.018890 -4.489767 -6.670408 -3.970795 -2.602190 -3.725810 42.223218 -1.394573 -0.974902 -3.139738
7 0.193065 -0.297365 -0.659934 -0.234641 -1.227383 0.662324 3.569091 -1.349797 -0.418853 -0.923184 0.279883 0.268919 -0.865261 1.003137
6 -1.765060 -0.218367 -1.104354 -0.305055 -0.237021 8.563590 -1.266553 0.235485 -1.432680 -1.051690 0.220023 0.890245 -1.803641 -0.724922
4 -3.022345 -4.468784 -1.682331 40.300133 -5.007518 -3.254425 -3.747582 -2.079238 -1.890150 -2.703773 -2.610946 -3.177229 -3.794727 -2.861084
4 -3.279034 -4.029914 -2.699298 41.751510 -4.172087 -3.224044 -2.803903 -2.965494 -3.034877 -2.800943 -3.046632 -3.230080 -3.765108 -2.700096
4 -2.815024 0.131006 -2.895954 22.611127 -1.886814 -2.140835 -0.808115 -0.407105 -3.269243 -1.600466 -0.785113 -2.708490 -3.405143 -0.019832
7 -4.084248 -2.362452 -3.927170 -4.445910 -5.207906 -3.249468 53.623378 -5.607118 -3.664024 -4.400779 -5.293336 -3.620304 -4.452233 -3.308429
7 -5.466636 -2.680600 -6.070817 -5.106826 -6.005700 -5.325247 57.918443 -3.966585 -4.941111 -3.724412 -3.759335 -4.172489 -3.132159 -3.566527
7 2.795704 -1.253755 1.289585 -0.346724 -0.583523 -0.563901 3.818230 -1.441117 -1.223851 -0.479652 -1.078404 0.103726 -0.787841 -0.248477
7 -4.987218 -6.090559 -5.677267 -5.423886 -6.253651 -5.576353 68.545473 -4.195017 -5.342008 -5.085510 -3.945216 -5.117076 -5.466551 -5.385161
7 -3.393876 -4.241422 -4.960300 -4.975459 -4.340791 -4.933705 51.180345 -2.821931 -4.187472 -3.808612 -3.384610 -4.302819 -3.310527 -2.518820
6 -2.314187 -2.602701 -1.643982 -1.699933 -1.937829 26.025700 -1.919715 -1.532554 -2.372070 -2.090313 -2.479143 -1.185409 -2.147170 -2.100695
9 -1.080084 0.070331 -0.001170 0.660036 -0.249479 -0.263193 -0.145567 -0.041465 1.938998 -0.631201 0.559433 -0.102433 -1.044242 0.330036
10 -0.207737 0.305746 1.000317 -0.367951 0.774655 1.266964 -0.233823 -1.503821 -0.436433 1.594330 0.622284 1.116687 -3.201796 -0.729423
8 -1.124177 -0.413436 1.435440 -1.765980 1.197227 1.141329 0.219572 3.702334 1.286576 -2.893359 -0.200403 -1.209798 -0.731715 -0.643611
8 -1.253261 2.163294 -1.785309 1.282741 -0.185235 -0.513593 -0.952551 2.815459 -0.379891 -0.645140 0.882822 -0.901000 -0.238222 -0.290114
13 -0.740956 -1.127597 0.424094 -0.094559 -1.828872 1.448278 -2.103877 -0.795064 0.419199 0.058144 -1.761582 -0.837598 4.577525 2.362865
4 -4.945429 -2.891280 -3.752749 41.121129 -4.677128 -3.801064 -1.055540 -2.460375 -1.863255 -3.587363 -4.500229 -3.565528 -0.057994 -3.963196
4 -4.352867 -4.943327 -2.048720 41.004459 -4.581977 -3.573468 -4.067377 -2.897627 -2.768101 -1.303809 -3.147728 -2.753094 -1.599303 -2.967060
4 -4.226188 -4.338147 -2.438222 41.655551 -4.810354 -3.404104 -2.671628 -3.899838 -1.216708 -2.846932 -3.081082 -2.397060 -4.201131 -2.124158
11 -0.837537 -1.406373 -1.756471 -1.903690 -2.010344 -1.478004 -4.282287 -1.479124 -1.358589 -2.627667 22.763038 -1.197330 -0.578030 -1.847592
7 -0.277855 -0.077496 -0.841712 -0.579102 0.126510 -0.656043 1.876081 0.133879 -0.889788 -0.409861 1.277402 -0.532832 0.603861 0.246957
3 -0.411395 -0.772438 5.743147 -0.872134 0.125495 0.084611 -1.214754 -1.179167 1.203218 -0.997431 0.063798 -0.657859 -0.132774 -0.982317
4 -3.653086 -2.659239 -2.700378 41.662553 -4.472400 -3.411024 -1.057189 -2.854657 -4.057848 -3.549857 -1.551680 -4.390902 -3.894477 -3.409816
5 -2.638014 -1.145385 -1.080033 -0.582214 19.582670 -1.903303 -1.319326 -0.765482 -2.389613 -2.092506 -1.498668 -0.423120 -2.618602 -1.126404
13 -1.294543 0.034229 -0.609138 0.327562 -0.492608 1.935030 -0.395056 -0.561246 0.047022 -0.694576 -0.857743 -0.828953 3.028037 0.361980
9 -0.103936 -0.368273 0.286763 0.282523 -0.076562 -0.160139 -0.292937 -0.172296 0.530666 -0.277361 -0.067468 -0.186138 0.113368 0.491790
11 -2.334074 -2.301363 -1.180148 -2.828924 -2.751709 -1.816602 -1.608371 -2.084003 -1.625927 -3.549468 27.843013 -0.620026 -2.091574 -3.050825
11 -4.174305 -2.407546 -3.292924 -2.048777 -3.280618 -2.912315 -2.896185 -2.304565 -2.826567 -3.749162 39.327279 -3.003476 -3.544994 -2.885846
11 0.068508 -2.462651 -3.934708 -1.015122 -2.032139 1.053098 -3.730826 0.064858 -3.002833 -3.641082 22.636955 -0.487881 -2.205335 -1.310844
6 0.360469 -1.104335 1.090081 -1.406220 0.287061 1.732925 -0.091168 -0.793077 0.531695 0.688012 -1.176949 0.094155 -0.830396 0.617748
1 28.168132 -0.989697 -2.138021 -2.695062 -2.133338 -2.617050 -2.126670 -2.429578 -2.960153 -3.514354 -2.689467 -2.616892 -1.169652 -0.088198
13 -0.779627 -0.937274 0.356107 -0.718743 -0.642261 -0.630837 0.654088 -0.748095 -1.619274 -0.887976 -0.005423 -1.066443 7.008989 0.016768
3 0.575175 -0.266351 6.053915 1.188579 -0.918103 -1.476604 -2.146331 -1.262784 0.936332 -0.391589 -1.676145 -0.885608 0.047058 0.222457
4 -3.282750 -2.684952 -3.319829 41.939268 -4.113946 -4.147101 -3.617437 -2.841255 -4.086692 -2.971843 -2.898926 -3.343370 -3.084135 -1.547031
4 -1.433765 -0.970435 -2.393254 41.421916 -4.166806 -2.723410 -4.264465 -2.612355 -4.903301 -4.676860 -1.674782 -3.191976 -4.775299 -3.635208
2 -1.274190 9.877483 0.333472 0.352984 -0.784887 -0.666896 -0.894154 -1.683954 -1.840381 -1.076917 -1.609985 -0.993115 -1.012631 1.273172
3 -0.881725 -0.226996 1.674811 1.156709 -0.317135 -1.018564 -0.984454 -0.744465 -0.176067 0.998454 0.008405 0.147639 -0.587143 0.950533
1 0.000000 0.000000 0.000000 0.000000 0.000000 0.000000 0.000000 0.000000 0.000000 0.000000 0.000000 0.000000 0.000000 0.000000
2 -3.250389 14.969261 -0.990023 -0.725757 -0.825245 -0.554209 -0.923001 -0.587243 -1.433450 -0.973605 -0.401595 -1.836257 -1.781817 -0.686669
13 -0.026615 -0.639696 0.319533 0.692518 0.053590 -0.868757 -1.085483 -0.621960 -1.124285 0.461973 -0.666403 -0.260272 3.446198 0.319657
1 29.063410 -3.461327 -2.551044 -1.033791 -1.734936 -1.570835 -0.432635 -1.322244 -2.281581 -3.523462 -2.665285 -2.885657 -3.389446 -2.211166
7 -5.704658 -4.627309 -4.989532 -5.254066 -5.822589 -5.115104 67.840946 -5.055131 -5.694650 -4.797835 -3.484772 -5.251985 -6.020875 -6.022437
6 -6.833266 -5.205448 -4.524935 -4.798518 -5.425269 62.281499 -5.101372 -3.121439 -4.102179 -5.424480 -4.272735 -5.177463 -4.246834 -4.047562
4 0.650249 -1.991359 -1.045293 1.289272 -0.090407 0.612129 0.306386 0.533160 -0.672215 0.368984 0.305928 -0.020641 -0.697805 0.451612
13 -0.865434 -0.375791 -0.194874 -0.895965 0.857218 1.576667 -5.684116 -2.126479 -0.251328 1.204725 0.715628 -0.533904 6.613584 -0.039931
1 31.537536 -2.811373 -2.833457 -2.997725 -2.065554 -0.982404 -3.049858 -3.342517 -2.469505 -2.638314 -1.794078 -2.850741 -2.771667 -0.930342
3 -0.879934 -0.274755 1.576588 -0.085735 -0.259120 -0.772484 1.520842 -0.345727 -0.812672 -0.058313 0.695151 -0.407179 -1.009432 1.112769
10 -0.019372 -0.664605 2.256976 -1.097620 -0.389811 -0.740941 -1.459057 -0.763745 1.025927 3.203469 -0.155229 -0.040152 -1.636439 0.480599
1 2.674742 0.684228 -1.572159 0.686122 -0.112773 0.276278 -0.920954 -0.765482 -0.673751 -0.774952 0.074423 -0.211006 0.136874 0.498410
8 -0.510666 -1.224216 -0.206556 -1.290071 2.344360 -0.791160 -0.776912 3.849302 -0.403698 0.748145 0.055068 -0.483315 -0.002007 -1.308275
7 -2.378016 -4.179055 -3.983845 -3.836856 -3.957216 -4.747768 50.846148 -3.931275 -4.707258 -5.380670 -4.285205 -3.891821 -0.838438 -4.728725
2 0.000000 0.399521 0.000000 -0.018265 -0.010307 -0.149854 -0.088192 0.399521 -0.057753 -0.035927 -0.157689 0.000000 -0.281054 0.000000
11 -0.294218 -0.062285 -0.532354 -1.290654 0.841787 0.267994 -1.056178 -0.784665 -0.815397 -0.620710 5.904858 -0.574863 -0.606279 -0.377036
10 0.415275 -1.198104 -0.208229 -0.292983 -0.539871 0.072363 -1.951379 -0.583874 -0.891482 5.776266 -0.093867 0.306056 -0.731615 -0.078556
14 0.420146 0.304125 -0.499304 -1.401722 -0.147835 -0.306986 1.044856 -0.557916 0.058120 -0.922555 -0.901735 1.409293 -0.535219 2.036733
13 -0.693424 -0.993122 1.589666 -0.635165 -0.104123 -0.106214 -0.318645 -0.440759 -0.970862 -0.298692 -0.431384 -0.584524 4.555232 -0.567985
1 19.726442 15.716262 -4.659124 -3.596118 -2.439269 -1.195738 -4.871870 -3.188683 -2.783100 -3.969522 -0.108046 -3.389300 -2.719768 -2.522166
6 -0.000518 -0.027363 -0.290942 -0.405936 -0.481093 1.532729 -0.053495 -0.007162 0.112860 -0.102810 -0.249830 0.154120 0.326153 -0.506714
2 -0.913282 10.358563 -1.296819 -1.653054 -0.567323 0.222565 0.576341 0.534259 -0.377653 -1.682163 -1.850256 -2.032840 -1.180177 -0.138158
4 -0.809325 0.364600 0.024605 0.645305 0.054066 -0.104423 0.263094 -0.085323 -0.701340 0.125922 0.390665 0.104369 -0.758609 0.486394
4 -4.704139 -5.297213 -4.767287 39.401869 -6.236295 19.117398 -5.782583 -4.056951 -5.099419 -4.537957 -5.497128 -4.603702 -3.243714 -4.692878
1 47.642331 -3.687075 -3.767657 -4.306338 -3.665043 -3.665063 -3.639468 -3.546478 -2.726202 -3.660972 -3.139137 -3.949922 -3.889381 -3.999595
1 47.356652 -2.328353 -4.206477 -4.077879 -4.056870 -3.256674 -4.837924 -3.204915 -3.519078 -3.266790 -2.172689 -4.486770 -4.387208 -3.555025
1 37.010306 -2.732453 -3.157174 -3.655761 -3.914362 -2.832529 -2.332818 -2.566010 -2.135410 -2.271887 -2.319894 -2.393530 -2.769862 -3.928615
8 -1.776985 1.938046 0.330989 -1.605314 1.234021 -1.526216 0.390618 2.692544 1.350232 0.076324 0.568341 -1.987334 -0.378242 -1.307024
4 -3.174601 -3.376222 -2.648187 44.263802 -4.662430 -2.907436 -3.846431 -3.494381 -4.126386 -3.184761 -2.867303 -3.253867 -4.794559 -1.927237
7 -0.629739 -1.013558 -0.554149 -0.226280 -0.203679 -0.728446 3.043956 -0.117686 0.516034 -0.686549 0.193406 -0.397010 0.256285 0.547414
2 -1.502206 13.217689 -1.241617 -0.845159 -1.890848 -0.380550 0.325124 -0.859132 -0.659196 -0.207810 -1.323197 -1.150116 -1.152939 -2.330041
1 4.058316 -1.091231 0.193697 0.443982 -0.083435 -0.582766 -0.955369 -0.405410 -0.644020 -0.541739 0.145468 0.437679 -0.577272 -0.397899
6 1.542707 -1.409850 -1.183140 -2.096149 -0.972464 3.241731 2.987876 0.544732 -0.235826 1.575511 -1.218908 -1.213018 -0.115624 -1.447577
13 0.461654 0.667967 0.152509 -0.326473 -1.983463 -1.208714 -0.677064 -1.514116 0.811522 -0.705226 0.456992 0.488430 2.969654 0.406328
9 -0.650203 -1.195231 -0.161849 -1.521582 1.218414 0.745419 -1.890127 -1.179181 4.566191 0.030402 -0.018517 -0.915017 1.701819 -0.730540
9 -1.367103 -0.657681 0.645652 -1.429672 0.253702 0.268629 -0.768148 0.510473 2.929593 0.259931 -0.294714 -0.266396 0.604592 -0.688856
5 -0.265818 -2.242280 1.466283 -1.365758 12.695597 0.609242 0.732983 0.629751 -1.471332 -2.100123 -3.017900 -1.270010 -3.085626 -1.315009
4 -2.057326 -3.621145 -3.060948 42.395225 -4.554015 -3.485172 -3.870628 -2.683965 -3.315390 -3.802561 -3.003119 -2.935881 -3.164670 -2.840405
4 -4.415518 -0.331604 -3.059225 40.897888 2.913350 -4.626715 -3.441216 -3.323950 -3.018774 -4.107350 -5.220737 -3.116492 -4.906228 -4.243427
4 -3.091745 -3.772403 -1.508634 45.466795 -4.217017 -3.987538 -5.041921 -3.533956 -4.570230 -0.422636 -3.127670 -3.311189 -5.724358 -3.157500
4 -2.504772 -1.683144 -1.619233 24.217017 -2.323983 -2.175459 -1.889053 -1.344823 -2.159881 -1.566669 -1.431933 -1.657753 -2.502162 -1.358152
4 0.763879 -1.844600 -0.915182 3.368933 -1.001038 0.778630 -3.590097 2.318057 1.361813 -0.638271 -1.656155 0.324747 0.355074 0.374210
1 26.453777 -2.746670 -2.373101 -2.836194 -1.862967 -1.817265 -2.968425 -1.018623 -1.671730 -1.642177 -2.584438 -0.306176 -2.185060 -2.440949
7 0.112465 -2.387124 0.037829 -1.085768 -1.175468 0.924137 4.105876 0.100517 -0.956333 -0.386716 0.259822 0.245813 0.287670 -0.082718
8 -0.420951 -2.220450 -1.057089 0.178793 0.145891 -0.448059 -1.665139 10.634239 -1.175762 -0.689015 -0.993619 -1.093797 0.069682 -1.264725
1 31.289088 -2.738234 -2.460646 -2.243181 -2.027645 -3.769313 -3.519280 -2.546776 -1.821425 -3.464929 -1.999474 -2.651851 0.748306 -2.794638
1 31.777165 -2.731657 -2.082172 -0.211576 -3.431272 -2.718534 -1.985446 -3.226721 -1.888558 -3.379157 -2.751715 -2.484045 -2.200573 -2.685737
3 -1.007340 -2.019210 7.035947 1.168332 -1.885475 -0.926558 1.797721 -1.589883 -0.907395 -1.387847 0.455786 0.019155 -0.375561 -0.377672
3 -1.272180 -0.202118 9.859665 -1.042977 -1.570133 -0.127065 0.089293 0.218102 0.077693 -0.937034 -1.515178 -1.448626 -0.056079 -2.073364
1 27.503731 -2.330405 -2.756699 -1.823011 -2.089896 -1.590793 -2.619657 -1.735117 0.036186 -3.033300 -1.473556 -3.040449 -2.463700 -2.583333
3 -1.747170 -1.088178 24.058597 -2.572840 -1.402274 -2.024421 -1.376385 -1.346329 -1.657559 -2.201031 -1.624952 -1.713698 -2.773152 -2.530607
8 0.511055 -0.935984 -1.015738 -0.777105 0.830882 0.292774 -1.132349 1.422155 -0.843172 0.444320 -0.345242 0.394015 0.042470 1.111919
14 -1.319921 -2.451977 -0.805033 0.280332 -0.484779 0.008963 -0.147371 0.602958 -1.544264 -0.629083 0.121684 -1.389412 -1.621999 9.379901
8 -0.697200 0.016173 -0.509882 0.648026 -2.867345 -1.345562 3.251193 6.417057 -0.954719 0.269640 -1.096085 -0.975438 -1.093921 -1.061937
3 -0.358883 -0.614853 10.067126 0.970337 -1.049121 -1.341782 -0.732831 -1.670543 -0.173840 -1.195990 -0.603047 -0.144399 -2.007589 -1.144585
6 -3.448458 -1.681036 -2.110190 -2.478840 -2.942551 27.693209 2.196037 -2.797224 -1.786680 -2.963064 -2.389682 -2.699467 -2.008571 -2.583483
13 -0.702251 -1.625472 1.602177 -1.595876 -0.932535 0.610631 -1.952643 -2.043259 0.457670 1.075961 0.191803 0.712026 4.103730 0.098037
3 -1.305163 -1.788906 19.853407 -2.940391 -2.595217 -1.176937 -2.531391 -2.122790 -0.935549 -1.210191 -1.358480 0.732350 -1.894706 -0.726036
14 0.263493 -0.046887 0.269570 -0.125680 -0.295548 -0.190807 -0.643085 -0.075531 0.372372 -0.787090 0.110697 0.254004 0.199330 0.695162
11 -1.700537 -2.285947 -2.035576 -0.422500 -0.333696 -0.861169 3.243989 -0.025295 0.182298 -1.133696 6.231941 -0.859962 -0.617775 0.617925
11 -2.146695 -0.638848 -0.761279 1.756916 -1.242073 -0.476762 -0.584093 1.266825 -1.683188 -0.170878 5.358969 1.017818 -0.385412 -1.311299
11 -3.435852 -4.277344 -3.558103 -1.661673 -3.460562 -3.209617 -3.332154 -2.571110 -2.508021 -3.955764 41.114664 -3.335199 -3.528348 -2.280917
11 -2.088090 -0.304575 -1.628078 0.160101 -0.286427 -0.686598 -3.043036 -0.208785 -2.718221 -2.460966 14.815064 -0.038896 -0.817054 -0.694440
1 31.589782 -2.788586 -1.242166 -2.821774 -0.948449 -1.700651 -2.270111 -2.275484 -3.237394 -3.015951 -4.117450 -1.779176 -2.796698 -2.595892
5 -1.016537 0.354990 -1.364699 -1.153522 12.679596 -0.580975 0.283717 -2.231202 -2.244317 -0.533590 -0.537377 -1.759009 -0.163840 -1.733234
4 -3.577980 -2.546603 -4.220502 44.803677 -3.000425 -2.769385 -3.526679 -3.143918 -2.871213 -2.797942 -4.744486 -2.102165 -5.271082 -4.231298
7 -4.078830 -4.485405 -5.623015 -4.529499 -4.240244 -4.910164 62.339903 -4.875159 -4.993579 -4.198922 -8.080890 -4.174588 -4.088451 -4.061155
3 1.060431 -0.845727 1.919350 -0.474681 0.163916 1.087070 0.352756 -0.261363 0.764967 1.266401 -1.483532 -0.044046 -3.832049 0.326505
5 -2.152136 0.138020 -1.375265 0.130671 12.955549 -0.272331 -1.204112 -0.716022 -0.871903 -1.080802 -1.693775 -1.645726 -2.175266 -0.036903
4 -1.957424 -2.712217 -3.222468 42.239483 -3.106664 -3.521065 -3.777821 -2.900004 -3.116578 -1.287017 -4.444264 -3.180992 -4.344059 -4.668909
6 -2.884374 -2.768223 -4.977427 -4.322017 -3.094052 46.461666 -4.358080 -2.824410 -2.906431 -3.541266 -4.402568 -3.711360 -3.803822 -2.867637
8 -1.378710 -1.166917 -0.229703 -0.244985 -0.252481 2.704023 -0.587150 3.429329 -0.856888 -0.612339 -1.520090 1.151475 0.868642 -1.304207
6 -4.575107 -4.154116 -3.260435 -3.365058 -3.369136 46.668372 -2.995353 -3.567967 -3.070411 -3.236170 -3.170179 -4.185053 -3.845706 -3.873681
6 0.248301 -1.449328 -0.808879 -0.909638 -0.521637 6.549378 -0.330276 -0.415753 1.436587 -1.343474 -0.600624 0.196635 -1.772917 -0.278375
11 1.009979 0.318180 0.727298 0.176040 -0.881014 0.037733 0.312903 0.638442 0.759427 -0.836882 1.481149 -0.929011 -1.747886 -1.066360
13 -0.110111 -0.848377 -0.053390 0.106569 -0.454287 -0.838798 -1.656199 -0.902244 2.070899 -0.497208 -1.331716 -1.260450 7.063028 -1.287717
13 1.124765 0.476919 0.031404 -0.787550 -0.840671 0.289694 -0.836775 -1.096106 -0.820727 -0.503001 0.463731 0.026642 2.878174 -0.406499
14 -0.040232 -0.392666 -0.271039 -0.382794 0.167232 -0.110887 -0.676729 0.711532 0.227833 -0.522966 -0.118254 -0.319905 0.098138 1.630737
9 -1.441999 -0.890035 -1.380840 -0.865542 1.127595 0.411752 0.235888 0.644878 3.411399 -0.654477 -0.796905 -0.682832 0.938241 -0.057122
12 2.466617 -2.409799 0.254002 -0.189923 -1.581125 -0.824588 -0.770352 -0.771634 0.623923 -0.520827 0.483626 3.309176 -0.588714 0.519619
4 -3.826899 -4.126892 -3.468789 42.731876 -4.170788 -3.517349 -3.208585 -2.285313 -2.385843 -3.859677 -3.308972 -3.257124 -3.455227 -1.860418
14 0.686833 -1.154668 -0.147818 -0.879717 -0.133961 -0.048606 -0.926006 -0.001271 -0.405110 -1.029792 -0.840727 0.436131 1.247478 3.197234
4 -3.665128 -3.378060 -3.112573 27.555614 -3.720883 5.699914 -3.076685 -3.346833 -4.739237 -2.227669 -1.495238 -2.073099 -0.097542 -2.322585
4 -4.312950 -2.778692 -4.897935 48.106835 -4.943342 -3.117981 -0.917070 -2.923266 -4.498181 -4.383888 -2.605146 -4.824544 -4.652984 -3.250857
3 -2.823623 -0.225621 27.718920 -2.959316 -2.370756 -0.010810 -2.434783 -2.634600 -0.759168 -2.710593 -2.005432 -1.899919 -3.146437 -3.737862
3 2.113706 -0.654586 2.899321 1.494782 -1.249165 -0.092937 -1.334043 0.036891 -1.294499 0.225994 0.062007 -1.057760 -0.847511 -0.302200
12 0.345158 0.888476 -0.679483 0.070656 -1.357141 -0.030225 -0.734591 0.583753 0.590451 -0.551403 -0.753278 1.368429 0.829845 -0.570646
14 -0.957860 0.603082 0.105909 0.192719 -0.075658 0.096514 -1.885906 0.193075 -0.915200 0.446467 0.702162 0.255943 0.276089 0.962663
7 -1.387239 -0.387126 0.672861 1.102201 -0.470167 -0.928596 1.647391 -0.598642 -0.400620 -0.787585 -0.421998 -0.166440 1.504622 0.621337
14 -0.398681 1.104745 -0.790434 -0.127061 -0.773214 0.541203 -0.412368 -0.329721 -0.166598 0.424635 0.877173 -1.334574 -1.019003 2.403897
14 -1.822317 0.878317 -0.200064 -1.381048 1.341346 0.509504 0.845878 1.431492 -1.951546 -1.282611 0.844024 0.004160 -1.657592 2.440454
4 1.630060 -2.033192 -0.962577 1.933057 -0.724152 -0.337093 -0.417041 -0.009494 -0.163486 -0.571238 -0.374738 0.341551 1.060202 0.628140
14 0.867932 -1.364315 0.660826 -1.361821 0.074602 0.346173 -1.240669 1.352100 0.553294 0.513936 -0.863563 -1.254929 0.093031 1.623402
4 -2.898534 -4.377607 -3.173067 41.227266 -4.116360 -3.380025 -3.565157 -1.360531 -1.793245 -4.937235 -2.674333 -3.895168 -3.173448 -1.882556
4 -3.226768 -4.157672 -3.122010 41.926780 -4.492103 -3.347715 -3.271221 -1.752256 -3.410340 -2.961038 -3.137407 -2.917593 -2.885691 -3.244964
1 1.576284 0.157397 -0.156864 -0.360085 -0.362285 0.562477 0.000297 0.459450 -0.514948 -0.450897 -0.240076 -0.086135 -0.399555 -0.185060
12 1.010564 1.765140 -1.473955 -1.128057 0.835007 0.478182 -2.368026 2.430419 -1.453974 -0.836099 -1.579972 3.023466 -0.051227 -0.651467
1 15.438051 -1.749378 -1.318533 -1.323315 -1.639813 -1.279486 -1.588975 -1.733120 -0.984792 -0.947867 -0.385340 -0.782117 -0.954196 -0.751119
14 0.502189 -0.142676 0.412662 -0.184004 -2.125586 0.414313 0.112895 -0.533435 0.497442 -1.862729 -1.840956 0.319468 -0.328930 4.759346
1 2.408121 1.500697 -0.072004 -0.816548 -0.530093 -0.238188 -0.577152 -1.101598 -1.688358 1.884034 0.605008 0.429276 -2.618712 0.815518
4 -2.130201 -3.640942 -2.251138 24.933909 -3.487034 -2.136453 0.492451 -2.083195 -1.838858 -0.683082 -2.222419 -0.787610 -3.834484 -0.330946
5 -1.896191 0.679562 -1.512337 0.032925 12.568301 -1.603490 -1.673942 -1.571244 -0.047737 -1.383376 -0.489947 0.160976 -0.318440 -2.945060
4 -3.093264 -4.287311 -4.305314 44.038866 -2.773106 -4.267819 -4.203217 -2.863344 -3.377260 0.063297 -3.089893 -2.832691 -6.179577 -2.829367
14 -0.198106 -1.893968 -0.751933 -0.959764 -0.662431 0.019521 -0.618425 -0.931007 -0.007571 -1.177255 0.090051 -1.581698 -0.136409 8.808995
1 0.367118 0.322504 -0.103479 -0.040668 0.339823 0.290213 -0.547113 -0.476906 0.061925 0.002210 -0.195827 -0.024638 0.130267 -0.125429
9 -0.492519 0.142125 -0.610737 -0.635292 0.429132 -0.040780 0.580494 0.237404 0.723591 -0.081625 -0.117272 -0.114056 -0.046411 0.025947
4 -2.968318 -4.327962 -3.666924 41.682237 -5.150214 -2.572477 -0.853487 -1.477117 -3.262602 -3.104100 -3.767933 -2.937220 -3.547840 -4.046043
10 1.606527 -3.643986 2.182994 -1.391854 -1.512063 -0.169786 -0.688670 -1.331692 -0.362068 5.209512 -0.346202 3.236076 -2.480070 -0.308719
14 -0.356165 -1.040168 -0.643543 -1.064565 1.203638 -0.145125 -0.208112 -0.839929 -0.278968 0.822332 0.157238 -0.516441 0.148184 2.761623
6 -4.636480 -2.882024 -2.556177 -2.527840 -3.278055 39.140905 -4.372814 -3.578952 -1.988210 -2.570075 -2.269977 -2.306883 -2.312528 -3.860891
13 -0.626789 0.452084 -0.600175 -0.617221 0.753248 0.822185 -1.752232 -1.019757 0.762315 -0.105157 -0.089399 0.441145 1.911991 -0.332237
4 -0.390434 -0.589442 -0.380522 0.871878 0.035295 0.344416 0.032107 -0.791126 0.376593 -0.084133 0.523614 -0.377569 0.248021 0.181300
4 -4.866791 -3.635202 -3.739165 43.731575 -4.995063 -0.357429 -3.040866 -1.974255 -4.241637 -4.192742 -3.332672 -2.668308 -3.511890 -3.175554
10 1.637958 -0.537561 -1.252600 -0.622301 -0.263396 -1.311437 -3.148886 -0.407343 1.641153 7.534802 -0.787219 -0.600570 0.264429 -2.147030
8 -0.297361 0.867679 -0.210163 -1.182912 -2.355663 -1.120420 -1.474652 8.990801 -0.619018 2.001831 -1.241469 -1.211212 -1.085074 -1.062367
8 -0.850657 -0.267519 0.044715 -0.719339 -1.515678 0.838777 -0.915172 4.710965 -0.407459 1.142117 -0.965661 -0.891551 0.391761 -0.595299
1 28.110844 -3.250365 -2.061186 0.177856 -1.392059 -4.116984 -2.427526 -2.603492 -1.065083 -3.365618 -1.871928 -3.126293 -1.198068 -1.810097
4 -1.842160 -0.264126 -1.942479 23.588533 -2.804032 -2.133055 -3.909892 -0.939942 -2.013345 -1.836528 -1.457307 -2.360407 -0.736906 -1.348355
5 -0.368563 -0.063133 -0.659980 -1.373689 8.929446 -2.653581 -1.755209 1.496423 -0.561387 -1.598861 -1.594440 -1.076268 2.015152 -0.735909
11 -2.394924 -0.522948 -2.529975 -0.693749 -1.337221 -2.976650 -1.986723 -2.531058 -2.502011 -1.262097 28.019633 -3.120774 -3.364909 -2.796594
14 -0.186343 0.001219 1.212266 0.536968 -0.265136 -0.710348 0.815016 -0.171120 -0.723118 -0.525434 0.067578 -0.273044 -1.076322 1.297819
10 1.025003 -1.770026 0.198636 -0.418578 -0.650181 0.172164 -0.144730 0.330748 0.747583 1.522499 -1.812998 0.549625 -0.127285 0.377541
8 -0.154574 -0.928716 -0.363958 0.171334 0.152897 1.779292 -1.462479 3.149276 0.849079 -0.525267 -0.820591 -0.041857 -1.552974 -0.251463
12 0.796452 0.347859 -0.189806 0.283567 1.747784 0.286477 -1.344561 0.890166 -0.658879 -1.737026 -2.562289 2.943787 0.474179 -1.277710
4 -1.014199 -2.321222 -0.269580 3.693875 2.970411 0.335636 -1.679643 -0.022299 1.130906 -1.061165 -1.025775 -0.330805 0.192311 -0.598451
1 2.736520 0.171702 -0.413439 -0.495730 0.586393 -1.101573 -0.955993 -0.180932 -0.317747 0.243214 -0.672852 -0.125978 0.717790 -0.191375
4 -4.362745 -4.621731 -2.355470 42.366621 -4.578085 -3.203877 -3.849024 -1.706832 -2.389065 -3.733799 -2.684675 -2.551368 -3.722606 -2.607345
7 -2.436795 -0.355317 -1.988798 1.249059 0.509804 0.672005 2.038284 1.169099 -1.222136 -0.332383 0.872498 0.188833 -0.796379 0.432226
13 -0.421137 1.532164 -0.609904 0.406920 -0.588002 0.152236 -2.131534 -1.147564 -0.058160 1.368932 -0.958488 -0.457031 2.899638 0.011930
1 24.975397 -3.702588 -0.805921 -1.872203 -1.882624 -2.443662 -1.864428 -3.633881 -1.427653 -0.858970 -2.249196 1.044850 -3.503279 -1.775844
6 -1.697135 -2.557956 -3.476212 -3.044697 -1.970200 31.950137 -3.145317 -1.707761 -2.139474 -2.976067 -1.286697 -3.279415 -2.903070 -1.766136
3 -1.231532 -1.847098 8.478351 -2.183880 0.189860 -0.564206 0.019126 -1.354697 -1.275627 0.284703 -1.175014 1.000824 0.107190 -0.448001
5 0.672463 4.901860 -2.493872 -0.532821 8.078812 -1.679973 -1.336583 1.347794 -1.293976 -1.998806 -2.883502 0.378886 -1.003110 -2.157171
8 -2.423937 -1.447074 -1.151893 1.374624 -1.389596 0.265002 -2.024086 11.577033 -1.157486 -1.817103 -1.586323 0.241202 -1.066138 0.605774
14 -0.470227 -0.631511 0.686293 -0.776009 0.838403 -0.717856 -0.292430 0.051675 -0.247304 0.759270 -0.289305 -0.025381 0.182883 0.931499
1 3.438012 1.345856 -0.374362 -0.136347 -0.350792 -0.218754 -0.693931 0.194026 -0.476549 0.001223 -0.696745 -0.310682 -0.735574 -0.985380
6 1.452924 -2.347837 -2.372905 0.012558 -1.082934 13.932719 -2.480008 -2.045075 -0.043358 -2.062590 -1.635704 0.697742 -0.953873 -1.071660
12 -1.728152 -0.352568 -0.806120 1.685768 -0.597956 0.353627 -1.683940 1.540328 0.114862 -1.673473 -0.045481 2.291542 1.190771 -0.289209
3 -0.145233 -0.943283 9.103469 -0.360943 -0.885063 -0.671902 -0.133358 -1.423231 -0.952748 -0.699299 -0.450423 -1.429820 -0.387735 -0.620431
12 0.473587 -0.072427 0.337131 -0.555754 0.033896 -0.998743 1.160883 -0.536889 0.717589 -0.412998 -0.264566 1.163937 -0.467580 -0.578065
1 3.104042 0.225099 -1.821808 -0.315238 -1.221262 0.714979 -2.336450 -1.058759 -0.039958 0.876391 -1.381771 1.036966 0.450286 1.767483
14 0.310564 -0.168203 -0.138786 -0.984261 -0.551404 1.021499 -1.054364 0.480838 0.126246 -0.375460 0.233778 -0.107620 -0.187142 1.394315
11 -1.327796 -0.856087 -1.825104 -1.023387 -1.190577 -2.543242 -2.533181 -0.865422 -1.179356 -0.238863 16.271135 -0.887883 -1.936698 0.136462
10 -0.160010 0.673606 0.114204 -0.151184 -0.394009 -0.154412 -0.181215 -0.468348 0.193597 0.901484 -0.386117 -0.421024 0.393148 0.040281
14 0.017125 0.182964 -0.556565 -0.313379 -0.397310 -0.110361 -0.015385 -0.581625 0.541906 0.939927 -0.028047 0.518760 -1.250275 1.052266
1 50.847149 -4.346080 -3.714224 -4.420451 -3.704738 -4.163950 -4.940114 -3.572867 -3.814135 -3.377272 -3.903819 -3.237554 -3.664546 -3.987399
7 -3.218608 -3.944051 -4.225798 -4.137587 -3.535803 -3.873257 48.746444 -5.071791 -3.374503 -4.059547 -4.636766 -1.657356 -3.707351 -3.304027
9 -1.070488 -2.160143 1.565649 0.017317 -0.150508 -1.001253 -0.612323 0.133862 2.035481 0.550724 0.387699 0.829866 0.003317 -0.529200
3 -0.725718 -0.053004 1.859206 -1.262683 -0.006680 0.064708 1.511155 -0.500205 -0.175404 -0.952532 -0.576644 0.123942 0.903618 -0.209759
1 28.087942 -2.358237 -2.154630 -2.523801 -2.671436 -2.881904 -2.235292 -2.161762 -1.423879 -2.316944 -1.141701 -2.539219 -1.522031 -2.157105
1 25.466742 -2.397995 -1.940756 -2.289623 -1.063167 -0.973408 -3.985576 -1.169298 -1.197351 0.001209 -2.814198 -2.364795 -3.326693 -1.945091
12 -1.110829 0.752211 -0.993726 -0.544723 -0.340804 -0.954083 1.302005 -1.640512 -0.467820 1.138148 -0.346316 1.378181 0.994502 0.833765
6 -1.775327 -0.433793 -0.940963 -1.321235 -0.925415 14.794442 -0.508187 -1.882715 -1.595721 -2.272180 -0.900086 -1.423676 0.941766 -1.756911
5 -2.682477 -0.226844 -1.528084 -1.727834 12.541433 -2.173865 0.379725 1.888306 -2.292997 -0.650789 -1.751217 -1.606152 -2.031532 1.862326
6 0.395879 -0.203017 -2.488364 -0.840633 -1.490034 13.276172 -3.529748 0.136250 -1.027557 -1.040882 -1.972153 -1.541862 -1.122320 1.448271
3 -0.137774 -0.878937 3.399845 -0.173126 -1.534739 -0.974429 -2.606478 -0.530120 -0.741020 0.390516 1.630142 1.977306 1.015039 -0.836225
2 1.952001 4.793582 -1.330805 -1.064411 -0.970824 0.843194 0.336554 0.543722 -2.515694 -1.032343 -2.598319 1.778770 -1.451558 0.716133
3 -1.290465 -1.513047 19.681220 -2.948619 -2.273726 -1.239204 -2.591493 -2.086913 -1.073986 -1.221324 -1.311673 0.690573 -2.120335 -0.701008
10 -0.771112 -1.080593 0.311894 -0.138929 0.605062 1.362823 -1.694157 -1.138963 0.407032 2.413514 -0.574431 -0.225423 -1.144289 1.667572
6 0.121186 -0.313129 0.189935 0.641096 -0.661096 1.299602 -0.214863 -0.424200 -0.083560 -0.343791 -0.157114 -0.222013 0.364472 -0.196525
3 -2.260051 -0.772312 6.486360 0.146221 0.115641 -1.405934 -0.007053 -0.939097 -0.062037 1.297115 0.859110 -1.521103 -1.631980 -0.304879
10 -1.464891 0.564162 -0.609406 -0.131312 -0.734767 -0.835587 -2.222449 -1.506524 0.115668 12.293450 -2.021042 0.080485 -2.393007 -1.134779
10 -0.819288 -2.559207 0.166074 -0.292129 2.025141 -0.748630 -0.694652 -1.046381 0.292291 4.545543 -0.564206 1.036968 -1.885910 0.544384
7 -4.724826 -3.153511 -4.582060 -4.617218 -4.777657 -4.019845 57.007432 -3.478205 -4.306940 -3.869625 -6.537953 -4.500340 -3.959820 -4.479431
11 -1.183876 -0.233982 -0.143486 0.883279 -1.153528 0.334436 0.126541 1.071995 -1.275515 -1.478955 2.137739 0.921914 0.353939 -0.360500
12 -1.644193 -0.821803 -0.324308 0.607440 -1.085396 0.307012 2.083347 -0.315055 -0.805298 -0.931720 0.182362 5.202604 -2.284507 -0.170487
4 -0.809325 0.364600 0.024605 0.645305 0.054066 -0.104423 0.263094 -0.085323 -0.701340 0.125922 0.390665 0.104369 -0.758609 0.486394
11 -3.208735 -3.216876 -0.943159 -1.407375 -0.568223 -2.171977 -2.552837 -2.803289 0.928803 -3.006808 22.420939 -0.959359 -1.878253 -0.632852
11 -5.713489 -4.296131 -3.516322 -3.758030 -3.335877 -3.806482 -4.651660 -3.390334 -3.863046 -3.866346 51.389735 -3.655012 -4.271923 -3.265084
2 0.293360 1.988391 0.593239 -1.418435 0.299468 0.062985 -0.291601 1.032287 -1.497779 -0.972218 0.955136 -0.451398 -0.497055 -0.096379
3 -1.257702 -1.513047 18.808532 -2.907711 -2.277288 -1.198198 -2.089707 -1.939682 -1.036248 -1.150621 -1.409955 0.830893 -2.084851 -0.774416
11 -1.382261 1.772396 -0.818468 -0.319903 -0.084369 -1.699903 0.340779 0.038998 -1.505880 0.115237 3.190121 -0.588873 0.350410 0.591715
14 -1.705230 -0.119519 0.187576 -0.263341 0.137555 -0.584524 1.605706 -1.223711 -0.781372 -0.885488 -1.024512 0.721895 1.062989 2.871977
11 -1.096226 0.087592 -0.468614 -0.728086 0.881202 0.023882 -0.781594 -0.476150 -1.274513 0.369065 3.470643 0.199695 0.208219 -0.415115
7 0.398195 0.682056 -1.594439 -0.402479 -0.263114 -0.208992 1.891557 0.116441 -0.171198 -1.419392 1.423283 -0.554056 -0.286723 0.388862
4 -0.232746 1.245943 -0.107069 1.942671 -0.874034 -0.446712 0.292256 -0.376534 -0.606280 -0.009374 0.345485 0.011465 -0.933824 -0.251248
11 -0.387203 -0.790948 1.299371 -1.058491 -0.356269 -0.538224 -0.662975 -0.045839 0.498761 2.510515 2.868331 -0.390152 -1.520274 -1.426602
11 -3.302237 8.266552 -4.612936 -1.090415 -1.559866 -2.444042 -0.294109 -0.938372 -3.436236 -4.284272 20.711863 -3.337296 -3.263749 -0.414888
10 -0.410429 -0.515530 -0.543366 -0.752281 -0.245903 -0.410507 -0.323053 -0.974545 -0.461136 5.160760 -0.468654 -0.143443 0.707041 -0.618954
11 -1.913379 -2.553763 -4.018741 -1.371293 0.655696 -1.020272 -3.791570 -1.858904 -3.158546 -0.505203 25.060991 -0.938579 -4.058275 -0.528165
11 -2.108573 -0.726086 -1.183896 -0.583964 -1.606339 -1.427444 -1.856052 -0.160541 -2.677772 -0.101261 14.533095 -0.581697 -1.240774 -0.278697
6 -0.435528 -3.276839 -2.870596 0.378322 -1.825860 23.546615 -2.183162 -2.432020 -2.026129 -2.857410 -1.850122 -1.030323 -1.888111 -1.248837
13 -0.694416 -1.580534 -0.711635 -1.767301 -0.118974 -0.409231 -0.220613 -0.387246 -0.330656 -1.445031 -0.788710 -0.205336 8.726932 -0.067250
5 -0.448810 6.961487 -1.018009 -0.609182 8.317193 -0.485018 -1.761972 -0.594825 -1.548076 -1.737549 -1.635998 -1.537381 -1.857541 -2.044320
2 -1.505725 6.720023 -2.034050 -0.366260 -0.941771 -0.118951 0.121565 1.058418 -2.402176 -0.313095 0.021199 0.251392 -1.368039 0.877471
14 -1.408755 0.225538 -0.177796 0.772274 0.092362 -1.124259 -0.178570 0.832227 -0.571168 0.551045 0.882352 -0.480648 -1.517367 2.102766
14 -0.820413 0.410048 -1.077415 0.707967 -0.479005 -1.390696 -1.015819 0.058932 -2.070481 -2.228361 3.635540 -0.868654 0.214725 4.923632
11 -2.257118 -0.056260 -0.521971 0.249260 1.141774 0.373885 0.880499 0.298896 -1.343798 -1.143595 1.787219 0.725158 -1.164988 1.031039
4 -2.492447 1.407195 -0.893291 2.256263 0.429094 0.675517 -0.010436 1.497654 -1.189692 0.738588 0.028165 -1.078630 -1.621991 0.254010
5 -1.014006 0.982692 0.698095 -1.326033 9.465033 -1.254101 -2.815224 -0.176031 -0.677263 0.899824 -0.084275 -1.412784 -2.053673 -1.232254
1 2.783583 1.037018 -1.075257 -1.262784 -0.699043 -0.815521 -1.359281 0.977290 1.846260 -1.157484 1.037517 -0.356518 -0.222791 -0.732989
12 0.267199 -0.269694 -0.955208 1.237525 0.155872 -0.526405 -1.710836 -1.169893 -0.280395 0.396847 -0.580349 2.167924 -0.003608 1.271022
5 -1.287863 -1.153404 -0.526672 -0.943147 9.183158 -1.538625 -0.014317 -0.892705 -1.859766 -0.328198 -0.437231 -1.132887 1.890302 -0.958644
2 -1.394672 8.404130 -0.651268 -0.189270 -0.405138 -0.494534 -0.749295 -0.550186 -1.182891 -1.444872 -0.183544 -0.525451 -0.653779 0.020769
13 -0.136213 -0.880724 0.059294 0.408064 -0.758711 0.383480 -1.635978 -0.107945 0.071558 -0.369695 0.344464 -0.869482 2.718976 0.772913
14 0.427753 -1.607493 -0.551446 -1.499659 -0.942104 -0.337462 0.361333 -0.819848 -0.982509 -1.525316 -2.031437 -0.208932 0.524706 9.192415
8 -0.508540 -1.520329 -0.700175 0.511445 -0.667011 -0.637351 0.969563 1.609465 1.076838 -1.428382 0.203146 0.227341 0.849329 0.014660
3 -2.047567 0.287762 10.791637 -0.064689 -1.801003 -1.111295 -0.809617 -0.999071 -0.907387 -0.286154 0.088714 -0.822748 -1.654756 -0.663827
12 -2.586669 -0.498990 0.067342 1.394256 0.166089 0.267376 -0.129192 -0.535070 -0.264873 -0.722203 -0.010267 3.716949 0.257899 -1.122648
6 -0.530674 -0.493778 -1.796692 -2.484399 -3.790849 28.588566 -2.174997 -2.054373 -3.887103 -4.423640 -2.156745 -1.847148 -2.556143 -0.392026
6 -0.174036 -0.517852 -0.871764 -0.327332 -0.852373 2.725746 -1.037191 1.451368 -0.538472 -0.978522 0.331338 -0.352166 1.539740 -0.398483
3 -0.441117 -1.043118 5.963060 -1.039051 0.188144 1.212489 -1.323111 -0.594414 -0.867213 -1.569414 0.471988 0.706442 -0.445778 -1.218908
1 22.993338 -1.533976 -0.575711 -3.640898 -2.320311 -3.078024 -0.593643 -1.180739 0.276146 -2.487915 -2.760624 -0.401443 -2.765446 -1.930754
2 -1.071190 3.875529 -0.731452 -0.271870 0.352885 -0.015408 -0.981649 0.405875 -0.554048 -0.368222 -0.523546 -0.044852 -0.225322 0.153270
1 1.748555 1.335424 -1.044867 -0.331781 -1.282053 0.536928 0.829063 -0.000288 -0.160469 -0.213983 -1.921214 -0.568480 0.773431 0.299735
6 -0.827608 0.321607 -1.317936 0.314851 1.981323 2.009961 0.388622 0.675091 -2.207535 -1.033254 0.610437 -0.335502 -0.787126 0.207067
6 -0.559796 -1.630853 -1.087165 -0.299213 -0.149695 12.492282 -2.337297 -0.402095 -1.586195 -1.984698 -0.654300 -0.224600 -1.095774 -0.480601
3 -1.309986 -0.066066 3.955131 0.268999 0.103530 -0.149794 -0.621256 -0.946106 -0.618300 -0.469870 -0.033861 1.755843 -2.777655 0.909392
12 1.332052 -0.612112 -1.226957 -0.027216 -1.631732 4.970248 -2.695956 -0.617920 -2.997834 0.047602 -0.574595 5.495992 -1.297733 -0.163838
1 27.563199 -2.040789 -2.127542 -2.389034 -1.577503 -1.962396 -1.110251 -3.322033 -0.729396 -1.774705 -2.477654 -2.304050 -4.003786 -1.744060
14 -1.610609 0.421589 0.254080 -0.012925 -0.338817 -2.080641 -0.003974 -0.217528 0.086051 -0.467018 0.729529 -0.927069 1.060093 3.107239
7 -1.451986 -0.740894 0.227818 0.254637 0.500145 -0.601919 0.970155 -0.686281 0.030972 -0.101941 0.667636 -0.313802 0.931063 0.314396
11 -0.946422 0.209218 -0.283638 0.545869 -0.036779 0.208366 0.240838 -0.111469 -0.509925 0.343839 0.546463 0.130750 -0.812182 0.475073
12 4.994116 -1.479388 -1.481450 -0.195674 -2.131023 0.941701 0.357873 -2.492163 -0.721024 -1.798360 -1.913039 8.756092 -1.341833 -1.495828
1 22.874828 -4.636781 -1.455825 -2.737172 -1.152024 -1.748328 0.691032 -2.983706 -1.413285 -1.630191 -0.913596 -2.287567 -3.598557 0.991169
9 -0.491011 -0.987431 -0.207102 -0.540724 -0.474997 -0.737929 -0.357457 0.338366 2.437192 -0.398604 -0.627230 -0.079571 2.078395 0.048106
13 0.139702 -1.330622 -1.363228 -1.073584 -2.299619 0.087861 4.851125 -1.340794 1.082380 -0.762257 0.120392 -1.355532 5.217523 -1.973348
7 -0.807808 -1.471608 0.757791 -1.206804 0.456534 -1.050509 1.280642 0.248700 -1.642993 0.803088 1.115951 1.203173 -0.715727 1.029567
9 -0.485636 0.651863 -0.337977 0.608793 -1.397755 -1.075928 -0.079563 0.366546 2.358375 -0.866900 -0.434553 0.293495 0.275531 0.123708
3 -1.938410 -1.071178 23.175895 -2.603237 -1.297793 -2.167094 -1.389490 -1.236473 -1.780490 -2.237700 -1.470790 -1.687664 -2.190141 -2.105432
7 -5.051209 -3.902823 -3.874973 -5.304808 -4.640239 -4.316133 48.065554 -2.902840 -2.768375 -3.810258 -4.431485 -4.371357 -0.968184 -1.722870
11 -2.478095 -2.594429 -1.991831 -1.335115 -1.515791 -2.315208 -0.501138 -0.663156 -2.702976 -2.701987 22.007692 -1.191842 -0.808810 -1.207314
8 -0.126277 0.995713 0.428812 -1.342242 -2.512860 -1.222983 -1.638880 7.113243 -0.724124 3.227584 -1.447945 -1.154020 -1.228986 -0.367036
9 -0.740671 -1.088545 -0.446664 0.076334 -1.763141 -2.041434 0.828558 -0.710522 4.229398 -1.212994 -0.532935 -0.516605 2.647374 1.271848
7 0.209108 -0.523912 1.457414 -0.572655 -0.106021 -0.527126 2.461356 -0.113622 -0.365900 0.211195 -0.814536 0.678781 -1.498007 -0.496075
6 -2.170192 -1.729698 -0.829613 -0.927939 -1.913243 16.405464 -1.087776 -1.276454 -1.210286 -1.636824 -1.425417 -1.396495 0.600692 -1.402221
1 21.562557 -1.171714 -0.090371 -1.839637 -1.426095 -1.740486 -0.879297 -3.104840 -1.063550 -1.298474 -2.671660 0.871071 -4.593559 -2.553945
1 3.120302 -0.102526 -0.541647 -0.687801 0.539441 -0.830960 -0.228712 -0.046714 0.173603 -1.345280 0.491432 -0.465519 -0.142713 0.067093
9 -1.786253 0.784156 -0.744019 0.572162 0.427782 -0.771722 -0.786834 -0.466932 3.553095 -0.428235 -0.470985 0.582529 -0.070761 -0.393982
5 0.987989 0.638404 0.108760 0.291790 8.884409 -0.819579 0.107707 -1.367588 -1.782998 -0.795248 -1.650479 -2.184707 -2.408075 -0.010385
5 0.531523 -1.325408 0.016953 -0.859501 3.038670 0.730378 -1.113018 0.247545 -0.772029 -0.657204 -1.231797 -0.319384 2.004598 -0.291327
11 -2.192776 -0.771675 1.073542 0.655971 0.358512 0.914110 -0.814739 -0.024368 -0.924443 -0.208350 1.866105 0.567068 -0.833964 0.335005
1 26.657895 -1.963970 -2.119571 -2.466047 -1.245143 -3.723200 -1.927583 -1.868185 -1.679227 -1.443624 -2.171684 -2.789538 -1.595054 -1.665069
1 2.878993 0.673678 -0.722518 -1.677919 -0.677498 1.494085 -2.152240 -1.714739 0.987738 -2.297016 -0.965994 0.610526 2.630014 0.932889
12 -0.037008 -0.546331 0.481897 -0.268820 -0.038878 -0.359517 0.169833 -1.412612 0.362774 -1.514921 -0.102423 4.365970 -0.634059 -0.465906
1 8.564705 0.901412 -0.122560 -0.110525 -2.056817 1.675951 -0.923557 -2.153640 -0.297456 -1.293785 -1.125264 -1.308168 -0.570274 -1.180023
1 48.664823 -4.380113 -3.980797 -3.538811 -3.941212 -4.280848 -3.033888 -3.139092 -3.048447 -4.091034 -2.845375 -3.943808 -4.474948 -3.966451
1 21.279293 -1.797315 -0.668321 -1.677347 -1.646404 -1.280427 -3.019679 -1.641293 -1.205788 -1.171244 -2.004037 -2.133685 -1.487956 -1.545797
1 35.839743 -3.855014 -2.929932 -2.369397 -0.253860 -2.529325 -3.659414 -4.303673 -2.821421 -1.982868 -3.032285 -3.003851 -2.556961 -2.541740
1 28.865596 -3.608433 -3.712503 -4.083631 -2.537320 -1.529209 -3.410457 -2.021540 -1.648093 -2.372038 -2.565164 -2.070409 3.684030 -2.990831
1 30.767092 -1.896237 -2.543576 -2.006335 -2.239920 -2.510280 -2.932780 -2.106808 -2.592258 -2.578774 -1.814442 -2.054207 -3.419839 -2.071635
1 27.606472 -3.064547 -2.365936 -2.554461 -2.627443 -2.562906 -1.280560 -1.723031 -2.184612 -1.643079 -2.308344 -1.867407 -1.138549 -2.285597
1 32.040582 -1.300614 -2.954247 -1.515168 -2.024222 -2.450064 -3.713929 -1.410252 -2.465732 -3.469731 -3.077546 -2.985758 -1.536080 -3.137239
1 29.774222 -4.106834 -1.655928 -2.216010 -0.778881 -3.351769 -3.193010 -3.156107 -0.667183 -1.544184 -1.185388 -3.293418 -2.251491 -2.374020
1 31.209849 -2.883955 -2.129780 -3.022536 -1.986673 -1.846227 -2.464092 -2.175966 -1.341202 -2.874577 -2.470258 -3.163364 -3.117031 -1.734187
1 28.904662 -2.547935 -1.548122 -3.573529 -3.139943 -2.907258 -1.263126 -1.456960 0.252421 -2.572650 -3.291892 -2.833892 -1.045705 -2.976071
1 25.247957 -3.254294 -1.722297 -1.839216 -2.515472 -1.781597 -0.787780 -1.750284 -0.991098 -1.991416 -2.982420 -0.603108 -2.075940 -2.953036
2 0.808519 1.764635 0.245691 0.360663 0.480974 -0.220078 -0.350976 0.688946 -1.381412 -0.664362 -0.652356 -0.347610 -1.498443 0.765809
1 26.334222 -3.579663 -0.360522 -2.553516 -2.054653 -1.131739 -3.872200 -1.574392 -1.513122 -1.520554 -3.921080 -0.935212 -2.149515 -1.168054
13 0.214992 -0.118375 -0.237202 -0.513843 0.228120 -0.058084 -0.417378 -0.391896 -0.368059 -0.511612 -0.296775 0.196840 1.206792 1.066480
1 32.099439 -2.798350 -3.112758 -2.683258 -0.948159 -3.304836 -3.550432 -1.907206 -0.246257 -1.430186 -2.586393 -2.653190 -4.824789 -2.053625
1 27.073683 -2.809307 -2.241540 -2.168149 -2.364371 -1.637577 -2.240756 -1.487719 -1.414125 -2.292690 -2.778452 -0.389394 -2.194555 -3.055048
1 22.314583 -2.525324 -1.421495 0.112512 -1.401825 -3.066184 -1.871140 -1.832851 -1.103615 -1.731260 -0.942398 -1.708275 -2.837815 -1.984913
1 27.365677 -2.814067 -1.754109 -2.357892 -2.932820 -0.827259 0.106233 -3.470734 -2.888983 -3.279375 -1.773356 -2.401785 -0.846958 -2.124571
1 8.116577 -1.044290 0.217433 -0.978934 -0.265126 -0.060929 -2.541490 -0.164875 -0.429402 -0.704717 -0.838264 0.500527 -1.295169 -0.511341
5 -0.542160 -0.842499 -0.218261 -0.385006 2.111022 0.209540 0.942080 -0.353725 0.345274 0.610719 -1.154973 -0.126848 -0.479631 -0.115531
10 -2.508454 0.288433 0.992743 -0.137727 -0.494605 -0.488328 2.473111 -0.133316 -1.543701 5.246386 1.419308 -1.786576 -3.021795 -0.305478
13 -0.551634 -1.148503 1.259230 -0.424678 0.048834 -0.674967 -3.059059 1.512887 -1.465269 0.580545 0.619525 0.555305 2.660800 0.086984
7 -0.346210 0.079849 -0.110479 -0.196339 -0.599665 -0.308812 1.046278 0.255196 0.717970 -0.081689 -0.254623 0.176242 -0.679139 0.301423
10 -1.423293 -1.111631 1.412848 -0.956131 -0.744602 -0.339035 -1.073735 -0.061846 -0.851860 1.790564 0.617980 0.673572 0.302858 1.764311
10 -0.255222 -1.699496 -0.164273 -0.907024 -0.575191 -0.149452 -0.507927 -0.171845 -0.417081 5.004084 -1.185764 0.546284 1.026125 -0.543217
10 -0.922062 -0.769420 0.108542 -0.315858 -0.064451 -0.224527 0.203773 -0.523393 0.913975 3.014493 -0.094441 -0.459208 -0.064501 -0.802923
10 -2.091439 -2.006750 -1.478475 -1.606112 -2.396033 -0.897417 -2.341425 -2.264278 -0.667029 22.703271 -2.226960 -0.971589 -2.155098 -1.600665
11 3.137690 0.502297 -1.213052 -1.752323 -2.683013 1.880224 -0.976429 -0.497110 -1.074823 -0.826346 3.167935 -2.118542 0.131767 2.321725
6 -1.255689 -1.624841 0.151853 -0.629825 -0.019782 2.503034 1.183642 -0.770172 -0.903185 0.838165 0.002364 -0.634490 1.211799 -0.052874
10 -1.787662 -1.692526 -1.287397 -1.450657 -0.044011 -1.911399 -0.571038 -1.407480 -0.842134 13.657929 -1.952769 -0.044212 -0.477087 -0.189556
8 -0.249498 -1.655827 -0.200743 -0.647456 0.693961 -0.050070 -0.596778 1.134916 0.082583 0.886112 0.468690 -0.281671 0.914519 -0.498738
13 0.378603 -1.071260 1.415240 -0.913439 0.265734 -1.756135 -0.918902 0.521181 0.450908 -0.016725 -0.423697 -0.071822 1.956931 0.183383
10 -1.266374 -0.208963 0.643066 -0.556544 -0.272359 -1.371396 -0.529380 -0.645171 -0.839664 7.060497 -0.754979 -0.685280 -0.248377 -0.325078
11 -0.733590 0.994527 -1.105042 -0.394385 0.646884 -0.501570 1.410949 0.363294 0.969519 -1.401341 1.730389 -1.321877 -0.368523 -0.289237
10 -0.785236 -2.646266 -0.734274 -1.971597 0.637048 -0.611748 -0.578915 1.013010 -0.560330 9.713914 -1.397780 -0.955858 -0.162077 -0.959890
10 -0.178951 -1.403855 -0.285606 0.037349 0.636283 0.295207 -0.676160 -0.810386 -0.084651 3.331699 -0.356607 0.264192 -2.067901 1.299387
10 -1.569563 -1.140037 -0.131343 3.877071 -0.333663 -0.395025 -0.827336 -1.441054 -0.952325 8.000465 -0.878636 -1.808292 -1.675828 -0.724432
9 -0.544697 0.244416 -0.994676 1.065928 -1.153921 -0.690878 0.668850 0.951335 1.264182 -0.680633 -0.022789 -0.281726 0.599124 -0.424514
2 -1.171786 8.272597 -0.716681 -1.289669 0.007087 -0.240948 -0.737959 -1.305792 -0.563377 0.089903 -0.198251 0.071015 -1.916063 -0.300077
7 -0.462229 1.390693 -1.066050 -0.368147 0.250965 1.126296 2.433014 -0.101072 -0.122145 -0.040220 -1.992942 -0.576717 -0.370517 -0.100929
2 -1.334882 11.995864 -0.894184 -2.015396 2.625788 -3.323469 -1.311769 1.989345 -0.905015 -1.362555 -2.140713 -1.110034 -1.700520 -0.512462
2 0.457561 1.415245 -0.456114 -0.373878 -0.476929 0.217769 -0.040515 -0.468751 -0.443724 -0.223119 -0.051886 1.180903 -0.496452 -0.240110
2 0.000000 0.399521 0.000000 -0.018265 -0.010307 0.000000 0.000000 0.000000 0.000000 -0.035927 -0.157689 0.000000 -0.177333 0.000000
2 -1.062992 13.285119 -0.702657 -0.969068 -0.751986 -0.191611 -1.297157 -0.082554 -0.756716 -1.264287 -1.604434 -1.231316 -2.045061 -1.325279
2 -1.028182 14.535662 -1.273670 -1.039768 1.211395 -3.102447 -1.293961 0.799532 -2.377885 -2.175344 -1.388152 -0.602190 -1.593217 -0.671771
2 -1.203010 2.874864 -0.860847 -0.310791 -0.113003 0.453562 -0.042417 0.864282 -0.925691 -0.648516 1.378235 -0.895178 -0.489434 -0.082055
10 -3.004246 0.568970 0.833965 0.291235 -0.269599 -0.934789 1.186816 -0.363704 -0.832417 2.126844 -0.247657 0.854980 -2.285357 2.074957
2 -0.920283 10.123781 -0.602025 -0.822625 -0.024446 0.199990 -1.408566 -1.023872 -0.423489 -0.888427 -1.147064 -1.068526 -1.271678 -0.722769
2 -0.001399 11.406828 -1.712059 -1.529568 -1.263534 1.096262 0.401675 0.840724 -1.956881 -1.648169 -2.137089 -0.506388 -3.428520 0.438118
2 0.505411 14.136027 -1.636421 -1.346192 2.315950 -1.492097 -0.178679 1.861877 -2.441968 -2.210332 -3.887391 -1.880368 -2.291641 -1.454173
14 -1.898982 -1.882248 0.631320 -1.760067 0.638627 0.712266 0.754762 0.423175 1.460090 -0.580584 -2.254585 1.297906 -0.082844 2.541163
5 1.532768 5.096315 -2.249614 -0.528704 7.798915 -1.743570 -2.451036 -0.708889 1.093799 -2.293651 -2.284657 -0.651338 -0.909501 -1.700837
2 1.472026 3.433803 -1.538496 0.099621 0.652731 -0.177232 0.168738 0.239710 -1.039801 -1.243387 -0.010996 -0.617110 -0.616107 -0.823501
2 -0.433334 9.622072 -1.070451 -0.735459 -1.003326 -0.477315 -1.046252 -0.813768 0.229811 -0.504982 -1.017137 -0.914912 -1.005292 -0.829655
5 2.188729 1.929626 -0.981485 -0.369944 2.724981 -0.149393 -2.056624 0.361249 -0.756824 -1.236095 -1.230926 0.553018 -0.415844 -0.560466
2 -1.889791 6.008195 -0.546169 -0.363537 1.512680 0.691721 -1.526840 -0.758611 -2.169208 -1.045770 3.132721 -0.949822 -1.236729 -0.858841
7 -0.720473 -1.503181 -0.895464 -0.791393 0.159682 1.885091 3.095866 1.981568 -1.185635 -1.384436 -0.240911 -1.345071 -0.056193 1.000549
13 -0.088132 -0.048898 0.168454 -0.730795 0.084158 0.804163 -1.551369 0.400315 0.075988 -0.757774 -1.067758 0.332207 2.482450 -0.103009
7 0.196586 -2.093888 -0.313750 -0.088446 1.154909 1.118356 1.549743 0.966112 -0.832425 -1.280237 -1.610525 0.558361 0.629478 0.045725
5 -0.379625 -0.961043 -0.355707 0.354827 2.490819 0.633830 1.309262 -1.688895 -0.620184 -1.114156 -0.567715 0.136708 -0.441012 1.202891
5 -0.981942 -1.461080 -1.105404 1.193203 8.520102 -0.355236 -0.423346 -0.775630 -0.898561 -0.929561 -0.013065 -1.026981 -1.191298 -0.551200
5 0.151604 -0.273397 0.318234 0.031955 1.966729 -0.643969 -0.617183 -0.407153 -0.588657 -0.127648 -0.668190 -0.396278 -0.308550 1.562504
5 -0.090380 -2.147585 -1.963635 -1.111384 11.353510 0.604290 -1.147294 -1.012498 -0.781004 0.748726 -1.382171 1.472437 -4.061214 -0.481796
6 -0.058520 -0.917573 0.647405 1.995623 -0.309208 2.122941 -0.298863 0.580120 -2.053830 -1.053526 -0.387863 1.878416 -2.737086 0.591963
5 -0.364353 0.209419 -0.194988 0.472909 2.707113 -0.718766 -0.279327 -0.188113 -1.292712 -0.441722 -0.492348 0.209387 -0.913732 1.287232
5 -0.598873 -1.946258 -1.523024 0.091382 4.017997 1.268543 -2.227620 0.380224 -1.504926 0.552338 1.420695 0.394949 -0.631677 0.306251
14 0.207357 -0.308647 -0.962719 1.034677 -0.332292 -0.401900 -0.998706 1.734834 0.284215 -0.963122 -0.732033 -0.184532 -0.740982 2.363850
3 -0.236796 -0.592352 2.407574 0.002346 -0.376764 -0.314926 -1.155997 -0.345001 -0.235193 1.149880 -0.617790 0.418050 0.445366 -0.548397
5 -1.440856 1.111603 -0.786437 -0.405850 2.741679 1.954824 -1.567732 -1.075840 0.111923 -0.773334 1.618327 -1.208527 1.768747 -2.048527
5 -2.816255 -2.154841 -3.867912 0.721928 27.740029 -4.626885 -2.889739 -2.085880 -1.784415 -2.585958 0.131638 -1.774506 -1.257937 -2.749266
5 -1.564422 -2.365534 -0.716396 1.300112 9.306798 -1.458422 0.494796 -0.834196 -0.516333 -1.099759 -2.437969 -1.211143 1.123349 -0.020879
5 -0.948808 -0.383523 -1.944264 -0.464977 18.060592 -1.617487 -1.434121 -1.865333 -1.546276 -2.659181 -0.838993 -0.195221 -1.924119 -2.238288
5 -1.164661 -1.422695 -1.130994 -0.671931 10.453921 -1.915305 -1.071205 -0.762120 0.066784 0.303101 -1.340207 -0.502599 0.384540 -1.226630
5 -0.712394 -1.392233 -2.006398 -0.606400 19.015075 -2.761915 -1.981545 -1.903250 0.656195 -2.016869 -1.315944 -2.906861 -0.330598 -1.736862
5 -1.702888 0.984369 -0.475192 -0.060803 8.424394 0.049873 -0.837389 -2.351093 -1.814056 -0.312432 0.785678 -1.305873 -2.930737 1.546150
5 0.166723 -1.006436 -1.298153 -1.100093 9.360371 -1.330896 0.153713 -1.396363 -0.910116 -0.806829 -1.314909 -0.850147 1.183562 -0.850427
5 -1.803295 -0.064359 -0.283032 0.367151 2.251466 0.917977 -0.048246 -0.201845 -1.000343 -0.093023 0.910516 -0.165872 -0.820744 0.033649
11 -1.090996 -1.689511 -1.267855 -0.833248 -1.141644 -1.109296 -2.131250 -1.301957 -1.045372 -1.014247 15.980823 -0.937942 -1.222632 -1.194872
11 -0.977485 -4.040723 -2.997582 -2.738776 -1.798736 -2.103549 -6.206451 -2.124994 -3.456679 -2.651776 36.485575 -2.370449 -2.866964 -2.151412
7 -0.212357 -2.005893 -0.909503 -1.167090 2.009765 -1.003357 3.625880 -0.739744 -0.368035 0.261554 0.184703 -0.096484 -0.392303 0.812866
11 -2.320412 -2.627907 -2.488888 -1.727507 -2.761011 -1.842163 -3.881516 -1.807660 -1.847840 -3.096467 31.821612 -2.642408 -2.056768 -2.721065
11 -1.794723 -2.775095 -2.447352 -2.268358 -1.500700 -1.690482 -0.481508 -1.188405 -1.125619 -2.026115 21.375767 -1.843964 -0.911080 -1.322368
11 -0.410011 0.318112 -0.859534 0.642640 -0.388374 0.002104 0.360210 -0.263005 -0.469908 -0.548564 3.883144 -0.858799 -1.582273 0.174257
11 -0.350559 0.933392 0.012102 -0.062839 -0.919775 -0.573780 0.039109 -1.061496 -0.969446 -0.409495 5.744496 -1.425948 -0.893483 -0.062279
1 3.173734 -0.605414 0.013357 -1.179202 -1.720546 -0.050281 0.754958 -1.202338 -0.542006 0.525644 0.795356 0.346977 0.223985 -0.534225
11 -0.051901 -2.027829 -1.897740 -2.422706 -2.207104 -1.425899 -2.132094 -0.558380 -1.317963 -2.465159 19.875421 -1.088226 -0.756205 -1.524218
3 0.676603 0.025786 1.373103 -0.341217 -0.376373 0.356961 0.017962 -0.661476 -0.813144 -0.582253 1.310130 0.747234 -2.056801 0.323484
11 -2.547175 -3.442382 -3.341988 -2.270522 -2.472605 -2.773626 -4.008184 -2.072626 -2.442390 -3.827379 37.072531 -2.095732 -3.208621 -2.569301
11 -2.423594 -1.112654 -2.137671 -1.154681 -0.707017 -1.052103 -2.940597 -1.170962 -1.642225 -1.834696 20.479715 -0.733903 -1.991667 -1.577945
11 -0.864019 -2.456698 -1.244804 -1.053118 -1.041631 -1.395404 -2.299548 -1.222163 -0.812167 -1.143471 15.720213 -0.303420 -0.729618 -1.154152
11 -0.985117 -1.485605 -1.465486 -0.713012 2.758276 -0.884262 -1.379156 0.369091 -0.307647 0.179382 3.625190 1.670182 -0.458073 -0.923761
11 -1.391983 -1.313495 -0.806205 -1.447279 -0.015739 -0.231906 -1.153867 -0.575785 -0.953989 -0.652238 10.469964 -0.722623 -0.458878 -0.745978
11 -2.449055 -1.516368 -1.490108 -1.213767 -1.788864 -2.238051 -4.602191 -2.658035 -2.339109 -2.157903 27.951902 -0.804086 -1.686227 -3.008137
11 -3.368549 -3.285037 -1.631711 -0.964577 -2.490530 -2.382659 -0.916098 -2.818295 -2.011615 -2.575431 28.692608 -2.176792 -1.828111 -2.243202
11 -2.566965 -2.406849 -2.366576 -1.374673 -1.806783 -2.278010 -0.929782 -0.720924 -1.753191 -2.612582 23.122140 -2.320766 -0.157449 -1.827589
11 -0.885376 0.016833 -0.806216 -0.536114 -2.240123 -1.104099 -0.502451 -0.649113 -1.002020 -0.966643 8.994746 -0.201040 -0.538902 0.420516
7 -0.015341 -0.539167 0.080357 0.133373 -0.063219 0.280006 0.962506 -0.373161 0.769977 -0.337461 -0.329096 0.071515 -0.339425 -0.300864
11 -1.969748 0.293222 -1.242971 -1.849404 -0.192124 -0.566266 -1.393088 -0.309409 -1.543390 -1.260438 11.644037 0.414819 -1.042775 -0.982465
1 1.089294 0.452927 -0.448792 -0.416837 0.448572 0.195201 -0.472398 -0.227467 0.686648 -0.198500 -0.033894 0.029705 -0.783898 -0.320560
4 -0.273386 -1.059671 -1.445412 2.915139 -0.693187 0.125055 1.636960 -1.080609 0.601172 -1.208662 0.446668 0.581898 -1.762433 1.216467
7 -2.499363 -1.228227 -5.422777 -2.847579 -4.303222 -5.433708 48.950404 -3.941830 -2.402953 -3.542535 -4.951537 -4.021801 -3.498385 -4.856488
9 -0.519315 0.527063 -1.879347 0.686124 0.829175 -0.739225 -0.589356 -0.818648 1.728341 -0.944274 1.094662 0.320637 -0.938117 1.242277
7 -1.143182 -0.608956 -0.423391 0.170640 -0.017679 -0.935075 1.230741 0.341775 -1.081961 0.349630 0.540336 1.006172 -0.223782 0.794731
7 -6.151129 -5.441223 -5.116357 15.624619 -1.584728 -5.677521 48.553682 -5.882862 -6.358255 -5.180248 -6.072606 -5.273718 -5.935887 -5.503765
1 3.015886 -0.421102 -1.084678 -0.519554 -0.701502 -0.260989 -1.420983 -0.056641 -0.770801 -0.317390 0.141887 -0.090846 0.399715 2.086998
4 -0.726723 -0.680662 0.898253 5.236081 -1.859876 -0.521231 -0.354005 -2.074234 0.251977 -1.384838 0.367844 -0.402419 1.125372 0.124462
5 -0.594106 -2.015045 -1.209655 1.283216 10.530783 2.770883 -1.860973 -1.479242 0.113981 -0.917702 -2.091532 -0.301815 -2.044475 -2.184317
14 -1.360770 -0.337352 0.389887 0.643725 -0.454782 0.439884 -0.265445 0.740243 0.094336 -0.645188 1.074535 -1.145119 -0.523817 1.349862
4 -0.609467 -0.395810 -0.910191 6.040835 -0.030639 1.763205 1.212654 0.004025 -1.184852 -1.064330 -1.048820 -1.680585 -1.299615 -0.796410
8 -0.436879 -1.494899 -1.261469 -0.776423 -0.979794 0.429107 -0.558564 4.219767 0.524407 0.106879 -0.664015 -0.215209 -0.442811 1.549903
4 -0.558750 -0.783660 -2.417758 6.849057 0.227436 0.584636 0.219839 -1.476355 -1.109841 -1.985969 0.180882 -0.911786 -0.212847 1.395117
4 -1.827796 0.871786 -1.694154 4.190162 0.632396 0.581700 -0.135623 -0.374546 -0.726777 0.332902 0.736151 -0.574277 -0.923888 -1.088038
11 -0.587318 1.676770 0.153646 -0.138556 0.212277 1.117477 -2.376875 0.782930 -2.419437 0.611320 1.953734 0.122221 -1.777521 0.669329
4 -0.499337 -0.305011 -0.697781 2.057312 0.109733 -0.453151 0.434016 -0.672936 -0.066870 0.226949 -0.514872 0.394634 -0.186976 0.174290
7 -4.403423 -4.001117 -2.488685 -4.440868 -3.566625 -4.828921 49.341801 -5.316308 1.469048 -4.337805 -4.074592 -4.881426 -5.058431 -3.412646
4 -0.929228 0.495488 -1.272838 4.638824 0.829316 -0.050740 -2.871137 -1.192844 0.940250 -0.109744 -0.511272 -0.496408 0.443678 0.086655
4 -0.116832 -0.055386 -0.617787 2.218064 -0.754338 0.427387 -0.064502 0.546511 0.095736 -0.842048 -0.008747 -0.727890 0.650238 -0.750406
1 1.500328 -0.354602 -0.991385 0.373009 0.340995 0.427761 0.486044 0.358221 -1.412806 0.899280 -0.653600 -0.013588 -0.825485 -0.134173
1 0.714621 -1.785164 -0.509539 -0.290194 0.359182 0.041121 0.447222 0.443256 -0.185197 0.297203 0.339063 -0.153289 0.555206 -0.273492
9 0.649057 -1.074327 -0.005511 0.706837 -0.259581 -0.838254 0.250154 -0.047475 1.236756 -0.711556 0.504186 -0.990486 0.700615 -0.120415
12 -0.928583 -0.204590 -0.273863 -0.420072 0.300046 0.288128 0.556080 -0.210917 1.216380 -1.074420 -0.841300 1.893869 -1.392653 1.091896
3 -1.496184 -1.106896 12.013244 -1.345546 -1.261760 -1.437761 -0.363564 1.504107 0.007849 -2.125325 -1.614369 -0.597327 -1.483615 -0.692850
3 -0.246491 -0.484794 4.303319 0.549337 -1.175215 -1.531681 -0.277387 -1.367325 -0.024761 1.189332 -0.350826 0.387720 -0.760881 -0.210347
12 0.074184 -1.003308 -0.777305 -1.281054 0.274711 0.787795 0.934461 0.455857 -0.739214 0.057232 0.887254 2.223274 -2.075105 0.181218
3 -2.998335 -0.889079 7.364418 -1.220297 -1.119714 -0.063095 1.846070 -1.355323 0.796508 0.050498 1.111197 -2.301439 -1.066040 -0.155367
3 0.085252 0.070210 5.679731 -0.193432 -0.649076 -0.575215 -0.851064 -0.285687 -0.101795 -0.906928 -0.324066 -0.494980 -0.886872 -0.566079
2 0.798354 1.041210 -0.120428 -0.257145 -0.760640 0.424528 -0.016635 -0.618151 -0.485431 0.524628 0.541067 -0.172155 -0.870048 -0.029153
8 0.088692 -1.371528 0.671368 0.215955 -1.257541 -2.743393 -0.611564 4.179329 1.025902 3.247192 0.178745 -0.737211 -2.804130 -0.081816
12 0.033791 -2.024698 1.273110 -0.615898 1.018853 1.322814 -1.635613 -0.222997 0.688176 -0.535321 -1.565723 2.100293 -0.892379 1.055591
3 -0.925017 -1.651525 12.923659 -0.976415 -1.376649 -1.477619 -2.468804 -1.387673 -1.102432 1.069768 1.051789 -0.442854 -2.731537 -0.504691
3 -0.252170 0.689071 3.068079 -0.031963 -0.712132 0.003004 -0.210558 -0.331366 -0.892339 -0.108203 0.128339 0.442713 -0.908902 -0.883573
3 -1.353711 -2.015783 13.495322 0.165574 -0.915453 -1.046481 -0.807843 -1.357726 -1.885636 -1.175496 -0.473774 -0.677405 -2.339321 0.387732
14 -1.362977 -0.139938 -1.068960 -0.392977 0.277001 0.505506 -1.129686 0.902282 -0.887110 -0.753631 0.652829 0.927159 -0.498817 2.969319
3 0.428187 -0.847626 6.243831 -0.329599 -0.535126 -1.101809 -0.571582 -0.597615 -0.445882 -1.439811 -0.316636 0.400641 0.062782 -0.949755
3 -1.452100 -0.555722 5.798878 -0.947240 -0.153604 -1.099613 -0.536209 -0.016787 3.592759 -1.280089 -0.171196 -1.460054 -0.735631 -0.983393
6 0.720226 -0.761629 -3.044920 0.971705 -0.420203 9.881501 -1.552765 -1.191280 -2.245254 -1.762756 -0.081814 0.662864 0.507220 -1.682896
6 0.251874 -0.545201 -0.797173 0.583623 -0.609800 2.979120 -1.365510 0.525383 -0.583884 0.170944 -0.648114 -1.007075 1.247266 -0.201450
1 4.236424 -1.882401 -0.384831 -1.409634 0.848413 2.623671 -0.738534 -1.093777 -0.346775 -0.494669 -0.955437 -0.201636 -0.166532 -0.034284
6 -4.455522 -5.055420 -4.975546 -3.954645 -4.391000 53.816248 -4.876317 -3.497457 -4.369026 -4.301615 -3.367866 -3.112564 -3.360845 -4.098425
6 -0.870499 -1.697011 -1.602032 -0.643948 -0.500090 11.249583 -0.457840 -1.161469 -1.337169 -0.204127 -0.966441 -0.678903 -0.776112 -0.353943
6 -4.745857 -4.633748 -3.518882 -3.301149 -3.552264 51.742956 -3.659422 -3.653113 -3.943281 -3.555284 -3.478646 -3.763136 -5.825693 -4.112483
6 -0.302688 -1.925073 -2.444521 -1.138071 0.502258 10.086436 -2.640791 -0.528098 -1.592033 -1.677828 1.334949 -1.282908 3.374956 -1.766588
6 -4.970866 -3.137382 -3.225260 -3.182604 -2.493111 42.282318 -4.076847 -2.699877 -3.209063 -3.319211 -2.103095 -2.603343 -4.035145 -3.226514
6 -4.455522 -5.055420 -4.975546 -3.954645 -4.391000 53.816248 -4.876317 -3.497457 -4.369026 -4.301615 -3.367866 -3.112564 -3.360845 -4.098425
6 -0.765014 -0.859007 -0.944822 -0.010622 0.629657 3.118092 1.176249 0.324755 0.004067 0.352914 -1.334837 -1.272729 -0.545780 0.127076
6 -1.098719 -1.154762 0.239555 -0.309573 -1.279713 2.318537 -0.839894 0.249326 0.524973 -0.481224 -0.067844 0.340131 1.537934 0.021273
6 -1.372148 -3.171953 -2.785107 -3.178532 -1.464039 24.541096 -2.112509 -1.637697 -1.848053 0.499150 -1.697956 -1.989322 -2.371090 -1.411841
6 0.826351 -2.648125 -2.728213 -2.122995 -2.665971 22.254078 -0.011646 -1.161541 -1.290717 -2.702030 -2.040381 -1.279940 -2.118025 -2.310846
6 -3.782644 -4.324473 -3.218800 -2.943527 -3.630365 46.299625 -3.454753 -3.318486 -2.641263 -3.835954 -3.769321 -2.961396 -4.777198 -3.641446
5 -0.381188 -0.519992 0.714980 0.667845 1.064810 0.770062 0.079476 -0.770731 -0.748484 0.058491 0.301920 -0.532379 -1.141021 0.436212
6 -2.215403 -3.985294 -1.557406 -3.800522 0.956143 25.846542 -2.159096 -1.971258 -2.629967 -1.286679 0.382178 -3.436193 -3.032278 -1.110767
6 -0.691265 0.144881 -0.079909 -0.454526 0.060110 1.218201 0.411739 -0.391038 0.509275 -0.297819 0.615620 -0.592349 -0.331728 -0.121192
6 -0.959635 -0.845464 -0.928415 -0.977111 -0.599681 11.212074 -3.442835 -1.143019 -1.343251 0.259851 -1.013843 0.051150 -0.979390 0.709569
6 -4.455522 -5.055420 -4.975546 -3.954645 -4.391000 53.816248 -4.876317 -3.497457 -4.369026 -4.301615 -3.367866 -3.112564 -3.360845 -4.098425
7 -2.696421 1.510417 -0.481283 0.649978 0.086720 1.261880 2.196423 1.740534 -0.645140 -1.109256 -1.323781 -0.170337 -0.985571 -0.034164
6 -0.146628 -2.818172 -1.477827 -0.476630 2.776948 6.851412 -1.904921 2.368272 -1.995674 -2.534583 -1.517471 -0.433997 -0.787052 2.096323
6 -4.455522 -5.123567 -4.427405 -3.998742 -4.391000 54.154272 -4.876317 -3.544384 -4.560106 -4.714026 -3.367866 -3.159430 -3.437481 -4.098425
6 -1.600062 -1.899831 0.903858 -1.102797 -1.151184 9.435721 -1.103688 -0.689511 -0.710094 -0.771162 -0.256256 1.023949 -2.679811 0.600867
6 -0.759504 -1.953076 -0.490536 -1.014731 -1.226757 11.048970 -1.304081 -1.314211 -0.050441 -0.555213 -0.501669 -0.679567 0.103858 -1.303042
6 -0.824067 -1.132366 5.168837 -1.423379 -1.271167 9.121326 -1.779742 -1.518716 0.282612 -0.264465 -0.980229 -1.550325 -2.577910 -1.250411
13 0.580613 -1.428827 -1.589644 -0.269117 -1.362815 -1.406264 -2.506883 -1.441222 -1.133986 -1.132510 -1.743310 -0.263112 13.633635 0.063442
13 1.114885 -0.528466 -0.666367 -0.547280 0.169403 -0.695109 0.580731 0.505654 -0.356924 -0.145111 -0.402263 -0.236229 1.803822 -0.596746
10 -1.105847 -0.570611 0.352226 -0.927137 1.348996 -0.451634 -1.379278 0.104393 -0.222908 2.507287 -0.017583 0.419169 -0.771220 0.714147
8 -0.415950 -0.462292 0.190144 -0.316044 -1.124884 0.801534 -0.663529 1.009437 0.107219 0.581992 0.569766 0.020298 -0.352313 0.054623
13 0.074073 -1.788221 0.060612 2.232922 -0.628351 -0.925654 -1.279910 -1.699032 0.692988 0.209349 0.150579 1.398866 2.407194 -0.905417
13 -1.319931 -0.829937 -0.522668 0.207607 0.403806 0.515212 -0.911501 -0.713505 0.255310 -0.081214 -0.627668 -1.335056 6.290949 -1.331404
13 -1.220731 -1.631742 0.333614 -0.631435 -0.769930 -0.095662 0.841186 -0.157690 1.026874 -0.079791 -1.887376 0.916931 3.264249 0.091503
6 0.261961 0.686584 -0.274743 -0.326923 -0.054879 0.993943 -2.588464 -0.622615 -0.489237 0.818293 0.525562 0.073142 0.445723 0.551651
13 -0.398435 -0.646624 -0.381920 0.081423 0.306833 -0.077599 -0.672287 -0.722215 0.714456 0.354964 -0.935786 -0.169486 3.466264 -0.919586
13 -1.957973 -0.579911 -1.204402 0.268052 -0.131335 0.453886 -0.748283 0.708132 -1.429882 -0.318816 0.317520 -0.668032 6.394757 -1.103713
13 -1.130789 -1.689013 0.713106 1.140654 -1.075943 -1.737257 -0.666173 -1.106644 1.946532 -0.383204 -0.788779 -0.682729 6.196230 -0.735990
13 -0.985638 -0.487743 -1.157140 -0.015170 2.153975 0.239492 -0.898737 -0.675398 -0.070151 -1.305952 0.200900 -0.068434 3.770389 -0.700392
13 -0.998965 -2.094139 -0.280272 0.032626 0.747319 -0.160215 -0.992913 -1.089767 0.758211 -0.069213 -1.176961 0.050602 5.606279 -0.332593
13 -0.023599 -1.117726 0.822715 -1.224970 0.500658 -0.149763 -1.199322 0.452839 0.843253 -0.808541 -0.946821 0.359473 2.793765 -0.301961
13 2.463878 -0.706232 -0.450278 -0.594740 -0.672442 -1.399896 -1.096026 -1.167601 -1.579624 -1.073657 -0.630584 2.194275 5.785586 -1.072658
13 -1.489842 -0.943100 0.560393 3.340926 0.052465 -0.970463 -1.518803 -0.291003 -0.494455 -0.947562 -1.276250 -0.208721 5.351690 -1.165275
13 0.117748 -0.533588 0.257977 0.731252 -0.033060 0.173356 -2.033024 -0.960983 2.029872 -1.808202 -0.701231 -1.031115 4.967242 -1.176245
8 -1.647849 1.778799 -0.857861 -0.402575 -2.292895 -0.330692 -2.070393 5.110295 -0.944059 1.061341 -0.594709 -0.717217 1.425097 0.482718
13 0.180948 -0.282730 -0.045811 -0.346235 -0.156296 -0.376321 -0.832421 0.524502 -0.033907 0.161522 -0.526865 -0.002476 1.339721 0.396369
9 0.198791 -1.191849 -0.059660 -0.541779 0.202939 -0.025039 0.294531 -0.661599 2.203650 -0.183668 0.166422 0.395854 -0.322047 -0.476545
13 -0.957549 -0.337882 -0.261057 -0.360135 -1.205898 -1.074004 0.121483 -0.448834 -0.797815 -1.027550 -1.266057 0.229018 7.087155 0.299126
13 0.369523 0.715208 -0.895022 -1.185545 -1.100959 -0.621371 -0.695280 0.128376 0.123837 0.947806 0.074283 0.395961 1.708391 0.034792
13 0.141530 -1.589979 0.477729 0.298132 -0.593420 -0.986222 0.153544 0.813382 -0.591364 -0.730189 -1.225295 -0.835126 5.255705 -0.588426
13 1.164048 -0.945827 0.381103 -0.186256 -0.039268 -0.245154 -2.329051 0.485163 0.871887 -0.511233 -0.811355 0.036200 2.003893 0.125850
13 -0.953292 0.988751 0.214309 0.454718 -0.803337 -0.749131 -1.585191 -0.901302 1.364991 -1.603055 -0.978899 0.672823 5.214146 -1.335532
13 0.027816 -0.768974 -1.319780 -0.966280 -0.143993 -0.643950 -0.180010 -0.086169 -0.385320 -1.189762 0.910096 -0.671094 5.501612 -0.084192
7 -4.296447 -4.945461 -4.932917 -4.515451 -5.574779 -4.217434 52.796956 -3.570984 -3.514424 -4.421231 -3.330682 -4.413011 -3.349704 -1.714428
7 -0.146971 0.547135 -0.340896 -0.548664 -0.175838 -0.421064 3.260455 -0.185691 -0.344474 -0.401432 0.504875 -0.072517 -0.458317 -1.216599
7 -5.576261 -5.052459 -4.756937 -5.123563 -4.741742 -4.151805 52.023429 -3.929369 -2.676272 -4.651753 -1.625136 -3.828987 -2.763600 -3.145544
5 0.654621 1.071515 -0.376457 -1.283061 1.992064 1.797574 -0.049431 0.769223 -1.068499 -1.278760 -0.639015 -0.846627 -1.111028 0.367882
7 0.177942 -1.117763 -2.054768 -2.713810 -0.412452 -1.484755 15.342428 1.824477 -1.742373 -2.083923 -2.058470 -1.551134 -1.619590 -0.505809
7 0.687632 -1.263661 0.632669 0.307042 -0.328769 1.642944 3.548688 -1.618928 -0.672778 -0.644188 -2.722784 -0.421602 0.996138 -0.142403
7 -4.431028 -4.144194 -4.613881 -4.224734 -4.536159 -4.078735 58.641793 -4.710936 -4.594961 -3.968258 -5.209036 -4.863349 -4.472943 -4.793579
7 -2.014403 -1.441432 -0.277386 0.338484 1.133885 -0.391659 2.755507 0.378799 -0.760577 -0.269983 -0.962033 0.795548 -0.626308 1.341558
7 -3.978924 -5.167019 -4.815105 -4.751142 -4.140255 -4.511637 58.404421 -3.972282 -3.480788 -4.203464 -6.134966 -4.182691 -4.811625 -4.254522
7 -0.462968 0.419728 -1.039254 -0.369912 -1.084596 1.059535 2.963972 -1.061924 -0.604570 -1.340907 0.029411 -0.704196 1.790947 0.404735
7 -4.414089 -3.671811 -4.707599 -4.419297 -3.470116 -4.332236 51.630688 -4.086554 -4.135673 -3.731367 -4.200067 -3.954803 -2.109129 -4.397946
7 -3.481670 -2.586709 -4.731559 -3.791494 -1.485832 -4.369238 49.818720 -4.533553 -4.911423 -3.928692 -4.549412 -3.594094 -4.519536 -3.335509
7 -5.286867 -5.262593 -5.207359 -5.840075 -6.255219 -4.197675 68.853605 -3.961500 -4.645374 -5.655179 -6.171343 -4.825157 -4.933432 -6.611831
7 -3.227872 -4.460538 -3.694179 -4.951293 -2.214332 -4.299953 52.212341 -4.429573 -4.101214 -4.180358 -4.004589 -4.803145 -3.279646 -4.565648
12 -0.072913 -1.367419 1.388906 -0.825537 -0.348583 0.444234 -1.565031 -0.533446 0.272458 0.726158 -0.528785 2.352649 -0.039580 0.096888
7 -4.044634 -4.623122 -3.680127 -3.850538 -3.811201 -4.076287 52.150672 -4.561368 -3.232723 -4.451246 -4.943455 -3.658211 -4.663616 -2.554143
7 -5.811344 -5.149878 -5.598293 -5.273381 -6.019487 -5.652591 69.771500 -4.768592 -5.152017 -5.608525 -6.223791 -3.802253 -4.835947 -5.875403
7 -0.264617 -0.885098 0.594641 -0.004973 0.194913 -1.302407 3.445383 -0.940155 0.157363 0.649232 -1.265313 0.486226 -0.020165 -0.845031
7 -5.435210 -3.191828 -4.111615 -3.834661 -3.442383 -3.913962 52.237933 -3.997777 -4.466710 -4.116013 -3.752625 -3.948974 -4.121330 -3.904845
11 -1.355496 -2.825747 -0.923853 -1.066491 -0.548048 -1.400733 -2.376639 -0.497989 -1.510986 -1.590246 16.498432 -0.392123 -0.835201 -1.174879
7 -5.409458 -4.369943 -4.381839 -4.894300 -4.352362 -4.550234 60.433324 -4.358864 -5.217780 -4.500974 -4.623392 -4.326276 -5.475045 -3.972856
7 -2.746017 -4.687716 -3.085277 -4.941404 -3.981130 -5.034642 53.396840 -4.777624 -3.175538 -3.840943 -5.801742 -3.607818 -4.701157 -3.015832
7 -3.965214 -4.842025 -5.238415 -5.528998 -4.805839 -4.925736 60.747767 -4.995743 -4.389127 -4.761561 -4.718933 -5.102572 -3.327871 -4.145734
7 -0.933495 -2.813503 -5.112542 -4.549224 -3.958600 -4.635758 51.365096 -2.810227 -4.336331 -5.385178 -4.512494 -3.923164 -2.980206 -5.414373
7 -4.223546 -4.448891 -3.256529 -4.120052 -3.898697 -4.236315 53.730331 -4.165886 -4.725784 -3.686664 -3.978224 -4.795826 -4.610752 -3.583165
12 -1.769185 0.005164 0.141069 -0.598545 -0.754917 -0.553478 -0.369392 -0.504944 -0.903758 0.354421 1.222159 4.960667 -0.770970 -0.458292
13 0.876719 -0.681080 2.268143 0.441025 -2.218790 -0.214306 -1.652710 -2.099167 -0.555769 -0.834166 -0.277121 1.172423 5.167411 -1.392611
12 0.678858 -0.723015 0.030294 0.394770 -1.377447 0.323300 0.067337 0.376735 -0.906527 -0.235735 0.097372 3.035415 -0.540856 -1.220502
12 -0.013208 -1.204856 -0.545499 -0.309932 -0.895669 0.630985 -0.479704 0.253235 0.877774 -0.323158 -1.156859 1.341549 1.125630 0.699711
9 0.237204 0.511130 -0.585176 -0.496784 -0.717886 -1.544419 -1.107741 -0.267060 2.613286 -0.654631 -0.473287 1.279147 0.681928 0.524290
9 -0.049534 -0.950813 -0.049163 0.174420 0.050699 0.084902 -0.842193 -1.276590 2.291234 0.295463 -0.174879 0.193790 -1.202119 1.454783
3 -2.415153 0.716437 7.191999 -0.567016 -0.232799 -0.839422 -1.097773 -2.101642 -0.453547 -1.243466 -0.254071 2.270903 -2.076600 1.102150
13 0.271706 -0.114117 -0.861774 0.008456 -0.007352 -0.135075 -0.560317 1.187683 -0.561941 -0.145957 -0.562429 0.001391 1.737043 -0.257316
12 -1.312243 0.309458 0.874548 0.447142 -0.500057 -0.253065 0.809816 -0.522904 -0.352830 -1.250915 -0.865348 4.951244 -0.735561 -1.599285
7 1.047031 0.487264 -0.756522 0.809255 -0.355622 -0.048250 1.422067 -0.518369 -0.659512 -0.648076 -0.026109 -0.712767 -0.809013 0.768623
10 0.257930 -0.237873 0.652682 -0.504875 -0.398482 -0.780307 0.084998 0.481939 -0.314883 1.171035 -0.580904 0.191122 0.133819 -0.156200
7 -0.487695 -1.106566 0.024064 -0.877656 1.204587 0.343554 3.122167 -0.517618 -0.406831 -0.073776 -0.994987 0.206415 -0.138102 -0.297556
12 -1.450801 -0.956154 2.082303 -0.954844 -0.785004 -0.629340 -2.146034 1.258496 -0.630529 -1.336561 -0.664387 7.468965 -0.930473 -0.325636
12 -0.202030 -0.675832 0.069222 0.146012 -0.400152 -0.036115 -0.249827 -0.797674 -0.182933 0.695302 0.060461 1.531398 0.069686 -0.027518
12 -1.616781 -1.461178 -1.453437 -1.011633 1.786796 -0.394642 0.483979 1.358550 0.648048 -0.271808 -0.569011 3.170034 -1.179160 0.510242
12 -0.174714 -0.289080 -0.298040 0.068677 0.125147 -0.297943 1.668344 -1.189173 -1.434094 -0.447535 -0.509770 2.959897 -0.307194 0.125478
5 -0.669895 2.959373 -4.221130 -0.856424 9.463882 -0.370537 0.850563 1.253038 -1.616808 -2.534454 -4.255891 2.265675 -0.337916 -1.929474
3 -0.501673 -0.010439 1.347786 0.284254 0.032232 0.110760 -0.413210 -0.837888 -0.905652 0.467170 0.532636 0.503209 -1.700314 1.091128
12 -2.175880 -1.322128 0.057745 -1.769987 0.016034 0.810734 0.560021 0.517624 -0.567935 0.730842 -0.385112 4.464721 -0.666550 -0.270128
3 0.736701 0.931874 1.143027 -0.406051 -1.853353 -1.028131 -0.293730 -0.521851 -0.733385 0.715016 -0.067269 0.889384 -0.489545 0.977312
14 0.187466 -2.001072 0.149921 -0.785181 -0.424708 -1.049670 -0.523327 -0.698079 0.527894 0.030912 -1.688143 2.739144 -0.335643 3.870484
12 -2.867369 0.298788 0.467699 -0.897278 -1.263581 -0.834029 1.755417 1.592219 -1.571487 -1.759142 -0.574898 7.340311 -2.512795 0.826145
11 -1.089470 -0.323134 0.006766 -0.408524 -0.495477 0.693703 0.051189 -0.475606 0.557195 0.393120 2.427184 0.747218 -2.040065 -0.044099
14 -0.606800 -1.472719 -1.152322 -1.398832 -1.830683 -0.514352 -1.091515 -0.691680 -0.263249 1.061900 -0.772507 -0.436425 -2.212608 11.381792
14 1.480830 0.757333 0.373955 -0.486138 -2.373530 -0.466358 -0.728940 -1.045388 0.721705 -0.662271 -0.517448 0.266609 0.586824 2.092816
14 -2.231070 -0.911295 -1.201721 -1.659049 -1.651149 -1.330702 -0.165486 -0.738658 -1.474305 1.084553 1.068777 -0.070378 -0.676575 9.957059
14 -1.251361 -1.497093 -1.690028 -0.906707 -0.632291 -0.595512 -0.652978 -1.038590 -0.448019 -1.120907 -0.246351 -1.995609 -0.442159 12.517604
2 -0.954298 2.504525 -0.653933 1.579451 -0.914483 -0.854400 -1.056434 -0.169770 -0.076328 -0.731701 -0.602686 -0.778123 2.154116 0.554064
14 -2.243477 -0.086351 -0.891423 1.029786 -0.156120 -0.183897 -0.809901 0.000762 -1.004051 0.573448 1.306477 0.234432 -0.954747 3.185061
2 -0.503958 1.745504 0.058253 -0.317944 0.705027 -0.348124 -2.163317 -0.524417 0.228643 -1.116344 -0.327161 0.223917 1.148833 1.191087
14 0.273998 -0.152880 -0.433179 -0.001853 0.368718 -0.961279 0.179232 0.845079 0.385553 -1.788567 -1.073469 1.121998 -0.843828 2.080476
14 0.899323 -0.152155 0.432082 -1.115075 -2.609469 -1.813559 -1.476072 -1.255655 -0.183208 -0.433245 -0.193126 -0.273067 0.012730 8.160497
14 -1.003363 -1.759662 -0.266752 -0.253534 -0.316227 -0.412446 -1.167332 -0.079195 -1.646649 -1.010197 -1.173056 -1.528596 -0.225469 10.842479
14 -0.510723 -0.081849 -0.570611 -1.265342 -0.627586 0.164397 1.131781 0.018302 1.441069 -1.373473 -0.903960 0.105406 0.829852 1.642737
14 0.469723 -1.720609 0.812633 -0.155850 -0.185113 -0.502257 -0.586287 -1.056123 -0.280706 -1.031509 -0.502027 0.114147 1.577029 3.046950
14 -0.896324 -0.704704 0.184630 0.122810 1.072946 -0.159541 -0.325694 -1.169388 -0.329928 1.180691 0.669865 -0.453474 -0.456134 1.264244
14 -0.849247 -1.889647 -0.619560 -1.305887 -1.111954 -0.973348 -0.635054 0.697453 0.525719 -1.836063 -1.250067 -0.404567 -0.942277 10.594500
5 -0.524255 0.274515 1.409158 1.489066 2.688643 -1.373149 -0.188757 -1.161040 -1.852560 -0.156220 0.300957 0.481516 -2.183577 0.795703
14 -0.961627 -0.585395 0.365213 -0.031302 -0.925271 -1.114349 -0.155620 -0.101505 -0.366821 0.458720 0.319866 0.308796 -1.340656 4.129950
14 -0.682676 -0.799573 -0.015500 -0.341801 -0.685948 -0.791441 0.528680 0.027808 0.209827 -1.062180 -0.273525 -0.526702 -0.978404 5.391434
14 0.549262 -0.965245 0.478379 -0.242685 -0.283231 -0.260333 -0.545803 -0.366809 0.378354 -0.437411 -0.309915 -0.372113 0.186342 2.191209
14 -0.640241 -1.193312 0.771251 -1.652634 -1.398768 -0.901846 -2.200934 -0.958009 0.449846 -1.117384 -1.581696 -0.963613 0.900468 10.486873
14 0.433639 -0.305374 -0.521554 -1.406941 -0.565204 1.111658 -2.127654 -0.990105 -0.098798 0.263332 1.016857 -0.317325 -1.175030 4.682499
11 -0.285034 0.547221 0.136349 0.768858 0.531902 -1.054060 -0.233582 0.090908 -0.996631 0.519949 0.988831 -0.155904 -1.325332 0.466526
14 0.411396 -1.407481 -0.123247 0.228160 0.877184 0.133216 -2.397104 0.288409 0.468720 -0.520134 -1.249307 -1.125748 1.464526 2.951410
8 -1.967883 1.145843 -0.288319 0.318595 0.752824 0.371374 0.218808 2.159308 -0.548626 -1.115024 0.169812 -0.482295 -0.583895 -0.150521
8 -0.022133 -1.128340 -1.194710 -0.261741 -0.880392 0.125440 -0.168113 9.513220 -0.523048 -2.132855 -1.088877 0.080615 -0.508682 -1.810384
5 0.534790 0.128584 -1.535778 -1.534887 12.822654 -0.293440 -2.049360 -0.233442 -0.999323 -1.491617 -1.699956 -0.725420 -1.343783 -1.579024
8 -0.530407 -1.839521 -0.496997 -0.519232 -1.077160 -1.231904 -0.398536 10.957853 -0.539391 -1.039390 -1.408859 -0.800168 -0.651974 -0.424315
8 0.514835 -2.490744 1.060342 -0.823692 -0.701258 -0.838307 -1.697013 3.341708 1.496195 1.555262 -1.659297 0.322551 -0.377400 0.296819
11 0.728899 -0.850328 0.206133 0.309690 -0.643876 0.402036 -1.000004 -0.569244 -0.584598 -0.901785 1.862039 1.487082 -0.786269 0.340226
8 -1.593512 -0.593141 0.980467 -1.821903 -0.334264 1.062001 2.409672 4.570020 -0.751375 -0.516465 -2.857903 -1.232643 2.115245 -1.436198
8 -1.840155 -0.338543 -3.092319 -1.381650 -2.143717 0.655551 0.491672 11.199971 -2.143041 -1.193856 -0.517898 0.003293 0.513081 -0.212388
8 -0.583015 -0.214331 -1.368322 -1.182805 -0.171735 0.962687 -2.343103 9.740388 -0.982772 -2.187197 -0.151424 0.833389 -1.781612 -0.570150
1 1.539965 0.404172 -0.424536 -0.148851 -0.476038 0.249857 -0.471698 0.922740 -0.344188 -0.569251 -0.385960 0.493941 -0.792034 0.001882
14 -1.293123 0.685911 -0.292442 0.283843 -0.338485 -0.097673 -0.877687 2.587677 -1.576725 -0.051055 0.122439 -0.294580 -1.551864 2.693764
8 -2.069636 0.091119 1.375273 -1.688330 1.938740 0.303906 -0.896036 8.434076 -1.191193 -1.585287 -2.059813 -0.954359 -2.442894 0.744435
2 -0.748051 1.286630 -1.855674 -0.181155 0.371770 0.543202 -2.289798 0.528915 0.216616 -0.655327 -0.548336 0.968215 1.177392 1.185602
7 0.230271 -0.179777 -0.468944 -0.306959 -0.459201 1.012483 1.155312 -0.097824 0.046955 -0.010751 -0.125222 -0.365224 -0.121605 -0.309514
8 -0.864493 1.305122 -0.642083 0.234454 -0.198780 1.099578 -1.096751 2.098671 0.607838 -0.188519 -0.799492 -0.518712 -1.417062 0.380230
5 -0.666188 1.099084 0.100039 0.227838 1.821192 0.146186 1.790394 0.280670 -0.441442 -0.830020 -2.849507 0.252442 0.033707 -0.964394
9 0.439457 -0.432495 -0.829713 -0.546546 -1.766494 -0.408478 0.573765 0.932817 3.073059 -1.557126 -0.447719 -0.967755 1.491574 0.445655
8 -0.102107 -0.095951 -1.827956 -0.563121 -0.527288 -1.113011 0.700402 2.980063 0.911371 -1.431045 0.433910 -0.434627 -0.016141 1.085500
6 0.873469 0.655432 -1.682143 -0.316197 0.455859 1.792421 -0.931125 -0.076765 -0.301959 -0.011456 0.121352 -0.383843 -0.900990 0.705945
8 -1.597190 0.174431 -1.203898 -2.002241 -0.234505 1.798955 0.893614 5.621781 -1.212469 1.185470 -1.149853 -0.839662 -1.781330 0.346898
8 -0.368828 1.899637 -0.187369 -0.696450 -1.405082 -0.835378 -0.183487 1.996946 -0.889427 0.946956 -0.779628 0.196140 0.411269 -0.105298
8 -1.495788 -0.287807 0.239952 0.242857 -1.582062 1.903974 -1.542791 3.711208 -0.588933 -0.139263 -0.592773 0.254021 0.554208 -0.676803
11 -0.975600 1.759813 -1.148474 0.349615 0.208972 -0.371503 0.646412 -2.038842 0.033866 0.452508 1.993180 0.153064 -0.248452 -0.814559
1 1.022386 -1.450459 0.929719 -0.011575 0.925104 0.076439 0.363556 -0.691689 -0.126874 -0.159824 -0.682459 0.413506 -0.602629 -0.005201
9 -0.603782 -1.506915 -0.949647 -0.136172 0.075133 -0.434148 1.057531 0.406975 2.776245 -0.603123 -0.787874 1.537816 -0.972762 0.140724
7 0.181679 -0.100298 -0.760140 -0.466850 0.728087 0.147337 1.477817 -0.333045 0.894669 -0.983018 -0.207599 0.006961 0.514152 -1.099754
10 0.118309 -0.351887 0.628675 -0.675957 -0.681550 -1.579030 -0.983973 -0.638052 1.115234 2.022610 0.461955 1.228746 -0.314598 -0.350481
9 0.850654 -2.044848 -0.084101 -0.008536 0.796454 0.055152 -0.124554 -0.634684 2.849508 -0.661181 0.584293 0.047605 -0.899364 -0.726398
13 -0.382435 -0.769257 1.163384 -0.900645 -0.732148 -1.336269 -0.673929 0.174934 1.226038 0.729222 -0.715162 -0.641545 4.040439 -1.182627
13 0.674866 -0.275871 1.016147 -0.930094 -0.108505 -1.272132 -0.436641 -0.872497 1.073961 0.302948 -0.599876 0.839630 1.894721 -1.306658
6 -0.062643 -0.715614 0.084667 -0.139113 -0.293050 0.547671 -0.200365 -0.514406 0.527659 0.351182 -0.207601 0.348802 0.096541 0.176271
14 -0.640342 -0.138305 0.782458 -0.190120 0.127539 -0.066682 -1.228443 -0.375225 0.955744 0.797818 -0.580691 0.568056 -1.310928 1.299121
9 0.958438 -1.261977 -0.154959 -0.229515 -0.490022 -0.339736 -0.365449 0.017961 3.192199 0.024900 0.161944 -1.103198 0.100125 -0.510710
9 -0.121455 -0.878236 0.232384 0.127331 -0.212379 -0.224311 -0.335180 -0.470143 2.251269 -0.338190 -0.138892 0.052340 0.444507 -0.389045
9 -0.955094 -1.530799 0.252171 -0.238048 -0.360234 -0.218888 -0.078215 -0.322200 2.575741 0.618604 -0.921796 0.361233 -0.707051 1.524575
9 0.661501 -1.170694 0.881221 -0.699286 1.012466 0.604388 -0.828686 0.772039 1.199910 0.303474 -0.793862 -0.372197 -0.842385 -0.727888
1 1.012714 -2.453972 0.236207 0.779450 0.754706 0.310427 -1.520413 -0.702298 0.806653 0.422918 -0.454259 0.330177 0.921905 -0.444215
14 0.203967 -0.323518 1.157455 0.576368 -1.015650 0.135896 -0.341251 -0.218936 0.590526 0.083103 -0.488952 -0.887419 -0.786603 1.315014
2 0.701995 1.013065 -0.152350 -1.220298 0.842176 -0.915705 0.435728 -0.171454 0.058692 -0.066870 -0.796298 0.491990 -0.040353 -0.180317
14 0.603658 -1.218107 -0.062046 1.010491 -0.451214 -1.270248 -0.263334 -0.201721 -0.726221 1.047535 -0.284091 0.017908 0.041742 1.755648
4 0.573042 -2.085793 -0.950832 3.505832 -0.503380 -0.657377 -0.837858 -0.121603 1.709741 -0.883641 -0.847638 0.360424 1.381877 -0.642794
9 1.056674 -1.093740 0.723169 -0.387647 -0.528179 -0.267035 -1.304552 -0.526749 2.167582 0.132679 -0.893008 -0.022743 0.902658 0.040889
