7 -0.637019 -0.696036 -0.605735 -0.696933 -0.628938 -0.645217 4.504531 -0.714150 -0.421801 -0.817833 3.433393 -0.539794 -0.817671 -0.716797
14 0.011395 -0.028762 0.072039 -0.200415 0.008251 -0.021780 -0.122913 0.196041 0.014444 -0.063689 -0.064062 0.032195 -0.081269 0.248524
9 -0.006391 -0.074226 0.113798 0.015667 -0.036868 -0.158296 -0.438524 -0.027933 0.788958 -0.071236 0.002884 -0.014722 0.010602 -0.103712
1 1.720212 -0.101544 -0.173303 -0.106763 -0.154016 -0.148425 -0.256658 -0.030417 -0.098919 -0.149322 -0.161673 -0.104932 -0.111935 -0.122304
6 0.163853 0.084200 -0.086819 0.056924 -0.036917 0.247444 -0.335994 0.026894 -0.081212 -0.083219 0.030913 0.051272 -0.162271 0.124932
1 0.336799 -0.037837 -0.040510 -0.035715 -0.039657 -0.054696 -0.013894 -0.033107 0.002928 -0.030983 -0.038447 0.062685 -0.032322 -0.045242
6 0.062248 -0.040818 -0.016159 0.014141 -0.018025 0.250316 -0.041305 -0.008916 -0.052014 -0.104755 -0.071677 -0.041129 0.064465 0.003628
6 -0.093815 0.111146 -0.024105 0.085648 0.006259 0.174145 0.010456 -0.025347 -0.063381 -0.141175 -0.057628 0.126878 -0.041655 -0.067428
5 -0.329156 -0.139010 -0.423352 -0.130641 1.979138 0.156960 -0.106046 -0.124954 -0.217691 -0.162379 -0.231792 0.260729 -0.208062 -0.323744
5 0.053685 -0.197590 -0.004403 -0.196946 1.138114 -0.018316 -0.363235 -0.084550 -0.034703 -0.053677 -0.108050 0.026791 -0.209605 0.052485
14 0.140984 0.011114 0.108007 -0.164730 0.024188 0.059380 -0.188621 0.001983 -0.152395 0.066174 -0.055894 0.033992 -0.105745 0.221562
3 -0.033883 -0.129384 0.553834 0.019492 0.228494 -0.113675 -0.183797 -0.116648 0.028355 -0.167545 -0.119583 0.014306 0.003028 0.017004
3 0.053890 -0.085628 1.050411 -0.157073 -0.182422 0.022124 -0.159278 -0.030172 -0.050982 -0.110441 -0.031080 -0.163694 -0.150477 -0.005178
4 -0.125950 0.073114 -0.046909 0.207333 -0.051852 -0.057022 0.134622 0.004835 -0.113972 -0.056047 0.053516 0.058627 -0.097700 0.017404
1 5.061669 -0.328006 -0.380127 -0.358669 -0.394852 -0.478345 -0.412579 -0.366944 -0.425777 -0.383189 -0.366406 -0.374037 -0.504367 -0.288371
11 -0.266635 -0.217821 -0.056785 -0.046070 -0.327588 -0.238145 -0.260118 -0.126682 -0.015945 -0.271690 2.171771 -0.144775 -0.037093 -0.162425
4 -0.051516 -0.060588 -0.004959 0.397067 -0.173137 0.161726 0.003444 -0.093680 -0.006992 -0.013119 -0.099529 -0.026516 0.000827 -0.033029
12 -0.301415 -0.166057 -0.005305 0.167656 -0.056191 -0.001017 0.123213 -0.254730 -0.073779 0.117795 -0.063140 0.555992 -0.132183 0.089161
14 0.022958 0.003388 0.207653 -0.233267 -0.183614 -0.009379 -0.239431 -0.083504 -0.219646 0.015629 0.139876 0.023317 -0.166587 0.722609
11 -0.104021 -0.233470 -0.124075 -0.315119 -0.181533 -0.149685 -0.226605 -0.030520 -0.137737 -0.262655 2.008392 0.022919 -0.154863 -0.111029
3 -0.025343 -0.138594 1.230572 -0.061959 -0.104720 -0.149417 -0.196104 -0.112976 0.101803 -0.138202 -0.041398 -0.194441 -0.091742 -0.077478
12 0.168601 0.056559 0.104817 -0.131760 0.031671 -0.194198 -0.281857 -0.131195 0.046501 -0.043699 -0.019311 0.220126 0.076985 0.096760
6 -0.092126 -0.121610 -0.073758 -0.092505 -0.077354 0.357093 0.028249 -0.152182 0.054164 -0.101934 0.088276 0.050228 -0.092323 0.225783
9 -0.122245 0.073844 0.018013 -0.132047 -0.007946 0.050046 -0.040519 -0.064611 0.310519 0.025045 0.061184 -0.051730 -0.087129 -0.032424
2 -0.156151 0.203546 -0.046697 -0.014667 0.045528 -0.070405 0.003893 0.071721 -0.066899 -0.041266 -0.073060 0.014071 0.004436 0.125949
8 -0.196507 0.028100 -0.182150 0.190093 0.072967 -0.040090 0.068035 0.305255 -0.101228 -0.141851 0.016537 -0.027672 -0.051361 0.059872
14 -0.018378 0.001915 -0.022689 -0.079624 -0.036917 -0.061603 -0.065742 -0.084774 0.081373 -0.022140 -0.062304 0.093573 -0.022201 0.299510
2 0.086071 0.905089 -0.087576 -0.169472 -0.098852 0.016110 -0.342426 -0.112501 0.054695 -0.008676 -0.112732 -0.087878 0.081523 -0.123375
1 3.096829 -0.111468 -0.222315 -0.439424 -0.340640 0.091030 -0.581726 -0.006560 -0.270074 -0.355675 -0.139240 -0.183671 -0.434129 -0.102938
2 0.104726 0.147242 -0.006480 -0.131208 0.091469 -0.096120 -0.299771 0.047973 0.038664 0.038035 0.043135 -0.075714 0.061898 0.036150
5 -0.087576 -0.147421 -0.066876 -0.016184 1.147174 -0.108773 -0.089994 -0.080543 -0.083822 -0.094990 -0.075253 -0.106903 -0.086765 -0.102075
6 0.134301 -0.049874 0.023202 -0.043878 -0.039741 0.205707 -0.129410 0.060218 -0.046595 -0.029206 -0.031820 -0.107649 0.018074 0.036671
6 0.065777 -0.181664 0.022931 -0.212378 -0.062054 0.616900 -0.285872 0.014063 0.060506 -0.115257 -0.169789 0.040307 -0.126015 0.332544
12 -0.077497 0.209189 -0.200660 0.015649 0.266343 -0.130234 -0.178761 0.008871 -0.109257 -0.211300 -0.101410 0.322726 0.024388 0.161952
7 -0.323848 -0.278675 -0.565735 -0.272165 -0.411278 -0.522262 5.250660 -0.413810 -0.573228 -0.367580 -0.284303 -0.323564 -0.537088 -0.377124
14 0.087090 -0.254084 -0.270380 -0.098119 -0.242259 -0.113200 -0.081425 0.148553 -0.195538 -0.045036 -0.157813 0.115207 -0.142491 1.249494
2 0.002944 0.164089 -0.033244 -0.042815 0.014884 0.007204 -0.010735 -0.071907 -0.046412 0.049806 -0.005239 0.029272 0.014881 -0.072729
2 -0.262545 1.156977 -0.154960 -0.103064 -0.265827 -0.170801 0.087932 -0.218764 -0.215208 -0.145735 0.479324 -0.114324 -0.158053 0.085050
2 -0.105632 0.837707 -0.082774 0.085279 -0.065426 -0.049676 0.014696 -0.288985 -0.142877 -0.072018 0.008101 -0.014464 -0.057562 -0.066368
14 0.141785 0.041822 -0.082820 -0.014694 -0.088302 -0.015957 -0.106409 0.082882 -0.138602 -0.083126 0.014345 0.074524 -0.010271 0.184824
6 0.000962 -0.068047 -0.058761 0.109605 -0.063128 0.196319 0.150951 0.034335 -0.058760 -0.086653 0.010519 -0.101056 -0.078005 0.011718
3 0.210288 0.032289 0.591408 -0.105330 -0.166075 -0.188984 -0.211445 0.106485 -0.236084 0.000217 0.180682 0.027896 -0.118346 -0.123001
13 -0.009000 0.012026 -0.086977 -0.117191 0.112881 -0.076949 -0.033282 0.018112 0.042031 -0.062180 0.020080 0.013372 0.277514 -0.110437
3 -0.155449 -0.243902 2.685945 -0.171795 -0.223158 -0.011342 -0.312246 -0.065314 -0.193218 -0.343842 -0.316129 -0.086755 -0.438639 -0.124158
6 -0.242532 -0.261572 -0.100728 0.051008 -0.387702 1.809791 -0.159805 -0.090756 -0.026977 -0.228511 -0.150894 -0.081344 0.050552 -0.180531
12 0.081610 -0.175424 0.096741 -0.114752 0.046200 -0.026090 -0.207271 -0.069292 0.014668 0.057996 0.069583 0.304278 -0.001331 -0.076916
6 -0.006608 -0.042672 0.056501 -0.073954 0.009535 0.229996 -0.267511 -0.050362 -0.156562 0.041519 -0.066596 0.177675 -0.066989 0.216026
13 -0.005765 -0.065699 -0.169840 0.165091 -0.070862 0.001560 0.186054 -0.192892 -0.114621 -0.006660 -0.041046 0.003617 0.337536 -0.026472
11 -0.145210 0.303458 -0.163502 0.067244 -0.144219 -0.048122 0.013657 -0.078138 -0.087756 -0.116098 0.592084 -0.035062 -0.079542 -0.078794
1 0.271957 0.028547 0.068079 -0.131386 0.083576 -0.138758 -0.216030 0.124237 0.071818 -0.193943 -0.210792 0.067853 0.238079 -0.063239
14 0.015146 -0.097425 0.044292 -0.196640 0.055380 -0.115546 -0.249812 -0.171610 0.037622 0.029738 -0.047505 0.033630 -0.016179 0.678911
6 0.055708 -0.025084 -0.034914 0.028939 -0.098542 0.133364 -0.039248 -0.049279 -0.028036 -0.009896 -0.052668 0.084188 -0.035634 0.071102
14 -0.002188 -0.294318 0.024371 -0.050657 -0.096610 0.198341 -0.353714 -0.129244 -0.029841 -0.061537 -0.169546 0.099796 -0.268354 1.133501
11 -0.149594 -0.259449 -0.298259 -0.202126 -0.294589 -0.559498 -0.818584 -0.316801 -0.154546 -0.446446 3.865781 -0.023456 -0.008615 -0.333819
7 0.066593 0.038219 0.015294 -0.052002 -0.062300 -0.046159 0.205844 -0.125292 0.043850 -0.143626 0.002457 -0.012386 -0.076463 0.145971
6 -0.141707 0.005282 -0.117687 -0.031450 -0.030372 0.639661 -0.074530 0.075447 -0.115516 -0.078794 -0.007351 0.067490 -0.131024 -0.059449
4 -0.275535 -0.461077 -0.278135 4.066723 -0.471463 -0.329520 -0.379490 -0.192987 -0.214451 -0.259600 -0.255858 -0.313419 -0.325086 -0.310102
4 -0.315555 -0.387741 -0.412261 4.211926 -0.359021 -0.375306 -0.276806 -0.280023 -0.339269 -0.314292 -0.266854 -0.394467 -0.302998 -0.187334
4 -0.237413 0.077800 -0.431638 2.323636 -0.234106 -0.150688 -0.103608 0.010796 -0.419991 -0.216548 -0.091508 -0.321072 -0.278086 0.072426
7 -0.423960 -0.173006 -0.366863 -0.430099 -0.612967 -0.250185 5.312725 -0.441258 -0.362601 -0.484893 -0.523279 -0.359775 -0.514586 -0.369253
7 -0.564950 -0.417553 -0.487077 -0.522640 -0.550646 -0.648029 6.317633 -0.489078 -0.513231 -0.430470 -0.282638 -0.534364 -0.361136 -0.515820
7 0.216742 -0.132504 0.154736 0.001762 -0.095819 -0.073423 0.275210 -0.056592 -0.059366 -0.109906 -0.094744 -0.010222 -0.041509 0.025635
7 -0.484618 -0.699360 -0.508680 -0.554995 -0.644497 -0.670467 7.402346 -0.518777 -0.541657 -0.554695 -0.418825 -0.578189 -0.599212 -0.628375
7 -0.417197 -0.410415 -0.398906 -0.458851 -0.444093 -0.484475 5.269799 -0.355125 -0.424456 -0.379506 -0.348856 -0.405955 -0.403036 -0.338928
6 -0.089946 -0.043732 -0.191421 -0.187650 -0.186270 1.761192 -0.003819 -0.152994 -0.250019 -0.080951 -0.114130 -0.087786 -0.188092 -0.184382
9 -0.092444 -0.007897 -0.110743 0.111638 -0.106507 0.017005 -0.004963 0.005842 0.136778 -0.061202 0.051849 0.059046 -0.047062 0.048662
12 0.084120 -0.016925 0.112997 0.016367 -0.071783 0.200094 -0.209024 -0.113688 -0.056242 0.158088 0.067082 0.213791 -0.336453 -0.048425
8 -0.084603 0.084014 0.085548 -0.108063 0.045420 0.027171 0.026385 0.388400 0.021424 -0.273901 -0.096029 -0.013175 -0.024660 -0.077932
2 -0.139059 0.281218 -0.262969 0.167626 -0.051508 -0.055738 0.030921 0.171354 -0.071887 -0.082216 0.095942 -0.071398 0.049840 -0.062127
13 0.007171 -0.073340 0.075132 0.054536 -0.237081 0.304700 -0.275337 -0.072591 -0.042711 0.033301 -0.226823 -0.090245 0.519532 0.023756
4 -0.414191 -0.276162 -0.531614 4.209390 -0.454249 -0.414362 0.016490 -0.211253 -0.173887 -0.367234 -0.393796 -0.435245 -0.098666 -0.455221
4 -0.423569 -0.481753 -0.339697 4.124559 -0.382269 -0.376704 -0.366736 -0.292130 -0.325613 -0.171779 -0.303848 -0.268427 -0.136268 -0.255766
4 -0.397394 -0.394647 -0.365003 4.217936 -0.505882 -0.242507 -0.187849 -0.377854 -0.269083 -0.268740 -0.346788 -0.207218 -0.410924 -0.244047
11 0.081403 0.013117 0.015182 -0.123726 -0.083627 -0.049373 -0.261555 0.030804 0.014148 -0.107817 0.504642 0.018850 -0.016654 -0.035393
7 -0.051107 0.018416 -0.026315 -0.074756 0.030826 -0.082072 0.236888 -0.005901 -0.094420 -0.002431 0.092294 -0.059724 0.042379 -0.024077
3 -0.015344 -0.045274 0.370204 -0.087459 0.076022 0.126064 -0.177678 -0.060945 0.176156 -0.174406 0.036029 -0.113153 -0.036612 -0.073605
4 -0.348550 -0.213362 -0.454678 4.190520 -0.415750 -0.316756 -0.157763 -0.201671 -0.492599 -0.364551 -0.101336 -0.532027 -0.293172 -0.298308
5 -0.254966 -0.186384 -0.205210 -0.097233 2.195072 -0.306886 -0.111407 -0.128686 -0.254122 -0.225222 -0.121193 -0.012603 -0.200336 -0.090825
13 -0.088470 0.035776 -0.060643 0.064925 -0.065222 0.199024 -0.073219 -0.047545 0.003260 -0.090726 -0.119337 -0.046469 0.226401 0.062247
9 0.016905 -0.015506 0.071353 0.042356 -0.030607 -0.052258 -0.050217 -0.012637 0.097815 -0.006881 -0.025016 -0.016762 -0.020189 0.001645
11 -0.220377 -0.172509 -0.099252 -0.323224 -0.289722 -0.193238 -0.168377 -0.237962 -0.166975 -0.392105 2.845399 -0.068955 -0.213381 -0.299325
11 -0.398566 -0.234146 -0.386183 -0.173477 -0.336235 -0.284743 -0.201320 -0.237036 -0.309962 -0.361950 3.585949 -0.208379 -0.224974 -0.228978
11 0.190262 -0.044516 -0.308381 0.000186 -0.149736 0.353401 -0.230788 0.121388 -0.260596 -0.260931 0.636385 0.121123 -0.129872 -0.037926
6 0.085492 -0.060365 0.165874 -0.230462 0.007302 0.193182 -0.275316 -0.047549 0.175114 -0.013297 -0.128035 0.057687 -0.040025 0.110398
1 2.821074 -0.090661 -0.259673 -0.300193 -0.233361 -0.246227 -0.244201 -0.230990 -0.271466 -0.386560 -0.258364 -0.165003 -0.101830 -0.032545
13 -0.064522 -0.090768 0.061467 -0.014850 -0.099819 -0.026508 -0.013381 -0.059425 -0.168518 -0.126077 0.015923 -0.116298 0.678934 0.023844
3 0.124707 -0.007059 0.701035 0.050692 -0.080774 -0.223138 -0.276954 -0.126747 0.205195 -0.021558 -0.254502 -0.027520 -0.095626 0.032248
4 -0.318433 -0.260988 -0.492294 4.229366 -0.369504 -0.467283 -0.240836 -0.237294 -0.497031 -0.289414 -0.268220 -0.405902 -0.249911 -0.132255
4 -0.121278 -0.041107 -0.400696 4.129409 -0.386798 -0.159528 -0.412698 -0.197279 -0.566933 -0.478125 -0.227583 -0.341316 -0.480582 -0.315486
2 -0.073183 1.016144 -0.084617 0.056666 0.027923 -0.123424 -0.165428 -0.219580 -0.203942 -0.207250 -0.148384 -0.037092 -0.056679 0.218848
4 -0.029727 -0.026291 0.157651 0.163292 -0.072754 -0.181155 -0.096267 -0.123495 0.050044 0.064161 0.009850 0.016397 -0.001222 0.069516
1 0.000000 0.000000 0.000000 0.000000 0.000000 0.000000 0.000000 0.000000 0.000000 0.000000 0.000000 0.000000 0.000000 0.000000
2 -0.316937 1.178071 -0.177229 0.014623 -0.128048 0.043387 -0.093288 0.000887 -0.206100 -0.117313 0.034637 -0.096619 -0.095356 -0.040715
13 0.047498 -0.044480 0.073471 0.042424 0.011838 -0.191052 -0.211297 -0.075452 -0.068488 0.015761 -0.078402 -0.001247 0.379429 0.099998
1 2.948796 -0.264182 -0.179608 -0.081812 -0.274006 -0.161459 -0.268093 -0.069449 -0.187085 -0.380207 -0.282285 -0.263849 -0.377173 -0.159587
7 -0.520718 -0.579249 -0.596986 -0.435003 -0.683705 -0.645295 7.262101 -0.609092 -0.629752 -0.568506 -0.338031 -0.496196 -0.540535 -0.619033
6 -0.534834 -0.402811 -0.377093 -0.374004 -0.462491 5.307155 -0.489320 -0.240112 -0.365054 -0.464759 -0.370495 -0.402695 -0.455755 -0.367732
4 0.102221 -0.110288 -0.094276 0.132782 0.017986 0.075274 -0.017362 0.052385 -0.074837 -0.026696 -0.018586 -0.045582 -0.084973 0.091951
6 0.049148 -0.004280 0.116264 -0.149852 0.112035 0.357343 -0.707893 -0.095856 0.181952 0.085069 0.039973 -0.133463 0.150889 -0.001329
1 2.981641 -0.131516 -0.246954 -0.327319 -0.247672 -0.192933 -0.326957 -0.244209 -0.217694 -0.200468 -0.183116 -0.236908 -0.341979 -0.083917
3 -0.026418 0.009107 0.173211 0.041064 -0.121970 -0.100433 0.075809 -0.047839 -0.103741 0.003259 0.067763 0.043300 -0.098766 0.085653
3 0.013869 -0.011099 0.326446 -0.115883 -0.082601 -0.049929 -0.272948 -0.084899 0.246832 0.324245 -0.102171 0.132925 -0.254498 -0.070288
1 0.324667 0.133384 -0.204599 0.023314 -0.047166 -0.046945 -0.097987 -0.119224 -0.061486 -0.073372 0.030079 0.024055 0.058174 0.057106
8 -0.038759 -0.105871 0.007147 -0.084978 0.156430 -0.023092 -0.116655 0.365009 -0.005449 -0.017285 0.017867 -0.023832 -0.010469 -0.120064
7 -0.456406 -0.376387 -0.409570 -0.324766 -0.425443 -0.497028 5.010552 -0.352682 -0.526736 -0.527797 -0.398941 -0.365580 0.026141 -0.375357
8 0.000000 0.000000 0.000000 0.000000 0.000000 0.000000 0.000000 0.039952 -0.018347 -0.000530 -0.011766 0.000000 -0.009309 0.000000
11 -0.019817 0.090361 -0.024559 -0.102962 0.027434 0.086902 -0.140663 -0.052545 -0.086868 -0.130262 0.484254 -0.059527 -0.065944 -0.005804
10 0.140771 -0.022490 0.081108 -0.020124 -0.011655 -0.012410 -0.356175 0.010711 -0.050942 0.389917 -0.081198 0.040593 -0.165801 0.057694
14 0.034397 0.048092 0.009259 -0.115610 -0.020563 -0.021503 0.042109 -0.024901 0.107455 -0.055626 -0.138283 0.080096 -0.153239 0.208318
13 -0.083536 -0.103994 0.168592 -0.048641 -0.024769 0.003493 -0.057006 -0.056836 -0.099649 -0.045968 -0.035411 -0.052065 0.487417 -0.051627
2 1.294549 1.835041 -0.359476 -0.389867 -0.264118 -0.114180 -0.427181 -0.230990 -0.209050 -0.370870 0.010677 -0.285107 -0.236086 -0.253341
6 0.001004 0.000000 -0.032230 -0.044497 -0.030495 0.121517 -0.000593 -0.027321 0.002588 -0.012222 -0.019489 0.033053 0.047893 -0.039208
2 0.022253 1.264837 -0.059584 -0.159748 -0.037930 -0.082851 -0.352101 0.134233 0.021393 -0.177815 -0.092519 -0.250588 -0.162820 -0.066760
4 -0.066218 0.037891 -0.081525 0.096147 -0.032754 -0.020781 0.071396 -0.028422 -0.117500 -0.002569 0.054047 0.057137 -0.023309 0.056458
4 -0.385456 -0.381662 -0.543571 4.001374 -0.553181 1.309511 -0.568069 -0.321924 -0.363149 -0.440998 -0.509622 -0.464103 -0.351574 -0.427575
1 5.006909 -0.367996 -0.389144 -0.383863 -0.364052 -0.444373 -0.362945 -0.397674 -0.264486 -0.457614 -0.341140 -0.417844 -0.431113 -0.384664
1 4.958617 -0.203825 -0.466365 -0.339946 -0.324444 -0.253391 -0.550580 -0.340533 -0.348426 -0.435805 -0.290595 -0.545943 -0.458493 -0.400271
1 3.245855 -0.205679 -0.292736 -0.351389 -0.385043 -0.218148 -0.269609 -0.155967 -0.182539 -0.222647 -0.235168 -0.127888 -0.261838 -0.337203
8 -0.103241 0.342555 -0.056118 -0.242684 0.015252 -0.195747 -0.290432 0.408211 0.370577 0.071762 0.205739 -0.247016 -0.095355 -0.183504
4 -0.305631 -0.270288 -0.467901 4.441004 -0.458289 -0.271194 -0.336277 -0.335409 -0.434678 -0.325228 -0.272251 -0.326632 -0.439149 -0.198078
7 0.040623 -0.041520 -0.016549 0.039533 -0.072005 0.037673 0.102350 0.014632 0.094824 -0.117938 -0.070958 0.005497 -0.056546 0.040385
2 -0.160322 1.479816 -0.039349 -0.072662 -0.223816 -0.121194 -0.017408 -0.165133 0.013394 -0.045234 -0.144282 -0.183541 -0.148477 -0.171792
1 0.375617 -0.085686 0.018190 0.027244 0.003065 -0.004147 -0.038332 -0.053346 -0.054051 -0.065684 -0.004562 0.027433 -0.086104 -0.059636
10 0.138191 -0.109404 -0.086245 -0.129028 -0.112648 0.190661 0.092218 0.197870 -0.125736 0.238624 -0.108031 -0.111431 -0.124656 0.049615
9 0.046350 0.093948 0.026580 0.018304 -0.160312 -0.146014 -0.074453 -0.071806 0.132314 -0.054164 0.002196 0.051740 0.107074 0.028244
9 0.035056 -0.097415 0.036764 -0.137534 0.130984 0.159912 -0.223105 -0.051286 0.409795 -0.053259 -0.016141 -0.083027 0.005404 -0.116148
9 -0.018399 -0.042461 0.155002 -0.191296 0.033280 -0.011779 -0.268003 0.118425 0.315848 0.044107 -0.028061 -0.040718 -0.057473 -0.008471
5 -0.031981 -0.179987 0.377435 -0.138127 1.035672 0.090516 -0.251155 0.111335 -0.019419 -0.245683 -0.299459 0.002495 -0.386564 -0.065079
4 -0.212957 -0.346220 -0.484421 4.277518 -0.444870 -0.348070 -0.308568 -0.257683 -0.382088 -0.373514 -0.275636 -0.344421 -0.210853 -0.288218
4 -0.394608 -0.155722 -0.334035 4.198439 -0.287542 -0.323294 -0.240945 -0.301984 -0.281067 -0.362418 -0.494857 -0.209671 -0.423643 -0.388652
4 -0.330344 -0.333104 -0.398800 4.538131 -0.430619 -0.336457 -0.399516 -0.322609 -0.549162 -0.087790 -0.288094 -0.294126 -0.512126 -0.255385
4 -0.231118 -0.157332 -0.294725 2.453318 -0.230512 -0.227460 -0.112405 -0.125644 -0.288117 -0.170775 -0.132558 -0.164964 -0.192514 -0.125194
4 0.127311 -0.100409 0.022005 0.354637 -0.069781 0.049088 -0.432294 0.200183 0.160874 -0.093045 -0.249355 0.069653 -0.018560 -0.020307
1 2.781457 -0.164516 -0.163859 -0.341520 -0.252353 -0.179494 -0.476689 -0.099542 -0.113944 -0.169588 -0.255064 -0.082368 -0.235670 -0.246851
7 0.004017 -0.254121 0.125315 -0.131429 -0.092143 0.044440 0.371940 -0.019127 -0.039696 -0.064258 0.034943 0.047106 0.000251 -0.027238
8 -0.002008 -0.179126 -0.060694 0.074525 -0.026983 -0.075302 -0.164315 0.746424 -0.030369 -0.045719 -0.061475 -0.149394 0.021475 -0.047039
1 3.172330 -0.241483 -0.238500 -0.257709 -0.187013 -0.433823 -0.430114 -0.264137 -0.126772 -0.391709 -0.186184 -0.247862 0.068535 -0.235560
1 3.121060 -0.095086 -0.192813 -0.026465 -0.348817 -0.372518 -0.295508 -0.363963 -0.093579 -0.344451 -0.234348 -0.184634 -0.253178 -0.315701
3 -0.089496 -0.178899 0.551651 0.181938 -0.147963 -0.036448 0.045209 -0.155996 -0.043268 -0.143745 0.047221 0.068168 -0.050235 -0.048137
3 -0.085471 -0.075537 1.050887 -0.130969 -0.158639 -0.041370 -0.085725 0.149962 0.006683 -0.100839 -0.148433 -0.080561 -0.149923 -0.150064
1 2.067030 -0.088674 -0.135485 -0.202328 -0.106073 -0.156247 -0.286671 -0.130374 0.060959 -0.246006 -0.069533 -0.279343 -0.190144 -0.237112
3 -0.132623 -0.101241 2.363967 -0.215853 -0.153159 -0.050854 -0.287100 -0.031129 -0.198680 -0.358426 -0.154218 -0.091647 -0.350766 -0.238271
14 0.148189 -0.058529 -0.001851 -0.166030 0.091425 -0.050420 -0.272071 0.203847 -0.013983 -0.015867 0.013842 -0.024862 -0.074358 0.220668
14 -0.065831 -0.254018 -0.079425 0.032313 -0.075264 -0.101840 -0.083643 0.041011 -0.161648 -0.085875 -0.008940 -0.085390 -0.116016 1.044567
8 -0.109167 0.009218 -0.101899 0.038528 -0.194435 -0.093697 0.226619 0.787072 -0.106696 0.048554 -0.136916 -0.090939 -0.159556 -0.116688
3 -0.004769 -0.164607 1.143096 0.041897 -0.105206 -0.021094 -0.210683 -0.182665 0.080810 -0.164339 -0.061695 -0.041606 -0.221439 -0.087699
6 -0.228792 -0.172555 -0.183599 -0.131789 -0.231145 2.125750 0.249854 -0.226176 -0.189787 -0.223080 -0.176913 -0.145662 -0.283174 -0.182931
3 0.023222 -0.124716 0.317385 -0.201565 -0.130090 0.068636 -0.205349 -0.144098 0.145132 -0.000530 -0.070936 0.173017 0.202675 -0.052782
3 -0.082662 -0.130317 1.903015 -0.241965 -0.249747 -0.094912 -0.354218 -0.110393 -0.010605 -0.206068 -0.085337 0.020019 -0.272735 -0.084075
9 0.076972 0.059863 0.100565 -0.059415 -0.012028 -0.090507 -0.134693 -0.005438 0.130432 -0.028936 -0.048172 0.030646 -0.027560 0.008273
11 -0.111167 -0.143103 -0.089436 -0.041044 0.037765 -0.143147 0.154677 0.061659 -0.069222 -0.107648 0.504749 -0.110743 -0.087429 0.144089
11 -0.182640 -0.009141 -0.171912 0.151993 -0.151106 -0.084770 0.034819 0.073484 0.012310 0.057944 0.429886 0.112907 -0.059703 -0.214070
11 -0.325535 -0.405428 -0.385672 -0.123429 -0.351208 -0.411304 -0.237117 -0.197431 -0.312816 -0.331242 3.838710 -0.306268 -0.244978 -0.206283
11 -0.085789 0.106184 -0.183206 -0.048087 0.009530 -0.081628 -0.133266 0.013296 -0.206952 -0.199940 0.867778 0.056450 -0.058441 -0.055928
1 3.134209 -0.165964 -0.047178 -0.328354 -0.174423 -0.166506 -0.347578 -0.231165 -0.292721 -0.318020 -0.345721 -0.208334 -0.310724 -0.197522
5 -0.068784 -0.150134 -0.222665 -0.083629 1.552666 -0.111080 -0.017356 -0.220296 -0.246847 -0.059041 -0.036964 -0.203498 0.024952 -0.157323
4 -0.398026 -0.189352 -0.611300 4.532249 -0.170445 -0.199668 -0.326562 -0.261711 -0.377884 -0.363445 -0.502847 -0.272312 -0.457957 -0.400740
7 -0.489120 -0.325454 -0.435692 -0.544129 -0.468386 -0.572502 6.195082 -0.498224 -0.447826 -0.426454 -0.669486 -0.416702 -0.409192 -0.491917
3 0.080251 -0.096549 0.199893 -0.091698 -0.032165 0.182091 -0.045957 0.002438 0.087965 0.122639 -0.167869 0.073318 -0.400739 0.086383
5 -0.150895 0.008962 -0.124963 0.106552 1.181320 -0.003717 -0.047960 -0.088867 -0.124224 -0.157496 -0.163393 -0.076734 -0.244954 -0.113630
4 -0.164286 -0.297110 -0.453211 4.217095 -0.312063 -0.316768 -0.315345 -0.220653 -0.380295 -0.096452 -0.468721 -0.331141 -0.428142 -0.432907
6 -0.423906 -0.383312 -0.509125 -0.501871 -0.441344 5.582782 -0.387782 -0.335451 -0.420507 -0.295059 -0.547486 -0.384885 -0.549077 -0.402976
8 -0.096390 -0.149581 0.034376 -0.001333 -0.052622 0.219257 -0.104814 0.432296 -0.010857 -0.105440 -0.238661 0.263379 -0.051943 -0.137665
6 -0.298685 -0.297535 -0.243209 -0.263823 -0.223454 3.739452 -0.300330 -0.294355 -0.302245 -0.224131 -0.268868 -0.277859 -0.422822 -0.322137
6 0.055335 -0.031477 -0.044728 -0.054591 -0.097102 0.309656 -0.001194 -0.062352 0.233335 -0.102831 -0.076161 -0.025455 -0.106938 0.004504
9 0.098795 0.053141 0.088609 0.006467 -0.130810 0.004086 0.029866 0.011515 0.150087 -0.069140 0.129402 -0.052163 -0.196179 -0.123675
13 0.013581 -0.057231 0.084058 -0.050825 -0.072128 -0.191401 -0.295320 -0.113316 0.363908 -0.061997 -0.104235 -0.155297 0.766285 -0.126083
13 0.152474 0.055267 -0.008309 -0.073978 -0.098686 0.072887 -0.085017 -0.119998 -0.048441 -0.075179 0.026931 0.068498 0.256210 -0.122659
14 0.011982 -0.077857 -0.026565 -0.029497 0.022856 0.003363 -0.047195 0.096099 0.006256 -0.073139 -0.007289 -0.007658 0.002623 0.126019
9 -0.224863 -0.081405 -0.095050 -0.129043 0.225866 -0.042217 -0.077800 -0.023753 0.531200 0.016430 -0.041523 -0.074338 0.033870 -0.017373
1 0.312815 -0.225296 0.104228 -0.031445 -0.142387 -0.008469 -0.190681 0.036853 -0.002878 -0.101784 -0.010236 0.297264 -0.140018 0.102033
4 -0.343721 -0.356040 -0.434096 4.175621 -0.422558 -0.373181 -0.239862 -0.166873 -0.252857 -0.364912 -0.350711 -0.338486 -0.293139 -0.239186
14 0.142306 -0.102390 0.044475 -0.144711 0.025416 -0.121899 -0.158206 -0.032685 0.091414 -0.101851 -0.045252 0.041796 0.128933 0.232654
4 -0.266025 -0.258064 -0.407256 2.822932 -0.255292 -0.024236 -0.187940 -0.341090 -0.416493 -0.224261 -0.016311 -0.268695 0.017615 -0.174884
4 -0.362114 -0.229893 -0.636629 4.843634 -0.457383 -0.270530 -0.078278 -0.304782 -0.558477 -0.479392 -0.259492 -0.520364 -0.387123 -0.299176
3 -0.313091 0.113967 2.531123 -0.277618 -0.184384 0.145235 -0.241011 -0.146779 -0.115979 -0.377340 -0.173108 -0.193983 -0.401519 -0.365512
1 0.269565 -0.022375 0.254660 0.135408 -0.200768 0.026209 -0.150302 0.009712 -0.160105 0.019507 -0.074050 0.007430 -0.134340 0.019451
8 0.026603 0.103237 -0.110861 0.023077 -0.074823 0.038548 -0.126319 0.109314 0.075299 -0.074492 -0.052249 0.042828 0.023300 -0.003462
6 0.013006 0.048897 0.072359 -0.013549 0.057418 0.149402 -0.274727 0.005696 -0.054586 0.044534 0.005640 -0.035736 -0.053343 0.034990
4 -0.164883 0.000251 -0.008042 0.142717 -0.038778 0.008299 0.016245 -0.012457 -0.003869 -0.151952 -0.025811 0.065386 0.136583 0.036311
2 0.047322 0.198798 -0.093949 0.026056 -0.074752 0.078805 -0.148350 0.037784 0.035618 -0.110045 0.123851 -0.208590 -0.093056 0.180509
8 -0.184145 0.052172 -0.091795 -0.129311 0.095319 0.174034 0.083427 0.225801 -0.268834 -0.133675 0.072424 0.039895 -0.147221 0.211908
4 0.200797 -0.206755 -0.040878 0.218940 -0.085212 -0.014605 -0.066330 0.014992 0.004067 -0.105445 -0.082913 0.041201 0.048101 0.074038
6 0.105060 -0.069597 0.066689 -0.173294 0.016219 0.180588 -0.234056 0.169962 -0.008673 0.055850 -0.108401 -0.118682 0.033179 0.085157
4 -0.212053 -0.356319 -0.423720 4.107776 -0.415581 -0.303001 -0.311343 -0.127166 -0.200233 -0.460183 -0.270872 -0.456120 -0.347778 -0.223410
4 -0.335367 -0.397942 -0.478670 4.223502 -0.363149 -0.355505 -0.202306 -0.203883 -0.392597 -0.296810 -0.298458 -0.365535 -0.204571 -0.328709
1 0.172210 0.028517 0.021607 -0.072346 -0.034831 0.093083 -0.020402 0.036286 -0.042610 -0.046541 -0.042036 -0.005435 -0.085495 -0.002006
12 0.077449 0.188736 -0.002458 -0.194120 0.121900 0.006366 -0.358093 0.206467 -0.163674 -0.126227 -0.162759 0.446824 -0.033826 -0.006585
1 1.586583 -0.079665 -0.050192 -0.138024 -0.264628 -0.053905 -0.179725 -0.171331 -0.055205 -0.117440 -0.210371 -0.051719 -0.173404 -0.040971
14 0.087985 -0.021394 0.102019 -0.114142 -0.113471 0.026852 -0.194601 -0.039162 0.193585 -0.245217 -0.158516 0.002904 0.027098 0.446059
12 0.202081 0.200885 0.009033 -0.134659 -0.054965 -0.015430 -0.147318 -0.118554 -0.165441 0.128547 0.034979 0.217160 -0.226662 0.070344
4 -0.133230 -0.348670 -0.325975 2.604776 -0.337670 -0.136115 -0.240024 -0.095831 -0.169017 -0.210041 -0.253691 -0.078367 -0.329104 0.052961
5 -0.156103 -0.108008 -0.134680 -0.021825 1.556207 -0.181248 -0.163614 -0.198414 -0.060589 -0.142697 -0.030562 -0.097715 0.014269 -0.275022
4 -0.304409 -0.386664 -0.589581 4.416072 -0.228510 -0.440404 -0.336589 -0.245787 -0.422769 0.008094 -0.312567 -0.363900 -0.541490 -0.251496
14 0.011485 -0.137621 0.006805 -0.177012 -0.025446 -0.047094 -0.168296 -0.087114 0.058708 -0.117493 0.011545 -0.126314 -0.061716 0.859564
2 0.027362 0.038726 -0.023952 -0.047157 0.037161 0.016125 -0.016973 -0.049483 0.017691 -0.008616 -0.025963 0.023918 0.001076 0.010088
6 -0.030560 0.001818 -0.040031 -0.074034 0.041419 0.049586 0.043262 0.037938 -0.002608 -0.010815 -0.007591 -0.021366 -0.012784 0.025766
4 -0.286387 -0.432071 -0.463659 4.215213 -0.491528 -0.237014 -0.046649 -0.092013 -0.388451 -0.286942 -0.405379 -0.311157 -0.361057 -0.412906
12 0.166913 -0.304307 0.363372 -0.184094 -0.163371 -0.039763 -0.209663 -0.118703 0.063208 0.392358 -0.111120 0.499638 -0.280042 -0.074425
14 -0.036438 -0.167296 -0.124264 -0.060427 0.042820 0.062778 -0.081465 -0.080331 -0.016823 0.080678 0.029053 -0.027478 0.032161 0.347031
6 -0.355845 -0.167730 -0.206519 -0.221997 -0.260846 3.167908 -0.329462 -0.267995 -0.152059 -0.165348 -0.236344 -0.204556 -0.282577 -0.316631
13 -0.058136 0.022475 -0.055796 -0.041938 0.059122 0.077397 -0.125922 -0.105920 0.082490 -0.057502 -0.021463 0.094393 0.187625 -0.056826
4 -0.031473 -0.035908 -0.110600 0.117896 -0.061239 0.059796 0.013130 -0.101790 0.024133 0.008539 0.072236 0.019564 0.056313 -0.030597
4 -0.515901 -0.294965 -0.567953 4.392702 -0.490946 -0.012667 -0.208209 -0.180738 -0.491802 -0.406549 -0.309919 -0.277976 -0.296482 -0.338594
10 -0.194363 -0.074957 -0.110705 -0.065187 -0.015479 -0.159629 -0.301336 -0.048094 0.090114 1.300285 -0.116597 -0.107613 0.006812 -0.203250
8 -0.037055 0.072947 -0.012437 -0.112764 -0.056903 -0.124467 -0.237654 0.682774 0.007516 0.274533 -0.094518 -0.170087 -0.101029 -0.090857
8 -0.092869 -0.024395 0.007159 -0.060888 -0.197138 0.106006 -0.148388 0.680578 -0.023131 -0.046761 -0.093244 -0.062617 -0.009722 -0.034591
1 2.893871 -0.218513 -0.072353 -0.044058 -0.170128 -0.438173 -0.444600 -0.281588 0.040125 -0.347230 -0.235226 -0.316558 -0.152895 -0.212675
4 -0.126420 -0.040051 -0.307675 2.393586 -0.268220 -0.205845 -0.341363 -0.031717 -0.269962 -0.226613 -0.140995 -0.244725 -0.064115 -0.125887
5 -0.051610 -0.175247 -0.108136 -0.093573 1.133472 -0.109170 -0.252260 0.075400 -0.074427 -0.098795 -0.193399 -0.135358 0.151125 -0.068022
11 -0.287316 -0.044718 -0.390529 -0.039566 -0.155181 -0.334727 -0.153386 -0.282177 -0.338383 -0.213760 3.013916 -0.243149 -0.270937 -0.260086
7 -0.048380 0.022136 -0.035118 0.114388 -0.078756 -0.042881 0.130944 -0.027727 -0.139280 -0.038736 0.027516 0.074598 -0.055145 0.096441
9 0.164354 -0.207895 0.095323 -0.035768 -0.069052 0.042266 -0.145184 0.040787 0.178617 0.141810 -0.134804 0.053131 -0.063883 -0.059700
8 -0.062510 -0.090889 -0.112927 0.035228 0.164729 0.080900 -0.057191 0.227140 0.071060 -0.056206 -0.042769 -0.033083 -0.073744 -0.049739
5 0.155418 0.074250 0.044870 0.032536 0.226041 -0.055545 -0.260386 0.146313 0.006770 -0.187954 -0.175400 -0.007944 0.069945 -0.068914
4 -0.037434 -0.234189 0.002859 0.378911 0.185681 0.138385 -0.308536 -0.008567 0.155427 -0.134083 -0.102946 -0.064436 0.025538 0.003391
1 0.352817 0.050010 0.004382 -0.116762 0.095580 -0.116706 -0.269363 0.044356 0.043914 -0.001890 -0.078781 0.003862 -0.052696 0.041276
4 -0.392106 -0.428142 -0.357883 4.314084 -0.443979 -0.321320 -0.358773 -0.131523 -0.259723 -0.389402 -0.376328 -0.260094 -0.321963 -0.272848
7 -0.153185 -0.060260 -0.242085 0.168630 0.036932 0.024959 0.241721 0.102110 -0.147766 -0.125721 0.133433 0.064845 -0.054927 0.011315
2 -0.013251 0.269153 -0.000361 0.017840 -0.098151 0.004237 -0.305330 -0.081015 0.046662 0.136867 -0.101893 -0.054710 0.147199 0.032753
1 1.794171 -0.262307 0.059566 -0.199509 -0.141927 -0.176008 -0.363470 -0.274239 -0.003368 -0.126377 -0.233809 0.286408 -0.294619 -0.064512
6 -0.140456 -0.142236 -0.280950 -0.256149 -0.096092 2.408967 -0.187736 -0.153546 -0.176313 -0.274136 -0.118958 -0.273987 -0.197764 -0.110644
3 -0.023539 -0.166414 0.633567 -0.213801 0.062189 -0.016991 -0.112721 -0.052573 -0.057868 -0.125119 -0.090759 0.162821 -0.036876 0.038082
5 0.072829 0.188779 -0.262006 -0.095753 1.178635 -0.284055 -0.162837 0.215855 -0.092629 -0.225489 -0.267120 0.006629 -0.089708 -0.183130
8 -0.160188 -0.124168 -0.154434 0.128012 -0.137011 0.133258 -0.200536 1.046785 -0.159235 -0.229704 -0.105995 0.065095 -0.118445 0.016567
14 -0.020533 -0.062284 0.090127 -0.055147 0.056376 -0.067638 -0.073407 0.034395 -0.002860 0.024243 -0.035197 -0.018592 -0.023150 0.153666
1 0.218539 0.152707 0.084662 -0.098656 0.006248 -0.028209 -0.068037 0.006347 -0.102276 -0.003595 0.057483 0.010428 -0.123011 -0.112628
6 0.217090 -0.184273 -0.214356 0.054163 -0.084137 0.932283 -0.312523 -0.144476 0.059019 -0.252240 -0.114202 0.142795 -0.027902 -0.071240
12 -0.205094 0.014030 -0.064869 0.162399 -0.078144 0.122112 -0.121296 0.185093 -0.025627 -0.163399 -0.094608 0.237511 0.073007 -0.041115
3 0.010192 -0.098044 0.945633 -0.037457 -0.057710 -0.048183 -0.153178 -0.068313 -0.045188 -0.078955 -0.148869 -0.125313 -0.084048 -0.010568
12 0.052664 -0.010257 0.016557 -0.058002 -0.036405 -0.056691 0.100989 -0.031879 0.057803 -0.039139 -0.042610 0.149506 -0.056808 -0.045729
14 -0.000494 0.090412 -0.117520 -0.029255 -0.113127 0.116540 -0.173245 -0.026200 0.044041 0.093869 -0.176366 0.098794 0.050298 0.142252
6 0.104386 0.075066 -0.010116 -0.049791 -0.032925 0.155613 -0.220892 0.019638 -0.062647 -0.017799 -0.036918 -0.022323 0.015791 0.082917
11 -0.089169 -0.085101 -0.159143 -0.082997 -0.119428 -0.245485 -0.289202 -0.010655 -0.093722 -0.068770 1.466586 -0.113899 -0.154785 0.045771
13 -0.005586 0.051958 0.010296 -0.009682 -0.001577 -0.035057 -0.029541 -0.016004 -0.043674 0.046716 -0.025777 -0.066857 0.106355 0.018432
14 -0.037549 -0.007412 -0.046385 -0.049232 -0.030313 -0.034984 -0.081778 -0.055607 0.062461 0.129724 -0.011549 0.111679 -0.108537 0.159482
1 5.278354 -0.393505 -0.417698 -0.396200 -0.361249 -0.468482 -0.508488 -0.382262 -0.360302 -0.413229 -0.430212 -0.334963 -0.398779 -0.412985
12 0.046062 0.023786 -0.051106 -0.110016 0.024201 0.003348 -0.049059 -0.094075 0.094936 -0.092777 -0.062362 0.289469 -0.047914 0.025509
12 0.072370 -0.203178 0.094578 0.073356 -0.043874 -0.079857 -0.122185 -0.036325 -0.015451 0.107043 0.051515 0.117958 0.070582 -0.086532
3 -0.017040 -0.110198 0.184462 -0.104889 0.036977 -0.015732 0.010923 0.079448 -0.036251 -0.134537 -0.025222 0.042866 0.080439 0.008754
1 2.831417 -0.195169 -0.167837 -0.243824 -0.301980 -0.347004 -0.240421 -0.231485 -0.072240 -0.236283 -0.133333 -0.228093 -0.182241 -0.251508
1 1.978072 -0.167820 -0.112543 -0.215725 -0.099377 -0.032206 -0.479252 0.002374 -0.020886 0.000086 -0.337962 -0.092235 -0.335998 -0.086528
12 -0.135687 0.095117 -0.178982 -0.041464 -0.047069 0.030876 0.036259 -0.097250 -0.051235 0.014548 -0.006130 0.215486 0.101892 0.063637
6 -0.008416 0.068414 -0.121136 -0.244931 0.007707 1.119365 -0.190775 -0.145900 -0.142090 -0.175644 -0.057136 -0.099444 0.133266 -0.143279
5 -0.254421 -0.005349 -0.141244 -0.240140 1.081978 -0.091744 -0.043096 0.272238 -0.218244 -0.113935 -0.205208 -0.047587 -0.221803 0.228555
6 0.069331 0.059712 -0.213893 -0.058897 -0.080120 0.965084 -0.391996 0.057833 -0.035610 -0.139883 -0.133656 -0.212336 -0.078306 0.192736
3 0.026357 -0.176431 0.434497 -0.032724 -0.112876 -0.121187 -0.239729 -0.097297 -0.005492 -0.022600 0.122518 0.260835 0.054186 -0.090057
2 0.147655 0.242446 -0.129002 -0.088481 -0.116941 0.213126 -0.078931 0.203780 -0.207223 -0.085727 -0.244004 0.176291 -0.152522 0.119533
3 -0.077593 -0.108706 1.903015 -0.243126 -0.236525 -0.090087 -0.352207 -0.102558 -0.029598 -0.226398 -0.085337 0.008871 -0.282595 -0.077156
10 0.132626 0.033220 -0.043817 -0.091626 -0.043950 0.036857 -0.214407 -0.081930 0.142246 0.206298 -0.095613 0.014741 -0.155224 0.160580
6 0.007310 -0.029586 0.015444 0.073069 -0.086702 0.165474 -0.021895 -0.052059 0.000119 -0.038983 -0.018719 -0.032213 0.044485 -0.025745
3 -0.230417 -0.031581 0.580766 0.019920 -0.014073 -0.085501 -0.071413 -0.054412 -0.045523 0.078627 0.097983 -0.074251 -0.125918 -0.044207
10 -0.147110 0.025432 -0.067242 0.017356 -0.078742 -0.059631 -0.177453 -0.162241 -0.063683 1.047741 -0.209502 0.157891 -0.208844 -0.073972
12 -0.071960 -0.153029 0.008675 -0.050810 0.168199 -0.014766 -0.192247 -0.104455 -0.042994 0.248358 -0.033358 0.268854 -0.159008 0.128541
7 -0.416639 -0.444650 -0.434802 -0.436209 -0.504356 -0.453414 5.952856 -0.432028 -0.422593 -0.414150 -0.666797 -0.415457 -0.449626 -0.462138
11 -0.097945 0.052141 -0.007185 0.034823 -0.074517 0.113939 -0.106658 0.118845 -0.147943 -0.139557 0.194768 0.117380 -0.035719 -0.022370
12 -0.194707 -0.055367 -0.029309 0.025432 -0.126852 -0.082850 0.038934 -0.030435 -0.052066 -0.083365 0.044825 0.755701 -0.243778 0.033837
4 -0.066218 0.037891 -0.081525 0.096147 -0.032754 -0.020781 0.071396 -0.028422 -0.117500 -0.002569 0.054047 0.057137 -0.023309 0.056458
11 -0.227874 -0.225801 -0.120410 -0.147275 -0.086766 -0.269162 -0.363966 -0.293044 0.131198 -0.275182 2.120463 0.023625 -0.146010 -0.119798
11 -0.466137 -0.348108 -0.361199 -0.283226 -0.348385 -0.312998 -0.345065 -0.261451 -0.362055 -0.342249 4.200710 -0.282200 -0.262151 -0.225487
2 0.117100 0.284216 0.128588 -0.189428 0.015954 -0.026052 -0.204222 0.217399 -0.162576 -0.084093 -0.012446 0.085166 -0.180746 0.011139
3 -0.070554 -0.108706 1.819519 -0.239465 -0.196573 -0.088109 -0.342237 -0.091380 -0.017763 -0.215574 -0.090804 0.002979 -0.282241 -0.079094
11 -0.061432 0.183020 -0.024743 -0.063279 -0.020557 -0.151393 -0.002916 0.025159 -0.153404 -0.028982 0.378370 -0.097634 0.015793 0.001997
14 -0.121736 0.009807 -0.034911 -0.003989 -0.033000 -0.006882 0.075057 -0.107281 -0.172313 -0.093407 -0.018553 0.085650 0.185774 0.235783
11 -0.036396 0.100630 -0.013070 -0.145498 0.106657 -0.128440 -0.167286 -0.045617 -0.063915 -0.082204 0.337712 0.085338 0.045984 0.006106
2 0.077007 0.144546 -0.138917 -0.065721 -0.037905 0.039038 0.021624 0.041807 -0.002789 -0.148481 0.098437 -0.044207 -0.043256 0.058817
4 -0.035260 0.092937 -0.093459 0.223210 -0.069169 -0.004335 0.079985 -0.054353 -0.130872 -0.036749 0.039786 0.018712 -0.011195 -0.019239
10 0.021541 -0.080446 0.194939 -0.130551 -0.013105 -0.101985 -0.120590 0.041277 0.101713 0.209707 0.159685 -0.024769 -0.164916 -0.092499
11 -0.285702 0.811508 -0.341114 -0.170043 -0.260697 -0.387807 0.024952 -0.224541 -0.306171 -0.267731 2.068426 -0.304560 -0.234442 -0.122079
10 -0.037419 -0.021183 -0.057330 -0.052544 0.043455 -0.046892 -0.063025 -0.086246 -0.038043 0.498292 -0.024563 -0.040844 0.015510 -0.089168
11 -0.140387 -0.139911 -0.388819 -0.080855 -0.135413 -0.109052 -0.317667 -0.153255 -0.327429 -0.101357 2.363845 -0.110497 -0.283647 -0.075557
11 -0.143534 0.020866 -0.113341 0.024236 -0.172516 -0.228391 -0.233580 0.099504 -0.259922 -0.092198 1.392124 0.017632 -0.142736 -0.168145
6 0.011710 -0.079880 -0.127985 0.044959 -0.151094 1.433988 -0.160807 -0.139853 -0.166014 -0.207797 -0.200590 0.079645 -0.253229 -0.083053
13 0.027463 -0.180186 0.017000 -0.157237 -0.019927 -0.164682 -0.083457 -0.016712 0.154320 -0.206303 -0.079288 -0.055422 0.757233 0.007199
5 -0.079435 0.425025 -0.168945 -0.038738 1.238047 -0.134402 -0.140837 -0.014624 -0.157770 -0.226935 -0.205972 -0.167994 -0.127248 -0.200172
2 -0.111970 0.412209 -0.099847 -0.002019 -0.076917 0.035359 -0.031396 0.082283 -0.223194 -0.033330 0.101816 -0.055300 -0.105437 0.107741
2 -0.006967 0.196978 -0.075529 0.038368 -0.094803 -0.200693 -0.036314 0.118970 -0.037480 0.016276 0.053905 0.005474 -0.132490 0.154307
14 -0.058821 0.038044 -0.211345 -0.043751 -0.007703 -0.141796 0.004548 0.070390 -0.199767 -0.236313 0.180780 0.032160 0.113606 0.459967
7 -0.188812 0.025188 -0.164643 0.060107 0.070972 -0.078858 0.184221 0.044448 -0.181914 -0.078668 0.122520 0.180566 -0.076500 0.081374
4 -0.221084 0.192899 -0.190193 0.234444 -0.001083 0.068892 0.040232 0.227703 -0.211148 0.075971 -0.005004 -0.109309 -0.148236 0.045916
5 -0.036793 0.072868 0.173185 -0.123214 0.946830 -0.097663 -0.331563 0.086038 -0.089663 0.118949 -0.065203 -0.163626 -0.284232 -0.205911
9 0.048207 0.097138 -0.119265 -0.109232 -0.044576 -0.065125 -0.140635 0.134620 0.207046 -0.112728 0.100253 0.015207 0.029748 -0.040658
12 0.079609 0.010834 -0.063758 0.040097 -0.085289 -0.088950 -0.211781 -0.119343 0.033630 0.072476 -0.132427 0.308992 0.067150 0.088761
5 -0.069068 0.019410 0.019363 -0.035171 0.344080 -0.055805 -0.063516 -0.043511 -0.089080 -0.016323 -0.044668 -0.061409 0.084368 0.011330
2 -0.068119 0.918806 -0.029786 -0.098008 -0.148369 -0.129061 -0.118168 -0.039070 -0.095494 -0.087482 0.076253 -0.028992 -0.098395 -0.054115
13 0.017617 -0.070251 0.005371 0.034178 -0.112488 0.058375 -0.165115 0.003658 0.072225 -0.055617 0.010920 -0.112222 0.292080 0.021268
14 0.132811 -0.077760 0.065132 -0.190112 -0.089536 0.022419 0.000411 -0.052285 -0.007316 -0.161800 -0.247217 -0.069120 -0.113894 0.788268
8 -0.027053 -0.109490 -0.078824 0.035350 -0.089806 -0.050398 0.027066 0.197117 0.158013 -0.160768 -0.035093 0.078872 0.059338 -0.004324
3 -0.159606 0.033684 1.056731 0.034357 -0.202005 -0.171314 -0.067286 -0.104668 -0.095780 -0.039998 0.033857 -0.025818 -0.241693 -0.050460
4 -0.144934 -0.061261 -0.093733 0.169450 -0.007919 0.093214 -0.004629 0.007655 -0.059636 -0.115672 0.006007 0.131203 0.078744 0.001511
6 -0.007535 0.143974 -0.248481 -0.199481 -0.452691 2.397835 -0.170823 -0.146804 -0.342987 -0.401225 -0.147146 -0.193782 -0.171277 -0.059577
6 0.000239 0.004997 -0.076608 -0.073231 -0.088567 0.320142 -0.078286 0.073333 -0.154898 -0.031649 0.004806 -0.005232 0.218515 -0.113560
3 0.008564 -0.072698 0.554091 -0.080105 -0.053400 0.122457 -0.192004 -0.004315 -0.035841 -0.098722 -0.075203 0.116530 -0.062447 -0.126906
1 1.547581 -0.064176 0.119174 -0.375285 -0.244029 -0.288402 -0.114798 -0.017274 0.242965 -0.259567 -0.250018 0.106799 -0.280472 -0.122497
8 -0.050070 0.055461 -0.010337 -0.027455 0.039124 0.044783 -0.065330 0.093306 -0.052738 0.014515 -0.003312 0.009727 -0.045590 -0.002086
1 0.175922 0.149980 -0.037932 0.017446 -0.134440 0.105435 -0.058242 0.094860 -0.023258 -0.050516 -0.235503 -0.012446 -0.052428 0.061119
6 0.075036 -0.048659 -0.159968 -0.062387 0.082565 0.268096 0.001783 0.062359 -0.017670 -0.033286 -0.018928 -0.040269 0.007772 -0.116445
6 -0.023445 -0.189999 -0.102589 -0.046677 -0.067222 1.464144 -0.228645 0.034473 -0.180998 -0.258595 -0.145936 0.008098 -0.186736 -0.075874
3 -0.153326 -0.026049 0.309493 0.024285 -0.054450 -0.031313 -0.016865 -0.077691 -0.129272 -0.022884 0.051450 0.262433 -0.200852 0.065040
12 0.181197 0.035664 -0.180186 -0.044753 -0.109079 0.492928 -0.332064 -0.044281 -0.274016 -0.054787 -0.077969 0.515639 -0.133558 0.025265
1 2.788642 -0.120350 -0.097478 -0.332767 -0.142851 -0.188803 -0.338870 -0.348087 0.048742 -0.258880 -0.250130 -0.150747 -0.460973 -0.147448
14 -0.072934 0.089508 -0.069295 -0.002590 -0.098577 -0.286252 0.009754 -0.005013 0.031522 -0.033169 0.065649 -0.047462 0.142868 0.275992
4 -0.082819 -0.041270 -0.025870 0.093980 -0.056350 -0.086788 -0.050093 -0.047129 0.078576 0.047752 0.062655 0.069738 0.077879 -0.040260
4 -0.082674 0.032425 -0.112060 0.086236 -0.036415 0.008603 0.060762 -0.032417 -0.093314 0.019056 0.067469 0.058654 -0.026970 0.050644
12 0.102936 -0.106434 -0.110828 -0.015885 -0.211069 0.172554 0.023636 -0.112950 -0.032360 -0.220483 -0.242095 1.133933 -0.220816 -0.160139
1 1.445682 -0.257836 -0.126889 -0.141768 -0.049236 -0.267957 0.088568 -0.252443 0.185587 -0.090708 -0.006234 -0.257508 -0.349575 0.080318
13 0.022579 -0.059717 -0.020968 -0.019412 -0.048848 -0.049176 -0.001643 0.029852 -0.039749 0.027078 -0.041687 0.000046 0.280683 -0.079038
13 0.010477 -0.147292 -0.046399 -0.124072 -0.119414 -0.006251 0.352503 -0.137927 0.110972 -0.086573 0.008264 -0.091973 0.398696 -0.121010
12 0.056872 -0.185105 0.092526 -0.073409 -0.002414 -0.061006 0.004007 0.072736 -0.170928 0.027162 0.089090 0.244158 -0.143609 0.049919
9 -0.095152 -0.016123 -0.037988 0.035191 -0.068122 -0.054111 -0.016572 0.003767 0.403269 -0.087789 -0.057924 0.031795 -0.056643 0.016403
3 -0.131056 -0.095968 2.244111 -0.211673 -0.141241 -0.043594 -0.283313 -0.016356 -0.190848 -0.348181 -0.137652 -0.073115 -0.340906 -0.230206
7 -0.521274 -0.354296 -0.376977 -0.496980 -0.506800 -0.488680 4.835977 -0.254992 -0.217032 -0.348740 -0.401983 -0.355982 -0.275871 -0.236372
11 -0.073440 -0.115101 -0.180709 0.040905 -0.133881 -0.025207 0.134301 0.030074 -0.264848 -0.138011 0.558558 0.011723 0.101187 0.054448
8 -0.054700 0.129556 0.015615 -0.178034 -0.112383 -0.066029 -0.203730 0.764682 -0.031871 0.172005 -0.079135 -0.137289 -0.149722 -0.068966
9 -0.090663 -0.164684 0.011797 0.015844 -0.081083 -0.080335 -0.048942 -0.099045 0.560254 -0.155553 -0.086463 -0.048977 0.167102 0.100746
3 0.023307 -0.021745 0.243928 -0.079491 0.001763 -0.061232 0.085721 0.009785 -0.050055 0.001817 -0.100580 0.141758 -0.150568 -0.044407
6 -0.090489 -0.094944 -0.121854 -0.070594 -0.135538 1.398322 -0.132151 -0.111291 -0.122306 -0.087740 -0.140426 -0.067946 -0.132433 -0.090609
1 1.391827 -0.050366 0.077908 -0.209094 -0.145647 0.014439 -0.057148 -0.246176 0.009345 -0.162900 -0.228627 0.175918 -0.387465 -0.182014
1 0.253626 -0.010761 -0.045614 -0.100560 0.050242 -0.089405 -0.049722 0.027226 0.075846 -0.180893 0.066862 -0.018193 -0.000904 0.022251
9 -0.103885 -0.065613 -0.069654 -0.017044 -0.005299 0.033109 -0.158699 -0.077307 0.798897 -0.079830 -0.140038 -0.027884 -0.020092 -0.066663
5 0.129646 0.180966 0.015362 -0.030024 0.873461 -0.002740 -0.199409 -0.041537 -0.152075 -0.114622 -0.157800 -0.204018 -0.285360 -0.011850
5 -0.034924 -0.137768 -0.089208 -0.058052 0.377914 -0.047153 -0.051747 0.052115 -0.048430 -0.036700 -0.112694 -0.050219 0.261476 -0.024611
11 -0.164887 -0.075190 0.071310 0.097527 -0.008474 0.121954 -0.040006 -0.008979 -0.082678 -0.014270 0.183956 0.099969 -0.096423 -0.083808
1 1.791432 -0.100428 -0.185757 -0.160102 0.000612 -0.329592 -0.123620 -0.054836 -0.110780 -0.149179 -0.142278 -0.167636 -0.138986 -0.128853
1 0.297861 0.167889 -0.040982 -0.200437 -0.034787 0.125671 -0.276861 -0.130819 0.072722 -0.213809 -0.044519 0.072664 0.139742 0.065665
12 0.034403 -0.024925 0.124835 -0.035074 -0.069526 -0.069760 -0.016525 -0.109721 0.073441 -0.129393 -0.107354 0.552251 -0.159326 -0.063326
1 0.419396 0.102815 -0.084877 -0.025243 -0.133548 0.241124 -0.059027 -0.185573 0.003184 -0.100566 -0.081958 -0.085842 0.052850 -0.062737
1 4.159913 -0.335816 -0.369066 -0.318867 -0.415154 -0.391587 -0.270253 -0.248429 -0.191156 -0.419716 -0.241290 -0.239405 -0.414576 -0.304599
1 1.542743 -0.102994 -0.000350 -0.173263 -0.106264 -0.130165 -0.284200 -0.060131 -0.067823 -0.096085 -0.172962 -0.101884 -0.162104 -0.084519
1 2.446317 -0.292469 -0.215248 -0.194887 0.048705 -0.237790 -0.263701 -0.324097 -0.218100 -0.133027 -0.179454 -0.248412 -0.118950 -0.068887
1 2.008447 -0.253970 -0.251321 -0.269390 -0.197152 -0.096405 -0.199546 -0.127840 -0.167587 -0.115839 -0.192497 -0.260815 0.285257 -0.161342
1 3.287988 -0.040647 -0.258244 -0.352722 -0.278817 -0.322008 -0.299808 -0.238081 -0.188197 -0.269088 -0.207858 -0.202732 -0.361356 -0.268429
1 2.806434 -0.175870 -0.172791 -0.361169 -0.305848 -0.276197 -0.387276 -0.057675 -0.132857 -0.282850 -0.192293 -0.097264 -0.192955 -0.171388
1 3.215473 -0.031444 -0.274792 -0.246408 -0.206997 -0.277982 -0.478867 -0.029548 -0.206997 -0.407010 -0.355628 -0.226828 -0.208068 -0.264903
1 3.039531 -0.302321 -0.172986 -0.272135 -0.091496 -0.267286 -0.427571 -0.351911 0.038846 -0.179469 -0.149284 -0.235711 -0.338862 -0.289345
1 2.824857 -0.221478 -0.159908 -0.259854 -0.211045 -0.235683 -0.252528 -0.170481 -0.054193 -0.281280 -0.237691 -0.257380 -0.311084 -0.172250
1 2.261318 -0.162521 -0.005016 -0.314431 -0.271742 -0.214790 -0.175866 -0.050859 -0.125639 -0.250081 -0.246924 -0.153729 -0.029919 -0.259801
1 1.705597 -0.237674 -0.120023 -0.149254 -0.227911 -0.004156 -0.089081 -0.089046 -0.044522 -0.148987 -0.298025 0.115376 -0.170476 -0.241817
2 0.115406 0.182686 -0.088604 0.060996 0.022000 -0.021487 0.033573 0.038550 -0.221238 -0.087416 -0.013225 -0.022774 -0.109744 0.111275
1 2.009116 -0.265298 0.120009 -0.270059 -0.198824 -0.028829 -0.320599 -0.075267 -0.049678 -0.210639 -0.383876 -0.018059 -0.242845 -0.065153
13 0.021864 -0.002595 -0.032637 -0.070152 0.029734 0.004649 -0.053244 -0.028654 -0.049671 -0.053063 0.006197 -0.003575 0.130575 0.100575
1 3.229519 -0.197212 -0.202459 -0.300085 -0.143748 -0.395061 -0.572236 -0.212189 0.173645 -0.136279 -0.306750 -0.271650 -0.493257 -0.172236
1 1.904344 -0.207553 -0.187914 -0.166692 -0.229507 -0.075140 -0.170656 -0.080517 -0.032647 -0.176882 -0.253964 0.136494 -0.193558 -0.265808
1 1.663256 -0.220419 -0.177311 0.101302 -0.100163 -0.306095 -0.087375 -0.178669 -0.103824 -0.201544 -0.024878 -0.059102 -0.193865 -0.111313
1 2.785904 -0.220790 -0.190685 -0.238475 -0.328657 -0.027124 -0.069277 -0.320139 -0.230059 -0.426627 -0.221853 -0.201681 -0.106208 -0.204328
1 0.390840 -0.117762 0.072371 -0.031270 -0.052188 0.093802 -0.311660 0.116770 0.006387 -0.176655 -0.108032 0.198634 -0.151590 0.070352
10 -0.056828 -0.037544 -0.003523 0.011930 0.031107 0.018573 0.033561 -0.036232 0.038684 0.067577 -0.060707 0.041305 -0.012028 -0.035875
10 -0.213460 0.049033 0.123631 0.055881 -0.067698 -0.073405 0.189268 -0.019214 -0.199950 0.302231 0.176559 -0.115741 -0.257973 0.050839
13 -0.035754 0.063903 0.174947 -0.189641 -0.045193 -0.078830 -0.376735 0.223854 -0.106657 -0.091064 0.068808 0.125583 0.230182 0.036596
9 -0.044117 0.032097 -0.022824 -0.062490 -0.040409 -0.046383 0.089982 0.050480 0.093148 0.016303 -0.037117 0.003657 -0.075677 0.043350
3 -0.091497 -0.106112 0.168895 -0.092293 -0.083093 0.002692 -0.103796 0.032408 -0.062689 0.102832 0.026006 0.071014 -0.033190 0.168824
10 0.022010 -0.117774 0.075412 -0.124975 -0.084098 0.081227 -0.296042 0.087000 0.019817 0.478022 -0.196863 0.114248 -0.057306 -0.000677
10 -0.089896 -0.084267 0.021148 -0.012504 -0.034970 0.004353 -0.033067 -0.046792 0.144560 0.293284 -0.019753 -0.030261 -0.027176 -0.084658
10 -0.180007 -0.071742 -0.219649 -0.181112 -0.251679 -0.146359 -0.386226 -0.241175 0.006005 2.274510 -0.241245 -0.050666 -0.238271 -0.072385
1 0.386027 0.064983 -0.055616 -0.239318 -0.194406 0.303033 -0.226441 0.034065 -0.146818 -0.184472 0.056778 -0.102081 0.090255 0.214010
6 -0.133509 -0.133414 -0.052170 -0.030093 -0.041832 0.177604 0.172387 -0.087747 -0.037201 0.039639 0.015252 -0.033535 0.131087 0.013533
10 -0.134162 -0.183351 -0.080264 -0.148701 0.012783 -0.213240 -0.231889 -0.111199 0.028631 1.225218 -0.111341 0.006092 -0.125047 0.066469
8 -0.008419 -0.246549 0.003197 -0.069996 0.076289 0.008264 -0.129119 0.203861 0.018962 0.088064 0.059667 -0.004690 0.049899 -0.049431
3 0.114190 -0.106101 0.207990 -0.066170 -0.003149 -0.284690 -0.161770 0.062594 0.129180 -0.014749 -0.047607 -0.031810 0.198779 0.003314
10 -0.126451 -0.037932 -0.001279 -0.014736 -0.107331 -0.141245 -0.085500 -0.079414 -0.073638 0.706993 -0.056617 0.011777 0.034639 -0.029266
11 -0.006762 0.138527 -0.120540 0.010562 0.042569 0.042533 0.060375 0.047441 0.055954 -0.174488 0.147711 -0.179648 -0.067291 0.003058
10 -0.073443 -0.302888 -0.143644 -0.226002 0.048335 -0.045383 -0.176020 0.065601 -0.029761 1.448485 -0.301266 -0.163742 -0.056756 -0.043514
10 0.046200 -0.010261 -0.041908 0.010890 0.043112 -0.035119 -0.219746 -0.093375 0.041126 0.434359 -0.084417 0.070557 -0.262098 0.100680
10 -0.116360 -0.071677 -0.086624 0.353887 -0.047825 -0.102053 -0.129370 -0.172593 -0.040244 0.654376 0.009245 -0.165774 -0.111433 0.026445
2 0.024893 0.131377 -0.108742 0.122509 -0.142693 0.021280 0.032133 0.070042 0.066307 -0.083485 -0.111307 -0.011682 0.063169 -0.073800
12 -0.036196 -0.010686 -0.076276 -0.009805 -0.031756 0.105447 0.066769 -0.080460 -0.081532 -0.012713 0.009780 0.238525 -0.090754 0.009657
2 -0.037751 0.149256 -0.048226 -0.059721 0.035403 0.106959 -0.142894 0.096332 0.047495 0.017842 -0.061357 -0.022423 -0.051853 -0.029061
2 -0.157942 1.404633 -0.077842 -0.203654 -0.015333 -0.273845 -0.245498 0.174943 0.027459 -0.083277 -0.235827 -0.067415 -0.186269 -0.060134
2 0.024207 0.166439 0.016056 -0.106957 -0.072561 0.033261 -0.124584 -0.005770 -0.011406 0.010833 0.008639 0.118290 -0.058737 0.002290
1 0.000000 0.000000 0.000000 0.000000 0.000000 0.000000 0.000000 0.000000 0.000000 0.000000 0.000000 0.000000 0.000000 0.000000
2 -0.090589 1.285484 -0.070691 -0.133366 -0.094932 -0.062097 -0.102867 -0.032748 -0.051759 -0.107305 -0.164105 -0.097550 -0.182093 -0.095382
2 -0.113676 1.655793 -0.202413 -0.120359 -0.077360 -0.286278 -0.139577 -0.010673 -0.206494 -0.188941 -0.137095 -0.027114 -0.097910 -0.047903
2 -0.180650 0.404270 -0.202997 -0.031022 -0.017566 0.111145 0.028699 0.102701 -0.063673 -0.075054 0.107176 -0.121393 -0.057540 -0.004095
14 -0.258241 0.038155 0.116119 0.031509 -0.051406 -0.112617 -0.075891 -0.003699 -0.039267 0.059136 -0.050209 0.158724 -0.171539 0.359225
2 -0.048588 1.068082 -0.062665 -0.114944 -0.066208 -0.026725 -0.148251 -0.098793 -0.039359 -0.069922 -0.097652 -0.102974 -0.121355 -0.070647
6 0.156913 0.341473 -0.133133 -0.028971 -0.176315 0.393206 -0.036144 0.245934 -0.133733 -0.217319 -0.226009 -0.027347 -0.376275 0.217721
2 0.027229 1.658640 -0.204860 -0.177683 -0.022552 -0.122618 -0.258211 0.158830 -0.179344 -0.164379 -0.217774 -0.191087 -0.186858 -0.119334
9 -0.123753 -0.235455 0.121350 -0.167969 -0.003955 0.198535 -0.060930 0.127389 0.302196 -0.077819 -0.259778 0.150352 -0.175501 0.205338
2 0.114001 0.957946 -0.116076 -0.112843 0.260463 -0.073332 -0.213221 -0.085745 -0.086696 -0.206036 -0.211093 -0.086515 0.012452 -0.153305
2 0.178970 0.419230 -0.126130 -0.106607 0.097623 -0.007730 -0.123844 0.043430 -0.043105 -0.182375 0.000867 -0.099082 -0.046051 -0.005195
2 -0.044105 1.087129 -0.098136 -0.073444 -0.137208 -0.066382 -0.125229 -0.111542 0.043919 -0.053448 -0.149021 -0.088294 -0.104607 -0.079633
2 0.174162 0.492853 -0.034516 -0.145155 0.200120 -0.050361 -0.207805 0.043376 -0.053045 -0.162490 -0.109943 0.023015 -0.094764 -0.075449
2 -0.097173 0.687097 -0.192313 -0.051014 0.155439 -0.086105 0.015593 -0.087037 -0.294228 -0.131000 0.214033 -0.028593 -0.016670 -0.088028
6 -0.002980 -0.126904 -0.064006 -0.076500 -0.032844 0.248149 0.107624 0.218757 -0.058953 -0.163541 -0.033119 -0.194515 -0.021423 0.200255
6 0.057373 -0.039614 0.013516 -0.099285 -0.031661 0.214251 -0.153188 0.127995 0.024239 -0.116882 -0.085030 0.008797 0.094446 -0.014958
6 0.092736 -0.295657 0.002826 -0.002769 0.054098 0.311098 0.045179 0.142558 -0.056818 -0.192900 -0.195347 0.073612 -0.022765 0.044148
5 0.002666 0.018997 -0.018834 0.097824 0.130067 0.100889 0.029260 -0.184961 -0.056462 -0.136357 -0.109074 0.076873 -0.076603 0.125715
5 -0.084616 -0.168473 -0.203797 0.139962 0.791655 0.013432 0.029955 -0.087101 -0.096480 -0.129360 -0.004020 -0.054113 -0.150968 0.003926
5 -0.032207 -0.048463 0.048126 -0.012682 0.212669 -0.066547 -0.042031 -0.014439 -0.045361 -0.020359 -0.021828 -0.048347 -0.007073 0.098544
5 0.111938 -0.160712 -0.061326 -0.028027 1.044375 -0.068721 -0.297611 -0.037052 0.009667 0.074222 -0.152987 0.026617 -0.373006 -0.087377
6 -0.006195 0.038006 -0.019178 0.067726 -0.090511 0.159856 -0.090077 0.086402 -0.180338 -0.071452 -0.055907 0.141556 -0.073242 0.093353
14 0.003693 0.036722 -0.031140 0.068460 0.167526 -0.126928 -0.095812 -0.036050 -0.068040 -0.098991 -0.003020 -0.021361 -0.021641 0.226582
5 0.017904 -0.248665 -0.152709 -0.029600 0.447340 0.031269 -0.079554 -0.029765 -0.144857 0.071551 0.118923 0.025851 -0.091465 0.063777
14 0.075253 -0.054989 -0.012305 -0.077318 0.035048 -0.146906 -0.154774 0.167561 0.166416 -0.127539 -0.001576 -0.001087 -0.044609 0.176825
3 0.026878 -0.088069 0.244290 -0.014372 -0.060687 0.030120 -0.133048 0.026256 0.020187 0.088093 -0.148105 0.070952 -0.073759 0.011266
5 -0.097397 0.170601 -0.069920 -0.081711 0.293292 0.147035 -0.079749 -0.074211 0.013341 -0.103900 0.075063 -0.149036 0.172044 -0.215453
5 -0.283599 -0.293661 -0.293225 -0.016581 3.136122 -0.297992 -0.338216 -0.346459 -0.194469 -0.334234 -0.089860 -0.087099 -0.184646 -0.376083
5 -0.133859 -0.150905 0.000545 0.091756 0.938147 -0.107026 -0.150137 -0.129831 0.027748 -0.132087 -0.231781 -0.125995 0.092809 0.010617
5 -0.102766 -0.108229 -0.182667 -0.181104 2.176920 -0.112886 -0.232088 -0.207675 -0.110053 -0.282558 -0.154483 -0.037662 -0.207607 -0.257142
5 -0.075747 -0.206955 -0.108831 -0.073591 1.037398 -0.040897 -0.217451 -0.036041 0.018638 -0.020750 -0.134755 -0.012913 -0.002896 -0.125208
5 -0.039548 -0.235363 -0.177330 -0.079208 2.287745 -0.286016 -0.254382 -0.238648 0.137576 -0.134829 -0.186870 -0.342882 -0.172450 -0.277793
5 -0.175637 -0.087043 -0.147795 -0.054550 1.047664 0.073728 -0.075305 -0.198977 -0.232546 -0.103843 0.115474 -0.099293 -0.252869 0.190993
5 0.054549 -0.117191 -0.072758 -0.151252 0.941843 -0.118457 0.011513 -0.122184 -0.126840 -0.104644 -0.129829 -0.080051 0.121137 -0.105834
5 -0.130532 -0.049089 -0.126054 0.058658 0.252199 0.140697 0.023160 -0.029689 -0.150904 -0.029900 0.076968 0.010517 -0.047875 0.001843
11 -0.035762 -0.038054 -0.017848 0.001497 -0.037729 -0.030872 -0.047020 -0.037325 -0.022861 -0.027721 0.405809 -0.024384 -0.043809 -0.043920
11 0.013194 -0.267674 -0.184249 -0.266752 -0.223545 -0.124544 -0.629971 -0.074218 -0.248817 -0.262610 2.769072 -0.087166 -0.298297 -0.114423
7 -0.023118 -0.076878 -0.079270 -0.187708 -0.003714 -0.071111 0.422555 -0.075189 -0.018574 0.055848 0.048276 -0.016672 -0.044467 0.070023
11 -0.088172 -0.093918 -0.095908 -0.020680 -0.126825 0.018293 -0.175870 -0.038033 -0.078724 -0.084712 0.981669 -0.066925 -0.042741 -0.087454
11 -0.045033 -0.139541 -0.106970 -0.080360 -0.095742 0.043509 0.010332 0.013751 -0.000692 -0.049002 0.487263 -0.035207 -0.018733 0.016426
11 0.011532 0.017636 -0.182708 0.118606 -0.010376 0.013314 0.029281 0.033967 -0.126934 -0.120638 0.227272 -0.020856 -0.109289 0.119194
11 0.021470 0.070218 -0.022028 0.020433 -0.028941 0.042198 -0.009953 -0.081967 -0.107290 -0.021468 0.488696 -0.148513 -0.151127 -0.071729
1 0.384333 -0.121666 0.052500 -0.107094 -0.145412 0.108223 -0.027471 -0.070956 -0.040023 -0.049468 -0.052118 0.151272 -0.054286 -0.027835
11 0.147967 -0.082041 -0.033393 -0.116546 -0.100854 -0.044674 -0.096701 0.099817 0.017740 -0.162552 0.388015 -0.018293 0.025226 -0.023711
12 0.119024 -0.003526 0.041034 -0.002617 -0.115075 0.023391 0.021070 -0.077556 -0.148602 -0.087279 0.136500 0.217690 -0.160044 0.035990
11 -0.202801 -0.380000 -0.302364 -0.236784 -0.319017 -0.287632 -0.432966 -0.105724 -0.184359 -0.359962 3.489008 -0.225420 -0.216939 -0.235038
11 -0.189106 -0.107914 -0.202979 -0.109952 -0.090454 -0.071958 -0.245345 -0.056617 -0.112842 -0.166666 1.769817 -0.079306 -0.165949 -0.170728
11 -0.064022 -0.212249 -0.080810 -0.154087 -0.103863 -0.146430 -0.351446 -0.052379 0.048384 -0.096876 1.431949 -0.025138 -0.070597 -0.122435
12 -0.059264 -0.178134 -0.223078 -0.049334 0.219648 -0.170409 -0.055474 0.049236 -0.090830 0.029986 0.270119 0.279869 0.022898 -0.045233
11 -0.099778 -0.143678 -0.080605 -0.128929 0.007408 -0.092247 -0.049318 -0.019646 -0.058065 -0.073366 0.839913 -0.019108 -0.026161 -0.056421
11 -0.135572 -0.083816 -0.053278 -0.185901 -0.129969 -0.114405 -0.499399 -0.099468 -0.193771 -0.208843 2.023495 -0.012687 -0.124346 -0.182040
11 -0.275894 -0.276931 -0.132577 -0.056017 -0.222006 -0.251344 -0.176380 -0.219099 -0.145187 -0.212906 2.461615 -0.281646 -0.073718 -0.137911
11 -0.204733 -0.219142 -0.246303 -0.106138 -0.204077 -0.219625 -0.172354 -0.051951 -0.143793 -0.266772 2.164354 -0.234123 0.009540 -0.104884
11 -0.111711 -0.086946 -0.058646 -0.115310 -0.160949 -0.104042 -0.097655 0.017766 -0.038184 -0.121376 0.742423 -0.001766 0.040441 0.095954
6 -0.007184 -0.039222 -0.008038 0.023332 -0.066002 0.126151 0.053940 -0.016143 0.078774 -0.059624 -0.069859 0.072194 -0.064573 -0.023748
11 -0.131961 0.168945 -0.013216 -0.265756 0.102960 -0.171642 -0.136142 0.023734 -0.145513 -0.180391 0.894734 0.130142 -0.101717 -0.174177
1 0.138891 0.097890 0.013857 -0.086888 -0.019963 0.033382 -0.109460 -0.012763 0.071827 0.002406 0.015463 0.001564 -0.129192 -0.017016
4 0.009183 -0.077287 -0.071782 0.338896 -0.040584 0.005216 -0.032443 -0.151231 0.043733 -0.093092 -0.034457 0.089606 -0.190435 0.204676
9 0.109577 0.259506 -0.188112 -0.037810 0.047323 -0.179000 -0.036387 -0.003400 0.307600 -0.073780 -0.044094 -0.043053 -0.026859 -0.091513
9 0.007902 0.007005 -0.128474 0.043220 0.142732 -0.051834 -0.107464 -0.052092 0.239071 -0.142710 0.076927 0.043278 -0.111490 0.033931
12 -0.037469 -0.085137 -0.061047 0.090178 -0.144473 -0.052121 0.066958 0.042171 -0.150466 0.014986 0.056112 0.154030 -0.041290 0.147568
7 -0.651412 -0.467591 -0.564635 1.431356 -0.037326 -0.579881 4.959596 -0.577662 -0.652647 -0.559505 -0.577999 -0.560923 -0.605037 -0.556334
14 -0.003291 -0.038349 -0.072037 0.020455 -0.079663 -0.053716 -0.088005 0.026201 -0.054775 -0.018846 0.112317 0.013873 0.055597 0.180241
4 -0.060552 0.014241 0.077105 0.466583 -0.219465 0.085109 -0.021190 -0.191373 0.028661 -0.178983 -0.042125 -0.004924 0.095001 -0.048089
5 -0.085505 -0.221800 -0.086423 0.161076 1.108861 0.023091 -0.148244 -0.111473 0.090678 -0.111766 -0.192839 0.007313 -0.220396 -0.212572
14 -0.047336 -0.094406 -0.016365 0.151287 -0.057358 0.072058 -0.131320 0.135818 -0.087681 -0.123248 0.115357 -0.096438 -0.050295 0.229927
4 -0.069272 0.010015 -0.216995 0.642553 -0.006392 0.129345 0.132618 0.028022 -0.221189 -0.148726 -0.089809 -0.127481 -0.059648 -0.003040
6 0.027902 -0.053314 -0.134466 -0.095564 -0.078299 0.149965 0.042621 0.077231 0.087058 0.000439 -0.078011 0.066600 -0.080543 0.068381
4 -0.034967 0.059522 -0.198217 0.652590 0.045879 0.005484 -0.015574 -0.118445 -0.076530 -0.225797 -0.076479 -0.047051 -0.052985 0.082570
4 -0.104414 0.068640 -0.175867 0.526125 -0.060625 0.160051 -0.050983 -0.067829 -0.134975 0.034241 0.044394 -0.072073 -0.097840 -0.068845
2 -0.013643 0.238916 -0.031082 -0.037032 -0.013217 0.159247 -0.250296 0.115896 -0.303881 0.029976 0.205421 0.039757 -0.171480 0.031418
4 -0.086811 -0.066403 -0.024072 0.204138 0.030790 -0.003542 -0.018696 -0.065003 -0.004107 0.054408 -0.013107 0.033950 -0.044792 0.003247
9 -0.023431 0.033177 0.209616 -0.169918 -0.023606 -0.156625 0.033209 -0.120197 0.619613 -0.134791 -0.007293 -0.020535 -0.198809 -0.040408
4 -0.079089 0.042452 -0.097821 0.481994 0.042492 0.023928 -0.255040 -0.098907 0.144811 -0.079693 -0.084614 -0.015478 0.058211 -0.083245
4 0.014768 0.040567 -0.074669 0.191327 -0.071892 0.146036 -0.091986 0.018848 0.003486 -0.116527 0.014211 -0.089753 0.085743 -0.070159
1 0.191479 0.005588 -0.165492 0.049883 -0.034424 0.059262 -0.039855 0.093903 -0.130959 0.065520 -0.078433 0.042130 -0.096019 0.037417
5 0.068968 -0.103742 -0.054792 -0.105308 0.133664 0.013508 -0.110334 0.075794 0.025209 0.001987 0.054024 0.015825 -0.028041 0.013238
9 0.080825 -0.096718 0.029080 0.024307 -0.012429 -0.060626 0.010523 -0.019551 0.135678 -0.106065 0.037768 -0.091595 0.077286 -0.008481
9 -0.120089 -0.050275 -0.036834 -0.061482 0.021971 0.055462 0.036763 -0.000379 0.155125 -0.121686 -0.054717 0.154645 -0.097981 0.119477
3 -0.121537 -0.084660 0.503946 -0.074885 -0.073899 -0.080528 -0.004822 0.127990 -0.019369 -0.153495 -0.059713 0.100035 -0.075612 0.016547
3 -0.024429 -0.074715 0.207310 0.110830 -0.086213 -0.174609 0.056560 -0.130587 -0.017829 0.071108 -0.016767 0.156994 -0.080282 0.002629
12 0.066548 -0.157892 0.009151 -0.106219 0.026304 0.112642 -0.007500 0.108024 -0.031111 -0.141947 0.019362 0.196784 -0.228287 0.134140
3 -0.256032 -0.111721 0.716062 -0.133557 -0.146266 0.024169 0.068380 -0.101548 0.138182 0.064464 0.062342 -0.186697 -0.139425 0.001647
3 0.018781 0.041385 0.611692 -0.093307 -0.039826 -0.100947 -0.147402 -0.018664 0.038778 -0.100410 -0.028935 -0.034058 -0.090903 -0.056183
2 0.083643 0.084117 0.023572 -0.015523 -0.069410 0.078914 -0.065601 -0.034302 -0.044491 0.046325 0.031727 0.027880 -0.110205 -0.036645
10 -0.007607 -0.135607 -0.002648 0.028038 -0.138792 -0.218631 -0.219493 0.397095 0.137901 0.408840 0.036530 0.015412 -0.281149 -0.019889
12 0.041425 -0.230629 0.211784 -0.047213 0.047969 0.193894 -0.262513 -0.013963 0.176536 -0.058882 -0.232123 0.264005 -0.133500 0.043209
3 -0.027917 -0.022705 1.026480 -0.068999 -0.209431 -0.023009 -0.245511 -0.097193 -0.225991 0.044314 0.061236 0.074019 -0.180173 -0.105119
3 -0.035004 0.029129 0.421111 -0.011004 -0.079481 0.036518 -0.085444 -0.003895 -0.100250 0.016793 -0.010437 0.009804 -0.110385 -0.077455
3 -0.013445 -0.134249 1.370195 -0.020164 -0.078107 -0.078679 -0.276864 -0.165033 -0.102865 -0.199706 0.000382 -0.032241 -0.292657 0.023434
8 -0.073466 0.012838 -0.088205 -0.044266 0.034506 0.045236 -0.116702 0.166483 -0.048103 -0.156120 0.074786 0.137048 -0.090662 0.146626
3 0.034136 -0.082084 0.562648 -0.049668 -0.056751 -0.114512 -0.063507 -0.045397 -0.042132 -0.130886 -0.041451 0.082985 0.017728 -0.071109
3 -0.089282 -0.048318 0.674542 -0.121669 -0.099228 -0.039392 -0.132249 0.000811 0.248407 -0.163528 -0.019950 -0.107849 -0.074053 -0.028242
6 0.158961 -0.035196 -0.318517 0.150635 -0.022991 0.881793 -0.175911 -0.104394 -0.243992 -0.219953 -0.046658 0.086641 0.026427 -0.136845
6 0.048239 0.026279 -0.032166 -0.005456 -0.045603 0.305286 -0.188422 -0.020276 -0.003796 0.002796 -0.068469 -0.064512 0.096964 -0.050864
6 0.101298 -0.164064 0.027407 -0.140008 0.069958 0.223159 -0.114461 -0.050575 0.071683 -0.075423 -0.063982 0.142144 -0.015734 -0.011403
6 -0.647640 -0.256203 -0.679448 -0.541911 -0.710311 7.017717 -0.358902 -0.365172 -0.756869 -0.265454 -0.690333 -0.350172 -0.528926 -0.866378
6 0.032931 -0.119780 -0.084142 -0.013189 -0.000339 0.672151 -0.117502 -0.051000 -0.043729 -0.120043 -0.064166 -0.056496 -0.092225 0.057530
6 -0.339855 -0.296814 -0.355674 -0.178929 -0.357006 3.981944 -0.230373 -0.318045 -0.319560 -0.242155 -0.315615 -0.231732 -0.423868 -0.372318
6 0.094738 -0.055552 -0.127004 -0.113275 0.200373 0.713797 -0.396707 0.027201 -0.051270 -0.237596 -0.038524 -0.236726 0.384306 -0.163761
6 -0.427424 -0.185133 -0.233813 -0.325320 -0.141078 3.439303 -0.315790 -0.168354 -0.360673 -0.204732 -0.140194 -0.148170 -0.475092 -0.313529
6 -0.647640 -0.256203 -0.679448 -0.541911 -0.710311 7.017717 -0.358902 -0.365172 -0.756869 -0.265454 -0.690333 -0.350172 -0.528926 -0.866378
6 -0.073226 -0.065338 -0.073210 -0.057731 0.043935 0.407415 -0.015963 0.214434 -0.026575 0.000416 -0.074528 -0.127505 -0.191585 0.039460
6 -0.121916 -0.136220 0.049442 -0.028238 -0.097405 0.170114 -0.034080 0.037727 0.051091 -0.066312 -0.052696 0.057239 0.169626 0.001628
6 -0.012569 -0.190464 -0.209148 -0.301708 -0.153415 2.039880 -0.289657 -0.084702 -0.120439 0.132141 -0.247889 -0.104660 -0.325626 -0.131745
6 0.137888 -0.303142 -0.319350 -0.183662 -0.272656 2.561170 -0.197451 -0.093190 -0.126225 -0.302555 -0.294481 -0.047839 -0.309394 -0.249113
6 -0.324405 -0.278670 -0.281110 -0.190758 -0.372025 3.844350 -0.279797 -0.231474 -0.207434 -0.339697 -0.365220 -0.109216 -0.435828 -0.428716
4 -0.036438 -0.062727 0.020283 0.102949 0.057709 0.036480 -0.000643 -0.102405 -0.072917 -0.055071 0.090388 -0.004925 -0.053459 0.080776
6 -0.160326 -0.332926 -0.158193 -0.291831 0.120947 2.134213 -0.228174 -0.132051 -0.206338 -0.040701 -0.041147 -0.315853 -0.254458 -0.093162
6 -0.042072 -0.006218 0.060374 -0.043162 0.010100 0.129230 0.054510 -0.022668 0.010820 -0.042082 0.013970 -0.043118 -0.028629 -0.051056
6 -0.005229 0.012234 -0.105444 -0.150349 -0.001022 0.848646 -0.383235 -0.042383 -0.160188 -0.001399 -0.163225 0.066867 -0.025702 0.110429
6 -0.647640 -0.256203 -0.679448 -0.541911 -0.710311 7.017717 -0.358902 -0.365172 -0.756869 -0.265454 -0.690333 -0.350172 -0.528926 -0.866378
2 -0.222552 0.230208 -0.149557 0.120648 -0.058339 0.072053 -0.021651 0.203644 -0.119272 -0.098953 -0.055992 0.065682 -0.005094 0.039173
6 -0.016223 -0.283378 -0.087857 -0.102678 0.246157 0.725386 -0.311024 0.373863 -0.192383 -0.276157 -0.215612 0.069674 -0.173856 0.244088
6 -0.647640 -0.272713 -0.657848 -0.544107 -0.710311 7.048544 -0.358902 -0.372740 -0.773896 -0.269644 -0.690333 -0.350172 -0.528926 -0.871311
6 -0.081779 -0.140680 0.120227 -0.046699 -0.174501 0.831593 -0.107392 -0.038331 -0.156244 -0.109895 -0.042555 0.206521 -0.299033 0.038769
6 0.002789 -0.202128 -0.003724 -0.099854 -0.086289 0.902769 -0.155484 -0.149009 0.042478 -0.073427 -0.036338 -0.108921 0.046136 -0.078999
6 0.047064 -0.030751 0.559614 -0.176958 -0.125434 0.721235 -0.284047 -0.097301 0.051887 -0.107781 -0.141190 -0.061939 -0.228020 -0.126379
13 -0.022025 -0.058447 -0.164978 -0.032779 0.034833 -0.134436 -0.059380 -0.083305 -0.104514 -0.116515 -0.156954 -0.068922 1.008761 -0.041338
13 0.068459 -0.047126 -0.059871 -0.046498 0.066477 -0.041526 -0.000364 0.025230 -0.021046 0.010700 -0.057583 -0.000970 0.174618 -0.070498
10 -0.025623 -0.019563 0.030930 -0.016567 0.027324 -0.014328 -0.262467 0.124708 -0.069165 0.164480 0.003621 0.082528 -0.184124 0.158247
8 -0.003106 -0.082714 0.061801 -0.021838 -0.111206 0.094391 -0.045994 0.123700 0.021646 0.051787 -0.019726 0.000649 -0.084396 0.015006
13 -0.019402 -0.178518 0.057914 0.233703 -0.041766 -0.144823 -0.172660 -0.130966 0.130929 -0.045368 0.010911 0.121582 0.261412 -0.082948
13 -0.083612 -0.044495 -0.022612 -0.086605 -0.009062 -0.046466 -0.020085 -0.030990 -0.034733 -0.054485 -0.047807 -0.097137 0.637431 -0.059343
12 -0.150254 -0.129964 0.065106 -0.029225 -0.107477 0.041640 0.001343 0.040053 0.134280 -0.052655 -0.219059 0.224478 0.157718 0.024016
2 0.088974 0.160624 0.052038 -0.102214 -0.016206 0.003695 -0.373052 -0.043646 0.041478 0.037196 0.080862 -0.083912 0.077181 0.076981
13 0.031939 -0.086207 -0.020599 0.025062 0.003846 -0.081798 -0.142580 -0.040644 0.162324 -0.048901 -0.072767 -0.069548 0.368826 -0.028954
13 -0.150045 0.055023 -0.234187 -0.059966 -0.044086 0.011436 0.044941 -0.057556 -0.147290 0.002633 0.029344 -0.005879 0.700277 -0.144644
13 -0.054842 -0.150578 0.114943 0.103138 -0.111222 -0.192130 -0.249480 -0.155705 0.290088 -0.071151 0.012515 -0.129786 0.667039 -0.072830
13 -0.029313 -0.024004 -0.088795 -0.093335 0.206887 0.009303 -0.144280 -0.084659 0.042886 -0.146503 0.021958 -0.046850 0.441685 -0.064980
13 -0.108153 -0.160474 -0.064289 -0.000927 0.072950 -0.029891 -0.104718 -0.152886 0.095223 -0.009464 -0.082391 0.014683 0.559196 -0.028859
13 0.038920 -0.135370 0.090540 -0.095236 -0.002103 0.070117 -0.151102 0.074372 0.104307 -0.135355 -0.125691 0.105919 0.191027 -0.030346
13 0.312468 0.008502 -0.050089 -0.146367 -0.108348 -0.057883 -0.039711 -0.123873 -0.042477 -0.052139 -0.062847 -0.036917 0.476525 -0.076845
4 -0.089281 -0.058178 0.110115 0.369712 -0.014379 -0.088232 -0.097684 -0.026253 0.041544 -0.079789 -0.089095 -0.006414 0.171551 -0.143616
13 -0.001149 -0.036646 0.065309 0.086342 -0.001970 0.011409 -0.272797 -0.120736 0.294383 -0.206312 -0.016449 -0.146620 0.405301 -0.060064
8 -0.182361 0.230532 -0.170109 -0.054596 -0.147816 0.031630 -0.195854 0.466457 -0.094301 0.057700 -0.052915 0.033362 0.105441 -0.027171
8 0.054401 -0.002511 0.069623 -0.081317 -0.015418 -0.069896 -0.162095 0.081847 0.042916 0.024263 -0.070027 0.022241 0.060952 0.045022
9 0.062443 -0.118238 0.031473 -0.049737 0.040448 -0.053384 -0.032165 -0.073265 0.265017 -0.063901 0.041573 0.008731 -0.030022 -0.028972
13 -0.049501 -0.055973 -0.030224 -0.013065 -0.138755 -0.059727 -0.017667 -0.022303 -0.045668 -0.086160 -0.075881 -0.014112 0.575633 0.033403
13 0.039616 0.107415 -0.099248 -0.149623 -0.052314 -0.111264 -0.057406 -0.062591 -0.002107 0.099974 0.081509 0.074351 0.222205 -0.090516
13 0.058298 -0.151777 0.086813 0.071187 -0.068086 -0.047506 -0.059075 0.094751 -0.039502 -0.093732 -0.133469 -0.029969 0.357200 -0.045132
1 0.199258 -0.057094 0.144716 -0.032105 -0.029070 -0.113987 -0.340294 0.085927 0.186872 -0.050620 -0.136389 0.078850 0.094975 -0.031038
13 -0.110934 0.090542 0.026700 0.004924 -0.082497 -0.066998 -0.090288 -0.096569 0.154235 -0.170134 -0.121947 0.066643 0.531183 -0.134861
13 0.044871 -0.120047 -0.102413 -0.097817 -0.003022 -0.053134 -0.040125 0.049418 -0.025577 -0.120736 0.103647 -0.091698 0.434449 0.022187
7 -0.339331 -0.442053 -0.313493 -0.421823 -0.508129 -0.499104 5.258947 -0.304199 -0.305152 -0.413968 -0.403103 -0.368999 -0.445463 -0.494129
7 -0.012000 0.025950 -0.029817 -0.071386 -0.035447 -0.035056 0.283515 -0.011645 -0.031500 -0.044197 0.059908 0.011315 -0.017205 -0.092435
7 -0.474149 -0.390455 -0.379317 -0.516643 -0.484164 -0.431124 5.235142 -0.466531 -0.287189 -0.413544 -0.187707 -0.379092 -0.392797 -0.432428
5 0.080203 0.144453 0.075161 -0.126434 0.231760 0.126482 -0.141157 0.155225 -0.095157 -0.171145 -0.047234 -0.155277 -0.109233 0.032353
7 0.003459 -0.077306 -0.091588 -0.364613 -0.071866 -0.174557 1.636560 0.217492 -0.169556 -0.257578 -0.235613 -0.095901 -0.237471 -0.081460
7 0.024332 -0.012631 0.063093 0.065047 0.069140 0.138303 0.244550 -0.143075 0.006350 -0.050177 -0.191165 0.031932 -0.028406 -0.217292
7 -0.470889 -0.382189 -0.461646 -0.385008 -0.406540 -0.413489 5.501928 -0.416403 -0.452483 -0.387739 -0.427377 -0.422023 -0.413662 -0.462480
7 -0.146109 -0.145421 -0.095300 0.012276 0.159323 -0.159210 0.347823 0.050981 -0.042116 -0.055187 -0.062373 0.071623 -0.021609 0.085299
7 -0.078265 -0.174596 -0.132218 -0.085303 -0.022028 -0.091214 0.976046 -0.046386 -0.127473 -0.059993 -0.111866 0.011156 -0.058991 0.001130
7 -0.045534 0.036250 -0.083791 -0.043319 -0.087149 0.121767 0.312245 -0.092397 -0.044444 -0.149928 0.016846 -0.084050 0.168915 -0.025411
7 -0.407061 -0.375285 -0.423000 -0.424905 -0.335707 -0.452846 5.144946 -0.349963 -0.406437 -0.460840 -0.418475 -0.420611 -0.228219 -0.441597
7 -0.353541 -0.317438 -0.445421 -0.501708 -0.322175 -0.465836 4.939680 -0.437966 -0.437591 -0.364721 -0.303904 -0.449805 -0.446353 -0.093221
7 -0.461880 -0.476184 -0.582439 -0.669496 -0.717173 -0.497210 7.410203 -0.421942 -0.461239 -0.624612 -0.648232 -0.497443 -0.586596 -0.765758
7 -0.318556 -0.445882 -0.359574 -0.475154 -0.277117 -0.449050 5.218761 -0.409739 -0.385055 -0.517660 -0.343593 -0.400990 -0.401526 -0.434863
12 0.032555 -0.181228 0.280815 -0.128026 -0.028049 0.061872 -0.268746 -0.004547 0.041793 0.026890 -0.046900 0.286533 -0.160741 0.087779
7 -0.367088 -0.421256 -0.338010 -0.375017 -0.435319 -0.384475 5.258492 -0.441274 -0.245944 -0.483473 -0.513320 -0.333999 -0.510672 -0.408644
7 -0.610604 -0.563059 -0.605956 -0.594531 -0.623333 -0.601956 7.450274 -0.463106 -0.539416 -0.649412 -0.626487 -0.410904 -0.535081 -0.626429
7 0.067064 -0.227123 0.100740 0.000069 -0.093292 -0.057941 0.353145 -0.027137 0.039147 0.143422 -0.111980 -0.038067 -0.085845 -0.062202
7 -0.540960 -0.339846 -0.522882 -0.376802 -0.405767 -0.480336 5.443146 -0.355418 -0.506530 -0.438010 -0.380964 -0.360273 -0.371490 -0.363869
11 -0.159302 -0.262552 -0.116309 -0.114119 -0.143639 -0.099292 -0.236384 -0.022045 -0.061519 -0.191985 1.516585 0.035043 -0.053423 -0.091059
7 -0.437887 -0.393485 -0.571445 -0.542529 -0.467173 -0.453418 6.116860 -0.465042 -0.534361 -0.456739 -0.428719 -0.394828 -0.481194 -0.490040
7 -0.251127 -0.538880 -0.314037 -0.528793 -0.321196 -0.592667 5.334171 -0.403550 -0.195117 -0.433252 -0.518251 -0.462261 -0.462374 -0.312666
7 -0.386871 -0.476622 -0.519064 -0.587053 -0.473884 -0.536971 6.034225 -0.489010 -0.439998 -0.527629 -0.445883 -0.447903 -0.299235 -0.404103
1 0.375986 0.075893 -0.227964 -0.066538 0.008537 -0.133084 0.324173 0.022832 -0.098919 -0.221872 -0.028306 0.017479 0.085821 -0.134036
7 -0.418953 -0.384244 -0.310644 -0.411819 -0.422888 -0.442528 5.181064 -0.384077 -0.380459 -0.436170 -0.344724 -0.442993 -0.452269 -0.349295
12 -0.178669 -0.045543 0.136273 -0.029611 -0.035105 -0.085706 -0.125841 -0.029194 -0.083149 0.071200 0.093398 0.420901 -0.070350 -0.038604
13 0.111782 -0.117782 0.223121 0.066585 -0.203262 -0.008398 -0.144877 -0.160750 0.081632 -0.104197 -0.167865 0.199563 0.329153 -0.104707
12 0.142166 -0.020469 -0.056991 -0.007326 -0.090879 -0.008171 -0.082507 0.115306 -0.078834 -0.071167 0.037376 0.295271 -0.076216 -0.097559
12 0.073752 -0.053931 0.097286 -0.057534 -0.118558 -0.026856 -0.199715 0.084259 0.158138 -0.008046 -0.152285 0.210384 -0.032622 0.025730
12 0.182056 0.160005 0.028044 -0.104708 -0.103754 -0.196518 -0.211828 -0.030799 0.084668 -0.010422 -0.045745 0.184123 0.088928 -0.024048
9 0.025979 -0.055568 0.111787 -0.045739 0.020735 0.015510 -0.130370 -0.117658 0.280564 -0.093779 -0.017331 0.092112 -0.155078 0.068834
3 -0.133610 0.160438 0.778635 -0.052414 -0.092410 -0.026466 -0.130559 -0.140973 -0.099173 -0.259961 0.004230 0.004837 -0.155264 0.142691
8 0.030087 0.031811 -0.041067 -0.048976 -0.028027 -0.068771 -0.093059 0.144318 0.028538 -0.010625 -0.033969 0.006590 0.137093 -0.053941
12 -0.151097 0.001337 0.034289 0.076794 -0.017868 -0.030875 0.065116 -0.008934 -0.012711 -0.119841 -0.084943 0.616099 -0.160932 -0.206434
1 0.124519 0.087808 -0.130315 0.077064 -0.086692 0.028571 0.070367 -0.000111 -0.079210 -0.087253 -0.032158 0.008095 -0.071163 0.090477
10 0.005937 0.005597 0.065658 -0.050774 -0.016005 -0.078829 -0.006027 0.039938 -0.034461 0.124123 -0.046394 0.040813 -0.041061 -0.008514
7 -0.027052 -0.100198 0.012815 -0.102774 0.204229 -0.040218 0.297324 -0.052580 -0.038886 -0.024939 -0.071090 -0.038292 0.038494 -0.056833
12 -0.147229 -0.064772 -0.089832 -0.090096 -0.067812 -0.093431 -0.169711 -0.035030 -0.079283 -0.093679 -0.017932 0.952653 -0.009904 0.006059
12 0.023080 -0.080866 0.074313 0.047544 -0.068307 0.034036 -0.064796 -0.058564 -0.002115 0.017321 -0.026675 0.157363 -0.050887 -0.001448
12 -0.131537 -0.155737 -0.068512 -0.108166 0.164227 0.043300 -0.041469 0.195973 0.085893 -0.128391 -0.119105 0.367326 -0.179116 0.075315
12 0.018300 0.027844 -0.042378 -0.013290 -0.049170 -0.059430 -0.011219 -0.093925 -0.081777 -0.037704 -0.021637 0.352535 -0.001634 0.013485
5 -0.031762 0.371553 -0.329849 -0.117356 0.894128 -0.026504 -0.284333 0.293510 -0.158480 -0.301902 -0.342487 0.256608 -0.071946 -0.151180
12 -0.008792 -0.022700 0.102725 0.039761 -0.026766 0.040569 -0.026282 -0.101709 -0.111899 -0.037047 -0.017122 0.182230 -0.115815 0.102849
12 0.003341 -0.188787 0.055535 -0.139787 0.027517 0.099695 -0.148708 0.089212 -0.053842 0.116406 -0.062356 0.228665 -0.060146 0.033255
2 0.072445 0.113917 0.091470 -0.050404 -0.104223 -0.112300 -0.038839 -0.047625 -0.030820 0.072489 -0.072977 0.076811 -0.054781 0.084839
14 -0.013492 -0.168667 0.052926 -0.032069 -0.028619 -0.007153 -0.036064 -0.023546 0.131214 0.003847 -0.166593 0.118479 -0.037493 0.207229
12 -0.299708 0.049808 0.010553 -0.099510 -0.156084 -0.086237 0.150316 0.134191 -0.151056 -0.221235 -0.055456 0.873925 -0.244161 0.094655
11 -0.097474 -0.027029 0.014484 -0.073411 -0.082403 0.123864 0.042526 -0.065908 0.111247 -0.044012 0.239234 0.139959 -0.264984 -0.016093
14 0.051673 -0.056693 0.000202 -0.164582 -0.144631 -0.123836 -0.180055 -0.043988 0.025467 0.071897 -0.208912 -0.048487 -0.328636 1.150582
14 0.109167 0.111694 0.045412 -0.065964 -0.134431 -0.077206 -0.081757 -0.088832 0.061712 -0.054360 -0.065875 -0.011775 0.013192 0.239024
14 -0.198977 0.005129 -0.197621 -0.154166 -0.143075 -0.127927 -0.033674 -0.143972 -0.210187 0.265321 0.002287 -0.033562 -0.067738 1.038162
14 -0.076167 0.004209 -0.162190 -0.147333 -0.075021 -0.376716 -0.056516 -0.126458 0.312223 -0.063403 -0.059514 -0.187380 -0.027585 1.041852
2 -0.061044 0.241379 0.030147 0.192210 -0.048079 -0.264415 -0.174610 0.032605 0.102969 -0.073515 -0.139623 -0.039864 0.119318 0.082522
14 -0.161402 -0.047368 -0.046929 0.056037 -0.052291 0.016630 -0.105025 -0.089521 -0.191531 -0.104340 0.194387 0.053378 0.013558 0.464417
2 0.019181 0.221328 0.083860 -0.123856 0.056760 0.037254 -0.273283 -0.032526 0.080610 -0.152814 -0.036878 0.055257 0.061881 0.003227
14 -0.020071 -0.038490 -0.029602 0.005742 0.031635 -0.055532 -0.015371 0.117246 0.100415 -0.244111 -0.098643 0.108992 -0.080971 0.218762
14 0.107073 0.053349 0.113191 -0.140324 -0.140512 -0.255016 -0.218510 -0.146062 0.033357 -0.067479 -0.027575 -0.102899 -0.007247 0.798655
14 -0.118983 -0.168150 -0.102921 -0.094284 -0.063893 0.014995 -0.168849 0.060040 -0.122707 -0.059483 -0.150171 -0.152599 -0.039214 1.166220
9 0.012133 0.032638 0.032313 -0.144219 -0.043710 -0.078472 -0.100473 -0.002561 0.208975 -0.091417 -0.075570 0.046698 0.083678 0.119989
14 0.069379 -0.085191 0.134754 0.003692 -0.049422 0.015795 -0.160108 -0.077842 0.095253 -0.122428 -0.125159 -0.045292 0.117231 0.229337
14 -0.000837 0.031329 0.079164 -0.059538 0.167735 0.062255 -0.214546 -0.070411 0.029941 0.017955 -0.061737 -0.032776 -0.116808 0.168275
14 -0.061433 -0.147991 -0.038550 -0.150046 -0.112915 -0.071435 -0.151630 0.030794 0.068376 -0.213581 -0.075463 -0.124307 -0.033975 1.082157
5 -0.053064 -0.000610 -0.079579 0.103086 0.223134 -0.121824 0.156559 -0.138676 -0.137180 0.017908 0.078707 0.091533 -0.163380 0.023384
14 -0.025691 -0.011404 -0.054520 0.021406 -0.094112 -0.140924 0.028816 -0.075494 -0.035985 0.007542 0.061735 0.007141 -0.056157 0.367647
14 -0.030767 -0.053250 0.022637 -0.029243 -0.067387 -0.087213 0.109447 0.006676 0.084825 -0.079845 -0.046030 -0.082584 -0.086818 0.339551
14 0.107117 -0.081657 0.115832 -0.002878 -0.027394 -0.096839 -0.118697 -0.044050 0.142440 -0.071243 -0.015755 -0.067052 0.005703 0.154473
14 -0.059261 -0.087162 0.149450 -0.185997 -0.130010 -0.110656 -0.265969 -0.104870 0.084453 -0.127345 -0.137808 -0.074802 -0.003032 1.053009
14 0.078437 0.004565 0.042867 -0.237065 -0.091192 0.144279 -0.343083 0.027825 0.078502 -0.020503 0.070424 -0.020672 -0.224256 0.489872
4 -0.003703 0.044932 -0.111279 0.132173 0.048292 -0.075116 -0.002242 0.030351 -0.171361 0.021837 0.102359 0.029964 -0.113583 0.067377
14 0.093685 -0.179813 0.059364 0.037138 0.099355 -0.019422 -0.286256 0.007884 0.089511 -0.106562 -0.094019 -0.145823 0.142497 0.302462
8 -0.157141 0.158325 -0.154701 0.068546 0.028224 -0.047460 -0.001145 0.394704 -0.121202 -0.128224 -0.054673 -0.013529 -0.009805 0.038079
8 0.042692 0.006065 -0.106400 -0.199594 -0.117237 0.077612 -0.032084 1.008063 -0.018452 -0.257471 -0.173165 0.048553 -0.096019 -0.182563
5 0.110145 -0.125342 -0.023993 -0.248270 1.477401 -0.020077 -0.357466 -0.069010 0.000680 -0.138461 -0.171149 -0.076759 -0.192886 -0.164813
8 -0.005797 -0.119178 -0.055762 -0.040264 -0.073662 -0.064842 -0.090572 0.893064 -0.022728 -0.112032 -0.123091 -0.086129 -0.126510 0.027504
9 0.173116 -0.251297 0.231277 -0.062747 -0.099723 -0.104672 -0.309358 0.180845 0.301550 0.176435 -0.152929 0.005012 -0.136240 0.048730
1 0.237729 -0.064060 -0.086774 -0.039169 -0.108402 -0.017475 -0.172973 0.002025 0.135647 -0.062624 0.014812 0.168145 0.053495 -0.060378
8 -0.088047 -0.006274 0.055912 -0.211046 -0.029727 0.181666 -0.002489 0.523564 -0.016736 -0.066199 -0.095954 -0.124845 -0.026387 -0.093440
8 -0.171940 0.032966 -0.277650 -0.163559 -0.143969 -0.090847 0.416016 0.785953 -0.089748 -0.062896 -0.181585 0.074149 -0.022486 -0.104403
8 0.046310 0.090927 -0.167298 -0.032876 -0.110069 0.033205 -0.277940 0.778206 -0.086096 -0.239877 0.031095 0.150669 -0.183186 -0.033070
1 0.156654 0.082611 0.007328 -0.062232 -0.073768 0.061189 -0.045743 0.077958 -0.011907 -0.055069 -0.066556 0.061200 -0.129415 -0.002252
8 -0.030873 0.123033 -0.114599 0.025665 -0.079390 0.112990 -0.113104 0.137136 -0.188460 -0.004785 0.093083 0.050978 -0.057910 0.046235
8 -0.140639 0.065641 0.203412 -0.161768 0.159594 0.192488 -0.169054 0.649186 -0.137987 -0.178824 -0.209386 -0.048824 -0.312909 0.089067
2 -0.055364 0.229227 -0.123630 -0.050391 -0.031594 0.010161 -0.321329 0.022575 0.104684 -0.020712 -0.064184 0.106926 0.088155 0.105476
6 0.034921 -0.028992 -0.045643 -0.047087 -0.013556 0.113801 0.102664 -0.003060 0.002052 -0.011614 -0.015409 -0.038116 -0.013484 -0.036478
8 -0.074863 0.101394 -0.051642 -0.090352 -0.048420 0.122349 -0.114468 0.378934 0.085681 -0.060449 -0.103457 -0.024982 -0.096406 -0.023320
5 -0.097951 0.182791 -0.055462 0.051650 0.196310 0.050214 -0.070171 0.123844 -0.084756 -0.101631 -0.165623 0.029139 0.010580 -0.068935
13 0.134193 0.071862 0.031067 -0.095738 -0.145297 -0.085536 -0.054871 0.048377 0.098726 -0.034679 -0.063432 -0.033724 0.159475 -0.030423
8 0.061949 0.083809 -0.065637 -0.060671 -0.079677 -0.039472 -0.133036 0.274306 0.185120 -0.144396 -0.072655 0.029743 -0.093554 0.054173
6 0.140217 0.152971 -0.200877 -0.046200 -0.012500 0.165732 -0.199649 0.000053 0.040267 -0.081318 0.028380 -0.076384 -0.011450 0.100758
8 -0.051525 0.036357 -0.010543 -0.138619 -0.080959 0.311137 -0.065253 0.413597 -0.169653 0.007887 -0.133439 0.045717 -0.251825 0.087122
8 -0.132146 0.090032 -0.025249 -0.082082 -0.006518 -0.072865 -0.067600 0.430822 -0.057247 -0.083403 -0.001089 0.066233 -0.036321 -0.022567
8 -0.116698 -0.088529 0.057345 0.080887 -0.185627 0.228590 -0.265051 0.499825 -0.093944 -0.056701 -0.134049 0.098411 0.024142 -0.048601
11 -0.127495 0.138093 -0.107720 0.071351 0.068655 0.037563 0.090455 -0.232894 -0.063504 0.021481 0.191549 0.049925 -0.010699 -0.126760
3 0.121119 -0.175861 0.176658 -0.012298 -0.015070 -0.001993 -0.130273 -0.002704 0.091323 -0.013239 -0.049252 0.043158 -0.073446 0.041878
9 -0.004093 -0.177879 0.025938 0.008414 -0.035903 -0.020147 0.055231 0.045088 0.272692 -0.160069 -0.101716 0.136351 -0.113661 0.069753
13 0.031962 0.004863 -0.040110 -0.019868 0.018286 0.028759 0.011503 -0.019686 0.021834 -0.051581 0.007981 0.011768 0.069362 -0.075072
10 0.033043 -0.014085 0.077464 -0.106522 -0.041494 -0.181074 -0.074873 -0.043525 0.178269 0.184412 0.033138 0.028893 -0.033873 -0.039775
9 0.103424 -0.211563 0.045445 0.053527 0.095615 -0.022449 -0.095576 -0.081909 0.386886 -0.084443 0.012768 0.009860 -0.060871 -0.150713
13 -0.035212 -0.067857 0.154441 -0.099643 -0.067166 -0.102681 -0.122846 0.051126 0.127692 0.082964 -0.067017 -0.055129 0.358075 -0.156748
13 0.023884 0.019940 0.139798 -0.179483 0.052574 -0.114444 -0.164853 -0.064274 0.118751 0.041461 -0.049786 0.149768 0.151105 -0.124441
9 0.018186 -0.076728 0.048575 -0.011443 -0.014641 0.017132 -0.080070 -0.042805 0.089197 -0.030132 -0.011139 0.011797 0.016392 0.065679
9 -0.098299 -0.011298 0.044883 0.066186 -0.050074 -0.068071 0.005458 -0.088247 0.146368 -0.020461 -0.045267 0.112541 -0.066520 0.072800
9 0.131834 -0.135298 0.023227 -0.022337 -0.030296 0.037437 -0.110027 0.038237 0.423831 0.016055 -0.043579 -0.093069 -0.090838 -0.145177
9 0.004554 -0.092039 0.025016 0.025145 -0.014304 -0.000024 -0.099666 -0.034099 0.240486 -0.026271 -0.019224 0.021596 0.012774 -0.043943
9 -0.094826 -0.017945 0.122666 -0.095086 -0.026238 0.084789 -0.213269 0.032136 0.263259 -0.025659 -0.159955 0.148969 -0.125937 0.107094
9 0.042992 -0.121865 0.091805 -0.067535 0.046859 0.089756 -0.045536 0.077556 0.131958 0.026273 -0.089842 -0.035904 -0.087825 -0.058693
1 0.164670 -0.317287 0.098088 0.098002 0.102984 -0.022201 -0.250695 -0.048238 0.155706 0.009389 -0.026957 0.021088 0.032610 -0.017159
14 0.033884 -0.025726 0.004937 0.073868 -0.118209 0.069458 -0.034875 0.000829 0.042608 -0.031378 -0.084918 -0.035732 -0.052847 0.158101
1 0.137069 0.089028 -0.020311 -0.108220 0.091098 0.059315 -0.150840 0.078746 0.063929 -0.103076 -0.114855 -0.001037 -0.069667 0.048820
14 0.094049 -0.158328 -0.055726 0.130479 -0.097731 -0.125876 -0.105896 -0.045673 -0.066602 0.098506 -0.006929 0.028663 0.095176 0.215888
4 0.118012 -0.213724 -0.019614 0.352322 -0.074910 -0.058038 -0.140424 -0.032113 0.247620 -0.148785 -0.110334 0.008962 0.110226 -0.039201
3 0.120714 -0.131443 0.179777 -0.036512 -0.025440 -0.075537 -0.194399 -0.029859 0.154258 -0.002965 -0.075665 -0.076194 0.014515 0.178751
