11 -11.438883 -15.189339 -12.012602 -11.704711 -9.993474 -14.667307 74.135410 -15.662577 -9.305030 -15.476140 82.292511 -10.950871 -16.072736 -13.954255
14 -0.043045 -2.429815 -0.356518 -3.625296 -0.240449 0.908788 -0.400646 5.733105 -1.098444 -0.152669 -1.697906 -1.333207 -2.005330 6.741433
9 -3.452778 -4.620517 -0.717303 0.301414 -0.408944 -3.361357 -2.316899 -3.264911 17.920057 -0.043126 0.926036 -2.009924 3.634036 -2.585787
1 42.777068 -2.378169 -4.439799 -2.692799 -3.833484 -2.644705 -3.990970 -2.163316 -2.863830 -3.578483 -4.507947 -2.743076 -3.631299 -3.309191
6 2.983767 1.368838 -1.524537 2.723630 -0.877763 5.731312 -6.667098 -0.380193 -2.638374 -1.261988 1.843238 0.735780 -5.109642 3.073029
1 8.716437 -1.360926 -0.411044 -0.966424 -0.802231 -1.357671 -0.839489 -0.913689 -0.265107 -0.611259 -0.873818 1.559359 -0.792255 -1.081883
6 1.622976 -1.251215 -0.608674 0.266347 -0.667710 7.092880 -1.736062 0.044653 -1.633664 -2.665589 -1.230081 -0.695089 1.653106 -0.191878
2 -2.706565 3.036754 2.218718 0.822341 2.124962 0.540068 0.889453 -1.838281 -1.186242 -1.971318 -0.803079 0.198359 0.184828 -1.509999
5 -7.226025 -5.157554 -8.064398 -3.264392 57.961355 0.484324 -3.881902 -4.269985 -4.631553 -3.784977 -5.650471 0.943580 -5.965170 -7.492831
5 0.887412 -8.412625 -2.588858 -2.786757 33.959673 0.510258 -6.365266 -4.144547 -2.937167 0.068918 -4.659243 0.874739 -5.346800 0.940264
10 3.314914 -1.396668 1.795586 -3.798545 -0.395428 0.957823 0.452198 -1.615874 -5.099475 3.962281 -1.607820 1.755217 -1.851977 3.527766
3 -1.732007 -3.879918 13.241185 1.558082 4.977565 -2.353730 -3.729640 -2.561389 -0.630402 -2.302605 -3.308917 1.022768 0.590692 -0.891684
3 2.043336 -2.889247 32.656963 -3.915478 -4.072244 -1.684481 -2.565733 -2.728448 -2.585453 -2.899156 -0.785121 -5.976225 -4.756339 0.157626
4 -3.968733 1.369210 0.170958 4.432763 1.051575 -1.017677 1.725703 0.243350 -3.153381 -1.377081 1.999182 -0.182450 -2.796647 1.503228
1 120.753071 -8.982358 -8.137095 -8.543831 -8.959337 -11.508299 -9.023296 -8.694655 -10.186931 -9.244200 -8.354285 -9.813332 -12.620549 -6.684908
11 -7.682114 -5.950405 1.166080 -1.238740 -7.005384 -5.972032 -5.277090 -3.837106 -0.731405 -7.206221 52.298127 -4.477224 -0.356481 -3.730005
4 0.605952 -2.825323 1.084205 7.227955 -3.629172 2.528517 2.190603 -2.865118 0.053021 -0.422026 -2.628061 -1.275612 0.187013 -0.231954
12 -6.275737 -4.476518 3.159620 3.239457 0.746135 -1.142119 -1.685216 -6.025333 -2.592848 6.052294 -1.122115 12.097709 -4.019650 2.044320
14 0.716118 -1.115559 4.331864 -4.765283 -5.530636 -2.870511 -3.462595 -3.469154 -5.846695 0.610068 2.979025 -0.493105 -3.922482 22.838948
11 -2.376070 -5.553293 -3.586792 -7.078393 -4.582707 -4.125720 -3.149472 -1.103988 -3.816902 -5.437501 46.943888 -0.106049 -3.369788 -2.657211
3 -2.425770 -4.473528 33.619770 -1.570033 -3.185417 -2.342298 -2.308415 -3.994930 0.444491 -3.168463 -1.747540 -4.256097 -2.300172 -2.291597
12 3.043084 0.839351 -0.506526 -0.940830 -0.747060 -3.074665 -2.077740 -4.065905 -1.609899 1.556251 -0.368456 4.466476 1.994056 1.491863
14 -1.496938 -3.336833 -2.205275 -0.984619 0.262960 3.906869 2.250837 -6.186084 0.225184 -1.755521 5.075891 -1.090726 -0.930547 6.264800
9 -3.300523 3.180369 0.788700 -3.127811 -0.512047 -0.606857 0.450678 -2.548948 7.650983 0.829384 1.610358 -2.304797 -1.918186 -0.191301
14 -5.998665 4.190581 -2.853206 -0.212571 2.333923 -1.311945 0.699516 1.404863 -2.339513 -1.015009 -1.720659 0.986985 1.563604 4.272095
8 -5.338679 1.244476 -2.671772 2.767898 1.864639 -0.454146 0.228045 10.231237 -2.620642 -2.884024 0.111123 -1.687728 -2.540225 1.749799
14 -0.463099 0.097872 -1.089524 -1.995293 -0.699300 -1.567381 -0.103453 -2.657664 1.468334 -1.547268 -1.930182 1.971857 0.313638 8.201463
2 1.673376 26.695024 -4.958052 -4.270457 -2.846907 -1.200322 -4.048880 -4.591472 -1.556047 0.273921 -2.572899 -1.680608 3.689222 -4.605900
1 77.840013 -5.907234 -6.660479 -10.334404 -7.096571 -3.819371 -6.905311 -2.281754 -8.706320 -7.012804 -2.769702 -5.254813 -9.081351 -2.009904
2 1.085933 2.695884 -2.440134 -2.209154 1.324590 0.722577 -3.194647 0.692121 -2.146314 1.646021 -0.616709 -0.391924 2.036036 0.795720
5 -2.275104 -4.349039 -1.993023 -0.776597 33.529202 -2.831442 -2.707447 -2.532935 -2.493408 -2.632652 -2.109288 -3.157329 -2.366485 -3.304452
1 2.242404 -2.182589 0.097241 -1.545426 -0.047669 1.641098 -0.541443 0.230358 -1.441529 -0.524879 0.873769 -2.172658 1.359358 2.011964
6 -0.479752 -5.872400 -1.650926 -4.928837 -1.718926 17.844519 -2.038896 -1.319304 -1.348500 -2.362268 -4.298191 -0.113102 -1.145832 9.432415
5 -2.391886 3.504818 -4.006668 0.986827 7.119806 -0.671409 -3.983472 -0.228645 -3.851334 -4.053188 -2.879212 5.753408 0.011120 4.689837
7 -5.296885 -3.862304 -8.058480 -5.228171 -4.992179 -8.087834 83.663365 -7.432362 -11.231119 -3.871466 -3.539754 -5.094256 -10.138717 -6.829839
14 0.448388 -9.977429 -7.486695 -1.999793 -5.881106 -3.042925 0.589498 1.522621 -7.390453 0.761907 -2.732252 2.083600 -1.467371 34.572011
2 0.301926 4.741666 -0.643326 -1.157115 1.214133 -1.224999 -0.505598 -2.461840 -1.173041 1.614853 0.129452 0.377478 0.609947 -1.823539
2 -6.458213 35.946960 -1.991149 -3.905057 -5.840852 -2.640832 -2.882652 -5.576476 -5.805515 -3.245027 9.883216 -3.511107 -6.087928 2.114634
2 -2.542890 24.317219 -0.333958 1.027574 -0.599560 -1.154495 -0.906515 -6.612146 -3.606510 -1.721785 -1.706736 -0.865246 -2.409711 -2.885241
14 3.393157 -0.538022 -0.184281 0.391624 -1.269575 0.407066 -0.380855 0.422667 -4.707765 -0.644161 0.068171 -0.202220 -0.983026 4.227221
7 -1.671011 -2.631334 -3.256677 1.721213 -0.807480 4.285787 5.515897 0.209902 -2.916920 -1.491581 2.083684 -1.971367 -0.371407 1.301295
3 4.563855 -1.648114 16.106250 -1.424297 -4.216442 -6.676893 1.389338 -0.269198 -7.260253 2.070650 4.625408 -0.714918 -1.951560 -4.593826
13 0.274806 0.319698 -2.437397 -1.868154 2.962849 -2.446713 -1.271525 -0.169897 0.506876 -0.366070 -0.110981 -0.472882 8.175418 -3.096027
3 -5.549483 -7.536082 76.515825 -5.768268 -5.523776 -6.008992 -5.368215 -5.326762 -5.484049 -5.491440 -7.498012 -5.301546 -6.436337 -5.222863
6 -7.746254 -7.388821 -1.224217 0.968330 -6.383732 33.028307 -2.357090 -2.012553 -0.376280 -5.281045 -1.876420 -2.148967 5.815670 -3.016930
12 2.783787 -4.180041 0.759329 -2.031094 2.411979 -2.935826 -1.884000 -2.042800 -1.632640 3.516295 2.585708 6.120022 0.851836 -4.322556
14 -0.764325 -3.583110 1.576936 -0.549212 1.988051 3.216159 -2.160512 -1.566942 -5.299987 4.107225 -1.128405 1.985419 -3.055665 5.234367
13 -0.668817 -1.977608 -1.591943 3.901868 -0.553609 -0.883298 1.530901 -4.180031 -3.087774 0.719673 -1.495156 -1.121854 9.885170 -0.477521
11 -3.748921 8.965748 -1.512525 0.493210 -1.921877 -0.920283 -1.406373 -2.516024 -1.767191 -2.811594 13.853054 -1.656770 -2.928552 -2.121903
13 6.015372 -1.093098 -0.861802 -1.528320 0.442653 -2.576525 -2.846322 2.137771 0.975532 -3.358577 -3.431296 -0.718399 8.024017 -1.181008
14 -1.794617 -3.444075 -2.323380 -3.328081 0.726424 -1.116192 -0.741838 -4.443096 -3.160927 3.015422 -2.309183 1.316311 -0.557056 18.160287
1 2.725056 -1.128008 0.184819 0.562294 -1.326716 0.940624 0.104842 -2.168380 -0.994223 0.186446 -0.928717 0.809217 -0.967591 2.000338
14 -0.963681 -7.692503 -0.929588 -1.823007 -2.371723 0.101007 -6.033963 -4.416890 -1.335423 -0.281282 -1.951416 -0.363936 -4.556974 32.619383
11 -6.180140 -8.693075 -9.671631 -3.169334 -4.766231 -9.838968 -11.664506 -9.741857 -6.785306 -7.590844 88.651157 -3.012253 0.090368 -7.627381
7 0.760110 0.512152 -2.125003 1.069268 -2.034881 -0.108621 7.745792 -4.013597 -0.903000 -2.209508 -0.169335 -0.012003 -1.639347 3.127972
6 -3.683228 -0.200196 -2.631160 -0.942783 -0.427483 17.412241 -1.316413 0.805229 -3.440401 -2.342770 0.041885 1.234427 -3.151971 -1.357375
4 -5.655643 -12.520994 -2.403225 82.753280 -9.469202 -7.378735 -7.146323 -3.805770 -4.613306 -5.436904 -4.801982 -5.744660 -7.945438 -5.831095
4 -6.718421 -10.080078 -5.759279 87.240991 -8.208358 -6.845237 -5.840671 -5.379407 -6.308676 -5.962636 -6.602498 -6.324967 -8.605674 -4.605088
4 -5.290403 1.938707 -6.859912 49.290501 -4.540317 -4.183322 -3.389435 0.323613 -8.476913 -4.258827 -2.741902 -6.193194 -7.768707 2.150113
7 -6.353699 -0.771804 -5.829766 -6.507839 -10.878674 -4.506015 85.148986 -9.557686 -5.502569 -7.703303 -9.424102 -5.379181 -7.971258 -4.763091
7 -9.566596 -5.941061 -8.363372 -7.954743 -9.561806 -11.750517 100.317429 -9.392392 -8.835813 -5.998823 -1.403338 -9.692322 -3.546715 -8.309934
7 4.586470 -2.827901 2.311189 0.413500 -2.941227 -1.821511 8.698595 -2.604945 -2.455500 -0.525766 -2.339800 0.788739 -0.125239 -1.156604
7 -6.479023 -11.128449 -7.661109 -8.833694 -9.933553 -9.897633 103.153637 -7.809858 -9.023197 -6.947400 2.092132 -8.452222 -8.833862 -10.245771
7 -7.298695 -6.980686 -6.569356 -7.407749 -7.210843 -8.230319 84.283993 -5.463560 -7.481922 -5.548015 -4.354159 -7.023615 -6.163437 -4.551642
6 -1.157723 -0.983468 -1.158772 -4.210113 -3.115577 37.982443 -2.475161 -3.172466 -4.771828 -2.587606 -2.989786 -3.126294 -5.534572 -2.699077
9 -2.339767 -0.417209 1.006771 1.864746 -0.493608 -0.740966 -0.753642 -0.062066 4.508798 -2.227421 1.349121 -0.487534 -2.345283 1.138060
10 0.419705 -0.475317 3.578287 -0.180560 1.690691 3.641720 0.712379 -4.641112 -3.616710 6.097082 1.827432 2.950160 -8.064071 -3.939687
8 -1.785478 2.415387 3.499320 -2.920352 1.224778 -3.254900 0.936449 10.254433 0.556305 -6.860229 -0.466611 -2.255828 0.438774 -1.782048
2 -3.032734 6.651939 -4.375548 2.621468 -1.026876 -1.472616 -0.840262 5.655449 -1.506634 -0.981990 1.553580 -2.823843 0.433480 -0.855413
13 -0.831996 -1.996310 1.017321 1.041613 -4.525623 2.102284 -3.416809 -2.988112 -1.051414 1.339866 -5.641405 -2.718740 17.676568 -0.007241
4 -9.882244 -6.830449 -7.600414 84.987742 -9.518950 -6.592574 -2.386571 -5.005018 -1.271800 -8.423854 -8.939266 -7.266020 -1.653061 -9.617520
4 -9.604576 -12.114343 -3.727722 84.626001 -8.295429 -8.258848 -6.965902 -6.731007 -6.111984 -2.389724 -7.401941 -5.235827 -1.479076 -6.309621
4 -8.779136 -10.648018 -4.346639 86.703161 -10.603488 -6.500327 -4.039902 -8.183814 -4.819216 -4.970718 -6.147274 -3.784892 -10.563592 -3.316143
11 -0.449131 -0.510320 -0.674357 -2.176678 -2.133981 0.240234 -2.269188 -0.381044 -0.976299 -2.126985 12.436787 -1.231332 1.528675 -1.276381
7 -1.187058 0.948484 -0.768333 -1.528851 1.101122 -1.977524 3.403203 0.172474 -3.034080 0.168275 3.331174 -1.190140 1.464734 -0.903481
3 -1.259683 -1.484490 9.374473 -1.118794 1.210884 0.295872 -1.801228 -2.585508 4.542767 -2.668104 0.734221 -1.936805 0.419556 -3.723159
4 -6.885784 -5.604613 -5.430798 86.984744 -8.193363 -8.024380 -3.449183 -4.336011 -9.186604 -8.245019 -1.704970 -10.345540 -7.911346 -7.667128
5 -6.654485 -5.787075 -4.255304 -3.133398 63.852652 -5.653852 -4.621421 -3.766445 -7.248771 -5.820248 -3.815099 -2.829225 -7.180441 -3.086886
13 -1.852485 1.179833 -1.654754 1.276858 -1.139138 4.817763 -1.393326 -1.218090 -0.985294 -2.264273 -2.575962 -2.755727 6.543469 2.021127
9 -0.287459 -1.019558 0.917418 -0.365087 -0.268003 -0.558528 -0.333858 -0.491099 1.633244 -0.468025 0.056457 -0.319178 0.201444 1.302233
11 -5.775803 -4.415608 -2.345846 -6.476826 -6.554007 -4.850229 -3.980804 -6.607883 -3.717855 -8.734334 66.270414 -0.474512 -4.733545 -7.603161
11 -9.235806 -4.703705 -6.653167 -4.132975 -6.596533 -6.039795 -5.207386 -5.712072 -6.951608 -8.379688 81.865100 -5.560936 -6.742987 -5.948440
11 4.914675 -2.114236 -7.498016 0.564502 -2.549057 6.468379 -4.031929 0.415184 -6.789597 -4.747857 17.607385 2.165309 -2.422423 -1.982321
6 1.538260 -3.023886 2.136698 -4.123222 1.441795 4.869725 0.641770 -2.643055 0.628231 1.556934 -2.438829 -0.411263 -0.749419 0.576259
1 72.209983 -3.398420 -5.451299 -8.055460 -4.963308 -6.668877 -6.375831 -4.730635 -7.041300 -9.484206 -7.169721 -6.872789 -2.490145 0.492004
13 -1.343220 -2.135032 1.202350 -0.885960 -2.732076 -1.635393 0.470054 -2.200825 -4.953795 -3.083204 -0.761935 -2.961859 19.916560 1.104337
3 2.078698 -2.895470 18.241853 2.200861 -2.083174 -3.812098 -3.591604 -4.193597 2.441317 0.069911 -5.204519 -3.692050 -2.346587 2.786457
4 -5.969263 -6.340110 -6.700897 87.541755 -7.707424 -10.009441 -5.874966 -5.058446 -10.163531 -6.424470 -6.139707 -7.080683 -7.350600 -2.722214
4 -1.994915 -3.057885 -3.783898 86.292373 -7.625403 -4.531944 -5.408734 -5.290902 -12.209086 -10.292403 -5.095361 -7.029967 -12.266270 -7.705603
2 -2.159360 30.836690 -0.877211 0.471070 -0.426340 -3.164655 -2.941714 -5.661364 -5.857361 -3.903875 -4.914498 -2.143249 -2.596360 3.338226
3 -2.419970 -1.262463 4.507709 3.019560 -0.518867 -2.213687 -1.152405 -3.277439 -0.975843 2.876503 0.074332 0.534658 -0.815589 1.623503
1 0.000000 0.000000 0.000000 0.000000 0.000000 0.000000 0.000000 0.000000 0.000000 0.000000 0.000000 0.000000 0.000000 0.000000
2 -8.370948 31.955726 -1.603342 -0.503402 -1.283296 -1.496480 -1.658213 -1.951826 -4.625535 -1.871681 -0.589035 -3.304555 -3.405296 -1.292116
13 -0.726957 -2.912495 0.956997 1.201402 0.943339 -2.275768 -1.513172 -2.393571 -4.542912 2.260146 -2.209398 -1.003621 11.156270 1.059740
1 74.186250 -9.107435 -5.121481 -1.779391 -5.539157 -3.014873 -4.928594 -3.906071 -5.669391 -9.777346 -5.399208 -8.072935 -8.106069 -3.764305
7 -6.881386 -7.114272 -7.196896 -6.833953 -9.981253 -9.033138 100.457169 -10.545233 -10.668435 -7.206860 -1.350232 -7.478121 -7.657742 -8.509650
6 -14.106689 -10.754109 -9.562466 -9.000131 -11.287488 124.277576 -9.454167 -5.020135 -7.103005 -12.575958 -8.192527 -9.685677 -9.102244 -8.432979
4 2.031695 -4.115826 -3.151963 3.095366 -0.117576 1.504030 1.441143 0.948410 -2.550197 0.697012 1.102253 -0.386173 -1.870598 1.372424
13 -1.567427 -1.246963 -1.451378 -3.125843 3.232425 5.987834 -6.461151 -5.012538 0.095841 3.831447 2.300978 -2.480371 7.557113 -1.659967
1 75.086803 -5.307853 -7.483445 -6.250376 -5.437406 -3.404212 -5.748343 -6.027877 -7.064431 -5.264986 -4.287045 -7.298398 -9.189007 -2.323429
3 -1.596440 -0.462810 5.477382 0.079351 -1.154989 -1.775298 1.960102 -1.597803 -3.323121 0.414032 2.201066 -1.034116 -2.403515 3.216160
10 -0.448757 -1.772672 6.604976 -3.251632 -1.253716 -1.814871 -2.743800 -2.311320 2.974905 10.227170 -0.384299 -0.622153 -5.340028 0.136193
1 7.982799 1.743320 -3.938783 1.378107 -0.255951 1.321521 -2.043045 -2.874395 -2.683459 -1.490323 0.158304 -1.629316 1.049154 1.282067
8 -0.863277 -2.436152 -0.140520 -3.200313 4.805601 -1.885903 -1.751747 10.492599 -1.119185 -0.376970 1.121289 -1.705572 0.461362 -3.401213
7 -7.616646 -7.600554 -4.411284 -5.862183 -6.929361 -8.237496 79.902841 -5.770859 -9.452332 -9.663027 -5.895367 -7.721775 4.798140 -5.540097
8 0.000000 0.000000 0.000000 0.000000 0.000000 0.000000 -0.100146 1.198562 -0.795073 0.000000 -0.053220 0.000000 -0.250123 0.000000
11 -0.219632 1.770085 -1.032409 -1.940905 1.321269 1.955064 -0.210373 -1.663542 -2.043502 -2.859179 7.119753 -0.774418 -1.456365 0.034155
10 1.027518 -1.968691 -0.602283 -1.146949 -2.609569 0.324619 -2.425064 -2.195498 -2.736404 13.152839 -0.173347 0.756695 -1.066270 -0.337597
14 0.663259 0.097076 -0.785952 -3.107074 -0.635998 -0.512846 1.377544 -1.058375 1.883133 -2.414553 -1.899390 2.950023 -2.760163 6.203316
13 -1.988108 -3.147270 4.229779 -1.811124 -0.437188 -0.170213 -0.811274 -1.350704 -3.273346 -1.141416 -1.226465 -1.234427 13.709052 -1.347297
2 21.722017 54.068091 -11.331559 -7.817326 -6.728878 -2.876836 -7.058734 -6.346468 -6.955824 -8.857306 1.756694 -7.569500 -5.602393 -6.401980
6 -0.403062 0.000000 -0.961070 -1.088103 -1.124297 3.627893 -0.034545 -0.251286 0.460962 -0.285720 -0.450813 0.564698 1.097736 -1.152394
2 -1.878043 33.842244 -4.191305 -3.911276 -1.682500 -0.984133 -3.562070 0.741761 -2.202941 -3.724877 -1.901294 -6.057327 -3.487653 -1.000588
4 -1.678907 1.072827 0.402569 1.532993 0.502755 -0.077904 0.227751 -0.372643 -2.749577 0.323922 1.005200 0.326166 -1.815238 1.300086
4 -8.491400 -10.678213 -9.956678 83.957398 -11.898329 25.022099 -7.962544 -6.570125 -7.659332 -8.751259 -11.342703 -8.231672 -8.079223 -9.358018
1 92.724423 -7.257549 -6.751534 -7.505896 -7.395046 -6.829228 -7.329828 -7.598258 -4.531312 -6.956265 -6.145536 -7.125198 -9.065434 -8.233340
1 93.370408 -3.635429 -8.716554 -7.090494 -7.572587 -4.565038 -8.065300 -7.454656 -7.518259 -5.776911 -4.427612 -9.450912 -9.440019 -9.656638
1 81.356070 -6.548071 -7.629949 -8.163193 -9.247740 -6.218254 -5.011287 -5.081712 -4.923364 -4.639526 -4.696143 -3.986641 -5.723310 -9.486884
8 -5.143986 6.526814 -2.535813 -3.761647 1.695942 -4.129437 -2.105360 7.549955 5.523696 1.500641 6.349658 -8.305067 0.262781 -3.428178
4 -6.367589 -7.886555 -7.242840 92.446172 -9.704414 -5.974784 -6.265033 -6.350828 -9.145366 -6.737474 -5.146616 -7.275674 -11.563476 -2.785521
7 -0.408443 -1.759636 -1.242065 0.204939 -1.343824 -1.179150 4.510219 -0.937697 2.044186 -2.113289 0.058081 -0.564677 0.727668 2.003687
2 -5.201153 41.209366 -3.693749 -2.188292 -5.696953 -1.930063 2.105179 -3.018861 -1.672150 -1.356362 -3.533541 -3.467579 -4.463710 -7.092133
1 9.641109 -3.079925 0.193168 1.234657 0.529669 -0.155547 -0.415732 -0.863365 -1.464497 -1.741644 0.035602 1.042681 -2.741475 -2.214704
10 2.640026 -3.073789 -2.123286 -4.864530 -1.945818 2.982334 7.408274 2.540240 -4.667638 7.969862 -2.212920 -3.245073 -1.110881 -0.296802
13 -0.561783 1.597768 0.055519 0.417571 -3.580906 -3.404510 -1.010163 -3.472108 2.729807 -1.025726 1.336454 1.950650 3.267334 1.700093
9 -2.091023 -3.042677 0.556573 -3.323145 4.391139 3.367623 -2.930792 -2.873402 10.150749 0.227160 0.334064 -2.891542 0.288963 -2.163689
9 -2.979399 -2.337106 2.038332 -4.180533 0.653289 0.614172 -1.550874 2.167119 7.238387 1.437792 -0.695906 -2.567901 1.090988 -0.928361
5 -1.322795 -7.471226 5.961366 -2.266802 28.892061 2.713083 0.108878 2.080866 -3.065113 -5.115037 -5.926596 -3.019493 -9.645560 -1.923632
4 -4.555014 -8.076853 -5.882619 88.688802 -10.091887 -7.171101 -6.328638 -5.109430 -6.847951 -8.865695 -6.151590 -5.652088 -7.027386 -6.928545
4 -8.257343 -4.675475 -4.197862 87.471971 -5.507907 -7.242741 -5.681591 -7.275491 -5.354398 -7.463828 -9.734887 -4.053633 -10.157642 -7.869173
4 -4.896005 -8.245787 -3.978861 91.648865 -9.452735 -7.592096 -9.349957 -6.731391 -10.200323 -0.746766 -6.019256 -5.250582 -13.679809 -5.505294
4 -5.129488 -3.908664 -3.265072 51.555925 -4.484613 -4.734803 -3.704327 -2.365047 -5.370228 -3.469444 -2.939563 -3.271012 -5.996913 -2.916749
4 1.881338 -5.607097 -2.322112 8.877726 -2.352855 3.092803 -7.872929 3.700511 2.198702 -0.730361 -3.752133 0.303940 1.076918 1.505547
1 70.426527 -7.323925 -5.930132 -7.248609 -6.584866 -4.713316 -8.642890 -2.358771 -4.433667 -3.108901 -5.816154 -2.820466 -5.122347 -6.322487
7 0.160552 -6.654847 1.254588 -1.926388 -1.918523 1.687697 8.239379 -0.946782 -1.847126 0.560340 1.709022 1.180685 0.274991 -1.773588
8 -0.822728 -4.848769 -2.811354 2.078768 -1.419426 -1.346519 -2.996268 22.069968 -2.862054 -0.478153 -1.936519 -1.994924 0.226015 -2.858037
1 81.744795 -7.580546 -6.606767 -5.860018 -5.635992 -10.757024 -7.974948 -6.804937 -3.543191 -9.053136 -5.562981 -6.231978 1.152279 -7.285561
1 80.503365 -5.437992 -5.565817 0.599981 -7.488445 -8.407869 -4.566836 -9.291652 -3.381728 -9.109190 -6.290887 -6.722258 -6.111187 -8.729489
3 -2.452229 -5.460494 13.953675 5.245565 -3.428125 -1.909947 0.522673 -3.608660 -1.424494 -2.515753 1.246455 1.287765 0.062846 -1.519277
3 -2.569969 -2.204256 29.243751 -3.488940 -4.524389 -1.344011 -0.083440 2.033997 -0.217265 -1.245113 -3.094456 -3.884104 -4.060742 -4.561063
1 50.057623 -4.922040 -5.755641 -3.469729 -3.177197 -2.866292 -3.311839 -3.622529 0.060612 -5.563121 -1.451780 -6.578357 -4.068132 -5.331578
3 -4.293049 -3.786918 68.141734 -5.667578 -4.254307 -5.193894 -4.828963 -4.000378 -5.092780 -5.553576 -4.461332 -5.938504 -7.479207 -7.591246
14 0.846533 -3.196774 -3.374957 -1.702692 1.696363 1.457984 -0.089898 2.861822 -4.344370 1.503916 -0.543864 0.460288 0.117041 4.308607
14 -4.050819 -6.663460 -0.701547 -0.181450 -1.575747 -0.447107 -0.379080 -0.404063 -6.939444 -1.803343 -0.134137 -3.289488 -3.819653 30.389337
8 -2.553973 -0.565690 -1.583383 0.849067 -5.021759 -4.020484 6.450608 22.153114 -2.557047 1.980507 -4.079144 -3.395204 -3.836817 -3.819795
3 0.314774 -4.825423 31.937688 2.058961 -2.202670 -1.997282 -2.572592 -6.142673 -0.185422 -2.723608 -2.241986 -2.463861 -5.779452 -3.176453
6 -6.181858 -4.120695 -4.200613 -2.790611 -5.841060 56.535383 0.231787 -6.375581 -3.681772 -5.400396 -3.957131 -3.244848 -6.371403 -4.601201
13 -0.845949 -4.970320 5.479466 -4.138163 -2.973482 1.179653 -1.994530 -5.529281 1.975223 1.405507 0.793656 1.487044 7.840188 0.290989
3 -3.571262 -6.244472 50.811317 -6.673207 -6.212808 -3.422895 -4.224190 -5.272803 -2.640450 -2.316855 -3.357571 0.282572 -5.033909 -2.123467
14 0.534218 -0.612589 0.455978 -0.576769 0.053378 -0.213750 -0.665893 -0.548635 1.088000 -1.335318 -0.449213 0.453986 0.193355 1.623252
11 -3.382264 -3.169902 -2.750747 -0.865463 1.457636 -2.431238 2.168810 -0.356984 -2.102470 -1.731060 14.612685 -3.015073 -1.893611 3.459680
11 -5.459862 -1.390458 -3.043193 2.840057 -3.336969 0.032474 -0.514298 0.470416 0.307675 1.618306 12.397506 1.839710 -1.649907 -4.111458
11 -7.572751 -9.588454 -6.881499 -3.188893 -6.292742 -9.408636 -5.766075 -5.184685 -7.310607 -7.797819 87.454538 -6.666932 -6.973655 -4.821790
11 -3.796830 0.846326 -2.732204 -0.651654 1.987773 -0.582083 -1.987204 0.134384 -6.331768 -5.121761 22.672158 -0.757117 -2.287710 -1.392311
1 77.702261 -5.410215 -0.489136 -7.226862 -3.814313 -4.722778 -7.171512 -5.891857 -7.824593 -8.324011 -8.423825 -5.669443 -7.601138 -5.132581
5 -2.557705 -3.854909 -3.741313 -3.073569 44.769513 -1.641237 -2.550863 -6.566728 -6.606222 -1.512665 -1.338023 -5.830316 0.258954 -5.754917
4 -8.176443 -5.371570 -10.021584 94.611706 -4.214295 -5.048984 -6.154684 -7.019236 -6.053176 -5.867927 -11.334255 -4.018867 -11.635478 -9.695205
7 -7.385388 -5.044728 -6.908548 -8.329572 -6.656068 -9.427776 95.944730 -8.749817 -8.139336 -5.362569 -9.139344 -8.100672 -4.896147 -7.804768
3 3.000634 -3.522464 5.651527 -0.737189 -0.650056 3.506156 1.248693 -1.250225 1.407531 4.267023 -2.805114 0.163245 -11.129999 0.850239
5 -4.926325 -0.069227 -3.036143 3.101524 36.073840 -1.268276 -3.176436 -3.636458 -4.382471 -4.113495 -3.581553 -3.286393 -6.247369 -1.451216
4 -3.836465 -6.697210 -6.858930 87.881336 -6.303719 -7.608549 -5.559358 -5.697905 -7.079029 -0.923334 -9.609404 -5.877526 -10.721970 -11.107934
6 -5.934995 -5.425135 -10.463489 -10.438409 -6.626835 94.498248 -5.951641 -5.586613 -5.413865 -7.938638 -10.062650 -6.096090 -9.121299 -5.438586
8 -4.207425 -3.504101 -0.448296 -0.478641 -0.633398 4.248546 -0.286390 11.407667 -1.883795 -2.159502 -3.686085 4.549088 1.536741 -4.454408
6 -6.590783 -5.638487 -4.205005 -5.587694 -5.215714 75.454062 -5.762556 -7.112064 -5.302627 -4.782151 -5.137761 -5.208881 -8.211492 -6.698845
6 0.794257 -2.131847 -2.173236 -1.129390 -1.949988 10.437674 -0.831621 -2.354578 4.941741 -2.579469 -1.462891 -0.074562 -2.005760 0.519670
11 3.158599 1.609190 2.347514 1.043797 -2.921006 -0.375188 1.789704 -0.775499 2.259020 -1.159658 4.136942 -2.781198 -5.482012 -2.850206
13 -0.939905 -4.403729 -1.509920 -0.347373 -2.077567 -2.439905 -3.887858 -3.256439 6.415048 -0.577705 -3.656608 -2.831172 22.999182 -3.486049
13 3.096384 1.639617 0.175977 -2.118009 -2.390778 -0.489660 -0.695837 -2.860232 -1.935891 -1.005393 1.632711 -0.607658 8.293644 -2.734877
14 -0.089413 -1.533297 -0.743965 -0.682405 0.109435 -0.131108 -0.793032 2.503905 -0.038552 -1.350773 -0.357099 -0.769496 -0.061382 3.937183
9 -5.030678 -2.620523 -3.105361 -3.043022 4.431411 -0.538172 0.221195 -1.504507 13.845643 1.121945 -1.318853 -3.489020 1.063547 -0.033606
12 6.607520 -6.684905 1.959025 -0.722987 -3.680706 -2.572013 -0.121555 -2.777004 -0.954909 -0.557788 2.162403 7.832407 -0.892258 0.402770
4 -7.548020 -9.504000 -6.293356 85.718341 -8.841598 -7.204225 -6.199208 -3.113991 -4.254678 -8.678578 -7.493859 -5.586839 -7.475518 -3.524467
14 1.927152 -4.746808 -1.068251 -2.230213 0.253816 0.231306 0.082373 0.125936 -0.404934 -1.837564 -2.047702 1.236027 3.205703 5.273158
4 -5.523882 -6.804286 -7.438179 57.501810 -5.773581 1.545579 -6.528333 -7.135915 -9.492400 -3.701139 -0.887231 -2.852799 1.618929 -4.528572
4 -7.936119 -5.378045 -10.285216 98.544085 -9.963712 -5.020765 -3.707311 -4.577752 -9.686761 -10.463386 -5.153819 -9.619970 -10.624595 -6.126630
3 -7.615087 0.178808 73.377786 -7.531764 -5.418495 -2.691414 -4.008672 -6.817640 -3.642585 -6.791961 -4.413283 -5.145396 -8.868327 -10.611971
3 5.982789 -0.749862 9.461389 1.896020 -4.715428 -0.026233 -2.719058 -0.644102 -3.557154 0.594193 -0.624908 -1.518366 -2.686593 -0.692688
9 -0.432734 1.761411 -2.666578 0.064627 -1.714858 -0.190813 -0.676219 1.736379 2.032490 -0.842917 -0.707378 1.023691 1.743449 -1.130550
6 -0.859160 -0.299887 0.036385 0.933406 1.097708 2.337348 -2.693436 -0.832565 -2.294041 2.099030 1.026275 -1.563728 -0.001044 1.013707
13 -3.141325 -0.284365 1.795079 3.446178 0.823650 -1.405282 1.196405 -1.532697 -1.762036 -3.904248 0.167707 -0.568113 4.057348 1.111699
14 -0.803252 3.978172 -2.572210 -0.518906 -1.606178 1.502381 0.083138 -0.685888 -0.756466 -0.253239 2.134840 -3.690640 -2.000820 5.189069
14 -5.232842 1.130398 0.544714 -3.817326 4.673355 2.568473 4.158760 4.994465 -7.182071 -2.866943 2.241126 -1.064710 -5.584033 5.436634
4 2.381535 -5.389514 -2.290196 4.867919 -1.054938 -1.922753 -0.355365 0.265826 -0.417839 -0.918408 -0.783634 0.806087 3.504364 1.306917
8 2.208705 -3.535777 1.399784 -2.928480 1.058460 0.374944 -0.903947 3.731105 -1.328905 1.720565 -2.484490 -3.685233 1.588444 2.784822
4 -4.557318 -9.746300 -6.186352 84.793854 -9.984305 -6.519570 -7.507520 -1.906347 -2.701158 -10.915353 -5.384299 -7.689343 -8.008487 -3.687498
4 -6.579640 -10.235489 -5.988618 87.273867 -7.882675 -7.852614 -4.963866 -3.831546 -7.053549 -6.533497 -6.907383 -6.082295 -5.598309 -7.764382
1 4.213702 0.667282 0.784019 -1.160472 -1.462776 1.492334 -0.353224 0.558350 -0.875219 -1.075128 -0.741537 0.198547 -2.005784 -0.240095
12 0.633192 4.157652 0.240591 -5.070807 2.174809 -0.262396 -3.486556 4.278618 -6.341267 -2.397239 -2.693237 10.771024 -0.041013 -1.963374
1 45.907899 -1.826309 -1.295989 -3.774805 -8.867326 -1.502556 -4.996725 -4.458629 -2.500222 -3.226710 -3.231498 -1.818342 -5.418094 -2.990692
14 0.436382 -2.406133 0.086935 -1.519089 -2.176408 2.013416 0.556143 -1.850430 2.610047 -4.304367 -4.898206 -0.783875 0.259926 11.975658
10 3.148138 4.719415 0.770725 -1.678369 -0.931249 0.794801 -0.410449 -3.515163 -6.381560 5.182971 2.065047 1.360230 -6.864023 1.739486
4 -3.110252 -9.503986 -4.705828 54.951434 -7.333852 -4.078612 -1.614764 -3.728966 -4.267258 -2.010347 -5.270057 -0.721039 -8.814096 0.207625
5 -3.912887 -3.253716 -3.865384 -0.915897 44.439177 -5.728636 -4.407969 -5.597610 -2.028943 -3.899058 -1.302923 -1.738186 0.361834 -8.149801
4 -4.994543 -9.017601 -8.757305 89.786005 -4.623635 -10.240356 -8.391662 -5.129358 -7.863764 2.591649 -6.989876 -5.961433 -14.027384 -6.380734
14 -0.168259 -5.914112 -1.508016 -3.004802 -1.572409 -0.189096 -1.393499 -2.750171 -0.773840 -2.224401 -0.026587 -5.618327 -0.739046 25.882567
2 0.574576 1.208567 -0.870302 -0.365705 1.189244 0.442416 0.040156 -1.180274 0.043894 -0.418587 -0.546208 0.191559 0.041376 -0.350711
7 -1.395814 0.204592 -1.528346 -1.669519 0.856138 0.925482 1.243933 0.824626 -0.258622 -0.096443 0.289557 -0.113758 -0.177698 0.895872
4 -7.331397 -10.173685 -7.346689 87.345265 -10.170147 -3.812284 -3.352581 -1.752081 -6.655002 -6.010084 -8.786581 -4.954083 -7.244252 -9.756395
10 2.837073 -10.935525 5.705723 -3.138356 -3.504717 0.361368 0.085153 -3.880793 -0.978058 12.326282 -1.381120 10.800832 -5.832381 -2.465482
14 -1.835794 -3.978775 -0.600579 -2.589831 2.016669 0.796614 -1.577687 -1.083246 -1.100377 4.462812 -0.748138 -3.310347 0.541309 9.007371
6 -8.579580 -4.035851 -4.196092 -3.917946 -5.973779 65.842339 -5.931221 -6.386408 -1.591405 -3.949491 -4.452146 -4.816474 -4.933479 -7.078466
13 -2.026763 0.798664 -1.745884 -1.277009 1.172025 2.673485 -2.845328 -3.403730 1.840579 -1.486508 -0.268572 1.670013 5.737636 -0.838608
4 -0.695966 -0.734752 -0.642210 2.141677 -0.061069 1.335938 0.477033 -2.444551 0.774474 0.515140 0.396428 -1.304949 1.101040 -0.858232
4 -10.101575 -7.790083 -7.391745 89.636283 -10.091520 -5.029905 -4.374721 -3.164687 -8.381844 -9.073108 -5.622175 -4.637313 -7.520664 -6.456939
10 -5.893178 -2.967592 -3.295616 -1.653039 -1.053865 -3.711850 -6.192431 -1.414682 0.109445 38.203499 -4.090262 -4.289194 1.468459 -5.219691
8 -1.516254 2.209853 -1.297114 -2.876979 -2.547080 -2.261499 -4.134750 19.702110 -1.211996 8.654227 -4.664145 -3.291063 -3.307736 -3.457576
8 -2.221092 -0.968454 1.383463 -1.479633 -4.325727 -0.291565 -1.911520 17.013442 -0.583505 -0.710555 -2.942073 -2.607092 0.187233 -0.542922
1 72.729016 -8.087040 -3.845569 -0.298797 -3.191697 -10.166155 -5.446397 -7.973487 -2.005377 -8.458315 -5.540521 -10.626445 -3.461593 -3.627629
4 -4.731948 0.137476 -4.519003 50.982591 -5.429803 -5.431191 -6.420320 -1.393727 -5.099029 -4.128664 -3.687355 -6.516494 -0.393400 -3.369131
5 -1.331698 -5.894763 -1.694601 -2.450755 34.122418 -4.470307 -5.211490 1.069776 -2.946928 -3.338487 -5.225473 -4.816848 5.066027 -2.876869
11 -6.001023 -0.271909 -6.471098 -1.097186 -2.254192 -7.970071 -4.831095 -6.763639 -7.244838 -3.668139 69.684769 -7.645132 -7.959805 -7.506644
14 -0.219970 0.627907 1.381068 2.064454 -0.094969 -1.341557 1.385841 -0.207133 -3.630295 -0.813224 0.777424 0.045388 -2.784029 2.809096
10 4.450033 -5.782511 -0.175353 -0.624980 -1.656904 0.808308 -0.691576 0.839244 3.262297 4.747448 -5.107811 2.419606 -0.447779 -2.040024
8 -1.092240 -3.623565 -3.319831 1.863395 4.366173 2.527151 -1.813133 6.874792 2.026489 -0.775831 -1.207056 -2.043245 -2.154861 -1.628238
5 3.061241 -0.218689 -0.281297 2.252092 4.763342 -0.191673 -1.633165 3.594920 -2.469475 -3.417462 -5.125985 0.276234 1.781110 -2.391195
4 -0.582023 -6.367140 -0.588599 10.317509 3.993701 1.629962 -3.915053 -2.188482 2.755392 -2.374578 -2.523480 -0.983262 1.598617 -0.772564
1 4.969187 0.117682 -1.869784 -2.105929 1.157317 -2.667982 1.287819 -0.741285 -1.274717 2.065199 -0.872427 -0.863779 0.706402 0.092295
4 -9.110399 -11.518362 -4.071376 90.028575 -8.994345 -7.047055 -6.467446 -3.289732 -4.747160 -8.362911 -7.751232 -5.507307 -8.021188 -5.140060
4 -4.597883 -0.652061 -6.029793 4.326887 1.598145 2.989578 3.269956 2.031917 -4.115945 -1.087471 2.927498 1.352360 -1.716385 -0.296801
13 -1.045599 3.976425 -1.501841 1.609108 -2.349192 1.098321 -4.098355 -2.801779 -0.389627 4.785111 -3.088987 -2.007550 5.080657 0.733310
1 34.652808 -8.506766 -1.563102 -1.640539 -2.766341 -1.982741 -4.015711 -7.286966 -0.730015 0.314515 -3.509960 6.839578 -7.246001 -2.558762
6 -2.829792 -3.232034 -7.029999 -5.045593 -2.791301 50.119790 -2.746701 -2.922413 -2.930631 -6.641975 -1.235509 -6.540737 -4.030443 -2.142664
3 -2.371350 -4.735788 15.762341 -4.342453 1.936000 -1.496738 1.371367 -2.705587 -2.985663 -0.958435 -1.562784 3.156676 0.197474 -1.265060
5 0.425185 5.866905 -9.368477 -4.084812 34.785471 -5.642609 -3.591962 5.359555 -4.234876 -4.593959 -6.910512 0.124212 -1.570707 -6.563414
8 -4.469478 -3.728168 -3.289588 2.606957 -3.216697 1.968071 -4.264200 29.357731 -4.686150 -4.660876 -3.555591 1.679000 -3.086357 -0.654654
14 -1.453274 -1.361400 1.001827 -1.567008 1.734390 -2.653112 0.197778 0.275463 -0.798815 1.425618 -0.766905 -0.191077 0.961596 3.194919
1 4.267170 2.114201 0.284804 -0.217974 -0.358551 -0.239898 1.738649 -0.290807 -3.728672 1.034908 1.844416 -0.614700 -3.245604 -2.587942
6 4.051646 -5.015057 -6.589527 0.986976 -3.287635 24.236166 -4.401774 -3.127098 1.498944 -4.916617 -3.518099 4.312898 -0.622425 -3.608399
12 -6.594565 0.825725 -1.652884 4.508094 -1.171383 -1.517713 -1.619308 5.109899 -0.766107 -4.881100 -0.436655 6.523421 2.394085 -0.721509
3 -0.259223 -2.907112 26.515064 -0.350915 -1.771526 -1.774254 -0.666655 -2.517681 -2.321047 -1.314840 -4.207303 -3.824788 -2.353714 -2.246004
12 1.037235 -0.123887 0.796417 -1.385852 -0.760996 -1.509872 1.095123 -0.838323 2.353061 -0.900099 -1.009844 4.116700 -1.505752 -1.363911
14 -0.489049 1.277671 -3.797887 -0.027592 -3.110790 3.685368 -3.988754 -1.250265 0.301429 2.297542 -5.179667 3.135953 1.779592 5.366447
14 1.150767 0.121134 0.137181 -2.114935 1.440314 1.307377 -0.986249 -0.850633 -3.495483 0.379174 0.842189 -2.248829 1.045593 3.272399
11 -1.842343 -1.520058 -4.246564 -2.082684 -3.376655 -6.025295 -2.975501 -1.693307 -2.352171 0.142069 30.954574 -1.967838 -4.004977 0.990749
13 -0.044073 1.317064 0.560836 -0.892401 -0.441216 -0.561700 -0.499055 -0.989297 -1.698431 1.580941 -0.938592 -1.035993 3.322845 0.319072
14 -1.016196 -0.028269 -1.021670 -0.507781 -0.865140 -0.955462 -1.681782 -2.362537 1.094092 3.148203 -0.111484 3.232153 -2.375024 3.450897
1 94.462911 -8.012149 -6.841207 -7.524927 -6.962075 -7.653239 -8.491697 -6.854897 -7.463214 -5.236544 -7.435564 -5.068950 -8.183175 -8.735272
12 -0.344612 -0.533385 -1.897033 -1.597093 0.830663 -0.603637 1.752857 -3.235127 0.604433 -1.073332 -0.621197 5.047758 0.532671 1.137035
10 0.726302 -5.189752 3.254616 1.644263 -0.713643 -0.480063 -1.615122 -0.769511 -2.918931 3.660005 0.115286 2.959664 2.609842 -3.282957
3 -1.031274 -2.401399 4.894536 -2.711190 0.546598 -0.873658 1.760562 1.313097 -1.385819 -2.623274 -1.072520 0.881725 1.980381 0.722234
1 71.319616 -5.982861 -4.840869 -5.829508 -6.872461 -8.270448 -5.668779 -5.764329 -2.794865 -6.862315 -2.653616 -6.712033 -3.738393 -5.329142
1 50.315103 -6.607271 -3.429596 -5.180321 -1.493367 -0.897522 -5.083787 -2.451134 -4.488852 2.100404 -5.557353 -6.150424 -8.198153 -2.877728
2 -2.381204 3.501167 -2.722518 -1.106941 1.361529 -0.748896 -0.791985 -3.507243 -1.762974 1.573706 -1.165614 2.721594 3.343492 1.685889
6 -0.879427 1.832484 -1.952801 -4.962045 -0.901971 28.957451 -3.660735 -4.992835 -3.223481 -4.353558 -1.799477 -3.888114 3.538936 -3.714426
5 -7.601514 -1.097073 -1.748125 -4.631606 32.493192 -4.189807 2.346459 5.340469 -7.755742 -0.668327 -5.154094 -5.942417 -6.722859 5.331445
6 0.489111 2.611033 -7.812956 -1.757611 -2.948929 26.485081 -4.752603 0.357564 -2.274977 -2.118473 -4.396567 -4.538535 -1.911933 2.569795
3 0.808893 -5.578189 7.983105 -0.328491 -3.838390 -1.122014 -3.271174 -2.520154 -1.511636 0.275610 3.408439 5.901944 2.228249 -2.436191
2 2.488189 4.737800 -2.891074 -1.304947 -2.058733 2.274507 1.979693 2.332831 -5.477938 -1.569274 -5.890420 4.491847 -2.633602 3.521120
3 -3.618180 -5.378692 50.811317 -6.488426 -6.166815 -3.605274 -4.268466 -4.930864 -3.030615 -2.474504 -3.178941 -0.047485 -5.513492 -2.109564
10 0.808340 -0.211823 -0.270555 -3.213313 -0.333184 0.835178 -1.501311 -3.481155 2.389755 6.395961 -1.643293 -0.850453 -2.443472 3.519324
6 0.277065 -0.845881 0.610136 1.774956 -1.987480 3.631868 -0.702297 -1.225407 -0.084427 -1.144432 -0.438093 -0.621234 1.407200 -0.651975
3 -5.573105 -1.196823 19.602897 0.057359 1.739199 -4.209429 -0.727087 -2.370959 -0.760049 2.553880 0.706928 -4.487985 -4.560035 -0.774791
10 -3.670848 0.305327 0.171270 0.448754 -1.684666 -1.622268 -4.233141 -3.755733 -2.426276 30.818195 -4.686755 -0.239654 -6.542539 -2.881665
10 -2.344913 -6.520313 0.151268 -0.393238 4.904318 0.205565 -0.413076 -3.504565 -3.314373 8.810759 1.182343 3.096530 -4.873707 3.013401
7 -6.971995 -7.370393 -7.148412 -6.560479 -8.508537 -7.491647 97.695807 -7.713466 -6.736456 -6.399016 -11.553078 -7.032134 -7.292308 -6.917886
11 -2.168026 -0.661771 -0.423419 2.782155 -2.356724 1.749121 -0.651764 1.753006 -4.643675 -3.582549 5.106242 1.803584 0.541701 0.752119
12 -4.863245 -1.551961 0.973052 0.541227 -2.699869 -1.889060 1.732471 -1.880612 -2.128387 -0.917811 1.249423 18.797444 -7.070587 -0.292087
4 -1.678907 1.072827 0.402569 1.532993 0.502755 -0.077904 0.227751 -0.372643 -2.749577 0.323922 1.005200 0.326166 -1.815238 1.300086
11 -6.652505 -8.575451 -1.955401 -3.362380 0.502097 -5.254696 -4.839513 -7.504371 1.328163 -6.033459 50.625202 -2.403578 -3.745632 -2.128478
11 -10.250444 -6.533348 -5.861300 -6.056327 -5.829134 -7.228013 -7.774654 -6.303838 -8.504697 -8.271209 92.615627 -6.109347 -7.765769 -6.127544
2 0.095140 7.329501 1.954668 -3.257300 0.910404 -1.878838 1.140788 3.446091 -5.365200 -1.628243 0.338645 -1.744393 -1.400311 0.059049
3 -3.292252 -5.378692 48.218869 -6.292673 -4.716040 -3.543488 -4.055946 -4.690208 -2.940503 -2.319204 -3.582592 0.109292 -5.410732 -2.105831
11 -2.707266 5.030597 -2.293215 -0.520748 -1.323412 -3.756002 2.586130 0.034247 -4.643512 0.712909 7.585728 -0.844503 1.062539 -0.923495
14 -3.159755 -0.222535 1.978370 -0.864025 0.619456 0.853994 0.278400 -3.209387 -5.038922 -1.796704 -1.101176 1.308418 4.525268 5.828600
11 -4.015872 1.188801 -0.970834 -2.323093 3.153359 -2.420047 0.045298 -1.343053 -3.959990 1.317752 9.144599 0.512581 0.913267 -1.242770
11 1.465631 2.150735 -4.664125 -0.412283 -1.052608 0.844176 1.513863 0.872988 -0.872443 -3.285003 3.101664 -1.331769 -0.758294 2.427467
4 -0.377762 3.260964 0.059928 4.337005 -0.974649 -0.330218 0.645930 -1.577671 -2.949474 -0.124160 0.737526 -0.540652 -1.427286 -0.739482
10 -0.431602 -2.719158 3.355094 -2.265671 -0.628236 -0.506707 0.773199 0.481625 1.737338 6.921168 2.087043 -0.866246 -4.493489 -3.444359
11 -7.415806 25.468090 -6.192162 -4.399136 -4.523405 -8.827354 -2.111360 -6.046925 -7.745573 -6.870730 48.054686 -7.520640 -7.753160 -4.116526
10 -2.422248 -1.607106 -1.807830 -1.787453 -0.585222 -1.274729 -0.218686 -2.414499 -1.662638 15.857156 -1.428396 -0.451792 1.881857 -2.078413
11 -2.868251 -3.488577 -7.328286 -1.650608 -0.906824 -2.515470 -7.155097 -3.933377 -8.763663 -0.940063 52.144947 -2.127336 -8.416391 -2.051005
11 -4.214401 -2.024457 -3.687999 -1.539875 -2.688698 -2.376118 -3.521521 -0.789293 -8.721643 -0.191716 35.966167 -1.634396 -3.398055 -1.177995
6 0.585670 -3.035031 -4.423999 3.968543 -2.094674 25.998072 -1.459691 -3.959660 -4.456004 -4.852861 -2.435931 0.532347 -4.350498 -0.016282
13 -0.781232 -5.500153 -2.289874 -4.013006 -0.185933 -0.876533 -0.653199 -2.300782 1.250645 -4.378769 -2.176936 -0.285930 22.346771 -0.155069
5 -2.404864 12.418515 -5.532320 -3.415062 36.187536 -3.123681 -3.657216 -0.480842 -4.523350 -4.559845 -4.027742 -7.063478 -3.636656 -6.180993
2 -3.272859 10.624489 -4.368923 0.666213 -2.166850 -0.034022 1.977941 1.464003 -6.641059 0.529303 0.145376 0.369295 -2.314244 3.021337
2 -0.803210 4.498149 -0.732298 0.037867 -1.897276 -3.732513 0.253577 1.437653 -2.433615 1.044796 2.390714 -0.582443 -3.973549 4.492148
14 -1.954859 1.036304 -1.925812 -1.645698 0.467217 -2.034706 -1.655087 1.407367 -5.228608 -5.662108 5.126884 -2.202893 2.774803 11.497197
5 -4.864314 1.020063 -1.153696 0.446799 3.835196 -0.412640 0.496611 1.240093 -4.940963 -1.832418 3.247613 2.606996 -2.114993 2.425654
8 -6.710403 5.376775 -2.101905 4.026728 0.050633 -0.367495 0.702825 7.824318 -4.662711 4.406464 -0.049218 -3.701286 -5.238575 0.443849
5 -2.985662 1.189769 2.103813 -4.124122 27.524331 -2.649189 -4.967899 -0.232783 -4.418748 3.526119 -0.857929 -4.003717 -6.597644 -3.506341
9 1.211013 2.195426 -2.889871 -4.033728 -1.645467 -1.684602 -2.495211 3.955071 5.760273 -2.168050 2.899973 -0.459702 0.638377 -1.283503
12 -0.041738 -1.819348 -2.192123 1.517101 -1.239616 0.188753 -3.468437 -3.802708 -0.871420 2.588778 -2.215282 5.763637 1.883731 3.708672
5 -2.932588 0.640456 0.400505 -0.847808 8.971733 -1.761418 0.726185 -3.365127 -3.695460 0.561405 -0.764303 -1.732953 4.362596 -0.563224
2 -3.196087 24.684375 -1.539255 -1.756984 -0.977351 -2.001867 -0.964804 -1.485222 -4.446253 -3.106792 -0.689469 -2.016744 -2.015972 -0.487574
13 -0.420766 -2.459401 0.271560 0.333304 -2.388848 0.316531 -2.646004 -0.401668 -0.076569 -1.694433 0.986517 -3.119822 9.873944 1.425655
14 1.997609 -4.200206 -0.327115 -3.843238 -1.362982 -0.030707 2.699377 -3.214053 -2.330269 -4.021226 -5.722533 -3.048736 -0.873086 24.277164
8 0.148721 -3.190103 -1.961693 1.355750 -2.388616 -1.479685 -0.103332 4.432669 4.061783 -3.890502 -1.046166 1.409775 2.606890 0.044507
3 -4.626248 0.578158 31.788765 0.092790 -4.655955 -3.866224 -2.426418 -3.168830 -2.912466 -1.259705 1.108047 -2.215427 -7.063801 -1.372684
4 -3.712839 -2.041421 1.284478 3.384149 1.347243 1.354443 0.630514 -0.477745 -2.060485 -0.762287 0.166701 0.953395 1.471985 -1.538130
6 -0.664514 3.916933 -4.269177 -4.884195 -8.293693 46.525947 -2.014520 -3.191909 -8.309535 -10.079813 -2.669993 -4.040403 -3.314454 1.289325
13 0.727944 -0.557226 -1.920360 -0.544132 -1.848831 5.295578 -1.421386 0.902908 -3.628942 -1.377558 0.576440 0.116023 6.025037 -2.345494
3 -0.229542 -2.129575 16.721926 -2.407861 -1.568311 2.634743 -2.528671 -0.717529 -2.071568 -2.495113 -1.644463 2.119316 -1.866811 -3.816538
1 29.508996 -2.553324 1.589877 -6.946707 -4.874648 -7.093831 1.500300 -0.165071 4.246785 -3.392637 -4.107175 1.434794 -6.338973 -2.808387
2 -2.890991 2.042081 -1.833011 -0.456533 1.235892 0.784766 0.158804 1.350071 -1.811065 0.461050 0.576837 0.097060 0.757199 -0.472159
2 3.379562 4.921458 -1.814647 -0.334543 -3.519561 1.161547 0.057241 0.620141 -0.325620 -0.572876 -4.815121 -0.697671 1.497099 0.442992
6 1.873435 -0.851609 -4.921049 -1.287478 2.166432 5.218734 0.504566 1.108571 -0.339150 -1.122876 1.089580 -1.236046 0.762259 -2.965371
6 -0.967012 -4.601692 -3.433409 -1.346444 -0.697223 35.731956 -4.261326 -1.099849 -5.044308 -5.256224 -2.106344 -1.334212 -3.262277 -2.321637
3 -4.085480 -0.466536 11.615159 0.461419 -0.226241 -0.120354 -1.507784 -3.018487 -3.121058 -0.228871 0.765559 5.564112 -6.993121 1.361684
12 2.801797 -1.130615 -4.022667 0.713321 -2.410640 6.488643 -2.535833 -2.306925 -8.390415 2.332937 -2.025820 14.527116 -3.715381 -0.325518
1 70.186700 -4.681821 -5.736179 -5.599726 -3.220832 -4.248240 -4.011247 -8.781881 -1.394717 -4.144093 -6.731645 -4.745781 -12.266896 -4.623645
14 -4.334272 1.841460 1.102043 -0.766698 -1.239183 -6.535104 0.318263 -0.677933 0.575447 -0.581699 1.678891 -2.940102 3.388485 8.170402
13 -2.624442 -1.597281 0.533236 0.900611 0.807212 -1.670713 -1.137887 -0.795419 0.368994 1.363348 0.589134 -0.391992 2.622091 1.033107
11 -2.088787 0.606573 -0.451437 1.153738 0.155228 0.687940 0.020974 -0.553245 -1.928271 1.164765 1.540620 0.307749 -1.912503 1.296657
12 3.020394 -3.519471 -3.353497 -0.105504 -5.736716 1.366490 0.711363 -4.354784 -1.774890 -4.859803 -3.974120 30.569304 -4.475889 -3.512879
1 35.522873 -6.784653 -1.535360 -4.139953 0.810453 -5.864921 2.005982 -6.983477 4.075126 -0.141288 -0.519766 -6.822588 -10.452397 0.829970
13 0.589692 -1.610566 -0.677268 -0.832121 -1.809661 -0.552627 0.208147 0.867828 -1.556321 0.527041 -1.205149 0.198401 8.338114 -2.485509
13 0.993001 -5.111795 -1.103834 -3.075472 -3.256648 0.469033 6.395452 -2.887392 3.825752 -1.273752 -0.008033 -3.062810 11.957243 -3.860745
12 -2.308551 -4.880338 2.583154 -2.346097 2.076966 -1.475222 2.054736 -0.359025 -5.939011 1.695098 3.356620 4.368498 -1.714051 2.887224
9 -2.794208 -0.466269 -0.966004 1.491486 -1.897031 -1.710667 -0.145339 -0.002301 11.308919 -2.263825 -1.493729 0.087510 -1.685292 0.536752
3 -4.116368 -3.617714 64.546049 -5.513535 -3.919832 -4.921511 -4.611487 -3.656717 -4.867779 -5.495700 -4.041877 -5.276698 -7.097465 -7.409365
7 -11.011377 -6.000991 -7.481315 -8.591620 -9.269545 -6.901868 79.496774 -4.992887 -3.467462 -6.087699 -6.678862 -7.452482 -0.868109 -0.692559
11 -2.712668 -2.981877 -1.835425 0.049921 -1.799811 -0.745095 1.099180 1.091879 -5.947018 -3.618022 15.005641 -0.690535 2.012106 1.071724
8 -0.385063 3.065509 0.121161 -3.575779 -3.517468 -2.383388 -4.519710 20.523771 -0.853473 4.289050 -3.610162 -3.783175 -3.474180 -1.897094
9 -2.945599 -4.871871 -0.793260 -0.311793 -2.150504 -3.855312 0.669660 -2.782512 14.484993 -3.642238 -0.805047 -3.037372 6.076097 3.964758
3 0.090629 -0.790048 5.014125 -2.052790 -0.099915 -1.857340 2.588863 -0.053642 -1.212108 0.505419 -1.438751 4.449154 -3.709086 -1.434511
6 -2.580032 -2.272931 -3.308378 -2.080473 -3.398517 34.076100 -2.432977 -2.557895 -2.526665 -2.516779 -3.442216 -1.665732 -2.847914 -2.445590
1 26.065771 -1.878231 1.648277 -2.567343 -2.372440 -0.540165 1.291539 -6.324970 -0.394990 -1.631755 -3.839235 6.948408 -11.601467 -4.803398
1 6.864936 0.599970 -1.351826 -1.767932 2.354593 -1.681200 -1.302213 -0.340364 1.879848 -4.788752 1.086706 -1.500471 -0.229227 0.175931
9 -3.118621 -1.484759 -3.665127 -1.123310 -0.240425 -0.130891 -1.534230 -2.117733 21.373181 -0.824218 -3.987027 -0.123286 -0.927564 -2.095990
5 2.896259 1.815041 0.056186 0.781247 26.088052 -1.113596 -1.598677 -3.288647 -5.915708 -2.333868 -3.120511 -7.647055 -7.119826 0.501102
5 -0.889026 -3.900385 -2.570935 -1.749874 10.632552 0.025387 -1.676592 1.206772 -1.061718 -1.296557 -2.831307 -2.741959 7.659600 -0.805957
11 -5.500070 -2.428512 2.706158 1.243634 1.958422 3.095433 -0.852636 -0.384748 -3.909430 -0.135990 5.654801 0.875671 -2.304322 -0.018410
1 46.889576 -3.367404 -4.724275 -3.449948 1.299001 -8.776640 -2.672602 -1.431154 -3.150144 -4.207946 -4.008604 -4.671282 -3.733816 -3.994762
1 6.215170 2.747682 -1.354524 -3.856403 -0.758508 1.922348 -3.072045 -3.810271 0.734516 -4.583327 -2.094639 1.663895 4.468058 1.778049
12 -0.566097 -1.592251 2.010777 -0.825733 -1.212047 -0.690071 0.316889 -4.247300 1.443060 -3.702397 -0.978985 13.834824 -3.243343 -0.547328
1 10.014575 2.499741 -1.345541 -1.239995 -3.010511 6.209597 -1.217977 -4.291727 0.453045 -1.638257 -2.569196 -3.061950 1.209844 -2.011648
1 97.347598 -8.469477 -8.756445 -6.978245 -8.852176 -8.158255 -6.139114 -6.296690 -4.384237 -9.193941 -4.963203 -7.037017 -10.204260 -7.914544
1 37.018734 -3.722468 -1.439766 -3.369150 -2.564743 -1.573638 -3.406982 -2.687105 -3.425145 -1.839552 -4.109653 -3.824182 -2.358480 -2.697869
1 60.053942 -7.534627 -6.715010 -3.196789 1.395664 -4.008038 -4.371140 -8.157523 -7.060770 -2.406712 -6.293417 -5.468625 -2.387334 -3.849621
1 53.144264 -7.455598 -5.890003 -7.107662 -5.360267 -4.325217 -4.802860 -3.798296 -4.123569 -3.332188 -4.935916 -5.955194 8.770847 -4.828341
1 82.819793 -3.642947 -7.415897 -6.625914 -6.483890 -6.424728 -5.968080 -6.554397 -6.020413 -6.629480 -4.904016 -6.581861 -9.705402 -5.862772
1 70.749488 -7.929500 -6.733505 -6.653591 -7.412799 -5.646281 -4.263468 -4.122085 -5.781555 -5.104705 -5.630517 -3.689869 -3.015165 -4.766454
1 79.529782 -2.266522 -7.889981 -4.208788 -5.518557 -7.867226 -7.699213 -2.557985 -6.570376 -8.530331 -8.182017 -7.827851 -3.729278 -6.681663
1 77.511914 -11.365424 -4.688431 -4.907414 -1.318450 -8.160286 -6.916951 -9.487768 -0.956707 -3.590462 -2.745188 -9.155778 -7.051221 -7.167838
1 70.918930 -6.911538 -5.156219 -6.669098 -4.216818 -4.618786 -5.534317 -4.911416 -2.302168 -7.332024 -5.415219 -7.060112 -7.743027 -3.048192
1 59.645784 -4.205369 -2.771032 -6.513953 -7.925108 -5.572798 -2.722842 -2.074326 -5.462250 -4.687240 -5.877812 -4.472038 0.328567 -7.689583
1 35.934316 -6.942054 -2.728675 -1.933682 -4.655284 -1.198134 -1.950636 -1.642430 -0.382754 -2.546446 -5.278267 2.436481 -3.612932 -5.499505
2 3.978823 5.676383 0.766366 1.039653 1.616614 -0.478796 -1.192082 0.882913 -4.535247 -2.459844 -1.465492 -1.424712 -4.499076 2.094498
1 51.414236 -8.972622 0.671330 -4.474029 -3.125268 -2.243967 -2.685520 -4.280932 -3.331475 -3.894695 -8.472601 -4.110483 -4.043921 -2.450053
13 1.157867 -0.088536 -1.296113 -1.351617 0.669490 0.417024 -1.634724 -1.362969 -1.084858 -1.528706 -1.053994 0.478017 3.828167 2.850951
1 81.076570 -7.395681 -8.425630 -5.871753 -2.428801 -6.460799 -8.602816 -5.173431 -0.081977 -3.196199 -6.851900 -7.895305 -13.731004 -4.961278
1 39.824111 -5.852463 -4.261921 -2.910730 -5.007778 -1.810142 -4.319431 -1.290117 -0.030410 -2.976460 -4.518496 3.339132 -3.861893 -6.323399
1 42.363490 -5.838123 -3.003812 2.259939 -1.857744 -6.072364 -2.335386 -3.907563 -3.253464 -3.802636 -1.681720 -1.654010 -7.200358 -4.016248
1 70.632020 -6.167161 -5.492578 -5.593300 -7.331910 -1.519581 -3.588588 -7.321123 -7.569271 -8.638325 -4.272795 -5.836627 -1.995263 -5.305504
1 8.584141 -4.051199 1.493891 -0.202596 -1.220485 -0.396320 -2.882592 0.933746 -1.554426 -2.011438 -0.016868 3.183856 -2.712633 0.852922
10 -0.987455 -1.093365 -0.471762 -0.026879 0.877163 0.644538 1.243503 -0.989242 1.414036 2.433375 -2.196817 1.046385 -0.628914 -1.264564
10 -6.044014 1.190371 3.581518 1.052596 -1.223892 1.527049 3.313797 -0.962848 -6.253198 10.897070 4.522032 -3.067767 -8.012056 -0.520657
13 -1.673016 -1.275807 2.716987 -2.365587 -0.411475 -2.774870 -4.800049 3.984978 -5.265399 -0.698186 1.631237 1.739003 7.957068 1.235116
7 -1.107565 1.029164 -0.518629 -1.759010 -0.956160 -1.251977 2.861838 1.307765 2.774654 0.364871 -1.053790 -0.248119 -2.091068 0.648026
14 -3.325691 -1.945787 3.670034 -2.170955 -1.836877 -0.761157 -1.587612 0.451797 -2.653722 3.257293 1.038066 1.005373 0.778514 4.080723
10 -1.036397 -4.659675 0.468196 -2.664664 -1.394903 -0.523541 -0.077178 -0.324823 -2.861343 15.685126 -2.952401 0.085017 1.910375 -1.653790
10 -2.138805 -2.109009 0.220128 -0.969936 -0.428471 -0.766231 0.735570 -1.403715 3.294722 8.869034 -0.268174 -1.622469 -0.339425 -3.073220
10 -4.502498 -6.263171 -4.318507 -4.545312 -5.620566 -3.934307 -4.753689 -4.951098 -3.342674 64.780413 -5.493400 -5.452815 -5.764586 -5.837787
1 7.584642 1.309007 -2.642244 -6.029094 -3.945251 2.970807 -1.778556 -0.286487 -5.083908 -2.954039 5.198639 -4.514035 3.679524 6.490994
10 -2.545591 -3.669599 0.197917 -0.425971 1.316494 -1.364380 2.171157 -1.234694 -0.339459 3.247963 0.347480 -1.710114 3.190708 0.818090
10 -3.969680 -5.570240 -3.899575 -3.986673 -0.570806 -7.081748 -1.995067 -2.992646 -1.187732 38.306116 -3.539874 -0.228974 -2.145444 -1.137658
8 -0.526861 -5.886908 -0.831504 -1.611269 1.680049 -0.197141 -1.137946 5.005152 -0.560890 3.136622 1.599364 -0.719049 1.782295 -1.731913
13 0.532035 -3.489740 3.125259 -1.717566 0.685279 -5.197965 -1.408999 1.024070 0.599662 0.283330 0.144369 -0.042329 5.305845 0.156750
10 -3.351887 -0.608129 1.661073 -2.063258 -0.646222 -3.851331 -1.624097 -1.753862 -2.564132 21.041094 -1.881824 -2.452122 -0.349301 -1.556002
9 -1.620739 3.156426 -2.773285 0.119610 1.009972 -0.844764 2.275718 0.797731 3.389638 -4.094253 3.261376 -3.595183 -1.095277 0.013029
10 -2.653637 -9.137186 -4.045800 -6.146032 0.456943 -2.742621 -0.145112 1.021561 -2.897137 43.603306 -7.785452 -5.493688 -0.648229 -3.386916
10 -0.308947 -2.304031 -1.024824 0.354028 2.077789 0.522002 -1.017265 -3.610112 -1.493175 10.826337 -0.906936 0.057114 -5.896472 2.724492
10 -3.605516 -2.741842 -0.712684 3.264906 -0.202721 -0.741625 -2.070742 -3.029703 -2.171548 21.127428 -0.659163 -3.921309 -4.053496 -0.481984
2 0.517385 3.339448 -4.305485 2.291461 -3.968921 -0.985817 0.650915 2.630833 1.195236 -1.503270 -1.365910 0.114200 2.830205 -1.440280
12 -2.121889 0.043852 0.064283 -0.880138 0.983717 1.015223 1.096147 -1.836849 -1.989675 1.697640 1.908299 2.883848 -3.015768 0.151312
6 -1.600359 2.585295 -3.133222 0.176605 0.763893 3.333410 0.762220 0.770317 -1.190075 1.162325 -0.573264 -1.805778 -0.538432 -0.712935
2 -4.472854 39.451474 -3.129499 -4.092341 -0.457391 -6.062137 -2.726413 2.377809 -1.941898 -2.359455 -6.243098 -2.966078 -4.829688 -2.548433
2 -0.023781 3.250651 -0.036575 -0.813962 -1.417443 0.941334 0.074316 -1.337097 -1.656521 0.287939 -0.096306 2.373718 -1.250367 -0.295905
1 0.000000 0.000000 0.000000 0.000000 0.000000 0.000000 0.000000 0.000000 0.000000 0.000000 0.000000 0.000000 0.000000 0.000000
2 -3.192651 38.353974 -2.011847 -4.655282 -2.744855 -1.087826 -2.236225 -0.741465 -1.770779 -3.505851 -5.288431 -2.543492 -5.429782 -3.145487
2 -3.807430 46.441271 -3.509536 -2.854612 -1.721847 -5.303264 -3.237265 -1.293793 -6.554229 -4.755288 -4.985140 -1.659098 -4.654070 -2.105700
2 -3.703990 10.166640 -4.560687 -0.607794 0.471105 0.847669 1.676776 0.516027 -2.648351 -1.390349 4.196976 -3.681252 -1.278635 -0.004135
14 -7.363619 0.843884 2.449122 0.873322 -0.830288 -2.164103 2.244424 -1.816875 -2.630884 5.024892 -1.396970 4.281290 -5.780648 6.266453
2 -1.971324 31.827545 -1.731063 -3.130227 -1.660687 -0.732539 -3.632219 -2.977186 -1.766234 -2.554048 -2.958983 -2.800958 -3.582346 -2.329732
2 1.236347 8.978059 -6.150848 -1.263657 -2.578464 6.640428 4.664471 3.212750 -4.703950 -2.724159 -3.727019 0.361697 -7.315515 3.369860
2 0.442902 46.146899 -5.332346 -3.489665 -1.063648 -2.639661 -4.643680 2.292934 -6.531231 -4.371950 -6.315129 -5.106785 -5.729055 -3.659587
14 -4.706769 -6.440461 2.086096 -4.680759 1.877541 2.200001 2.896787 0.536576 4.936298 -1.411034 -4.165533 1.808313 -1.201260 6.264204
2 1.958863 25.363371 -4.338239 0.014761 2.450719 0.107598 -3.556003 -4.402387 -3.886108 -5.255663 -5.199559 -1.162356 1.156484 -3.251482
2 2.671650 9.314768 -4.188078 -1.259006 1.300489 -0.712837 3.012646 0.752792 -3.569441 -3.045259 1.379207 -2.696895 -1.588346 -1.371690
2 -1.650856 32.084356 -3.078835 -1.602183 -3.505075 -1.852371 -2.884239 -3.589869 0.562823 -1.899999 -4.277416 -2.761428 -3.296641 -2.248267
2 3.698084 11.963583 -2.025321 -0.855020 2.306055 0.205905 -3.286625 -0.125025 -2.460085 -4.141305 -2.892609 0.854622 -2.264865 -0.977394
2 -4.218600 19.578159 -1.025427 -2.168132 5.316489 -2.089849 -0.656345 -2.248566 -6.752155 -3.019519 5.403101 -3.012959 -3.021773 -2.084423
7 -0.784160 -3.375672 -2.713107 -2.979362 -1.298092 5.690660 5.746748 5.443951 -2.209754 -3.981042 -0.576654 -3.351983 0.232150 4.156316
6 -0.356891 -0.445789 -0.080305 -3.274454 0.117891 4.631034 -1.255968 1.896427 0.551595 -1.732324 -2.171746 -0.338546 4.380246 -1.921170
6 0.620876 -6.623557 -0.768715 0.392452 3.430835 5.377641 3.990665 1.190168 -2.345755 -3.951487 -3.792191 1.390345 1.341103 -0.252379
5 0.846066 0.182140 -0.536862 2.334473 3.989834 -0.546234 0.655691 -5.076905 -2.394339 -2.566399 -0.855665 0.886526 -0.620023 3.701698
5 -2.700825 -4.119773 -3.738341 3.774258 25.173139 -1.485376 -1.500611 -1.587921 -2.509036 -3.108455 0.043113 -3.370597 -3.888150 -0.981425
5 -0.478633 -1.364470 1.190671 -0.213176 6.162573 -2.411259 -0.735237 -0.596058 -1.468447 -0.541802 -0.898353 -0.864928 -0.356027 2.575146
5 0.000358 -5.063711 -4.216384 -1.806241 29.762254 -0.666021 -3.629418 -2.022917 -1.997042 2.952964 -3.497875 2.342461 -8.751510 -3.406919
6 -0.678653 0.860028 1.640375 2.049495 -1.955747 3.197628 -2.249639 1.966451 -4.053636 -1.875812 -1.261961 3.046348 -3.045906 2.361029
14 -0.879833 -0.230588 -0.618094 1.594033 4.693381 -1.151073 0.789511 -0.768161 -3.898796 -0.257808 -1.314090 -0.844761 -2.120347 5.006625
5 0.077990 -5.970492 -4.286690 -0.400511 11.372680 1.595821 -1.879161 -0.426697 -4.317306 2.482353 2.344046 0.522718 -3.225222 2.110470
8 0.211531 -2.579075 -3.138761 -0.187757 0.535413 -1.322379 0.691464 4.311877 1.977950 -2.178039 -0.950880 0.211822 -1.777759 4.194593
3 -0.022539 -1.943705 5.854341 0.182804 -0.832989 -1.376972 -0.639324 -0.953015 0.138305 3.442792 -2.250833 -0.509758 -0.019635 -1.069471
5 -3.424605 4.154542 -1.485366 -2.540679 7.952567 2.656422 -1.143029 -1.466001 1.195485 -2.437018 1.859459 -4.019609 4.418950 -5.721118
5 -7.764487 -7.945094 -8.142143 -2.188796 89.433988 -10.313483 -7.909097 -10.036344 -6.196312 -8.439800 -1.681473 -5.021676 -4.009350 -9.785934
5 -4.210863 -5.576182 -1.968107 4.132193 27.387906 -3.136627 -0.980014 -3.463721 -2.249605 -2.866628 -6.422234 -5.369391 3.875889 0.847384
5 -3.798589 -4.905741 -5.361777 -4.789707 62.640931 -2.905974 -3.915313 -6.619035 -4.646925 -7.258927 -3.464827 -2.464984 -5.417392 -7.091737
5 -2.377540 -4.971189 -4.024280 -2.609470 31.110373 -4.481922 -2.344096 -2.009468 -1.122954 0.707158 -3.621651 -2.117260 1.441556 -3.579258
5 -1.970156 -7.079942 -6.217635 -4.537674 65.144278 -6.083423 -5.317264 -7.045377 2.627119 -5.168356 -4.375316 -9.557526 -3.485477 -6.933252
5 -4.157595 -2.621097 -1.635425 -1.693702 33.835671 -0.034756 -3.422367 -6.644101 -5.938216 -1.826853 0.790179 -4.310072 -7.545332 5.203669
5 1.288053 -3.374229 -2.974146 -3.428640 27.909780 -2.582348 -0.627510 -3.762189 -4.161742 -2.395600 -3.877764 -2.694953 3.917262 -3.235975
5 -3.044562 -1.193611 -1.024820 0.921704 7.936045 3.240112 -0.629771 -0.842303 -3.642772 -0.412646 1.516805 -0.373617 -2.140621 -0.309941
11 -1.122401 -1.296781 -0.541038 -0.191660 -1.046183 -0.790297 -0.964552 -0.890711 -0.707487 -0.793596 11.847050 -0.845452 -1.469967 -1.186926
11 -1.575172 -7.937467 -4.130998 -6.103589 -4.707950 -3.541780 -7.884467 -3.416795 -8.560532 -5.193964 68.255026 -4.577451 -6.733608 -3.891253
7 1.183180 -1.000601 -1.795079 -2.894021 -0.071876 -1.143400 3.923910 -2.392771 -0.993109 1.585210 0.536970 0.049248 -0.714862 3.727200
11 -2.413404 -2.533360 -2.074146 -0.796155 -3.186161 0.672469 -2.632798 -1.029247 -1.467872 -2.175542 23.435521 -2.245316 -0.989254 -2.564734
11 -1.214988 -3.278829 -3.218826 -2.317086 -2.166852 -0.086246 0.886923 -0.041086 0.072680 -1.464254 13.449333 -1.492214 0.576342 0.295104
11 0.098692 0.811330 -1.810740 1.416386 0.427719 0.563744 0.842717 0.123898 -3.789166 -1.941403 7.321326 -1.705309 -3.820297 1.461103
11 0.396495 1.879382 -0.632358 1.053991 -0.972034 -1.052341 0.291303 -2.748321 -1.730437 -0.638354 11.717603 -3.508816 -2.746529 -1.309584
1 11.270847 -2.440433 0.605093 -2.217981 -4.203894 0.030409 0.998550 -2.664311 -1.891680 0.988007 1.218085 0.551923 -0.394996 -1.849619
11 2.820549 -1.968155 -2.688507 -2.363974 -2.883639 -0.752068 -0.358302 1.977778 -1.201446 -3.081509 10.166199 0.770002 1.517158 -1.954087
3 3.118805 -0.129484 3.566638 -0.609442 -1.331772 0.572435 0.400877 -2.569739 -3.326447 -1.264784 3.427990 2.486881 -5.189693 0.847734
11 -4.810438 -9.291564 -7.588835 -4.519747 -7.037307 -6.696863 -6.220499 -2.659506 -4.806398 -8.581388 76.839810 -4.334213 -5.183643 -5.109410
11 -4.494245 -2.367404 -5.229815 -2.864773 -1.516501 -1.898488 -3.237844 -1.816622 -2.928751 -3.561868 38.104311 -0.938363 -3.867790 -3.381846
11 -1.528311 -6.294516 -3.010814 -2.944475 -2.056918 -2.473915 -3.003333 -2.003432 -0.794899 -1.453207 29.548404 -0.750729 -1.118198 -2.115657
5 -1.518357 -3.902686 -3.132950 -2.441066 7.755487 -4.182506 -0.781046 0.769641 -3.642872 1.944738 5.796030 4.769053 0.149913 -1.583380
11 -2.424624 -3.472101 -1.928960 -3.515471 0.313799 -1.366508 -1.095998 -1.408128 -2.201187 -1.081562 22.372248 -1.400711 -0.808458 -1.982338
11 -4.811537 -1.907703 -1.810578 -3.613502 -4.161853 -3.374385 -4.536472 -4.710227 -4.622019 -2.718536 43.358619 0.167084 -1.703592 -5.555299
11 -5.220914 -5.450390 -2.006403 -1.595067 -5.091039 -5.865466 -3.558670 -6.151888 -4.227314 -4.829460 53.957326 -5.786359 -2.138160 -2.036197
11 -4.852398 -4.973919 -5.427758 -2.657249 -4.589590 -5.859403 -3.024536 -1.341219 -3.371867 -6.750052 50.466066 -5.404493 0.587894 -2.801476
11 -2.771816 -1.966596 -1.391776 -2.570316 -4.357348 -2.265073 -1.935430 -0.797624 -1.752519 -3.654740 21.833342 -0.841842 1.179270 1.292469
9 0.389853 -1.127497 0.808468 0.576436 -0.351389 0.437887 0.760539 -0.839331 2.251411 -0.708752 -0.878141 0.294101 -0.781216 -0.832368
11 -3.695243 3.700817 -1.995349 -4.572751 0.891006 -2.478599 -1.249903 0.127368 -5.186441 -2.453872 20.312406 2.355208 -1.608082 -4.146564
1 2.894878 2.491155 -0.350148 -1.197409 -1.086463 0.227046 -1.398015 -1.369406 2.381011 0.545999 -0.069704 0.599570 -3.263914 -0.404599
4 -0.411753 -2.216209 -3.058833 9.760907 -1.778653 -1.531160 -0.731890 -4.076841 1.798547 -2.635603 0.590754 2.667890 -4.403758 6.026602
9 0.929832 3.353308 -5.482628 0.565664 0.666844 -4.758830 3.250576 -0.421878 7.155126 0.930249 -1.834066 -1.726188 -0.554857 -2.073152
5 -1.766023 -1.048179 -4.320177 0.805766 4.083267 -0.965576 0.466686 -1.704408 3.992234 -1.463769 2.882276 0.533313 -3.654811 2.159400
12 -2.523938 -1.593255 0.051542 0.502663 -1.759380 -1.440502 1.151707 0.707456 -3.504594 0.761846 1.635357 3.344728 -0.337630 3.004000
7 -11.932946 -8.565331 -8.956436 29.733741 1.877532 -10.461760 81.960766 -10.486590 -12.107526 -9.605719 -10.926335 -9.541379 -11.613193 -9.374824
14 -0.489271 -0.058194 -1.992210 -0.137901 -1.904135 -1.016998 -1.938983 0.265952 -1.433417 -0.645410 2.567913 0.959323 1.097632 4.725700
4 -0.753414 0.668629 2.352178 10.368874 -5.412578 -0.517321 0.319438 -4.802894 -0.343321 -4.215467 0.584331 -1.322807 3.069098 0.005253
5 -3.493529 -5.759105 -3.421741 3.230663 31.391353 -0.286395 -3.126800 -2.534343 1.098358 -2.095872 -4.477186 -0.683588 -5.197969 -4.643847
14 -2.524344 -2.905049 2.435137 2.305718 -0.342383 0.588704 -0.330172 2.314584 -2.601659 -0.982777 1.171144 -2.332798 -1.538626 4.742520
4 -2.178124 -0.694633 -1.611502 17.004423 1.731990 0.890803 3.008701 0.217853 -6.032207 -2.554048 -1.638826 -4.305238 -2.526358 -1.312834
14 1.026277 -1.368000 -3.639168 -1.710979 -2.694770 2.343558 -0.332664 1.999640 2.474938 0.343664 -1.301681 0.543018 -0.873336 3.189502
4 -1.422231 -0.620757 -6.959277 20.028970 1.210144 2.181783 -2.134283 -2.775862 -3.451063 -5.765065 -0.707122 -1.921680 -0.740249 3.076694
4 -2.710434 0.605567 -5.003043 14.938550 -0.685792 2.635004 -1.172851 -1.887243 -5.092239 1.732748 2.907606 -1.625409 -2.997699 -1.644764
2 -1.803334 5.671767 0.950762 -1.212066 0.069109 3.451834 -3.741371 1.216249 -8.371242 1.999210 5.151114 0.693729 -4.768187 0.692426
4 -1.788547 -1.552336 -1.222977 6.584686 0.546244 -0.848489 -0.244073 -2.184016 -0.358767 0.951000 -0.328532 1.192486 -0.707393 -0.039288
9 -1.709976 -1.920975 2.941700 -1.732022 0.919702 -3.357229 2.008951 -3.896541 14.669330 -2.053089 0.991396 -3.798019 -3.376785 0.313556
4 -2.149028 0.761021 -3.983472 10.046383 2.324178 1.086185 -5.631759 -3.696237 3.234599 -1.889133 -1.743670 -0.897233 2.523797 0.014367
4 -0.037727 0.529953 -1.261912 5.287243 -1.956190 1.378149 -0.474070 0.103632 -0.539898 -2.535749 0.784787 -2.259495 2.743847 -1.762569
1 5.188035 0.025564 -3.139136 1.416469 -0.731093 -0.458639 0.323539 1.865898 -3.829177 2.247097 -1.505083 0.085566 -1.711891 0.222852
6 1.540428 -3.912587 -3.409068 -1.394573 1.808580 2.044407 1.250288 0.622597 -1.658448 1.503166 1.120770 -0.009906 0.591009 -0.096665
9 1.737833 -3.074045 0.503666 0.096082 -0.538572 -1.918678 0.382733 -0.287473 3.985110 -2.181987 1.557259 -2.084335 2.130433 -0.308029
12 -2.617945 -1.128032 -0.323569 -0.823002 0.807659 0.463453 1.759648 -1.388233 4.066984 -3.385052 -1.937249 5.348082 -3.602873 2.760131
3 -3.566839 -2.445413 14.991370 -1.844167 -2.418232 -2.364480 0.980474 2.931595 -0.232032 -4.620677 -2.448583 3.432121 -2.521986 0.126850
3 0.016261 -1.716219 8.530756 1.895232 -1.891507 -4.055013 1.195484 -4.087582 -0.165934 2.375411 0.115647 2.380776 -3.898991 -0.694321
12 2.011954 -5.071153 -0.812813 -2.405525 0.579024 2.973346 2.495577 1.793156 -2.032084 -2.384354 2.602182 5.431554 -6.037081 0.856217
3 -6.480036 -2.753929 20.897411 -3.059491 -2.757095 -0.832615 1.665503 -3.125156 3.452659 1.526872 1.510045 -6.762340 -2.797247 -0.484582
3 -0.116724 -0.507880 17.145340 -0.869485 -1.438828 -1.187606 -1.418180 -1.053620 -0.297094 -2.513145 -1.066149 -2.215757 -2.837258 -1.623613
2 1.461181 2.949086 0.146572 -0.073019 -2.015086 1.135746 -0.160163 -1.776099 -1.629248 1.657115 2.074415 -0.328046 -2.763861 -0.678594
10 0.442949 -3.495744 1.081103 0.973004 -3.977228 -5.735817 -2.735995 9.522420 3.350562 9.733885 1.141446 -2.218275 -7.385385 -0.696925
12 -0.090892 -6.254320 3.164367 -1.384354 1.752504 3.021242 -3.077537 -1.208449 2.533705 -0.689425 -2.642748 5.507993 -2.555025 1.922936
3 -1.695299 -2.353403 31.949284 -0.901480 -3.475313 -2.205267 -4.140809 -3.160033 -7.083994 0.733929 1.956575 -1.581742 -5.914558 -2.127889
3 -1.424646 0.914901 11.216408 -0.007323 -1.864671 0.468156 -2.330281 -0.158103 -3.744246 0.825458 0.078612 0.794819 -2.832049 -1.937037
3 -1.740737 -5.442296 39.787051 -0.858900 -1.484298 -1.506350 -0.689366 -5.348014 -5.771384 -2.392596 -0.567402 -4.049624 -8.694293 -1.241791
8 -3.615167 0.601244 -3.599455 -0.502421 0.515430 1.000439 0.131435 3.397851 -2.543802 -1.969139 2.422579 2.573407 -1.499488 3.087087
3 0.577902 -2.375632 17.225757 -1.020636 -1.265138 -3.080743 -1.061591 -1.960950 -2.126561 -3.620730 -1.079806 1.843506 0.363508 -2.418885
3 -3.434519 -0.878848 17.202788 -1.890914 -2.212495 -0.060680 -2.171900 0.313650 5.554882 -2.158328 -0.913476 -3.539676 -2.576655 -3.233829
6 1.794766 -1.751872 -8.059404 1.648231 -1.687430 22.961456 -1.562083 -3.769483 -5.364765 -4.324579 -0.953353 3.174905 2.829502 -4.935890
6 0.697767 -1.498822 -1.989473 0.046317 -1.796855 10.444175 -1.916029 0.134525 -2.020058 0.219844 -2.112115 -2.612971 3.163684 -0.759991
6 1.303611 -5.888686 0.119412 -2.799255 2.422505 8.038948 0.483276 -1.780465 -1.130432 -0.366226 -0.462177 -0.175075 -0.406468 0.641032
6 -7.429834 -6.830018 -7.049589 -6.975473 -6.613500 93.429847 -6.606748 -7.972056 -6.925103 -6.771250 -7.739782 -9.018300 -6.828705 -6.669489
6 0.008558 -2.556608 -3.961887 -0.683466 -0.338154 14.419113 1.271799 -1.937680 -2.841002 0.063196 -1.929377 -0.459410 -1.378986 0.323904
6 -8.370314 -7.623932 -6.018703 -5.234538 -7.045692 92.360507 -7.551062 -7.258494 -6.148478 -5.830515 -6.620541 -6.820840 -9.050551 -8.786845
6 -0.835311 -4.352268 -7.673144 -1.659439 3.343931 25.831724 -4.625171 -1.564792 -4.677485 -3.494407 -2.506579 -4.260223 11.476878 -5.003713
6 -10.699520 -4.705239 -4.945320 -7.538803 -2.938741 80.769920 -6.867242 -5.496142 -7.638034 -5.598948 -2.873442 -3.935849 -11.251604 -6.281032
6 -7.429834 -6.830018 -7.049589 -6.975473 -6.613500 93.429847 -6.606748 -7.972056 -6.925103 -6.771250 -7.739782 -9.018300 -6.828705 -6.669489
6 -3.275627 -1.684210 -2.310663 -1.031526 2.739443 10.317200 2.415922 2.038721 -1.438343 1.978983 -0.741272 -5.273449 -2.566625 -1.168554
13 -2.583431 -3.449588 1.128489 -0.343660 -2.467300 3.615845 -1.113034 0.402341 0.934348 -0.918317 -1.550967 1.195124 5.331926 -0.181775
6 -1.460546 -5.138926 -6.701691 -5.716234 -2.159537 38.371025 -1.385430 -2.732433 -3.900682 4.477634 -2.433986 -4.320470 -4.564148 -2.334576
6 3.684738 -7.954122 -9.277321 -4.665501 -7.213497 60.767289 -3.966001 -1.449320 -1.951046 -7.978166 -6.210092 -1.117400 -6.602057 -6.067505
6 -7.032500 -7.877752 -5.822763 -4.653568 -8.228749 86.322548 -6.285683 -5.825914 -3.757703 -8.365100 -5.877497 -5.182882 -7.816371 -9.596065
6 -1.367921 -1.849983 1.518105 1.972567 2.162368 3.238362 0.412106 -1.662274 -2.808722 0.063655 0.778385 -0.468749 -2.971800 0.983901
6 -3.434241 -8.343664 -3.703724 -6.637361 4.550333 41.014242 -3.018666 -2.222190 -4.367811 -1.901754 2.353869 -7.830708 -4.904493 -1.553832
6 -0.989555 -0.666747 1.739783 -1.163808 0.694207 4.207475 0.731965 -0.683368 0.313403 -0.877615 0.143557 -1.140686 -1.227692 -1.080921
6 -1.871836 -3.182295 -1.943896 -2.163739 0.019213 25.685918 -6.507196 -2.803745 -5.660449 1.069056 -4.700041 -0.467229 0.270514 2.255724
6 -7.429834 -6.830018 -7.049589 -6.975473 -6.613500 93.429847 -6.606748 -7.972056 -6.925103 -6.771250 -7.739782 -9.018300 -6.828705 -6.669489
2 -5.566174 5.642434 -0.478649 2.304798 0.493316 1.236431 -1.080457 3.747391 -3.329112 -2.650522 -0.570886 0.160899 -1.021570 1.112100
6 -1.677243 -7.929947 -2.494161 -1.038854 6.185068 13.885514 -3.711063 6.541225 -5.031825 -5.576829 -2.537733 -0.203312 -2.790681 6.379838
6 -7.429834 -7.060957 -6.383183 -7.105186 -6.613500 94.339040 -6.606748 -8.259134 -7.475229 -7.020333 -7.739782 -9.081148 -6.828705 -6.735301
6 -3.468004 -4.001592 3.362680 -1.452033 -1.605365 19.485245 -0.908766 -2.680521 -4.752343 -2.255846 0.078181 3.203619 -6.033240 1.027986
6 -1.224666 -5.741555 -1.639219 -2.488266 -2.904951 27.309337 -2.815844 -3.436965 -0.042036 -0.906383 -1.674864 -1.858750 1.113127 -3.688964
6 -0.970258 -2.579385 16.098152 -4.247769 -2.773636 21.649839 -3.551644 -4.403371 -0.638520 -0.540329 -2.083933 -4.498689 -7.210931 -4.249526
13 -0.624556 -2.659965 -5.222648 -0.323262 -0.167736 -4.886717 -1.633088 -2.636121 -3.148865 -2.635091 -4.280094 -2.434824 31.629416 -0.976450
13 1.017070 -1.292782 -1.470561 -1.274311 2.022963 -0.857156 -0.103971 0.129998 -0.257175 -0.081423 -1.310574 0.178397 5.308679 -2.009153
10 -3.289591 -0.329209 0.201103 -0.586736 0.962206 -1.830499 -0.806006 1.216101 -4.171889 4.958910 0.069582 1.594263 -1.829614 3.841379
8 -1.820912 -1.771875 0.748953 -0.880056 -2.914291 2.332157 -0.017376 2.617798 0.001582 1.844704 0.080539 0.354996 -0.845265 0.269045
13 -0.224148 -4.691151 -0.422174 6.033471 -1.349326 -3.199149 -2.647249 -3.116178 2.363043 -0.289989 0.075276 3.784021 7.114317 -3.430766
13 -2.641326 -1.370107 -0.557228 -2.064099 0.171139 -1.227261 -1.386682 -0.925035 -1.033998 -1.270490 -2.086932 -2.457188 19.176987 -2.327778
13 -3.327435 -4.808056 0.713158 -0.422248 -2.306656 -1.735282 2.269701 1.044988 3.127261 -0.395040 -3.511467 3.344590 5.135948 0.870537
13 1.158080 1.347495 -1.296856 -1.023894 -0.561268 2.152224 -5.461506 -1.967756 -1.798455 2.478789 1.539431 -0.406640 2.567823 1.272529
13 -0.339453 -2.683103 -1.513347 0.123679 -0.402525 -1.261300 -1.548753 -1.223784 3.235085 -0.218198 -2.447385 -0.325144 10.108606 -1.504378
13 -2.734107 0.809466 -3.812149 -1.417348 -1.080844 0.714480 -0.807802 -1.495899 -4.028468 0.150860 0.363492 -2.340893 19.105207 -3.425995
13 -0.989144 -3.933272 1.429837 0.810755 -3.349318 -4.215146 -1.961778 -4.121186 5.027059 -0.742123 -1.572522 -2.142715 18.511924 -2.752371
13 -1.099669 -1.515894 -3.222481 -0.458194 5.313731 0.612330 -1.594600 -1.887441 -0.716345 -4.026276 0.537200 -1.899850 11.565744 -1.608256
13 -2.490390 -5.448811 -1.231948 0.291327 1.482163 -0.947692 -2.856569 -3.968059 2.402379 0.183438 -3.095833 0.375186 16.234550 -0.929740
13 -0.353008 -3.001535 2.052400 -4.072276 0.986487 -1.588142 -0.624462 1.541669 1.968013 -2.429621 -2.259563 1.127799 7.781695 -1.129457
13 7.637142 -0.085388 -1.997386 -1.940296 -3.793072 -0.784741 -1.267460 -3.513225 -1.421252 -2.209011 -1.956780 -0.580081 13.972651 -2.061101
4 -3.625653 -2.300998 1.760981 10.828689 -0.003171 -1.783611 -1.892457 -0.415864 -0.924458 -2.695606 -2.009941 0.037865 5.899857 -2.875632
13 -0.833918 -1.898068 0.030575 2.638507 -0.745535 2.478653 -4.280634 -2.340057 6.926712 -5.021167 -1.075145 -3.375250 10.271603 -2.776275
8 -5.132898 5.753147 -2.085075 -2.085529 -2.450229 -1.423857 -4.804721 12.650059 -3.137612 2.519295 -2.345127 -2.760713 3.856630 1.446628
13 -0.559165 -1.080696 -0.619527 -0.961462 -0.107870 -0.706183 -0.434614 1.283327 -0.688665 1.023933 -1.428174 -0.389118 3.710881 0.957332
9 0.664408 -3.444721 -0.474475 -1.101970 0.486243 -0.097643 0.706343 -1.897662 6.785109 -0.461588 0.179638 1.872343 -1.601499 -1.614527
13 -1.969789 -0.762164 -0.601212 -0.637677 -4.121637 -2.117834 -0.554738 -1.343001 -1.192104 -2.269393 -3.273817 -0.385944 17.691496 1.537814
13 2.026516 3.636746 -2.793324 -3.721928 -1.715924 -3.243757 -1.585490 -2.263074 0.855224 2.777023 1.128863 1.495489 6.307133 -2.903499
13 2.046540 -4.573573 1.767157 1.554350 -1.727863 -1.487343 0.581494 2.417837 -2.081728 -2.451900 -3.294384 -2.698187 11.373297 -1.425698
13 1.787682 -3.477268 1.104157 -1.073220 -0.161675 -1.486543 -2.717041 0.845540 2.710195 -0.962870 -2.063525 -0.155739 5.531679 0.118625
13 -2.838945 2.478072 0.696794 0.591124 -2.141172 -1.999138 -2.895277 -2.773379 3.543342 -3.849587 -2.655689 1.156536 15.349398 -4.662077
13 0.828005 -3.058311 -3.051754 -2.238593 -0.255723 -1.876525 -0.819523 1.232677 -1.466093 -2.795838 2.499202 -1.855030 12.322182 0.535325
7 -5.837214 -8.934858 -5.871775 -6.859508 -8.368905 -8.369284 85.058927 -4.774835 -5.367620 -6.602603 -4.543963 -6.331999 -5.852343 -7.344025
7 -0.626439 1.392063 -0.966260 -1.185313 -0.288107 -1.005107 7.285964 -0.499869 -0.819220 -1.293844 1.228943 0.394141 -0.732776 -2.884175
7 -9.412901 -7.235682 -7.091904 -8.797902 -7.945361 -5.736611 84.433064 -9.420090 -4.525862 -6.663081 -0.392772 -6.394385 -4.329297 -6.487221
5 2.120675 2.480201 0.276035 -2.896686 5.938371 3.129727 -0.731216 2.378530 -3.269979 -2.724961 -2.897083 -2.828187 -2.578529 1.603101
7 1.353649 -1.524726 -0.596142 -5.222361 0.141135 -1.515746 20.010808 5.944985 -4.114460 -2.945972 -4.559866 -3.304260 -3.280083 -0.386962
7 0.420195 -1.112516 1.700059 2.401144 1.558929 4.100792 6.328660 -4.071739 -0.327646 -1.270209 -5.063430 -0.079426 0.565893 -5.150705
7 -7.932126 -5.875013 -7.022753 -5.522602 -6.757567 -5.835139 86.777208 -7.137023 -7.012879 -5.675163 -6.728318 -7.634104 -6.058210 -7.586314
7 -4.514708 -3.426849 -1.021274 -1.399949 5.090335 -2.120540 7.227580 0.061681 -1.519696 -0.138330 -0.110816 0.410282 -0.553910 2.016193
7 1.519236 -3.004841 -2.810948 -1.317264 -1.053896 -0.761254 12.664957 -0.787639 -1.742472 -0.343488 -2.524692 0.945913 -0.399135 -0.384477
13 -1.105402 1.914620 -1.654962 -0.939755 -2.305617 2.851277 4.487687 -2.638428 -1.184600 -3.097495 0.257443 -1.886620 5.706289 -0.404438
7 -7.453175 -6.286308 -7.028349 -6.776638 -4.989783 -7.688163 83.581266 -6.740088 -7.333458 -6.733809 -6.321044 -7.604862 -0.792510 -7.833082
7 -5.247142 -5.511408 -7.976007 -8.327745 -3.920103 -8.045256 80.744735 -8.238560 -8.467454 -6.184229 -5.134567 -7.628615 -7.746640 1.682988
7 -4.708762 -6.453030 -7.745529 -8.402736 -13.446679 -4.625648 98.561198 -5.109261 -4.238877 -9.016674 -10.099514 -6.922689 -5.569923 -12.221878
7 -4.685025 -8.439894 -4.717592 -7.973013 -2.779149 -7.309730 84.331386 -7.456673 -6.259574 -8.629946 -5.707963 -7.170619 -5.834669 -7.367542
12 -0.958200 -4.556410 3.957261 -2.291312 -0.352103 2.735860 -1.383510 -1.949663 -0.466316 2.264251 -1.489669 6.694027 -2.047314 -0.156902
7 -6.675031 -7.999558 -5.846502 -5.895763 -6.213565 -6.684193 85.139565 -8.194748 -3.898175 -8.007185 -6.359166 -6.274064 -8.038960 -5.052656
7 -7.838090 -7.295883 -7.501795 -6.950210 -9.725699 -7.959022 97.984508 -5.844061 -6.438728 -9.656735 -9.689368 -4.749259 -5.042764 -9.292897
7 -0.367790 -4.659785 1.426820 0.320585 -1.047219 -2.396257 11.409139 -1.648840 -0.357232 4.185309 -3.078244 -1.362162 -0.031341 -2.392984
7 -10.700587 -4.815567 -6.918987 -6.240194 -5.390974 -7.846869 88.694605 -5.205423 -8.882516 -6.971322 -7.299013 -6.862233 -5.807776 -5.753145
11 -3.099105 -6.413242 -2.833824 -1.845117 -2.507624 -3.488123 -2.908140 -1.015510 -2.109221 -3.826609 32.148247 0.546929 -0.664946 -1.983715
7 -6.239352 -5.104377 -7.201647 -7.464079 -7.481698 -5.956718 91.832565 -7.407351 -9.124066 -7.171382 -5.318180 -7.219385 -8.525860 -7.618473
7 -3.478838 -10.389566 -6.657983 -8.288988 -4.876833 -8.504515 89.980256 -7.201661 -4.203660 -5.666898 -10.249349 -8.243280 -7.327919 -4.890772
7 -5.654719 -7.883631 -8.606253 -8.512634 -7.391880 -8.467053 92.288283 -8.129739 -6.950461 -7.598093 -6.357235 -8.371480 -2.747284 -5.617823
7 3.988389 1.827136 -4.545361 -0.753725 0.377526 -2.127846 6.491702 0.797081 -2.889944 -3.612963 0.091618 0.275191 2.883304 -2.802107
7 -7.081308 -6.493644 -4.327481 -6.319535 -7.607804 -7.440052 83.758175 -6.497875 -6.031129 -7.500050 -3.468674 -8.184137 -7.482167 -5.324322
12 -5.335947 -0.571816 3.971105 -0.550577 -0.790470 -2.166196 -2.775685 -1.745206 -2.609292 0.693077 2.452954 12.122947 -1.372476 -1.322420
13 1.536104 -3.861165 5.176148 1.218678 -4.956345 -0.719655 -1.858106 -4.412738 -0.189144 -2.199816 -2.522304 3.953489 10.334195 -1.499341
12 3.385354 -0.816359 -1.777199 0.308493 -3.413620 -0.616494 -0.248162 1.438186 -2.582517 -0.693524 1.435955 8.323855 -1.682512 -3.061457
12 -0.926619 -3.454238 -1.396878 -1.114601 -2.651149 1.393240 -0.893199 0.255200 1.427639 0.082166 -2.532404 4.859198 2.837380 2.114264
12 3.413744 2.588684 -1.640752 -1.300241 -3.176015 -2.534834 -2.330613 -1.572627 -0.609746 -0.099019 -0.914420 4.257922 3.318558 0.599356
9 0.774755 -3.157860 1.184036 0.618286 0.468557 0.952451 -0.816855 -3.554904 6.244112 -1.755692 -0.086261 0.321825 -3.511313 2.318862
3 -4.262191 1.929571 23.360068 -0.140174 -0.280651 -0.696157 -1.302698 -4.755179 -4.467308 -4.890100 0.197282 -4.149359 -4.479295 3.936190
13 0.289126 -0.893550 -2.275088 -0.233548 -0.725186 -0.072104 -0.168765 3.880893 -0.854000 -0.235317 -1.458536 -0.251389 4.157916 -1.160452
12 -3.901178 -0.084494 1.072693 1.937142 -1.024385 -0.756360 1.028975 -1.070020 -0.025374 -3.589813 -2.083497 16.772919 -3.393058 -4.883551
1 3.625972 0.632665 -0.780979 1.790122 -0.126477 0.956330 2.954971 -0.925796 -3.870498 -1.342777 -0.342519 -2.440195 -2.819793 2.688971
10 0.994026 -0.204718 2.024925 -0.949386 -0.779723 -1.971514 -0.393022 0.907837 -1.080400 3.522698 -1.842167 1.359118 -1.230861 -0.356813
5 -0.469905 -3.077101 0.530265 -2.320951 5.321273 -0.221334 5.090075 -1.163353 -1.039115 0.348069 -2.017380 -1.270053 1.387354 -1.097846
12 -4.356181 -2.482362 -3.163209 -1.953813 -1.724500 -3.070322 -3.581569 -1.990438 -2.468362 -3.046969 -0.215149 28.586998 -0.768498 0.234372
12 -0.462327 -1.992233 0.774815 0.730294 -0.573759 0.235436 -0.050435 -1.851375 -1.135844 0.875462 -0.073632 3.244042 0.277696 0.001860
12 -3.776628 -3.872315 -3.271674 -2.517063 4.852206 -1.935897 2.609361 3.271572 -0.130763 -1.324487 -1.013737 8.776660 -2.849343 1.182106
12 -0.299046 -0.755477 -0.138747 0.100774 0.492072 -0.331271 1.454870 -2.727793 -4.148783 -0.119453 -0.725590 7.444194 -0.671715 0.425964
5 -4.194453 6.929894 -12.315344 -1.331877 27.526075 0.397234 -2.369137 4.750981 -7.524696 -6.095669 -7.560370 6.186375 0.293810 -4.692824
3 -0.495310 -0.191499 4.596277 1.037205 0.408119 0.901602 -1.689438 -2.725670 -2.539360 1.257146 0.471345 0.945017 -4.397649 2.422215
12 -0.944887 -4.771105 0.717815 -4.264585 1.968890 2.018396 -1.124817 2.067948 -2.343231 3.678896 -0.570501 4.186827 -0.109843 -0.509803
3 1.795221 2.747696 3.009366 -1.456930 -2.857447 -3.393757 -1.079552 -1.704055 -0.583219 2.067727 -0.931656 1.692211 -1.611362 2.305757
14 -0.367231 -3.940216 1.329552 -0.729590 -0.160567 -1.772558 0.547490 -0.518271 1.806484 0.246182 -4.490673 2.162421 -0.817933 6.704908
12 -7.790781 0.209763 2.902985 -2.831113 -3.143913 -2.504639 3.993628 3.277640 -4.208506 -4.781511 -2.127432 23.137678 -8.227610 2.093811
11 -1.762719 -1.003787 -0.320074 -1.599896 -1.850143 2.051880 1.085704 -1.610934 2.059608 -0.341582 6.249133 4.499899 -6.522233 -0.934856
14 -1.493845 -3.126590 -2.678602 -4.309617 -3.898326 -2.712570 0.038448 -4.008810 -1.928170 0.499927 -2.898816 -1.222575 -5.781418 33.520962
14 0.876234 2.095049 0.902580 -2.175738 -3.143416 -1.064596 -1.187417 -3.185609 0.919532 -1.320968 -1.146909 -0.509486 0.673028 8.267716
14 -6.974209 -0.262661 -4.154691 -5.105153 -3.946756 -2.977083 -0.059409 -3.430907 -6.837011 9.049467 -0.561735 -0.432477 -3.185772 28.878399
14 -3.160498 -2.991221 -3.616167 -3.965095 -1.968170 -8.182820 -1.153811 -4.022267 5.516623 -1.633725 -0.666687 -5.800568 -1.061534 32.705941
4 -3.222905 4.474071 -0.868225 6.356307 -1.062589 -5.165901 -2.585946 0.455489 0.301137 -1.340782 -3.312067 -2.002144 4.791061 3.182492
14 -5.966308 -0.892408 -0.486951 1.492579 -0.583411 0.050064 -0.612528 -2.798605 -5.452987 -0.745163 3.287432 1.468505 -0.049293 11.289071
2 -0.852942 3.720022 -0.345670 -1.490482 2.296039 1.397587 -3.531237 -0.833826 -0.126059 -2.676762 0.671647 -0.831387 1.771416 0.831652
14 -0.112376 -1.212416 -1.198358 0.108922 1.502995 -2.862991 0.643762 2.372647 1.735005 -5.354396 -1.898342 2.919385 -2.843960 6.200125
14 0.468088 -0.363688 0.009878 -4.065820 -4.328359 -5.201665 -3.123341 -4.514067 -1.344135 -0.922274 -0.614641 -1.152347 -0.110164 25.262534
14 -4.008789 -5.610078 -0.894049 -0.885176 -1.463406 -1.938418 -2.112065 -0.258240 -4.128334 -2.261022 -4.420065 -5.141656 -0.720558 33.841858
14 -1.158666 -1.172496 -1.332622 -2.844688 -1.023826 -0.048698 0.588455 -0.395845 3.233438 -2.529829 -1.553280 0.663626 3.012284 4.562146
14 -1.734997 -3.296534 1.521481 0.083788 0.412505 -0.509758 -1.013479 -3.303390 0.228957 -1.465950 -3.132846 -0.042972 5.262041 6.991154
5 -1.632710 -1.846394 0.801330 -0.566719 4.162773 1.378855 0.101574 -3.441207 -1.864380 2.967713 -0.609274 -2.011537 -1.331611 3.891584
14 -2.066188 -4.774459 -2.512938 -4.024443 -3.866058 -2.033036 -0.823855 1.141452 0.595731 -5.461984 -2.506957 -1.226759 -2.688633 30.248128
5 -0.584941 0.598953 1.677643 1.845634 7.950687 -1.446759 -0.281098 -3.406862 -3.514677 0.610809 0.492514 0.960956 -5.604721 0.701863
14 -1.724006 -0.056378 -0.082189 -0.120784 -1.468283 -1.976622 0.611164 -1.704765 -1.765764 1.738857 -0.354591 0.244696 -2.846142 9.504806
14 -1.909440 -2.164869 -0.669678 -0.884558 -1.458211 -1.511100 0.978459 -0.012571 1.117593 -2.725760 1.295202 -2.028758 -1.479985 11.453676
14 1.314633 -2.811917 0.750935 -0.478955 -0.576087 -0.598241 -0.720492 -1.187847 1.314768 -1.072380 -0.556248 -0.533570 0.309620 4.845782
14 -3.412899 -2.961678 1.524710 -5.293683 -4.751967 -2.448171 -3.044546 -3.198748 0.656710 -3.006153 -4.048425 -2.423507 -0.355994 32.764353
14 0.241424 -0.767705 -1.296490 -3.250100 -1.856911 2.953372 -2.778704 -1.994947 -2.071719 1.624421 2.609947 -2.415720 -3.637137 12.640267
5 -1.106858 1.077444 1.009337 2.213862 2.672021 -2.679904 0.003810 -0.133010 -3.838823 1.699291 2.098041 -0.723377 -3.373658 1.081825
14 0.548770 -3.992973 -1.583702 0.471111 1.730014 0.059631 -4.566546 -0.135850 0.696066 -1.354959 -2.524979 -2.584505 4.231023 9.006898
8 -5.376610 3.624813 0.000498 1.124384 3.224324 -0.945987 -0.863011 7.805240 -3.117748 -2.819665 -1.279492 -1.351199 -0.877699 0.852152
8 0.172142 -1.147365 -2.722873 -2.813079 -4.983777 0.266359 0.053974 28.516733 -0.742167 -6.105691 -3.554355 0.144506 -2.333513 -4.750893
5 1.885670 -5.355472 -3.246068 -5.633592 42.711895 -1.253861 -5.568826 -1.939549 -1.999145 -2.915721 -4.450696 -3.107861 -4.512909 -4.613864
8 -1.090193 -4.079556 -0.991167 -1.048241 -2.569611 -2.191830 -0.260488 23.935075 -1.195924 -2.466103 -3.551396 -1.566107 -2.149836 -0.774624
10 0.532508 -6.529129 2.558800 -2.305824 -1.997112 -1.516576 -2.003835 4.094294 4.343854 5.168835 -2.887793 0.650739 -0.376746 0.267985
1 5.392403 -3.425359 -1.607573 -0.713189 -2.185064 -0.748882 -2.057276 -1.415749 3.584902 -1.638091 1.800926 2.187245 1.948551 -1.122843
8 -2.199397 0.306936 0.960854 -5.966831 -1.082409 2.188843 1.189147 14.653201 -1.133017 -1.640051 -2.562580 -3.062756 0.158233 -1.810174
8 -3.574350 -1.361922 -9.112219 -2.890400 -3.557796 0.250076 5.074609 22.451216 -4.261840 -1.049794 -1.470210 1.482313 0.348146 -2.327831
8 -0.466234 1.162732 -2.197130 -1.045907 -1.251836 -0.574434 -5.343905 19.655709 -3.239194 -5.526670 0.095432 3.664402 -4.480221 -0.452743
1 4.052407 1.909906 -0.225264 -0.890689 -3.269638 0.608421 -0.470130 2.237882 0.008281 -1.256845 -1.618387 1.993102 -3.199561 0.120515
8 -0.893863 1.659713 -0.551856 0.771878 0.169355 3.040675 -1.616876 3.305020 -6.199194 1.229491 2.287173 -1.671114 -2.687022 1.156621
8 -4.472373 1.416775 4.178587 -2.890632 3.630879 2.814847 -0.035634 16.807901 -3.504721 -3.753435 -3.930083 -3.161722 -7.729824 0.629435
2 -2.714320 4.300041 -6.056710 -0.619144 -0.871659 1.875065 -4.348432 0.183088 -0.048001 -1.101702 -1.274226 3.004035 4.171889 3.500074
7 1.437689 -0.781288 -0.958245 -0.812993 -0.779700 2.791021 3.109109 -0.108511 0.275875 -0.454053 -0.109952 -1.830727 -0.525022 -1.253204
8 -1.290165 2.079634 -0.808273 -1.541334 -0.884428 1.756632 -1.707080 9.416956 2.173252 -2.001471 -2.650538 -0.993281 -2.548986 -1.000920
5 -1.538931 3.738940 -0.386137 1.925080 5.130265 0.097026 -1.319274 1.756227 -2.573283 -2.341885 -3.689610 0.098795 0.615968 -1.513180
13 2.255720 -0.267346 -1.634616 -1.151178 -4.511084 0.660425 1.505640 0.189271 -0.070257 -1.368452 -1.789353 -1.824206 6.821318 1.184118
8 -0.073494 -0.130638 -4.369552 -1.086239 -2.060552 -1.556838 -0.309877 7.473342 3.382926 -4.167873 0.148583 -0.475521 -0.077848 3.303579
6 2.143072 3.085233 -4.253553 -0.497233 1.043850 4.991772 -1.394710 -0.529065 -1.374020 -0.626193 0.346005 -2.912724 -1.344571 1.322135
8 -3.046463 0.421517 1.364154 -4.956766 0.490811 4.256036 3.065344 8.491479 -4.741373 2.478400 -2.432672 -1.547519 -4.820086 0.977139
8 -3.392637 2.263449 -0.355290 -1.037871 0.460981 -1.793443 -0.730448 10.343597 -1.778972 -2.350445 -1.656697 0.790552 -0.511963 -0.250814
8 -2.540308 -2.401425 1.568148 1.390327 -3.483335 3.559734 -3.744748 11.849131 -1.918328 -1.065844 -3.273657 -0.630095 1.098626 -0.408227
11 -2.525834 3.887340 -2.207900 1.820768 1.546428 0.274392 2.196019 -6.201211 -1.194266 0.861477 5.336191 1.016350 -1.402083 -3.407671
3 1.673208 -4.322650 2.283599 -0.013378 -0.070580 1.271008 -0.681112 -0.311767 0.428500 1.054188 -1.684502 1.364805 -0.578732 -0.412586
9 -1.795610 -4.452402 -1.103511 0.601160 -0.693408 -0.939157 2.817001 1.636852 5.467996 -2.264696 -1.770202 4.028896 -1.976671 0.443752
13 0.387795 -0.120323 -0.120707 -1.121208 0.279720 0.630041 0.225906 -1.021635 1.161450 -1.045322 0.484176 -0.025649 1.803250 -1.517495
10 0.209603 -1.757213 1.970235 -2.306344 -0.329707 -4.165344 -1.393335 -2.250235 3.637814 4.843438 1.775363 -0.189199 -0.215355 0.170277
9 1.746340 -5.697351 0.222811 0.833659 2.366100 0.991935 0.045021 -2.131102 9.925127 -1.338732 0.093475 -0.316208 -2.412780 -4.328295
13 -1.685635 -2.387080 3.242764 -2.466650 -1.231883 -3.429548 -0.732581 0.972974 2.634728 1.775196 -2.287332 -1.931564 12.625481 -5.098870
13 0.854445 -1.028402 3.166944 -3.427561 1.075351 -2.453520 -1.132118 -2.523183 1.237624 1.448492 -1.250914 2.042878 5.655192 -3.665229
6 -0.287580 -2.072856 -0.148529 -0.208651 -1.012438 1.933007 -0.163521 -0.976479 1.643661 0.078951 -0.698654 1.263167 0.028971 0.620950
9 -3.748652 -0.134806 2.870601 -0.390510 0.617446 -0.128834 -1.102626 -2.510843 3.396643 -0.367107 -0.612478 1.106032 -2.041806 3.046939
9 3.492271 -3.522349 0.043938 -0.251438 -1.510199 1.189533 -0.855853 -0.086388 11.128580 0.503808 -0.890086 -3.648283 -1.524114 -4.069420
9 0.333380 -2.606633 0.556590 0.449976 -0.430384 -0.603609 -0.872615 -1.313428 6.202965 -1.015650 -0.150028 -0.070699 0.954581 -1.434448
9 -2.598738 -2.796341 1.771648 -1.075657 -0.457162 0.688365 0.328802 -0.856874 4.225239 1.652706 -4.055287 0.651938 -1.078313 3.599674
9 1.211533 -3.644390 1.953682 -1.138893 2.009592 1.824116 -0.265249 2.229608 3.547560 0.382407 -2.869167 -1.135466 -2.650799 -1.454536
5 1.316226 -8.186047 0.227819 2.980963 2.984724 0.518804 -2.939163 -2.418791 2.553936 1.629659 -1.285962 1.382402 2.737162 -1.501731
14 1.348834 -0.985090 1.194010 1.226414 -1.874268 0.749796 -0.735685 -0.618543 1.149674 -0.899046 -2.070304 -2.136145 -1.308075 4.958428
2 2.072260 2.493787 -1.267335 -3.214355 2.434943 -0.365773 2.377202 -0.325643 0.547568 0.052898 -3.159129 0.889126 -0.699178 -1.836371
14 2.182409 -4.343167 -0.469971 1.871892 -1.124762 -1.723602 -0.909079 -1.425977 -3.266656 3.294231 -0.479597 -0.461720 1.613543 5.242455
4 2.092503 -6.228853 -2.799193 9.179803 -1.885241 -2.030418 -1.597500 -0.271276 5.224606 -1.956150 -2.056458 1.101203 2.958174 -1.731200
14 1.448374 -3.325003 2.162511 -1.598777 -0.933811 -0.244254 -1.432010 -1.754579 2.930785 0.944567 -2.321977 -0.799045 1.917283 3.005934
