7 -5.250863 -5.811995 -4.932700 -5.238047 -4.497024 -5.707251 37.270172 -6.087121 -4.274289 -6.208617 27.521693 -4.922717 -6.135921 -5.725322
14 -0.047697 -0.662879 0.069718 -0.892646 -0.100490 0.278997 -0.331032 1.413711 -0.218926 -0.043920 -0.458661 -0.262395 -0.539037 1.795257
9 -1.061627 -1.116890 -0.039211 0.103620 -0.135938 -0.914213 -0.964219 -0.751381 4.907103 -0.182777 0.286532 -0.375458 1.050493 -0.806035
1 13.443967 -0.758849 -1.324164 -0.926154 -1.074877 -1.159812 -1.499829 -0.687503 -0.880171 -0.975008 -1.304646 -0.765463 -1.068031 -1.019462
6 0.663063 0.541811 -0.187305 0.865151 -0.173600 1.718295 -2.254449 -0.124383 -0.669902 -0.446994 0.391938 0.235235 -1.379391 0.820530
1 2.600891 -0.380198 -0.146499 -0.352218 -0.216822 -0.381180 -0.135810 -0.281990 -0.092175 -0.220476 -0.271726 0.407286 -0.251739 -0.277343
6 0.498926 -0.295046 -0.175123 0.071769 -0.161632 1.959518 -0.450651 -0.010235 -0.432206 -0.745538 -0.373995 -0.239493 0.433851 -0.080145
2 -0.803402 0.910983 0.649862 0.291287 0.612036 0.076191 0.618373 -0.465714 -0.336501 -0.642922 -0.260207 -0.018388 0.002416 -0.634014
5 -2.569723 -1.668032 -2.406639 -1.282507 15.687042 1.590301 -1.500671 -1.004947 -1.383754 -1.304909 -1.775422 1.524294 -1.676214 -2.228819
5 0.296850 -2.139383 -0.562900 -0.902465 9.232595 0.095422 -2.093185 -1.275554 -0.685106 -0.037811 -1.055510 0.363517 -1.424465 0.187995
10 0.851027 -0.298773 0.618766 -1.360735 0.051752 0.328859 0.054484 -0.430061 -1.544378 1.048436 -0.398840 0.594225 -0.516382 1.001620
3 -0.427439 -0.947698 3.701011 0.274169 1.467147 -0.679421 -1.113773 -0.708357 -0.235929 -0.694105 -0.948119 0.355325 0.158124 -0.200934
3 0.581055 -0.672387 8.717405 -1.131899 -1.045467 -0.396567 -0.803287 -0.658512 -0.614281 -0.816674 -0.327180 -1.657729 -1.205357 0.030881
4 -1.267504 0.365383 0.198778 1.286313 0.323337 -0.329015 0.830173 0.144246 -1.022076 -0.389943 0.458158 -0.164670 -0.727077 0.293896
1 40.444744 -2.983163 -2.749705 -2.838240 -2.988793 -3.808985 -3.324320 -2.982395 -3.341451 -3.097115 -2.925106 -3.209478 -3.828148 -2.367842
11 -2.421555 -1.831576 0.180966 -0.575393 -1.986442 -1.650336 -2.162565 -1.281828 -0.381104 -2.217459 17.559084 -1.540386 -0.271844 -1.419563
4 0.006254 -0.820893 0.019280 3.166362 -0.983915 0.750111 0.430616 -0.939996 -0.051176 -0.309549 -0.768476 -0.352887 0.075311 -0.221043
12 -2.264741 -1.147270 0.911136 1.123848 0.164646 -0.453812 0.411211 -1.554534 -0.691794 1.558590 -0.367033 3.142004 -1.106844 0.274592
14 0.239679 -0.343637 1.301541 -1.436724 -1.499512 -0.690964 -1.131799 -0.896587 -1.599851 0.244857 0.815028 -0.056469 -1.053180 6.107618
11 -0.880101 -1.744460 -1.126947 -2.398649 -1.469226 -1.221693 -1.642169 -0.480302 -1.179662 -1.736413 16.249715 -0.233192 -1.133595 -1.003306
3 -0.619208 -1.130719 9.109481 -0.367019 -0.841543 -0.691578 -0.769580 -1.008674 0.066644 -0.890568 -0.550179 -1.113782 -0.615898 -0.577377
12 0.733818 0.324847 0.049814 -0.331486 -0.067303 -0.783894 -1.050817 -1.084781 -0.385236 0.308182 -0.171929 1.351917 0.607407 0.499460
14 -0.597861 -0.874964 -0.487919 -0.460431 0.031215 1.274868 0.958322 -1.598769 0.090923 -0.569431 1.166684 -0.233831 -0.304257 1.605449
9 -0.812260 0.859377 0.170586 -1.013994 -0.138705 -0.098754 -0.005581 -0.660685 2.148497 0.133805 0.597185 -0.571599 -0.538431 -0.069442
2 -1.518268 1.202098 -0.632441 -0.039343 0.640918 -0.453099 0.229775 0.345103 -0.626778 -0.216018 -0.585238 0.182442 0.433026 1.037822
8 -1.696365 0.389267 -0.730057 1.302941 0.625239 -0.326354 -0.001030 2.774810 -0.736306 -0.702538 -0.046005 -0.540687 -0.622788 0.309873
14 -0.147632 0.067359 -0.203528 -0.657861 -0.228120 -0.536359 -0.036873 -0.668309 0.494875 -0.514772 -0.446594 0.576132 0.055019 2.246663
2 0.539275 7.085057 -1.194539 -1.258172 -0.761521 -0.167236 -1.104826 -1.195510 -0.484398 0.009428 -0.744209 -0.379933 0.919372 -1.262789
1 24.299578 -2.035649 -2.039746 -3.134424 -2.470770 0.123710 -2.445758 -1.079803 -2.589523 -2.376538 -0.949096 -1.674123 -2.560106 -1.067751
2 0.285533 0.721648 -0.486387 -0.772825 0.515926 0.176306 -1.172996 0.196781 -0.601089 0.400317 -0.172684 0.102737 0.592698 0.214034
5 -0.627569 -1.186234 -0.522635 -0.203322 9.175835 -0.837829 -0.819070 -0.629838 -0.658039 -0.727975 -0.617823 -0.793819 -0.659771 -0.891910
6 0.613866 -0.707120 0.026046 -0.594941 -0.049380 1.340265 -0.547961 0.084048 -0.484288 -0.256020 0.167626 -0.583357 0.445576 0.545642
6 -0.148329 -1.549509 -0.330723 -1.538018 -0.534259 4.956105 -0.714945 -0.287945 -0.191680 -0.808023 -1.084136 0.013428 -0.296537 2.514571
5 -0.748205 1.165469 -0.829383 0.380486 1.923951 -0.470847 -1.284450 -0.029875 -0.999004 -1.217345 -0.846179 1.625176 0.077223 1.252982
7 -2.953399 -2.457095 -3.482844 -2.682739 -2.807239 -3.947228 41.678646 -3.458552 -4.455454 -2.480682 -2.386701 -2.935152 -4.212886 -3.418676
14 -0.176947 -2.604563 -1.806487 -0.620524 -1.656313 -0.905207 0.543164 0.368635 -2.048233 0.148779 -1.011388 0.674635 -0.145679 9.240128
2 0.110157 1.282965 -0.176689 -0.394855 0.263717 -0.295648 -0.114543 -0.651351 -0.246843 0.448308 -0.003456 0.063677 0.186599 -0.472038
2 -2.202221 9.390427 -0.604255 -1.130729 -1.537469 -0.978754 0.196895 -1.586473 -1.619659 -0.881959 3.465184 -1.152455 -1.676061 0.317529
2 -0.808414 6.540580 0.000756 0.445758 -0.022544 -0.301980 -0.151600 -1.846715 -0.979659 -0.507844 -0.443276 -0.393306 -0.635854 -0.895902
14 0.701242 -0.089013 0.070151 0.093834 -0.230722 0.027068 -0.013281 0.171224 -1.289223 -0.301495 0.023325 -0.002607 -0.195252 1.034750
7 -0.486624 -0.741432 -0.748719 0.557500 -0.161946 1.194550 1.768995 -0.003284 -0.862226 -0.454559 0.423343 -0.544450 -0.134713 0.193564
3 1.200860 -0.332761 4.452771 -0.172555 -1.196437 -2.063280 -0.028824 -0.145028 -1.853455 0.494882 1.443723 -0.172002 -0.408734 -1.219159
13 0.079132 0.158102 -0.648687 -0.701255 0.888660 -0.786225 -0.228307 -0.032591 0.183332 -0.167481 -0.085806 -0.106726 2.229414 -0.781565
3 -1.436724 -1.884802 20.512967 -1.602748 -1.631129 -1.489419 -1.497104 -1.399138 -1.469174 -1.436531 -2.026941 -1.429858 -1.705046 -1.504354
6 -2.707995 -2.312578 -0.717891 -0.081629 -2.137452 14.406235 -0.989360 -0.978324 -0.484406 -1.873679 -0.832838 -1.191464 1.247542 -1.346162
12 0.684513 -1.111923 0.319240 -0.745988 0.740135 -0.323742 -0.760703 -0.497270 -0.542666 0.906091 0.516248 1.689967 0.201620 -1.075522
6 -0.551171 -1.024961 0.473012 -0.097108 0.646689 1.873412 -1.316907 -0.383337 -1.533947 0.924445 -0.213660 0.547901 -0.786426 1.442058
13 -0.070373 -0.598275 -0.381741 0.932902 -0.098601 -0.176302 1.058181 -1.189475 -0.890421 0.142019 -0.492623 -0.517660 2.530557 -0.248186
11 -1.316391 2.407156 -0.419012 0.142811 -0.525037 -0.342658 -0.318292 -0.637950 -0.539156 -0.836874 4.462210 -0.540938 -0.813751 -0.722119
13 1.689526 -0.279741 0.002981 -0.606928 0.244362 -0.701957 -0.845671 0.507841 0.296515 -1.034933 -1.036920 -0.083074 2.173715 -0.325716
14 -0.271435 -1.034875 -0.397917 -1.066526 0.244600 -0.435200 -0.409432 -1.301749 -0.779766 0.697534 -0.649178 0.515660 -0.017386 4.905671
1 0.829322 -0.257535 0.065745 0.180882 -0.399912 0.337281 0.054078 -0.598751 -0.311888 0.015182 -0.374984 0.194516 -0.225509 0.491572
14 -0.473994 -1.868658 -0.056551 -0.631701 -0.546116 0.288759 -1.985331 -1.226829 -0.357217 0.019652 -0.568494 0.029507 -1.205170 8.582142
11 -2.217106 -2.459147 -2.890810 -1.531458 -1.633459 -2.934521 -4.851143 -2.925698 -2.284560 -2.907266 31.002453 -1.279767 -0.410648 -2.676873
7 0.130324 0.132683 -0.492366 0.132518 -0.627603 -0.044068 2.711626 -1.005148 -0.344496 -0.791449 -0.208764 0.055480 -0.460168 0.811431
6 -1.000967 -0.006832 -0.710972 -0.278414 -0.112191 4.637945 -0.372717 0.241743 -0.901410 -0.633597 0.007687 0.307466 -0.763283 -0.414458
4 -2.455665 -3.997475 -1.133359 32.270129 -3.127207 -2.846988 -2.935756 -1.815435 -1.898313 -2.228526 -2.066729 -2.454235 -2.783803 -2.526638
4 -2.696311 -3.274904 -2.132056 33.395327 -2.762516 -2.693634 -2.432246 -2.245614 -2.472352 -2.364975 -2.635312 -2.599470 -2.949270 -2.136665
4 -1.865718 0.258529 -2.226416 18.306871 -1.556194 -1.587496 -0.765115 -0.366755 -2.750013 -1.552833 -1.147059 -2.204418 -2.537247 -0.006136
7 -3.538012 -1.735274 -3.063345 -3.316138 -4.289686 -2.670700 42.864853 -4.033612 -3.089906 -3.528830 -4.212919 -2.936639 -3.588398 -2.861393
7 -4.589100 -3.322688 -4.004323 -4.220051 -3.995176 -4.900264 50.201148 -4.077725 -4.029467 -3.208283 -2.804866 -4.303471 -2.696446 -4.049289
7 1.410820 -0.900114 0.750027 -0.152731 -0.799422 -0.683811 3.243991 -0.721648 -0.804489 -0.341755 -0.777908 0.290250 -0.129962 -0.383248
7 -3.912639 -5.316937 -4.268705 -4.928084 -4.682606 -4.600800 58.681312 -4.334535 -4.361793 -3.955956 -4.091212 -4.336472 -4.591928 -5.299645
7 -3.364492 -3.314420 -3.217477 -3.678361 -3.268204 -3.730780 41.957361 -2.921575 -3.475450 -2.887748 -2.996133 -3.306189 -3.119859 -2.676674
6 -0.803256 -0.672000 -0.579371 -1.500419 -1.054309 14.289676 -0.636057 -1.099940 -1.607809 -1.018101 -1.114918 -1.254675 -1.786043 -1.162778
9 -0.768214 -0.030747 0.284395 0.619569 -0.084938 -0.162779 -0.247039 0.019771 1.185330 -0.611534 0.355270 -0.182052 -0.567144 0.190113
10 0.215298 -0.023242 1.182431 -0.306829 0.574587 1.035503 -0.051871 -1.238940 -0.994178 1.583380 0.569340 0.760003 -2.137090 -1.168393
8 -0.673491 0.586511 0.979082 -0.814140 0.279318 -0.379179 0.414059 2.713449 0.212845 -1.889911 -0.433325 -0.610020 0.163291 -0.548488
2 -1.022199 1.748075 -1.179961 1.007256 -0.177801 -0.594730 0.006758 1.536826 -0.542935 -0.329325 0.679165 -0.823623 0.063019 -0.370525
13 -0.164912 -0.612232 0.237817 -0.009632 -1.339295 1.702621 -1.211517 -0.868765 -0.358934 0.276605 -1.538087 -0.741814 4.579746 0.048397
4 -3.747355 -2.594656 -2.747162 33.222441 -3.173085 -2.994378 -0.669629 -2.217076 -1.191610 -2.982792 -3.367958 -2.943686 -1.055431 -3.537620
4 -3.445455 -3.881093 -1.638541 32.671137 -2.898909 -3.113171 -2.544012 -2.641072 -2.327093 -1.358751 -2.761323 -2.330147 -1.072501 -2.659068
4 -3.323351 -3.467715 -1.744239 33.328799 -3.480752 -2.506283 -1.848444 -2.928454 -2.053245 -2.050287 -2.607784 -1.985318 -3.414225 -1.918701
11 -0.052348 -0.046153 -0.130317 -0.541901 -0.724467 0.083157 -0.956478 -0.184091 -0.290382 -0.739558 3.915773 -0.303459 0.430293 -0.460070
7 -0.317626 0.225572 -0.250918 -0.594648 0.300126 -0.586179 1.675880 -0.021080 -0.834652 -0.012933 0.606114 -0.343065 0.361302 -0.207892
3 -0.389198 -0.542186 2.630459 -0.475473 0.388260 0.187797 -0.665240 -0.748491 1.175441 -0.734410 0.227233 -0.390412 0.227019 -0.890797
4 -2.843117 -2.187861 -2.079926 33.393043 -2.872305 -2.868670 -1.838325 -1.986999 -3.236660 -2.880064 -1.194640 -3.728904 -2.739424 -2.936148
5 -1.892818 -1.450755 -0.974315 -0.832501 17.459338 -2.047340 -1.470934 -0.859987 -1.870836 -1.518795 -1.124910 -0.691970 -1.843675 -0.880502
13 -0.511694 0.316414 -0.449593 0.418296 -0.335807 1.311422 -0.442065 -0.219509 -0.209077 -0.692886 -0.824863 -0.684329 1.749839 0.573851
9 -0.108385 -0.281849 0.239166 0.274812 -0.070652 -0.189408 -0.144893 -0.180508 0.418026 -0.176064 -0.036518 -0.100236 0.069601 0.286908
11 -1.956364 -1.506590 -0.900504 -2.353291 -2.130544 -1.555888 -1.338353 -2.155530 -1.150013 -2.793036 22.548134 -0.592871 -1.691524 -2.423625
11 -3.317664 -1.534438 -2.165005 -1.527542 -2.063675 -1.949274 -2.185310 -1.831028 -2.215519 -2.638148 27.788836 -2.001998 -2.131241 -2.227993
11 1.102260 -0.523818 -1.722786 -0.050358 -0.566284 1.905115 -1.204315 0.095679 -2.002566 -1.342956 4.779515 0.647453 -0.588757 -0.528181
6 0.346958 -0.678497 0.709435 -1.410114 0.508041 1.445524 -0.045448 -0.704236 0.164391 0.258770 -0.634452 -0.032327 -0.178615 0.250569
1 22.705830 -1.156604 -1.734907 -2.345972 -1.739207 -2.006992 -1.743621 -1.613850 -2.180198 -2.919974 -2.226451 -2.068706 -0.841484 -0.127865
13 -0.404961 -0.541229 0.250759 -0.204674 -0.691615 -0.299327 0.263732 -0.670515 -1.347368 -0.827504 -0.242789 -0.762066 5.182434 0.295122
3 0.415611 -0.678196 5.006878 0.770955 -0.578131 -0.963042 -1.289196 -1.089354 0.723694 -0.109853 -1.464386 -0.916766 -0.566251 0.738038
4 -2.540011 -2.319874 -2.380560 33.685525 -2.660216 -3.535707 -2.663352 -2.161618 -3.419716 -2.401804 -2.484620 -2.877475 -2.592054 -1.648517
4 -1.336809 -1.332589 -1.590052 33.242300 -2.609269 -2.076861 -2.748391 -2.254371 -4.008756 -3.567217 -2.061058 -2.733035 -3.843384 -3.080509
2 -1.033529 8.232249 -0.100607 0.259908 0.123129 -0.671475 -0.881864 -1.481826 -1.688136 -1.002779 -1.360318 -0.628515 -0.666943 0.900706
3 -0.662800 -0.222598 1.422714 0.959610 -0.045904 -0.769733 -0.486459 -0.799772 -0.314218 0.676958 -0.056898 0.150080 -0.204953 0.353972
1 0.000000 0.000000 0.000000 0.000000 0.000000 0.000000 0.000000 0.000000 0.000000 0.000000 0.000000 0.000000 0.000000 0.000000
2 -2.487204 8.677251 -0.232084 -0.151644 -0.167988 -0.303890 -0.769190 -0.307866 -1.243674 -0.610315 -0.135661 -1.043356 -0.863952 -0.360427
13 -0.281416 -0.658562 0.482722 0.291571 0.285174 -0.589032 -0.543195 -0.607082 -1.236857 0.465623 -0.587275 -0.281720 3.030610 0.229436
1 23.332476 -2.583325 -1.554578 -0.768305 -1.739567 -1.293040 -1.439434 -1.282740 -1.914528 -2.864172 -1.859748 -2.319047 -2.298214 -1.415779
7 -4.532422 -4.179695 -4.062048 -4.227372 -4.485072 -4.488470 57.313089 -4.864262 -4.908708 -4.006130 -3.413457 -4.283477 -4.477567 -5.384411
6 -4.629168 -3.533185 -3.142376 -3.088130 -3.763076 42.316017 -3.938122 -1.944402 -2.567527 -3.898228 -2.789121 -3.230574 -2.978478 -2.813628
4 0.514520 -1.117974 -0.749803 0.921697 0.019824 0.447609 0.242251 0.197386 -0.753707 0.182062 0.226261 -0.029791 -0.455618 0.355282
13 -0.400168 -0.130617 0.004699 -0.796107 0.964631 1.966730 -2.780670 -1.438143 -0.116657 0.949856 0.729561 -0.689101 2.096627 -0.360641
1 23.597013 -1.758326 -2.101525 -1.985561 -1.780376 -1.240409 -2.002027 -1.955737 -2.098709 -1.692586 -1.477343 -2.188648 -2.532825 -0.782941
3 -0.630522 -0.064395 1.650300 0.088236 -0.212987 -0.618701 0.589345 -0.297300 -0.905877 0.046569 0.546306 -0.332414 -0.623439 0.764879
10 -0.158042 -0.450823 1.952624 -0.929992 -0.351207 -0.443673 -0.825971 -0.557455 0.972959 2.605885 -0.247069 -0.140070 -1.386969 -0.040197
1 2.156297 0.483237 -0.973285 0.517953 -0.009122 0.204481 -0.565650 -0.734182 -0.739036 -0.546063 0.016725 -0.353817 0.258752 0.283709
8 -0.217107 -0.727587 -0.013947 -0.933088 1.296068 -0.427286 -0.504182 2.826926 -0.270084 -0.159032 0.273869 -0.367056 0.124093 -0.901588
7 -3.628021 -3.420539 -2.379770 -2.993885 -3.065385 -3.650311 39.611306 -2.798574 -3.930473 -3.945875 -3.156020 -3.512034 -0.084479 -3.045941
8 0.000000 0.000000 0.000000 0.000000 0.000000 0.000000 -0.019033 0.319616 -0.212625 0.000000 -0.030694 0.000000 -0.057264 0.000000
11 -0.204740 0.335374 -0.367158 -0.747115 0.147896 0.382663 -0.754262 -0.507717 -0.495361 -0.793324 3.761456 -0.339395 -0.445553 0.027237
10 0.147631 -0.473803 0.070428 -0.445981 -0.554063 0.114828 -1.204753 -0.706218 -0.850261 3.668612 0.062105 0.378985 -0.209324 0.001813
14 0.064178 0.095221 -0.147535 -0.950125 -0.065637 -0.122366 0.494926 -0.280804 0.502090 -0.628089 -0.589501 0.750044 -0.772414 1.650011
13 -0.571719 -0.807661 1.132162 -0.438056 -0.121721 -0.065243 -0.244184 -0.333930 -0.883036 -0.314836 -0.307168 -0.320600 3.642878 -0.366886
2 9.747791 14.021140 -3.228081 -2.448490 -2.041558 -0.855121 -2.754781 -2.030945 -2.069260 -2.581047 0.136450 -2.328898 -1.678077 -1.889123
6 -0.062452 0.000000 -0.190461 -0.329283 -0.291052 0.950468 0.013103 -0.042059 0.090176 -0.084789 -0.156060 0.138804 0.307457 -0.343853
2 -0.551519 9.116359 -1.046362 -0.902902 -0.393799 -0.434672 -1.131796 0.221671 -0.618235 -1.174350 -0.459533 -1.516227 -0.833702 -0.274933
4 -0.583092 0.310514 0.173017 0.510404 0.188942 -0.083090 0.156043 -0.042479 -0.761424 0.080441 0.260421 0.011504 -0.487921 0.266720
4 -3.537715 -3.893211 -3.574032 32.211236 -4.220129 11.308487 -3.883400 -2.888085 -3.217180 -3.604571 -4.287459 -3.458552 -3.154620 -3.800769
1 39.783682 -3.347417 -2.927973 -3.005208 -3.037150 -3.122248 -3.134855 -3.278371 -2.361120 -3.036704 -2.784130 -3.062183 -3.401675 -3.284648
1 39.163603 -2.209984 -3.398400 -2.724212 -3.010031 -2.449863 -3.775082 -3.266359 -3.079243 -2.704262 -2.212459 -3.625780 -3.270798 -3.437129
1 25.561910 -2.020548 -2.273756 -2.642699 -2.702263 -2.012478 -1.602120 -1.608626 -1.592622 -1.604480 -1.555107 -1.390980 -1.749854 -2.806376
8 -1.360451 1.770918 -0.550724 -1.024729 0.480648 -1.229863 -0.651015 2.013186 1.650446 0.235647 1.612852 -1.979660 0.160987 -1.128243
4 -2.747394 -2.649102 -2.475961 35.636734 -3.306502 -2.317996 -2.765037 -2.704714 -3.155338 -2.610398 -2.395666 -2.978898 -3.675706 -1.854021
7 -0.174480 -0.346784 -0.289794 0.104802 -0.404950 -0.254388 1.600336 -0.322039 0.464873 -0.608407 -0.139541 -0.199799 0.135084 0.435088
2 -1.404085 11.134094 -0.844482 -0.607225 -1.352842 -0.602930 0.257203 -0.862164 -0.416150 -0.249759 -1.168189 -0.895793 -1.173975 -1.813703
1 2.975873 -0.828378 0.104606 0.328127 0.105923 -0.252147 -0.388938 -0.310953 -0.463754 -0.386280 0.040051 0.301694 -0.674095 -0.551730
10 0.554250 -0.656556 -0.487676 -1.522174 -0.522067 0.833172 2.023347 0.589855 -1.221763 2.145474 -0.379979 -0.910478 -0.244658 -0.200745
13 -0.070278 0.448623 0.046600 0.268870 -1.037294 -0.917193 -0.322880 -0.895117 0.736598 -0.333317 0.296336 0.477066 0.895369 0.406618
9 -0.191709 -0.754347 0.217810 -0.996540 1.077279 0.991841 -1.198647 -0.718295 2.789226 -0.017765 -0.062253 -0.775168 0.215464 -0.576899
9 -0.891470 -0.516266 0.629343 -1.258160 0.103796 0.187343 -0.460871 0.570685 2.022489 0.258816 -0.149493 -0.599003 0.342942 -0.240151
5 -0.524359 -1.827634 1.843268 -0.646714 7.976956 0.864370 -0.341805 0.459652 -0.936344 -1.514449 -1.737394 -0.744906 -2.568442 -0.302199
4 -1.847288 -2.830001 -2.273771 33.992724 -3.295476 -2.806731 -2.977626 -2.091695 -2.501680 -3.172943 -2.526118 -2.485051 -2.430389 -2.753954
4 -3.246176 -1.832359 -1.632788 33.444819 -2.096913 -2.901757 -2.004291 -2.742962 -2.163043 -2.793885 -3.549728 -2.014987 -3.359601 -3.106328
4 -2.471571 -2.914331 -1.748269 36.266890 -3.178108 -3.000846 -3.914434 -2.851092 -3.443677 -0.854777 -2.527430 -2.464301 -4.328416 -2.569638
4 -1.941761 -1.359796 -1.196873 19.367774 -1.491703 -1.790699 -1.468174 -1.004627 -1.841485 -1.357535 -1.215065 -1.444853 -1.928996 -1.326208
4 0.369353 -1.341488 -0.536102 3.131265 -0.562086 0.715449 -2.255430 0.857476 0.488169 -0.435827 -1.200510 0.096675 0.369601 0.303454
1 22.010250 -2.071264 -1.729822 -2.302183 -1.986624 -1.514768 -2.652600 -0.902679 -1.356744 -1.250418 -1.891752 -0.905509 -1.516124 -1.929762
7 -0.129177 -1.963116 0.354237 -0.822300 -0.555291 0.440415 3.600363 -0.265635 -0.619916 0.003963 0.124973 0.304839 -0.007452 -0.465904
8 -0.246539 -1.291076 -0.641129 0.585537 -0.285869 -0.295004 -1.033521 5.863614 -0.799564 -0.159134 -0.636919 -0.505592 0.120376 -0.675180
1 25.288690 -2.179258 -1.936081 -1.840166 -1.753870 -3.152373 -2.745339 -2.072295 -1.238265 -2.708896 -1.758063 -1.920796 0.184569 -2.167858
1 25.010044 -1.815076 -1.696658 0.090934 -2.321488 -2.610024 -1.562434 -2.838663 -1.209624 -2.701458 -2.056236 -1.932774 -1.851395 -2.505148
3 -0.793983 -1.492784 3.772158 1.579117 -0.977035 -0.497473 0.370998 -1.053454 -0.357195 -0.773115 0.426970 0.226732 -0.032214 -0.398722
3 -0.776515 -0.457536 7.830308 -0.910616 -1.252380 -0.397585 0.061792 0.571788 -0.086646 -0.549920 -0.889377 -0.962653 -0.925418 -1.255241
1 15.736729 -1.402583 -1.591021 -1.080299 -1.023179 -1.047054 -1.243918 -1.204764 -0.164894 -1.768136 -0.644932 -1.913490 -1.115404 -1.537055
3 -0.950675 -1.014773 18.182595 -1.712333 -1.079275 -1.482645 -1.354263 -0.978817 -1.352228 -1.543644 -1.066714 -1.532327 -2.027566 -2.087335
14 0.117628 -0.787388 -0.936863 -0.736282 0.513005 0.539225 -0.062716 0.774936 -1.236637 0.397078 0.012320 0.244038 -0.005997 1.167652
14 -0.944731 -1.830107 -0.014131 -0.027182 -0.237646 -0.226100 -0.254610 0.034608 -1.820203 -0.521899 -0.074545 -0.832360 -0.960704 7.709609
8 -0.708801 -0.172950 -0.457636 0.371286 -1.243737 -1.331475 1.981963 5.924176 -0.797525 0.512740 -1.092202 -1.002694 -0.936499 -1.046646
3 0.058967 -1.164978 8.596733 0.462416 -0.607976 -0.650634 -0.793765 -1.672857 -0.076031 -0.830999 -0.497680 -0.472285 -1.480040 -0.870872
6 -1.943566 -1.341384 -1.391269 -1.207534 -1.909469 17.013217 2.014362 -2.020024 -1.340367 -1.674163 -1.375555 -1.255051 -2.029500 -1.539698
13 -0.236970 -1.323652 1.667789 -1.346552 -0.679449 0.330489 -0.948611 -1.495232 0.539622 0.491294 0.084872 0.557742 2.217631 0.141026
3 -0.836529 -1.629292 13.787742 -1.956398 -1.662532 -0.913359 -1.262394 -1.319452 -0.748686 -0.686600 -0.836777 0.066112 -1.389020 -0.612817
14 0.127113 -0.140156 0.242420 -0.068087 0.002147 -0.086755 -0.271165 -0.153622 0.310697 -0.420568 -0.189149 0.168956 0.050893 0.427274
11 -1.061682 -0.975557 -0.827064 -0.333883 0.206729 -0.909159 1.342409 0.012966 -0.646497 -0.571005 4.249280 -0.663019 -0.536327 0.712809
11 -1.604705 -0.274597 -0.736906 0.967116 -0.817807 -0.386593 0.083518 0.105749 0.140755 0.419428 3.160425 0.362866 -0.253928 -1.165319
11 -2.746782 -2.947410 -2.246072 -1.383520 -2.155613 -2.953592 -2.563966 -1.860543 -2.441721 -2.681127 30.511949 -2.327167 -2.331181 -1.873253
11 -1.183443 0.325183 -0.620517 -0.088074 0.471497 -0.290661 -0.794323 -0.027661 -1.716259 -1.463027 6.821832 -0.322119 -0.638922 -0.473507
1 24.955475 -1.820580 -0.376769 -2.285603 -1.414151 -1.457213 -2.589478 -1.848978 -2.279881 -2.480122 -2.871118 -1.746302 -2.205146 -1.580133
5 -0.686987 -1.138125 -0.867882 -0.869692 12.322116 -0.700256 -0.761046 -1.567490 -1.744646 -0.385414 -0.519049 -1.615841 0.105038 -1.570724
4 -3.236586 -1.759855 -3.251982 35.763027 -1.619067 -2.452509 -2.834437 -2.687678 -2.334248 -2.397561 -3.914663 -1.976296 -3.695630 -3.602513
7 -4.040347 -3.076118 -3.593389 -3.944691 -3.349972 -4.189280 49.996410 -4.209603 -3.981705 -3.229746 -5.515689 -3.914792 -3.202409 -3.748672
3 0.751638 -0.836507 1.437704 -0.362112 -0.087918 1.005660 0.298475 -0.285982 0.350259 1.091097 -0.856733 0.072401 -2.855213 0.277231
5 -1.614205 0.044421 -0.657197 0.918746 9.788975 -0.348535 -0.596362 -0.869650 -1.250906 -1.131886 -1.138000 -0.999905 -1.772528 -0.372969
4 -1.626334 -2.430201 -2.476357 33.555137 -2.399670 -2.739764 -2.616532 -2.351021 -2.567255 -0.885484 -3.503306 -2.589547 -3.466200 -3.903466
6 -3.159976 -3.039934 -3.900042 -3.747544 -3.383948 44.118387 -3.369378 -3.245019 -3.207546 -3.506117 -3.645051 -3.266669 -3.401043 -3.246118
8 -1.210140 -0.806546 -0.015657 -0.258546 -0.221180 1.050739 -0.128000 3.041672 -0.460590 -0.492039 -1.024552 1.318496 0.448407 -1.242064
6 -2.559864 -2.034554 -1.836126 -2.052658 -2.159769 29.583775 -2.465879 -2.628805 -2.153379 -2.121710 -1.894449 -2.379827 -2.856742 -2.440012
6 0.079324 -0.523714 -0.583871 -0.403468 -0.655560 2.882607 0.255813 -0.607528 1.366145 -0.831950 -0.540803 -0.019034 -0.496507 0.078547
11 0.907136 0.432020 0.607789 0.157813 -0.715156 -0.260696 0.542602 -0.214013 0.651668 -0.380428 1.027249 -0.691681 -1.354302 -0.710002
13 -0.211800 -1.087256 -0.216755 -0.016528 -0.600989 -0.591230 -1.132622 -0.919653 1.689995 -0.284657 -1.118937 -0.798348 6.174558 -0.885777
13 1.058518 0.504013 0.083116 -0.568001 -0.670702 -0.022711 -0.442800 -0.832851 -0.510369 -0.254218 0.314610 -0.164426 2.270184 -0.764364
14 -0.041165 -0.394100 -0.171177 -0.247129 0.086240 0.003705 -0.304360 0.690801 -0.020539 -0.379829 -0.076123 -0.201055 -0.025171 1.079904
9 -1.470049 -0.676457 -0.763980 -1.015660 1.261831 -0.271019 -0.002372 -0.320641 3.885540 0.185838 -0.350903 -0.838714 0.370503 0.006081
1 2.116283 -1.717492 0.492269 -0.494656 -1.092692 -0.597522 -0.117016 -0.736901 -0.236515 -0.187867 0.637960 1.949135 -0.187784 0.172796
4 -2.977971 -3.194436 -2.272892 32.997654 -2.993849 -2.769405 -2.410063 -1.586231 -1.802859 -3.119347 -2.969604 -2.386431 -2.582756 -1.931811
14 0.706858 -1.134585 -0.197933 -0.673784 0.117444 0.080582 -0.181773 -0.110065 -0.151406 -0.632410 -0.576359 0.410083 0.896111 1.447236
4 -2.400320 -2.264942 -2.375728 22.011430 -1.904180 0.678999 -1.986955 -2.659238 -3.046209 -1.550885 -0.926047 -1.554293 -0.038728 -1.982904
4 -3.162464 -2.151425 -3.667239 38.340656 -3.378175 -2.392188 -1.298345 -2.461499 -3.587738 -3.598986 -2.467703 -3.740603 -3.581441 -2.852849
3 -1.965392 0.105515 19.675569 -2.166032 -1.585919 -0.454084 -0.916410 -1.853265 -1.035495 -1.852827 -1.043767 -1.579841 -2.465355 -2.862699
3 1.546822 -0.176368 2.577153 0.879267 -1.240172 -0.033812 -0.956563 -0.090683 -1.083531 0.144941 -0.130885 -0.417776 -0.687564 -0.330830
2 0.194163 0.547973 -0.661099 -0.079237 -0.528734 -0.259019 -0.336189 0.491613 0.486288 -0.280242 -0.224893 0.389230 0.536504 -0.276357
6 -0.274204 -0.019756 0.153498 0.170937 0.309229 0.680188 -0.802289 -0.307643 -0.679047 0.307157 0.473809 -0.296645 0.000571 0.284194
13 -0.950169 -0.084171 0.421719 0.933925 0.170776 -0.556376 0.551585 -0.290387 -0.447498 -1.051283 0.024358 -0.091715 1.125976 0.243261
14 -0.416950 1.073501 -0.525791 0.039819 -0.260288 0.302076 -0.044457 -0.171504 -0.335886 -0.211379 0.726586 -0.954107 -0.539749 1.318127
5 -1.459274 0.369943 0.298573 -1.029720 1.374834 0.590973 0.786978 1.271749 -1.806142 -0.746858 0.737837 -0.337412 -1.343902 1.292421
4 1.110533 -1.496016 -0.677206 1.500332 -0.491131 -0.352341 -0.045658 0.037203 -0.310912 -0.344904 -0.263131 0.177034 0.899274 0.256922
6 0.739036 -1.099161 0.345360 -0.961876 0.226920 1.071290 -0.909270 0.920973 -0.319930 0.280567 -0.604332 -0.943251 0.466193 0.787482
4 -2.188911 -3.298800 -2.135166 32.790059 -3.177937 -2.473065 -2.888497 -1.277581 -1.433649 -3.703550 -2.633559 -2.858431 -2.755312 -1.965600
4 -2.685252 -3.343318 -2.227377 33.474330 -2.688339 -2.892050 -2.402509 -1.806348 -2.617499 -2.458763 -2.687141 -2.546388 -2.145559 -2.973786
1 1.175754 0.152259 0.179013 -0.318825 -0.448745 0.534448 -0.032571 0.169845 -0.234891 -0.310708 -0.284473 0.073860 -0.618813 -0.036153
12 0.253027 1.150276 0.219815 -1.251815 0.695398 0.190111 -1.441885 1.030095 -1.718044 -0.622666 -0.976492 2.838211 0.046784 -0.412814
1 12.334193 -0.499617 -0.278899 -0.907834 -2.582946 -0.323718 -1.314017 -1.077069 -0.724796 -0.908069 -0.926694 -0.451522 -1.494223 -0.844788
14 0.090857 -0.684312 0.137544 -0.277965 -0.593192 0.532356 0.129346 -0.535221 0.723395 -1.388533 -1.395892 -0.076220 0.071233 3.266602
10 1.181839 1.245774 0.470030 -0.734044 -0.067974 -0.014645 -0.527419 -0.818518 -1.733723 1.358377 0.591050 0.407375 -1.791411 0.433289
4 -1.458999 -2.674835 -1.524496 20.370022 -2.132119 -1.671441 -0.985198 -1.474224 -1.666737 -1.022402 -1.951570 -0.734618 -2.533995 -0.539390
5 -0.971862 -0.935673 -1.093918 -0.159931 12.073521 -1.555519 -1.361991 -1.442347 -0.520887 -0.974316 -0.497450 -0.539189 0.137893 -2.158329
4 -2.560299 -3.091881 -3.049929 35.083890 -1.924439 -3.619543 -3.041744 -2.475291 -2.822961 -0.159101 -2.726225 -2.462815 -4.434313 -2.715349
14 -0.115157 -1.542812 -0.260710 -0.883015 -0.479869 -0.123368 -0.327893 -0.736858 -0.115746 -0.718329 0.021027 -1.330458 -0.304259 6.917447
5 0.256092 0.333012 -0.180622 -0.159317 0.361275 0.071331 -0.058504 -0.328657 0.033113 -0.133558 -0.203573 0.005910 0.030235 -0.026738
7 -0.367120 0.049057 -0.425847 -0.448075 0.218666 0.305206 0.381301 0.232951 -0.052793 -0.026218 -0.032844 -0.048897 -0.043319 0.257933
4 -2.788393 -3.447576 -2.652972 33.398554 -3.439297 -2.088104 -0.635340 -1.386933 -2.660949 -2.381659 -3.147766 -2.568511 -2.615698 -3.585355
10 0.977809 -2.834174 1.937768 -1.123574 -0.925282 -0.167418 -0.410883 -0.971560 -0.255408 3.370485 -0.365168 2.874152 -1.614858 -0.491890
14 -0.278967 -0.986956 -0.009572 -0.724605 0.537643 0.172978 -0.377689 -0.450513 -0.267252 1.029269 -0.196169 -0.933802 0.160425 2.325212
6 -2.994413 -1.562499 -1.651517 -1.539629 -2.156338 24.983673 -2.651640 -2.254465 -0.937186 -1.560632 -1.661708 -1.818087 -1.818398 -2.377159
13 -0.483987 0.247840 -0.450634 -0.425380 0.319206 0.856873 -1.113301 -0.890737 0.625496 -0.392052 -0.133928 0.603041 1.472115 -0.234553
4 -0.248852 -0.247608 -0.059563 0.625969 -0.073708 0.215019 0.251331 -0.636839 0.208537 0.010558 0.463895 -0.369760 0.225368 -0.364346
4 -4.006193 -2.927945 -2.961489 34.825989 -3.365964 -0.657846 -2.518508 -1.602304 -3.141410 -3.385237 -2.584631 -2.110170 -2.790081 -2.774210
10 -1.708151 -0.651676 -0.712376 -0.377955 -0.289678 -0.879385 -1.743197 -0.451948 -0.012469 10.186063 -1.030534 -1.168131 0.272227 -1.432790
8 -0.376169 0.669073 -0.244548 -0.797764 -0.584679 -0.716819 -1.412480 5.227968 -0.369465 2.314510 -1.230174 -0.847717 -0.781001 -0.850736
8 -0.759832 -0.199390 0.330017 -0.457375 -1.053309 0.142794 -0.756590 4.543204 -0.133633 -0.218301 -0.636824 -0.740779 0.158397 -0.218379
1 22.531036 -2.465565 -1.227116 0.104333 -1.192061 -3.036107 -2.060689 -2.191042 -0.754530 -2.682512 -1.761878 -2.953312 -1.080894 -1.229663
4 -1.641552 -0.177262 -1.463921 18.855105 -1.776802 -1.901427 -2.621938 -0.700821 -1.724184 -1.507115 -1.331175 -2.260109 -0.340887 -1.407911
5 -0.353039 -1.486127 -0.463679 -0.681667 9.328863 -1.282206 -1.626337 0.270941 -0.765633 -0.928873 -1.479222 -1.205758 1.428321 -0.755583
11 -2.061072 -0.308723 -2.034819 -0.679393 -0.899568 -2.474499 -1.432581 -2.178872 -2.267735 -1.316917 23.153120 -2.536108 -2.460777 -2.502055
4 -0.226482 0.169366 0.497491 0.669129 0.009459 -0.400198 0.550361 -0.012086 -1.052798 -0.231988 0.172298 -0.030377 -0.772346 0.658172
1 1.239870 -1.414700 0.108732 -0.401129 -0.451415 0.247233 -0.074448 0.155797 0.816645 1.116951 -1.324423 0.701956 -0.213647 -0.507421
8 -0.476206 -0.939253 -0.845877 0.326608 1.248084 0.562859 -0.452746 1.919440 0.536798 -0.307238 -0.291715 -0.332805 -0.603171 -0.344778
5 0.813676 0.128378 0.022783 0.550182 1.412164 0.024809 -0.849960 1.027236 -0.655184 -1.049675 -1.531925 0.134737 0.611478 -0.638699
4 -0.300677 -1.562957 -0.152342 3.068482 1.088684 0.408748 -1.205310 -0.504684 0.683015 -0.794914 -0.783388 -0.282055 0.481170 -0.143770
1 2.006245 0.097236 -0.370167 -0.609995 0.205205 -0.999042 0.091268 -0.341692 -0.324324 0.359593 -0.280081 -0.140294 0.266805 0.039242
4 -3.285616 -3.655520 -1.612751 34.118900 -3.103113 -2.654785 -3.080845 -1.634703 -1.940390 -2.993193 -2.938477 -2.260425 -2.657799 -2.301281
7 -1.621919 -0.194947 -1.572743 1.128700 0.598222 0.537814 1.874261 0.588814 -1.369871 -0.408869 0.807365 0.232696 -0.505834 -0.093688
13 -0.347919 1.187663 -0.305325 0.594536 -0.744620 0.332790 -1.480340 -0.801996 -0.055180 1.233716 -0.877929 -0.346706 1.361397 0.249914
1 13.693529 -2.712821 -0.449343 -0.774726 -1.109385 -0.956184 -1.818273 -2.245718 -0.493281 -0.328612 -1.441746 1.584462 -2.155682 -0.792220
6 -1.135157 -1.322301 -2.293010 -1.832970 -1.033264 19.019634 -1.388896 -1.233018 -1.266803 -2.244031 -0.603036 -2.204820 -1.457816 -1.004512
3 -0.471375 -1.193161 4.330238 -1.488725 0.598534 -0.101075 0.216578 -0.831116 -0.917553 -0.272721 -0.548416 0.883574 0.089689 -0.294472
5 0.166825 1.494793 -2.433987 -0.772457 9.430705 -1.855655 -1.075021 1.514651 -1.213423 -1.291783 -2.143129 0.271633 -0.395043 -1.698109
8 -1.634944 -0.864494 -0.669056 0.564425 -0.714246 0.579285 -1.076528 7.880972 -1.304441 -1.274372 -0.992638 0.383805 -0.708068 -0.169701
14 -0.458696 -0.286711 0.321718 -0.493008 0.501597 -0.732826 -0.000776 0.071132 -0.193736 0.359230 -0.201184 -0.059751 0.332147 0.840864
1 1.361970 0.593258 0.122193 -0.134247 -0.144689 -0.093038 0.317584 -0.084522 -0.942879 0.169105 0.404716 -0.097879 -0.853047 -0.618524
6 1.450363 -1.347288 -1.795053 0.269900 -0.857846 7.538377 -1.875267 -1.027616 0.279503 -1.419965 -1.159838 1.092342 -0.242436 -0.905176
12 -1.561804 0.199559 -0.514484 1.167958 -0.302414 0.351743 -0.923108 1.356217 -0.244870 -1.308879 -0.262378 1.669989 0.665760 -0.293289
3 -0.059876 -0.624647 7.122296 -0.215651 -0.447666 -0.429766 -0.401708 -0.642069 -0.665064 -0.404226 -1.190121 -0.983380 -0.501224 -0.556898
12 0.275358 -0.060243 0.182369 -0.520376 -0.258678 -0.437460 0.777648 -0.261334 0.544817 -0.210742 -0.240884 1.030416 -0.480922 -0.339970
14 -0.056837 0.330958 -0.954026 -0.152068 -0.930910 1.032949 -1.100608 -0.324997 0.064901 0.627906 -1.265405 0.929860 0.448641 1.349635
6 0.157879 -0.060324 0.170124 -0.644964 0.363011 1.238606 -0.603275 -0.160427 -0.986939 -0.172774 0.157171 -0.598508 0.328136 0.812284
11 -0.809443 -0.528777 -1.240514 -0.833664 -1.117371 -1.816710 -1.798838 -0.586303 -0.858296 -0.247809 11.748814 -0.745315 -1.215409 0.049636
13 -0.094744 0.357025 0.149693 -0.046181 -0.124579 -0.166874 -0.137439 -0.340146 -0.365090 0.421675 -0.323700 -0.275508 0.867828 0.078041
14 -0.303338 0.153326 -0.240559 -0.315242 -0.233648 -0.220386 -0.326625 -0.662492 0.230965 0.749566 0.065724 0.804725 -0.640579 0.938561
1 42.029793 -3.541719 -3.131971 -3.026176 -3.071484 -3.473485 -4.170907 -3.181975 -3.163270 -2.790627 -3.375604 -2.640307 -3.090166 -3.372102
12 0.177957 -0.166753 -0.385576 -0.436093 0.059574 -0.265450 0.844051 -0.957264 0.301199 -0.450854 -0.394810 1.387186 0.075806 0.211027
3 0.206451 -1.213553 1.003164 0.281538 -0.146835 -0.320972 -0.629571 -0.111264 -0.786388 0.942220 0.202971 0.848047 0.696685 -0.972494
3 -0.328656 -0.637412 1.365843 -0.809763 0.160097 -0.108028 0.229400 0.432907 -0.370361 -0.688414 -0.325600 0.302633 0.582739 0.194617
1 22.323366 -1.912236 -1.524925 -1.837414 -2.095036 -2.484381 -1.641482 -1.741993 -1.056797 -2.076932 -0.999429 -2.079496 -1.164164 -1.709081
1 15.474103 -1.860120 -0.927970 -1.269897 -0.460460 -0.382049 -2.001175 -0.842307 -1.388164 0.309187 -1.787339 -1.652446 -2.199790 -1.011575
2 -0.834759 0.969559 -0.616963 -0.456105 0.384255 -0.284500 -0.075837 -0.849948 -0.476474 0.549678 -0.198912 0.647758 0.906193 0.336054
6 -0.191976 0.390173 -0.628881 -1.409583 -0.400603 9.240046 -1.313639 -1.417244 -1.025792 -1.355148 -0.522594 -1.095826 0.899460 -1.168393
5 -2.052806 -0.163997 -0.385600 -1.259611 8.997462 -1.173789 0.341194 1.309625 -2.066612 -0.296616 -1.292011 -1.569766 -1.698839 1.311368
6 0.274016 0.675141 -1.993105 -0.597714 -0.813438 7.523704 -1.761832 0.040761 -0.626946 -0.671658 -1.235792 -1.097432 -0.408760 0.693055
3 0.145689 -1.467816 2.501929 -0.094639 -1.010872 -0.675185 -1.615602 -0.638622 -0.304440 0.166847 1.111629 1.773605 0.637753 -0.530276
2 0.938247 1.410347 -0.762476 -0.630566 -0.531235 0.910592 0.370107 0.470259 -1.587091 -0.445425 -1.556662 1.225696 -0.572737 0.760945
3 -0.815805 -1.410369 13.787742 -1.939542 -1.678162 -0.926219 -1.331418 -1.286878 -0.853443 -0.757571 -0.720755 0.007982 -1.506639 -0.568925
10 0.002355 -0.029138 0.134530 -0.872545 0.025312 0.761115 -0.524023 -1.013028 0.387376 1.595985 -0.335062 -0.319759 -0.640074 0.826955
6 0.053876 -0.250078 0.180711 0.475658 -0.539661 1.023027 -0.176281 -0.342991 -0.024768 -0.294457 -0.119496 -0.181336 0.364054 -0.168257
3 -1.815809 -0.275748 5.293707 0.052983 0.488835 -1.150305 -0.192556 -0.586038 -0.181762 0.552606 0.744307 -1.269304 -1.299172 -0.361744
10 -1.097187 0.234571 0.258160 0.035144 -0.311376 -0.393161 -1.405962 -1.177398 -0.722031 8.274962 -1.019078 -0.029031 -1.853539 -0.794074
10 -0.833406 -1.712622 0.310676 -0.111304 1.409417 -0.069619 -0.470986 -0.890998 -0.815483 2.391791 0.290257 0.964536 -1.280894 0.818635
7 -3.438070 -3.551508 -3.541498 -3.548414 -3.781978 -3.541466 47.622850 -3.606648 -3.312910 -3.226443 -5.645880 -3.421905 -3.437184 -3.568947
11 -0.699227 -0.049428 -0.137108 0.823066 -0.693957 0.520794 0.209185 0.347001 -1.403344 -1.252654 1.472111 0.543030 0.154842 0.165687
12 -1.457761 -0.453244 0.381625 0.108364 -0.749502 -0.615336 0.533938 -0.294018 -0.572898 -0.305454 0.481991 5.150713 -1.888623 -0.319794
4 -0.583092 0.310514 0.173017 0.510404 0.188942 -0.083090 0.156043 -0.042479 -0.761424 0.080441 0.260421 0.011504 -0.487921 0.266720
11 -2.393848 -2.385436 -0.638513 -1.104198 -0.106315 -1.734924 -1.941413 -2.065248 0.209220 -2.048627 17.179853 -0.844035 -1.201173 -0.925342
11 -3.974863 -2.135470 -2.172814 -2.314493 -1.993118 -2.348592 -3.488402 -2.165230 -2.773082 -2.627703 33.131304 -2.273775 -2.600573 -2.263190
2 0.002129 2.085567 0.564580 -0.931649 0.131652 -0.440165 -0.096600 0.838969 -1.339596 -0.497670 0.280439 -0.293413 -0.273683 -0.030561
3 -0.755259 -1.410369 13.097496 -1.851800 -1.290842 -0.917402 -1.214002 -1.229292 -0.822434 -0.729482 -0.833541 0.032097 -1.490520 -0.584650
11 -0.736779 1.350826 -0.640436 -0.304608 -0.283581 -1.093811 0.671518 -0.016206 -1.273723 0.080599 2.440643 -0.258799 0.291490 -0.227134
14 -0.969800 0.001565 0.585739 -0.096220 0.214875 0.136777 0.109205 -0.808372 -1.383664 -0.486635 -0.346898 0.291232 1.239436 1.512761
11 -1.077602 0.323242 -0.177254 -0.640491 1.000343 -0.566410 -0.104381 -0.326617 -1.135446 0.234720 2.408438 0.175574 0.180157 -0.294273
7 0.463610 0.579520 -1.277588 -0.063125 -0.328059 0.183248 1.072702 0.101872 -0.298533 -1.063035 0.722733 -0.391335 -0.272790 0.570779
4 -0.283724 0.898892 0.070510 1.436711 -0.246359 -0.144613 0.331887 -0.376360 -0.803373 -0.063397 0.139123 -0.293316 -0.409058 -0.256921
10 -0.141062 -0.618039 1.056781 -0.779895 -0.184578 -0.324191 -0.131779 0.252331 0.385712 1.726154 1.194516 -0.139371 -1.267226 -1.029352
11 -2.412575 6.526912 -1.867618 -1.559407 -1.337407 -2.740259 -0.404608 -1.858551 -2.315377 -2.098290 16.173143 -2.418891 -2.275820 -1.411252
10 -0.478878 -0.376801 -0.576396 -0.580291 -0.025719 -0.074192 -0.120328 -0.678814 -0.532239 4.116026 -0.517743 -0.086206 0.531812 -0.600233
11 -1.284533 -1.067011 -2.193662 -0.953246 -0.407786 -0.948225 -2.957016 -1.356000 -2.576958 -0.539636 18.535832 -0.824506 -2.529367 -0.897887
11 -1.403162 -0.314239 -0.969886 -0.533090 -0.636935 -0.872204 -1.135292 -0.168004 -2.431983 -0.170096 10.320340 -0.437924 -0.862059 -0.385466
6 -0.226820 -1.183291 -1.460518 0.843788 -0.787761 11.443804 -1.045524 -1.371187 -1.469962 -1.659428 -1.108513 -0.098432 -1.526999 -0.349156
13 -0.206875 -1.395505 -0.569143 -1.229933 0.040009 -0.551398 -0.001355 -0.525334 0.347005 -1.151178 -0.643436 -0.039562 5.920540 0.006166
5 -0.728624 3.227019 -1.514097 -0.304123 9.759570 -1.159755 -1.044210 -0.087597 -1.227028 -1.251155 -1.230630 -1.762146 -0.960211 -1.717014
2 -1.079448 2.917293 -1.138494 0.096572 -0.469940 0.228213 0.506332 0.353466 -1.941707 0.057443 0.116169 0.204379 -0.663329 0.813049
2 -0.377202 1.301821 -0.021794 0.115282 -0.425667 -1.130744 0.390237 0.453747 -0.728276 0.176517 0.498518 -0.223874 -1.057556 1.028991
14 -0.478933 0.417126 -0.458523 -0.406970 0.102025 -0.879627 -0.286501 0.409212 -1.452527 -1.551636 1.337662 -0.604798 0.769854 3.083636
5 -1.634586 0.307752 -0.305880 0.248906 0.992162 -0.414390 0.795596 0.346827 -1.281795 -0.471745 0.897602 0.642001 -0.636696 0.514247
8 -1.907832 1.408461 -0.544498 1.693842 0.046300 0.171989 0.097294 2.005370 -1.361047 1.094191 -0.212077 -1.075069 -1.328656 -0.088269
5 -0.835347 0.380001 0.750910 -1.087150 7.607779 -0.747242 -1.816720 -0.015989 -1.274571 0.938373 -0.283972 -0.931644 -1.720306 -0.964122
9 0.387393 0.600502 -0.689559 -0.997533 -0.425047 -0.466952 -1.001072 1.042721 1.620952 -0.605155 0.757077 -0.133773 0.240334 -0.329888
12 -0.061542 -0.453457 -0.312607 0.629930 -0.300258 -0.048390 -1.219915 -0.900019 -0.234920 0.647357 -0.734383 1.507275 0.507259 0.973672
5 -0.624981 0.140676 0.199605 -0.291793 2.358391 -0.574442 0.443797 -0.893037 -0.912539 0.028403 -0.261449 -0.497571 1.114602 -0.229663
2 -1.064583 6.714932 -0.255567 -0.337941 -0.235410 -0.566603 -0.205795 -0.453654 -1.186927 -0.785830 -0.234509 -0.635977 -0.520297 -0.231840
13 -0.157008 -0.633527 0.082047 0.272389 -0.606874 0.168930 -0.904776 -0.103422 -0.033811 -0.462317 0.181596 -0.766820 2.682008 0.281585
14 0.442672 -0.890676 -0.146253 -1.151439 -0.514809 0.016105 0.856776 -0.881851 -0.659372 -1.071570 -1.520069 -0.754021 -0.083096 6.357603
8 -0.110611 -0.867044 -0.502093 0.283391 -0.645196 -0.630127 0.560859 1.175549 1.071488 -1.098823 -0.324516 0.361898 0.677057 0.048167
3 -1.404855 0.238529 8.661310 0.088246 -1.222039 -0.907651 -0.663139 -0.800903 -0.816385 -0.368835 0.206363 -0.715006 -1.885595 -0.410040
4 -1.263919 -0.404195 0.418280 1.003656 0.455307 0.279959 0.119662 -0.062726 -0.507731 -0.260366 -0.001687 0.236708 0.461735 -0.474682
6 -0.655634 0.656048 -1.373531 -1.676575 -2.725199 18.904613 -1.499533 -1.247344 -2.851509 -3.116031 -1.175912 -1.637356 -1.234490 -0.367548
6 0.132580 -0.268161 -0.584349 -0.539110 -0.447663 2.254344 -0.750334 0.329802 -1.015614 -0.467159 0.092025 0.014132 1.766274 -0.516766
3 0.055781 -0.502725 4.562988 -0.606986 -0.461854 0.656491 -0.876824 -0.184560 -0.486537 -0.734395 -0.540577 0.610581 -0.503975 -0.987408
1 12.015392 -1.028091 0.246220 -2.165112 -1.629957 -2.194811 0.112420 -0.465060 0.970602 -1.536308 -1.584818 0.079142 -1.837167 -0.982452
2 -0.780549 0.659195 -0.447466 -0.214453 0.347724 0.130429 -0.060202 0.348117 -0.457787 0.165524 0.227954 0.008445 0.224869 -0.151799
2 0.928313 1.336939 -0.492294 -0.269466 -0.889548 0.318722 0.280482 0.120189 -0.171573 -0.156296 -1.351109 -0.222674 0.476469 0.091846
6 0.393066 -0.243929 -1.254007 -0.367631 0.602206 1.563670 0.077746 0.295451 -0.106896 -0.255178 0.202314 -0.382824 0.247901 -0.771891
6 -0.322252 -1.085495 -0.757324 -0.398637 -0.256241 10.108543 -1.562738 -0.347817 -1.372919 -1.436036 -0.603157 -0.382304 -0.807243 -0.776381
3 -1.159923 -0.078404 3.214767 0.143347 -0.038530 -0.092888 -0.387204 -0.713563 -0.863788 -0.040585 0.136846 1.473855 -1.904253 0.310325
12 0.769848 -0.337965 -1.084005 -0.237487 -0.753425 3.816939 -1.391776 -0.613779 -2.483591 0.290922 -0.613180 3.973250 -1.038571 -0.297180
1 21.941449 -1.473086 -1.636037 -1.891704 -1.117334 -1.357708 -1.440945 -2.619078 -0.636480 -1.466503 -2.084412 -1.433233 -3.389500 -1.395428
14 -1.134787 0.559167 0.489784 0.000370 -0.390822 -1.984881 -0.068400 -0.204688 0.115846 -0.152443 0.483085 -0.847562 1.020467 2.114864
13 -0.934957 -0.417018 0.282483 0.408885 0.255166 -0.567547 -0.083459 -0.272227 0.121058 0.221103 0.472135 -0.142580 0.633558 0.023401
4 -0.703198 0.185805 -0.051789 0.419124 0.099194 0.167475 0.123313 -0.085014 -0.540848 0.284159 0.386034 -0.011032 -0.532632 0.259410
12 0.972543 -0.875462 -0.842685 -0.213665 -1.628904 0.501180 0.856705 -1.323252 -0.562920 -1.425009 -1.222457 8.055307 -1.238608 -1.052772
1 11.354273 -1.915571 -0.524833 -1.522411 0.162226 -2.003609 1.198469 -1.848311 0.888428 -0.340879 -0.342212 -2.027862 -2.983084 -0.094624
13 0.162433 -0.400131 -0.168150 -0.123395 -0.471107 -0.426165 0.005114 0.285029 -0.342855 0.163972 -0.329349 0.095950 2.208488 -0.659833
13 0.128456 -1.330847 -0.405862 -0.802030 -0.853942 -0.080876 2.626586 -0.858501 0.915858 -0.430874 -0.078307 -0.804973 3.038408 -1.063097
12 -0.559836 -1.302597 0.751787 -0.735766 0.593560 -0.524475 0.780965 0.063486 -1.679935 0.389122 0.959428 1.102550 -0.463973 0.625683
9 -0.787202 -0.103117 -0.261451 0.418212 -0.558222 -0.480327 -0.022352 0.002877 3.123761 -0.613986 -0.453842 0.036939 -0.460363 0.159073
3 -0.923024 -0.950276 17.223746 -1.688716 -0.996515 -1.398017 -1.268552 -0.881017 -1.284101 -1.555158 -0.960843 -1.343323 -1.939251 -2.034953
7 -4.416033 -2.880455 -3.274502 -3.948998 -3.567526 -3.456833 38.915620 -2.567390 -2.251132 -2.864724 -3.302010 -3.246996 -1.617515 -1.521508
11 -0.729746 -0.738328 -0.484578 0.130724 -0.454096 -0.203765 0.695589 0.258088 -1.723086 -0.991413 3.972084 -0.269542 0.401851 0.136220
8 -0.261955 0.886098 0.044775 -1.108399 -0.808180 -0.782810 -1.485113 5.512622 -0.190279 1.237578 -0.672866 -0.939967 -0.934719 -0.496786
9 -0.923462 -1.243358 -0.133050 0.178720 -0.558513 -1.033400 -0.090979 -0.701065 3.939740 -0.941364 -0.384789 -0.799783 1.680928 1.010374
3 0.164267 -0.280817 1.443665 -0.741003 -0.085385 -0.545821 0.852895 0.051687 -0.319629 0.125918 -0.463067 1.148345 -1.006835 -0.344221
6 -0.853086 -0.699029 -0.975914 -0.727429 -1.036361 11.186576 -1.030348 -0.891081 -0.853148 -0.719790 -1.081141 -0.628758 -0.931898 -0.758592
1 11.363712 -0.741607 0.231462 -1.225653 -0.961083 -0.398998 -0.236658 -2.083071 -0.487187 -0.805287 -1.485626 1.443264 -3.222102 -1.391166
1 2.033312 0.137464 -0.344897 -0.615814 0.578220 -0.709894 -0.402893 -0.077423 0.522992 -1.215031 0.256778 -0.274862 -0.012445 0.124495
9 -0.912570 -0.310246 -0.942963 -0.345298 -0.004030 0.015834 -0.598757 -0.468202 5.740817 -0.229363 -1.181226 0.005752 -0.212945 -0.556800
5 0.709359 0.569798 0.089801 0.241058 7.187125 -0.231313 -0.735001 -0.941853 -1.641897 -0.600376 -1.101377 -1.893069 -1.804308 0.152051
5 -0.290422 -1.036891 -0.681574 -0.462014 2.860154 -0.159528 -0.502288 0.391877 -0.321689 -0.372359 -0.792023 -0.507350 2.059097 -0.184989
11 -1.733475 -0.630841 0.901060 0.431191 0.541241 0.656536 -0.068949 0.014943 -1.014326 -0.079675 1.445498 0.251072 -0.596333 -0.117941
1 14.335271 -0.948399 -1.421466 -1.121149 0.239895 -2.500950 -0.983775 -0.510124 -0.973790 -1.221297 -1.188992 -1.385050 -1.141049 -1.179125
1 2.138934 0.693746 -0.372383 -0.920586 -0.341312 1.112882 -1.480023 -1.175682 0.214909 -1.398364 -0.400975 0.244065 1.196476 0.488313
12 -0.233134 -0.438378 0.670939 -0.350834 -0.355384 -0.259464 0.206559 -1.105402 0.352484 -0.984423 -0.304049 3.887640 -0.887102 -0.199452
1 3.113883 0.580912 -0.430751 -0.145640 -0.838420 1.547348 -0.431772 -1.213839 0.140463 -0.576064 -0.647253 -0.864133 0.328583 -0.563317
1 33.277225 -2.975623 -2.834790 -2.400576 -2.992155 -2.971678 -2.101385 -2.248836 -1.707666 -2.931336 -1.909256 -2.537004 -3.100611 -2.566311
1 11.755227 -1.002420 -0.494392 -1.072631 -0.822763 -0.636188 -1.260171 -0.891112 -1.015670 -0.658581 -1.231860 -1.119174 -0.706669 -0.843596
1 19.175426 -2.174632 -1.981204 -1.274664 0.374010 -1.485036 -1.891176 -2.388345 -2.128010 -1.030619 -1.814503 -1.545716 -0.747863 -1.087669
1 15.953876 -2.056939 -1.641179 -2.154715 -1.518553 -1.387629 -1.707101 -1.131016 -1.121672 -1.007273 -1.470059 -1.603055 2.227867 -1.382552
1 25.984425 -1.319793 -2.211561 -2.130149 -2.053190 -1.935778 -1.725171 -2.104708 -1.986150 -2.233086 -1.665831 -1.998737 -2.792895 -1.827376
1 22.059823 -2.292152 -1.912164 -2.173476 -2.233295 -1.899264 -1.107961 -1.469354 -1.901423 -1.830323 -1.671881 -1.098958 -0.963048 -1.506524
1 25.164143 -0.995431 -2.182842 -1.356179 -1.776598 -2.369659 -2.616812 -1.045148 -1.980507 -2.707486 -2.652210 -2.223057 -1.156099 -2.102115
1 24.050078 -3.148286 -1.494586 -1.595770 -0.544331 -2.388921 -2.387921 -2.843814 -0.524822 -1.269431 -0.968742 -2.710587 -1.975671 -2.197196
1 22.241382 -2.099566 -1.589853 -2.026675 -1.457314 -1.463006 -1.654916 -1.478163 -0.913024 -2.244946 -1.758464 -2.187329 -2.193989 -1.174137
1 17.776276 -1.117844 -0.814985 -2.212082 -2.122388 -1.889793 -0.784577 -0.721060 -1.690394 -1.350078 -1.671790 -1.280286 -0.051848 -2.069152
1 13.635713 -2.282956 -0.954740 -0.876117 -1.659534 -0.668480 -0.339331 -0.814032 -0.435778 -1.011211 -1.905867 0.225242 -1.211726 -1.701182
2 0.879011 1.521276 0.294977 0.376812 0.514175 -0.144838 -0.189753 0.357648 -1.299753 -0.668362 -0.468434 -0.429101 -1.193000 0.449341
1 15.535340 -2.340881 0.181473 -1.640345 -0.944774 -0.567541 -1.538003 -1.292092 -1.029086 -1.003720 -2.362952 -1.149479 -1.092966 -0.754974
13 0.244647 -0.048036 -0.373601 -0.391036 0.176147 0.060007 -0.345190 -0.319587 -0.263312 -0.449245 -0.245030 0.116350 1.039506 0.798382
1 25.084139 -2.027601 -2.384516 -1.835042 -0.886325 -2.171005 -2.953340 -1.729953 -0.295033 -1.161783 -2.170924 -2.206262 -3.753311 -1.509042
1 14.994802 -2.004654 -1.396755 -1.219786 -1.709409 -0.844955 -1.166126 -0.752897 -0.332083 -1.196246 -1.694022 0.499202 -1.281340 -1.895732
1 13.087201 -1.504079 -0.871233 0.433291 -0.480333 -2.068880 -0.749999 -1.087013 -1.083109 -1.173128 -0.612000 -0.600088 -2.038963 -1.251665
1 22.158991 -1.865854 -1.784548 -1.910585 -2.283324 -0.691119 0.190275 -2.386920 -2.498604 -2.802468 -1.529339 -1.952226 -0.840530 -1.803750
1 2.604925 -0.991081 0.499379 -0.262113 -0.184413 0.089895 -1.158605 0.310067 -0.391733 -0.646497 -0.065541 0.724122 -0.676182 0.147777
10 -0.312166 -0.313421 -0.109562 0.052649 0.209276 0.220220 0.357673 -0.288474 0.317004 0.645429 -0.587117 0.280573 -0.151069 -0.321014
10 -1.865958 0.371567 1.038759 0.255232 -0.169215 0.148180 1.581433 -0.228045 -1.954367 2.763378 1.110298 -0.829376 -2.155683 -0.066203
13 -0.530545 -0.475804 0.895747 -0.527819 0.027957 -0.758489 -2.021077 1.107316 -1.379589 -0.113390 0.484931 0.644473 2.236120 0.410169
7 -0.268317 0.262922 -0.150637 -0.477503 -0.254727 -0.312756 0.812855 0.354997 0.715473 0.082300 -0.272975 -0.085056 -0.582365 0.175790
14 -1.084254 -0.516916 1.019386 -0.748864 -0.500738 -0.262411 -0.403339 0.103612 -0.659431 0.975052 0.379716 0.289079 0.292605 1.116503
10 -0.352639 -1.040958 0.316428 -0.926717 -0.428976 -0.042826 0.039056 -0.145367 -0.806416 4.053992 -0.813805 0.075281 0.532989 -0.460042
10 -0.656089 -0.581480 0.111344 -0.294430 -0.140413 -0.245206 0.315366 -0.339258 0.965500 2.290177 -0.039024 -0.431160 -0.137838 -0.817490
10 -1.306273 -0.954671 -0.837600 -1.318139 -1.552862 -0.613165 -1.987291 -1.520447 -1.517298 17.427996 -1.108135 -1.766659 -1.697569 -1.247888
1 2.361787 0.212422 -0.603942 -1.862522 -1.040661 1.704103 -1.035659 -0.206561 -1.489689 -0.904153 1.144989 -1.221241 1.118806 1.822321
6 -1.089734 -1.259932 -0.056229 -0.524656 0.255058 1.510729 0.993051 -0.424004 -0.330512 0.688412 -0.086514 -0.567193 0.799986 0.091540
10 -1.133424 -1.419039 -0.821704 -1.293209 -0.170986 -1.484675 -0.728466 -0.825753 -0.366233 10.063686 -0.965364 0.009174 -0.649709 -0.214298
8 -0.191275 -1.608067 -0.115859 -0.561454 0.468543 -0.100863 -0.459965 1.404340 -0.094694 0.784195 0.505145 -0.158489 0.545299 -0.416854
13 0.411372 -0.876483 1.014667 -0.674681 0.157188 -1.398587 -0.611350 0.360797 0.150881 -0.067998 -0.173886 0.049750 1.552274 0.106054
10 -0.997280 -0.117040 0.640045 -0.540812 -0.182757 -1.179120 -0.482126 -0.377610 -0.632871 5.560037 -0.562514 -0.594403 -0.093196 -0.440354
11 -0.285987 0.865377 -0.887700 0.013997 0.223518 -0.246446 0.954398 0.169963 0.820782 -1.124854 0.991896 -1.021208 -0.395213 -0.078522
10 -0.630560 -2.286987 -0.869609 -1.847738 0.230222 -0.647120 -0.211781 0.124662 -0.796426 11.636345 -2.101083 -1.454526 -0.251065 -0.894334
10 -0.119017 -0.732367 -0.012230 0.085749 0.729093 0.158210 -0.683273 -0.868774 -0.289046 2.866184 -0.344004 0.078981 -1.573408 0.703902
10 -1.230128 -0.605244 -0.138200 2.616477 0.001458 -0.296913 -0.819129 -1.085463 -0.806752 5.462765 -0.349542 -1.273537 -1.118458 -0.357335
2 0.149605 0.904942 -1.067323 0.649922 -1.118904 -0.207884 0.513574 0.548948 0.317061 -0.544514 -0.400351 -0.034166 0.714424 -0.425335
12 -0.503056 0.086124 0.158365 -0.385001 0.277944 0.375154 0.392280 -0.454229 -0.523952 0.393940 0.391390 0.751989 -0.795533 -0.165413
6 -0.563147 0.714312 -0.696138 0.025603 0.151184 0.812861 0.118932 0.221636 -0.189435 0.144939 -0.139447 -0.379396 -0.108689 -0.113216
2 -1.315813 10.606577 -0.624200 -1.084944 -0.068142 -1.828871 -0.835613 0.713146 -0.435730 -0.790804 -1.760464 -0.678305 -1.333887 -0.562951
2 -0.039185 0.936989 0.020192 -0.236778 -0.417528 0.226359 -0.155668 -0.377884 -0.389948 0.019403 -0.000801 0.726350 -0.279456 -0.032044
1 0.000000 0.000000 0.000000 0.000000 0.000000 0.000000 0.000000 0.000000 0.000000 0.000000 0.000000 0.000000 0.000000 0.000000
2 -0.891076 10.227726 -0.545747 -0.983064 -0.740605 -0.377039 -0.728710 -0.266597 -0.485098 -0.878491 -1.370434 -0.706120 -1.404607 -0.850140
2 -1.203506 12.470379 -0.742743 -0.499627 -0.320308 -1.762171 -0.873272 -0.251833 -1.762786 -1.373513 -1.354945 -0.447045 -1.307659 -0.570972
2 -1.116498 2.788675 -1.334080 -0.208620 0.238523 0.079815 0.571104 0.188537 -0.721839 -0.409133 1.105054 -1.010174 -0.253772 0.082409
14 -2.224906 0.511071 0.959856 0.073949 -0.095850 -0.603093 0.272393 -0.469805 -0.887810 1.278985 -0.115828 1.131110 -1.542527 1.712452
2 -0.534962 8.487692 -0.471088 -0.823667 -0.414766 -0.188542 -1.063539 -0.827030 -0.431203 -0.648908 -0.854552 -0.741738 -0.919793 -0.567905
2 0.596055 2.780622 -1.517461 -0.496251 -0.683948 1.749438 1.439105 0.654787 -1.449671 -0.810960 -1.051790 0.102169 -1.988545 0.676450
2 -0.004276 12.334337 -1.313125 -0.711855 -0.243300 -0.534626 -1.432453 0.588896 -1.729899 -1.354358 -1.721837 -1.397458 -1.605615 -0.874433
14 -1.457310 -1.585046 0.586412 -1.466348 0.469517 0.622811 0.887057 0.281282 1.422745 -0.494862 -1.307311 0.610173 -0.132835 1.563714
2 0.557184 6.927450 -1.025698 -0.042798 0.687511 -0.157859 -0.937923 -1.066682 -1.010722 -1.511803 -1.518961 -0.194342 0.189081 -0.894438
2 1.015841 2.638266 -1.030064 -0.143531 0.355938 -0.152569 0.390817 0.017882 -0.941388 -0.982911 0.142212 -0.728592 -0.329804 -0.252097
2 -0.433018 8.589707 -0.786722 -0.436252 -0.910682 -0.527638 -0.861353 -0.949457 0.194240 -0.461062 -1.203415 -0.760459 -0.881269 -0.572619
2 1.034566 3.291396 -0.445623 -0.330144 0.651348 0.105908 -0.909743 0.009892 -0.745131 -1.222922 -0.893432 0.359687 -0.623171 -0.282632
2 -1.230976 5.262508 -0.257319 -0.552817 1.565817 -0.641428 -0.102067 -0.509128 -1.809654 -0.915716 1.544369 -1.011806 -0.746743 -0.595040
6 -0.078955 -0.780343 -0.793144 -0.736214 -0.283741 1.613573 1.560252 1.374332 -0.675728 -1.077947 -0.229322 -0.946940 0.029602 1.024575
6 0.063623 -0.034277 0.018110 -0.908595 -0.046060 1.455561 -0.805661 0.494612 0.059092 -0.424632 -0.576953 -0.096654 1.284318 -0.482482
6 0.169797 -1.739415 -0.124614 -0.024221 0.945670 1.477213 1.257647 0.197027 -0.645680 -0.955878 -1.112528 0.265771 0.493155 -0.203946
5 0.159438 -0.000935 -0.059758 0.674436 1.041107 0.074395 0.369424 -1.371280 -0.673181 -0.767961 -0.431181 0.266681 -0.201460 0.920276
5 -0.820049 -1.235912 -0.867011 1.025599 6.982665 -0.250013 -0.195805 -0.489595 -0.792169 -0.869534 -0.105772 -0.951304 -1.073748 -0.357351
5 -0.162410 -0.343156 0.336432 -0.043643 1.629760 -0.630372 -0.305440 -0.154803 -0.385803 -0.142682 -0.218897 -0.205963 -0.088199 0.715174
5 0.009895 -1.167583 -0.890084 -0.642202 8.250469 -0.203813 -1.277522 -0.653479 -0.723672 0.831634 -1.012294 0.721850 -2.332981 -0.910218
6 -0.273422 0.352012 0.536601 0.698224 -0.502384 0.954093 -0.976610 0.666889 -1.114520 -0.501006 -0.403066 0.796330 -0.840945 0.607804
14 -0.428380 0.020807 -0.041371 0.606907 1.336490 -0.178145 0.032639 -0.171179 -1.129152 -0.205959 -0.417691 -0.230174 -0.535634 1.340844
5 0.105166 -1.701767 -1.094379 -0.205894 3.108416 0.444581 -0.652575 -0.115799 -1.147856 0.641188 0.593391 0.164249 -0.756755 0.618034
8 0.063998 -0.637069 -0.768404 -0.039312 0.145217 -0.242432 0.062366 1.174826 0.419830 -0.709185 -0.337026 0.172250 -0.472745 1.167685
3 -0.039022 -0.425420 1.576418 -0.217709 -0.179436 -0.177334 -0.311053 -0.288818 0.033810 0.882977 -0.432127 -0.101945 0.033740 -0.354083
5 -0.984533 1.152422 -0.444173 -0.605120 2.196121 0.716133 -0.307296 -0.382461 0.349528 -0.740600 0.550610 -1.208282 1.202751 -1.495100
5 -2.354629 -2.179778 -2.129972 -0.506109 24.884888 -2.859892 -2.331262 -2.647741 -1.819388 -2.390352 -0.390307 -1.349168 -1.146604 -2.779685
5 -1.289589 -1.497605 -0.409355 1.187423 7.472826 -0.819652 -0.287284 -0.956656 -0.602625 -0.875846 -1.823715 -1.312092 0.937370 0.276801
5 -1.123835 -1.347776 -1.429072 -1.221340 17.536411 -0.858309 -0.920028 -1.883044 -1.332113 -2.077859 -1.062256 -0.767928 -1.542060 -1.970791
5 -0.704527 -1.362374 -0.940801 -0.602475 8.484948 -1.286226 -0.643902 -0.527867 -0.279602 0.090153 -1.072540 -0.555273 0.361111 -0.960625
5 -0.592905 -1.964491 -1.578920 -0.970377 18.170767 -1.764038 -1.595855 -1.950281 0.661344 -1.424391 -1.287989 -2.664716 -1.017361 -2.020787
5 -1.434793 -0.703969 -0.331404 -0.388192 9.285066 0.018670 -0.957525 -1.708442 -1.586462 -0.586457 0.519957 -1.132581 -2.121296 1.127429
5 0.263728 -0.787713 -0.794783 -0.937761 7.627635 -0.928421 -0.021132 -1.031260 -1.170401 -0.658812 -1.008857 -0.678700 0.929998 -0.803521
5 -1.013622 -0.269966 -0.233366 0.351646 2.221235 0.870189 -0.115463 -0.160820 -0.986437 -0.143447 0.380960 -0.163763 -0.597692 -0.139454
11 -0.280603 -0.347447 -0.181374 -0.024644 -0.274555 -0.198067 -0.355314 -0.252119 -0.190896 -0.207808 3.205301 -0.227104 -0.382651 -0.282719
11 -0.604521 -2.212471 -1.159948 -1.948286 -1.520218 -0.859021 -3.452179 -1.149466 -2.479065 -1.763599 21.930271 -1.433267 -2.060569 -1.287662
7 -0.008614 -0.506100 -0.620879 -1.248429 -0.209358 -0.331830 3.474151 -0.779243 -0.466089 0.258613 0.409715 -0.248842 -0.414436 0.691341
11 -0.728393 -0.694953 -0.649238 -0.078455 -0.892677 0.053354 -1.327156 -0.292848 -0.476341 -0.673939 7.695012 -0.755931 -0.356540 -0.821896
11 -0.294209 -0.893904 -0.880303 -0.624704 -0.618732 -0.040429 0.658629 -0.057059 0.004105 -0.480865 3.596759 -0.408702 0.039240 0.000174
11 -0.078945 0.319838 -0.432416 0.545699 0.183286 0.043746 0.296132 0.013169 -1.129419 -0.583742 1.937696 -0.488630 -1.025635 0.399221
11 0.052724 0.458942 -0.235940 0.048176 -0.365561 -0.195891 0.297414 -0.877618 -0.555407 -0.292904 3.995767 -1.114077 -0.833934 -0.381690
1 2.878503 -0.638732 0.322294 -0.823192 -1.139973 0.129276 0.547423 -0.744865 -0.543762 0.237288 0.279738 0.173381 -0.086521 -0.590858
11 0.827548 -0.510423 -0.675429 -0.825712 -0.658819 -0.144740 -0.192472 0.541980 -0.395275 -0.870664 2.626343 0.250816 0.404865 -0.378017
3 0.822047 -0.003106 1.006964 -0.187612 -0.289522 0.068959 0.064404 -0.536572 -0.860122 -0.381973 0.980103 0.562059 -1.400440 0.154812
11 -1.727620 -2.732272 -2.457543 -1.824240 -2.347949 -2.232686 -3.452770 -1.185861 -1.616641 -2.807699 27.760569 -1.674027 -1.818216 -1.883047
11 -1.581208 -0.776214 -1.607642 -1.150231 -0.694895 -0.699507 -1.855630 -0.713989 -0.948091 -1.235738 14.227370 -0.584703 -1.254747 -1.124775
11 -0.745783 -1.858779 -0.900630 -0.958738 -0.850681 -0.876730 -1.697163 -0.721523 -0.334179 -0.787718 11.389858 -0.371699 -0.488883 -0.797351
5 -0.466098 -0.984350 -0.653163 -0.706430 2.066212 -1.334534 -0.237007 0.280608 -0.951279 0.475072 1.701894 1.298169 0.025460 -0.514554
11 -0.714555 -0.888730 -0.521017 -1.075407 0.108688 -0.536253 -0.283331 -0.337570 -0.583654 -0.284780 6.203599 -0.364119 -0.237188 -0.485681
11 -1.467442 -0.635182 -0.641186 -1.418010 -1.338379 -1.198137 -2.875987 -1.517556 -1.542532 -1.113521 16.552569 -0.276603 -0.761833 -1.766200
11 -2.208481 -1.857225 -0.948224 -0.790719 -1.777182 -1.646227 -1.382845 -1.813690 -1.439011 -1.686791 19.475811 -1.937615 -0.840398 -1.147403
11 -1.651559 -1.500638 -1.790683 -0.881009 -1.473773 -1.813638 -1.326782 -0.582373 -1.169216 -2.099260 17.222913 -1.723314 -0.125128 -1.085539
11 -0.759662 -0.455847 -0.364462 -0.832963 -1.124055 -0.702654 -0.715256 -0.159324 -0.449407 -0.883347 5.822945 -0.185071 0.318025 0.491078
7 0.015560 -0.248988 0.129515 0.146141 -0.147776 0.149355 0.736938 -0.269534 0.564668 -0.237798 -0.305812 -0.009220 -0.195768 -0.327281
11 -1.378901 0.923803 -0.663779 -1.537665 0.219956 -0.851587 -0.210664 -0.233908 -1.279869 -0.862532 7.167766 0.510020 -0.571221 -1.231419
1 0.831411 0.749590 -0.082673 -0.316653 -0.309295 0.213986 -0.747468 -0.326036 0.635480 0.135446 -0.068279 0.244836 -0.880219 -0.080128
4 -0.108883 -0.750215 -0.724582 2.560758 -0.452299 -0.168322 -0.108663 -1.045882 0.421498 -0.690150 0.304914 0.656541 -1.273004 1.378288
9 0.577079 0.963859 -1.517269 0.465600 -0.201902 -1.294660 0.842787 -0.318769 2.023616 0.130476 -0.667462 -0.387606 -0.086588 -0.529162
9 -0.278290 -0.257597 -1.100544 0.610140 1.048153 -0.392548 0.042668 -0.580448 1.126296 -0.621283 0.721040 0.180421 -0.961837 0.463828
12 -0.694595 -0.321318 0.032417 0.223082 -0.485909 -0.493105 0.630782 0.183823 -1.002047 0.230484 0.416938 0.759148 -0.122703 0.643002
7 -5.099032 -4.041143 -4.116807 11.417400 -0.766116 -4.488416 39.556906 -4.757410 -5.041010 -4.362622 -4.632829 -4.380925 -4.875631 -4.412366
14 -0.092822 -0.021891 -0.614740 -0.008590 -0.528819 -0.332278 -0.632111 0.074196 -0.348052 -0.116227 0.590388 0.305359 0.383160 1.342426
4 -0.422905 0.208599 0.610993 3.533514 -1.461638 -0.035176 0.110328 -1.319656 -0.105190 -1.185851 -0.151431 -0.516016 0.896327 -0.161898
5 -0.822923 -1.598449 -0.897709 1.111663 8.694017 -0.146758 -1.019471 -0.633206 0.181277 -0.644595 -1.353501 -0.209533 -1.375181 -1.285631
14 -0.715863 -0.637734 0.643131 0.848467 0.065727 0.047617 -0.343731 0.582677 -0.749524 -0.428729 0.613425 -0.677397 -0.379250 1.131184
4 -0.717037 -0.205552 -0.432705 4.852522 0.532422 0.677948 0.831495 0.081038 -1.713458 -0.812269 -0.703054 -1.255466 -0.628755 -0.507130
14 0.145517 -0.492671 -0.919702 -0.533960 -0.784017 0.607715 0.606133 0.431987 0.606326 0.007048 -0.381035 0.086872 -0.146472 0.766260
4 -0.592552 -0.291418 -1.820036 5.488250 0.384448 0.517432 0.391315 -0.815334 -0.994158 -1.707313 -0.450717 -0.543569 -0.375145 0.808797
4 -0.837158 0.111228 -1.339588 3.997126 -0.118884 0.985875 -0.320056 -0.580100 -1.447389 0.473126 0.690835 -0.338712 -0.825029 -0.451273
2 -0.477365 1.638925 0.493866 -0.280419 0.114550 0.947458 -1.518596 0.360091 -2.296866 0.527724 1.339245 0.220643 -1.251016 0.181761
4 -0.457024 -0.290421 -0.274621 1.722348 0.196035 -0.157039 -0.202582 -0.536852 -0.119375 0.218097 -0.131507 0.272089 -0.201524 -0.037624
9 -0.634947 -0.353233 0.827536 -0.593008 0.091076 -0.895051 1.106176 -1.101285 4.007748 -0.633145 0.007382 -0.927151 -1.021905 0.119805
4 -0.878297 0.430150 -1.132519 3.634042 0.520703 -0.005374 -1.683343 -0.983746 0.830231 -0.593031 -0.396157 -0.326185 0.638698 -0.055173
4 0.036091 0.163625 -0.365756 1.500003 -0.548299 0.380982 -0.055643 0.020124 -0.142058 -0.831023 0.052411 -0.571316 0.836571 -0.475712
1 1.476958 0.010830 -0.866972 0.260845 -0.072347 -0.011077 0.106692 0.482273 -1.073878 0.595606 -0.520579 0.037024 -0.442953 0.017577
7 0.349649 -1.068313 -0.832745 -0.496181 0.545587 0.386055 0.634290 0.128190 -0.387493 0.118415 0.468208 0.055226 0.101601 -0.002488
9 0.589913 -0.808094 0.076551 0.284715 -0.133039 -0.556873 0.099116 -0.081173 1.045136 -0.624942 0.395957 -0.745577 0.572546 -0.114235
12 -0.776585 -0.176314 -0.133433 -0.412557 0.216399 0.228481 0.295003 -0.367731 1.118612 -0.951827 -0.323623 1.356887 -0.905511 0.832200
3 -0.815090 -0.629951 4.028726 -0.509887 -0.769681 -0.680554 0.236073 0.728083 -0.056155 -1.222305 -0.542769 0.870286 -0.649572 0.012798
3 -0.221923 -0.394794 2.445691 0.759942 -0.346002 -1.302940 0.161514 -1.039861 -0.090467 0.688601 -0.004056 0.563928 -0.987724 -0.231907
12 0.532097 -1.325034 -0.140294 -0.890882 0.211956 1.045797 0.909870 0.397418 -0.630053 -0.675840 0.545084 1.511992 -1.744878 0.252767
3 -2.021588 -0.742092 5.558475 -1.061846 -0.733128 -0.222088 1.211461 -0.963648 0.683039 0.376450 0.704430 -1.782632 -0.799315 -0.207518
3 -0.019858 -0.093531 4.620454 -0.189412 -0.396212 -0.347592 -0.516175 -0.292948 -0.036692 -0.722036 -0.323266 -0.539154 -0.764105 -0.379474
2 0.580972 0.784523 0.109286 -0.132170 -0.496896 0.270787 -0.126208 -0.494360 -0.466079 0.415252 0.479495 -0.093730 -0.692204 -0.138666
10 0.096549 -0.817446 0.346306 0.465249 -1.014453 -1.970237 -1.124516 2.571232 0.920102 2.733125 0.418267 -0.522339 -1.943568 -0.158271
12 0.074524 -1.588650 1.027650 -0.445462 0.557677 0.945577 -1.089684 -0.410598 0.697012 -0.280277 -0.753802 1.550313 -0.659667 0.375387
3 -0.521140 -0.609108 8.668331 -0.243696 -0.905442 -0.065908 -1.740073 -0.743694 -1.953061 0.182184 0.543151 -0.444258 -1.572073 -0.595212
3 -0.286731 0.257153 3.063736 -0.003813 -0.515609 0.119956 -0.781258 -0.046572 -0.974221 0.236788 0.023118 0.221059 -0.781448 -0.532158
3 -0.672917 -1.181352 10.869735 0.055756 -0.322912 -0.609335 -0.404734 -1.340377 -1.621856 -0.856526 -0.266328 -0.990490 -2.246371 -0.412294
8 -0.996272 0.285592 -0.833597 -0.145783 0.110536 0.393836 -0.359186 0.957230 -0.737751 -0.541899 0.519800 0.764368 -0.326327 0.909453
3 0.280297 -0.631276 4.586405 -0.335148 -0.339245 -0.885406 -0.394716 -0.498420 -0.490523 -0.951864 -0.274197 0.498202 0.076587 -0.640695
3 -1.020800 -0.217747 4.639318 -0.659180 -0.538794 0.085970 -0.473241 0.015305 1.406869 -0.665883 -0.246574 -0.902161 -0.634263 -0.788819
6 0.605592 -0.434286 -2.197929 0.715666 -0.531373 6.959997 -0.646774 -1.276000 -1.631253 -1.245336 -0.333660 0.796487 0.630472 -1.411604
6 0.032412 -0.359292 -0.504937 0.364069 -0.450711 2.736504 -0.783392 0.014410 -0.517711 0.001203 -0.531304 -0.649887 0.843855 -0.195218
6 0.161409 -1.624522 0.394398 -0.885493 0.654643 2.139036 0.271560 -0.400322 -0.179733 -0.271324 -0.144083 0.009235 -0.106897 -0.017908
6 -5.345884 -4.972755 -5.047482 -5.143715 -3.585285 54.957238 -5.315692 -3.119330 -3.963058 -4.436911 -4.007308 -3.350211 -3.168981 -3.500627
6 -0.147054 -0.641095 -0.929808 -0.343300 -0.025754 4.894629 -0.025634 -0.690216 -0.854949 -0.141464 -0.633295 -0.082252 -0.394184 0.014375
6 -3.020737 -2.602396 -1.980859 -1.749850 -2.492923 31.537245 -2.180697 -2.408654 -2.177881 -2.127011 -2.305079 -2.428096 -3.055051 -3.008010
6 -0.112812 -0.961647 -1.884547 -0.600129 0.985234 6.829397 -1.529360 -0.349452 -1.346918 -1.213404 -0.407039 -1.045692 3.028310 -1.391941
6 -3.411613 -1.671314 -1.761342 -2.501300 -1.227298 27.382699 -2.836147 -1.737351 -2.428170 -1.893219 -1.030909 -1.463392 -3.336996 -2.083647
6 -5.345884 -4.972755 -5.047482 -5.143715 -3.585285 54.957238 -5.315692 -3.119330 -3.963058 -4.436911 -4.007308 -3.350211 -3.168981 -3.500627
6 -0.958775 -0.334719 -0.615800 -0.244556 0.657576 2.817547 0.890176 0.488908 -0.409963 0.474671 -0.384581 -1.342900 -0.657739 -0.379845
13 -0.854075 -0.915687 0.343426 -0.236584 -0.628461 1.169687 -0.245054 0.049121 0.301903 -0.239326 -0.361014 0.294708 1.338798 -0.017442
6 -1.015446 -1.745847 -2.061179 -2.194991 -0.976464 16.205679 -1.152189 -1.131623 -1.563684 0.813892 -0.991779 -1.518196 -1.556032 -1.112141
6 0.847842 -2.340238 -2.631680 -1.825977 -2.071824 19.914542 -1.288457 -0.821911 -0.932142 -2.312114 -2.085618 -0.575089 -1.966130 -1.911204
6 -2.553580 -2.511086 -1.995314 -1.832475 -2.749659 29.777229 -2.052514 -2.107449 -1.579308 -2.731009 -2.133732 -1.941530 -2.464728 -3.124844
6 -0.470909 -0.391951 0.518849 0.568414 0.686963 0.765033 0.135951 -0.395528 -0.833725 -0.021968 0.162605 -0.140309 -0.785278 0.201853
6 -1.458526 -2.631654 -1.284532 -2.444656 0.886094 16.864909 -1.586070 -1.020064 -1.716483 -0.875168 0.266998 -2.563203 -1.692647 -0.744997
6 -0.252741 -0.135261 0.464714 -0.417312 0.153474 1.208014 0.437801 -0.232079 0.117572 -0.267255 0.002306 -0.397866 -0.387901 -0.293465
6 -0.504032 -0.662903 -0.258980 -0.661067 0.117833 7.166159 -2.108399 -0.860064 -1.552173 0.229236 -1.288353 -0.062829 -0.046292 0.491865
6 -5.345884 -4.972755 -5.047482 -5.143715 -3.585285 54.957238 -5.315692 -3.119330 -3.963058 -4.436911 -4.007308 -3.350211 -3.168981 -3.500627
2 -1.721718 1.652469 -0.117847 0.694492 0.201693 0.272278 -0.249124 1.133510 -0.891394 -0.720290 -0.273705 -0.021737 -0.184913 0.226285
6 -0.268759 -1.973902 -0.631196 -0.468461 1.723003 4.135076 -1.379931 1.556644 -1.433037 -1.684936 -0.603057 -0.038556 -0.649674 1.716787
6 -5.345884 -5.035110 -4.862263 -5.200196 -3.585285 55.199863 -5.315692 -3.187952 -4.105993 -4.500836 -4.007308 -3.356252 -3.168981 -3.528109
6 -1.209047 -1.068153 0.950597 -0.455803 -0.580429 6.679739 -0.423167 -0.671577 -1.317136 -0.746165 -0.096917 0.702259 -1.723489 -0.040711
6 -0.293230 -1.481075 -0.413073 -0.760993 -0.746255 7.649846 -0.891164 -0.922498 -0.032219 -0.343794 -0.547829 -0.484372 0.242994 -0.976337
6 -0.493870 -0.552093 4.532738 -1.126820 -0.668226 6.082376 -1.005041 -1.192295 -0.125187 -0.299718 -0.770283 -1.152308 -1.951823 -1.277451
13 -0.321840 -0.591939 -1.365436 -0.118334 -0.030242 -1.319280 -0.323316 -0.657818 -0.911932 -0.714584 -1.151549 -0.557642 8.390107 -0.326194
13 0.587065 -0.383236 -0.430770 -0.342524 0.535120 -0.303335 0.030471 0.023201 -0.092922 -0.011183 -0.316920 -0.167373 1.385160 -0.512754
10 -0.951513 0.038135 0.061369 -0.484417 0.305751 -0.156098 -0.698911 0.327569 -1.140241 1.465013 0.168937 0.529053 -0.455622 0.990976
8 -0.531168 -0.451751 0.164632 -0.292287 -0.830595 0.630477 0.182017 0.694650 -0.024647 0.521137 0.075659 0.074553 -0.220125 0.007449
13 -0.037821 -1.214831 -0.042307 1.694060 -0.347794 -0.852644 -0.795831 -0.909245 0.595073 -0.144773 -0.020332 1.001847 1.872116 -0.797519
13 -0.693618 -0.319581 -0.109941 -0.663356 0.012087 -0.326374 -0.308431 -0.268586 -0.285212 -0.329978 -0.537086 -0.679831 5.113863 -0.603956
13 -0.949075 -1.176719 0.223487 -0.357101 -0.619978 -0.138614 0.791417 0.119335 0.839131 -0.135190 -1.026366 0.803838 1.377802 0.248034
6 0.218507 0.520571 -0.241346 -0.293207 -0.164566 0.849806 -1.710963 -0.618750 -0.550761 0.560686 0.362210 0.014872 0.669166 0.383774
13 -0.069269 -0.664425 -0.405126 0.205768 -0.077370 -0.329978 -0.532158 -0.288200 0.789394 -0.179233 -0.698243 -0.075540 2.756792 -0.432412
13 -0.955692 0.210396 -0.923580 -0.335213 -0.166446 0.094248 0.165782 -0.305443 -1.171073 -0.087609 0.078667 -0.703215 5.090402 -0.991224
13 -0.477116 -1.008397 0.428490 0.647481 -0.890358 -1.214173 -0.697081 -1.041877 1.317353 -0.370237 -0.420939 -0.470925 4.964788 -0.767008
13 -0.452731 -0.371944 -0.797466 -0.289274 1.545722 0.281172 -0.701825 -0.544875 -0.094210 -1.186243 0.175093 -0.404803 3.158208 -0.316824
13 -0.778549 -1.406189 -0.361258 0.148363 0.473512 -0.192754 -0.832964 -1.071908 0.612394 0.076683 -0.851082 0.100855 4.252849 -0.169949
13 -0.168512 -0.768431 0.588678 -0.995109 0.278147 -0.139826 -0.373797 0.386350 0.567429 -0.561452 -0.697789 0.170893 2.146967 -0.433547
13 2.409245 -0.136356 -0.439155 -0.709270 -1.024998 -0.288329 -0.228626 -0.978660 -0.428835 -0.641189 -0.497296 -0.155895 3.742220 -0.622857
4 -1.038641 -0.611644 0.533307 2.926092 -0.016395 -0.550003 -0.403945 -0.083434 -0.276432 -0.755632 -0.606816 0.009751 1.605133 -0.731340
13 -0.086080 -0.451995 0.154025 0.658138 -0.172102 0.623769 -1.695841 -0.616635 1.844054 -1.351998 -0.271735 -0.810946 2.824843 -0.647497
8 -1.578987 1.693827 -0.405982 -0.330243 -0.567242 -0.474310 -1.584106 3.379730 -0.830293 0.672801 -0.495314 -0.780539 1.080883 0.219774
13 -0.143754 -0.219809 -0.107347 -0.309354 -0.068552 -0.164872 -0.242600 0.311597 -0.127987 0.235553 -0.360017 -0.062294 1.013770 0.245667
9 0.186482 -0.880143 -0.099519 -0.372903 0.204977 -0.016414 0.192609 -0.448775 1.731130 -0.177052 0.059771 0.461680 -0.446643 -0.395200
13 -0.645725 -0.264004 -0.169161 -0.203554 -1.098352 -0.367489 -0.054479 -0.378165 -0.341890 -0.585861 -0.863898 -0.125344 4.694580 0.403344
13 0.479659 0.922175 -0.793197 -1.087384 -0.436679 -0.807295 -0.338069 -0.598895 0.235666 0.794625 0.278264 0.428354 1.671423 -0.748647
13 0.439864 -1.252088 0.515274 0.589680 -0.449613 -0.357891 0.126535 0.597553 -0.461989 -0.671685 -0.921227 -0.730174 3.011700 -0.435938
13 0.535696 -0.827787 0.458017 -0.185567 -0.115810 -0.247943 -1.330657 0.192391 0.750976 -0.246087 -0.561462 -0.027938 1.592460 0.013710
13 -0.861054 0.653976 0.274501 0.131543 -0.557325 -0.534528 -0.707949 -0.737349 0.980945 -1.058191 -0.809676 0.373662 4.043375 -1.191929
13 0.228853 -0.813726 -0.818273 -0.726636 0.017811 -0.477981 -0.329669 0.261448 -0.377604 -0.764318 0.849599 -0.460757 3.281712 0.129542
7 -3.014927 -3.854057 -2.932964 -3.473603 -3.614616 -3.886795 42.372478 -2.797666 -2.877289 -3.273180 -3.059208 -3.190171 -2.974800 -3.423205
7 -0.121115 0.365551 -0.275915 -0.452859 -0.143585 -0.336140 2.300106 -0.130831 -0.221558 -0.374884 0.303627 0.035567 -0.161121 -0.786844
7 -4.030152 -3.467898 -3.313709 -4.095435 -3.394745 -3.242425 41.892047 -3.949045 -2.626607 -3.260784 -1.574604 -3.182590 -2.585106 -3.168948
5 0.639611 0.663975 0.167023 -0.918914 1.585012 0.751167 -0.450237 0.495127 -0.847245 -0.747990 -0.317126 -0.709481 -0.640953 0.330031
7 -0.242078 -1.044514 -0.782189 -2.194589 -0.682306 -1.155031 14.108775 0.878427 -1.902309 -1.461794 -1.561546 -1.408446 -1.682434 -0.869967
7 0.120575 -0.424120 0.358598 0.494362 0.240278 1.086246 2.532317 -1.154329 -0.065942 -0.447339 -1.259959 -0.004686 -0.032373 -1.443628
7 -3.874355 -3.140662 -3.496337 -3.019765 -3.183458 -3.236782 44.001574 -3.478475 -3.581591 -3.077860 -3.502560 -3.668979 -3.245909 -3.494840
7 -1.414485 -0.831793 -0.212444 -0.354486 1.480365 -0.811372 2.778216 0.042778 -0.455187 -0.034631 -0.562736 0.008831 -0.057490 0.424434
7 -0.642756 -1.216149 -0.924701 -0.659108 -0.388358 -0.468501 7.804583 -0.393007 -0.772944 -0.478265 -0.865677 -0.303251 -0.441497 -0.250369
7 -0.571554 0.384245 -0.471345 -0.349326 -0.800925 0.875465 2.526514 -0.745547 -0.383673 -0.883649 -0.084770 -0.547413 1.395220 -0.343242
7 -3.427674 -3.105136 -3.267528 -3.464694 -2.682527 -3.563846 41.360136 -3.259584 -3.394907 -3.192304 -3.311407 -3.487640 -1.717650 -3.485240
7 -2.874676 -2.826395 -3.551971 -3.747995 -2.363468 -3.611065 39.576829 -3.556732 -3.573494 -2.932855 -2.733798 -3.414111 -3.478683 -0.911586
7 -3.925378 -4.122907 -4.555368 -5.014994 -5.746577 -3.800715 59.345537 -3.842104 -4.033534 -4.925613 -5.026140 -4.369379 -4.292794 -5.690035
7 -2.689749 -3.654913 -2.737270 -3.810289 -2.178469 -3.444352 41.646781 -3.507106 -3.151382 -3.638324 -2.898437 -3.433860 -3.079579 -3.423051
12 -0.159448 -1.090140 1.200016 -0.797536 -0.043387 0.649545 -0.872723 -0.438057 -0.117956 0.574624 -0.339294 1.827084 -0.499495 0.106766
7 -3.263117 -3.505357 -2.977077 -3.147964 -2.988764 -3.209219 42.244754 -3.561946 -2.494335 -3.573368 -3.880543 -3.183954 -3.554692 -2.904418
7 -5.004497 -4.640491 -4.719863 -4.615506 -4.939785 -4.623652 59.510371 -3.766886 -4.532321 -4.805592 -4.985316 -3.564636 -4.219596 -5.092231
7 0.122967 -1.236817 0.395509 -0.137380 -0.489338 -0.710304 3.749274 -0.560757 -0.093366 1.059955 -0.825581 -0.399452 -0.006808 -0.867904
7 -4.396193 -2.669801 -3.374641 -3.182933 -2.848084 -3.701483 43.100472 -2.778374 -3.929057 -3.269455 -3.309509 -3.400682 -3.117361 -3.122902
11 -1.212728 -1.840407 -0.935736 -0.901246 -0.927835 -0.803344 -1.755100 -0.485778 -0.778824 -1.250019 12.108582 -0.116513 -0.420611 -0.680441
7 -3.726871 -3.137344 -3.601670 -4.056312 -3.467913 -3.352913 48.486107 -3.614902 -4.356923 -3.637614 -3.823344 -3.699939 -4.092897 -3.917468
7 -2.426104 -4.216529 -3.144847 -3.786046 -2.822852 -4.000873 43.923915 -3.442855 -2.578313 -3.155801 -4.604681 -3.547299 -3.468044 -2.729673
7 -3.133758 -3.863538 -4.119531 -4.394982 -3.730466 -4.041784 48.281338 -3.900436 -3.721580 -3.790344 -3.658896 -3.996880 -2.584701 -3.344445
1 2.863433 0.403785 -1.526767 -0.457853 -0.141570 -1.019960 2.745574 -0.108273 -0.899775 -1.231306 -0.338323 -0.128442 0.710516 -0.871040
7 -3.384295 -3.122232 -2.588986 -3.239908 -3.236434 -3.405766 41.345325 -3.139745 -3.067544 -3.326253 -2.985470 -3.540838 -3.461625 -2.846230
12 -1.364755 -0.047787 1.153150 -0.382268 -0.155926 -0.568581 -0.917881 -0.436337 -0.652261 0.211578 0.628203 3.244528 -0.399368 -0.312296
13 0.836178 -1.010038 1.581048 0.467074 -1.441461 -0.215549 -0.915899 -1.272892 -0.044276 -0.628698 -0.828606 1.092299 2.776363 -0.395543
12 0.828974 -0.136248 -0.432822 0.002076 -0.910214 -0.256609 0.123171 0.335626 -0.695768 -0.314509 0.268760 2.296357 -0.338951 -0.769842
12 -0.298854 -0.821935 -0.208267 -0.383528 -0.742454 0.348905 -0.053797 0.024741 0.381537 -0.106770 -0.751303 1.301386 0.802097 0.508241
12 0.937570 0.788795 -0.370122 -0.242991 -0.820402 -0.950894 -0.783594 -0.380379 -0.046237 -0.096024 -0.378684 1.257466 0.904826 0.180671
9 0.074820 -0.775971 0.437785 0.104816 0.104250 0.227629 -0.382247 -0.958610 1.725771 -0.451580 -0.048281 0.178190 -0.920724 0.684153
3 -1.441512 0.699280 6.427313 0.002134 -0.043481 -0.323938 -0.383733 -1.055355 -1.116147 -1.405906 -0.136936 -1.056811 -1.168957 1.004049
13 0.014464 -0.196321 -0.560032 0.037324 -0.225361 0.002402 -0.204064 0.999665 -0.252511 -0.117349 -0.366344 -0.012341 1.110147 -0.229679
12 -1.081086 -0.030728 0.291681 0.462365 -0.273510 -0.188533 0.444213 -0.356337 -0.052132 -0.977809 -0.655065 4.663298 -0.927067 -1.319290
7 0.873753 0.311269 -0.120767 0.686537 -0.051882 0.142079 0.992096 -0.245155 -1.105388 -0.477810 -0.225442 -0.674564 -0.763464 0.658739
10 0.214659 0.008115 0.546973 -0.300248 -0.195381 -0.485068 -0.040495 0.220597 -0.363029 0.956610 -0.513585 0.370918 -0.331257 -0.088810
7 -0.176455 -0.788131 0.038606 -0.876489 1.392342 -0.112913 2.340005 -0.399773 -0.317166 0.067075 -0.607223 -0.503198 0.256874 -0.313553
12 -1.200185 -0.471040 -0.799286 -0.680888 -0.470302 -0.573106 -1.270912 -0.478241 -0.666663 -0.815893 -0.068412 7.634376 -0.208715 0.069268
12 -0.202459 -0.503020 0.201947 0.110550 -0.215064 0.128458 0.051946 -0.533362 -0.333988 0.294310 0.099268 0.859881 0.062622 -0.021090
12 -1.182272 -0.909572 -0.753404 -0.936247 1.407069 -0.411614 0.585282 0.957247 0.010934 -0.424841 -0.353847 2.405246 -0.724209 0.330228
12 -0.027442 -0.172174 0.140399 0.046817 0.018499 -0.221600 0.557816 -0.699294 -1.080982 -0.209067 -0.204401 1.994606 -0.180597 0.037419
5 -1.026935 2.051249 -3.113317 -0.427839 7.565130 -0.207236 -0.688468 1.281741 -2.035770 -1.619427 -2.261657 1.611674 0.066897 -1.196042
3 -0.302756 -0.044779 1.397477 0.202404 0.236916 0.025938 -0.369281 -0.658297 -0.631044 0.343974 0.172986 0.235913 -1.185014 0.575565
12 -0.395480 -1.174075 0.299701 -1.360966 0.597787 0.499878 -0.520868 0.586957 -0.603523 1.153208 -0.166146 1.213790 0.021289 -0.151553
3 0.507061 0.704800 0.816076 -0.306965 -0.749180 -0.929569 -0.207662 -0.498679 -0.121467 0.561656 -0.420127 0.489919 -0.485516 0.639654
14 -0.055009 -1.066839 0.393789 -0.351935 -0.069501 -0.534139 0.288346 -0.183329 0.613757 0.034956 -1.337640 0.665409 -0.146920 1.749054
12 -2.266009 0.136762 0.831189 -0.843459 -0.857946 -0.680132 1.039097 0.854711 -1.004754 -1.345330 -0.368609 6.110316 -2.092161 0.486326
11 -0.790059 -0.265179 -0.052304 -0.580053 -0.490166 0.623768 0.457054 -0.437610 0.563992 -0.125012 1.936546 1.149298 -1.719530 -0.270745
14 -0.400432 -0.666684 -0.538208 -1.316600 -1.032739 -0.810558 -0.356221 -1.080812 -0.430798 0.186272 -0.864551 -0.141788 -1.467106 8.920224
14 0.355656 0.526207 0.284105 -0.446878 -0.805497 -0.366043 -0.329279 -0.838305 0.222454 -0.415018 -0.391308 -0.167554 0.210586 2.160873
14 -1.891476 -0.097263 -0.884761 -1.431724 -0.935605 -0.857253 -0.045180 -0.875392 -1.956750 2.417430 -0.212060 -0.198516 -0.814974 7.783523
14 -1.079836 -0.624936 -0.805420 -0.814264 -0.475596 -2.307888 -0.165427 -1.008842 1.490731 -0.609502 -0.371749 -1.601800 -0.208687 8.583217
4 -1.029724 1.205108 -0.100578 1.824251 -0.294556 -1.534217 -0.549592 0.225821 0.105520 -0.439123 -1.017364 -0.492668 1.276121 0.821000
14 -1.561209 -0.061919 0.035073 0.435839 -0.085666 -0.028603 -0.285557 -0.699090 -1.556384 -0.215614 0.767687 0.321165 -0.075202 3.009479
2 -0.244572 0.999267 0.058372 -0.301082 0.699498 0.518430 -1.111881 -0.302283 -0.018764 -0.795657 0.014237 -0.214343 0.481253 0.217525
14 -0.254358 -0.192112 -0.253004 0.023953 0.468202 -0.638887 -0.045463 0.625003 0.520546 -1.495110 -0.485211 0.769368 -0.718462 1.675536
14 0.288190 -0.077659 0.104297 -0.934759 -1.111406 -1.548206 -1.059183 -1.151153 -0.427471 -0.316154 -0.390012 -0.234411 0.102511 6.755417
14 -0.748821 -1.412996 -0.264140 -0.314730 -0.314798 -0.380759 -0.882082 -0.155445 -1.082093 -0.727667 -1.067215 -1.343829 -0.134011 8.828587
14 -0.422433 -0.250985 -0.211931 -0.710072 -0.265360 0.055988 0.012869 -0.112807 0.871823 -0.756759 -0.537443 0.225281 0.855904 1.245925
14 0.098546 -0.990130 0.553857 -0.008021 0.113547 -0.079426 -0.356217 -0.875174 -0.015000 -0.513365 -0.982280 -0.178751 1.403473 1.828941
5 -0.589185 -0.433422 0.311356 -0.071135 1.075813 0.096822 0.227177 -0.977293 -0.410411 0.619862 -0.141851 -0.363928 -0.412770 1.068965
14 -0.626619 -1.165712 -0.532653 -1.041350 -0.963372 -0.483434 -0.701009 0.358698 0.114731 -1.433682 -0.727499 -0.296469 -0.686217 8.184587
5 -0.501824 0.136727 0.499091 0.691418 2.102156 -0.789965 0.651629 -0.848225 -0.921521 0.131417 0.226783 0.156644 -1.553385 0.019054
14 -0.567421 0.078873 0.080769 0.012933 -0.358432 -0.583195 0.266007 -0.377183 -0.554216 0.381295 0.025270 0.006989 -0.768033 2.356345
14 -0.516834 -0.564960 -0.153545 -0.350121 -0.350366 -0.469093 1.031253 0.023396 0.248913 -0.773405 -0.273013 -0.507036 -0.355539 3.010351
14 0.392125 -0.701530 0.296407 -0.108181 -0.102133 -0.175842 -0.286204 -0.293181 0.290918 -0.374710 -0.216755 -0.130702 0.113695 1.296091
14 -0.909689 -0.628435 0.635753 -1.488123 -1.128267 -0.771769 -1.245806 -0.704680 0.105383 -0.845084 -1.155685 -0.567635 -0.011446 8.715484
14 0.116603 -0.194153 -0.318415 -1.183245 -0.460288 0.955578 -0.943988 -0.696150 -0.440476 0.403539 0.820155 -0.600871 -0.819885 3.361595
5 -0.139415 0.267242 0.269645 0.670059 0.788989 -0.861806 -0.100840 0.019953 -1.039700 0.411562 0.568440 -0.248640 -0.842108 0.236619
14 0.105480 -1.060952 -0.306348 0.142574 0.686531 0.100399 -1.616212 -0.028201 0.059124 -0.419070 -0.722497 -0.634249 1.269103 2.424318
8 -1.409333 1.126374 -0.017432 0.212328 0.845870 -0.297791 -0.192729 2.210743 -0.833239 -0.763188 -0.405806 -0.428872 -0.121568 0.074643
8 0.185460 -0.215441 -0.742862 -0.819612 -1.472263 0.130887 0.163918 7.619988 -0.294156 -1.768927 -1.037730 0.183798 -0.654716 -1.278342
5 0.542073 -1.418905 -0.716179 -1.599589 11.571919 -0.350974 -1.801290 -0.516833 -0.450410 -0.922763 -1.266797 -0.662816 -1.213858 -1.193579
8 -0.245037 -1.020523 -0.219842 -0.350061 -0.675276 -0.751181 -0.001790 6.273413 -0.289862 -0.735892 -0.890785 -0.401428 -0.484697 -0.207040
10 0.440904 -1.631519 0.793739 -0.771028 -0.585165 -0.380438 -0.619096 1.028508 1.096429 1.195356 -0.817948 0.244696 -0.012414 0.017973
1 1.655113 -0.891515 -0.537545 -0.178542 -0.635853 0.005446 -0.867392 -0.411634 0.996235 -0.378741 0.466610 0.630309 0.452965 -0.305456
8 -0.681248 -0.015420 0.368131 -1.593413 -0.330144 1.151231 0.275648 3.733857 -0.413105 -0.506228 -0.682136 -0.747705 0.055077 -0.614543
8 -1.280442 -0.448880 -2.469998 -1.142334 -0.993905 -0.179781 3.904674 5.914235 -1.234090 -0.449540 -1.308216 0.423170 0.022969 -0.757863
8 -0.150372 0.343079 -0.397565 -0.419456 -0.351485 -0.214065 -1.743211 5.402116 -0.825303 -1.440329 0.021184 1.038642 -1.151698 -0.111536
1 1.129183 0.538295 -0.029426 -0.198011 -0.907596 0.229891 -0.238767 0.549074 0.025203 -0.335966 -0.445037 0.554731 -0.912254 0.040680
6 -0.462479 0.527415 -0.122021 0.447269 0.084210 0.921286 -0.495579 0.882400 -1.632107 0.187034 0.553828 -0.463647 -0.634455 0.206844
8 -1.144124 0.400288 1.137482 -1.093708 1.068386 0.750184 -0.103700 4.581230 -0.904903 -1.021324 -1.057688 -0.820825 -2.011230 0.219932
2 -0.759470 1.210450 -1.465107 0.039857 -0.311089 0.540833 -1.479035 -0.020851 0.056363 -0.402732 -0.353486 0.772414 1.144413 1.027440
7 0.278093 -0.169526 -0.329766 -0.241616 -0.252141 0.829920 0.901901 -0.037372 0.065047 -0.089757 -0.060317 -0.485450 -0.138120 -0.270894
8 -0.419901 0.673439 -0.217850 -0.651847 -0.142144 0.467882 -0.607776 2.609910 0.635754 -0.510041 -0.690745 -0.265200 -0.593202 -0.288281
5 -0.494157 1.152316 -0.080194 0.414375 1.418674 -0.082719 -0.280551 0.558689 -0.721181 -0.690471 -1.076810 0.065457 0.249884 -0.433313
13 0.521299 0.013382 -0.346083 -0.336419 -1.162092 -0.091434 0.573377 0.010730 -0.016526 -0.447067 -0.323121 -0.443077 1.747362 0.299667
8 -0.039665 0.093565 -1.074446 -0.022578 -0.550328 -0.376814 -0.130495 1.958050 0.918667 -1.165074 -0.182523 -0.109214 -0.071523 0.752379
6 0.836334 0.895710 -1.085891 -0.048920 0.457504 1.280503 -0.441778 -0.147517 -0.503769 -0.409378 0.067276 -0.787354 -0.370405 0.257686
8 -1.079094 0.185703 0.560453 -1.578854 0.328563 1.195034 0.926419 2.237729 -1.392779 0.579398 -0.440148 -0.468803 -1.219862 0.166242
8 -1.028954 0.612551 -0.166974 -0.405778 0.179095 -0.682245 -0.318054 2.844640 -0.441591 -0.596930 -0.221163 0.302830 -0.038788 -0.038639
8 -0.796719 -0.551274 0.534514 0.767162 -1.015975 1.167759 -1.602199 3.099548 -0.439386 -0.306012 -0.658597 -0.197306 0.339021 -0.340535
11 -0.671822 0.976220 -0.556679 0.604507 0.455169 0.140699 0.824046 -1.781106 -0.302881 0.173659 1.263743 0.220291 -0.413508 -0.932340
3 0.417341 -1.059580 0.641038 -0.169395 -0.044001 0.316695 -0.149807 -0.079595 0.068569 0.241189 -0.375925 0.399714 -0.130788 -0.075455
9 -0.408759 -1.227092 -0.276715 -0.054552 -0.054873 -0.211284 0.693296 0.442783 1.407129 -0.554611 -0.569482 1.085254 -0.405390 0.134296
13 0.240773 -0.009320 -0.037623 -0.234228 0.046194 0.159784 0.055965 -0.325714 0.242323 -0.258221 0.065926 0.005462 0.495339 -0.446661
10 -0.018589 -0.454752 0.534827 -0.455791 -0.090656 -1.111736 -0.331405 -0.596582 0.946595 1.326790 0.362471 0.030121 -0.079850 -0.061444
9 0.577543 -1.431100 0.136058 0.156633 0.735876 0.125166 -0.186638 -0.542578 2.576451 -0.387328 -0.013263 0.078436 -0.668076 -1.157179
13 -0.220062 -0.567145 0.971186 -0.776249 -0.476912 -1.059728 -0.240062 0.297853 0.734769 0.433915 -0.607080 -0.439747 3.337123 -1.387860
13 0.162013 -0.306800 0.878205 -0.900334 0.236649 -0.582453 -0.172817 -0.690992 0.353245 0.284408 -0.396692 0.676414 1.437279 -0.978125
6 -0.059200 -0.504090 -0.006837 -0.107071 -0.220297 0.526527 -0.152446 -0.242984 0.391421 -0.011183 -0.227148 0.369358 0.028666 0.215284
3 -1.135730 0.048224 0.902568 -0.021065 0.203040 -0.068128 -0.322982 -0.569908 0.889961 -0.123227 -0.222553 0.260477 -0.526671 0.685993
9 0.977712 -0.975734 0.077888 -0.265351 -0.373678 0.030430 -0.270813 -0.021978 3.059408 0.118177 -0.106271 -0.723905 -0.362490 -1.163394
9 0.118861 -0.721624 0.175378 0.079740 -0.134361 -0.205221 -0.245270 -0.348036 1.721881 -0.349482 -0.010837 0.037053 0.269551 -0.387634
9 -0.967384 -0.548968 0.747386 -0.345899 -0.114541 -0.028680 0.254937 -0.279086 1.231138 0.193613 -1.120906 0.330714 -0.322531 0.970206
9 0.369304 -0.853995 0.663176 -0.489082 0.469272 0.573982 -0.417707 0.599961 0.943653 0.211925 -0.722924 -0.293457 -0.682383 -0.371726
5 0.746604 -2.098249 0.062445 0.599544 0.790914 0.209186 -1.024429 -0.716994 0.702017 0.454158 -0.355794 0.304247 0.733645 -0.407295
14 0.280679 -0.186230 0.313789 0.610056 -0.561346 0.200970 -0.034411 -0.218775 0.323158 -0.288157 -0.614608 -0.599351 -0.313738 1.087963
5 0.727791 0.699016 -0.298234 -1.059107 0.839017 -0.589383 0.760385 -0.155588 0.232128 -0.162473 -0.929639 0.403760 -0.003727 -0.463948
14 0.557617 -1.012227 0.105946 0.852139 -0.206655 -0.827680 -0.658888 -0.267001 -0.895135 0.813493 -0.185407 -0.049593 0.454153 1.319237
4 0.577225 -1.596452 -0.645117 2.630723 -0.463586 -0.438464 -0.475149 -0.219748 1.309139 -0.697998 -0.647247 0.300559 0.845435 -0.479321
14 0.422779 -0.776045 0.647868 -0.522292 -0.200285 -0.029885 -0.642719 -0.458141 0.731809 0.223903 -0.502750 -0.215420 0.497437 0.823741
