7 -1.939585 -2.201202 -1.967982 -2.029239 -1.803195 -1.961987 13.915207 -2.302754 -1.641579 -2.175164 10.346545 -1.913890 -2.221606 -2.103570
14 -0.047885 -0.256931 0.033930 -0.413069 -0.085149 0.167087 -0.128632 0.532592 -0.109101 0.057505 -0.154787 -0.111013 -0.158671 0.674123
9 -0.371786 -0.516560 -0.170304 -0.132624 0.082207 -0.228617 -0.429432 -0.317097 1.833169 0.156377 0.160102 -0.281453 0.468296 -0.252278
1 5.108999 -0.329588 -0.561785 -0.349798 -0.367316 -0.442950 -0.597923 -0.246837 -0.333679 -0.339543 -0.501137 -0.312867 -0.350551 -0.375026
6 0.265602 0.151859 -0.222902 0.111294 -0.080601 0.848124 -0.809150 -0.053734 -0.240901 -0.005444 0.178874 -0.031899 -0.444358 0.333235
1 0.973038 -0.164515 -0.073163 -0.115142 -0.084516 -0.130947 -0.058181 -0.087032 -0.018580 -0.086249 -0.088543 0.152472 -0.085686 -0.132956
6 0.198828 -0.099904 -0.045399 0.018448 -0.089490 0.723997 -0.146447 0.005427 -0.168696 -0.316480 -0.137065 -0.104214 0.176703 -0.015709
2 -0.285723 0.341321 0.094736 -0.035419 0.206504 0.140524 0.211712 -0.221034 -0.132414 -0.110449 -0.076128 -0.036810 0.070231 -0.167051
5 -0.842752 -0.655691 -1.042742 -0.528390 5.950720 0.646560 -0.594613 -0.347289 -0.599004 -0.497338 -0.612835 0.566791 -0.638427 -0.804989
5 0.110573 -0.817959 -0.244775 -0.433686 3.528069 0.084878 -0.751679 -0.485577 -0.313187 0.167551 -0.385549 -0.006774 -0.489713 0.037827
10 0.337617 -0.071823 0.125784 -0.600124 0.081465 0.167390 0.020002 -0.197494 -0.546652 0.546456 -0.123556 0.078288 -0.119656 0.302305
3 -0.177180 -0.420992 1.345544 0.056933 0.613214 -0.216350 -0.374520 -0.318738 -0.086456 -0.172097 -0.303351 0.054054 0.078789 -0.078850
3 0.179717 -0.255108 3.279967 -0.438276 -0.380926 -0.088095 -0.355204 -0.273564 -0.214917 -0.283529 -0.112699 -0.599232 -0.444555 -0.013579
4 -0.471913 0.104114 -0.075440 0.344985 0.141909 -0.036226 0.329014 0.017175 -0.372132 -0.098283 0.235115 -0.079630 -0.246918 0.208229
1 15.179778 -1.159770 -1.045938 -1.046159 -1.124485 -1.437152 -1.229091 -1.118965 -1.254270 -1.157516 -1.078099 -1.211169 -1.449934 -0.867230
11 -0.869996 -0.745671 -0.068626 -0.333041 -0.736274 -0.559024 -0.802075 -0.539923 -0.091430 -0.754342 6.640095 -0.592240 -0.046563 -0.500891
4 -0.011175 -0.273494 0.092922 1.174383 -0.386628 0.311322 0.145969 -0.374261 0.027322 -0.132561 -0.259073 -0.178460 0.024854 -0.161120
12 -0.860304 -0.527784 0.179113 0.333481 0.092182 -0.153906 0.233288 -0.617778 -0.257779 0.695370 -0.043850 1.105702 -0.332316 0.154580
14 0.122188 -0.142545 0.523883 -0.568334 -0.518183 -0.230663 -0.457575 -0.318132 -0.588989 0.182400 0.389297 -0.127348 -0.435926 2.169929
11 -0.336132 -0.667567 -0.418138 -0.921359 -0.538399 -0.452250 -0.609270 -0.184427 -0.470110 -0.620253 6.072449 -0.063853 -0.426278 -0.364413
3 -0.277628 -0.447762 3.340153 -0.228436 -0.257028 -0.212322 -0.272713 -0.399676 0.022691 -0.258191 -0.124817 -0.528912 -0.169575 -0.185784
12 0.249632 0.127097 -0.030355 -0.221709 -0.029515 -0.235700 -0.377934 -0.421389 -0.173695 0.288165 -0.027103 0.385946 0.267037 0.199522
14 -0.238910 -0.362702 -0.232279 -0.262465 -0.026869 0.555749 0.367689 -0.652487 0.020327 -0.097024 0.449804 -0.113267 -0.100590 0.693024
9 -0.305201 0.327397 0.024955 -0.377642 -0.048781 0.009251 -0.070842 -0.236774 0.809895 0.149218 0.193498 -0.256213 -0.161244 -0.057517
14 -0.619171 0.477214 -0.288522 -0.114090 0.287660 -0.175437 0.045329 0.153551 -0.255950 -0.113460 -0.176678 0.093168 0.203348 0.483037
8 -0.578099 0.097065 -0.398474 0.398043 0.231389 -0.056443 0.022515 1.014108 -0.271630 -0.216380 -0.006939 -0.199907 -0.236041 0.200793
14 0.011267 0.025177 -0.114135 -0.243105 -0.062689 -0.207254 -0.072338 -0.297595 0.119061 -0.105404 -0.188480 0.235872 0.042407 0.857215
2 0.201322 2.663603 -0.577485 -0.580737 -0.214465 -0.006959 -0.500901 -0.493533 -0.168889 0.223428 -0.248260 -0.252426 0.421372 -0.466070
1 9.177436 -0.832847 -0.847182 -1.327859 -0.804826 0.237985 -0.897538 -0.469492 -1.055740 -0.644944 -0.326534 -0.823822 -0.889898 -0.494739
10 0.147049 0.271384 -0.267282 -0.381686 0.202125 0.132817 -0.460538 0.049788 -0.216578 0.354557 -0.023625 -0.167345 0.241014 0.118320
5 -0.234361 -0.434718 -0.213025 -0.071692 3.440638 -0.323026 -0.285307 -0.238661 -0.258454 -0.264245 -0.215886 -0.318619 -0.249980 -0.332663
6 0.290930 -0.339091 -0.080497 -0.254145 0.060758 0.585640 -0.219865 0.019209 -0.301806 -0.085583 0.051585 -0.244501 0.227963 0.289403
6 -0.056744 -0.536364 -0.196568 -0.698723 -0.178933 1.979086 -0.354009 -0.120870 -0.112464 -0.123274 -0.401224 -0.069010 -0.075548 0.944645
5 -0.268155 0.398454 -0.489014 -0.017320 0.818460 -0.054121 -0.502744 0.011866 -0.413717 -0.318526 -0.264861 0.473297 0.097539 0.528842
7 -1.023377 -0.930544 -1.524351 -1.105230 -1.023070 -1.451709 15.696197 -1.302151 -1.655237 -0.876512 -0.923680 -1.106249 -1.543534 -1.230554
14 -0.022228 -1.063180 -0.808207 -0.413886 -0.583456 -0.177534 0.196508 0.165930 -0.789932 0.324139 -0.376250 0.027825 -0.010558 3.530828
2 0.036921 0.477101 -0.100145 -0.139135 0.129750 -0.117135 -0.024139 -0.223850 -0.082363 0.155570 -0.004855 0.031294 0.066720 -0.205733
2 -0.818143 3.501492 -0.318506 -0.549385 -0.577809 -0.337931 0.086168 -0.592606 -0.580327 -0.273079 1.358010 -0.471669 -0.631626 0.205412
2 -0.271469 2.485537 -0.131867 0.088359 -0.045129 -0.028524 -0.005414 -0.693497 -0.342085 -0.170282 -0.164026 -0.229862 -0.191861 -0.299879
14 0.297278 -0.058990 -0.171709 -0.092955 -0.111915 0.172923 -0.014760 0.010139 -0.473774 0.024788 0.039408 -0.145892 0.039439 0.486021
7 -0.199303 -0.326372 -0.359315 0.139655 -0.030507 0.507071 0.679806 -0.034091 -0.311787 -0.129692 0.169609 -0.247544 -0.004423 0.146893
3 0.484852 -0.164876 1.664791 -0.149222 -0.455630 -0.609110 0.001154 -0.161087 -0.713849 0.298147 0.618675 -0.235028 -0.085015 -0.493802
13 0.013428 0.044911 -0.203263 -0.226188 0.350873 -0.289713 -0.087249 -0.027279 0.088852 -0.097657 -0.060762 -0.031628 0.805880 -0.280205
3 -0.547018 -0.776783 7.779990 -0.673165 -0.534262 -0.543446 -0.528251 -0.543628 -0.476649 -0.504045 -0.698477 -0.641537 -0.698037 -0.614690
6 -0.949146 -0.982108 -0.400565 -0.195446 -0.734591 5.564955 -0.393897 -0.391727 -0.218991 -0.623787 -0.283246 -0.495785 0.479995 -0.375660
12 0.221224 -0.451817 0.093786 -0.355929 0.263901 -0.004412 -0.290713 -0.287657 -0.234547 0.458611 0.268707 0.544721 0.119099 -0.344974
6 -0.148665 -0.472984 0.064665 -0.208898 0.262216 0.915404 -0.464954 -0.224890 -0.771757 0.610305 -0.077885 0.074548 -0.153967 0.596862
13 0.019562 -0.268511 -0.271295 0.248256 -0.032949 -0.042747 0.422403 -0.497866 -0.244933 0.127185 -0.136893 -0.250084 0.976455 -0.048583
11 -0.442777 0.858169 -0.253333 -0.050571 -0.211962 -0.072981 -0.083822 -0.259276 -0.220863 -0.276385 1.681341 -0.186513 -0.302078 -0.178949
13 0.659107 -0.075152 -0.012003 -0.312943 0.052977 -0.186485 -0.274062 0.188745 0.041628 -0.238087 -0.437110 -0.147698 0.857772 -0.116689
14 -0.104976 -0.389586 -0.191907 -0.570472 0.118695 -0.084015 -0.166331 -0.519266 -0.375760 0.534677 -0.216829 0.037273 0.024947 1.903548
1 0.312614 -0.112091 0.032607 0.050825 -0.159435 0.184745 0.016319 -0.281080 -0.089150 0.030873 -0.124210 0.067829 -0.083442 0.153595
14 -0.242506 -0.751616 -0.164402 -0.252320 -0.185939 0.227312 -0.766508 -0.448881 -0.096359 0.049243 -0.210257 0.001861 -0.407555 3.247927
11 -0.766362 -0.990656 -1.299802 -0.853920 -0.632214 -0.945828 -1.750196 -1.214013 -0.891463 -0.812158 11.729474 -0.620180 0.048724 -1.001407
7 0.011410 0.024169 -0.277292 -0.027010 -0.223376 0.049613 1.056726 -0.390147 -0.169903 -0.168380 -0.007745 -0.123673 -0.110395 0.356006
6 -0.390532 0.018398 -0.271000 -0.141080 -0.018130 1.761674 -0.122907 0.044757 -0.316128 -0.232601 -0.001203 0.103404 -0.264013 -0.170641
4 -0.906784 -1.548824 -0.600233 11.925115 -1.167484 -0.953065 -1.133242 -0.677946 -0.722305 -0.714706 -0.724765 -0.954039 -0.977282 -0.844442
4 -0.974820 -1.283256 -0.950168 12.432618 -1.047969 -0.949045 -0.914133 -0.849059 -0.899638 -0.759474 -0.932116 -1.065012 -1.054877 -0.753051
4 -0.662750 0.076245 -0.968349 6.736833 -0.531246 -0.527371 -0.326201 -0.159124 -1.007621 -0.514483 -0.394145 -0.878405 -0.911006 0.067622
7 -1.327715 -0.597123 -1.197352 -1.282600 -1.601525 -0.997090 16.072900 -1.547618 -1.085570 -1.268108 -1.585612 -1.218079 -1.319209 -1.045301
7 -1.721186 -1.198585 -1.500976 -1.584922 -1.511731 -1.851847 18.851923 -1.540909 -1.488554 -1.248273 -1.060211 -1.627717 -0.964931 -1.552083
7 0.589938 -0.412917 0.204072 -0.123286 -0.267270 -0.243430 1.295331 -0.329375 -0.281349 -0.032228 -0.240456 0.017470 -0.006650 -0.169848
7 -1.437038 -1.916217 -1.653201 -1.960702 -1.710531 -1.793264 22.042185 -1.677054 -1.586924 -1.540979 -1.527764 -1.612151 -1.710317 -1.916045
7 -1.264753 -1.193422 -1.221222 -1.372576 -1.238983 -1.447235 15.752996 -1.116554 -1.276584 -1.080004 -1.134292 -1.275400 -1.159571 -0.972400
6 -0.184960 -0.288870 -0.345452 -0.661802 -0.420173 5.404697 -0.233483 -0.377870 -0.624911 -0.291206 -0.436874 -0.461870 -0.635186 -0.442042
9 -0.269219 -0.028611 -0.000366 0.125911 -0.062878 0.016510 -0.074485 -0.034546 0.464941 -0.158717 0.161600 -0.078640 -0.201612 0.140113
10 0.082458 -0.010561 0.262466 -0.340275 0.255570 0.568261 -0.063488 -0.498610 -0.386269 0.836204 0.264307 0.147261 -0.681772 -0.435551
8 -0.262745 0.230137 0.327333 -0.345048 0.112707 -0.108267 0.110460 1.029630 0.080861 -0.716594 -0.119799 -0.186129 0.099980 -0.252526
2 -0.343494 0.663381 -0.542320 0.257509 -0.045804 -0.129943 0.035399 0.521761 -0.171086 -0.101690 0.279032 -0.354577 -0.000447 -0.067719
13 -0.044464 -0.328096 0.119517 -0.042397 -0.453338 0.764174 -0.525017 -0.385282 -0.301727 0.210836 -0.630234 -0.271045 1.827230 0.059844
4 -1.451516 -0.953470 -1.196841 12.348077 -1.185380 -1.070940 -0.168651 -0.809888 -0.425036 -1.085518 -1.207650 -1.206828 -0.334705 -1.251656
4 -1.259278 -1.495432 -0.776199 12.090521 -1.069199 -1.060961 -0.981034 -0.980923 -0.890810 -0.347619 -1.029430 -0.919233 -0.321506 -0.958896
4 -1.259186 -1.352376 -0.810132 12.347566 -1.305902 -0.835849 -0.673518 -1.130791 -0.704935 -0.706858 -0.875012 -0.803271 -1.234181 -0.655554
11 -0.025123 -0.020080 -0.114407 -0.328648 -0.246597 0.110480 -0.431464 -0.067921 -0.173900 -0.147109 1.514734 -0.181274 0.264052 -0.152743
7 -0.127095 0.100995 -0.101399 -0.225404 0.113658 -0.239325 0.635710 -0.009733 -0.304653 -0.001858 0.236841 -0.156817 0.143428 -0.064348
3 -0.107873 -0.209902 0.951284 -0.260795 0.186757 0.140320 -0.294516 -0.306014 0.472117 -0.262096 0.106051 -0.198044 0.098986 -0.316274
4 -1.011696 -0.824563 -0.886234 12.398991 -1.077831 -0.985493 -0.700206 -0.785707 -1.194099 -1.025420 -0.400317 -1.459032 -0.993130 -1.055263
5 -0.685058 -0.559994 -0.478326 -0.407624 6.581350 -0.668165 -0.494549 -0.363755 -0.706879 -0.531624 -0.352147 -0.347459 -0.716257 -0.269513
13 -0.183627 0.080156 -0.162013 0.174146 -0.097226 0.473286 -0.172571 -0.121770 -0.060136 -0.229516 -0.252705 -0.278210 0.652626 0.177558
9 -0.061141 -0.110627 0.065664 0.057920 0.004823 -0.059148 -0.059806 -0.061729 0.151855 -0.064014 0.030683 -0.067459 0.038617 0.134360
11 -0.698278 -0.582474 -0.337014 -0.962682 -0.816875 -0.556406 -0.482844 -0.809051 -0.482375 -1.049376 8.494381 -0.183690 -0.548613 -0.984702
11 -1.213303 -0.607238 -0.882363 -0.737949 -0.778432 -0.693862 -0.800952 -0.708122 -0.847324 -0.920173 10.499246 -0.775271 -0.778869 -0.755389
11 0.474368 -0.259674 -0.878243 -0.244713 -0.137689 0.855057 -0.433739 0.060839 -0.736690 -0.388972 1.795465 0.132887 -0.150160 -0.088736
6 0.102713 -0.277574 0.201353 -0.668133 0.165009 0.671858 -0.072560 -0.298741 0.009886 0.399130 -0.229776 -0.126631 0.053775 0.069693
1 8.503047 -0.418713 -0.675674 -0.905244 -0.621280 -0.781227 -0.672485 -0.667340 -0.820573 -1.064600 -0.797033 -0.791092 -0.250634 -0.037152
13 -0.179159 -0.257497 0.134454 -0.089041 -0.294655 -0.133017 0.104168 -0.251184 -0.506795 -0.310484 -0.078450 -0.276105 2.015214 0.122551
3 0.112071 -0.290855 1.802747 0.195819 -0.112246 -0.276388 -0.530792 -0.458252 0.253304 0.045738 -0.471364 -0.430595 -0.115307 0.276120
4 -0.907020 -0.911281 -1.006776 12.536949 -1.006134 -1.263102 -0.996569 -0.815205 -1.265658 -0.839640 -0.901497 -1.130756 -0.939517 -0.553793
4 -0.492516 -0.404496 -0.779003 12.317379 -0.940348 -0.589129 -1.065600 -0.896015 -1.533852 -1.219819 -0.776159 -1.161929 -1.343161 -1.115352
2 -0.386467 3.114954 -0.149504 -0.053773 0.050445 -0.178025 -0.293301 -0.593109 -0.692455 -0.213111 -0.458654 -0.382761 -0.185974 0.421734
10 -0.255033 -0.144420 0.338211 0.217564 0.038055 -0.245727 -0.147449 -0.329350 -0.112848 0.373224 0.071805 -0.046976 -0.032146 0.275090
1 0.000000 0.000000 0.000000 0.000000 0.000000 0.000000 0.000000 0.000000 0.000000 0.000000 0.000000 0.000000 0.000000 0.000000
2 -0.916168 3.245106 -0.280008 -0.234390 -0.083764 -0.016626 -0.313013 -0.133234 -0.429396 -0.167489 0.098252 -0.444513 -0.284892 -0.039864
13 -0.088972 -0.292525 0.017915 -0.103404 0.160657 -0.073493 -0.199421 -0.324071 -0.489972 0.421511 -0.143812 -0.242293 1.255261 0.102619
1 8.716553 -0.984774 -0.680375 -0.381688 -0.523334 -0.402904 -0.532400 -0.546238 -0.752649 -1.040331 -0.631091 -0.965377 -0.770434 -0.504959
7 -1.634497 -1.547974 -1.711621 -1.763098 -1.654355 -1.679203 21.534317 -1.896351 -1.771504 -1.488877 -1.295980 -1.548469 -1.633731 -1.908657
6 -1.718467 -1.395844 -1.157839 -1.101761 -1.339723 15.874417 -1.486414 -0.735243 -1.024147 -1.414816 -1.123058 -1.233125 -1.074493 -1.069487
4 0.217749 -0.464184 -0.326604 0.335735 0.001810 0.207626 0.115270 0.035004 -0.276386 0.146527 0.056709 -0.045413 -0.138535 0.134691
6 -0.212467 -0.024584 -0.171397 -0.507748 0.375376 0.969250 -1.106963 -0.554416 -0.042110 0.724879 0.245247 -0.453693 0.905727 -0.147100
1 8.848560 -0.653008 -0.827231 -0.788041 -0.646963 -0.438764 -0.758078 -0.775178 -0.828049 -0.477673 -0.531477 -0.935024 -0.936045 -0.253028
3 -0.194965 -0.078843 0.492934 -0.112592 -0.068483 -0.153995 0.257067 -0.136613 -0.350390 0.107538 0.298124 -0.211429 -0.221192 0.372839
10 -0.057710 -0.173358 0.615964 -0.449939 -0.106233 -0.049824 -0.375118 -0.262793 0.308050 1.111838 -0.047781 -0.129495 -0.444028 0.060429
1 0.823958 0.172701 -0.527347 0.080788 0.026243 0.165552 -0.225115 -0.293181 -0.296270 -0.023450 0.048142 -0.219941 0.141781 0.126139
8 -0.075571 -0.246953 -0.045874 -0.352751 0.488716 -0.103012 -0.228018 1.094205 -0.121237 0.019655 0.066995 -0.181323 0.075298 -0.390130
7 -1.320834 -1.255691 -1.034274 -1.222594 -1.151122 -1.325703 14.900274 -1.118926 -1.455263 -1.449085 -1.178686 -1.303545 0.036969 -1.121519
8 0.000000 0.000000 0.000000 0.000000 0.000000 0.000000 -0.005344 0.119856 -0.076074 0.000000 -0.016785 0.000000 -0.021653 0.000000
11 -0.052935 0.138515 -0.061397 -0.316565 0.079921 0.159507 -0.297932 -0.231619 -0.211384 -0.295053 1.443450 -0.153843 -0.125439 -0.075225
10 0.131804 -0.223887 -0.127955 -0.261516 -0.090239 0.085402 -0.476152 -0.174270 -0.333424 1.568512 -0.016079 0.037889 -0.045033 -0.075052
14 -0.011692 0.046058 -0.087031 -0.407987 -0.010140 -0.026626 0.199370 -0.067057 0.215709 -0.215525 -0.250745 0.216076 -0.260581 0.660173
13 -0.220700 -0.335645 0.443585 -0.162589 -0.066179 -0.003610 -0.071135 -0.155206 -0.360985 -0.123464 -0.115578 -0.118333 1.418475 -0.128635
2 3.619649 5.293443 -1.259215 -0.956302 -0.792305 -0.243702 -1.120645 -0.757271 -0.722295 -0.907892 0.090096 -0.968370 -0.569884 -0.705305
6 -0.014635 -0.008104 -0.085384 -0.109439 -0.112812 0.365003 0.022404 -0.007876 0.046870 -0.012781 -0.085404 0.008046 0.112942 -0.118829
2 -0.196336 3.434929 -0.529086 -0.486068 -0.099952 0.001542 -0.493716 0.043922 -0.250462 -0.300912 -0.080496 -0.718454 -0.260926 -0.063986
14 -0.186384 0.096956 -0.039036 0.103226 0.061892 0.018767 0.073984 -0.035148 -0.273987 0.086255 0.119681 -0.012632 -0.172968 0.159394
4 -1.241156 -1.546518 -1.527114 11.869843 -1.538234 4.409812 -1.480215 -1.108837 -1.272437 -1.073767 -1.588636 -1.455358 -1.082948 -1.364434
1 14.954809 -1.221078 -1.160419 -1.094684 -1.200886 -1.233505 -1.166155 -1.271465 -0.843117 -1.133469 -1.016390 -1.152816 -1.273569 -1.187256
1 14.746532 -0.790483 -1.364548 -1.040594 -1.158209 -0.904838 -1.443467 -1.205589 -1.089434 -0.982226 -0.834794 -1.434645 -1.220922 -1.276783
1 9.625962 -0.836440 -0.930344 -1.018471 -0.989810 -0.754955 -0.553830 -0.599479 -0.612627 -0.574837 -0.566039 -0.478760 -0.667015 -1.043354
8 -0.507768 0.707642 -0.316030 -0.648529 0.310164 -0.293212 -0.321519 0.726404 0.564845 0.337933 0.697003 -1.018502 0.155619 -0.394047
4 -1.045728 -1.053048 -1.112013 13.224242 -1.306153 -0.689543 -1.067293 -1.009574 -1.161770 -0.801497 -0.828921 -1.222453 -1.313074 -0.613175
7 -0.095277 -0.195617 -0.226511 -0.058314 -0.102959 -0.092685 0.643211 -0.095617 0.185603 -0.178118 -0.004793 -0.111853 0.088143 0.244786
2 -0.517944 4.259109 -0.396889 -0.248947 -0.509569 -0.173536 0.101843 -0.374247 -0.129924 0.025081 -0.448145 -0.441878 -0.440719 -0.704234
1 1.088847 -0.292667 0.043591 0.067642 0.050620 -0.066357 -0.130968 -0.101827 -0.186038 -0.120245 0.029193 0.080948 -0.254292 -0.208448
10 0.218139 -0.255035 -0.238204 -0.665467 -0.206174 0.390774 0.725948 0.247540 -0.445113 0.884129 -0.181221 -0.366686 -0.016700 -0.091930
13 -0.058746 0.177807 -0.001366 0.041526 -0.333445 -0.358864 -0.116133 -0.301602 0.220719 -0.111407 0.137447 0.150560 0.341634 0.211869
9 -0.084519 -0.354486 0.046394 -0.453767 0.434213 0.449750 -0.438670 -0.297472 1.068535 -0.022406 0.042850 -0.270931 0.084967 -0.204458
9 -0.321762 -0.195347 0.141779 -0.567238 0.067433 0.205454 -0.260325 0.182535 0.725915 0.250575 -0.020578 -0.303100 0.166480 -0.071821
5 -0.192496 -0.652460 0.622613 -0.424535 3.033581 0.479974 -0.165989 0.140677 -0.387628 -0.323297 -0.675530 -0.419966 -0.837634 -0.197309
4 -0.646559 -1.096138 -0.976659 12.663671 -1.260054 -1.006842 -1.111539 -0.781966 -0.907208 -1.127052 -0.925942 -0.952942 -0.873528 -0.997242
4 -1.212059 -0.732977 -0.748768 12.390938 -0.748608 -0.962085 -0.715419 -1.044508 -0.794867 -0.943844 -1.294783 -0.855881 -1.215293 -1.121845
4 -0.860661 -1.098438 -0.781923 13.510594 -1.179639 -1.085594 -1.498172 -1.103724 -1.280433 -0.257045 -0.923701 -0.977917 -1.549728 -0.913617
4 -0.700485 -0.521622 -0.551791 7.174740 -0.575135 -0.621435 -0.550271 -0.412828 -0.677803 -0.452105 -0.442595 -0.536492 -0.688833 -0.443345
4 0.101970 -0.521901 -0.297235 1.042808 -0.155134 0.373969 -0.842217 0.364332 0.149604 -0.027918 -0.435634 -0.062403 0.215765 0.093994
1 8.261101 -0.792388 -0.713066 -0.964928 -0.694899 -0.431175 -1.029019 -0.385989 -0.593822 -0.296719 -0.686184 -0.419203 -0.515713 -0.737995
7 -0.055570 -0.722451 0.104552 -0.319281 -0.192457 0.169631 1.405378 -0.140253 -0.207351 0.060065 0.089121 -0.011569 0.023483 -0.203295
8 -0.127034 -0.487729 -0.301641 0.160215 -0.119199 -0.132571 -0.314452 2.193852 -0.326879 0.024108 -0.164405 -0.262490 0.091642 -0.233418
1 9.471075 -0.854741 -0.768037 -0.725774 -0.619702 -1.217865 -0.996290 -0.820693 -0.506435 -0.913668 -0.626557 -0.755055 0.173466 -0.839724
1 9.364764 -0.714290 -0.660189 -0.041708 -0.802931 -0.881154 -0.648445 -1.096356 -0.478466 -0.888561 -0.714793 -0.802511 -0.667154 -0.968205
3 -0.292589 -0.624443 1.496732 0.516875 -0.363479 -0.140706 0.176038 -0.446098 -0.122525 -0.250298 0.166339 0.085675 -0.010447 -0.191074
3 -0.240867 -0.237340 2.909712 -0.317005 -0.421641 -0.125836 -0.015128 0.225008 -0.021280 -0.179148 -0.377294 -0.427237 -0.270009 -0.501936
1 5.895739 -0.541214 -0.723222 -0.487442 -0.343485 -0.282762 -0.471304 -0.463694 -0.085653 -0.561427 -0.188019 -0.846960 -0.371304 -0.529253
3 -0.387520 -0.378480 6.916097 -0.721877 -0.356028 -0.506419 -0.465100 -0.392166 -0.463249 -0.596848 -0.433236 -0.614530 -0.714837 -0.885807
10 0.022205 -0.277712 -0.422125 -0.431216 0.291376 0.265581 -0.080191 0.274430 -0.496702 0.393709 0.037223 -0.049423 0.083559 0.389286
14 -0.332978 -0.713445 -0.196312 -0.166108 -0.014414 -0.031079 -0.067956 -0.035719 -0.670401 -0.030151 -0.035911 -0.424260 -0.316719 3.035452
8 -0.254200 -0.022330 -0.179983 0.162147 -0.505405 -0.467280 0.765655 2.199567 -0.328752 0.215994 -0.435406 -0.389162 -0.354632 -0.406214
3 -0.047771 -0.495440 3.233340 0.127207 -0.183988 -0.157708 -0.288671 -0.686935 -0.034960 -0.190046 -0.151408 -0.319036 -0.496606 -0.307979
6 -0.706425 -0.491279 -0.515557 -0.443152 -0.696564 6.372478 0.729126 -0.765346 -0.507455 -0.623565 -0.542071 -0.485292 -0.737800 -0.587098
13 -0.105950 -0.599801 0.603725 -0.614674 -0.232960 0.243769 -0.354237 -0.560097 0.111935 0.310115 0.050780 0.159385 0.870689 0.117321
3 -0.350219 -0.634930 5.215067 -0.861576 -0.524553 -0.259706 -0.456775 -0.613101 -0.242934 -0.120262 -0.179956 -0.112470 -0.530299 -0.328287
14 0.011289 -0.062123 0.032527 -0.123157 0.011163 0.061043 -0.123756 -0.069308 0.084234 -0.067106 -0.005299 -0.030997 0.069253 0.212237
11 -0.349230 -0.400985 -0.360731 -0.156215 0.116277 -0.331355 0.522776 -0.028108 -0.216688 -0.140315 1.516691 -0.320298 -0.174027 0.322207
11 -0.514067 -0.143711 -0.327334 0.280482 -0.241770 -0.061822 0.042727 0.102184 0.060581 0.176917 1.207724 0.014703 -0.133318 -0.463295
11 -0.969575 -1.109118 -0.955774 -0.631047 -0.806197 -1.084863 -0.944406 -0.686382 -0.893976 -0.920539 11.469754 -0.943885 -0.863421 -0.660570
11 -0.398245 0.115367 -0.369731 -0.202336 0.178530 0.042030 -0.337078 -0.042122 -0.669075 -0.423453 2.590210 -0.180044 -0.154263 -0.149790
1 9.370783 -0.634066 -0.107292 -0.805145 -0.507383 -0.554373 -0.944098 -0.716107 -0.865591 -0.923652 -1.086400 -0.705868 -0.825785 -0.695024
5 -0.225813 -0.421126 -0.465539 -0.445306 4.630716 -0.231033 -0.208120 -0.610955 -0.644007 -0.049357 -0.186846 -0.680230 0.018879 -0.481264
4 -1.157816 -0.777310 -1.465788 13.327512 -0.567242 -0.784482 -1.061966 -0.989494 -0.889729 -0.806026 -1.429230 -0.762838 -1.339386 -1.296205
7 -1.522923 -1.116906 -1.447765 -1.572309 -1.269555 -1.504918 18.753043 -1.613296 -1.436929 -1.108016 -2.049911 -1.550625 -1.141425 -1.418466
3 0.263386 -0.348238 0.643519 -0.194319 -0.076845 0.409363 0.096829 -0.097355 0.166964 0.481111 -0.401699 0.009073 -1.003903 0.052114
5 -0.540475 -0.028568 -0.413212 0.127542 3.727104 -0.012584 -0.150624 -0.299677 -0.459492 -0.307273 -0.440719 -0.428621 -0.628298 -0.145104
4 -0.579931 -0.929681 -1.129302 12.462119 -0.857288 -0.967390 -0.968423 -0.866684 -0.915363 -0.224732 -1.316705 -1.037973 -1.223485 -1.445164
6 -1.178761 -1.480058 -1.449879 -1.395715 -1.159238 16.578291 -1.243413 -1.247628 -1.228776 -1.082911 -1.529386 -1.177926 -1.227247 -1.177353
8 -0.474126 -0.345924 -0.049741 -0.104368 -0.119297 0.468680 -0.122459 1.179931 -0.212964 -0.162795 -0.374740 0.551012 0.174599 -0.407810
6 -0.927701 -0.903973 -0.716844 -0.781042 -0.788472 11.119582 -0.868404 -0.980492 -0.808198 -0.714836 -0.782938 -0.848867 -1.042477 -0.955338
6 0.067430 -0.180309 -0.254184 -0.176523 -0.224400 1.059835 0.097189 -0.222312 0.516555 -0.362294 -0.172813 -0.052603 -0.161287 0.065715
11 0.326810 0.153710 0.287183 0.044050 -0.280103 -0.043857 0.229685 -0.127527 0.259204 -0.105149 0.355348 -0.315641 -0.510553 -0.273159
13 -0.126977 -0.402991 -0.222331 -0.162786 -0.070701 -0.155367 -0.401970 -0.428630 0.593525 0.029160 -0.295451 -0.466293 2.430943 -0.320132
13 0.389369 0.184737 -0.001806 -0.215392 -0.278275 0.042096 -0.187931 -0.328743 -0.177692 -0.094227 0.143673 -0.088020 0.909555 -0.297341
14 -0.021051 -0.115167 -0.071653 -0.110799 0.003349 -0.006986 -0.105121 0.246033 0.002289 -0.145516 -0.046919 -0.047436 0.013348 0.405630
9 -0.565762 -0.241515 -0.339309 -0.392842 0.541529 -0.091031 -0.031940 -0.154675 1.446156 0.135694 -0.135115 -0.361414 0.123528 0.066697
1 0.790232 -0.631142 0.159673 -0.260325 -0.324551 -0.152862 -0.082350 -0.295069 -0.124940 -0.017107 0.189661 0.682264 -0.012899 0.079413
4 -1.095773 -1.240755 -1.003654 12.250508 -1.113962 -0.964727 -0.895630 -0.588531 -0.647280 -1.117966 -1.048191 -0.959159 -0.920168 -0.654711
14 0.264697 -0.422812 -0.153826 -0.350896 0.078243 0.065606 -0.034241 -0.077849 -0.110462 -0.053128 -0.163085 0.020743 0.390242 0.546767
4 -0.872730 -0.892909 -1.109123 8.198586 -0.681070 0.276817 -0.715215 -1.040235 -1.169831 -0.516631 -0.268991 -0.658589 0.091208 -0.641287
4 -1.164333 -0.807031 -1.568707 14.327451 -1.312316 -0.883896 -0.484436 -0.912174 -1.278275 -1.275330 -0.913396 -1.409014 -1.310051 -1.008491
3 -0.839542 0.053833 7.414308 -0.900359 -0.642672 -0.016935 -0.415530 -0.769045 -0.304633 -0.656072 -0.382713 -0.610192 -0.784821 -1.145629
3 0.627406 -0.113408 0.855057 0.197209 -0.463639 0.112140 -0.372267 -0.043295 -0.403594 0.171670 -0.014185 -0.243004 -0.231431 -0.078657
2 0.093741 0.220325 -0.299991 -0.056472 -0.187091 -0.018970 -0.133549 0.127448 0.159743 -0.055440 -0.088525 0.122830 0.216771 -0.100821
6 -0.143483 0.001180 0.006600 0.004367 0.165325 0.364478 -0.364997 -0.097222 -0.300634 0.319721 0.122517 -0.219902 0.044221 0.097831
13 -0.397086 -0.038226 0.134085 0.324025 0.060955 -0.188205 0.243076 -0.151373 -0.124985 -0.340884 0.023682 -0.045889 0.458259 0.042564
14 -0.097681 0.379227 -0.433421 -0.217572 -0.029066 0.228360 0.013187 -0.110444 -0.119719 0.086466 0.368180 -0.505187 -0.116405 0.554076
14 -0.487989 0.153806 0.036090 -0.547171 0.500819 0.310695 0.338892 0.424067 -0.714238 -0.237952 0.304029 -0.180791 -0.468575 0.568319
4 0.425352 -0.570359 -0.222119 0.553408 -0.155784 -0.112839 -0.003225 0.020465 -0.128654 -0.141761 -0.118510 0.016098 0.351969 0.085959
6 0.320580 -0.429246 0.084141 -0.398778 0.139742 0.561055 -0.398264 0.387568 -0.321043 0.226317 -0.277354 -0.439887 0.221732 0.323437
4 -0.802104 -1.300568 -0.933761 12.155810 -1.216898 -0.862465 -1.075510 -0.454658 -0.509008 -1.298843 -0.894370 -1.168345 -0.977422 -0.661858
4 -0.991138 -1.248227 -0.973382 12.457836 -1.036975 -1.034998 -0.878289 -0.656545 -0.948988 -0.858861 -0.985045 -0.977709 -0.772114 -1.095564
1 0.465742 0.066965 0.091268 -0.131357 -0.154269 0.217218 -0.007262 0.079603 -0.096276 -0.111208 -0.108664 -0.018937 -0.220806 -0.072015
12 0.123079 0.505200 -0.025431 -0.505991 0.288043 0.245058 -0.633187 0.354423 -0.703491 -0.131290 -0.400855 0.986264 0.071024 -0.172846
1 4.675093 -0.170795 -0.093299 -0.359964 -0.977968 -0.112859 -0.632213 -0.411930 -0.309682 -0.405134 -0.252780 -0.200210 -0.549374 -0.198885
14 0.021113 -0.270511 0.018582 -0.197701 -0.221932 0.320257 -0.031685 -0.197357 0.194263 -0.268202 -0.492174 -0.164042 0.065526 1.223864
10 0.493099 0.449325 0.099553 -0.461669 -0.091335 0.211877 -0.176457 -0.449552 -0.637423 0.704373 0.220880 0.005931 -0.614281 0.245679
4 -0.556063 -1.102389 -0.828477 7.479793 -0.803484 -0.541193 -0.401413 -0.547680 -0.590444 -0.157269 -0.719762 -0.300924 -0.809057 -0.121638
5 -0.376374 -0.307952 -0.383535 -0.055709 4.530923 -0.544733 -0.479736 -0.575275 -0.222817 -0.381900 -0.176981 -0.242176 0.037138 -0.820874
4 -0.882321 -1.215636 -1.319524 13.037621 -0.694911 -1.300041 -1.135294 -0.936053 -0.979031 0.064125 -0.999909 -0.992947 -1.602118 -1.043961
14 -0.028678 -0.580445 -0.210315 -0.439247 -0.127016 0.070331 -0.122162 -0.296742 -0.117179 -0.130265 0.024871 -0.591122 -0.057639 2.605608
2 0.113162 0.123017 -0.094374 -0.016569 0.100120 0.042264 0.009043 -0.161568 -0.001221 -0.048879 -0.070398 0.022264 0.003870 -0.020734
7 -0.120465 0.002945 -0.158264 -0.176434 0.079631 0.125517 0.158261 0.087062 0.007148 -0.030904 -0.022881 -0.016033 -0.024141 0.088559
4 -0.974906 -1.335281 -1.093151 12.398568 -1.268811 -0.709892 -0.262705 -0.511215 -0.964115 -0.804358 -1.209557 -1.000158 -0.932131 -1.332289
10 0.323208 -1.116280 0.708484 -0.571723 -0.326161 0.003918 -0.092004 -0.470722 -0.104975 1.451227 0.003121 0.994579 -0.506954 -0.295718
14 -0.067102 -0.413463 -0.172958 -0.378313 0.227321 0.159915 -0.189048 -0.200613 -0.117159 0.531828 -0.072474 -0.401277 0.090404 1.002939
6 -1.084616 -0.683226 -0.596848 -0.540897 -0.774675 9.398181 -1.023176 -0.870631 -0.383831 -0.559259 -0.662462 -0.676642 -0.665783 -0.876135
13 -0.187127 0.107284 -0.143831 -0.160744 0.116340 0.289177 -0.420477 -0.324677 0.227120 -0.126063 -0.024956 0.209229 0.563748 -0.125022
11 -0.049098 -0.086924 -0.175118 0.124023 -0.009740 0.138400 0.061918 -0.243212 0.044474 0.155790 0.179679 -0.160627 0.123050 -0.102615
4 -1.377998 -1.187139 -1.250579 12.985608 -1.245468 -0.122974 -0.966379 -0.623332 -1.232710 -1.219960 -0.966350 -0.781525 -0.964961 -1.046233
10 -0.732553 -0.218683 -0.292012 -0.139974 -0.107148 -0.380026 -0.736783 -0.118667 0.039400 3.842880 -0.408079 -0.424336 0.231270 -0.555287
8 -0.119803 0.248649 -0.144569 -0.339104 -0.204860 -0.353600 -0.510235 2.007683 -0.116674 0.935205 -0.414479 -0.383030 -0.266910 -0.338272
8 -0.309598 -0.060466 0.140441 -0.166617 -0.414264 0.090416 -0.255510 1.699480 -0.075042 -0.085978 -0.250478 -0.288674 0.062893 -0.086603
1 8.465498 -0.906031 -0.572438 -0.078406 -0.359756 -1.101805 -0.826854 -0.849348 -0.353099 -0.818874 -0.571927 -1.222249 -0.353629 -0.451082
4 -0.573485 -0.118753 -0.688671 6.977562 -0.647161 -0.627372 -1.023142 -0.292641 -0.609763 -0.508231 -0.482909 -0.844493 -0.101015 -0.459927
5 -0.129480 -0.546194 -0.147089 -0.304731 3.421565 -0.495015 -0.616382 0.128837 -0.265331 -0.277227 -0.555208 -0.470304 0.587818 -0.331260
11 -0.727209 -0.155022 -0.908971 -0.415743 -0.360384 -0.871391 -0.540297 -0.797610 -0.835879 -0.418309 8.752100 -0.911587 -0.868008 -0.941689
14 -0.039720 0.008022 0.040144 0.161750 0.016135 -0.099212 0.225685 -0.050330 -0.353761 0.004243 0.093555 -0.028087 -0.281115 0.302691
10 0.463822 -0.564215 -0.006522 -0.231074 -0.135498 0.171563 -0.049893 0.030752 0.247002 0.572073 -0.479764 0.151907 0.022527 -0.192678
8 -0.170777 -0.347758 -0.386074 0.102689 0.461409 0.250082 -0.136369 0.727860 0.211168 -0.153410 -0.101934 -0.125935 -0.189428 -0.141524
5 0.288428 0.069924 -0.049286 0.132115 0.559602 0.100834 -0.344886 0.307000 -0.278822 -0.243306 -0.519641 -0.084013 0.284060 -0.222008
4 -0.120009 -0.669775 -0.106114 1.109313 0.490256 0.170577 -0.460767 -0.193815 0.287556 -0.205095 -0.253674 -0.168749 0.206754 -0.086459
1 0.809912 0.052975 -0.307224 -0.333391 0.155560 -0.233195 -0.065857 -0.158612 -0.197453 0.354375 -0.138616 -0.179422 0.193334 0.047613
4 -1.278345 -1.389290 -0.756559 12.666671 -1.098656 -0.892611 -1.168266 -0.596545 -0.710669 -1.016500 -1.052796 -0.906967 -0.975660 -0.823806
7 -0.616394 -0.114784 -0.746004 0.300902 0.224337 0.272100 0.782615 0.165481 -0.481535 -0.049174 0.345243 -0.027900 -0.094722 0.039835
10 -0.129884 0.506226 -0.166539 0.149009 -0.235444 0.239991 -0.630224 -0.340225 -0.038991 0.626053 -0.325643 -0.273819 0.537255 0.082235
1 5.142558 -1.042853 -0.246725 -0.433970 -0.432319 -0.308843 -0.632342 -0.906474 -0.186011 0.079366 -0.482275 0.533452 -0.765083 -0.318480
6 -0.389304 -0.550493 -0.802748 -0.701728 -0.332993 7.166661 -0.558703 -0.493881 -0.534713 -0.822858 -0.302285 -0.813414 -0.551635 -0.311903
3 -0.081375 -0.519839 1.606914 -0.700301 0.286883 0.029647 0.071916 -0.363648 -0.296528 0.029803 -0.200717 0.207276 0.078440 -0.148471
5 0.046212 0.564787 -0.982402 -0.325625 3.552710 -0.659796 -0.383154 0.578944 -0.491974 -0.471715 -0.720888 0.022220 -0.127550 -0.601769
8 -0.553235 -0.370768 -0.424404 0.083893 -0.236703 0.332440 -0.366131 2.975378 -0.434650 -0.404666 -0.326488 -0.001886 -0.220326 -0.052454
14 -0.195130 -0.148164 0.126396 -0.230378 0.188869 -0.227349 -0.046329 0.010555 -0.069112 0.170785 -0.062192 -0.015425 0.118784 0.378691
1 0.509808 0.263434 0.020547 -0.076840 -0.048415 0.041150 0.109970 -0.052314 -0.393193 0.158947 0.199829 -0.150166 -0.277362 -0.305396
6 0.565497 -0.521439 -0.709275 0.090925 -0.307107 2.863281 -0.759168 -0.401394 0.069831 -0.475948 -0.402889 0.354884 -0.009072 -0.358125
12 -0.632289 0.054076 -0.186642 0.422367 -0.105487 0.153196 -0.326394 0.466948 -0.053203 -0.515969 -0.107347 0.594947 0.329605 -0.093808
3 -0.025707 -0.288450 2.675308 -0.129280 -0.145247 -0.132746 -0.153609 -0.272194 -0.235587 -0.087793 -0.364001 -0.454746 -0.174181 -0.211769
12 0.125083 -0.013742 0.037660 -0.184288 -0.081211 -0.165089 0.293516 -0.100122 0.198131 -0.103422 -0.106762 0.406378 -0.173546 -0.132586
14 -0.027831 0.173819 -0.342411 -0.085548 -0.278583 0.384837 -0.434542 -0.203078 0.080805 0.291716 -0.475215 0.304461 0.179712 0.431858
6 0.155565 -0.103757 -0.153947 -0.453007 0.222737 0.709365 -0.282618 -0.107812 -0.535030 0.158057 0.065586 -0.359970 0.239886 0.444946
11 -0.261973 -0.215404 -0.530999 -0.356128 -0.351856 -0.665912 -0.663292 -0.194614 -0.294826 -0.081040 4.406388 -0.344218 -0.447700 0.001573
13 -0.031479 0.151165 0.044884 0.007545 -0.063221 -0.063049 -0.084156 -0.120110 -0.125020 0.127401 -0.077920 -0.125503 0.338348 0.021114
10 -0.108612 0.038937 -0.049535 -0.088112 -0.135635 -0.108141 -0.187001 -0.208425 0.135412 0.315878 -0.020947 0.306122 -0.190402 0.300461
1 15.769395 -1.294294 -1.214108 -1.112043 -1.211491 -1.343841 -1.581786 -1.185133 -1.176742 -1.034041 -1.236064 -1.013838 -1.136713 -1.229301
12 0.036700 -0.032580 -0.277491 -0.238774 0.038942 0.018169 0.246485 -0.363887 0.003656 -0.041308 -0.101590 0.458649 0.135784 0.117245
10 0.098617 -0.445966 0.203675 -0.023422 0.056937 -0.077510 -0.271232 -0.050739 -0.318820 0.555724 0.074032 0.192498 0.302826 -0.296620
3 -0.134212 -0.244492 0.484853 -0.308540 0.064995 -0.052707 0.078650 0.162304 -0.139633 -0.255889 -0.128735 0.143466 0.258646 0.071296
1 8.368083 -0.757642 -0.598945 -0.727073 -0.729724 -0.945380 -0.607339 -0.670371 -0.442654 -0.774249 -0.318960 -0.784548 -0.414550 -0.596646
1 5.767597 -0.734608 -0.525434 -0.623268 -0.136671 0.057394 -0.733718 -0.353843 -0.561427 0.353669 -0.674789 -0.786972 -0.734233 -0.313696
13 -0.333378 0.323173 -0.407585 -0.270666 0.131856 -0.082649 0.026362 -0.297029 -0.177001 0.279106 -0.041518 0.213570 0.447408 0.188352
6 -0.084452 0.142127 -0.280231 -0.567305 -0.143772 3.458805 -0.514333 -0.486846 -0.419352 -0.442058 -0.210776 -0.443515 0.443184 -0.451474
5 -0.755154 -0.115618 -0.215165 -0.683596 3.375860 -0.256428 0.150805 0.471074 -0.802497 0.053973 -0.479425 -0.699428 -0.593787 0.549388
6 0.198680 0.233971 -0.921787 -0.277613 -0.256268 2.879343 -0.686601 -0.007859 -0.292898 -0.077183 -0.463606 -0.525343 -0.082482 0.279646
3 0.088566 -0.607828 0.945999 -0.121354 -0.412348 -0.183194 -0.562400 -0.270660 -0.141179 0.183317 0.480904 0.592502 0.278848 -0.271173
2 0.426865 0.487050 -0.307854 -0.354824 -0.126329 0.434890 0.154830 0.171071 -0.585483 -0.090467 -0.653640 0.414981 -0.222097 0.251006
3 -0.334835 -0.560359 5.215067 -0.892901 -0.511341 -0.271617 -0.474453 -0.592134 -0.302536 -0.140901 -0.160989 -0.135956 -0.521572 -0.315472
10 -0.020962 -0.010584 -0.175070 -0.553484 0.041051 0.368306 -0.223844 -0.352151 0.191337 0.821794 -0.081228 -0.229907 -0.104433 0.329175
6 0.017682 -0.102555 0.085460 0.185434 -0.204779 0.396433 -0.067068 -0.152010 -0.016356 -0.108537 -0.041252 -0.059166 0.132117 -0.065402
3 -0.621686 -0.149141 1.859266 -0.109722 0.219649 -0.325774 -0.080765 -0.237843 -0.084772 0.337325 0.310729 -0.524184 -0.465648 -0.127435
10 -0.423294 0.069712 0.015097 -0.077762 -0.193149 -0.132829 -0.597362 -0.414960 -0.214440 3.275795 -0.467256 0.069559 -0.608675 -0.300435
10 -0.288379 -0.720310 -0.011481 -0.232124 0.512584 0.187176 -0.223272 -0.347253 -0.381657 1.144655 0.115720 0.257644 -0.405336 0.392034
7 -1.282025 -1.307860 -1.334915 -1.376284 -1.414590 -1.319442 17.858568 -1.373358 -1.217539 -1.228423 -2.133592 -1.287206 -1.262522 -1.320813
11 -0.300537 -0.012286 -0.056224 0.196150 -0.205229 0.303916 0.070418 0.122843 -0.513185 -0.332789 0.556007 0.074813 0.103238 -0.007134
12 -0.537978 -0.218679 0.042773 -0.005128 -0.244842 -0.107814 0.136953 -0.134274 -0.255530 -0.071436 0.169460 1.954675 -0.692012 -0.036167
14 -0.186384 0.096956 -0.039036 0.103226 0.061892 0.018767 0.073984 -0.035148 -0.273987 0.086255 0.119681 -0.012632 -0.172968 0.159394
11 -0.884880 -0.955287 -0.439845 -0.675424 0.008651 -0.461669 -0.726834 -0.809990 0.030151 -0.558659 6.501874 -0.394406 -0.371253 -0.262430
11 -1.441967 -0.986942 -0.828075 -1.059988 -0.719207 -0.810650 -1.210094 -0.816434 -1.049893 -0.912861 12.486576 -0.863552 -0.954158 -0.832756
2 0.037881 0.736553 0.215871 -0.488630 0.058669 -0.033625 -0.142963 0.309279 -0.539312 -0.111415 0.177865 -0.233912 0.017605 -0.003865
3 -0.325611 -0.560359 4.965611 -0.874184 -0.385681 -0.256131 -0.427749 -0.557667 -0.294520 -0.106753 -0.202627 -0.140789 -0.513363 -0.320176
11 -0.297325 0.517557 -0.289844 -0.152237 -0.073931 -0.466882 0.304584 -0.006717 -0.470111 0.062912 0.939703 -0.136810 0.161435 -0.092335
14 -0.332942 -0.027101 0.101456 -0.133020 0.099946 0.100705 0.056037 -0.304242 -0.517426 -0.157889 -0.125275 0.117985 0.469089 0.652676
11 -0.399451 0.140221 -0.228947 -0.452523 0.362901 -0.067487 0.016060 -0.160715 -0.469171 0.303999 0.964885 -0.088420 0.171599 -0.092950
7 0.145996 0.230903 -0.485871 -0.084737 -0.116938 0.160605 0.354143 0.010540 -0.114569 -0.325878 0.284662 -0.215207 -0.058827 0.215179
4 -0.075567 0.294657 -0.047840 0.451046 -0.101526 0.000080 0.125114 -0.150414 -0.294733 0.020665 0.087162 -0.120072 -0.132967 -0.055606
10 -0.063205 -0.208532 0.375238 -0.356005 -0.105411 -0.112922 -0.065904 0.059886 0.138084 0.778119 0.507165 -0.120720 -0.379452 -0.446342
11 -0.853726 2.431645 -0.808904 -0.699094 -0.537309 -0.976822 -0.138673 -0.721583 -0.847026 -0.706509 6.100841 -0.963613 -0.844054 -0.435175
10 -0.185891 -0.022665 -0.289764 -0.327998 0.062500 -0.103726 -0.038835 -0.267958 -0.216173 1.666761 -0.052518 -0.038631 0.200247 -0.385349
11 -0.427555 -0.429934 -0.940152 -0.490910 -0.104594 -0.287031 -1.093961 -0.535562 -0.975752 -0.095758 6.998758 -0.384948 -0.922098 -0.310503
11 -0.400542 -0.095334 -0.601529 -0.406165 -0.214686 -0.288479 -0.287751 -0.128358 -0.901619 0.249023 3.968117 -0.364997 -0.140631 -0.387050
6 -0.054729 -0.524413 -0.586613 0.321804 -0.326642 4.387966 -0.427031 -0.535209 -0.640938 -0.530644 -0.415783 -0.081307 -0.463184 -0.123277
13 -0.135346 -0.575191 -0.343120 -0.585752 0.027455 -0.184589 0.041908 -0.195238 0.130600 -0.350276 -0.149852 -0.080973 2.303858 0.096516
5 -0.280436 1.259246 -0.568015 -0.139499 3.655957 -0.395476 -0.392438 -0.021462 -0.513190 -0.494679 -0.485529 -0.649839 -0.339579 -0.635060
2 -0.397703 1.117761 -0.479280 -0.097692 -0.132239 0.115688 0.207193 0.042979 -0.730269 0.151435 0.143634 -0.050656 -0.178440 0.287590
14 -0.095710 0.420362 -0.214143 -0.109968 -0.123763 -0.347945 0.128255 0.180140 -0.253927 0.160388 0.211659 -0.150222 -0.344622 0.539495
14 -0.175269 0.119317 -0.365472 -0.285408 0.074215 -0.281138 -0.121821 0.147912 -0.515228 -0.494957 0.556795 -0.263933 0.369563 1.235426
5 -0.597497 0.041580 -0.265133 -0.039118 0.423172 -0.148627 0.382142 0.155669 -0.465321 -0.137428 0.350967 0.234330 -0.172626 0.237889
8 -0.714785 0.514826 -0.321926 0.545723 -0.007862 0.117395 0.068824 0.745896 -0.482664 0.487836 -0.096860 -0.424528 -0.438218 0.006344
5 -0.234854 0.102379 0.193624 -0.528006 2.895306 -0.214337 -0.674356 0.040259 -0.461426 0.465933 -0.064250 -0.480282 -0.629587 -0.410403
9 0.170456 0.245279 -0.291728 -0.374812 -0.162471 -0.202514 -0.422306 0.412552 0.636356 -0.214388 0.294059 -0.079317 0.112866 -0.124032
12 -0.017594 -0.255612 -0.319897 0.024601 -0.098329 0.162562 -0.459694 -0.342293 -0.138529 0.417469 -0.194396 0.502413 0.222669 0.496631
5 -0.205297 0.062562 -0.028184 -0.182913 0.939523 -0.176361 0.121383 -0.340444 -0.376023 0.093391 -0.122671 -0.164295 0.461071 -0.081743
2 -0.403864 2.505659 -0.218775 -0.412813 0.039907 -0.080345 -0.077390 -0.174389 -0.494576 -0.198695 -0.064292 -0.298638 -0.140609 0.018819
13 -0.110769 -0.255368 -0.034541 0.050479 -0.202883 0.103649 -0.341479 -0.079461 0.003833 -0.161691 0.137048 -0.333954 1.047890 0.177247
14 0.123767 -0.343797 -0.096993 -0.557612 -0.115540 0.111742 0.256003 -0.315294 -0.272486 -0.299149 -0.580917 -0.409751 0.053132 2.446896
9 -0.030103 -0.344873 -0.228466 0.078562 -0.240527 -0.218766 0.225179 0.464369 0.468140 -0.379734 -0.147135 0.065317 0.315806 -0.027767
3 -0.512709 0.028241 3.130445 -0.095864 -0.424832 -0.273515 -0.239331 -0.329283 -0.290841 -0.073818 0.164331 -0.323074 -0.686647 -0.073104
13 -0.392378 -0.219802 -0.036770 0.227576 0.237686 0.188272 0.094421 -0.083492 -0.181382 -0.024088 0.008260 0.038574 0.241369 -0.098246
6 -0.201115 0.178895 -0.702140 -0.808559 -0.913635 7.144353 -0.541080 -0.457269 -1.096951 -1.048575 -0.439887 -0.670450 -0.437873 -0.005715
6 0.098353 -0.138783 -0.205064 -0.154371 -0.149190 0.884724 -0.267270 0.116303 -0.483467 -0.217218 0.000546 0.024515 0.640754 -0.149832
3 0.015243 -0.187069 1.676438 -0.258630 -0.140267 0.328035 -0.395865 -0.053274 -0.239640 -0.179376 -0.232201 0.207143 -0.163428 -0.377110
1 4.523916 -0.370663 0.058967 -0.936217 -0.601074 -0.705873 -0.059517 -0.213534 0.334007 -0.402238 -0.624342 -0.033386 -0.614493 -0.355551
2 -0.287434 0.204219 -0.173989 -0.118362 0.159375 0.085770 -0.037041 0.130745 -0.149584 0.061948 0.072157 0.003053 0.097597 -0.048453
2 0.328333 0.524562 -0.213021 -0.112110 -0.345093 0.140904 0.124285 0.020197 -0.068070 -0.048419 -0.531335 -0.108552 0.231421 0.056898
6 0.127179 -0.081054 -0.496794 -0.191624 0.276265 0.632181 0.015746 0.144207 -0.003700 -0.106547 0.057227 -0.193548 0.120513 -0.300050
6 -0.194422 -0.427495 -0.379682 -0.213307 -0.059721 3.852228 -0.531192 -0.131441 -0.489033 -0.520328 -0.264128 -0.190988 -0.254298 -0.196192
3 -0.429959 -0.052968 1.108103 -0.012599 -0.024427 0.031242 -0.153143 -0.289682 -0.296279 0.009955 0.067422 0.545821 -0.690290 0.186804
6 0.422095 -0.156116 -0.686976 -0.301147 -0.172065 1.589595 -0.565347 -0.251217 -1.097829 0.325297 -0.271242 1.354335 -0.181457 -0.007926
1 8.157228 -0.553016 -0.695486 -0.787487 -0.393465 -0.391140 -0.529881 -1.016842 -0.293204 -0.371710 -0.730695 -0.685220 -1.175305 -0.533775
14 -0.431265 0.189058 -0.008649 -0.148357 -0.086972 -0.679640 -0.021683 -0.122366 0.006346 -0.014662 0.310383 -0.373027 0.444588 0.936245
13 -0.318991 -0.157354 -0.041072 -0.059758 0.120273 -0.106003 -0.059082 -0.112122 0.010007 0.220001 0.215115 -0.113504 0.283294 0.119196
11 -0.231150 0.048356 -0.132186 0.060305 0.054265 0.107255 0.055063 -0.042459 -0.187189 0.156321 0.171301 -0.028775 -0.185157 0.154050
12 0.359905 -0.432004 -0.372935 -0.059951 -0.614161 0.281146 0.254811 -0.467894 -0.147163 -0.495719 -0.431466 3.010405 -0.486013 -0.398961
1 4.272858 -0.687113 -0.365896 -0.700812 0.050371 -0.650437 0.397604 -0.738577 0.346828 0.081357 -0.113513 -0.888695 -1.044526 0.040551
13 0.047234 -0.175995 -0.053884 -0.047123 -0.156908 -0.166307 -0.004124 0.100589 -0.144189 0.060652 -0.128047 0.030893 0.861842 -0.224633
13 0.028863 -0.504875 -0.161614 -0.342429 -0.316507 -0.004160 1.056107 -0.315766 0.340642 -0.201868 -0.031045 -0.331910 1.163869 -0.379306
11 -0.212050 -0.548526 0.166923 -0.413474 0.283145 -0.094009 0.313619 0.008525 -0.600890 0.257720 0.440228 0.302413 -0.120298 0.216673
9 -0.302810 -0.047257 -0.088311 0.138828 -0.189426 -0.158161 -0.041804 0.002801 1.183299 -0.223228 -0.163848 -0.000705 -0.157414 0.048038
3 -0.395621 -0.352389 6.556528 -0.712984 -0.322570 -0.461380 -0.447472 -0.360033 -0.474503 -0.539303 -0.400354 -0.538249 -0.689920 -0.861750
7 -1.649073 -1.088264 -1.333733 -1.552343 -1.374626 -1.284499 14.573979 -0.915203 -0.801412 -1.070621 -1.201256 -1.239896 -0.560446 -0.502608
11 -0.256684 -0.311287 -0.278870 -0.077585 -0.182491 -0.070946 0.287537 0.107554 -0.629421 -0.295786 1.521122 -0.122863 0.200305 0.109413
8 -0.079761 0.343330 0.036432 -0.428114 -0.283251 -0.327048 -0.572412 2.144995 -0.081771 0.476343 -0.278919 -0.397230 -0.330790 -0.221805
9 -0.399303 -0.497537 -0.115896 0.030276 -0.195498 -0.365316 -0.038143 -0.265840 1.475228 -0.330458 -0.067042 -0.342181 0.680475 0.431235
3 0.054998 -0.055004 0.610826 -0.284046 -0.014448 -0.232944 0.349320 -0.009389 -0.139032 0.061550 -0.193896 0.398633 -0.373767 -0.172802
6 -0.326851 -0.265554 -0.354337 -0.271307 -0.359757 4.194966 -0.402169 -0.353783 -0.327524 -0.265558 -0.414259 -0.230453 -0.327109 -0.296306
1 4.194470 -0.302171 0.173876 -0.518409 -0.363735 -0.089461 -0.104418 -0.843842 -0.141767 -0.214022 -0.615823 0.541241 -1.182376 -0.533562
1 0.758696 -0.002242 -0.134668 -0.292358 0.237893 -0.255653 -0.142151 0.014265 0.235221 -0.463029 0.087599 -0.092884 0.046293 0.003017
9 -0.383225 -0.151940 -0.407765 -0.148345 0.007164 0.022056 -0.192963 -0.158880 2.175680 -0.004078 -0.347397 -0.133393 -0.043586 -0.233327
5 0.275530 0.224703 0.024882 0.025458 2.672159 0.037034 -0.273678 -0.389704 -0.593402 -0.108114 -0.393930 -0.845092 -0.617365 -0.038482
5 -0.120793 -0.384060 -0.277237 -0.181953 1.078567 -0.063574 -0.186235 0.175168 -0.137599 -0.135005 -0.289933 -0.180739 0.780868 -0.077474
11 -0.635123 -0.271128 0.203370 0.006940 0.210269 0.397813 -0.052029 -0.000004 -0.407620 0.078774 0.634349 -0.005359 -0.186678 0.026424
1 5.379958 -0.382965 -0.544732 -0.427880 0.097021 -0.964556 -0.378556 -0.196441 -0.369014 -0.446766 -0.426109 -0.511493 -0.414161 -0.414305
1 0.809092 0.289343 -0.154479 -0.373763 -0.162215 0.528139 -0.583508 -0.509975 0.064069 -0.410412 -0.132224 0.014273 0.486208 0.135451
12 -0.101981 -0.172503 0.173588 -0.177656 -0.113865 -0.055705 0.074244 -0.429462 0.132406 -0.367879 -0.097588 1.485457 -0.329776 -0.019278
1 1.185247 0.248622 -0.112214 -0.014388 -0.359026 0.587641 -0.174212 -0.461970 0.039308 -0.216322 -0.256349 -0.362063 0.092941 -0.197217
1 12.482442 -1.159848 -1.108247 -0.917075 -1.116237 -1.123809 -0.751794 -0.844920 -0.643540 -1.067005 -0.686524 -0.943631 -1.147842 -0.971969
1 4.395064 -0.404928 -0.229125 -0.474727 -0.297027 -0.142900 -0.514278 -0.346573 -0.398228 -0.115441 -0.436408 -0.498541 -0.238677 -0.298210
1 7.196870 -0.836334 -0.790258 -0.530281 0.126665 -0.538089 -0.705887 -0.909835 -0.835014 -0.308362 -0.639642 -0.581459 -0.248099 -0.400274
1 6.023075 -0.777454 -0.588625 -0.849198 -0.617978 -0.463065 -0.652373 -0.437181 -0.426645 -0.451060 -0.513484 -0.620498 0.803131 -0.428643
1 9.735260 -0.508566 -0.852076 -0.879019 -0.745266 -0.672427 -0.644036 -0.765007 -0.773371 -0.737332 -0.612676 -0.804042 -1.019318 -0.722125
1 8.310328 -0.969443 -0.889401 -0.965849 -0.760112 -0.596464 -0.420972 -0.572094 -0.708654 -0.403395 -0.543645 -0.574760 -0.225561 -0.679977
1 9.518037 -0.426948 -0.929908 -0.584490 -0.600000 -0.836833 -1.006629 -0.371609 -0.786764 -0.897351 -0.976699 -0.939665 -0.302749 -0.858393
1 8.929871 -1.172672 -0.535945 -0.654810 -0.248111 -0.825783 -0.939985 -1.056251 -0.188698 -0.318295 -0.428792 -1.100852 -0.612368 -0.847306
1 8.319549 -0.860656 -0.614020 -0.804008 -0.474302 -0.563909 -0.598990 -0.575716 -0.357839 -0.831638 -0.592977 -0.857819 -0.798860 -0.388814
1 6.680428 -0.464498 -0.243481 -0.903304 -0.727319 -0.673465 -0.246522 -0.256020 -0.641992 -0.448132 -0.695606 -0.586454 0.026625 -0.820258
1 5.137384 -0.889121 -0.351590 -0.387221 -0.642993 -0.211642 -0.101462 -0.323068 -0.123601 -0.378618 -0.707208 0.090127 -0.441534 -0.669453
2 0.360518 0.545671 -0.037522 0.049362 0.191496 -0.025534 -0.057259 0.122638 -0.489150 -0.159882 -0.084799 -0.224813 -0.434064 0.243339
1 5.759990 -0.920036 0.058076 -0.684486 -0.347781 -0.084596 -0.583327 -0.462026 -0.438610 -0.269736 -0.908812 -0.489393 -0.352143 -0.277120
13 0.064371 -0.037253 -0.126043 -0.142502 0.044992 0.021426 -0.097855 -0.120814 -0.105769 -0.178583 -0.071446 0.022616 0.425409 0.301451
1 9.389596 -0.833551 -0.999771 -0.836886 -0.338060 -0.738693 -1.156937 -0.652874 -0.080648 -0.187189 -0.793674 -0.975929 -1.277141 -0.518241
1 5.650987 -0.775915 -0.530066 -0.466146 -0.672943 -0.289641 -0.423427 -0.278139 -0.096150 -0.466828 -0.641426 0.189559 -0.456345 -0.743519
1 4.950377 -0.626273 -0.432021 0.084067 -0.189262 -0.731347 -0.231141 -0.457113 -0.381420 -0.327706 -0.207494 -0.309221 -0.755169 -0.386278
1 8.235093 -0.751972 -0.746751 -0.760170 -0.880461 -0.238306 0.114051 -0.918385 -0.922610 -0.954537 -0.502155 -0.799000 -0.219123 -0.655674
1 1.018104 -0.422417 0.082768 -0.206576 -0.035726 0.122078 -0.458542 0.050539 -0.164694 -0.217102 0.005148 0.245688 -0.168595 0.149327
10 -0.140725 -0.103369 -0.047702 0.016960 0.083602 0.053156 0.118683 -0.108972 0.145003 0.252760 -0.204973 0.096556 -0.051870 -0.109109
10 -0.710170 0.144856 0.241978 -0.019722 -0.047282 0.066470 0.638812 -0.109105 -0.711927 1.192198 0.502894 -0.433577 -0.780414 0.024990
13 -0.200785 -0.166424 0.320256 -0.235940 -0.014903 -0.077469 -0.757165 0.373909 -0.554100 0.093592 0.214970 0.084000 0.905452 0.014607
7 -0.112211 0.083386 -0.058514 -0.181503 -0.102485 -0.152671 0.312824 0.132467 0.280563 0.036744 -0.094822 0.000985 -0.214119 0.069358
14 -0.429647 -0.214958 0.360549 -0.336677 -0.109061 -0.084456 -0.159625 0.016166 -0.260079 0.390006 0.137963 0.079742 0.122644 0.487432
10 -0.158371 -0.397307 -0.006808 -0.487401 -0.139419 0.096721 -0.092008 -0.104423 -0.318378 1.750235 -0.307984 -0.022378 0.313876 -0.126353
10 -0.224985 -0.223583 0.015157 -0.123898 -0.031893 -0.081867 0.072703 -0.138065 0.291233 0.937474 -0.048294 -0.125871 -0.034427 -0.283682
10 -0.667881 -0.196346 -0.192941 -0.507553 -0.749588 -0.625622 -1.057320 -0.570084 -0.182901 6.654609 -0.657725 -0.190526 -0.396526 -0.659596
1 0.964251 0.011542 -0.332324 -0.765322 -0.305267 0.745670 -0.407381 -0.095823 -0.676664 -0.278448 0.421697 -0.540604 0.478544 0.780129
6 -0.285692 -0.490422 -0.159572 -0.302008 0.133176 0.609665 0.394537 -0.164851 -0.218598 0.368155 -0.023663 -0.244426 0.346860 0.036841
10 -0.472253 -0.487136 -0.410703 -0.511071 -0.010047 -0.516841 -0.359360 -0.287499 -0.160421 3.890924 -0.365107 -0.061004 -0.185682 -0.063800
8 -0.055735 -0.581615 -0.082603 -0.267089 0.170332 -0.007645 -0.199592 0.528267 -0.046682 0.370355 0.180361 -0.059463 0.228183 -0.177074
13 0.115400 -0.387339 0.284767 -0.312941 0.128325 -0.516854 -0.218750 0.137289 0.025944 0.086881 0.029187 -0.091954 0.648521 0.071525
10 -0.341622 -0.034477 0.117008 -0.308527 -0.063434 -0.372886 -0.208329 -0.119370 -0.299926 2.218640 -0.233447 -0.262557 -0.002065 -0.089007
7 -0.124624 0.347698 -0.336054 -0.016353 0.116835 -0.088016 0.365982 0.082578 0.324764 -0.452921 0.338452 -0.370585 -0.131099 -0.056655
10 -0.227602 -0.801942 -0.399741 -0.767932 0.097232 -0.175359 -0.245908 0.085944 -0.320347 4.432978 -0.890414 -0.479415 0.050948 -0.358444
10 -0.052751 -0.221269 -0.254378 -0.159225 0.330860 0.184359 -0.317004 -0.324966 -0.173217 1.316379 -0.071964 -0.117538 -0.489868 0.350583
10 -0.447802 -0.237957 -0.192921 0.881816 -0.026626 -0.095453 -0.364461 -0.437623 -0.249913 2.195040 -0.106388 -0.516554 -0.363769 -0.037389
2 0.070883 0.319469 -0.376446 0.282026 -0.422127 -0.048444 0.211571 0.194524 0.111598 -0.199312 -0.202537 -0.053738 0.309795 -0.197262
12 -0.188755 0.004051 -0.061296 -0.245706 0.090429 0.211268 0.180237 -0.198024 -0.221028 0.248287 0.161069 0.251301 -0.272095 0.040262
6 -0.203804 0.304290 -0.334463 -0.107141 0.044743 0.411893 -0.003404 0.091045 -0.107723 0.221721 -0.070280 -0.252863 0.014696 -0.008710
2 -0.529734 3.966304 -0.295070 -0.472086 -0.026403 -0.585680 -0.414095 0.318859 -0.269731 -0.066662 -0.637048 -0.388528 -0.419964 -0.180163
2 -0.035737 0.359943 0.001159 -0.170687 -0.170750 0.217226 -0.080010 -0.201015 -0.173641 0.143031 0.010058 0.153812 -0.054866 0.001477
1 0.000000 0.000000 0.000000 0.000000 0.000000 0.000000 0.000000 0.000000 0.000000 0.000000 0.000000 0.000000 0.000000 0.000000
2 -0.340655 3.832857 -0.237352 -0.365782 -0.276485 -0.137855 -0.292338 -0.079410 -0.183352 -0.318430 -0.489189 -0.281148 -0.553018 -0.277844
2 -0.451794 4.683222 -0.395619 -0.355427 -0.172917 -0.545122 -0.344368 -0.075509 -0.718080 -0.306027 -0.477900 -0.281889 -0.411175 -0.147394
2 -0.444259 1.059718 -0.474974 -0.133162 0.070779 0.120986 0.225207 0.064974 -0.242540 -0.161950 0.415702 -0.423470 -0.121271 0.044258
14 -0.816471 0.122184 0.226938 -0.145380 -0.029813 -0.051780 0.023100 -0.215648 -0.329492 0.715004 -0.095226 0.367396 -0.504043 0.733230
2 -0.208583 3.180474 -0.191751 -0.317477 -0.158264 -0.060973 -0.411633 -0.315611 -0.140630 -0.230429 -0.300379 -0.301888 -0.349720 -0.193136
2 0.207828 0.970161 -0.684591 -0.357625 -0.167511 0.795741 0.572165 0.189760 -0.498788 -0.166972 -0.469274 -0.063299 -0.657569 0.329973
2 -0.057688 4.683163 -0.509645 -0.344842 -0.138982 -0.118278 -0.588839 0.278062 -0.726237 -0.348346 -0.625428 -0.583463 -0.549454 -0.370024
14 -0.610134 -0.625267 0.192673 -0.649302 0.232395 0.254021 0.289027 0.133659 0.519594 -0.070442 -0.472997 0.143147 0.008626 0.655000
2 0.213978 2.611788 -0.429780 -0.070080 0.308410 0.054387 -0.387061 -0.360226 -0.431786 -0.462647 -0.586039 -0.248646 0.161625 -0.373921
2 0.418018 0.983899 -0.491439 -0.139921 0.135556 0.088767 0.097512 -0.042778 -0.353146 -0.220806 0.056965 -0.379925 -0.070533 -0.082168
2 -0.160564 3.203285 -0.287212 -0.179408 -0.332026 -0.199768 -0.326689 -0.353030 0.067813 -0.159096 -0.447492 -0.269108 -0.341029 -0.215675
2 0.413841 1.229008 -0.242515 -0.189957 0.298566 0.158700 -0.385374 0.049703 -0.288087 -0.355519 -0.332685 0.002769 -0.210808 -0.147640
2 -0.416777 2.000827 -0.206740 -0.353459 0.594414 -0.189653 -0.045520 -0.223072 -0.697491 -0.270924 0.639469 -0.427206 -0.266835 -0.137032
6 -0.084475 -0.344551 -0.273728 -0.314202 -0.077256 0.620566 0.614100 0.558139 -0.252858 -0.349247 -0.098752 -0.420168 -0.008493 0.430924
6 0.015912 -0.001031 -0.051458 -0.373984 0.034654 0.581037 -0.320171 0.212571 0.006655 -0.162770 -0.229766 -0.063925 0.528624 -0.176348
6 0.007048 -0.651098 -0.070257 -0.066570 0.358982 0.655983 0.454950 0.114346 -0.247155 -0.345904 -0.496642 0.098993 0.230890 -0.043565
5 0.028726 -0.083822 -0.031566 0.246522 0.385321 0.076890 0.168601 -0.554825 -0.216863 -0.258953 -0.109154 0.081738 -0.047936 0.315322
5 -0.253208 -0.475935 -0.472663 0.276062 2.614731 0.034566 -0.053251 -0.239916 -0.314490 -0.239076 -0.041291 -0.391501 -0.381142 -0.062885
5 -0.032548 -0.124041 0.130639 0.003584 0.620114 -0.242114 -0.126030 -0.045745 -0.125072 -0.057383 -0.099495 -0.134272 -0.019379 0.251744
5 0.007950 -0.465548 -0.523209 -0.407848 3.123910 -0.023745 -0.493186 -0.195268 -0.217770 0.442555 -0.348004 0.188296 -0.769690 -0.318445
6 -0.038355 0.106234 0.124329 0.139503 -0.191417 0.410953 -0.342722 0.255592 -0.410527 -0.105485 -0.116647 0.254142 -0.298559 0.212960
14 -0.124082 -0.016331 -0.172529 0.084721 0.540336 0.023110 0.011766 -0.108041 -0.444803 0.061066 -0.075734 -0.222412 -0.123911 0.566844
5 0.025773 -0.622677 -0.412574 -0.104741 1.213434 0.144976 -0.242937 -0.082208 -0.448239 0.265835 0.271295 0.006187 -0.278630 0.264506
8 -0.027827 -0.257620 -0.337973 -0.090538 0.079597 -0.018003 0.027845 0.446963 0.140683 -0.145738 -0.089405 -0.069727 -0.093231 0.434975
3 -0.052348 -0.170840 0.605417 -0.112122 0.015171 -0.032351 -0.103260 -0.164260 -0.014703 0.386637 -0.215736 -0.041026 0.013449 -0.114029
5 -0.360625 0.450259 -0.157173 -0.261126 0.823904 0.276029 -0.130806 -0.211216 0.092147 -0.255626 0.253954 -0.445157 0.467593 -0.542158
5 -0.911459 -0.860292 -0.874960 -0.184844 9.364662 -1.047958 -0.809398 -1.009378 -0.650221 -0.826612 -0.131064 -0.563411 -0.424325 -1.070740
5 -0.470735 -0.593470 -0.201195 0.352689 2.790206 -0.190731 -0.157411 -0.423571 -0.245552 -0.107258 -0.678718 -0.545606 0.406256 0.065096
5 -0.415414 -0.466689 -0.575940 -0.520711 6.597028 -0.216559 -0.343530 -0.789716 -0.519467 -0.683303 -0.373431 -0.400550 -0.526462 -0.765254
5 -0.207692 -0.528181 -0.446378 -0.283889 3.180270 -0.303354 -0.339680 -0.221637 -0.132723 0.143706 -0.415080 -0.186608 0.161942 -0.420697
5 -0.244257 -0.786757 -0.703844 -0.368152 6.904608 -0.640987 -0.587053 -0.756964 0.257329 -0.495626 -0.415347 -1.082035 -0.365620 -0.715295
5 -0.509302 -0.269069 -0.250456 -0.240307 3.461135 0.044341 -0.342420 -0.656759 -0.646572 -0.146914 0.249536 -0.444532 -0.722172 0.473492
5 0.142009 -0.330377 -0.323195 -0.428109 2.903295 -0.327034 0.035448 -0.371949 -0.431538 -0.247475 -0.398515 -0.267295 0.388952 -0.344217
5 -0.369155 -0.115443 -0.185254 0.049600 0.852572 0.386861 -0.019615 -0.088650 -0.346392 -0.009988 0.166560 -0.094085 -0.234502 0.007491
11 -0.107759 -0.138002 -0.058045 -0.011921 -0.115630 -0.084645 -0.143195 -0.095517 -0.067627 -0.053373 1.212558 -0.082651 -0.152205 -0.101988
11 -0.147067 -0.881385 -0.590281 -0.994445 -0.621327 -0.139856 -1.426419 -0.454156 -0.969259 -0.330689 8.288664 -0.604977 -0.641665 -0.487139
7 -0.002115 -0.143630 -0.287335 -0.543948 -0.059770 -0.140422 1.267653 -0.254363 -0.146055 0.145397 0.110184 -0.056302 -0.134387 0.245095
11 -0.257416 -0.253338 -0.234414 -0.055529 -0.341867 0.011947 -0.484653 -0.132801 -0.220934 -0.255979 2.883936 -0.230640 -0.120453 -0.307858
11 -0.113327 -0.346796 -0.353543 -0.303874 -0.215848 -0.019683 0.214956 0.003689 -0.023336 -0.113698 1.354192 -0.153642 0.046007 0.024903
11 0.033026 0.084114 -0.371157 0.065077 0.058360 0.108465 0.104769 -0.011516 -0.395451 -0.105986 0.732500 -0.205140 -0.336340 0.239277
11 -0.010877 0.222687 -0.104130 0.019419 -0.163992 -0.052925 0.165157 -0.318138 -0.162468 -0.090123 1.453895 -0.459342 -0.284512 -0.214650
1 1.080444 -0.258484 0.052496 -0.365049 -0.405408 0.103496 0.158767 -0.316354 -0.218063 0.156730 0.158295 0.025705 0.000064 -0.172640
11 0.316707 -0.211749 -0.285480 -0.358026 -0.216522 -0.098689 -0.070091 0.196178 -0.166965 -0.251625 1.077617 0.011672 0.200572 -0.143598
11 0.348099 -0.058064 0.313414 -0.180718 -0.114788 0.092372 0.056778 -0.216968 -0.298708 -0.084320 0.408690 0.185558 -0.519318 0.067972
11 -0.655366 -1.052154 -0.895256 -0.728268 -0.912650 -0.796230 -1.320250 -0.426163 -0.592500 -1.050725 10.442553 -0.610214 -0.693347 -0.709430
11 -0.593881 -0.294566 -0.617502 -0.427590 -0.257696 -0.257546 -0.703042 -0.228833 -0.332490 -0.486073 5.326582 -0.238384 -0.453243 -0.435736
11 -0.282233 -0.689951 -0.422538 -0.438409 -0.300803 -0.241365 -0.693156 -0.256804 -0.152619 -0.138287 4.302519 -0.244126 -0.137118 -0.305111
5 -0.180591 -0.396880 -0.437979 -0.402447 0.790941 -0.388915 -0.123232 0.094382 -0.342494 0.291684 0.677659 0.445291 0.088543 -0.115961
11 -0.302770 -0.320994 -0.236335 -0.431035 0.055629 -0.191858 -0.112012 -0.136500 -0.218138 -0.086042 2.399352 -0.154666 -0.067167 -0.197464
11 -0.522271 -0.229708 -0.250241 -0.594796 -0.461037 -0.399591 -1.098127 -0.616326 -0.599929 -0.346693 6.119255 -0.093556 -0.223653 -0.683327
11 -0.831884 -0.709993 -0.378897 -0.325185 -0.617544 -0.635492 -0.521951 -0.670701 -0.512994 -0.614107 7.339685 -0.777027 -0.309878 -0.434032
11 -0.633513 -0.643883 -0.640972 -0.347872 -0.536971 -0.720610 -0.470186 -0.200124 -0.434579 -0.774665 6.472309 -0.605413 -0.068394 -0.395126
11 -0.320939 -0.148804 -0.175055 -0.355427 -0.418819 -0.271749 -0.312256 -0.064862 -0.138413 -0.299282 2.226354 -0.054694 0.165815 0.168132
7 -0.016165 -0.133252 0.016874 0.043638 -0.064338 0.067224 0.292253 -0.111980 0.215991 -0.075188 -0.093681 -0.003079 -0.050649 -0.087648
11 -0.575480 0.352730 -0.301211 -0.729337 0.138191 -0.272173 -0.044780 -0.072913 -0.485476 -0.193272 2.699414 0.094062 -0.136140 -0.473613
1 0.308807 0.259120 0.004409 -0.119702 -0.103018 0.053833 -0.261098 -0.084986 0.256157 0.045344 0.000438 0.049589 -0.329127 -0.079766
4 -0.071524 -0.331758 -0.249211 0.954774 -0.216458 0.005920 -0.009701 -0.462222 0.193457 -0.195684 0.027719 0.268528 -0.469671 0.555831
9 0.215561 0.445690 -0.651248 0.125558 0.001511 -0.385559 0.263387 -0.158887 0.700820 0.125069 -0.182890 -0.330391 0.054625 -0.223247
5 -0.111499 -0.079700 -0.527625 0.169717 0.413133 -0.029291 -0.071624 -0.257062 0.363245 -0.085023 0.277745 0.008028 -0.301065 0.231021
14 -0.266853 -0.176990 -0.093156 -0.026254 -0.167280 -0.142496 0.246159 0.066149 -0.351058 0.162364 0.168446 0.275090 -0.027603 0.333482
7 -1.928392 -1.478681 -1.548097 4.311798 -0.270595 -1.700103 14.818950 -1.807810 -1.873703 -1.611578 -1.765438 -1.691714 -1.807313 -1.647325
14 -0.013839 -0.070725 -0.208952 0.025270 -0.167835 -0.151082 -0.238269 0.048617 -0.158747 -0.058435 0.241098 0.099739 0.136957 0.516203
4 -0.134353 0.029714 0.219858 1.310797 -0.515191 -0.000270 0.038314 -0.528621 -0.005632 -0.423740 -0.023688 -0.247416 0.363586 -0.083357
5 -0.328977 -0.634989 -0.362026 0.394375 3.339801 -0.000794 -0.409377 -0.267094 0.063398 -0.265080 -0.440201 -0.122684 -0.479746 -0.486605
14 -0.255990 -0.231064 0.127399 0.185571 0.012484 0.128073 -0.063175 0.148466 -0.330911 -0.024930 0.309789 -0.411598 -0.091914 0.497801
4 -0.260302 -0.087946 -0.261001 1.758570 0.136275 0.367324 0.349079 -0.045328 -0.624998 -0.257191 -0.235340 -0.523036 -0.175317 -0.140789
14 0.073319 -0.169260 -0.364458 -0.209435 -0.286846 0.202135 0.246376 0.180130 0.214688 0.044876 -0.150694 -0.061943 -0.041711 0.322822
4 -0.241842 -0.099233 -0.732818 2.035971 0.121874 0.263773 0.133539 -0.349393 -0.392846 -0.518327 -0.148509 -0.272398 -0.103757 0.303966
4 -0.318126 0.049241 -0.503254 1.529957 -0.058747 0.390333 -0.127576 -0.250200 -0.494298 0.221764 0.261296 -0.205277 -0.240519 -0.254593
2 -0.066647 0.587350 0.060278 -0.260515 0.071019 0.485788 -0.571274 0.111516 -0.853739 0.353610 0.516495 -0.031670 -0.438572 0.036359
4 -0.174840 -0.102983 -0.053126 0.644573 0.066993 -0.034214 -0.093482 -0.252647 -0.025556 0.073518 -0.033722 0.122182 -0.075002 -0.061693
9 -0.318506 -0.163132 0.239013 -0.379454 0.064707 -0.247858 0.471050 -0.403913 1.454661 -0.154085 0.078294 -0.456808 -0.302926 0.118957
4 -0.394164 0.050363 -0.562714 1.339598 0.250084 0.070830 -0.564276 -0.370979 0.332685 -0.154585 -0.093139 -0.160798 0.299926 -0.042831
4 0.012914 0.085210 -0.185083 0.561479 -0.205749 0.152038 0.003591 -0.018846 -0.027756 -0.279514 0.045353 -0.293964 0.355672 -0.205345
1 0.512227 0.034230 -0.331171 0.100172 -0.047570 -0.003512 0.025324 0.182017 -0.342152 0.222173 -0.203279 -0.007377 -0.111315 -0.029767
6 0.149132 -0.400235 -0.444278 -0.282011 0.247998 0.286557 0.158510 0.032306 -0.200318 0.231705 0.185740 -0.099939 0.118289 0.016545
9 0.202591 -0.312919 0.063102 0.102973 -0.070632 -0.190763 0.050524 -0.044368 0.394898 -0.238195 0.143080 -0.275737 0.211944 -0.036498
12 -0.286203 -0.123544 -0.008983 -0.181509 0.110139 0.075726 0.122461 -0.072173 0.451823 -0.372134 -0.177503 0.484040 -0.361646 0.339507
3 -0.305349 -0.251237 1.528318 -0.203221 -0.295204 -0.242225 0.086786 0.298268 -0.041894 -0.466474 -0.186184 0.337511 -0.253380 -0.005716
3 -0.044836 -0.232311 0.789749 0.201965 -0.132820 -0.398039 0.023778 -0.399561 -0.027266 0.348555 -0.018478 0.217835 -0.352244 0.023674
6 0.206867 -0.527408 -0.229238 -0.410397 0.095736 0.463408 0.354355 0.132429 -0.213047 -0.109844 0.178107 0.463278 -0.520146 0.115899
3 -0.759189 -0.293878 2.038762 -0.454920 -0.269132 -0.009199 0.394083 -0.341887 0.250006 0.230507 0.247545 -0.677444 -0.256009 -0.099245
3 -0.029947 -0.025188 1.705257 -0.135469 -0.128091 -0.044042 -0.230066 -0.113823 -0.034850 -0.165954 -0.100028 -0.286638 -0.244929 -0.166230
2 0.224397 0.287382 0.066110 -0.052537 -0.199094 0.136947 -0.023315 -0.243965 -0.138122 0.174779 0.133065 -0.067432 -0.226162 -0.072052
10 0.021904 -0.296305 0.159832 0.167241 -0.409926 -0.794461 -0.513729 0.952001 0.363429 1.172368 0.128027 -0.219044 -0.663915 -0.067421
12 -0.032461 -0.624002 0.304924 -0.295829 0.262296 0.450928 -0.396571 -0.132544 0.241667 -0.004275 -0.347607 0.564304 -0.217385 0.226554
3 -0.146874 -0.284604 3.175918 -0.233485 -0.339621 0.153845 -0.746608 -0.312695 -0.792079 0.268643 0.184720 -0.255609 -0.489356 -0.182194
3 -0.118971 0.085872 1.167674 -0.009277 -0.206070 0.054694 -0.295158 -0.020336 -0.390591 0.104117 0.018929 0.063790 -0.276291 -0.178381
3 -0.201580 -0.543938 3.837320 -0.184041 -0.038120 -0.011674 -0.215296 -0.540799 -0.693520 0.003769 -0.024813 -0.559222 -0.735967 -0.092118
14 -0.399304 0.073859 -0.422140 -0.091936 0.104395 0.144607 -0.148184 0.372183 -0.323049 -0.167962 0.282415 0.223945 -0.053971 0.405143
3 0.091492 -0.236140 1.730636 -0.125121 -0.133625 -0.313376 -0.169880 -0.172858 -0.172905 -0.345647 -0.124504 0.182674 0.051906 -0.262649
3 -0.406775 -0.119728 1.709146 -0.317092 -0.148593 0.086664 -0.140696 -0.003430 0.502550 -0.218553 -0.060050 -0.450919 -0.168627 -0.263897
6 0.266331 -0.127175 -0.913038 0.268725 -0.142156 2.615373 -0.320030 -0.485361 -0.676385 -0.429606 -0.157915 0.305003 0.361395 -0.565161
6 0.017791 -0.098436 -0.199499 0.078134 -0.189896 1.087479 -0.309802 -0.035941 -0.199276 0.107980 -0.166568 -0.342067 0.349450 -0.099350
6 0.025026 -0.608635 -0.114935 -0.574562 0.316009 0.984101 0.100227 -0.222184 -0.151519 0.149210 -0.031305 -0.063588 0.056254 0.135902
6 -1.075623 -2.176290 -1.801080 -1.638613 -0.943575 20.709945 -2.291416 -1.152595 -2.400286 -1.856755 -1.699226 -1.011560 -1.084642 -1.578283
6 -0.050211 -0.288707 -0.467323 -0.179135 0.012384 1.909705 -0.012961 -0.235572 -0.304863 0.023792 -0.187473 -0.133115 -0.103522 0.017002
6 -1.033866 -1.082591 -0.875035 -0.748610 -0.912814 11.901575 -0.753648 -0.916697 -0.890261 -0.648833 -0.901190 -0.984293 -1.090186 -1.063552
6 -0.091225 -0.446046 -0.899323 -0.365845 0.425494 2.698223 -0.559429 -0.138530 -0.589128 -0.263414 -0.031664 -0.595012 1.296136 -0.440237
6 -1.203928 -0.675481 -0.691554 -0.912636 -0.417967 10.269715 -1.075918 -0.637482 -1.000545 -0.683807 -0.416056 -0.533617 -1.206686 -0.814039
6 -1.075623 -2.176290 -1.801080 -1.638613 -0.943575 20.709945 -2.291416 -1.152595 -2.400286 -1.856755 -1.699226 -1.011560 -1.084642 -1.578283
6 -0.341165 -0.134393 -0.273332 -0.213349 0.269755 1.105416 0.343617 0.126891 -0.129363 0.209580 -0.178288 -0.536940 -0.144128 -0.104302
13 -0.354764 -0.373743 0.118593 -0.110112 -0.232160 0.459993 -0.048302 0.024557 0.102691 -0.095529 -0.114954 0.101781 0.528080 -0.006132
6 -0.387704 -0.715166 -0.788511 -0.909553 -0.346767 6.156066 -0.493486 -0.414691 -0.602907 0.475562 -0.399652 -0.634254 -0.501278 -0.437657
6 0.354234 -0.875058 -0.982746 -0.677271 -0.741483 7.511882 -0.520129 -0.320301 -0.329133 -0.846693 -0.827611 -0.299723 -0.701460 -0.744510
6 -0.929555 -1.001164 -0.760796 -0.695787 -0.987378 11.217724 -0.798621 -0.809650 -0.629349 -0.997668 -0.839325 -0.750674 -0.848802 -1.168955
6 -0.153876 -0.153291 0.069901 0.079741 0.242499 0.335259 0.058685 -0.186499 -0.296895 0.102794 0.141029 -0.130643 -0.256723 0.148017
6 -0.555312 -0.993741 -0.432750 -0.912773 0.363191 6.326177 -0.679790 -0.357969 -0.625478 -0.245027 -0.003854 -0.963771 -0.639660 -0.279243
6 -0.086639 -0.041951 0.138299 -0.138907 0.047467 0.457063 0.135056 -0.091557 0.017075 -0.089508 0.022971 -0.118768 -0.129370 -0.121230
6 -0.215475 -0.360844 -0.263821 -0.461338 0.032078 2.823209 -0.793283 -0.250485 -0.579564 0.336567 -0.504685 -0.089702 0.062778 0.264565
6 -1.075623 -2.176290 -1.801080 -1.638613 -0.943575 20.709945 -2.291416 -1.152595 -2.400286 -1.856755 -1.699226 -1.011560 -1.084642 -1.578283
2 -0.610815 0.593337 -0.113114 0.122764 0.072142 0.154348 -0.107123 0.398524 -0.297061 -0.187917 -0.087611 -0.005700 -0.039296 0.107522
6 -0.131043 -0.737061 -0.195392 -0.233324 0.656301 1.610961 -0.485495 0.633366 -0.502649 -0.559953 -0.389400 -0.093217 -0.177689 0.604595
6 -1.075623 -2.191030 -1.742650 -1.656301 -0.943575 20.800493 -2.291416 -1.175934 -2.461100 -1.874774 -1.699226 -1.016982 -1.084642 -1.587241
6 -0.444012 -0.475467 0.211322 -0.321488 -0.094514 2.605328 -0.149556 -0.327611 -0.503146 -0.170604 0.054953 0.154538 -0.616163 0.076420
6 -0.119749 -0.571467 -0.211006 -0.310655 -0.286125 2.855814 -0.289815 -0.358747 -0.034232 -0.049739 -0.143834 -0.249438 0.121132 -0.352139
6 -0.175897 -0.257945 1.443399 -0.645673 -0.235388 2.479309 -0.408798 -0.449516 -0.096027 0.120325 -0.237871 -0.573377 -0.604163 -0.358378
13 -0.141766 -0.219726 -0.576916 -0.105294 0.013937 -0.506451 -0.150642 -0.250266 -0.302603 -0.250576 -0.406360 -0.209840 3.179354 -0.072852
13 0.236125 -0.141893 -0.150015 -0.124102 0.201367 -0.102662 -0.015011 0.019228 -0.057887 -0.008681 -0.139072 -0.014570 0.523467 -0.226295
10 -0.356752 0.004849 0.036200 -0.259560 0.156167 -0.121233 -0.383008 0.173946 -0.363786 0.661012 0.001234 0.240732 -0.104526 0.314726
6 -0.196415 -0.216496 0.071928 -0.133856 -0.288184 0.267001 0.050301 0.248524 -0.002639 0.206135 0.039648 0.009927 -0.060845 0.004970
13 0.002638 -0.531810 -0.047654 0.642877 -0.066524 -0.340356 -0.281400 -0.342717 0.233362 0.017862 0.050648 0.304700 0.732250 -0.373878
13 -0.258902 -0.146831 -0.055342 -0.246192 0.033738 -0.127633 -0.097938 -0.092431 -0.131794 -0.127080 -0.205022 -0.230624 1.917699 -0.231647
13 -0.338833 -0.485770 0.148272 -0.137708 -0.292944 -0.000768 0.310497 0.038497 0.339785 -0.028494 -0.453714 0.308568 0.548070 0.044541
10 0.055472 0.235912 -0.187324 -0.235457 0.041560 0.429284 -0.682030 -0.286261 -0.231931 0.436452 0.183750 -0.202956 0.313387 0.130142
13 0.002910 -0.266888 -0.163721 0.054045 0.003422 -0.146531 -0.203109 -0.147605 0.268043 0.021420 -0.219679 -0.102975 1.050862 -0.150194
13 -0.342834 0.062120 -0.460155 -0.213824 -0.044410 0.029659 0.121204 -0.117765 -0.396512 0.010198 0.022342 -0.268457 1.904242 -0.305806
13 -0.206043 -0.397367 0.094523 0.192353 -0.298422 -0.424794 -0.251643 -0.421785 0.430986 -0.056008 -0.096713 -0.303150 1.969298 -0.231236
13 -0.191955 -0.166570 -0.331753 -0.186055 0.569641 0.223063 -0.295973 -0.221232 -0.071559 -0.287177 0.094151 -0.225147 1.241332 -0.150765
13 -0.312015 -0.525845 -0.130271 0.068313 0.178930 -0.076685 -0.303774 -0.443662 0.251131 0.043177 -0.307611 0.052689 1.647508 -0.141885
13 -0.051387 -0.281909 0.197086 -0.335545 0.111249 -0.013694 -0.169165 0.116319 0.184005 -0.237451 -0.247773 0.082956 0.806026 -0.160719
13 0.918398 -0.021055 -0.192250 -0.299655 -0.379505 -0.111097 -0.090458 -0.380149 -0.144524 -0.187900 -0.227279 -0.074574 1.386679 -0.196631
4 -0.398129 -0.229765 0.165894 1.056438 0.042590 -0.149061 -0.165720 -0.054751 -0.094729 -0.290713 -0.207480 -0.002985 0.629559 -0.301148
13 -0.027676 -0.138346 0.033904 0.145048 -0.060073 0.254656 -0.645578 -0.266517 0.651211 -0.430804 -0.056253 -0.397884 1.150254 -0.211941
8 -0.591298 0.601607 -0.356685 -0.298529 -0.177548 -0.094911 -0.550616 1.303149 -0.363058 0.328755 -0.092929 -0.334287 0.484937 0.141412
13 -0.069874 -0.097046 -0.065538 -0.185403 0.000445 0.039037 -0.136073 0.101082 -0.068630 0.203643 -0.118609 -0.102826 0.412512 0.087279
9 0.073686 -0.344677 -0.084704 -0.176333 0.108229 -0.021613 0.090018 -0.164643 0.645798 -0.012745 0.061258 0.128183 -0.138400 -0.164059
13 -0.205546 -0.093718 -0.059309 -0.060202 -0.428751 -0.158455 -0.021628 -0.158433 -0.129983 -0.255146 -0.304710 -0.065160 1.739128 0.201913
13 0.166783 0.329905 -0.301059 -0.390463 -0.197508 -0.286486 -0.141919 -0.185619 0.064585 0.285391 0.119703 0.151007 0.687753 -0.302073
13 0.210351 -0.458715 0.184698 0.141461 -0.145325 -0.105328 -0.004693 0.222602 -0.191252 -0.209650 -0.348531 -0.293092 1.170913 -0.173441
13 0.159770 -0.350788 0.034739 -0.189099 0.035806 0.005357 -0.566308 0.073872 0.246125 0.011744 -0.158318 -0.054598 0.658525 0.093170
13 -0.315082 0.214285 0.071320 0.075679 -0.163090 -0.215181 -0.262384 -0.252389 0.367526 -0.414797 -0.290345 0.077069 1.562079 -0.454688
13 0.070818 -0.302589 -0.305158 -0.308046 -0.019250 -0.166964 -0.117461 0.069407 -0.138610 -0.302744 0.317752 -0.130202 1.251593 0.081455
7 -1.132614 -1.386823 -1.176139 -1.367951 -1.305747 -1.443035 15.912751 -1.035971 -1.054160 -1.245080 -1.147935 -1.260865 -1.086489 -1.269944
7 -0.067077 0.114641 -0.139213 -0.187132 -0.030590 -0.134538 0.867394 -0.047838 -0.086486 -0.111028 0.109404 0.043548 -0.058394 -0.272691
7 -1.531640 -1.223653 -1.309621 -1.587266 -1.251735 -1.223102 15.747097 -1.484468 -0.952544 -1.223921 -0.595987 -1.281616 -0.953842 -1.127703
5 0.242503 0.248297 0.065194 -0.377030 0.649747 0.361158 -0.219759 0.186063 -0.341457 -0.196884 -0.138173 -0.320501 -0.228921 0.069762
7 -0.110669 -0.419282 -0.347575 -0.925870 -0.200317 -0.337474 5.300644 0.296181 -0.772830 -0.445391 -0.571202 -0.629722 -0.536002 -0.300490
7 0.080724 -0.101314 0.092897 0.157596 0.155765 0.401727 0.875886 -0.408506 -0.092755 -0.095281 -0.544335 0.042805 0.035244 -0.600453
7 -1.443975 -1.162337 -1.378319 -1.130953 -1.239775 -1.203933 16.518184 -1.291731 -1.314171 -1.145423 -1.319818 -1.376619 -1.181991 -1.329140
7 -0.527199 -0.373417 -0.215023 -0.258451 0.618651 -0.212014 1.049437 0.018827 -0.160934 0.088815 -0.174831 -0.091469 0.022282 0.215327
7 -0.224043 -0.462159 -0.413094 -0.236221 -0.145003 -0.176237 2.922309 -0.122625 -0.276882 -0.187943 -0.335512 -0.124209 -0.134827 -0.083555
7 -0.240836 0.135818 -0.230259 -0.121950 -0.274265 0.316675 0.932878 -0.285621 -0.134206 -0.323122 -0.049694 -0.210665 0.592875 -0.107627
7 -1.235576 -1.137255 -1.338198 -1.352331 -0.996531 -1.328959 15.533960 -1.213838 -1.262168 -1.163834 -1.285859 -1.308707 -0.598781 -1.311924
7 -1.068171 -1.000557 -1.325348 -1.403845 -0.889924 -1.359353 14.816428 -1.355019 -1.334380 -1.115102 -1.070151 -1.303993 -1.297981 -0.292607
7 -1.438874 -1.552362 -1.737241 -1.922918 -2.159745 -1.490098 22.288976 -1.395852 -1.423885 -1.813283 -1.962910 -1.703000 -1.528620 -2.160191
7 -0.975873 -1.336699 -1.079365 -1.461587 -0.836872 -1.353697 15.641660 -1.299988 -1.179219 -1.387260 -1.095201 -1.280017 -1.115661 -1.240221
12 -0.092360 -0.448109 0.451030 -0.381598 0.026547 0.296165 -0.281376 -0.220878 -0.015898 0.318148 -0.114314 0.611893 -0.151187 0.001937
7 -1.269157 -1.294665 -1.191282 -1.228056 -1.126646 -1.184339 15.858062 -1.344299 -0.951451 -1.361840 -1.400486 -1.176737 -1.311591 -1.017515
7 -1.906057 -1.763714 -1.784362 -1.759049 -1.830378 -1.822246 22.322238 -1.409543 -1.622308 -1.813344 -1.840354 -1.349287 -1.517292 -1.904308
7 0.050472 -0.490819 0.071630 -0.102711 -0.136589 -0.203719 1.356858 -0.221204 -0.089103 0.478979 -0.345413 -0.141172 0.035162 -0.262372
7 -1.641404 -0.984102 -1.379851 -1.314562 -1.084132 -1.363991 16.198103 -1.058413 -1.440419 -1.169461 -1.247664 -1.288605 -1.112599 -1.112902
11 -0.470611 -0.729692 -0.420229 -0.383707 -0.331994 -0.277676 -0.640074 -0.122853 -0.271825 -0.447089 4.543739 -0.066384 -0.104364 -0.277242
7 -1.356899 -1.169470 -1.469787 -1.673671 -1.313035 -1.214717 18.209613 -1.375747 -1.587243 -1.280517 -1.401623 -1.466308 -1.495376 -1.405222
7 -0.919856 -1.570652 -1.289374 -1.543559 -1.082836 -1.425960 16.515060 -1.300732 -1.035478 -0.986961 -1.699493 -1.447358 -1.226208 -0.986595
7 -1.145684 -1.396817 -1.544884 -1.673753 -1.442634 -1.528427 18.085153 -1.461413 -1.365770 -1.423115 -1.404958 -1.484810 -0.943937 -1.268951
1 1.072475 0.180074 -0.662743 -0.189304 -0.066791 -0.385304 1.036222 -0.006051 -0.329517 -0.435520 -0.104019 -0.083350 0.337541 -0.363713
7 -1.278372 -1.161823 -0.968453 -1.230989 -1.224438 -1.292363 15.515593 -1.181849 -1.126646 -1.256226 -1.118213 -1.339671 -1.291153 -1.045398
12 -0.514833 -0.043953 0.446347 -0.153982 -0.063800 -0.202381 -0.406582 -0.186228 -0.204544 0.149333 0.252561 1.189266 -0.137162 -0.124041
13 0.288211 -0.389225 0.529445 0.095479 -0.503597 -0.039189 -0.336182 -0.532447 -0.048193 -0.192736 -0.269735 0.391438 1.107505 -0.100772
12 0.388010 -0.103370 -0.220022 -0.059508 -0.277650 -0.069995 0.055761 0.122984 -0.240600 -0.091778 0.069634 0.840034 -0.101086 -0.312414
13 -0.128070 -0.323981 -0.170034 -0.260581 -0.211924 0.259880 -0.035803 -0.000957 0.127521 0.078395 -0.237388 0.345128 0.355646 0.202169
13 0.315545 0.292922 -0.189280 -0.143787 -0.288042 -0.319355 -0.311886 -0.159033 -0.037928 0.041467 -0.076552 0.359724 0.411637 0.104567
9 -0.030743 -0.344740 0.116607 -0.006450 0.023171 0.208053 -0.194790 -0.373248 0.603904 -0.025081 -0.002891 -0.003252 -0.267720 0.297181
3 -0.578069 0.232758 2.222569 -0.237180 -0.000719 0.073587 -0.131603 -0.395590 -0.479036 -0.397813 0.059755 -0.535809 -0.343196 0.510344
13 -0.014440 -0.046412 -0.248006 -0.043009 -0.074473 0.060974 -0.090219 0.363131 -0.101455 0.027889 -0.112717 -0.078251 0.461538 -0.104550
12 -0.405139 -0.009180 0.105163 0.212688 -0.071893 -0.081942 0.124388 -0.111042 -0.033725 -0.372726 -0.218496 1.750751 -0.371366 -0.517482
7 0.334223 0.080293 -0.231264 0.081569 -0.034663 0.214517 0.388937 -0.188507 -0.387935 0.023299 -0.013029 -0.345564 -0.226597 0.304723
10 0.071927 0.048712 0.190390 -0.125298 -0.070500 -0.174081 -0.028988 0.096569 -0.100847 0.345306 -0.215951 0.131371 -0.139691 -0.028919
7 -0.081506 -0.291256 -0.034730 -0.331526 0.566483 -0.065626 0.889327 -0.177170 -0.124974 0.022533 -0.230070 -0.189068 0.144056 -0.096475
12 -0.467450 -0.238741 -0.277912 -0.237364 -0.159274 -0.258446 -0.485893 -0.141334 -0.218040 -0.288952 -0.013436 2.856271 -0.067427 -0.002000
12 -0.050197 -0.217273 0.068715 0.015396 -0.060583 0.084502 0.003153 -0.262625 -0.065023 0.139790 0.069609 0.319354 0.018764 -0.063582
12 -0.405409 -0.423492 -0.380332 -0.386191 0.559742 -0.052612 0.154527 0.371582 -0.003951 -0.071578 -0.161763 0.875408 -0.233640 0.157710
12 0.023935 -0.049290 -0.108396 -0.132482 0.011256 0.049974 0.154285 -0.285159 -0.447026 0.101595 -0.062731 0.715002 -0.016988 0.046025
5 -0.367348 0.845302 -1.242468 -0.291396 2.844325 0.085049 -0.339145 0.416914 -0.753446 -0.517932 -0.849829 0.490525 0.101509 -0.422061
3 -0.094052 -0.029222 0.414242 -0.039739 0.077961 0.087764 -0.035806 -0.249940 -0.239922 0.163642 0.037074 0.012456 -0.392657 0.288199
10 -0.120083 -0.481427 0.107654 -0.560900 0.226921 0.227927 -0.242975 0.247953 -0.205326 0.458764 -0.094526 0.452787 0.038454 -0.055222
3 0.206940 0.209587 0.338759 -0.107373 -0.349467 -0.326244 -0.093653 -0.162833 -0.094598 0.212740 -0.123692 0.150972 -0.146958 0.285821
14 -0.008404 -0.434569 0.157850 -0.164957 0.008323 -0.169508 0.059205 -0.126929 0.232966 0.114677 -0.499242 0.233923 -0.048957 0.645621
12 -0.832470 0.002556 0.288318 -0.427213 -0.380398 -0.144441 0.411165 0.362248 -0.425815 -0.423056 -0.118743 2.288091 -0.803729 0.203487
11 -0.354091 -0.094655 0.008495 -0.214477 -0.156409 0.258811 0.193237 -0.177263 0.194599 -0.034844 0.690639 0.392459 -0.642591 -0.063909
14 -0.149706 -0.265191 -0.276462 -0.602440 -0.300743 -0.262578 -0.182797 -0.308019 -0.145675 0.161481 -0.402862 -0.145032 -0.479199 3.359222
14 0.121765 0.227320 0.078807 -0.222001 -0.283094 -0.149684 -0.130984 -0.293446 0.059963 -0.139180 -0.123582 -0.104213 0.089053 0.869276
14 -0.715028 0.002444 -0.411137 -0.684019 -0.365632 -0.341753 -0.024919 -0.361746 -0.684038 1.052134 -0.059767 -0.157267 -0.249546 3.000274
14 -0.453751 -0.319727 -0.453668 -0.505013 -0.115149 -0.683949 -0.092685 -0.369834 0.593215 -0.040464 -0.061863 -0.797773 -0.057909 3.358569
4 -0.434324 0.490516 -0.134248 0.600599 -0.056692 -0.510483 -0.207537 0.048324 0.022526 -0.102317 -0.310167 -0.267350 0.475851 0.385304
14 -0.635474 -0.052742 -0.115006 0.068978 0.011029 0.081486 -0.089810 -0.322712 -0.601335 0.032594 0.339082 0.025965 0.044414 1.213530
2 -0.134601 0.400407 -0.056176 -0.215058 0.256764 0.343725 -0.402866 -0.133604 -0.055821 -0.202874 0.059542 -0.194827 0.223434 0.111956
14 -0.118069 -0.063505 -0.132817 0.014633 0.121040 -0.210021 -0.018429 0.264836 0.258320 -0.551857 -0.236420 0.255711 -0.252183 0.668762
14 0.068070 -0.050345 0.026813 -0.415731 -0.400566 -0.561538 -0.396381 -0.388903 -0.198574 -0.038828 -0.008506 -0.256211 0.064783 2.555916
14 -0.333932 -0.537462 -0.097231 -0.112769 -0.130356 -0.093169 -0.337805 -0.055852 -0.438083 -0.246788 -0.401426 -0.468689 -0.097226 3.350789
14 -0.201091 -0.110966 -0.188027 -0.359502 -0.048422 0.088916 -0.013363 -0.041902 0.286899 -0.144798 -0.136051 -0.026877 0.372407 0.522774
14 -0.016286 -0.379286 0.141126 -0.105119 0.032999 0.014230 -0.106706 -0.375618 -0.056586 -0.069126 -0.259397 -0.154546 0.596715 0.737601
10 -0.159611 -0.189655 -0.027490 -0.153311 0.459827 0.174711 0.069681 -0.489736 -0.155590 0.490252 -0.067123 -0.260595 -0.078801 0.387441
14 -0.233292 -0.435188 -0.227599 -0.418682 -0.390961 -0.143048 -0.232381 0.134012 0.051280 -0.447422 -0.246344 -0.206490 -0.263886 3.060000
5 -0.164594 0.005395 0.056826 0.178115 0.814317 -0.254481 0.302165 -0.313288 -0.313665 0.102424 0.088590 -0.044429 -0.531053 0.073680
14 -0.151365 -0.000136 -0.096170 -0.135170 -0.121388 -0.199925 0.127770 -0.169789 -0.192377 0.270163 0.059148 -0.087523 -0.296637 0.993399
14 -0.209666 -0.233028 -0.077464 -0.159860 -0.082145 -0.154617 0.385857 0.011892 0.072769 -0.290325 -0.054847 -0.241991 -0.135093 1.168518
14 0.127405 -0.288622 0.026628 -0.119451 0.008644 -0.051607 -0.091953 -0.123397 0.087383 -0.057395 0.006677 -0.124484 0.065408 0.534765
14 -0.397840 -0.233723 0.099085 -0.596670 -0.364072 -0.278414 -0.464767 -0.289924 0.013129 -0.231713 -0.338600 -0.316317 0.064105 3.335720
14 -0.022001 -0.035097 -0.118355 -0.608428 -0.118832 0.522344 -0.366562 -0.345914 -0.240098 0.373008 0.289037 -0.399606 -0.267815 1.338320
5 -0.043511 0.126701 -0.039687 0.143959 0.304919 -0.294060 -0.008176 -0.013403 -0.359215 0.237117 0.208884 -0.098881 -0.281967 0.117321
14 -0.013288 -0.442355 -0.218289 -0.060519 0.287057 0.077322 -0.550345 0.011673 0.022957 -0.073932 -0.199986 -0.350836 0.544578 0.965963
8 -0.482267 0.362021 -0.091197 0.000223 0.305385 -0.049513 -0.100342 0.847958 -0.268572 -0.262806 -0.109550 -0.180808 -0.024590 0.054059
8 0.074235 -0.122430 -0.220702 -0.332041 -0.524860 0.114041 0.010957 2.960516 -0.113114 -0.652328 -0.448148 -0.012497 -0.152927 -0.580705
5 0.214497 -0.479872 -0.330846 -0.690774 4.336079 0.018500 -0.693130 -0.200375 -0.248402 -0.178502 -0.465668 -0.412423 -0.401502 -0.467581
8 -0.044263 -0.403332 -0.149187 -0.169390 -0.200354 -0.244632 0.005465 2.411826 -0.158802 -0.261391 -0.342245 -0.190062 -0.180549 -0.073084
10 0.159866 -0.669744 0.190738 -0.413701 -0.184214 -0.104567 -0.297662 0.439843 0.402320 0.655327 -0.271962 -0.009797 0.085507 0.018046
1 0.665216 -0.371307 -0.185343 -0.111588 -0.215036 -0.029853 -0.331073 -0.096381 0.402955 -0.099369 0.128995 0.220084 0.230016 -0.207316
8 -0.236547 0.003811 0.093814 -0.657930 -0.119518 0.460229 0.080471 1.424230 -0.197937 -0.128335 -0.234641 -0.292955 0.058367 -0.253060
8 -0.544487 -0.154464 -0.956799 -0.513288 -0.386056 -0.002182 1.473692 2.227535 -0.429879 -0.076600 -0.478512 0.052698 0.108853 -0.320511
8 -0.006065 0.127740 -0.334905 -0.379559 -0.068662 0.061005 -0.658779 2.057069 -0.292629 -0.454025 0.147160 0.262763 -0.373158 -0.087955
1 0.441709 0.188720 0.014957 -0.090963 -0.335027 0.104284 -0.088501 0.222433 -0.011088 -0.120037 -0.174581 0.181891 -0.325879 -0.007919
6 -0.164503 0.204759 -0.178158 0.005229 0.021334 0.504795 -0.187717 0.276710 -0.608512 0.213989 0.265735 -0.289161 -0.186771 0.122272
8 -0.462562 0.188620 0.463375 -0.485607 0.413923 0.352597 -0.001926 1.692172 -0.414838 -0.314834 -0.479633 -0.339323 -0.706567 0.094604
13 -0.338104 0.461644 -0.662449 -0.038235 -0.093019 0.319266 -0.616047 -0.031278 -0.046734 -0.066402 -0.079785 0.153009 0.563980 0.474153
7 0.102653 -0.077203 -0.124196 -0.116082 -0.076105 0.325508 0.340805 -0.000419 0.028298 -0.041625 -0.030583 -0.178249 -0.045054 -0.107747
8 -0.132220 0.242394 -0.075866 -0.242673 -0.052813 0.217144 -0.288941 0.964495 0.253241 -0.173023 -0.265799 -0.095236 -0.219560 -0.131145
5 -0.198253 0.419408 -0.058209 0.138556 0.563712 0.018982 -0.117096 0.165740 -0.241661 -0.231635 -0.352541 -0.022544 0.085332 -0.169790
13 0.174945 0.014900 -0.195496 -0.225256 -0.395371 0.062878 0.194874 0.027733 -0.040784 -0.076904 -0.083984 -0.315961 0.737764 0.120662
8 -0.078492 0.036522 -0.493212 -0.087350 -0.152732 -0.070712 -0.069156 0.769625 0.292890 -0.331547 -0.004688 -0.176443 0.022578 0.342718
6 0.302441 0.308891 -0.566415 -0.257272 0.155492 0.701477 -0.161799 -0.164585 -0.173004 0.076514 0.128155 -0.482317 -0.027407 0.159829
8 -0.350971 0.068264 0.060266 -0.783183 0.146222 0.598881 0.350798 0.807402 -0.506987 0.413182 -0.180642 -0.285822 -0.367213 0.029805
8 -0.370730 0.215581 -0.077091 -0.160583 0.067937 -0.220418 -0.101159 1.088733 -0.169602 -0.181476 -0.091890 0.064851 0.014465 -0.078617
8 -0.358009 -0.220921 0.187698 0.257480 -0.491640 0.488209 -0.579016 1.199392 -0.142980 -0.089987 -0.264716 -0.035405 0.189298 -0.139402
11 -0.327941 0.437506 -0.252180 0.227271 0.142084 0.071294 0.278269 -0.695569 -0.136864 0.142285 0.533912 0.062773 -0.099428 -0.383412
3 0.146818 -0.438984 0.177450 -0.135348 0.058762 0.127657 -0.023746 -0.064690 0.029978 0.153308 -0.116705 0.100619 0.005051 -0.020170
9 -0.197329 -0.552989 -0.140508 -0.043436 -0.011176 -0.055782 0.286612 0.132748 0.532337 -0.149889 -0.159835 0.324941 -0.120052 0.154356
13 0.087739 0.009126 -0.043308 -0.093506 0.066671 0.105260 -0.020708 -0.116557 0.071941 -0.102954 0.012028 -0.013666 0.215592 -0.177658
10 -0.043852 -0.215767 0.136310 -0.255177 0.004850 -0.372984 -0.144883 -0.199831 0.369647 0.490629 0.192032 -0.018878 0.006348 0.051556
9 0.216414 -0.583066 -0.009823 0.070431 0.316185 -0.003316 -0.042468 -0.210245 1.028225 -0.041959 0.008590 -0.088921 -0.213810 -0.446237
13 -0.093344 -0.240338 0.309914 -0.301577 -0.184451 -0.355633 -0.118202 0.139346 0.248562 0.216896 -0.216847 -0.155637 1.221148 -0.469836
13 0.048597 -0.088258 0.266131 -0.465795 0.074279 -0.117028 -0.120754 -0.260471 0.088390 0.258191 -0.151684 0.205451 0.629252 -0.366301
6 -0.032444 -0.198392 -0.033750 -0.069801 -0.079676 0.208917 -0.040604 -0.099009 0.144036 0.045720 -0.039518 0.071739 0.027508 0.095272
14 -0.400271 -0.033893 0.163481 -0.084987 0.082454 0.017245 -0.102359 -0.224632 0.338395 0.027283 -0.018499 0.063225 -0.176579 0.349138
9 0.377501 -0.425336 0.006404 -0.115435 -0.126791 0.035161 -0.119060 0.015076 1.167940 0.107882 -0.153754 -0.312182 -0.100680 -0.356725
9 0.040206 -0.275386 0.039114 0.009502 -0.025725 -0.047683 -0.128967 -0.112829 0.621465 -0.069766 -0.039430 -0.000352 0.108199 -0.118350
9 -0.299162 -0.267662 0.096528 -0.284219 -0.006736 0.159098 0.064992 -0.106694 0.398991 0.266095 -0.396528 0.005279 -0.008487 0.378505
9 0.120566 -0.346855 0.236586 -0.150845 0.243464 0.241041 -0.183144 0.247784 0.339417 0.046820 -0.292700 -0.123849 -0.247918 -0.130366
5 0.285569 -0.852341 -0.002553 0.194665 0.367814 0.071262 -0.402259 -0.247183 0.271864 0.224590 -0.101121 0.094681 0.310145 -0.215134
14 0.103884 -0.115093 0.088752 0.186668 -0.239986 0.083795 -0.002742 -0.103243 0.162832 -0.089661 -0.222972 -0.211752 -0.080069 0.439586
5 0.311074 0.325156 -0.234029 -0.503920 0.326798 -0.159475 0.264052 -0.158222 0.027317 0.105177 -0.329502 0.026911 0.109687 -0.111023
14 0.250620 -0.443763 -0.107416 0.150938 -0.086630 -0.241843 -0.216852 -0.139716 -0.324361 0.494363 -0.022929 -0.108178 0.233453 0.562312
4 0.238088 -0.632549 -0.272825 0.976084 -0.174173 -0.148609 -0.099275 -0.103772 0.473820 -0.153278 -0.216883 -0.045204 0.376138 -0.217561
14 0.152747 -0.315244 0.198612 -0.240759 -0.037739 -0.037180 -0.229654 -0.173669 0.294110 0.183291 -0.173384 -0.167042 0.226108 0.319803
