7 -3.272827 -3.787319 -3.193585 -3.259475 -2.680735 -3.584248 23.285061 -3.791642 -2.768684 -4.017460 17.336042 -3.055479 -3.786980 -3.422670
14 0.039269 -0.546998 0.055204 -0.523606 -0.026992 0.107704 -0.169577 0.971283 -0.216825 -0.127798 -0.282678 -0.145476 -0.345652 1.212140
9 -0.651590 -0.888088 -0.024729 0.031481 0.077691 -0.619469 -0.648526 -0.466325 2.987139 -0.247872 0.342568 -0.225731 0.595128 -0.261676
1 8.395108 -0.580324 -0.828129 -0.637525 -0.662493 -0.639384 -0.968354 -0.383434 -0.543255 -0.606855 -0.845194 -0.519866 -0.570833 -0.609462
6 0.410813 0.182774 -0.167861 0.592313 -0.056506 1.004477 -1.380344 -0.060355 -0.560329 -0.309258 0.381638 0.297712 -0.841031 0.505957
1 1.641004 -0.237463 -0.094887 -0.241546 -0.129516 -0.239786 -0.059024 -0.166018 -0.062220 -0.141133 -0.150079 0.243299 -0.152380 -0.210252
6 0.315151 -0.218488 -0.139110 0.093312 -0.061247 1.206071 -0.285387 -0.042190 -0.248131 -0.490077 -0.218149 -0.130396 0.255697 -0.037057
2 -0.515568 0.435880 0.387153 0.208609 0.413738 0.026344 0.357106 -0.310056 -0.361581 -0.574699 0.052832 0.182718 -0.049228 -0.253248
5 -1.565876 -1.143391 -1.348519 -0.784557 9.767420 0.996054 -0.943408 -0.675067 -0.972558 -0.786823 -1.037904 1.152534 -1.108946 -1.548958
5 0.192104 -1.488009 -0.349056 -0.561904 5.790875 -0.014255 -1.267448 -0.736886 -0.443931 -0.055240 -0.610506 0.199081 -0.849067 0.194242
14 0.391349 -0.299645 0.428714 -0.797094 0.060747 0.140371 0.131477 -0.218695 -1.009423 0.570458 -0.061313 0.400549 -0.421134 0.683640
3 -0.311448 -0.633271 2.342200 0.207317 0.923727 -0.463986 -0.574881 -0.385834 -0.201558 -0.501390 -0.529789 0.209894 0.025238 -0.106219
3 0.317155 -0.495055 5.411826 -0.714465 -0.658515 -0.194510 -0.488893 -0.430596 -0.383976 -0.478415 -0.056085 -1.013730 -0.818817 0.004078
4 -0.853881 0.078567 0.089660 0.841118 0.246615 -0.207272 0.488096 0.061687 -0.721981 -0.332569 0.427330 0.155651 -0.495630 0.222610
1 25.287051 -1.882788 -1.737322 -1.766208 -1.898359 -2.343894 -2.074623 -1.858186 -2.110212 -1.926716 -1.829128 -2.000602 -2.362805 -1.496206
11 -1.527060 -1.296582 0.073620 -0.316611 -1.246466 -1.011704 -1.333353 -0.793791 -0.379898 -1.447969 11.085823 -0.761526 -0.201467 -0.843016
4 -0.007977 -0.488861 -0.000991 2.015169 -0.641957 0.479451 0.263692 -0.658583 -0.059022 -0.153739 -0.456336 -0.238677 0.049568 -0.101736
12 -1.437805 -0.735974 0.497706 0.684035 0.107129 -0.299451 0.315259 -1.042412 -0.458854 0.813839 -0.086151 2.161629 -0.726771 0.207822
14 0.022725 -0.283183 0.879073 -0.820930 -0.989348 -0.449487 -0.690335 -0.510329 -1.039689 0.082401 0.643704 -0.011709 -0.672400 3.839507
11 -0.522566 -1.143848 -0.676548 -1.521526 -0.931617 -0.744681 -1.008636 -0.279045 -0.754742 -1.135210 10.112979 -0.074673 -0.697936 -0.621950
3 -0.461568 -0.831706 5.671704 -0.183392 -0.518833 -0.456469 -0.391192 -0.608310 0.027906 -0.558624 -0.281186 -0.696097 -0.419012 -0.293222
12 0.447215 -0.000227 0.024693 -0.220808 -0.058388 -0.516928 -0.509166 -0.633659 -0.274377 0.080812 0.003916 0.843344 0.390274 0.423298
14 -0.412771 -0.639022 -0.375258 -0.265484 0.082235 0.793738 0.570141 -1.032637 -0.028635 -0.403260 0.871053 -0.156773 -0.227996 1.224666
9 -0.542918 0.516353 0.084049 -0.569291 -0.057657 -0.088738 -0.029908 -0.435516 1.299228 0.037933 0.452359 -0.394853 -0.337069 0.066029
14 -1.002492 0.682135 -0.446677 -0.049445 0.475590 -0.285469 0.120208 0.247542 -0.452280 -0.181141 -0.303890 0.193144 0.276192 0.726582
8 -0.998340 0.163568 -0.498938 0.860408 0.377672 -0.197504 -0.022006 1.661190 -0.548768 -0.517307 0.098600 -0.149510 -0.397799 0.168734
14 -0.055703 0.019167 -0.169698 -0.334243 -0.066932 -0.320462 -0.092059 -0.433136 0.219737 -0.372169 -0.213504 0.326537 0.015952 1.476513
2 0.206798 4.395901 -0.854732 -0.706049 -0.348608 -0.131055 -0.684937 -0.787000 -0.360642 -0.095155 -0.260561 -0.272459 0.583570 -0.685072
1 15.195883 -1.473886 -1.321973 -1.943136 -1.429997 0.100500 -1.613994 -0.508012 -1.704859 -1.597301 -0.415615 -1.148637 -1.666390 -0.472583
13 0.145506 0.290869 -0.406913 -0.455372 0.361075 0.062547 -0.615834 0.183624 -0.409781 0.197109 0.025582 0.014150 0.396731 0.210706
5 -0.383364 -0.748968 -0.320017 -0.107067 5.729169 -0.517182 -0.508418 -0.404117 -0.426524 -0.453515 -0.377955 -0.518371 -0.411143 -0.552527
6 0.350874 -0.678416 0.086488 -0.389744 0.027372 0.897904 -0.334828 0.125712 -0.291678 -0.149213 0.095405 -0.418231 0.230790 0.447566
6 -0.023404 -1.047137 -0.275111 -0.831976 -0.186002 3.044214 -0.479572 -0.169567 -0.232837 -0.606814 -0.616805 -0.076168 -0.153920 1.655099
5 -0.444545 0.545536 -0.522398 0.291766 1.269868 -0.328411 -0.814140 0.028953 -0.786611 -0.897206 -0.352680 1.184615 0.046587 0.778665
7 -1.834921 -1.651589 -2.226396 -1.698561 -1.661783 -2.465529 26.022380 -2.157828 -2.821754 -1.638150 -1.409262 -1.597514 -2.722284 -2.136810
14 -0.149703 -1.879448 -1.131716 -0.292917 -1.007468 -0.543787 0.270575 0.423370 -1.421607 -0.077494 -0.477718 0.576902 -0.205594 5.916607
2 0.050399 0.819205 -0.104271 -0.212169 0.169876 -0.205261 -0.099103 -0.408530 -0.184248 0.270236 -0.005480 0.059022 0.150458 -0.300133
2 -1.362480 5.827338 -0.412981 -0.650536 -1.047138 -0.609488 0.097432 -0.994876 -1.096554 -0.662570 2.290940 -0.519573 -1.068290 0.208776
2 -0.530623 4.029405 -0.088765 0.316041 -0.020646 -0.245350 -0.105208 -1.216299 -0.682074 -0.415685 -0.086319 0.009977 -0.373058 -0.591397
14 0.476102 -0.240644 0.045932 0.104638 -0.101726 -0.015647 -0.018388 0.177032 -0.963204 -0.326257 0.155659 0.145025 -0.202601 0.764080
7 -0.390675 -0.615543 -0.456233 0.303167 0.001139 0.795527 1.063239 0.099028 -0.505354 -0.337042 0.312039 -0.310625 -0.164852 0.206184
3 0.654103 -0.469480 2.814501 -0.004779 -0.650432 -1.360701 0.034531 -0.050396 -1.222488 0.215695 1.110380 -0.118248 -0.262556 -0.690130
13 0.005788 0.074516 -0.377935 -0.410106 0.545335 -0.534587 -0.142172 -0.020066 0.083901 -0.057501 -0.005378 -0.059320 1.297807 -0.400281
3 -0.988988 -1.148648 12.882450 -0.982104 -0.907016 -1.060308 -0.775189 -0.674269 -1.192603 -1.166679 -1.191989 -0.842412 -1.228632 -0.723614
6 -1.704597 -1.641157 -0.420127 0.048633 -1.245675 8.998743 -0.697658 -0.584668 -0.431433 -1.273580 -0.444303 -0.583441 0.718106 -0.738842
12 0.373175 -0.857534 0.184268 -0.433448 0.398625 -0.218868 -0.385990 -0.342741 -0.346060 0.542287 0.486118 1.094389 0.128744 -0.622964
6 -0.342020 -0.938620 0.344662 0.031867 0.326722 1.142279 -0.621371 -0.181838 -1.063144 0.448219 -0.004077 0.361617 -0.424019 0.919723
13 -0.043903 -0.423820 -0.273747 0.604478 -0.089645 -0.103507 0.668590 -0.838364 -0.585585 0.043545 -0.201580 -0.179900 1.581794 -0.158355
11 -0.814469 1.460552 -0.313915 0.099868 -0.344218 -0.185416 -0.162571 -0.466773 -0.416874 -0.555468 2.895425 -0.210379 -0.539752 -0.446009
13 1.042761 -0.317845 -0.057108 -0.398781 0.199019 -0.491446 -0.471949 0.433206 0.181584 -0.756210 -0.628330 -0.037453 1.399858 -0.097304
14 -0.094926 -0.711022 -0.300748 -0.635566 0.155438 -0.303986 -0.155327 -0.765845 -0.587104 0.303587 -0.268329 0.184233 -0.049084 3.228680
1 0.489113 -0.189910 0.047538 0.145889 -0.260641 0.233299 0.024260 -0.404009 -0.215657 -0.001884 -0.206202 0.128347 -0.154539 0.364395
14 -0.349308 -1.246342 -0.068235 -0.315306 -0.341834 0.142931 -1.230746 -0.749848 -0.312522 -0.036706 -0.321150 0.156463 -0.782487 5.455088
11 -1.438244 -2.001305 -1.793065 -0.866867 -1.057819 -1.902866 -2.984841 -1.714468 -1.539359 -1.935497 19.574068 -0.461273 -0.297946 -1.580517
7 0.058025 -0.060224 -0.333779 0.117313 -0.385749 -0.057778 1.811925 -0.615365 -0.287323 -0.570080 -0.026125 -0.030413 -0.280480 0.660052
6 -0.691288 -0.052061 -0.451769 -0.136538 -0.022510 2.915443 -0.209811 0.154191 -0.606906 -0.411439 0.034691 0.203331 -0.539015 -0.186320
4 -1.543419 -2.636137 -0.797247 20.183411 -1.941539 -1.775845 -1.883974 -1.060768 -1.215674 -1.562362 -1.151357 -1.299019 -1.823140 -1.492932
4 -1.709094 -2.131661 -1.448588 20.941398 -1.777724 -1.693772 -1.406888 -1.368445 -1.630501 -1.621848 -1.460803 -1.461874 -1.886325 -1.343875
4 -1.181381 0.038886 -1.418885 11.426726 -0.954690 -1.042804 -0.530184 -0.189709 -1.789141 -1.020544 -0.575247 -1.150510 -1.610831 -0.001687
7 -2.278180 -1.130904 -1.923438 -2.115978 -2.675117 -1.643137 26.796053 -2.496994 -1.873244 -2.249510 -2.571629 -1.806857 -2.308882 -1.722182
7 -2.903164 -2.118442 -2.494310 -2.670079 -2.533608 -3.085457 31.416953 -2.548695 -2.507514 -2.009050 -1.640739 -2.609975 -1.707802 -2.588117
7 0.823628 -0.671936 0.451337 -0.062692 -0.518644 -0.460764 2.173489 -0.447307 -0.503571 -0.213963 -0.401660 0.119542 -0.161527 -0.125932
7 -2.486137 -3.294707 -2.674378 -3.102720 -2.932558 -2.959502 36.742170 -2.646895 -2.690771 -2.592921 -2.504873 -2.722895 -2.862849 -3.270964
7 -2.130800 -2.061342 -2.018353 -2.300181 -2.043407 -2.359980 26.269213 -1.823871 -2.167573 -1.798295 -1.839350 -2.050428 -1.985662 -1.689970
6 -0.479718 -0.555451 -0.299498 -0.891607 -0.724330 8.939549 -0.374976 -0.689314 -1.057161 -0.669892 -0.663091 -0.622677 -1.081934 -0.829898
9 -0.493703 -0.061668 0.171721 0.448338 -0.050429 -0.084006 -0.185794 -0.064946 0.640883 -0.444493 0.335519 0.048685 -0.393243 0.133135
10 0.065700 -0.094483 0.729841 -0.010317 0.460891 0.580909 0.068774 -0.736494 -0.858578 0.738747 0.572010 0.661663 -1.485379 -0.693284
8 -0.459729 0.311601 0.621277 -0.478447 0.232896 -0.251149 0.189598 1.703639 0.040978 -1.200983 -0.183447 -0.351416 0.086430 -0.261246
2 -0.601382 1.066037 -0.734057 0.651785 -0.172240 -0.371273 0.026379 0.945963 -0.457096 -0.230539 0.536147 -0.290402 -0.078321 -0.291001
13 -0.100820 -0.494463 0.194996 0.017001 -0.812382 1.072329 -0.744270 -0.478809 -0.218802 0.150485 -0.960276 -0.596290 2.946845 0.024455
4 -2.424278 -1.766857 -1.774767 20.788756 -2.007534 -1.768951 -0.426994 -1.303545 -0.759214 -2.058609 -1.963051 -1.656239 -0.754092 -2.124624
4 -2.153136 -2.444816 -1.102774 20.467384 -1.749518 -1.958229 -1.651868 -1.621387 -1.580093 -1.056994 -1.554540 -1.240730 -0.687466 -1.665834
4 -2.141601 -2.310640 -1.130867 20.858687 -2.167728 -1.523907 -1.197941 -1.820903 -1.358909 -1.465271 -1.462618 -1.013387 -2.182769 -1.082145
11 0.004070 -0.180447 -0.100180 -0.301609 -0.365434 0.023243 -0.621323 -0.025066 -0.292667 -0.560077 2.540682 -0.183940 0.297860 -0.235111
7 -0.223212 0.149530 -0.165280 -0.353492 0.174023 -0.379401 1.090974 -0.011702 -0.520522 -0.012785 0.410211 -0.202773 0.193944 -0.149515
3 -0.243038 -0.441421 1.656585 -0.300349 0.270515 0.116255 -0.403747 -0.378282 0.680792 -0.503090 0.223748 -0.250155 0.046439 -0.474252
4 -1.764556 -1.421725 -1.338339 20.878580 -1.778164 -1.790249 -1.161953 -1.195129 -2.061771 -1.952556 -0.641980 -2.126009 -1.815909 -1.830239
5 -1.171598 -1.026908 -0.572417 -0.501428 10.915338 -1.316926 -0.932943 -0.477903 -1.348304 -1.036816 -0.591215 -0.245324 -1.177453 -0.516104
13 -0.337047 0.191286 -0.273156 0.278357 -0.250755 0.882277 -0.251380 -0.212143 -0.122415 -0.484011 -0.458535 -0.414740 1.063842 0.388420
9 -0.094140 -0.226585 0.147512 0.174972 -0.021510 -0.112559 -0.109125 -0.092993 0.250009 -0.112447 -0.018222 -0.039095 0.016527 0.237654
11 -1.200407 -0.983116 -0.547911 -1.465792 -1.409573 -0.945195 -0.787293 -1.385484 -0.785597 -1.781307 14.141209 -0.254458 -1.063445 -1.531630
11 -2.041576 -1.044880 -1.355978 -0.934597 -1.340536 -1.207677 -1.363923 -1.188030 -1.487378 -1.723429 17.530937 -1.053813 -1.349292 -1.439828
11 0.655230 -0.550087 -1.088136 -0.032380 -0.319461 1.174374 -0.726165 0.043133 -1.372380 -0.914268 3.230575 0.670078 -0.536410 -0.234105
6 0.235814 -0.593635 0.382539 -0.776181 0.343153 0.769214 0.073687 -0.380434 -0.002814 0.036728 -0.269548 0.003907 -0.095537 0.273108
1 14.147649 -0.805033 -1.081169 -1.430164 -0.990884 -1.281197 -1.144848 -1.032735 -1.337291 -1.849557 -1.359213 -1.285364 -0.524630 -0.025562
13 -0.292301 -0.381376 0.168619 -0.147060 -0.472854 -0.212810 0.149054 -0.400782 -0.805840 -0.492651 -0.116963 -0.474755 3.289572 0.190146
3 0.252205 -0.676352 3.088276 0.432589 -0.240106 -0.644383 -0.850974 -0.614373 0.511364 -0.139087 -0.868655 -0.513564 -0.322361 0.585418
4 -1.565706 -1.524975 -1.558757 21.078849 -1.664624 -2.201694 -1.670322 -1.330714 -2.169010 -1.631381 -1.470553 -1.624489 -1.614983 -1.051640
4 -0.771197 -1.052714 -1.091234 20.792986 -1.505439 -1.300972 -1.733663 -1.366164 -2.563813 -2.475960 -1.150445 -1.511166 -2.436226 -1.833992
2 -0.712405 5.028090 -0.124373 0.234465 0.040880 -0.453095 -0.473993 -0.947428 -1.129438 -0.702699 -0.656817 -0.235297 -0.467292 0.599403
3 -0.498067 -0.275725 0.847154 0.637786 -0.059293 -0.538114 -0.218617 -0.489613 -0.267191 0.349892 0.133671 0.278936 -0.192277 0.291459
1 0.000000 0.000000 0.000000 0.000000 0.000000 0.000000 0.000000 0.000000 0.000000 0.000000 0.000000 0.000000 0.000000 0.000000
2 -1.565894 5.303799 -0.102075 -0.160827 -0.133900 -0.222196 -0.422369 -0.246444 -0.827548 -0.391764 0.060025 -0.470756 -0.590458 -0.229593
13 -0.146585 -0.590265 0.189222 0.288019 0.181213 -0.474049 -0.222776 -0.338125 -0.890517 0.157298 -0.176839 -0.059887 1.887337 0.195955
1 14.509991 -1.782602 -0.920543 -0.516654 -0.923437 -0.796737 -0.896494 -0.816246 -1.220624 -1.856122 -1.070956 -1.434967 -1.497664 -0.776944
7 -2.829984 -2.666961 -2.541537 -2.631655 -2.855863 -2.885411 35.841892 -3.051229 -3.103004 -2.630006 -2.021443 -2.491342 -2.786389 -3.347066
6 -2.835074 -2.316955 -1.930883 -1.858444 -2.255048 26.449781 -2.480837 -1.224444 -1.672248 -2.428790 -1.681753 -2.136938 -1.871865 -1.756501
4 0.289646 -0.775744 -0.458091 0.566215 0.060690 0.323746 0.150681 0.224359 -0.483736 0.064102 0.147551 -0.035091 -0.342490 0.268164
13 -0.426325 -0.256922 -0.149978 -0.401147 0.785008 1.085388 -1.648588 -0.810351 -0.200466 0.466055 0.665835 -0.298035 1.337728 -0.148202
1 14.804945 -1.248653 -1.367727 -1.253666 -1.144189 -0.812645 -1.218364 -1.146491 -1.307949 -1.078026 -0.901285 -1.406720 -1.545946 -0.373283
3 -0.428448 -0.169375 1.042466 0.079123 -0.151936 -0.399628 0.380982 -0.191246 -0.666407 -0.034219 0.471344 0.013535 -0.453887 0.507695
10 -0.169034 -0.465854 1.122310 -0.583394 -0.074311 -0.335949 -0.587097 -0.363911 0.507746 1.534772 0.049246 -0.068076 -0.788911 0.222462
1 1.374505 0.166893 -0.636437 0.364114 0.004764 0.130690 -0.408319 -0.444391 -0.572408 -0.415977 0.133251 -0.122348 0.209368 0.216295
8 -0.113180 -0.417462 -0.038113 -0.567861 0.873848 -0.294500 -0.349030 1.738497 -0.228134 -0.171011 0.224612 -0.251603 0.067685 -0.473748
7 -2.263314 -2.146477 -1.634196 -1.835412 -1.855261 -2.300899 24.798387 -1.825615 -2.479093 -2.549079 -1.897895 -1.991053 -0.052600 -1.967493
8 0.000000 0.000000 0.000000 0.000000 0.000000 -0.004394 -0.007602 0.199760 -0.127517 -0.000403 -0.019722 0.000000 -0.040122 0.000000
11 -0.090449 0.201052 -0.171087 -0.472518 0.067387 0.209396 -0.416330 -0.293958 -0.358674 -0.497979 2.346529 -0.213604 -0.284429 -0.025335
10 0.017269 -0.430695 -0.091504 -0.187935 -0.325549 0.029379 -0.690055 -0.268166 -0.588947 2.202669 0.187605 0.282360 -0.226864 0.090434
14 0.001486 -0.047927 -0.069437 -0.542391 -0.043256 -0.079110 0.294205 -0.165171 0.315689 -0.452787 -0.347091 0.521715 -0.467123 1.081199
13 -0.372750 -0.532026 0.728774 -0.289472 -0.098792 -0.032607 -0.164133 -0.226250 -0.541855 -0.184970 -0.174632 -0.169930 2.292399 -0.233755
2 6.104850 8.621953 -2.022479 -1.498054 -1.241747 -0.598251 -1.731762 -1.224426 -1.327786 -1.705551 0.178099 -1.414110 -1.031689 -1.109045
6 0.002474 0.000000 -0.157989 -0.182887 -0.176803 0.611108 -0.006354 -0.045816 0.070261 -0.056266 -0.096524 0.090506 0.185748 -0.237458
2 -0.333622 5.500280 -0.621250 -0.549036 -0.180846 -0.299188 -0.790352 0.291287 -0.456781 -0.781713 -0.202849 -0.942545 -0.598188 -0.035196
4 -0.358401 0.152972 0.084212 0.340339 0.093678 -0.059457 0.085462 -0.061026 -0.547151 -0.003888 0.266798 0.188405 -0.316719 0.134778
4 -2.188249 -2.681702 -2.343447 20.210394 -2.574561 6.994304 -2.343227 -1.744740 -2.104452 -2.469445 -2.378467 -2.101054 -2.009572 -2.265781
1 24.887894 -2.079396 -1.803450 -1.869669 -1.922119 -1.998765 -1.950377 -2.097018 -1.494480 -1.954209 -1.686572 -1.872479 -2.090913 -2.068448
1 24.511661 -1.363925 -2.070203 -1.726704 -1.832584 -1.546441 -2.450684 -1.970789 -1.961374 -1.724463 -1.399103 -2.255993 -2.098638 -2.110760
1 15.991489 -1.410920 -1.405149 -1.680874 -1.767769 -1.206348 -0.991713 -0.976805 -0.923118 -1.019554 -0.996180 -0.792979 -1.171326 -1.648755
8 -0.923688 0.926833 -0.321975 -0.604976 0.469300 -0.816098 -0.417513 1.418250 0.865118 0.015793 1.205224 -1.319381 0.016487 -0.513374
4 -1.713419 -1.869742 -1.639537 22.287344 -2.050908 -1.468933 -1.728202 -1.610708 -2.100421 -1.823754 -1.321861 -1.625229 -2.319944 -1.014687
7 -0.200904 -0.431463 -0.147204 0.006559 -0.150018 -0.210329 0.925057 -0.102599 0.294453 -0.447210 -0.030327 -0.035956 0.042145 0.487795
2 -0.915251 6.953537 -0.593092 -0.309738 -0.879047 -0.416429 0.226517 -0.515114 -0.306783 -0.150841 -0.625624 -0.558215 -0.733361 -1.176559
1 1.833771 -0.538480 0.082496 0.199983 0.089336 -0.176020 -0.221480 -0.221243 -0.250309 -0.248850 0.031723 0.237842 -0.440053 -0.378717
10 0.345262 -0.485732 -0.351926 -0.918509 -0.238457 0.550629 1.238630 0.449438 -0.856637 1.301101 -0.172414 -0.562245 -0.263712 -0.035428
13 -0.054704 0.235200 0.035467 0.166653 -0.604299 -0.603010 -0.198023 -0.538742 0.439030 -0.249484 0.194238 0.353475 0.491608 0.332592
9 -0.149181 -0.606608 0.149585 -0.648399 0.760409 0.576942 -0.819145 -0.358458 1.735648 -0.064318 -0.020187 -0.412808 0.132276 -0.275756
9 -0.525634 -0.380450 0.313934 -0.736476 0.207805 0.037539 -0.323421 0.400278 1.139975 0.025674 0.027676 -0.425281 0.235261 0.003120
5 -0.347224 -1.440033 1.180830 -0.308935 4.997795 0.499854 -0.057722 0.301332 -0.643604 -1.043516 -0.900145 -0.499151 -1.642479 -0.097002
4 -1.148798 -1.832894 -1.514905 21.258013 -2.062123 -1.739445 -1.818667 -1.355425 -1.645924 -2.085119 -1.451428 -1.349479 -1.528741 -1.725065
4 -2.110251 -1.305993 -1.109740 20.967580 -1.299920 -1.758676 -1.247351 -1.685149 -1.413387 -1.918333 -2.097701 -1.000224 -2.138099 -1.882755
4 -1.573127 -1.863616 -1.167308 22.723832 -1.967071 -1.845972 -2.473183 -1.787411 -2.252097 -0.675943 -1.445376 -1.397078 -2.648329 -1.627320
4 -1.211262 -0.894417 -0.776032 12.126195 -0.953106 -1.131881 -0.927700 -0.670516 -1.181868 -0.923519 -0.680531 -0.728600 -1.223965 -0.822799
4 0.204602 -1.041522 -0.405294 2.050606 -0.310092 0.399357 -1.367630 0.622061 0.302575 -0.359219 -0.695258 0.141979 0.207734 0.250101
1 13.793699 -1.433432 -1.158449 -1.388448 -1.085260 -1.026750 -1.655726 -0.525290 -0.863809 -0.888914 -1.096909 -0.605722 -0.960050 -1.104940
7 -0.183591 -1.249722 0.216086 -0.451288 -0.341976 0.187039 2.404469 -0.157656 -0.394665 -0.072889 0.195437 0.146737 -0.042733 -0.255247
8 -0.218272 -0.839878 -0.434335 0.368125 -0.167510 -0.221013 -0.512754 3.730812 -0.502540 -0.095815 -0.336849 -0.372109 -0.000129 -0.397731
1 15.800615 -1.495652 -1.255688 -1.135048 -1.055057 -2.049253 -1.589384 -1.285042 -0.768226 -1.771867 -0.977043 -1.205644 0.127464 -1.340175
1 15.602995 -1.280356 -1.045028 0.091719 -1.470368 -1.686452 -0.962688 -1.691510 -0.772909 -1.804331 -1.171777 -1.166904 -1.124453 -1.517937
3 -0.488061 -0.926201 2.420944 0.975592 -0.643906 -0.325869 0.250123 -0.603666 -0.249768 -0.535627 0.271114 0.152718 -0.046197 -0.251194
3 -0.532032 -0.437725 4.974860 -0.655526 -0.758458 -0.226323 0.005179 0.390681 -0.028030 -0.328857 -0.556891 -0.544487 -0.637459 -0.664934
1 9.869479 -1.064593 -1.029103 -0.690814 -0.613877 -0.653507 -0.730998 -0.738053 -0.149503 -1.187501 -0.352423 -1.114262 -0.735365 -0.809480
3 -0.620932 -0.621425 11.445370 -1.066773 -0.601095 -0.930235 -0.818428 -0.557408 -0.958341 -1.079178 -0.659735 -0.948562 -1.358297 -1.224961
14 0.020100 -0.656827 -0.586198 -0.383748 0.371255 0.215425 0.085279 0.634429 -0.822903 0.097441 0.160300 0.106947 -0.007484 0.765983
14 -0.636281 -1.315114 0.026741 -0.057836 -0.042192 -0.216600 -0.169902 0.053290 -1.239558 -0.414560 0.107644 -0.372147 -0.670656 4.947171
8 -0.442514 -0.081554 -0.313673 0.296070 -0.766183 -0.758131 1.268024 3.690732 -0.530023 0.308887 -0.680890 -0.687148 -0.652854 -0.650743
3 -0.088426 -0.812795 5.384853 0.339838 -0.365412 -0.434179 -0.395329 -0.999965 -0.157566 -0.582071 -0.209735 -0.315559 -0.965963 -0.397692
6 -1.174164 -0.841751 -0.905476 -0.734389 -1.176118 10.655104 1.258548 -1.261854 -0.861917 -1.062075 -0.885995 -0.783916 -1.253255 -0.972742
13 -0.159683 -1.061290 1.079488 -0.882918 -0.435971 0.211631 -0.646605 -0.804292 0.333180 0.242692 0.167949 0.432478 1.360210 0.163130
3 -0.658359 -1.103058 8.694472 -1.178401 -1.059571 -0.615589 -0.655784 -0.757326 -0.585079 -0.588028 -0.358926 0.076607 -0.972392 -0.238565
14 0.074948 -0.234242 0.166232 -0.024491 0.054083 -0.082239 -0.174444 -0.029128 0.163153 -0.327982 -0.076521 0.101572 0.022309 0.366749
11 -0.688153 -0.661296 -0.474082 -0.295710 0.209406 -0.587152 0.786562 0.080078 -0.367553 -0.380113 2.689510 -0.471338 -0.366463 0.526304
11 -0.942511 -0.266057 -0.436264 0.626722 -0.515118 -0.267481 0.090706 0.076241 -0.029542 0.137758 2.172284 0.467271 -0.278758 -0.835250
11 -1.709240 -1.907326 -1.438724 -0.848465 -1.377179 -1.851135 -1.578439 -1.139668 -1.634102 -1.713595 19.189570 -1.227117 -1.490026 -1.274554
11 -0.701799 -0.005693 -0.437795 -0.048192 0.408761 -0.216841 -0.515851 -0.003025 -1.215574 -1.060467 4.443515 -0.001971 -0.370644 -0.274426
1 15.531982 -1.198659 -0.255292 -1.388815 -0.846199 -0.927106 -1.608355 -1.118169 -1.433195 -1.520846 -1.746734 -1.089237 -1.363147 -1.036229
5 -0.400039 -0.812575 -0.595927 -0.515400 7.701147 -0.457069 -0.435418 -1.030927 -1.162216 -0.289191 -0.235802 -0.871669 0.047714 -0.942630
4 -2.039036 -1.320370 -2.120743 22.362239 -0.932184 -1.501040 -1.793585 -1.564336 -1.568762 -1.667643 -2.309728 -0.994552 -2.386427 -2.163833
7 -2.568214 -1.968350 -2.322165 -2.442952 -2.144566 -2.673459 31.320745 -2.579836 -2.462262 -2.077441 -3.408439 -2.425119 -1.992001 -2.255940
3 0.396709 -0.576050 0.961924 -0.217088 -0.023783 0.593580 0.197717 -0.164072 0.210645 0.661955 -0.505274 0.060060 -1.802113 0.205789
5 -0.967960 -0.116654 -0.483363 0.547580 6.161341 -0.165673 -0.396078 -0.500121 -0.839900 -0.780124 -0.621246 -0.392541 -1.163154 -0.282108
4 -1.032852 -1.567193 -1.686494 21.040126 -1.462331 -1.694760 -1.642050 -1.465790 -1.713015 -0.668442 -2.073841 -1.390729 -2.163020 -2.479608
6 -1.925940 -2.235111 -2.447756 -2.349190 -2.107362 27.618488 -2.360621 -1.918636 -1.882335 -2.011095 -2.284812 -2.194593 -2.003402 -1.897634
8 -0.713236 -0.559296 -0.020410 -0.135624 -0.126810 0.629507 -0.139262 1.913485 -0.397047 -0.339765 -0.602158 0.927631 0.246214 -0.683228
6 -1.589121 -1.488189 -1.095076 -1.288296 -1.273325 18.506419 -1.697761 -1.552129 -1.270220 -1.310592 -1.199559 -1.511626 -1.733778 -1.496748
6 0.050843 -0.394175 -0.357769 -0.274483 -0.400967 1.811603 0.123165 -0.361262 0.870486 -0.553180 -0.385776 0.031233 -0.312742 0.153023
11 0.583181 0.198763 0.400456 0.134689 -0.465806 -0.163499 0.339252 -0.095659 0.395915 -0.227454 0.694604 -0.438320 -0.926432 -0.429691
13 -0.158797 -0.825258 -0.216732 0.060966 -0.286917 -0.463093 -0.635717 -0.502746 1.012770 -0.265817 -0.582158 -0.551913 3.841532 -0.426120
13 0.702840 0.155511 0.059145 -0.410333 -0.359215 -0.058570 -0.303742 -0.448456 -0.324087 -0.253879 0.283136 -0.032104 1.433002 -0.443248
14 -0.012125 -0.248607 -0.109388 -0.155820 0.024520 -0.016606 -0.179148 0.443818 -0.001593 -0.242758 -0.060954 -0.119512 0.024740 0.653432
9 -0.940950 -0.392823 -0.516136 -0.621446 0.847750 -0.187128 0.007250 -0.256831 2.334170 0.099168 -0.089406 -0.555913 0.198028 0.074268
1 1.281145 -1.181758 0.354747 -0.235951 -0.537437 -0.354311 -0.160694 -0.365911 -0.246605 -0.166046 0.377869 1.202081 -0.159268 0.192139
4 -1.890669 -2.121076 -1.420504 20.645156 -1.883342 -1.695104 -1.564221 -0.974197 -1.165599 -2.054590 -1.732136 -1.322633 -1.665676 -1.155409
14 0.426179 -0.855037 -0.150543 -0.363730 0.097888 -0.019178 -0.023454 0.027263 -0.138375 -0.487936 -0.263668 0.190879 0.561421 0.998291
4 -1.494127 -1.455429 -1.580791 13.794339 -1.159601 0.364259 -1.135397 -1.713747 -1.971904 -1.184062 -0.405453 -0.770234 -0.014741 -1.273113
4 -2.003347 -1.447248 -2.407420 23.987957 -2.105055 -1.523882 -0.783803 -1.495995 -2.252657 -2.399411 -1.377772 -2.194459 -2.243558 -1.753350
3 -1.354910 -0.018448 12.302611 -1.365304 -1.001504 -0.323751 -0.589814 -1.202115 -0.679252 -1.101198 -0.533481 -0.890721 -1.456704 -1.785409
3 0.936252 -0.114604 1.555240 0.581415 -0.779642 0.000925 -0.635695 -0.026670 -0.759259 0.104476 0.024255 -0.129666 -0.476590 -0.280438
8 0.087418 0.291365 -0.418131 -0.062399 -0.278980 -0.129204 -0.242206 0.332680 0.297445 -0.163724 -0.097215 0.198618 0.252423 -0.068090
11 -0.176140 -0.164640 0.015081 0.150030 0.307932 0.343577 -0.470855 -0.085766 -0.497778 0.095746 0.398272 -0.210871 -0.014390 0.309802
13 -0.656145 -0.092614 0.223985 0.644748 0.083280 -0.313430 0.391178 -0.204949 -0.303629 -0.662336 0.068658 -0.033727 0.648191 0.206792
14 -0.293445 0.485973 -0.331330 0.024537 -0.142869 0.237901 0.054495 -0.021134 -0.335965 -0.231904 0.627352 -0.483951 -0.479783 0.890122
5 -0.905924 0.108026 0.170183 -0.620410 0.888193 0.360025 0.531736 0.807819 -1.288537 -0.529999 0.502299 0.035344 -0.912003 0.853249
4 0.704612 -0.956613 -0.471060 0.942859 -0.210052 -0.211975 -0.072987 0.069692 -0.181165 -0.265400 -0.170144 0.112435 0.540640 0.169156
8 0.507341 -0.859677 0.234137 -0.567169 0.205217 0.640310 -0.482585 0.650892 -0.241177 0.099065 -0.342088 -0.748627 0.332736 0.571624
4 -1.386700 -2.216946 -1.441327 20.536313 -1.950768 -1.523292 -1.823803 -0.769064 -0.972228 -2.432175 -1.455659 -1.593404 -1.787728 -1.183217
4 -1.672746 -2.135064 -1.460215 20.938142 -1.673664 -1.771081 -1.463037 -1.118640 -1.685483 -1.683274 -1.564159 -1.415477 -1.384490 -1.910811
1 0.743711 0.113878 0.101338 -0.210413 -0.264949 0.342247 -0.029406 0.127871 -0.162257 -0.171653 -0.182025 0.016644 -0.374081 -0.050905
12 0.140023 0.500889 0.087450 -0.782730 0.515760 0.159243 -0.937160 0.833820 -1.128428 -0.492723 -0.493830 1.787434 -0.024363 -0.165386
1 7.722701 -0.236625 -0.068126 -0.486536 -1.478747 -0.157181 -0.846800 -1.109076 -0.342462 -0.527706 -0.644454 -0.247688 -1.002977 -0.574322
14 0.107744 -0.579751 0.054493 -0.040724 -0.269948 0.300207 0.092659 -0.307165 0.330280 -1.016501 -0.731178 -0.111215 0.035380 2.135716
1 0.784349 0.516300 0.293601 -0.409444 -0.057028 0.008412 -0.356350 -0.486322 -1.166428 0.751357 0.510762 0.414198 -1.078906 0.275500
4 -0.997821 -1.836999 -1.002633 12.743671 -1.321209 -1.055831 -0.576653 -0.802506 -1.107233 -0.774972 -1.086601 -0.270940 -1.706237 -0.204034
5 -0.633029 -0.595817 -0.685411 -0.071768 7.540544 -0.975411 -0.830177 -0.920930 -0.367041 -0.640058 -0.260721 -0.311815 0.114346 -1.362712
4 -1.555689 -2.046691 -1.948524 21.891632 -1.129647 -2.192456 -1.975583 -1.523430 -1.780022 -0.164202 -1.608890 -1.405142 -2.844052 -1.717304
14 -0.028953 -0.999478 -0.210898 -0.525725 -0.234965 -0.153909 -0.196878 -0.428775 -0.147790 -0.629093 0.146822 -0.862485 -0.186873 4.459001
5 0.156607 0.152242 -0.156888 -0.077666 0.217219 0.063663 -0.049356 -0.200751 -0.010360 -0.068571 -0.085990 0.033174 0.040451 -0.013775
7 -0.209568 0.030576 -0.228494 -0.278597 0.150150 0.202918 0.224700 0.143051 -0.044357 -0.053285 -0.018248 -0.018084 -0.044333 0.143570
4 -1.769137 -2.209670 -1.759350 20.912472 -2.104630 -1.245843 -0.363443 -0.819010 -1.722607 -1.665338 -1.883242 -1.383242 -1.678681 -2.308280
10 0.476171 -1.873580 1.205211 -0.594762 -0.629004 -0.081600 -0.111352 -0.590635 -0.200006 2.020100 -0.063446 1.832688 -1.087194 -0.302592
14 -0.194466 -0.688907 -0.063461 -0.489804 0.433657 0.080726 -0.301598 -0.295575 -0.356039 0.534106 0.120650 -0.350492 0.100890 1.470313
6 -1.846254 -1.077311 -0.998256 -0.957873 -1.277853 15.636995 -1.691977 -1.386313 -0.593011 -0.942029 -1.036036 -1.230089 -1.137499 -1.462492
13 -0.303787 0.146469 -0.269884 -0.267093 0.212352 0.511666 -0.693772 -0.580413 0.398013 -0.218659 -0.060617 0.380649 0.895676 -0.150598
11 -0.123636 -0.193320 -0.099764 0.398619 0.032031 0.131316 0.124361 -0.430125 -0.002386 -0.091544 0.444475 -0.102469 0.140629 -0.228187
4 -2.495694 -1.996147 -1.819480 21.795331 -2.155464 -0.374438 -1.555606 -1.048840 -1.945559 -2.166809 -1.496151 -1.170153 -1.766793 -1.804197
10 -1.132319 -0.364206 -0.514784 -0.179198 -0.127484 -0.636191 -1.066616 -0.293208 -0.064652 6.329649 -0.632395 -0.565467 0.163110 -0.916239
8 -0.236839 0.438054 -0.227428 -0.461038 -0.376465 -0.458572 -0.704247 3.310986 -0.273718 1.477848 -0.725857 -0.642605 -0.547246 -0.572872
8 -0.474846 -0.107142 0.212238 -0.256026 -0.678245 0.184050 -0.398836 2.877001 -0.160080 -0.192153 -0.414886 -0.500094 0.067663 -0.158644
1 14.098418 -1.749203 -0.814331 0.122918 -0.609787 -1.973402 -1.332172 -1.338897 -0.508766 -1.786910 -0.973463 -1.895220 -0.694986 -0.544201
4 -1.004969 -0.237608 -0.941137 11.833493 -1.117011 -1.152801 -1.654015 -0.404499 -1.192687 -1.059061 -0.690273 -1.167851 -0.301361 -0.910220
5 -0.240689 -0.932993 -0.272879 -0.437883 5.877696 -0.812650 -1.022300 0.198426 -0.510117 -0.583961 -0.881047 -0.747189 0.847080 -0.481496
11 -1.284666 -0.374037 -1.305945 -0.409220 -0.546823 -1.571231 -0.900067 -1.348355 -1.519313 -0.915809 14.608710 -1.330031 -1.505345 -1.597869
4 -0.173311 0.086461 0.267055 0.462830 -0.075087 -0.253359 0.370804 -0.117457 -0.714720 -0.213160 0.256162 0.211949 -0.489063 0.380895
1 0.762197 -0.947170 0.040298 -0.246514 -0.298319 0.090330 0.062121 0.064485 0.487008 0.622049 -0.683006 0.430278 -0.105554 -0.278201
8 -0.340155 -0.522859 -0.457760 0.253318 0.675439 0.404623 -0.328469 1.193552 0.362496 -0.247295 -0.193758 -0.168254 -0.423256 -0.207621
5 0.515081 -0.075039 -0.020231 0.447871 0.965387 -0.037569 -0.379623 0.687823 -0.533982 -0.739703 -0.845700 0.069924 0.270278 -0.324517
4 -0.295350 -1.075731 -0.120143 1.969408 0.728639 0.342117 -0.658780 -0.323831 0.365895 -0.530988 -0.373790 -0.227980 0.248137 -0.047603
1 1.291217 -0.109492 -0.297544 -0.369448 0.319100 -0.669451 0.001281 -0.079234 -0.323575 0.080500 -0.048129 -0.135969 0.113681 0.227063
4 -2.135091 -2.429180 -1.064956 21.389986 -1.840952 -1.616205 -1.963731 -0.938555 -1.264270 -2.006469 -1.718683 -1.233629 -1.775800 -1.402467
7 -1.089678 -0.328967 -1.012651 0.792213 0.346172 0.293413 1.317063 0.320008 -0.906472 -0.332447 0.666730 0.334116 -0.325471 -0.074029
13 -0.197032 0.625546 -0.241501 0.408493 -0.384103 0.130086 -0.946114 -0.438794 -0.001082 0.733250 -0.481897 -0.248041 0.858169 0.183019
1 8.542251 -1.889830 -0.329205 -0.403969 -0.710408 -0.735227 -0.935261 -1.405920 -0.283674 -0.269926 -0.762152 0.985952 -1.382388 -0.420242
6 -0.655707 -0.971331 -1.360726 -1.128259 -0.585046 11.873760 -0.954649 -0.749199 -0.769505 -1.348593 -0.407643 -1.430930 -0.977855 -0.534316
3 -0.330094 -0.933134 2.767976 -0.939670 0.407258 -0.089524 0.244559 -0.434483 -0.603737 -0.311772 -0.214422 0.554385 -0.027451 -0.089890
5 0.091766 0.865971 -1.528677 -0.399649 5.835997 -1.145968 -0.548890 0.903682 -0.755053 -0.839682 -1.271183 0.157035 -0.300980 -1.064368
8 -1.128020 -0.682342 -0.502243 0.495830 -0.453671 0.316160 -0.572284 4.879976 -0.890459 -0.943510 -0.415962 0.444311 -0.500464 -0.047320
14 -0.325438 -0.183594 0.182551 -0.346180 0.354458 -0.467064 -0.028161 0.060252 -0.154241 0.222219 -0.114442 -0.013126 0.203830 0.608936
1 0.872708 0.244666 0.072254 -0.066641 -0.038646 -0.092032 0.237840 0.012078 -0.653531 0.040905 0.376204 -0.082755 -0.546679 -0.376371
6 0.868766 -0.947692 -1.147935 0.242546 -0.501145 4.737685 -1.098789 -0.589959 0.115957 -0.933588 -0.633344 0.667073 -0.161014 -0.618562
12 -1.037226 0.016146 -0.364354 0.749265 -0.170106 0.303840 -0.495474 0.853769 -0.171853 -0.883368 -0.125850 1.062812 0.417672 -0.155275
3 -0.107268 -0.481879 4.475209 -0.059163 -0.317516 -0.308163 -0.132905 -0.371861 -0.478528 -0.313522 -0.632106 -0.585184 -0.431625 -0.255489
12 0.173019 -0.026978 0.108946 -0.322016 -0.140389 -0.271224 0.487185 -0.188747 0.359892 -0.153167 -0.174361 0.685476 -0.282168 -0.255467
14 -0.058517 0.156500 -0.587192 -0.099813 -0.541833 0.641426 -0.679750 -0.237756 0.071211 0.366418 -0.746008 0.582741 0.334144 0.798427
6 0.122796 -0.379031 0.121735 -0.365167 0.343846 0.765033 -0.372147 -0.021804 -0.765235 -0.252283 0.281099 -0.297259 0.161449 0.656969
11 -0.548927 -0.359339 -0.783980 -0.529140 -0.650493 -1.151210 -1.131688 -0.303197 -0.533501 -0.171453 7.370297 -0.441907 -0.848876 0.083415
13 -0.071133 0.249766 0.070920 -0.004088 -0.043278 -0.122274 -0.089387 -0.190476 -0.268499 0.227284 -0.132385 -0.201407 0.538781 0.036176
14 -0.196647 0.102649 -0.165940 -0.199116 -0.121452 -0.147765 -0.227034 -0.391475 0.153281 0.451528 0.028736 0.544410 -0.396093 0.564918
1 26.274259 -2.150063 -1.932924 -1.893919 -1.908277 -2.213833 -2.656026 -2.005317 -2.035561 -1.776085 -2.071960 -1.604438 -1.894540 -2.131317
12 0.161237 -0.225347 -0.348256 -0.296928 0.155483 -0.228000 0.515328 -0.528396 0.049733 -0.457451 -0.095293 0.867304 0.110322 0.320263
12 0.074013 -0.877915 0.547448 0.260169 0.005589 -0.299261 -0.383574 -0.098177 -0.587343 0.519525 0.325205 0.695719 0.386830 -0.568227
3 -0.219326 -0.390391 0.866111 -0.493354 0.103115 -0.105732 0.148173 0.282412 -0.194081 -0.471428 -0.218518 0.223517 0.373773 0.095728
1 13.927197 -1.310682 -0.979304 -1.153938 -1.280471 -1.566827 -1.027258 -1.098315 -0.622707 -1.330320 -0.586726 -1.208098 -0.757787 -1.004766
1 9.616392 -1.391981 -0.668130 -0.792430 -0.127700 -0.218320 -1.297765 -0.372433 -0.972228 0.117884 -1.115054 -1.016159 -1.378404 -0.383670
12 -0.540202 0.538115 -0.456122 -0.275963 0.241659 -0.255843 -0.054860 -0.519129 -0.367600 0.226571 0.007642 0.687234 0.557769 0.210731
6 -0.136592 0.202764 -0.409812 -0.962021 -0.184837 5.795385 -0.799678 -0.822699 -0.670444 -0.892343 -0.311736 -0.682360 0.630823 -0.756450
5 -1.295687 -0.410211 -0.214395 -0.751192 5.666826 -0.805879 0.256383 0.864376 -1.436450 -0.354213 -0.643003 -0.753721 -1.074916 0.952082
6 0.123392 0.234372 -1.285395 -0.328478 -0.441363 4.768681 -1.071626 0.104115 -0.506823 -0.461670 -0.733557 -0.726149 -0.308575 0.633076
3 0.060937 -1.027672 1.570103 -0.046531 -0.700667 -0.417350 -0.869808 -0.374269 -0.214763 0.082201 0.811072 1.135507 0.353721 -0.362481
12 0.572071 0.742725 -0.414911 -0.357970 -0.239254 0.612113 0.200197 0.456595 -1.049894 -0.410958 -0.894908 0.762142 -0.531206 0.553258
3 -0.681925 -0.966830 8.694472 -1.141571 -1.025010 -0.618584 -0.678365 -0.738376 -0.660971 -0.597198 -0.317187 0.028645 -1.035382 -0.261718
10 -0.045362 -0.183677 0.025099 -0.473991 0.046877 0.427085 -0.257221 -0.600321 0.081801 0.908352 -0.012179 0.035880 -0.427960 0.475616
6 0.029013 -0.150698 0.115227 0.303564 -0.345736 0.651734 -0.104908 -0.210897 0.017482 -0.182011 -0.088324 -0.133292 0.225047 -0.126201
3 -1.072276 -0.205988 3.271929 0.021353 0.303408 -0.668948 -0.161786 -0.379085 -0.217014 0.256748 0.644218 -0.661500 -0.839281 -0.291779
10 -0.730801 0.113034 0.103977 0.042661 -0.237154 -0.318898 -0.919317 -0.693368 -0.534484 5.090504 -0.538099 0.321720 -1.102424 -0.597350
10 -0.476095 -1.220137 0.161808 -0.003332 0.951563 -0.067308 -0.319755 -0.451255 -0.711501 1.261521 0.344798 0.759252 -0.797745 0.568186
7 -2.135993 -2.227217 -2.211229 -2.227745 -2.377007 -2.252837 29.764282 -2.234746 -2.029326 -2.031099 -3.492302 -2.128025 -2.172581 -2.244175
11 -0.492726 -0.180891 -0.108849 0.581234 -0.386348 0.258992 0.137015 0.329870 -0.878715 -0.832720 1.021769 0.325894 0.042654 0.182821
12 -0.889196 -0.282333 0.153321 0.091080 -0.417429 -0.439413 0.232410 -0.225553 -0.453674 -0.293647 0.461290 3.416341 -1.176579 -0.176619
4 -0.358401 0.152972 0.084212 0.340339 0.093678 -0.059457 0.085462 -0.061026 -0.547151 -0.003888 0.266798 0.188405 -0.316719 0.134778
11 -1.496123 -1.694939 -0.442538 -0.675101 -0.016088 -1.082521 -1.197898 -1.372038 -0.025780 -1.472916 10.982794 -0.295228 -0.763262 -0.448362
11 -2.479776 -1.523298 -1.364849 -1.424715 -1.320009 -1.466115 -2.078507 -1.398629 -1.840337 -1.719323 20.826750 -1.199278 -1.551096 -1.460817
2 0.035966 1.076029 0.440359 -0.611628 0.242411 -0.365524 -0.052094 0.663236 -1.020008 -0.498349 0.308051 -0.183553 -0.159867 0.124971
3 -0.645519 -0.966830 8.261753 -1.119719 -0.813197 -0.610090 -0.608632 -0.701609 -0.625801 -0.544958 -0.378925 0.044020 -1.023231 -0.267261
11 -0.521002 0.699820 -0.405334 -0.185606 -0.206205 -0.714914 0.557746 0.033199 -0.812801 0.003898 1.642518 -0.105978 0.129796 -0.115136
14 -0.607152 -0.043088 0.312829 -0.049983 0.162504 0.085876 0.066002 -0.530669 -0.949509 -0.379740 -0.130596 0.380525 0.775319 0.907682
11 -0.680016 -0.038427 -0.132603 -0.376276 0.577958 -0.388365 0.062699 -0.166566 -0.799695 0.001292 1.661142 0.315326 0.061469 -0.097936
7 0.279323 0.227940 -0.780158 -0.026948 -0.143442 0.049007 0.672880 0.136680 -0.207652 -0.679603 0.479849 -0.236809 -0.210775 0.439708
4 -0.184433 0.511908 0.034408 0.930212 -0.181869 -0.087009 0.200057 -0.271378 -0.576485 -0.121125 0.189262 0.025823 -0.243993 -0.225376
10 -0.132991 -0.404040 0.647104 -0.447719 -0.090441 -0.268618 0.014850 0.160083 0.179722 1.066903 0.890544 -0.138081 -0.826209 -0.651107
11 -1.485263 3.993202 -1.204335 -0.956029 -0.868236 -1.725585 -0.220712 -1.217293 -1.537601 -1.391655 10.260942 -1.295326 -1.445071 -0.907037
10 -0.361439 -0.257617 -0.334014 -0.306242 -0.104257 -0.198097 0.128583 -0.381432 -0.358651 2.552565 -0.312165 0.086730 0.302646 -0.456610
11 -0.852429 -0.798165 -1.373253 -0.552089 -0.222837 -0.631271 -1.792173 -0.870486 -1.689760 -0.458109 11.758005 -0.278879 -1.620506 -0.618048
11 -0.833683 -0.483372 -0.514658 -0.214455 -0.464089 -0.643364 -0.680910 -0.087456 -1.592236 -0.085602 6.737916 -0.156398 -0.649467 -0.332227
6 -0.088231 -1.004612 -0.826074 0.552172 -0.523442 7.122457 -0.654677 -0.704864 -0.961616 -1.099786 -0.629625 -0.073519 -0.935269 -0.172915
13 -0.164764 -0.999658 -0.384643 -0.790446 -0.001390 -0.373425 0.061666 -0.296012 0.253317 -0.791432 -0.342893 0.002710 3.698959 0.128012
5 -0.449663 1.965051 -0.945257 -0.144102 6.111112 -0.681615 -0.681134 -0.049582 -0.794425 -0.809264 -0.796106 -1.072919 -0.594342 -1.057754
2 -0.781534 1.704565 -0.718962 0.096879 -0.282349 0.137804 0.360935 0.292280 -1.259105 0.033121 0.208286 0.101320 -0.466079 0.572838
14 -0.275489 0.626831 0.001645 0.004558 -0.276416 -0.705153 0.212650 0.307649 -0.507210 0.045684 0.451803 0.077501 -0.661250 0.697197
14 -0.285874 0.142337 -0.351468 -0.239376 0.123678 -0.564050 -0.255301 0.293980 -0.971424 -1.079581 1.003888 -0.165853 0.477538 1.871506
11 -1.042783 0.107470 -0.189575 0.144661 0.673448 -0.288236 0.508066 0.185105 -0.893449 -0.432940 0.712565 0.628684 -0.432713 0.319696
8 -1.203196 0.741453 -0.376981 1.107498 0.018058 0.148365 0.028888 1.280620 -0.973314 0.618003 -0.028820 -0.477561 -0.811405 -0.071609
5 -0.549143 0.035515 0.506209 -0.731163 4.834308 -0.448807 -1.149233 0.105282 -0.771645 0.558950 -0.107938 -0.571164 -1.198663 -0.512508
9 0.242210 0.364448 -0.475836 -0.685223 -0.230898 -0.274164 -0.673977 0.652456 1.025633 -0.400286 0.510585 -0.047692 0.202106 -0.209363
12 -0.001352 -0.515143 -0.264586 0.391913 -0.141395 -0.067765 -0.793733 -0.489545 -0.219437 0.265064 -0.263747 1.135428 0.299532 0.664765
5 -0.435272 0.063045 0.096416 -0.202997 1.576664 -0.358890 0.213052 -0.494067 -0.654876 -0.049221 -0.030091 -0.323897 0.671536 -0.071403
2 -0.698411 3.965218 -0.091840 -0.178556 -0.081941 -0.432754 -0.202499 -0.211153 -0.843663 -0.711209 0.079447 -0.103616 -0.425560 -0.063466
13 -0.107312 -0.489915 0.048439 0.169394 -0.329556 0.112455 -0.578638 -0.065716 -0.040011 -0.342589 0.205068 -0.458803 1.598341 0.278844
14 0.347329 -0.698594 -0.053391 -0.709068 -0.239939 -0.057327 0.489428 -0.490896 -0.450125 -0.794298 -0.934897 -0.422083 -0.102405 4.116266
8 -0.071436 -0.592265 -0.373698 0.179497 -0.420198 -0.385423 0.382002 0.757226 0.669764 -0.736168 -0.169766 0.288827 0.442701 0.028938
3 -0.912125 0.021292 5.400147 0.082788 -0.717323 -0.616405 -0.423574 -0.495721 -0.634111 -0.284330 0.248710 -0.224414 -1.259462 -0.185473
4 -0.812208 -0.344552 0.233024 0.667989 0.292921 0.178214 0.073044 -0.046905 -0.391391 -0.307738 0.167908 0.323589 0.209764 -0.243659
6 -0.411489 0.124347 -0.901328 -1.030228 -1.626487 11.780281 -1.040973 -0.735992 -1.790752 -2.039134 -0.567408 -0.788481 -0.794861 -0.177494
6 0.081808 -0.301084 -0.278146 -0.317564 -0.328227 1.459683 -0.403176 0.232511 -0.645592 -0.257792 0.032688 -0.025254 1.083019 -0.332873
3 0.057496 -0.373211 2.789912 -0.355477 -0.176659 0.435294 -0.585258 -0.107738 -0.366282 -0.519118 -0.227180 0.367409 -0.303299 -0.635888
1 7.580098 -0.809216 0.187954 -1.357529 -0.983933 -1.586035 0.024585 -0.253638 0.595873 -1.059631 -0.888058 0.068838 -1.088207 -0.431101
2 -0.492141 0.341050 -0.282215 -0.117788 0.273090 0.060174 -0.037800 0.257580 -0.338460 0.073286 0.170335 0.036492 0.113946 -0.057548
2 0.531807 0.817249 -0.302419 -0.101732 -0.559009 0.209672 0.211298 0.103491 -0.145354 -0.118617 -0.825910 -0.149316 0.215227 0.113613
6 0.184062 -0.275663 -0.850979 -0.186221 0.439199 0.947577 0.126330 0.220397 -0.105196 -0.115253 0.185282 -0.199842 0.115712 -0.485405
6 -0.310401 -0.799245 -0.553404 -0.230152 -0.069892 6.278982 -0.910823 -0.237494 -0.887542 -0.936216 -0.332761 -0.155390 -0.541103 -0.314558
3 -0.687551 -0.107244 2.018917 0.100075 -0.051908 -0.097440 -0.280312 -0.498845 -0.604600 -0.088506 0.198911 1.143752 -1.193244 0.147996
12 0.387696 -0.645593 -0.592383 -0.067450 -0.351062 2.324856 -0.831075 -0.296920 -1.620768 0.062389 -0.212196 2.641792 -0.694059 -0.105228
1 13.715254 -1.122133 -1.031465 -1.204552 -0.673595 -0.902556 -0.813756 -1.551189 -0.429325 -0.973176 -1.160396 -0.976198 -2.138358 -0.738556
14 -0.774748 0.228202 0.276794 -0.006359 -0.127475 -1.268320 -0.089067 -0.144739 -0.007783 -0.287795 0.496102 -0.232471 0.557055 1.380607
11 -0.588074 -0.326430 0.076766 0.258915 0.220999 -0.315365 -0.091176 -0.146924 -0.065940 -0.013580 0.423586 0.068258 0.399182 0.099782
11 -0.442234 0.080697 -0.044818 0.280566 0.025212 0.098135 0.050713 -0.109586 -0.397407 0.127329 0.343268 0.189814 -0.336467 0.134778
12 0.562573 -0.570972 -0.546229 -0.142091 -1.047504 0.339301 0.504691 -0.868622 -0.357925 -0.918037 -0.716275 5.105230 -0.810703 -0.533437
1 7.083419 -1.246748 -0.357094 -0.876613 0.146632 -1.343628 0.827446 -1.242205 0.392835 -0.348596 -0.006523 -1.104509 -1.897029 -0.027385
13 0.070982 -0.275005 -0.112769 -0.077812 -0.244860 -0.287407 0.014126 0.208020 -0.230865 0.086415 -0.193844 0.085828 1.379436 -0.422245
13 0.094870 -0.830168 -0.251353 -0.532008 -0.577142 -0.094938 1.654213 -0.528734 0.639867 -0.292846 0.018394 -0.544086 1.894117 -0.650187
12 -0.476760 -1.003836 0.522041 -0.380063 0.389263 -0.337320 0.455593 0.159865 -1.134655 0.107039 0.720498 0.912958 -0.389050 0.454427
9 -0.479963 -0.071674 -0.162070 0.261804 -0.334727 -0.271251 0.008381 -0.023942 1.933772 -0.378898 -0.298865 0.020119 -0.289849 0.087161
3 -0.613466 -0.611721 10.846089 -1.046092 -0.545120 -0.881354 -0.780207 -0.512286 -0.907449 -1.074393 -0.594575 -0.812435 -1.278247 -1.188744
7 -2.763323 -1.921612 -2.093901 -2.523471 -2.198732 -2.103343 24.337947 -1.543395 -1.414158 -1.808380 -2.040950 -1.999366 -1.016395 -0.910920
11 -0.468583 -0.547665 -0.360748 0.108324 -0.328518 -0.168383 0.437080 0.155222 -1.108371 -0.610202 2.595296 0.014196 0.257918 0.024433
8 -0.131287 0.588211 0.001645 -0.644107 -0.510898 -0.409231 -0.907144 3.507831 -0.163973 0.794134 -0.456705 -0.730742 -0.563600 -0.374135
9 -0.606138 -0.862515 -0.096807 0.103875 -0.359623 -0.648588 -0.064657 -0.412156 2.449180 -0.649369 -0.184843 -0.446695 1.022827 0.755509
3 0.030166 -0.212431 0.918605 -0.414197 -0.053129 -0.423665 0.546796 0.025469 -0.226774 0.135820 -0.256132 0.717066 -0.601038 -0.186557
6 -0.519246 -0.442834 -0.632701 -0.448545 -0.636699 6.991610 -0.639716 -0.550526 -0.559438 -0.440687 -0.677595 -0.402479 -0.564376 -0.476768
1 7.065315 -0.533753 0.165299 -0.795141 -0.635991 -0.243226 -0.200465 -1.354096 -0.212991 -0.511085 -0.934373 1.043600 -2.002880 -0.850213
1 1.290939 0.028836 -0.246788 -0.390559 0.350445 -0.457666 -0.205383 0.016791 0.349911 -0.831134 0.161966 -0.172203 -0.004770 0.109614
9 -0.635642 -0.281753 -0.593305 -0.177372 -0.069952 -0.013947 -0.229691 -0.292424 3.544950 -0.198618 -0.616013 0.005761 -0.178062 -0.263930
5 0.479572 0.175295 0.021388 0.262904 4.514338 -0.145544 -0.383472 -0.477534 -1.018527 -0.486681 -0.650255 -1.244204 -1.201973 0.154695
5 -0.219291 -0.665601 -0.439028 -0.244901 1.822427 -0.102970 -0.285661 0.276909 -0.184288 -0.223863 -0.486846 -0.339565 1.235024 -0.142346
11 -1.050426 -0.503994 0.536295 0.360399 0.379432 0.378839 -0.115621 -0.015727 -0.768569 -0.193759 1.092536 0.331737 -0.443913 0.012772
1 8.997536 -0.599749 -0.869790 -0.738867 0.096699 -1.532491 -0.587691 -0.329769 -0.626509 -0.774925 -0.797229 -0.836683 -0.684220 -0.716313
1 1.338310 0.247700 -0.313016 -0.529227 -0.188251 0.681381 -0.903300 -0.666473 0.082420 -0.941761 -0.161183 0.148773 0.860593 0.344033
12 -0.134110 -0.337606 0.395967 -0.254674 -0.160036 -0.140447 0.106000 -0.725326 0.247136 -0.639384 -0.191649 2.472075 -0.554992 -0.082954
1 1.970865 0.382995 -0.314322 -0.037932 -0.549173 0.991202 -0.287540 -0.744175 0.119311 -0.387270 -0.402458 -0.545758 0.177742 -0.373487
1 20.817152 -1.936445 -1.785412 -1.544366 -1.894671 -1.879217 -1.320679 -1.366841 -1.036785 -1.875147 -1.159995 -1.515036 -1.918405 -1.584154
1 7.367166 -0.714173 -0.331424 -0.635228 -0.508502 -0.415954 -0.772119 -0.474369 -0.697377 -0.457491 -0.762815 -0.730335 -0.437553 -0.429827
1 11.968066 -1.410581 -1.254896 -0.759908 0.131395 -0.879902 -1.059701 -1.486729 -1.400916 -0.670392 -1.071845 -0.981639 -0.542726 -0.580225
1 10.012806 -1.263656 -1.097440 -1.373565 -0.953891 -0.851321 -1.027028 -0.664788 -0.793392 -0.628609 -0.973864 -0.985533 1.451007 -0.850725
1 16.276061 -0.953751 -1.360094 -1.357591 -1.272652 -1.243837 -1.021031 -1.276255 -1.248635 -1.472105 -0.999898 -1.253132 -1.719558 -1.097521
1 13.742210 -1.678073 -1.232678 -1.350941 -1.370145 -1.161041 -0.531789 -0.794329 -1.213557 -1.260586 -0.887954 -0.762718 -0.687504 -0.810894
1 15.751410 -0.908113 -1.384724 -0.844503 -1.029165 -1.471593 -1.621884 -0.498017 -1.245796 -1.809852 -1.581659 -1.324426 -0.813935 -1.217742
1 14.990228 -2.175420 -0.928914 -0.964973 -0.239125 -1.561744 -1.449268 -1.751686 -0.355465 -0.883353 -0.552790 -1.627861 -1.268517 -1.231113
1 13.876602 -1.432613 -0.977468 -1.276140 -0.896637 -0.938103 -1.005980 -0.914693 -0.521554 -1.456720 -1.072431 -1.325523 -1.412963 -0.645779
1 11.032547 -0.814581 -0.465983 -1.315197 -1.373328 -1.201370 -0.397994 -0.413989 -1.120465 -0.938396 -1.050064 -0.678508 -0.005818 -1.256853
1 8.487854 -1.429453 -0.597616 -0.551080 -1.068786 -0.408921 -0.167600 -0.563297 -0.255411 -0.667977 -1.156647 0.211709 -0.787037 -1.045739
2 0.525760 0.898286 0.119923 0.245955 0.279688 -0.160693 -0.113597 0.179812 -0.904859 -0.451552 -0.127182 -0.084864 -0.725743 0.319065
1 9.698581 -1.607439 0.146778 -1.034605 -0.574309 -0.385518 -0.987641 -0.696157 -0.721596 -0.775858 -1.504106 -0.596009 -0.618937 -0.343183
13 0.135923 -0.022727 -0.219831 -0.274200 0.105203 0.030841 -0.223631 -0.183272 -0.177916 -0.296723 -0.104188 0.119686 0.630501 0.480333
1 15.664400 -1.533744 -1.447822 -1.151096 -0.550175 -1.477007 -1.759069 -0.968941 -0.128032 -0.843555 -1.265896 -1.354686 -2.375193 -0.809183
1 9.377169 -1.263713 -0.867068 -0.787318 -1.062386 -0.534738 -0.678530 -0.473608 -0.210973 -0.794146 -1.040494 0.368924 -0.813259 -1.219861
1 8.132566 -1.043950 -0.584320 0.343963 -0.401976 -1.252638 -0.330074 -0.762715 -0.760810 -0.809923 -0.247507 -0.244892 -1.281987 -0.755738
1 13.784740 -1.304116 -1.110802 -1.196880 -1.516147 -0.490933 0.228149 -1.526520 -1.509164 -1.763314 -0.880140 -1.191650 -0.552402 -0.970820
1 1.583816 -0.815747 0.308251 -0.128296 0.004199 0.058224 -0.820342 0.244765 -0.263160 -0.554123 -0.018927 0.535676 -0.444227 0.309890
10 -0.187864 -0.182707 -0.086550 0.058255 0.124828 0.134022 0.217259 -0.192869 0.220729 0.391531 -0.328665 0.155696 -0.092859 -0.230808
10 -1.274458 0.057595 0.652737 0.266625 -0.160799 0.029789 1.127331 -0.239832 -1.217894 1.695034 0.900313 -0.344873 -1.379621 -0.111946
13 -0.356816 -0.539223 0.500884 -0.293932 0.013980 -0.484838 -1.212080 0.925186 -0.878006 -0.176332 0.468337 0.374013 1.402687 0.256139
7 -0.165597 0.177112 -0.101639 -0.296073 -0.154246 -0.203605 0.513750 0.220580 0.457359 0.050930 -0.171746 -0.041080 -0.394546 0.108802
14 -0.698659 -0.313557 0.632719 -0.478383 -0.336127 -0.147807 -0.256313 0.086581 -0.440606 0.600929 0.233023 0.169469 0.172341 0.776392
10 -0.183854 -0.731903 0.122953 -0.563392 -0.142744 -0.153609 -0.066205 -0.015232 -0.613303 2.390764 -0.339435 0.118746 0.259655 -0.082442
10 -0.417499 -0.353565 0.020403 -0.194358 -0.014384 -0.136030 0.172269 -0.237259 0.535534 1.404433 0.041164 -0.276018 -0.059182 -0.485509
10 -0.742901 -0.327581 -0.648499 -0.786981 -1.087053 -0.906386 -1.281262 -1.208498 -0.752221 10.926995 -0.641247 -0.287049 -1.009151 -1.248165
1 1.483498 -0.263913 -0.352008 -1.233709 -0.559395 1.168625 -0.661078 0.095969 -0.859703 -0.602295 0.726998 -0.761166 0.588530 1.229647
6 -0.749797 -0.915740 0.101586 -0.273862 0.077649 0.896668 0.801754 -0.264592 -0.267670 0.409793 0.025318 -0.204816 0.440640 -0.076932
10 -0.776936 -0.859357 -0.590757 -0.771268 -0.052969 -1.032793 -0.356418 -0.595453 -0.292016 6.255293 -0.467917 -0.005222 -0.363313 -0.090874
8 -0.083501 -0.982273 -0.109290 -0.334592 0.376020 -0.114911 -0.338020 0.887486 -0.063435 0.433817 0.366657 -0.115981 0.332306 -0.254281
13 0.182709 -0.702678 0.586171 -0.336874 0.064816 -0.908361 -0.272456 0.237346 0.115620 -0.051420 -0.025662 0.019415 0.931187 0.160186
10 -0.614968 -0.128766 0.340586 -0.302822 -0.064616 -0.744993 -0.333003 -0.252118 -0.507551 3.377074 -0.199188 -0.242410 -0.054596 -0.272630
11 -0.198697 0.436918 -0.503924 -0.018529 0.184640 -0.201338 0.595209 0.095306 0.529588 -0.701680 0.621189 -0.558989 -0.252258 -0.027435
10 -0.365128 -1.382222 -0.586013 -1.128167 0.229911 -0.471239 -0.171754 0.078132 -0.654145 7.175049 -1.140364 -0.851672 -0.195412 -0.536977
10 -0.020137 -0.602301 -0.127480 0.122652 0.575610 -0.002587 -0.415307 -0.449390 -0.398283 1.615375 -0.015017 0.203990 -1.019557 0.532434
10 -0.808307 -0.385379 -0.161684 1.671395 -0.056056 -0.293672 -0.434062 -0.746653 -0.588786 3.360897 -0.022639 -0.610875 -0.672250 -0.251927
2 0.061403 0.535802 -0.655043 0.422168 -0.638030 -0.119667 0.344667 0.363050 0.182207 -0.416859 -0.279649 0.043425 0.429670 -0.273145
12 -0.321741 -0.052926 0.049359 -0.217450 0.125138 0.237905 0.181075 -0.273742 -0.426490 0.175404 0.359389 0.710530 -0.509929 -0.036521
6 -0.331031 0.357177 -0.494491 0.080895 0.181457 0.452236 0.071872 0.192750 -0.214221 0.037509 -0.000635 -0.325312 -0.034931 0.026724
2 -0.750428 6.568399 -0.495813 -0.680144 -0.025747 -1.185059 -0.476751 0.534014 -0.324865 -0.559320 -1.006852 -0.486524 -0.746861 -0.364047
2 0.010298 0.471147 0.014443 -0.113064 -0.208867 0.123336 -0.062304 -0.217868 -0.305911 -0.017635 0.049753 0.387405 -0.185304 0.054570
1 0.000000 0.000000 0.000000 0.000000 0.000000 0.000000 0.000000 0.000000 0.000000 0.000000 0.000000 0.000000 0.000000 0.000000
2 -0.545378 6.380420 -0.361188 -0.591204 -0.478126 -0.225328 -0.477410 -0.150210 -0.344698 -0.545886 -0.830100 -0.403945 -0.906256 -0.520691
2 -0.679331 7.685723 -0.581071 -0.290290 -0.203772 -1.108192 -0.539184 -0.074306 -1.172121 -0.954350 -0.741339 -0.146052 -0.788266 -0.407447
2 -0.696237 1.707895 -0.755526 -0.091542 0.064430 0.032123 0.365472 0.149792 -0.478469 -0.245662 0.746394 -0.578131 -0.300886 0.080349
14 -1.423959 0.105462 0.630339 0.031688 -0.083381 -0.422840 0.220016 -0.173082 -0.627953 0.693695 0.070532 0.939917 -0.974731 1.014298
2 -0.332855 5.299131 -0.315244 -0.505859 -0.261901 -0.106228 -0.681767 -0.503021 -0.290368 -0.397786 -0.496427 -0.470281 -0.594300 -0.343093
2 0.267584 1.466893 -0.988425 -0.257438 -0.387103 1.026496 1.037403 0.470878 -0.907084 -0.523037 -0.589751 0.114236 -1.323703 0.593054
2 0.048997 7.625667 -0.871445 -0.407902 -0.173222 -0.356802 -0.891634 0.503752 -1.096553 -0.832076 -1.056733 -0.898701 -0.985002 -0.608345
14 -0.996702 -1.049260 0.376051 -0.873879 0.386018 0.316212 0.472785 0.272616 0.760898 -0.468533 -0.693498 0.413112 -0.170118 1.254297
2 0.377456 4.209007 -0.669770 0.009536 0.539351 -0.129426 -0.564548 -0.567163 -0.726483 -1.042040 -0.934601 -0.105112 0.179162 -0.575368
2 0.601911 1.402455 -0.684557 -0.116397 0.317511 -0.129437 0.194257 0.139536 -0.628647 -0.679439 0.249556 -0.403165 -0.201455 -0.062131
2 -0.261817 5.351621 -0.513836 -0.290882 -0.574575 -0.346624 -0.540364 -0.574257 0.133019 -0.259685 -0.711229 -0.453606 -0.547754 -0.410011
2 0.686960 1.960651 -0.290015 -0.192733 0.515184 0.036031 -0.570272 0.070758 -0.535543 -0.838315 -0.514780 0.245598 -0.394395 -0.179128
2 -0.758438 3.224204 -0.209989 -0.340064 0.992257 -0.408519 -0.065155 -0.362554 -1.276451 -0.639386 1.145013 -0.420833 -0.458256 -0.421828
7 -0.193216 -0.618926 -0.462767 -0.419221 -0.197792 0.922086 1.088964 0.946520 -0.353354 -0.682836 -0.084674 -0.611223 -0.037187 0.703626
6 0.026437 -0.046886 -0.036220 -0.557742 0.039283 0.913986 -0.536343 0.355027 0.025676 -0.325899 -0.344365 -0.031954 0.812360 -0.293360
6 0.027464 -1.148112 -0.099656 0.056515 0.634196 0.930867 0.747351 0.237388 -0.449709 -0.645285 -0.752729 0.210888 0.261256 -0.010435
14 0.069068 -0.079343 -0.072654 0.413855 0.632420 0.066993 0.227777 -0.868114 -0.437548 -0.534556 -0.168491 0.168511 -0.063711 0.645793
5 -0.497098 -0.888115 -0.609955 0.704327 4.379893 -0.103016 -0.141478 -0.274048 -0.612476 -0.645892 0.027690 -0.394655 -0.701654 -0.243522
5 -0.068066 -0.209182 0.199615 -0.033234 1.010352 -0.378711 -0.219818 -0.091546 -0.215411 -0.097607 -0.160462 -0.142654 -0.041282 0.448007
5 -0.078667 -0.923986 -0.616204 -0.374685 5.199833 -0.154241 -0.715662 -0.331465 -0.436449 0.459289 -0.524438 0.510217 -1.554544 -0.458999
12 -0.154803 0.166710 0.285953 0.444867 -0.306618 0.623541 -0.632917 0.398238 -0.759476 -0.344235 -0.146719 0.687926 -0.578488 0.316022
14 -0.244256 -0.182141 -0.070036 0.450126 0.792419 -0.164907 0.147296 -0.118469 -0.838716 -0.277159 -0.068472 0.007184 -0.330595 0.897726
5 0.047963 -1.054152 -0.726587 -0.157799 1.996985 0.289343 -0.415941 -0.101289 -0.698922 0.419408 0.428823 0.079001 -0.494512 0.387680
14 0.036242 -0.510321 -0.495499 -0.031837 0.107228 -0.274628 0.178427 0.795427 0.297618 -0.550944 -0.106337 0.028420 -0.299755 0.825959
3 -0.011351 -0.297760 1.016574 -0.082868 -0.090626 -0.094838 -0.218776 -0.099881 -0.074058 0.498371 -0.266822 -0.074671 -0.034159 -0.169133
5 -0.618875 0.704688 -0.294065 -0.361988 1.356140 0.502525 -0.211523 -0.238699 0.153070 -0.447261 0.401653 -0.735015 0.715431 -0.926081
5 -1.482414 -1.482121 -1.330311 -0.348356 15.617145 -1.768127 -1.441231 -1.720144 -1.180826 -1.534129 -0.193942 -0.818726 -0.694295 -1.622521
5 -0.754866 -1.074435 -0.299588 0.791467 4.765998 -0.555585 -0.198206 -0.531843 -0.417670 -0.684065 -1.047667 -0.864591 0.596756 0.274294
5 -0.640284 -0.935460 -0.868450 -0.742914 11.008928 -0.530254 -0.558766 -1.140590 -0.895450 -1.397692 -0.624503 -0.543996 -0.989391 -1.141177
5 -0.413167 -0.965737 -0.625327 -0.361035 5.423588 -0.715375 -0.463299 -0.323188 -0.258511 0.020132 -0.611357 -0.351620 0.174209 -0.529314
5 -0.384367 -1.324456 -0.958973 -0.599996 11.387999 -1.119399 -1.013682 -1.211255 0.373651 -0.883412 -0.819003 -1.633421 -0.653956 -1.159730
5 -0.874566 -0.529002 -0.185734 -0.238550 5.751900 0.014326 -0.596905 -1.009226 -1.156111 -0.464170 0.429380 -0.580728 -1.273487 0.712872
5 0.185649 -0.476559 -0.507199 -0.617623 4.703490 -0.528650 0.005394 -0.648278 -0.701609 -0.442121 -0.622105 -0.420175 0.585261 -0.515476
5 -0.653964 -0.198680 -0.176119 0.254040 1.419856 0.549453 -0.096725 -0.171570 -0.685213 -0.126587 0.333526 0.054374 -0.391719 -0.110672
11 -0.200684 -0.216853 -0.096648 -0.027734 -0.198960 -0.130197 -0.211228 -0.143592 -0.124167 -0.126042 2.017160 -0.135153 -0.239114 -0.166790
11 -0.299802 -1.567121 -0.782022 -1.185824 -0.915687 -0.613835 -2.223244 -0.626368 -1.734865 -1.245666 13.933290 -0.730408 -1.231553 -0.776894
7 -0.067818 -0.345054 -0.403116 -0.894685 -0.035168 -0.266583 2.215356 -0.503236 -0.303672 0.169702 0.268372 -0.120804 -0.190040 0.476746
11 -0.467773 -0.444573 -0.379453 -0.041571 -0.554926 0.058710 -0.853238 -0.210030 -0.317532 -0.431573 4.823484 -0.439481 -0.225927 -0.516117
11 -0.204450 -0.594045 -0.591461 -0.394772 -0.337692 -0.065750 0.393611 -0.035939 -0.031593 -0.321334 2.332176 -0.248934 0.034419 0.065764
11 -0.051796 0.066809 -0.222764 0.359830 0.095420 0.039879 0.138060 0.026514 -0.744681 -0.416610 1.301249 -0.155845 -0.702080 0.266015
11 -0.010872 0.197702 -0.179787 0.080191 -0.236971 -0.125338 0.201127 -0.533620 -0.378600 -0.170172 2.534127 -0.644010 -0.494080 -0.239698
1 1.787892 -0.495773 0.191684 -0.548764 -0.625306 0.094924 0.244293 -0.503641 -0.344230 0.108127 0.173880 0.183684 -0.074421 -0.192350
11 0.515108 -0.366865 -0.406300 -0.490445 -0.484552 -0.114016 0.017277 0.321854 -0.239514 -0.554413 1.718809 0.151809 0.181931 -0.250684
11 0.507369 -0.059667 0.663031 -0.100655 -0.186133 0.041265 0.053124 -0.342566 -0.661879 -0.319101 0.724422 0.528954 -0.907809 0.059644
11 -1.055268 -1.753948 -1.511138 -1.156528 -1.452144 -1.369887 -2.125564 -0.765443 -1.095759 -1.742052 17.363231 -0.992102 -1.147990 -1.195411
11 -1.035278 -0.542631 -1.005845 -0.714612 -0.374201 -0.440364 -1.140779 -0.429023 -0.619978 -0.786311 8.923793 -0.310475 -0.791379 -0.732918
11 -0.453312 -1.228405 -0.614310 -0.573980 -0.414758 -0.611066 -1.059689 -0.409129 -0.284431 -0.603002 7.222511 -0.280049 -0.291507 -0.398871
5 -0.306984 -0.739105 -0.496400 -0.434506 1.358593 -0.880018 -0.202587 0.155130 -0.706877 0.182144 1.327298 0.993774 0.025666 -0.276127
11 -0.464550 -0.577206 -0.347043 -0.682114 0.093799 -0.382044 -0.192124 -0.189953 -0.395713 -0.174322 3.968700 -0.206705 -0.134594 -0.316130
11 -0.961959 -0.550862 -0.321928 -0.946203 -0.736452 -0.732794 -1.822797 -0.835904 -1.022161 -0.738354 10.299491 -0.069408 -0.497684 -1.062986
11 -1.407938 -1.167677 -0.574807 -0.528897 -1.045446 -1.048324 -0.879140 -1.130880 -0.933089 -1.062631 12.212136 -1.193816 -0.541704 -0.697786
11 -1.075170 -1.045549 -1.134116 -0.573437 -0.929042 -1.139230 -0.786342 -0.375278 -0.743978 -1.299825 10.800558 -1.017401 -0.055573 -0.625618
11 -0.479200 -0.291648 -0.243234 -0.511431 -0.698074 -0.488834 -0.455997 -0.052455 -0.268324 -0.552569 3.671073 -0.087161 0.203118 0.254734
7 0.020045 -0.194852 0.105027 0.093620 -0.096152 0.083869 0.445159 -0.180520 0.294868 -0.195878 -0.164191 0.018132 -0.129207 -0.099922
11 -0.910208 0.389676 -0.427087 -0.954039 0.170351 -0.611006 -0.075167 -0.039107 -0.860607 -0.690786 4.598528 0.341144 -0.294448 -0.637244
1 0.519885 0.470132 -0.057275 -0.220674 -0.176540 0.150890 -0.449150 -0.194008 0.404005 0.089365 -0.000041 0.122056 -0.560914 -0.097732
4 -0.055479 -0.533720 -0.469272 1.613924 -0.258010 -0.063367 -0.099185 -0.684113 0.235029 -0.411131 0.209274 0.376349 -0.754366 0.894066
9 0.294175 0.450996 -1.076093 0.344125 -0.025613 -0.892006 0.496235 -0.075938 1.238116 -0.071644 -0.226475 -0.180086 -0.002575 -0.273218
9 -0.125487 -0.265985 -0.691705 0.452306 0.694317 -0.328831 0.063099 -0.383403 0.699509 -0.512608 0.560358 0.082005 -0.625156 0.381581
12 -0.473339 -0.289831 -0.000744 0.171902 -0.306746 -0.366189 0.386353 0.132534 -0.718996 0.116345 0.363568 0.670377 -0.093642 0.408410
7 -3.222150 -2.546824 -2.593531 7.135497 -0.441749 -2.799352 24.721307 -2.893315 -3.163546 -2.767430 -2.889066 -2.752192 -3.048923 -2.738726
14 -0.014284 -0.043415 -0.302112 -0.006956 -0.308275 -0.224637 -0.424804 0.088683 -0.232100 -0.124748 0.408669 0.139677 0.237282 0.807020
4 -0.271689 0.023331 0.404399 2.213853 -0.875500 -0.050410 0.020790 -0.881968 -0.114415 -0.736259 0.007522 -0.301113 0.530460 0.030999
5 -0.551774 -1.120073 -0.614904 0.726658 5.537609 -0.087915 -0.611127 -0.350756 0.159876 -0.477726 -0.831681 -0.097657 -0.901906 -0.778623
14 -0.510931 -0.539966 0.393128 0.633789 -0.023650 0.017991 -0.121727 0.351382 -0.579191 -0.373393 0.553850 -0.301162 -0.322563 0.822445
4 -0.456999 -0.198374 -0.279028 3.094943 0.321216 0.449810 0.461269 0.004970 -1.125661 -0.549789 -0.290665 -0.637271 -0.468334 -0.326086
14 0.079935 -0.306741 -0.586826 -0.379603 -0.459313 0.409857 0.376069 0.288055 0.310517 -0.032296 -0.264447 0.118664 -0.140310 0.586439
4 -0.340251 -0.256259 -1.099571 3.466486 0.301245 0.284101 0.222584 -0.508656 -0.656030 -1.103462 -0.222640 -0.429950 -0.223501 0.565904
4 -0.539713 0.049309 -0.783397 2.522822 -0.084694 0.602950 -0.201874 -0.363143 -0.863132 0.241258 0.477805 -0.242168 -0.523452 -0.292572
11 -0.306076 0.903158 0.324460 -0.218666 0.085607 0.619060 -1.012827 0.320318 -1.530070 0.266625 1.024017 0.336705 -0.887748 0.075437
4 -0.310589 -0.223705 -0.138257 1.072919 0.097049 -0.050364 -0.112977 -0.343956 -0.085541 0.179289 -0.093503 0.197866 -0.178744 -0.009486
9 -0.437307 -0.379924 0.539301 -0.369251 0.008227 -0.603615 0.700593 -0.589038 2.458658 -0.494020 0.131661 -0.624169 -0.609390 0.268275
4 -0.553355 0.093299 -0.681968 2.308272 0.322963 0.081344 -1.009631 -0.655365 0.572003 -0.399858 -0.243373 -0.210901 0.390752 -0.014180
4 0.009957 0.076571 -0.272302 0.963657 -0.337531 0.299919 0.002906 -0.019628 -0.158224 -0.539874 0.114764 -0.328707 0.430010 -0.241518
1 0.913899 0.009921 -0.537329 0.236180 -0.092958 -0.005042 0.099884 0.251754 -0.663711 0.342962 -0.298509 0.079111 -0.325425 -0.010737
5 0.270068 -0.796768 -0.550542 -0.321980 0.452082 0.191391 0.349730 0.149574 -0.315144 -0.004128 0.413664 -0.009759 0.020896 0.150917
9 0.337798 -0.514831 0.090249 0.171780 -0.088437 -0.377559 0.073254 -0.047544 0.666006 -0.384826 0.233566 -0.465572 0.356539 -0.050422
12 -0.493600 -0.152634 -0.055155 -0.264227 0.098403 0.123542 0.186224 -0.186011 0.757821 -0.598519 -0.157324 0.866114 -0.633978 0.509344
3 -0.539102 -0.409184 2.517485 -0.341280 -0.474480 -0.428403 0.183369 0.479055 -0.035984 -0.746883 -0.372339 0.556334 -0.393879 0.005292
3 -0.090797 -0.339595 1.484723 0.475463 -0.252232 -0.791325 0.099987 -0.650725 -0.098885 0.338516 0.085043 0.527022 -0.665037 -0.122158
12 0.202657 -0.952679 -0.142610 -0.502249 0.121503 0.611441 0.658492 0.293502 -0.398240 -0.429153 0.463914 0.909215 -1.093617 0.257825
3 -1.230697 -0.450601 3.451615 -0.632416 -0.446543 -0.187938 0.747132 -0.541349 0.416869 0.119226 0.478058 -1.019082 -0.560813 -0.143462
3 0.006243 -0.159653 2.875055 -0.096740 -0.220112 -0.252438 -0.300666 -0.142569 -0.051537 -0.480233 -0.172536 -0.362737 -0.450482 -0.191597
2 0.368453 0.396200 0.069269 -0.069679 -0.319810 0.168514 -0.072286 -0.264489 -0.273924 0.272619 0.312433 -0.064377 -0.409675 -0.113249
10 0.061070 -0.515634 0.220870 0.320078 -0.591806 -1.238984 -0.654794 1.622472 0.508649 1.801932 0.214964 -0.339489 -1.287179 -0.122148
12 -0.030532 -1.141870 0.667201 -0.235293 0.435608 0.494991 -0.721622 -0.252256 0.384609 -0.219315 -0.432335 1.081337 -0.422354 0.391830
3 -0.275213 -0.654043 5.463938 -0.117956 -0.565642 -0.055553 -1.013752 -0.440712 -1.322362 0.060722 0.453203 -0.133754 -0.958404 -0.440472
3 -0.184211 0.118878 1.948342 0.010459 -0.349506 0.079859 -0.482629 -0.029253 -0.555221 0.134883 0.014812 0.157231 -0.526351 -0.337290
3 -0.406573 -1.039903 6.734856 0.081127 -0.137271 -0.488124 -0.194848 -0.821252 -1.155217 -0.702749 0.163672 -0.457512 -1.465087 -0.111120
14 -0.682205 0.043867 -0.518271 -0.125623 0.147576 0.220569 -0.137202 0.580182 -0.515852 -0.458581 0.500312 0.535698 -0.208201 0.617733
3 0.191653 -0.407322 2.882084 -0.180933 -0.226821 -0.563760 -0.239904 -0.333594 -0.324170 -0.595492 -0.183563 0.301083 0.070077 -0.389340
3 -0.681297 -0.233940 2.856777 -0.407292 -0.386454 0.043842 -0.219223 0.053115 0.902247 -0.427541 -0.086768 -0.583766 -0.409044 -0.420656
6 0.349345 -0.437808 -1.323758 0.437344 -0.220608 4.300796 -0.425992 -0.720367 -1.055415 -0.881930 -0.115114 0.544066 0.389181 -0.839741
6 0.040894 -0.312900 -0.327398 0.305343 -0.238372 1.680879 -0.507998 0.056783 -0.369330 -0.059516 -0.306479 -0.461441 0.547700 -0.048165
6 0.119132 -1.232987 0.126705 -0.479261 0.532772 1.259473 0.165671 -0.242631 -0.278062 -0.373988 0.037095 0.258093 -0.018896 0.126885
6 -3.333006 -3.920082 -1.946727 -2.942807 -2.650267 34.449828 -2.864377 -2.123617 -2.097025 -2.284569 -2.661185 -2.548747 -2.181367 -2.896053
6 -0.150758 -0.520564 -0.579369 -0.274961 -0.013463 3.057224 0.034683 -0.370889 -0.531431 -0.151511 -0.300422 -0.072827 -0.318107 0.192396
6 -1.853565 -1.718038 -1.280093 -1.051546 -1.496375 19.714941 -1.387220 -1.533058 -1.468550 -1.466136 -1.229704 -1.435806 -1.921991 -1.872858
6 -0.138460 -0.930424 -1.222212 -0.384424 0.649510 4.233068 -0.780348 -0.015910 -0.978881 -0.900741 -0.142070 -0.644725 1.851354 -0.595736
6 -2.137666 -1.189018 -1.022952 -1.523457 -0.715479 17.106430 -1.758914 -1.041252 -1.552054 -1.145282 -0.671939 -0.967201 -2.073308 -1.307909
6 -3.333006 -3.920082 -1.946727 -2.942807 -2.650267 34.449828 -2.864377 -2.123617 -2.097025 -2.284569 -2.661185 -2.548747 -2.181367 -2.896053
6 -0.655372 -0.225153 -0.387984 -0.200750 0.488614 1.764473 0.475591 0.387496 -0.272095 0.276140 -0.199859 -0.875756 -0.470891 -0.104454
13 -0.531408 -0.547197 0.221384 -0.138397 -0.454562 0.721304 -0.134985 0.056281 0.198736 -0.221555 -0.226462 0.211101 0.832115 0.013644
6 -0.601936 -1.272257 -1.276323 -1.334184 -0.479291 9.996972 -0.742935 -0.601023 -1.038204 0.435968 -0.553723 -0.974453 -0.970404 -0.588207
6 0.533454 -1.479502 -1.715444 -1.111019 -1.298519 12.460019 -0.787052 -0.497642 -0.603569 -1.434913 -1.278205 -0.372096 -1.230402 -1.185110
6 -1.611538 -1.685240 -1.227232 -1.082161 -1.624510 18.621698 -1.332908 -1.309206 -1.055070 -1.768912 -1.294890 -1.217702 -1.593581 -1.818746
6 -0.346141 -0.355925 0.271230 0.401174 0.376909 0.442326 0.181836 -0.271999 -0.602732 -0.079912 0.293709 0.078940 -0.519982 0.130567
6 -0.905305 -1.731694 -0.796527 -1.508650 0.622051 10.461163 -1.004801 -0.633956 -1.025384 -0.523435 0.149389 -1.542383 -1.054042 -0.506426
6 -0.185890 -0.096729 0.295930 -0.235808 0.071295 0.793385 0.277236 -0.167491 0.062787 -0.158699 -0.008358 -0.202250 -0.250557 -0.194851
6 -0.340160 -0.637916 -0.205564 -0.444298 0.064510 4.409612 -1.289506 -0.438490 -1.078906 -0.019158 -0.625371 0.202366 0.000997 0.401885
6 -3.333006 -3.920082 -1.946727 -2.942807 -2.650267 34.449828 -2.864377 -2.123617 -2.097025 -2.284569 -2.661185 -2.548747 -2.181367 -2.896053
2 -1.077759 0.971918 -0.055461 0.469562 0.116990 0.176279 -0.200099 0.692773 -0.651089 -0.499098 -0.062589 0.174328 -0.159939 0.104184
6 -0.311423 -1.383335 -0.358747 -0.237256 1.230519 2.523905 -0.761983 1.071962 -1.046034 -1.063315 -0.361201 0.061192 -0.472557 1.108274
6 -3.333006 -3.953866 -1.830573 -2.972900 -2.650267 34.608461 -2.864377 -2.166682 -2.186753 -2.334633 -2.661185 -2.558167 -2.181367 -2.914685
6 -0.787722 -0.795262 0.587252 -0.241430 -0.347420 4.120886 -0.290223 -0.374862 -0.961924 -0.547945 0.087644 0.607311 -1.121725 0.065419
6 -0.221306 -0.986719 -0.294711 -0.441843 -0.561026 4.743916 -0.402991 -0.555359 -0.055490 -0.260243 -0.244090 -0.321450 0.158991 -0.557681
6 -0.293524 -0.645811 2.805230 -0.723546 -0.382479 3.788259 -0.687169 -0.648228 -0.215376 -0.362851 -0.338938 -0.473760 -1.240029 -0.581778
13 -0.221258 -0.379167 -0.826399 -0.114798 0.024140 -0.837125 -0.254569 -0.438336 -0.573577 -0.482527 -0.689890 -0.349991 5.234437 -0.090940
13 0.364798 -0.225413 -0.274194 -0.220017 0.354966 -0.166944 0.010411 0.034783 -0.055565 -0.025437 -0.229167 -0.068004 0.860241 -0.360457
10 -0.697673 -0.067650 0.056454 -0.268816 0.229234 -0.203507 -0.421207 0.335094 -0.740515 0.788465 0.257041 0.393005 -0.280295 0.620370
8 -0.356309 -0.287637 0.119157 -0.160022 -0.504920 0.398123 0.105968 0.450425 -0.034800 0.306388 0.041205 0.012437 -0.148832 0.058816
13 -0.072780 -0.819573 -0.046173 1.137313 -0.240273 -0.583069 -0.341883 -0.577316 0.382070 -0.120332 0.055016 0.600085 1.146252 -0.519337
13 -0.404416 -0.218993 -0.093184 -0.402754 -0.006186 -0.200751 -0.217539 -0.152819 -0.174343 -0.210359 -0.340206 -0.407030 3.196165 -0.367584
13 -0.641056 -0.798724 0.163801 -0.174408 -0.425390 -0.143846 0.523029 0.121627 0.493149 -0.141859 -0.644036 0.627252 0.927701 0.112760
6 0.108744 0.155593 -0.187769 -0.143441 -0.038677 0.454993 -0.959769 -0.309992 -0.351310 0.283908 0.329114 -0.063848 0.427934 0.294520
13 -0.068322 -0.456991 -0.220622 0.120827 -0.058582 -0.242565 -0.222225 -0.215350 0.528346 -0.121350 -0.391237 -0.114030 1.667225 -0.205124
13 -0.638481 0.053664 -0.581734 -0.193798 -0.102992 0.060342 0.112689 -0.222645 -0.856915 -0.072881 0.172764 -0.207293 3.166855 -0.689575
13 -0.336594 -0.617779 0.246298 0.395342 -0.558631 -0.804174 -0.360571 -0.676662 0.792134 -0.300845 -0.113060 -0.361713 3.083042 -0.386788
13 -0.292472 -0.352485 -0.601970 -0.209166 1.036784 0.151927 -0.377830 -0.217733 -0.056412 -0.766956 0.179167 -0.282251 1.973158 -0.183761
13 -0.489733 -0.891903 -0.175015 0.108174 0.260507 -0.128071 -0.547016 -0.660118 0.420067 0.036873 -0.526183 0.087243 2.671638 -0.166461
13 -0.125572 -0.525893 0.303794 -0.597283 0.219060 -0.101020 -0.254292 0.279693 0.293662 -0.409989 -0.383352 0.192874 1.332693 -0.224376
13 1.515069 -0.106597 -0.300651 -0.467225 -0.691332 -0.176987 -0.117245 -0.624362 -0.272538 -0.361018 -0.325826 -0.093839 2.387434 -0.364883
4 -0.665831 -0.409145 0.357239 1.856431 0.004864 -0.323752 -0.283104 -0.051360 -0.151817 -0.465881 -0.350457 0.031575 0.928108 -0.476870
13 -0.154823 -0.309899 0.013261 0.448737 -0.122361 0.364846 -0.974052 -0.339543 1.157533 -0.842123 -0.070297 -0.579223 1.786070 -0.378125
8 -1.008391 0.928491 -0.303301 -0.223497 -0.294954 -0.228890 -1.028669 2.200432 -0.700795 0.308604 -0.140018 -0.285733 0.652339 0.124382
13 -0.061003 -0.234373 -0.083478 -0.155378 -0.001785 -0.137301 -0.147857 0.269804 -0.158682 0.092400 -0.198045 -0.050096 0.636518 0.229276
9 0.111182 -0.609785 -0.074836 -0.231147 0.106364 -0.048113 0.244703 -0.343870 1.083377 -0.150622 0.111311 0.290032 -0.260939 -0.227656
13 -0.375815 -0.187215 -0.143140 -0.069612 -0.686503 -0.223095 -0.032168 -0.261838 -0.259502 -0.369160 -0.510023 -0.093970 2.930517 0.281525
13 0.292275 0.600099 -0.447242 -0.692624 -0.313094 -0.534170 -0.226659 -0.338528 0.137496 0.479897 0.201410 0.301589 1.053604 -0.514054
13 0.270086 -0.766505 0.343495 0.372487 -0.273594 -0.263179 0.076618 0.411621 -0.321752 -0.503650 -0.509365 -0.454837 1.875386 -0.256813
13 0.343816 -0.744337 0.225031 -0.070746 0.034946 -0.147668 -0.830727 0.265551 0.358489 -0.278961 -0.253862 0.012374 0.954231 0.131864
13 -0.577332 0.385247 0.167463 0.016440 -0.348237 -0.314653 -0.432122 -0.393211 0.638979 -0.670887 -0.498718 0.232593 2.569898 -0.775461
13 0.146268 -0.507349 -0.467779 -0.489609 0.018832 -0.375694 -0.185624 0.169268 -0.235489 -0.462766 0.524897 -0.280731 2.074144 0.071632
7 -1.963617 -2.445556 -1.865701 -2.183793 -2.211647 -2.430855 26.511573 -1.705624 -1.786150 -2.106038 -1.875052 -1.885403 -1.952800 -2.099337
7 -0.098617 0.186375 -0.188102 -0.281483 -0.084085 -0.212104 1.445864 -0.072050 -0.141933 -0.195871 0.200842 0.026898 -0.105577 -0.480157
7 -2.580285 -2.217889 -2.077296 -2.580487 -2.087745 -2.042179 26.236392 -2.454203 -1.600931 -2.069029 -0.946164 -1.951566 -1.674942 -1.953675
5 0.369975 0.359849 0.174756 -0.547952 1.007135 0.479485 -0.244733 0.348448 -0.584104 -0.517871 -0.183974 -0.421794 -0.429580 0.190360
7 -0.183668 -0.841161 -0.559055 -1.381540 -0.286793 -0.764420 8.831956 0.619024 -1.213598 -1.024935 -0.955233 -0.858362 -1.053696 -0.328520
7 0.070342 -0.213684 0.211768 0.323137 0.239641 0.677072 1.532885 -0.726583 -0.101462 -0.311801 -0.765620 -0.009664 0.042784 -0.968816
7 -2.422983 -1.928187 -2.231526 -1.875368 -2.014644 -2.005758 27.520884 -2.144907 -2.216226 -1.905790 -2.206303 -2.287254 -2.063089 -2.218849
7 -0.860333 -0.586493 -0.175878 -0.195205 0.933041 -0.512579 1.743862 0.039590 -0.398419 -0.112464 -0.225992 0.202272 -0.081314 0.229913
7 -0.426393 -0.741540 -0.614457 -0.374941 -0.264667 -0.306925 4.887073 -0.245754 -0.464299 -0.273324 -0.538393 -0.194603 -0.254156 -0.187622
7 -0.340920 0.170740 -0.281408 -0.219749 -0.443549 0.557143 1.571013 -0.439467 -0.270585 -0.622617 -0.028007 -0.344425 0.882007 -0.190177
7 -2.171468 -1.997996 -2.061364 -2.251072 -1.649151 -2.198410 25.839473 -1.962102 -2.096335 -2.010190 -2.055236 -2.111692 -1.117317 -2.157139
7 -1.834173 -1.753490 -2.202853 -2.361020 -1.437480 -2.247578 24.767200 -2.252867 -2.231020 -1.825141 -1.717143 -2.137104 -2.181433 -0.585899
7 -2.522824 -2.566362 -2.867333 -3.210155 -3.604598 -2.336830 37.154024 -2.421974 -2.403026 -3.062190 -3.182015 -2.646781 -2.737316 -3.592620
7 -1.678800 -2.292998 -1.762158 -2.437986 -1.302655 -2.164884 26.010475 -2.171143 -1.949371 -2.319928 -1.806253 -2.074049 -1.915234 -2.135016
12 -0.185508 -0.731127 0.771720 -0.432182 -0.076203 0.349312 -0.409740 -0.205815 -0.124880 0.290921 -0.125736 1.159032 -0.377647 0.097853
7 -2.078727 -2.257103 -1.879686 -2.006906 -1.833005 -1.993090 26.356782 -2.218457 -1.568699 -2.301017 -2.402188 -1.868112 -2.266166 -1.683625
7 -3.188920 -2.901062 -2.953147 -2.888172 -3.038162 -2.934752 37.173294 -2.401199 -2.734757 -2.976188 -3.095938 -2.250484 -2.613913 -3.196600
7 0.074760 -0.785271 0.224336 -0.023203 -0.231236 -0.522960 2.321255 -0.290895 -0.135488 0.605581 -0.478972 -0.267844 -0.035716 -0.454346
7 -2.795686 -1.709625 -2.156308 -1.982339 -1.796714 -2.294593 26.940446 -1.808891 -2.485696 -2.096119 -1.967160 -1.916240 -1.957737 -1.973338
11 -0.790564 -1.169828 -0.621942 -0.566431 -0.608186 -0.514301 -1.084753 -0.260032 -0.499471 -0.803440 7.604843 -0.003969 -0.270575 -0.411351
7 -2.319379 -2.046756 -2.341818 -2.539025 -2.209247 -2.069922 30.308197 -2.280951 -2.753445 -2.325848 -2.248548 -2.113221 -2.556930 -2.503105
7 -1.500455 -2.731078 -2.059568 -2.349612 -1.722100 -2.561851 27.584456 -2.169130 -1.651696 -2.084603 -2.735694 -2.329069 -2.136554 -1.553046
7 -1.938848 -2.421814 -2.594675 -2.806690 -2.335095 -2.467626 30.190168 -2.441026 -2.282493 -2.439932 -2.276007 -2.431415 -1.625501 -2.129044
1 1.800748 0.171070 -1.031517 -0.293854 -0.059990 -0.632446 1.721418 -0.021894 -0.584636 -0.799572 -0.173082 -0.023156 0.471979 -0.545068
7 -2.125968 -1.937965 -1.628419 -2.039790 -2.050231 -2.122480 25.845166 -1.978679 -1.883711 -2.119043 -1.852164 -2.178295 -2.155418 -1.773005
12 -0.829007 -0.088990 0.687638 -0.246225 -0.090864 -0.341092 -0.575080 -0.273924 -0.415978 0.137540 0.398227 2.084477 -0.249035 -0.197687
13 0.491075 -0.736912 0.971346 0.269236 -0.810684 -0.196093 -0.545815 -0.872825 -0.019197 -0.473118 -0.419967 0.767747 1.733888 -0.158682
12 0.495794 -0.160144 -0.233375 -0.066939 -0.546180 -0.096342 0.095384 0.255478 -0.452921 -0.251260 0.202165 1.470263 -0.274859 -0.437063
12 -0.198700 -0.680083 -0.147564 -0.190268 -0.386036 0.215322 -0.031975 0.123715 0.156064 -0.174499 -0.433519 0.844126 0.444308 0.459109
12 0.552940 0.347972 -0.265639 -0.132998 -0.424920 -0.654688 -0.464620 -0.179889 -0.059671 -0.135247 -0.175669 0.779016 0.563133 0.250280
9 0.039493 -0.618176 0.254346 0.044545 0.104924 0.129514 -0.262194 -0.519390 1.045529 -0.352310 0.077171 0.056420 -0.543992 0.544121
3 -0.933736 0.173968 3.994201 0.052276 0.082619 -0.328543 -0.285909 -0.622729 -0.923637 -1.058746 0.197730 -0.408424 -0.722837 0.783766
13 0.054878 -0.197667 -0.355470 0.026033 -0.125976 -0.038242 -0.106289 0.667765 -0.162353 -0.123796 -0.187417 -0.035573 0.682609 -0.098500
12 -0.670671 -0.030136 0.133957 0.291827 -0.173310 -0.141045 0.280666 -0.166887 -0.005320 -0.626696 -0.395374 2.964405 -0.598119 -0.863295
7 0.573552 0.051369 -0.116189 0.505083 -0.066249 0.066998 0.642665 -0.227558 -0.786190 -0.401476 0.043962 -0.273136 -0.506206 0.493374
10 0.133364 0.013302 0.328521 -0.216272 -0.124155 -0.318781 -0.036696 0.170506 -0.174535 0.636271 -0.330338 0.226445 -0.208029 -0.099604
7 -0.132447 -0.478732 0.024730 -0.553207 0.817871 -0.072716 1.464153 -0.276893 -0.207147 -0.021349 -0.312895 -0.287829 0.204299 -0.167837
12 -0.744395 -0.347112 -0.490569 -0.426943 -0.271515 -0.372676 -0.792813 -0.334324 -0.408880 -0.492499 -0.033619 4.752609 -0.107083 0.069819
12 -0.137919 -0.323215 0.148399 0.118561 -0.163571 0.076628 0.023195 -0.378244 -0.218510 0.183258 0.079158 0.528689 0.034694 0.028876
12 -0.729661 -0.660450 -0.474951 -0.627707 0.959014 -0.276633 0.299241 0.625758 0.010366 -0.406841 -0.151927 1.561263 -0.467621 0.340147
12 0.015015 -0.215687 0.024838 0.089586 0.082961 -0.218069 0.314987 -0.452602 -0.805955 -0.275402 0.048354 1.416641 -0.109388 0.084723
5 -0.620104 1.048582 -1.988180 -0.121439 4.766951 -0.165409 -0.263836 0.834337 -1.363011 -1.178086 -1.303865 1.037701 0.013402 -0.697044
3 -0.199192 -0.111075 0.832200 0.174949 0.121538 -0.025569 -0.223077 -0.439474 -0.486724 0.130492 0.227539 0.356903 -0.700458 0.341949
12 -0.222922 -0.764813 0.122335 -0.819574 0.413243 0.307916 -0.335192 0.386586 -0.368768 0.647841 -0.054130 0.820827 0.012910 -0.146260
3 0.329135 0.444548 0.551932 -0.203559 -0.509675 -0.557912 -0.145111 -0.257331 -0.112280 0.361150 -0.243732 0.270540 -0.233298 0.305592
14 -0.050256 -0.653088 0.194340 -0.193028 -0.031012 -0.322357 0.187033 -0.092891 0.326419 -0.039687 -0.710207 0.376664 -0.135494 1.143564
12 -1.432120 0.024621 0.541351 -0.537449 -0.620277 -0.448124 0.677750 0.535270 -0.687767 -0.910668 -0.120111 4.067576 -1.294261 0.204207
11 -0.498565 -0.194436 -0.026852 -0.391500 -0.338143 0.421611 0.216729 -0.232767 0.326182 -0.049046 1.236442 0.741260 -1.106579 -0.104338
14 -0.300820 -0.518562 -0.300684 -0.833233 -0.499511 -0.571066 -0.258502 -0.566524 -0.340577 0.109969 -0.532037 -0.079212 -1.014453 5.705213
14 0.205771 0.268741 0.194323 -0.300676 -0.471854 -0.221507 -0.233254 -0.495418 0.125782 -0.267871 -0.228014 -0.078632 0.113461 1.389147
14 -1.202489 -0.136775 -0.602610 -0.825986 -0.659689 -0.585037 0.059732 -0.592158 -1.305522 1.435803 0.038771 0.150753 -0.605776 4.830984
14 -0.700134 -0.619223 -0.491882 -0.482780 -0.276545 -1.472181 -0.089405 -0.618194 0.873425 -0.513408 -0.113925 -0.826303 -0.200540 5.531096
4 -0.639497 0.616500 -0.093840 1.201697 -0.096494 -1.018334 -0.383568 0.130827 -0.020604 -0.360775 -0.591262 -0.234672 0.816314 0.673708
14 -1.043477 -0.274823 -0.009937 0.262878 -0.052736 -0.030040 -0.068850 -0.435328 -1.097435 -0.272295 0.791638 0.380091 -0.070378 1.920694
5 -0.167994 0.439933 -0.021555 -0.151336 0.493094 0.298145 -0.700760 -0.103751 -0.093767 -0.565476 0.049312 -0.094865 0.360619 0.258400
14 -0.205972 -0.219833 -0.070313 -0.002874 0.253189 -0.469211 -0.032218 0.397221 0.353581 -0.980113 -0.282742 0.570730 -0.422003 1.110557
14 0.132350 -0.190199 0.106955 -0.481932 -0.779369 -1.017159 -0.588361 -0.655122 -0.285320 -0.225804 -0.123750 -0.135145 -0.012097 4.254955
14 -0.567381 -0.906998 -0.143302 -0.167131 -0.200398 -0.228649 -0.550851 -0.044130 -0.721856 -0.524699 -0.601888 -0.824882 -0.129638 5.611803
14 -0.284078 -0.295446 -0.144719 -0.437448 -0.094175 -0.003783 0.001595 0.018112 0.529982 -0.559473 -0.324588 0.145623 0.521728 0.926668
14 0.033473 -0.688504 0.350483 0.049985 0.059552 -0.069193 -0.144178 -0.529321 -0.075604 -0.421127 -0.537567 -0.122512 0.812615 1.281899
14 -0.392550 -0.430521 0.122952 0.028756 0.783282 0.034798 0.082067 -0.540746 -0.323153 0.197687 0.072487 -0.265115 -0.288121 0.918178
14 -0.435688 -0.816090 -0.314544 -0.622661 -0.638440 -0.376790 -0.319724 0.226583 0.104988 -0.945853 -0.370207 -0.139860 -0.456991 5.105276
5 -0.277690 0.033328 0.258091 0.443455 1.378376 -0.486953 0.395052 -0.598964 -0.642073 -0.017468 0.221034 0.323289 -1.006542 -0.022935
14 -0.382660 -0.023655 0.010528 0.043760 -0.280693 -0.400240 0.241203 -0.251056 -0.395382 0.183571 0.186944 0.130057 -0.539733 1.477356
14 -0.344360 -0.405975 -0.089286 -0.220988 -0.172242 -0.284675 0.613874 0.024641 0.161416 -0.504729 -0.160402 -0.296029 -0.258775 1.937529
14 0.190514 -0.541645 0.166808 -0.050435 -0.073933 -0.148146 -0.095099 -0.166040 0.181598 -0.235021 -0.057082 -0.084371 0.024774 0.888078
14 -0.674781 -0.603766 0.445498 -0.955173 -0.649635 -0.481919 -0.705927 -0.417423 -0.021725 -0.628135 -0.609462 -0.287726 -0.028538 5.618713
14 -0.004703 -0.258195 -0.173248 -0.699833 -0.145774 0.541755 -0.618991 -0.288558 -0.432345 0.164368 0.553522 -0.381994 -0.539498 2.283493
5 -0.095982 0.063662 0.152114 0.474307 0.492300 -0.545070 -0.045616 -0.004567 -0.730423 0.187200 0.490877 0.009227 -0.592983 0.144954
14 0.029067 -0.800913 -0.220508 0.145080 0.386439 0.017781 -0.828641 0.058116 -0.025215 -0.297708 -0.398340 -0.412240 0.682432 1.664649
8 -0.865044 0.671302 -0.032354 0.177490 0.499871 -0.152314 -0.142640 1.357645 -0.599114 -0.567042 -0.144212 -0.117977 -0.164203 0.078593
8 0.070733 -0.174584 -0.396162 -0.503512 -0.843373 0.110998 0.111472 4.795676 -0.179206 -1.229993 -0.642687 0.150475 -0.359796 -0.910041
5 0.401220 -0.932744 -0.470655 -0.977084 7.366724 -0.232905 -1.167023 -0.251715 -0.384876 -0.667041 -0.697688 -0.536945 -0.764497 -0.684771
8 -0.188648 -0.695863 -0.125103 -0.253321 -0.386382 -0.460196 0.002481 3.997414 -0.176657 -0.504152 -0.555281 -0.243154 -0.364486 -0.046654
8 0.243544 -1.108119 0.429501 -0.416769 -0.303341 -0.346280 -0.363565 0.713028 0.625288 0.704739 -0.374301 0.127262 -0.098346 0.167359
1 0.971687 -0.605149 -0.339869 -0.131295 -0.349297 -0.004159 -0.490337 -0.184712 0.590317 -0.240752 0.315265 0.417351 0.300938 -0.249986
8 -0.399670 0.029057 0.219159 -0.995732 -0.145637 0.684750 0.141158 2.349818 -0.305891 -0.364439 -0.405831 -0.552514 0.098147 -0.352375
8 -0.750796 -0.385341 -1.561052 -0.759474 -0.565134 -0.194342 2.503180 3.814698 -0.836978 -0.343193 -0.705891 0.264829 0.006127 -0.486633
8 -0.123258 0.055026 -0.281132 -0.219919 -0.161193 -0.196489 -1.114120 3.471185 -0.609566 -1.017371 0.171193 0.924924 -0.813291 -0.085989
1 0.703977 0.355566 -0.043012 -0.136157 -0.496302 0.136928 -0.182256 0.373770 -0.008248 -0.214993 -0.259171 0.337573 -0.590507 0.022832
8 -0.235875 0.213994 -0.117179 0.328977 0.058899 0.552262 -0.293980 0.567371 -1.126208 -0.007077 0.491351 -0.157087 -0.449691 0.174243
8 -0.797262 0.100767 0.760222 -0.645910 0.775825 0.354925 -0.123123 2.945762 -0.613354 -0.745655 -0.585515 -0.444184 -1.234972 0.252474
14 -0.514330 0.565000 -0.918756 0.073614 -0.009069 0.291401 -0.997402 0.083747 -0.100964 -0.351712 -0.162682 0.535469 0.736337 0.769347
6 0.159228 -0.125132 -0.188988 -0.170632 -0.130378 0.549167 0.548556 -0.008318 0.052541 -0.086548 -0.047450 -0.285595 -0.082022 -0.184429
8 -0.231174 0.439124 -0.151705 -0.365604 -0.089004 0.314614 -0.421213 1.650492 0.374727 -0.330015 -0.453367 -0.155550 -0.456079 -0.125245
5 -0.327828 0.710230 -0.041625 0.337434 0.900812 -0.014265 -0.183486 0.319254 -0.503784 -0.432868 -0.648665 0.042633 0.079982 -0.237825
13 0.313769 -0.161786 -0.234108 -0.207829 -0.603152 -0.072952 0.360924 0.092448 -0.096966 -0.386578 -0.145453 -0.268274 1.103825 0.306131
8 -0.062726 -0.162376 -0.666449 0.002974 -0.211450 -0.293296 -0.112027 1.318898 0.488000 -0.813678 -0.052889 -0.048399 -0.066408 0.679826
6 0.538058 0.389359 -0.750041 0.006071 0.272555 0.754776 -0.168559 -0.104372 -0.470775 -0.329688 0.238039 -0.339132 -0.288201 0.251912
8 -0.681030 -0.009765 0.347286 -0.952517 0.242309 0.814248 0.596883 1.502534 -1.058237 0.222495 -0.142903 -0.062883 -0.910934 0.092512
8 -0.623455 0.351875 -0.074930 -0.259460 0.136503 -0.383275 -0.150362 1.822545 -0.300824 -0.416683 -0.139522 0.153574 -0.051076 -0.064911
8 -0.487039 -0.460452 0.318996 0.518787 -0.672429 0.819060 -0.933477 2.002238 -0.382050 -0.279374 -0.438810 -0.076364 0.217093 -0.146179
11 -0.495643 0.640668 -0.384740 0.439716 0.216643 0.097143 0.571754 -1.133023 -0.198936 0.135240 0.834660 0.125723 -0.239064 -0.610141
3 0.188813 -0.655408 0.396799 -0.029803 -0.071980 0.123393 0.009604 -0.025162 -0.020155 0.108693 -0.152029 0.257940 -0.123350 -0.007357
9 -0.296321 -0.824516 -0.163309 -0.038165 -0.037191 -0.156824 0.545041 0.313616 0.876081 -0.443485 -0.278487 0.679688 -0.323992 0.147865
13 0.128821 -0.045333 -0.029465 -0.160359 0.130468 0.126442 0.044237 -0.205897 0.127405 -0.203583 0.062819 0.024915 0.339276 -0.339747
10 -0.115177 -0.345116 0.346056 -0.302358 -0.019308 -0.687520 -0.261570 -0.380531 0.643920 0.847779 0.213171 0.085349 -0.043540 0.018845
9 0.356527 -0.961763 0.078491 0.143940 0.410791 0.079511 0.025766 -0.313084 1.586702 -0.248952 -0.048846 0.065621 -0.454860 -0.719844
13 -0.116933 -0.371239 0.553818 -0.485666 -0.241788 -0.720950 -0.142967 0.182920 0.423806 0.210321 -0.276687 -0.276976 2.035786 -0.773443
13 0.120529 -0.222590 0.557708 -0.534592 0.199560 -0.439501 -0.124048 -0.391170 0.201603 0.071058 -0.180255 0.384896 0.904575 -0.547773
6 -0.074893 -0.354924 -0.000601 -0.042674 -0.156267 0.297570 0.013379 -0.158673 0.231599 -0.039380 -0.072369 0.194901 0.013224 0.149109
3 -0.751090 -0.081903 0.545665 0.034010 0.130057 -0.056319 -0.231583 -0.383745 0.461008 -0.104957 -0.061164 0.387320 -0.369449 0.482151
9 0.611610 -0.658468 -0.004071 -0.121259 -0.235669 0.030050 -0.157186 0.012648 1.887700 0.058037 -0.064438 -0.523524 -0.162231 -0.673200
9 0.087124 -0.437068 0.082576 0.066901 -0.017921 -0.160983 -0.164859 -0.214689 1.036896 -0.267094 0.024149 0.000409 0.166429 -0.201870
14 -0.549630 -0.493995 0.410296 -0.284851 0.027800 -0.079228 0.149809 -0.093097 0.692733 0.004147 -0.486388 0.159248 -0.285356 0.828513
9 0.213961 -0.555321 0.392881 -0.274781 0.346850 0.378742 -0.263099 0.390964 0.572983 0.088277 -0.464192 -0.114421 -0.453362 -0.259485
13 0.365060 -1.356272 0.063513 0.425498 0.433578 0.112051 -0.509496 -0.357195 0.378220 0.202797 -0.132465 0.155228 0.464454 -0.244973
14 0.199154 -0.162311 0.181395 0.412672 -0.420110 0.149139 -0.011870 -0.137858 0.201117 -0.170738 -0.365289 -0.384464 -0.233834 0.742997
5 0.388368 0.280941 -0.152070 -0.655850 0.593568 -0.348650 0.525002 -0.001579 -0.006297 -0.220134 -0.420466 0.207749 -0.133249 -0.057334
14 0.286951 -0.717588 0.028920 0.604106 -0.233342 -0.506497 -0.322572 -0.247760 -0.622183 0.455752 0.061179 0.136631 0.250611 0.825792
4 0.248897 -1.076805 -0.471524 1.701468 -0.260949 -0.269155 -0.151321 -0.060780 0.838838 -0.519706 -0.360210 0.157702 0.516003 -0.292457
14 0.221358 -0.535181 0.413133 -0.291999 -0.130765 -0.061815 -0.301323 -0.267385 0.426206 0.095612 -0.259525 -0.180153 0.294620 0.577217
