7 -6.402777 -7.360058 -6.660187 -6.839583 -6.555915 -7.997775 46.905326 -7.719579 -5.335417 -7.699658 37.513429 -6.428523 -8.270609 -7.148676
14 0.101558 -0.662838 -0.072434 -1.256609 -0.089424 -0.224754 -0.089006 1.744543 -0.394294 0.075096 -0.716446 0.188930 -0.621867 2.017546
9 -1.165787 -1.586363 -0.348811 -0.040734 -0.012439 -1.115753 -1.386502 -1.144572 6.248090 -0.077636 0.591659 -0.626063 1.515698 -0.850787
1 16.844141 -1.016956 -1.978916 -1.202085 -1.259309 -1.557549 -1.894583 -0.739705 -0.982000 -1.113543 -1.541844 -1.150044 -1.383309 -1.024296
6 1.112858 0.615725 -0.322240 1.140341 -0.403926 2.163987 -3.038918 -0.118475 -0.736851 -0.244688 0.079173 0.549711 -1.850515 1.053816
1 3.613552 -0.457840 -0.253628 -0.402085 -0.220054 -0.528897 -0.316375 -0.344249 -0.194638 -0.234221 -0.317674 0.381382 -0.266682 -0.458591
6 0.605114 -0.342205 -0.213978 0.176331 -0.113520 2.321816 -0.626795 -0.036992 -0.505739 -0.854506 -0.420820 -0.236836 0.479213 -0.231084
7 -1.010481 1.015326 0.662034 0.481698 0.737154 0.135492 1.107753 -0.647560 -0.692966 -0.778050 0.117468 -0.116715 -0.327747 -0.683407
5 -4.015136 -2.563050 -2.088853 -1.787814 20.099399 2.147968 -2.404392 -1.400994 -2.223436 -1.864141 -1.839711 1.757143 -1.430558 -2.386428
5 0.257047 -2.728662 -0.342410 -1.036587 11.737709 -0.088040 -3.170963 -1.377408 -0.929013 0.455529 -1.550023 0.247754 -2.013908 0.538973
10 0.993713 -0.639306 0.586822 -1.607515 -0.053268 0.355108 0.140088 -0.481448 -1.883834 1.492360 -0.603662 1.270081 -0.936713 1.367575
3 -0.608607 -1.003760 4.757576 0.341317 1.765940 -0.932261 -1.507291 -0.923723 -0.232853 -0.825990 -1.348719 0.524802 0.284190 -0.290622
3 0.270263 -0.984614 11.219396 -1.353578 -1.226521 -0.504019 -0.560487 -0.923975 -1.036810 -1.208489 -0.167513 -2.147290 -1.525405 0.149042
4 -1.747652 0.393258 0.006124 1.764680 0.324067 -0.511150 0.935603 0.183187 -0.979850 -0.519527 0.626263 0.094007 -1.067490 0.498479
1 51.402314 -3.714532 -3.386733 -3.628596 -3.702700 -4.852118 -4.488178 -3.708729 -4.139405 -3.841875 -3.636580 -4.134245 -5.058259 -3.110363
11 -3.103800 -2.405532 1.103712 -0.763679 -2.744331 -2.195154 -2.626857 -1.631590 -0.766619 -2.584099 21.761906 -2.083312 -0.342027 -1.618618
4 -0.020975 -1.016523 -0.031411 3.910824 -1.333694 1.118216 0.707367 -1.355487 -0.081011 -0.508452 -0.588419 -0.525514 -0.079204 -0.195718
12 -2.532743 -1.467690 1.115081 1.168968 0.372312 -1.326072 1.014550 -2.428912 -1.120384 1.447941 -0.225988 4.558128 -0.985394 0.410202
14 -0.243419 -0.122158 1.300981 -1.921449 -2.197013 -0.921242 -1.868067 -1.430348 -2.196721 -0.035783 0.770711 -0.252307 -1.612040 10.728855
11 -1.035914 -2.254363 -1.382103 -3.103402 -2.017020 -1.509101 -2.156427 -0.418347 -1.487773 -2.037322 20.195133 -0.402933 -1.485471 -0.904956
3 -0.905152 -1.664078 11.767997 -0.575834 -0.966210 -1.055175 -0.905928 -1.260769 0.175772 -1.174791 -0.698775 -1.492339 -0.578681 -0.666036
12 0.563233 0.003516 -0.037257 -0.484794 -0.232019 -0.585170 -1.278498 -1.282522 -0.534055 0.544910 -0.272725 1.721294 0.974301 0.899786
14 -0.890556 -1.340934 -0.775959 -0.512506 0.330968 1.785869 1.269334 -2.007736 0.076988 -0.681484 1.698882 -0.398379 -0.690095 2.135610
9 -0.870900 0.939260 0.195662 -0.989780 -0.021588 -0.247850 -0.023696 -0.925137 2.822284 0.297773 0.732899 -0.707471 -0.844750 -0.356705
2 -2.036181 1.537992 -1.178113 -0.145930 0.724990 -0.669792 0.247719 0.595575 -0.522611 -0.397231 -0.426334 0.434618 0.603015 1.232282
8 -2.089902 0.321598 -1.106637 1.708852 0.493478 -0.616198 -0.108109 4.570311 -1.251856 -0.969154 -0.069333 -0.509056 -1.005329 0.631335
14 0.110296 -0.093023 -0.274267 -0.832894 -0.358747 -0.654080 -0.369228 -0.986625 0.479896 -0.515872 -0.401886 0.617420 -0.192904 3.471914
2 0.460353 8.680840 -1.619412 -1.462891 -1.193493 -0.240292 -1.325560 -1.480305 -0.351422 -0.141236 -0.974517 -0.207903 1.181586 -1.325749
1 30.918057 -2.820267 -2.658788 -3.965903 -2.952265 0.231906 -3.181220 -1.322963 -3.507327 -2.613521 -0.719616 -2.010180 -3.907428 -1.490485
13 0.362820 0.760138 -0.707840 -1.167466 0.557158 0.196814 -1.667635 0.286382 -0.712711 0.690726 -0.307979 0.000241 1.139933 0.569418
5 -0.776223 -1.478652 -0.638300 -0.215015 11.444030 -0.993816 -1.138827 -0.699364 -0.826512 -0.872323 -0.819634 -0.991904 -0.910057 -1.083403
6 0.702223 -1.026920 -0.042784 -0.839771 -0.133998 1.506012 -0.702151 0.104947 -0.344789 -0.337041 0.181585 -0.767042 0.599426 1.100303
6 -0.168731 -2.182406 -0.500326 -1.700645 -0.401507 6.091553 -1.008831 -0.593409 -0.147149 -0.805874 -1.091131 -0.160500 -0.298060 2.967015
5 -0.895924 1.475025 -1.268525 0.667430 2.595375 -0.803462 -1.684464 -0.245175 -1.252708 -1.313339 -1.112481 2.294278 -0.024368 1.568337
7 -3.576367 -3.075289 -4.462525 -3.382200 -3.549040 -5.089325 52.124573 -4.230471 -5.514520 -3.196146 -2.891591 -3.564644 -5.544164 -4.048293
14 -0.475411 -3.238213 -2.440684 -0.680430 -2.175468 -1.101766 0.624959 0.767288 -2.350999 0.350510 -1.232784 0.759100 -0.524081 11.717982
2 -0.055659 2.743061 -0.310658 -1.055447 0.410445 -0.798042 -0.021074 -0.843178 -0.354325 0.540923 -0.035203 0.084011 0.413030 -0.717883
2 -3.021959 11.621238 -0.689063 -1.455201 -1.985928 -1.273523 0.693790 -1.958595 -2.063136 -1.114949 4.263365 -1.285690 -2.186944 0.456597
2 -1.209443 8.335506 -0.041439 0.654048 -0.146050 -0.338968 -0.153272 -2.391338 -1.254204 -0.674638 -0.559669 -0.285703 -0.886659 -1.048172
14 0.965963 -0.229678 -0.097245 0.135153 -0.349216 -0.181739 0.114286 0.056117 -1.682270 -0.267800 0.441409 0.064979 -0.465749 1.495789
7 -0.587589 -0.697271 -1.188688 0.687194 -0.375793 1.361672 1.975463 0.273526 -0.704507 -0.564788 0.465609 -0.560188 -0.106957 0.022318
3 1.195911 -0.529836 5.951322 -0.290291 -1.460405 -2.499674 0.109361 -0.260978 -2.682663 0.587304 2.106391 -0.226237 -0.461308 -1.538894
13 0.246257 0.312646 -0.761261 -0.775441 0.928518 -1.205305 -0.138344 -0.143421 0.556434 -0.151024 -0.340108 -0.201330 2.627714 -0.955335
3 -1.799967 -2.442968 25.667050 -2.054449 -1.915733 -1.948827 -1.815454 -1.782060 -2.149644 -1.691439 -2.241986 -1.741228 -2.285242 -1.798052
6 -3.763978 -2.961121 -1.329214 -0.136127 -2.971036 20.859235 -1.480550 -1.496043 -1.252319 -2.470952 -1.200495 -1.568246 1.656014 -1.885169
12 0.651215 -1.648338 0.519442 -1.032315 0.646430 -0.417770 -0.750905 -0.512160 -0.459537 1.390601 0.882962 2.106466 0.036681 -1.412774
14 -0.801559 -1.512275 0.529027 -0.156118 0.514592 2.076900 -1.509652 -0.798717 -1.580316 1.690339 -0.627139 0.724584 -0.807703 2.258036
13 -0.171143 -0.776643 -0.721647 1.390230 -0.224430 -0.148722 1.188433 -1.589025 -1.166875 0.180095 -0.513368 -0.203627 2.943043 -0.186320
11 -1.713961 2.896398 -0.773635 0.144665 -1.016012 -0.666461 -0.517924 -0.941329 -0.802275 -1.087407 7.304468 -0.630567 -1.283532 -0.912429
13 1.787354 -0.784555 -0.227317 -1.064490 0.302847 -0.831709 -0.940929 0.597035 0.075212 -0.585538 -0.978921 -0.151550 3.088453 -0.285894
14 -0.217048 -1.693910 -0.682652 -1.346404 0.481015 -1.140853 -0.506001 -1.401381 -0.901800 0.996935 -0.926645 0.770690 0.066941 6.501115
1 0.868879 -0.449745 0.057722 0.100304 -0.608066 0.516548 0.232926 -0.725725 -0.396394 -0.090132 -0.038876 0.305744 -0.459753 0.686569
14 -0.821321 -2.505741 -0.468786 -0.970476 -0.447108 -0.077536 -3.237944 -1.816092 -0.403576 -0.156484 -1.038587 -0.404741 -2.236957 14.585349
11 -2.907322 -3.454697 -3.743576 -2.250508 -2.344318 -4.038089 -5.817564 -3.662660 -2.557665 -3.310452 38.795214 -1.514085 -0.577827 -2.616451
7 0.151082 -0.071042 -0.890663 0.225242 -0.677548 -0.222624 4.135405 -1.413490 -0.424512 -0.765162 -0.547291 -0.021681 -0.435702 0.957987
6 -1.318645 0.025184 -1.061477 -0.279366 -0.223881 5.800806 -0.303793 0.243921 -0.930525 -0.884821 0.251095 0.409424 -1.252955 -0.474966
4 -3.144042 -4.707539 -1.257038 40.330572 -4.426764 -3.662448 -3.767012 -2.379719 -2.504522 -2.689579 -2.765204 -2.840897 -3.306712 -2.879096
4 -3.669707 -4.131306 -2.884803 41.834200 -3.662506 -3.448895 -2.969931 -2.793062 -3.010474 -2.838115 -3.198897 -2.914267 -3.774539 -2.537698
4 -2.396973 0.127550 -2.739947 23.000264 -2.018584 -2.172108 -1.097242 -0.422701 -3.467526 -1.802584 -1.447161 -2.592539 -3.088222 0.117771
7 -4.654911 -2.340929 -3.773904 -4.061507 -5.331643 -3.404175 53.746934 -4.965413 -3.824904 -4.444534 -5.801385 -3.713265 -4.339195 -3.091170
7 -5.949930 -4.075775 -4.874462 -5.140724 -5.081194 -6.252436 62.993545 -4.984079 -5.010886 -4.079312 -3.507617 -5.373368 -3.617242 -5.046522
7 1.456182 -1.450404 0.754454 -0.203295 -1.334606 -0.543835 4.769703 -1.007068 -0.841846 -0.256560 -1.243516 0.287115 0.015346 -0.401670
7 -5.397614 -6.541919 -5.397932 -6.200285 -6.069305 -5.834164 75.402829 -5.887022 -5.460604 -5.244834 -5.171983 -5.520139 -6.014199 -6.662829
7 -4.439788 -4.038128 -4.055209 -4.629055 -4.165534 -4.832046 52.711696 -3.468516 -4.262318 -3.588590 -3.802168 -4.158346 -4.011405 -3.260593
6 -0.947725 -0.861237 -1.038267 -1.946478 -1.823289 21.031753 -1.113587 -1.433618 -2.147408 -1.287743 -2.326407 -1.604789 -3.040422 -1.460783
9 -0.965537 -0.010544 0.228543 0.787407 -0.312859 -0.220992 -0.180327 -0.048027 1.313340 -0.633538 0.822768 -0.122445 -1.061624 0.403836
10 0.395725 -0.531855 1.405629 -0.581181 0.523036 1.515297 -0.194759 -1.059866 -1.398902 2.091779 0.773746 1.043905 -2.383622 -1.598933
8 -0.607078 0.550543 1.146630 -1.089943 0.171931 -0.881278 0.554976 4.588916 -0.003661 -2.556721 -0.642352 -0.505378 0.068900 -0.795484
2 -1.150732 2.347508 -1.715899 1.283255 -0.441829 -0.959095 0.432445 1.837296 -0.418898 -0.399666 0.933065 -0.978351 -0.197525 -0.571574
13 -0.371351 -0.227700 0.145530 -0.047066 -1.543884 2.001252 -2.054889 -1.252818 -0.217345 0.618173 -2.274807 -1.244390 5.986596 0.482699
4 -4.823203 -3.412955 -3.480456 41.448013 -4.190537 -3.854545 -0.937790 -2.852204 -1.269627 -3.946786 -4.128572 -3.500618 -0.897478 -4.153244
4 -4.339532 -4.811573 -2.319366 40.943828 -3.151041 -3.822827 -3.666045 -3.390906 -2.907191 -1.638555 -3.328841 -2.882758 -1.296941 -3.388253
4 -4.384830 -4.494100 -2.400023 41.627179 -4.556123 -3.311397 -2.182853 -3.752294 -2.578541 -2.677836 -2.990092 -1.619704 -4.488650 -2.190737
11 0.051639 -0.240889 -0.372493 -0.664899 -0.752840 -0.078245 -1.275766 -0.358390 -0.337201 -0.682209 5.559700 -0.502203 0.568780 -0.914985
7 -0.517780 0.314541 -0.409383 -0.655970 0.398422 -0.816420 2.354537 0.096256 -1.044554 -0.064674 0.662672 -0.452618 0.337891 -0.202919
3 -0.082118 -0.465081 3.042047 -0.660050 0.758171 0.363720 -1.022091 -0.770554 1.631541 -0.848672 0.294395 -0.912679 -0.004349 -1.324281
4 -3.495881 -2.734337 -2.792500 41.913737 -3.684819 -3.687393 -2.179075 -2.621870 -4.069225 -3.550689 -1.312168 -4.373766 -3.664701 -3.747314
5 -2.448247 -1.777567 -0.743166 -0.678195 21.886557 -2.780483 -3.381224 -0.186850 -2.357119 -1.943244 -1.773203 -0.163257 -2.835518 -0.818484
13 -0.911733 0.317256 -0.688361 0.578508 -0.459445 1.917359 -0.382752 -0.413478 0.268092 -1.261717 -1.025873 -0.565772 2.036456 0.591459
9 -0.143344 -0.400030 0.237251 0.279291 -0.053885 -0.292142 -0.264010 -0.220965 0.566943 -0.284897 0.017245 -0.134635 0.179724 0.513454
11 -2.454859 -1.928922 -1.038685 -2.925411 -2.634231 -1.871151 -1.745326 -2.787130 -1.763179 -3.409742 28.792996 -0.767855 -2.145281 -3.321225
11 -5.330659 -3.053905 -2.203897 -2.792623 -2.601889 -2.424853 -2.901572 -2.978635 -3.588685 -3.806314 39.712123 -3.045753 -2.205530 -2.777807
11 2.016216 -0.898868 -2.239732 0.011207 -0.933791 2.031559 -1.433216 0.201331 -2.129055 -1.444405 6.476581 0.577654 -1.226104 -1.009378
6 0.569173 -1.141744 0.577160 -1.788624 0.658052 1.947755 0.272963 -0.804695 0.178401 0.580251 -0.744158 -0.319004 -0.299195 0.313665
1 28.637181 -1.661748 -2.123818 -2.986117 -2.285430 -2.607246 -2.175003 -2.292414 -2.815492 -3.536105 -2.437237 -2.602262 -0.734710 -0.379599
13 -0.345965 -0.663283 0.392378 -0.347873 -0.454555 -0.565694 0.086016 -0.740739 -1.694679 -1.206427 -0.150499 -1.115620 6.433552 0.373387
3 0.393891 -0.877088 6.345573 0.626454 -0.724074 -1.404158 -1.400907 -1.836163 0.997223 -0.146291 -1.784322 -0.931017 -0.309041 1.049921
4 -3.085241 -2.832130 -3.264673 42.123771 -2.899236 -4.573808 -3.126552 -3.015103 -3.902440 -3.365843 -2.755497 -3.371576 -3.855927 -2.075743
4 -1.566568 -1.800566 -2.273730 41.444711 -3.214170 -2.468370 -3.200908 -2.994788 -5.200508 -4.234457 -2.272328 -3.453696 -5.069136 -3.695488
2 -1.312967 11.719191 -0.428123 -0.073536 -0.191670 -1.019262 -1.080479 -1.918634 -2.355957 -0.920678 -1.859979 -0.485941 -1.316374 1.244408
3 -1.119352 -0.399950 1.566323 1.171749 -0.301673 -1.112659 -0.647962 -0.977350 -0.340260 0.882996 0.426497 0.376611 -0.344870 0.819898
1 0.000000 0.000000 0.000000 0.000000 0.000000 0.000000 0.000000 0.000000 0.000000 0.000000 0.000000 0.000000 0.000000 0.000000
2 -3.206075 10.756029 -0.413456 -0.176594 -0.394202 -0.477026 -0.709425 -0.541166 -1.667529 -0.547788 -0.132287 -0.958074 -1.298997 -0.233410
13 -0.507870 -0.554944 0.331803 0.348778 0.334113 -0.795989 -0.675040 -1.141038 -1.524787 0.863652 -1.084837 -0.414532 4.224548 0.596142
1 29.308802 -3.293367 -2.108900 -1.070696 -2.443111 -1.616776 -1.775266 -1.725627 -2.344619 -3.597441 -1.711050 -3.317598 -2.768095 -1.536255
7 -5.873212 -5.404149 -5.159162 -5.274887 -5.754175 -5.614173 72.947518 -6.447977 -6.305142 -5.232164 -4.154445 -5.268926 -5.881041 -6.578065
6 -6.159761 -4.776757 -3.975693 -4.060362 -4.758582 55.651265 -4.734697 -2.900141 -3.656580 -5.069224 -3.816424 -4.450566 -3.834370 -3.458108
4 0.790555 -1.207104 -0.977003 1.139988 -0.133767 0.518442 0.253012 0.346973 -0.900008 0.234420 0.203780 -0.188995 -0.466626 0.386333
13 -0.493082 -0.273041 -0.358382 -0.294677 1.357081 1.714277 -3.718167 -1.718404 0.043278 1.652067 0.658857 -0.895707 2.810605 -0.484706
1 29.553848 -2.445966 -2.607423 -2.458538 -2.215750 -1.761189 -2.321271 -2.255944 -2.571657 -2.123023 -1.711786 -2.775791 -3.597293 -0.708217
3 -0.975982 -0.263051 1.804500 0.067179 -0.344819 -0.706312 0.701773 -0.458550 -0.908484 -0.045679 0.867415 -0.165923 -0.902278 1.330211
10 -0.198993 -0.955566 1.571724 -1.290580 -0.025769 -0.956146 -0.108902 -1.063216 1.341925 3.546809 -0.410686 -0.691673 -0.956101 0.197175
1 2.555044 0.473324 -1.437640 0.691187 -0.298368 0.256777 -0.606367 -1.070597 -0.808205 -0.414280 0.013431 -0.364393 0.333926 0.676161
8 -0.144368 -1.043441 -0.083569 -0.941149 1.723682 -0.618071 -0.591841 3.543699 -0.300563 -0.061359 0.247525 -0.533563 0.254531 -1.451512
7 -4.650546 -3.978315 -2.806964 -3.806095 -3.874299 -4.493942 49.628008 -3.881865 -5.097567 -4.924529 -4.262222 -4.335660 0.016665 -3.532670
8 0.000000 0.000000 0.000000 0.000000 0.000000 0.000000 -0.014660 0.399521 -0.274102 0.000000 -0.027626 0.000000 -0.083133 0.000000
11 -0.337496 0.165416 -0.429157 -1.107302 -0.358914 0.206896 -2.581870 -0.918612 -0.639541 -1.021159 8.681387 -0.781850 -0.809380 -0.068417
10 0.385450 -0.420163 -0.007813 -0.677212 -0.867640 -0.180444 -1.672284 -0.485661 -0.930384 5.112525 0.033238 0.357837 -0.488948 -0.158500
14 0.075267 0.152475 -0.302519 -1.166704 -0.057120 -0.260007 0.538476 -0.263028 0.640728 -0.731995 -0.905851 0.893322 -0.863452 2.250408
13 -0.655594 -0.975841 1.399599 -0.624924 -0.186979 -0.147769 -0.269358 -0.437851 -1.088547 -0.421740 -0.351765 -0.470983 4.737932 -0.506181
2 12.598318 17.458311 -4.196546 -3.011357 -2.454906 -1.155207 -3.833021 -2.446669 -2.291347 -3.216652 0.114581 -3.054021 -2.158517 -2.352968
6 0.039427 -0.138622 -0.299463 -0.394201 -0.368664 1.235614 0.005051 -0.095059 0.106627 -0.091346 -0.253731 0.025294 0.489214 -0.260141
2 -0.610662 11.082217 -1.447347 -0.940207 -0.287808 -0.872083 -1.762486 0.295986 -0.744898 -1.268387 -0.572308 -1.986739 -0.666680 -0.218599
4 -0.769809 0.387916 0.139139 0.719202 0.142577 -0.098819 0.206768 -0.120550 -0.998811 0.106501 0.418740 0.179815 -0.774981 0.462311
4 -5.589832 -5.639746 -4.769000 39.663116 -5.167647 17.271552 -4.402944 -4.352717 -5.064045 -4.908067 -4.022436 -4.775079 -3.462067 -4.781091
1 50.840744 -4.215792 -3.653422 -3.917745 -3.771682 -3.949428 -4.009806 -4.347401 -2.992144 -3.814649 -3.665597 -3.975656 -4.183198 -4.344222
1 51.148775 -2.789534 -4.308946 -3.661393 -3.840310 -3.311946 -5.302380 -4.168755 -3.833606 -3.386311 -2.952606 -4.862777 -4.282208 -4.448004
1 32.181998 -2.613018 -2.794797 -3.256209 -3.417540 -2.807175 -2.017130 -1.990044 -1.984596 -2.072550 -2.027110 -1.654319 -2.226007 -3.321501
11 -1.277136 1.800391 -0.599841 -1.542584 0.542872 -1.838662 -0.855226 2.357137 1.846561 0.565983 2.636747 -2.659286 -0.041850 -0.935104
4 -3.509435 -3.498756 -3.298326 44.674449 -4.105390 -2.984704 -3.506001 -3.334864 -4.010892 -3.140011 -2.895124 -3.441496 -4.909245 -2.040207
7 -0.247918 -0.567792 -0.596052 0.323952 -0.405581 -0.700851 1.822485 -0.178717 0.613141 -0.809405 -0.031766 -0.293171 0.201675 0.869998
2 -2.001911 14.181409 -1.164119 -0.734788 -1.733999 -0.802887 0.013696 -0.925831 -0.496793 -0.045879 -1.701129 -1.034560 -1.540171 -2.013039
1 3.798743 -0.996322 0.082826 0.486897 0.263380 -0.464303 -0.534680 -0.336166 -0.345685 -0.565138 0.001427 0.276760 -1.000121 -0.667618
7 0.768058 -0.963813 -0.709917 -1.697045 -0.601081 1.053687 2.840578 0.872191 -1.552065 2.650333 -0.559397 -1.338098 -0.721821 -0.041610
9 -0.089064 0.373661 0.055975 0.294449 -1.130381 -1.360888 -0.530352 -1.336841 1.200185 -0.485765 0.427446 0.740836 1.044521 0.796219
9 -0.451068 -1.098027 0.171416 -1.363711 1.292115 1.230699 -1.433311 -0.567633 3.403786 -0.072314 -0.037747 -0.291265 0.412603 -1.195543
9 -0.798854 -0.699636 0.507674 -1.455402 0.380800 0.146194 -0.754264 0.621651 2.494863 0.743324 -0.313170 -0.850151 0.455062 -0.478093
5 -0.881773 -2.261297 2.308646 -1.007272 10.708348 1.256309 -0.890294 0.521177 -1.134580 -1.533274 -2.013866 -1.237297 -3.151851 -0.682977
4 -2.331402 -3.526236 -2.949989 42.513770 -4.221239 -3.424549 -3.887830 -2.735626 -3.118014 -4.136403 -3.100503 -2.727291 -3.030768 -3.323918
4 -4.345972 -2.732641 -2.219475 41.962683 -2.564128 -3.828746 -2.376689 -3.449992 -2.630770 -3.382101 -4.363740 -2.296579 -4.118154 -3.653698
4 -3.328175 -2.957775 -2.346658 45.259322 -4.005975 -3.806524 -5.053595 -3.695770 -4.384216 -1.101352 -3.237234 -2.876197 -5.478612 -2.987241
4 -2.384071 -1.711365 -1.518729 24.290914 -1.966558 -2.287710 -1.830697 -1.271648 -2.380177 -1.694541 -1.587542 -1.539354 -2.581894 -1.536630
4 0.325577 -2.098407 -0.792589 3.872946 -0.362583 0.829277 -2.845596 1.216603 0.684286 -0.303796 -1.414230 0.035674 0.668428 0.184409
1 27.524474 -2.614187 -1.842780 -2.624178 -2.431379 -2.076623 -3.521175 -1.202832 -1.661102 -1.375814 -2.162385 -1.188795 -2.226303 -2.596920
7 -0.613513 -2.546448 0.634268 -1.020324 -0.868854 0.555422 5.056675 -0.299878 -0.702238 0.041691 -0.217004 0.461150 0.015815 -0.496763
8 -0.484059 -1.615890 -0.857378 0.699224 -0.573781 -0.533866 -1.353556 7.677142 -1.120202 -0.183559 -0.914444 -0.596680 0.579168 -0.722119
1 31.551068 -2.846348 -2.458397 -2.319887 -2.209103 -3.993408 -3.444654 -2.595605 -1.495948 -3.172164 -2.455994 -2.407240 0.701735 -2.854055
1 31.016207 -1.981119 -1.725249 0.123655 -2.949989 -3.398367 -2.181789 -3.605733 -1.418279 -3.358506 -2.606657 -2.541272 -2.340076 -3.032826
3 -1.066741 -1.678532 4.882562 1.962582 -1.180110 -0.459815 0.405416 -1.506300 -0.572691 -0.923281 0.528116 0.290552 0.028402 -0.710160
3 -1.231369 -0.862825 10.801546 -1.278340 -1.414429 -0.396816 -0.219686 0.622014 -0.187261 -0.574404 -1.144511 -1.234218 -1.502062 -1.377641
1 19.776419 -1.972633 -2.265801 -1.545380 -1.155920 -1.181157 -1.806572 -1.445926 -0.177846 -1.962497 -0.730867 -2.571135 -1.036862 -1.923822
3 -1.227306 -1.363642 22.874605 -2.321258 -1.504976 -1.761868 -1.383320 -1.129334 -1.823601 -1.899883 -1.221570 -2.114493 -2.461004 -2.662351
14 0.218256 -1.011441 -1.300686 -0.933257 0.726624 0.261837 -0.101769 1.105373 -1.332659 0.406581 -0.324487 0.228772 0.262931 1.793924
14 -1.367361 -2.253657 0.095346 -0.134629 -0.015470 -0.377114 -0.260008 -0.071891 -2.276240 -0.601244 -0.067587 -1.051389 -1.338800 9.720045
8 -2.122776 -0.371228 -1.160795 -0.188161 -2.726497 -1.073821 1.914512 12.847848 -1.748237 0.273083 -1.552205 -1.939808 -1.341975 -0.809940
3 -0.215650 -1.364967 11.012222 0.330397 -0.929177 -0.892215 -0.673981 -2.053901 -0.309374 -1.127455 -0.268533 -0.739824 -1.775899 -0.991642
6 -2.372374 -1.506782 -1.755399 -1.295430 -2.587654 21.304580 2.379794 -2.437692 -1.641057 -1.967669 -1.937736 -1.547099 -2.684282 -1.951200
13 -0.296196 -1.781526 1.875211 -1.888025 -0.892055 0.254069 -1.469897 -1.614824 0.533446 0.361372 0.008485 1.141549 3.715872 0.052519
3 -1.262071 -2.207106 17.201881 -2.413784 -2.083077 -1.367745 -1.773541 -1.769036 -1.039729 -0.816578 -1.038524 0.710467 -1.545087 -0.596069
14 0.071916 -0.287417 0.201622 -0.185193 0.128074 -0.227804 -0.436910 -0.231100 0.468564 -0.461098 -0.156943 0.163348 0.252484 0.700457
11 -1.174756 -0.892096 -1.090222 -0.583900 0.193018 -1.468166 2.296919 0.239916 -0.799941 -0.739520 5.493902 -1.004317 -0.935291 0.464454
11 -2.063976 -0.340323 -0.710904 1.221571 -1.171357 -0.478165 0.218186 0.162191 0.165972 0.620034 3.725809 0.387099 -0.127610 -1.608528
11 -3.509899 -3.424256 -2.907515 -1.674527 -3.422485 -4.017195 -2.509039 -2.058424 -3.124855 -3.090221 38.148643 -2.755069 -3.313890 -2.341267
11 -1.537241 0.282712 -1.320204 -0.112616 0.410100 -0.704390 -1.234848 -0.170950 -1.963116 -1.637013 10.107147 -0.284001 -1.053702 -0.781880
1 31.163182 -2.167552 -0.412363 -2.729271 -1.644774 -1.620664 -3.256625 -2.369931 -2.816934 -3.065544 -3.802452 -1.915920 -2.983878 -2.377274
5 -0.887555 -1.656110 -1.364143 -1.022928 15.618599 -1.084596 -1.041212 -1.938714 -1.963277 -0.487765 -0.538585 -1.797804 0.036221 -1.872132
4 -4.081968 -2.271865 -4.169189 44.869813 -2.059160 -3.199499 -3.747786 -3.162957 -2.947360 -2.995795 -4.718547 -2.195149 -4.873324 -4.447216
7 -5.359466 -3.913423 -4.719440 -5.005479 -4.314587 -5.424321 62.957835 -5.076256 -4.759631 -3.931539 -6.888941 -4.868049 -3.990538 -4.706165
3 1.005121 -1.145786 2.070956 -0.620051 -0.056871 1.309473 0.508072 -0.271203 0.158406 1.129481 -0.893350 -0.142020 -3.511780 0.459552
5 -2.085021 0.063685 -0.901388 1.121784 12.465783 -0.225787 -0.915202 -1.135732 -1.557594 -1.288103 -1.416184 -1.137422 -2.473279 -0.515540
4 -2.104600 -2.507323 -3.403571 42.227145 -3.221678 -3.653377 -3.332098 -3.088585 -3.018423 -1.198539 -4.477597 -2.947698 -4.434854 -4.838802
6 -4.489866 -4.350338 -5.241536 -5.184976 -4.763226 61.116549 -4.654568 -4.402933 -4.600866 -4.441896 -5.482408 -4.409678 -4.485960 -4.608296
8 -1.437143 -1.244805 0.077341 -0.252682 -0.417870 1.018041 -0.350931 5.083410 -0.749093 -0.973720 -1.154401 1.796806 0.229936 -1.624889
6 -3.239944 -2.924528 -2.522671 -2.876334 -3.041707 40.101599 -2.954470 -3.337019 -2.782550 -2.704836 -2.815307 -3.264583 -4.021029 -3.616620
6 -0.057765 -0.846724 -0.423482 -0.429295 -0.728545 3.573819 0.159800 -0.829375 1.733725 -1.322850 -0.606922 -0.155656 -0.343077 0.276347
11 1.331723 0.592172 0.722006 0.066310 -1.091760 -0.401480 1.010090 -0.344347 0.971701 -0.514324 1.530690 -1.174962 -1.688679 -1.009140
13 -0.529904 -0.618610 -0.673840 -0.271262 -0.420801 -1.219341 -1.618808 -1.264212 2.195736 -0.179431 -1.586706 -1.300177 8.342664 -0.855307
13 1.292777 0.519327 0.049090 -0.728095 -0.875867 -0.152997 -0.393040 -1.012546 -0.733733 -0.279254 0.608231 -0.271069 2.925277 -0.948101
14 -0.053275 -0.463205 -0.300833 -0.216270 0.238035 0.058264 -0.407295 0.857268 -0.005296 -0.519402 -0.212929 -0.206164 0.130146 1.100954
9 -1.571271 -0.822026 -0.918913 -1.366056 1.697213 -0.278948 0.179423 -0.393684 4.872191 0.455607 -0.828166 -1.274755 0.129969 0.119416
1 2.642901 -1.855281 0.326878 -0.653085 -1.297162 -1.171372 0.159774 -0.824038 -0.650534 -0.322528 0.850610 2.630407 0.101918 0.061511
4 -3.921126 -4.343065 -3.214276 41.634019 -4.110333 -3.369529 -3.335058 -1.810149 -2.178464 -4.033978 -3.641730 -2.752861 -3.097848 -1.825602
14 0.759611 -1.492787 -0.326991 -0.937839 0.142721 -0.059136 -0.247104 -0.096479 0.158769 -0.702439 -0.731837 0.563513 1.158296 1.811702
4 -3.160062 -3.139603 -2.801156 27.451475 -2.606259 0.877655 -2.499214 -3.494086 -4.120646 -2.021158 -1.079506 -1.876400 0.777224 -2.308267
4 -3.839277 -2.518188 -4.723163 48.275088 -4.707032 -2.817686 -1.949593 -2.751988 -4.362312 -4.484762 -3.171568 -4.450381 -4.882529 -3.616610
3 -2.391031 0.171464 24.735616 -2.566623 -1.900641 -1.063126 -1.093946 -2.345513 -1.287952 -2.392029 -1.303511 -2.166087 -2.813072 -3.583549
3 1.921761 -0.128836 3.011725 1.352705 -1.852245 0.065818 -1.024010 -0.446985 -1.346707 0.449667 -0.273717 -0.278248 -1.072375 -0.378554
2 0.295627 0.632908 -0.815754 -0.316762 -1.022774 -0.221519 -0.261545 0.631516 0.523669 -0.399954 0.389416 0.510049 0.471725 -0.416601
11 -0.396712 -0.248492 0.638649 0.207367 0.517476 0.727431 -0.960487 -0.413731 -0.820157 0.731171 0.793711 -0.969289 0.083492 0.109570
13 -1.414583 -0.243038 0.371671 1.205689 0.081871 -0.627203 0.792925 -0.455401 -0.289790 -1.397375 0.518877 -0.194680 1.294392 0.356643
14 -0.353377 1.248410 -0.785332 0.160998 -0.655899 0.208102 -0.142073 -0.280036 -0.290492 -0.242511 1.231171 -1.229460 -0.822475 1.952972
5 -1.732724 0.329342 0.439885 -0.815738 1.987479 0.173898 0.881225 1.458736 -2.193556 -1.260296 1.169058 -0.110465 -2.245329 1.918483
4 1.488188 -1.700142 -0.836149 1.870766 -0.558145 -0.481001 -0.242145 -0.215964 -0.068569 -0.434712 -0.478122 0.201330 1.125109 0.329555
6 1.030782 -1.611672 0.359857 -1.179069 0.308641 1.236055 -1.063702 1.064188 -0.355900 0.566325 -0.856759 -1.385182 0.774667 1.111771
4 -2.657374 -4.196662 -2.767604 41.030178 -4.291109 -2.761030 -3.545292 -1.666169 -1.700597 -4.932644 -3.308336 -3.441055 -3.462270 -2.300037
4 -3.388769 -4.162253 -2.938659 41.892448 -3.577052 -3.622575 -3.045999 -2.290902 -3.254556 -3.105591 -3.099218 -2.894914 -2.902897 -3.609066
1 1.576642 0.197825 0.126970 -0.395408 -0.625398 0.931192 -0.072252 0.120641 -0.312033 -0.254900 -0.474926 0.183071 -0.802657 -0.198768
12 0.231777 1.450577 0.145668 -1.385513 0.980524 -0.174490 -2.032008 1.107977 -2.297177 -0.378987 -1.491540 4.142659 -0.070633 -0.228834
1 15.498402 -0.599356 -0.506537 -0.848283 -2.916864 -0.998702 -1.889015 -2.338759 -0.625269 -0.688777 -1.053528 -0.667491 -1.583150 -0.782672
14 0.572025 -1.123377 -0.012503 -0.282526 -0.895820 0.512729 -0.094032 -0.816030 1.043429 -1.250856 -1.399387 -0.307065 0.063854 3.989559
10 1.616099 1.318078 0.440019 -0.883385 -0.067193 -0.234109 -0.886494 -1.139624 -1.939067 2.191646 0.613115 0.712769 -2.277162 0.535307
4 -1.712575 -3.479450 -2.145354 25.734443 -2.804813 -2.555895 -1.087034 -1.627725 -2.502966 -1.188330 -2.784758 -0.812562 -3.005109 -0.027875
5 -1.244779 -0.944794 -1.358768 -0.224411 15.240763 -1.972767 -1.876096 -1.647831 -0.979010 -1.464793 -0.837653 -0.367292 0.222736 -2.545305
4 -3.051544 -3.853659 -3.793448 43.861863 -2.449644 -4.548472 -4.000447 -3.045825 -3.574279 -0.140798 -3.359863 -2.933514 -5.855853 -3.254519
14 0.091774 -2.227301 -0.700091 -1.135914 -0.724855 -0.561669 -0.678484 -1.483083 -0.522372 -1.030130 -0.508683 -1.604736 -0.725020 11.810565
2 0.427277 0.519030 -0.164894 -0.066644 0.220430 0.047570 -0.033316 -0.366033 -0.105174 -0.174745 -0.347677 0.140713 -0.039020 -0.057519
7 -0.373560 0.034244 -0.543446 -0.622853 0.139836 0.266777 0.647572 0.253276 -0.194231 -0.103105 0.070315 0.440538 -0.166544 0.151181
4 -3.599650 -4.045198 -3.467371 41.793444 -4.683120 -2.541031 -0.951657 -1.786524 -2.781628 -2.875081 -4.019231 -3.065429 -3.543489 -4.434035
10 1.072857 -3.586826 2.260277 -1.354376 -1.123200 -0.410397 -0.506345 -1.486158 -0.264799 4.289332 -0.468666 3.833987 -1.759971 -0.495715
14 -0.275012 -1.449797 -0.156991 -0.804266 0.853155 -0.194893 -0.787288 -0.657723 -0.372167 1.630371 -0.060000 -0.824754 -0.097682 3.197047
6 -3.667184 -2.147196 -2.143174 -2.321330 -2.956728 34.080732 -3.278050 -2.918119 -1.710990 -2.210481 -2.172876 -2.587479 -2.417150 -3.549975
13 -0.659112 0.327126 -0.476517 -0.510042 0.427973 0.714782 -1.483516 -1.279407 0.788231 -0.705881 -0.131012 0.955163 1.806747 0.225465
4 -0.338013 -0.431649 -0.189041 0.883680 -0.143072 0.309655 0.397619 -0.931648 0.256555 0.217901 0.616995 -0.501137 0.140220 -0.288067
4 -4.873040 -3.813654 -3.692361 43.591524 -4.552957 -0.704940 -3.100323 -2.017543 -3.791888 -4.078859 -3.187409 -2.503304 -3.624199 -3.651047
10 -2.147804 -0.940667 -1.462984 -0.609515 -0.072927 -1.375851 -1.970188 -0.694906 -0.283266 12.694018 -1.227025 -1.293503 1.209132 -1.824512
8 -0.309967 0.780564 -0.491618 -1.080205 -0.831908 -1.099344 -1.739054 6.836312 -0.417898 3.015899 -1.547566 -1.021213 -0.978538 -1.115463
8 -0.855779 -0.220229 0.447446 -0.425760 -1.563558 0.334018 -0.636685 5.556427 -0.379123 -0.479709 -0.522789 -1.101580 0.034995 -0.187676
1 28.329339 -3.251207 -1.659542 0.026944 -1.055264 -4.131355 -2.662174 -3.191389 -0.072413 -3.334866 -1.999217 -3.784186 -1.367113 -1.847559
4 -1.957550 -0.447106 -1.990911 23.847380 -2.334186 -2.273313 -3.394142 -1.021417 -2.137338 -1.861985 -1.661898 -2.547382 -0.699251 -1.520903
5 -0.389740 -1.970532 -0.662577 -0.823370 11.670170 -1.457597 -1.934800 0.466264 -1.057527 -1.144980 -1.728966 -1.626854 1.567699 -0.907193
11 -2.960830 -0.490367 -2.652793 -0.667362 -1.379008 -3.461835 -1.193634 -2.589543 -3.034517 -1.746532 29.605072 -2.809086 -3.234785 -3.384778
14 -0.532245 0.068245 0.478346 0.767172 -0.429654 -0.343065 0.822997 -0.163488 -1.252130 -0.252391 0.343983 0.317011 -1.127567 1.302784
10 1.363132 -2.193189 0.134308 -0.552763 -0.703701 0.290622 -0.164531 0.133550 1.344393 1.838346 -1.642719 0.759008 0.027062 -0.633517
8 -0.411979 -1.285292 -0.930109 0.110034 1.694314 0.715576 -0.798868 2.878163 0.598917 -0.285408 -0.574701 -0.606784 -0.425892 -0.677971
5 1.047939 0.033170 -0.058283 0.647854 1.786861 -0.126312 -0.817512 1.193367 -0.808966 -1.244829 -1.531809 0.068504 0.563125 -0.753109
4 -0.594080 -1.919248 -0.335414 3.531886 1.248601 0.725921 -1.508641 -0.621976 0.807480 -0.843779 -0.511265 -0.265281 0.449588 -0.163791
1 2.870533 -0.027612 -0.688732 -0.638761 0.341555 -1.308595 -0.184552 -0.392361 -0.229018 0.852147 -0.546370 -0.393959 0.369573 -0.023850
4 -4.094693 -4.903731 -2.291769 42.653133 -3.981417 -3.247706 -3.585815 -1.985228 -2.494945 -3.830707 -3.380337 -2.706802 -3.576804 -2.573180
7 -2.213641 -0.413263 -2.167851 1.321496 0.586846 0.511268 2.174338 0.753871 -1.344554 -0.241419 1.242842 0.561793 -0.715747 -0.055980
10 -0.492974 1.386194 -0.330061 0.816104 -0.669772 0.313547 -2.276415 -0.986240 -0.055105 1.665465 -1.145945 -0.301002 1.509253 0.566952
1 17.250291 -3.733734 -0.655773 -1.137294 -1.398571 -1.306342 -2.402737 -2.827631 -0.591864 -0.394933 -1.760398 2.170135 -2.682878 -0.528270
6 -1.388546 -1.843101 -2.908581 -2.584940 -1.552290 26.571222 -2.018371 -1.834327 -2.066496 -2.848062 -0.789387 -3.080251 -1.971623 -1.685248
3 -0.644705 -1.716090 5.302243 -1.923490 0.951802 -0.166594 0.239929 -1.028491 -0.871014 -0.258329 -0.900263 0.997624 0.332348 -0.314971
5 0.057597 1.853643 -3.055983 -0.930466 11.811472 -2.560502 -1.606598 2.047706 -1.390141 -1.359423 -2.579035 0.260449 -0.678912 -1.869807
8 -2.378699 -1.329851 -0.976400 0.761179 -1.181597 0.642866 -1.542256 10.364865 -1.231730 -1.341924 -1.291082 0.690332 -0.988722 -0.196978
14 -0.567397 -0.310124 0.202361 -0.657797 0.535611 -0.877623 -0.056483 0.171665 -0.176001 0.408571 0.112002 -0.051398 0.232867 1.033747
1 1.737540 0.751264 0.045623 -0.071870 -0.148348 -0.057736 0.084379 -0.163451 -1.254700 0.369200 0.455949 -0.079270 -0.857629 -0.810951
6 1.816248 -1.778496 -2.284466 0.451560 -1.042964 9.427391 -2.427116 -1.325967 0.491340 -1.532029 -1.567179 1.330441 -0.532911 -1.025852
12 -1.967563 0.333974 -1.055500 1.461513 -0.792676 0.681732 -1.116739 1.480679 0.294110 -1.997461 0.068619 2.224827 0.810849 -0.426364
3 -0.073445 -0.881039 9.235387 -0.365933 -0.697479 -0.551150 -0.310645 -0.909252 -0.684310 -0.469260 -1.202041 -1.444003 -1.017137 -0.629691
12 0.345940 -0.065094 0.213323 -0.475068 -0.496732 -0.520008 0.973379 -0.315125 0.785279 -0.265893 -0.435747 1.398558 -0.710583 -0.432228
14 0.097824 0.266157 -1.388488 -0.246353 -1.112875 1.338337 -1.496846 -0.543418 0.290371 0.750750 -1.728888 1.254324 0.445689 2.073415
14 0.146731 -0.393903 -0.056035 -0.772260 0.424768 1.387142 -0.811185 -0.357405 -1.029322 -0.019656 0.300018 -0.817709 0.374384 1.624432
11 -0.958867 -0.696870 -1.539473 -1.102111 -1.513544 -2.611671 -2.257475 -0.539274 -0.806162 -0.284690 14.671969 -0.835049 -1.675993 0.149210
13 -0.140625 0.504917 0.241143 -0.075256 -0.174194 -0.221358 -0.173105 -0.405329 -0.446135 0.575850 -0.397164 -0.465961 1.017040 0.160178
12 -0.362297 0.065512 -0.302678 -0.147276 -0.182097 -0.571144 -0.368583 -0.852710 0.396628 1.063841 -0.062036 1.073973 -0.700616 0.949483
1 55.688165 -4.402467 -3.706461 -4.261302 -3.923486 -4.530977 -6.121849 -4.107832 -4.164403 -3.829545 -4.638723 -3.530614 -4.048686 -4.421817
12 0.386805 -0.618356 -1.051114 -0.616776 0.323253 -0.388064 0.883463 -1.276968 0.834041 -0.401682 -0.494710 1.959357 0.161046 0.299706
10 0.333308 -1.651613 1.167431 0.536988 -0.202724 -0.496668 -0.759845 -0.193438 -0.808277 1.264980 0.566489 0.990115 0.607781 -1.354527
3 -0.610726 -0.832983 1.972345 -0.911460 0.401524 -0.009715 0.094676 0.678779 -0.510595 -1.129008 -0.415578 0.534075 0.706106 0.032560
1 27.876520 -2.445871 -1.932654 -2.291346 -2.535340 -3.287102 -2.094644 -2.195648 -1.200056 -2.611790 -1.119584 -2.356799 -1.820751 -1.984935
1 19.066260 -2.755313 -1.474454 -1.854354 -0.516038 -0.699697 -2.297729 -0.757741 -1.413130 0.415234 -1.902094 -2.308700 -2.685132 -0.817110
13 -1.031619 0.981712 -0.869250 -0.447767 0.262006 -0.572327 -0.229286 -1.161399 -0.388152 0.724363 0.061865 0.895347 1.076412 0.698095
6 -0.354248 0.621510 -0.974179 -1.720163 -0.313265 11.560345 -1.580666 -1.736298 -1.289776 -1.632708 -0.767056 -1.515216 0.766437 -1.064717
5 -2.650195 -0.258020 -0.732815 -1.681288 11.305109 -1.717382 0.417808 1.560802 -2.427281 0.356978 -1.364996 -2.152553 -2.387085 1.730916
6 0.178850 0.727836 -2.501141 -0.775233 -1.113658 9.177140 -2.125936 0.437067 -0.907746 -0.888855 -1.829088 -0.934908 -0.726433 1.282105
3 0.102175 -1.649544 3.154844 0.128897 -1.311741 -1.108797 -2.345187 -0.630881 -0.387436 0.475834 1.477541 2.123365 0.637908 -0.666976
2 1.122807 2.041637 -1.148841 -0.717940 -0.598523 1.049467 0.494515 0.733588 -2.161358 -0.663094 -1.718111 1.754019 -1.065758 0.877591
3 -1.325421 -1.922018 17.201881 -2.358385 -2.104873 -1.422847 -1.764099 -1.669689 -1.201813 -0.900920 -0.933768 0.714793 -1.715157 -0.597683
10 0.121374 0.026279 -0.053822 -0.837733 0.060756 0.773650 -0.773602 -1.282912 0.654150 2.313534 -0.516601 -0.358816 -1.493928 1.367671
6 0.069181 -0.221427 0.145491 0.613915 -0.738768 1.309942 -0.187631 -0.358128 0.003777 -0.360904 -0.189795 -0.165321 0.414196 -0.334528
3 -2.335538 -0.292483 7.153738 0.267074 0.943874 -1.448708 -0.384553 -0.986712 -0.568030 0.724479 0.683684 -1.317791 -1.739810 -0.699225
10 -1.401462 0.199012 -0.153874 -0.008841 -0.458870 -0.669170 -1.623066 -1.427661 -1.004284 10.953738 -1.151122 0.000332 -2.259928 -0.994804
10 -0.957541 -2.342787 0.236222 -0.113712 1.652161 -0.388018 -0.355625 -1.163835 -1.061741 3.359894 0.234447 1.574418 -1.625104 0.951222
7 -4.311124 -4.480386 -4.360402 -4.561796 -4.712876 -4.440219 59.928085 -4.702362 -4.104185 -4.102094 -7.004554 -4.269525 -4.343223 -4.535340
11 -1.024553 -0.333139 -0.183381 0.748840 -0.994897 0.792340 0.456472 0.627464 -1.811954 -1.201737 2.286674 0.490541 0.234653 -0.087324
12 -1.230436 -0.710294 0.087348 0.224118 -0.905097 -0.413164 0.678055 -0.420624 -1.008576 -0.493956 0.588026 7.029728 -2.835915 -0.589213
4 -0.769809 0.387916 0.139139 0.719202 0.142577 -0.098819 0.206768 -0.120550 -0.998811 0.106501 0.418740 0.179815 -0.774981 0.462311
11 -3.153970 -3.263713 -1.103158 -1.432455 -0.221859 -1.946735 -2.206107 -2.969467 0.220901 -2.345296 21.637275 -0.970577 -1.368784 -0.876056
11 -5.671113 -3.623270 -3.022754 -3.370762 -3.479780 -3.416302 -5.771563 -3.168870 -3.666019 -3.378359 49.232927 -3.326284 -3.938806 -3.399044
2 0.260599 2.219799 0.498327 -1.434918 0.539511 -0.880249 -0.729788 0.731717 -1.685595 -0.143297 0.383192 -0.244044 0.169169 0.315576
3 -1.172070 -1.922018 16.346292 -2.300965 -1.644005 -1.440907 -1.678854 -1.569151 -1.156698 -0.803309 -1.120380 0.744058 -1.707887 -0.574103
11 -1.370570 1.455031 -0.934052 -0.399534 -0.469203 -1.429040 0.891439 0.063538 -1.331442 0.168108 3.120722 -0.231471 0.321175 0.145297
14 -1.468390 -0.013577 0.479800 -0.047532 0.276717 0.269976 0.582385 -1.173618 -1.106243 -0.996079 -0.268958 0.524693 0.982800 1.958025
11 -1.485749 0.192000 -0.590462 -0.768708 1.118386 -0.947506 0.309833 -0.221558 -1.295853 0.516920 3.077561 0.174906 0.070034 -0.149806
7 0.557020 0.619615 -1.621785 -0.068519 -0.401584 0.012272 1.220181 0.097792 -0.375004 -1.153493 0.986311 -0.426346 0.007624 0.545917
4 -0.451605 1.115663 0.006479 1.921280 -0.404004 -0.097510 0.466958 -0.483679 -1.012521 -0.075627 0.203445 -0.215555 -0.568998 -0.404327
10 -0.161721 -0.910071 1.237959 -1.074457 -0.265013 -0.384827 -0.434002 0.258986 0.467032 2.556697 1.563166 -0.251698 -1.474565 -1.127486
11 -2.869702 8.181994 -2.440383 -1.899495 -1.727888 -3.565285 -0.267241 -2.294921 -2.949092 -2.707019 20.466235 -2.816823 -3.380747 -1.729632
10 -0.596596 -0.506504 -0.797739 -0.709236 -0.147141 -0.175825 -0.113627 -0.849638 -0.675127 5.163269 -0.754695 0.157692 0.879522 -0.874354
11 -1.945932 -1.522817 -3.009012 -1.194828 -1.598778 -1.699053 -4.428468 -1.896997 -3.228761 -0.811324 27.577086 -1.217355 -3.930142 -1.093619
11 -1.719657 -0.699828 -1.138242 -0.621402 -0.912160 -1.591830 -1.392110 -0.060830 -3.019177 -0.041917 13.178779 -0.316399 -1.278660 -0.386567
6 -0.442106 -1.782325 -2.131297 0.827285 -0.736659 17.374736 -1.963571 -1.876145 -2.046773 -1.900817 -2.409646 -0.254426 -1.856951 -0.801304
13 -0.658595 -2.064172 -1.053670 -1.736228 -0.176234 -0.553233 0.101558 -0.647666 0.508921 -1.486718 -0.976262 0.068085 8.473526 0.200689
5 -0.934650 3.971878 -1.843746 -0.339724 12.286535 -1.628147 -1.414680 0.052318 -1.496115 -1.427560 -1.687691 -2.167374 -1.212491 -2.158552
2 -1.517547 3.819930 -1.475392 0.152794 -1.007079 0.113028 0.429959 0.630449 -2.052876 0.306552 0.050543 0.491817 -0.967359 1.025182
14 -0.297690 1.695254 -0.226332 0.102845 -0.632202 -1.622429 0.124752 0.499521 -0.488601 0.431039 0.462303 -0.326355 -1.756085 2.033979
14 -0.467754 0.359236 -0.697962 -0.493531 -0.069368 -1.203347 -0.806006 0.449493 -1.802656 -1.837858 1.708664 -0.543035 1.122710 4.281416
5 -2.125565 0.523678 -0.537150 0.257206 1.293358 -0.724600 1.092238 0.193077 -1.585614 -0.741899 1.249086 1.208820 -0.808788 0.706153
8 -2.393237 1.869969 -0.370972 2.313058 0.013128 0.235221 0.355913 2.418532 -1.984496 1.360038 -0.373902 -1.279577 -1.882892 -0.280783
5 -1.188152 0.402926 0.983958 -1.579752 9.814811 -0.953593 -2.606435 0.102385 -1.406271 0.967816 -0.117604 -1.351964 -2.258736 -0.809388
9 0.611686 0.742103 -0.629101 -1.307712 -0.497637 -0.644124 -1.199749 1.240706 1.983512 -0.714022 0.879547 -0.062284 0.094935 -0.497860
12 -0.114763 -0.571849 -0.551048 0.827673 0.012617 -0.200915 -1.712832 -1.186079 -0.177803 0.778948 -0.821103 1.762358 0.581762 1.373034
5 -0.640453 -0.015101 0.124727 -0.100521 3.175026 -0.967209 0.575261 -1.168088 -1.134367 0.185544 -0.382581 -0.785105 1.438690 -0.305821
2 -1.547475 8.343585 -0.590251 -0.486931 -0.248247 -0.741540 -0.488119 -0.551834 -1.350704 -1.015935 -0.203887 -0.396600 -0.663516 -0.058547
13 -0.074182 -0.974818 -0.018378 0.221922 -0.737571 0.387538 -1.013345 -0.095377 0.040804 -0.672235 0.644242 -1.430760 3.094193 0.627969
14 0.415207 -1.083786 -0.203477 -1.611644 -0.296090 -0.280037 0.825224 -1.382473 -0.773462 -1.088759 -2.137603 -0.939365 0.073443 8.482820
9 -0.207708 -1.312753 -0.841667 0.353619 -0.520751 -0.841224 0.544677 1.486551 1.540182 -0.967781 -0.338703 0.435006 0.775201 -0.104648
3 -1.912129 0.091744 11.158841 0.033386 -1.495676 -1.230711 -0.832956 -1.181842 -1.183220 -0.423762 0.698276 -0.663408 -2.442859 -0.615682
4 -1.631843 -0.541766 0.198389 1.231661 0.347171 0.258563 0.618253 -0.352176 -0.592899 -0.729237 0.629649 1.026371 0.166473 -0.628611
6 -0.930521 0.557247 -2.316651 -2.365482 -3.721845 26.317446 -2.134875 -1.688325 -3.993987 -4.083490 -1.394321 -1.783467 -1.958024 -0.503705
6 0.211689 -0.259376 -0.720879 -0.717607 -0.779831 2.713944 -0.762642 0.304424 -0.881868 -0.581475 -0.168844 0.030458 2.083142 -0.471134
3 0.139171 -0.847885 6.216523 -0.697040 -0.609066 0.783743 -1.045606 -0.359977 -0.400268 -0.969342 -0.680077 0.535437 -0.595520 -1.470093
1 15.675026 -1.316800 0.276147 -2.822281 -1.962297 -2.968353 -0.304771 -0.645650 1.281991 -1.718049 -2.428012 -0.046143 -2.204113 -0.816694
2 -1.001580 0.889678 -0.647911 -0.226768 0.385393 0.121449 -0.155044 0.451840 -0.346590 0.219997 0.219124 0.160993 0.180701 -0.251282
2 1.089452 2.448535 -0.720467 -0.404794 -1.674258 0.639435 0.362030 0.134208 -0.422169 -0.226693 -1.087277 -0.486791 0.238968 0.109821
6 0.601547 -0.340314 -1.752516 -0.495617 0.799607 1.933898 -0.079209 0.502194 0.197083 -0.195727 0.061839 -0.387121 0.308892 -1.154557
6 -0.726711 -1.606189 -1.168702 -0.640425 -0.276810 12.888684 -1.556161 -0.275354 -1.515179 -1.825893 -0.625558 -0.583594 -1.309654 -0.778454
3 -1.567360 0.283048 4.116446 0.239314 -0.190695 -0.116828 -0.438809 -0.895281 -1.240682 -0.084941 0.072086 1.901795 -2.615639 0.537546
12 1.045409 -0.579385 -0.938695 -0.137861 -1.139682 4.485000 -1.562525 -0.779621 -2.768855 0.657469 -1.040790 4.673545 -1.357745 -0.556265
1 27.357109 -2.015173 -2.126617 -2.429046 -1.444290 -1.835992 -1.895325 -3.186168 -0.735300 -1.544283 -2.557518 -1.727452 -4.189948 -1.669996
14 -1.414158 0.581536 0.183153 -0.019494 -0.497746 -2.563898 -0.083824 -0.415222 0.096259 0.058979 0.806001 -0.691293 1.279336 2.680369
13 -1.195185 -0.702109 0.209425 0.426581 0.158514 -1.020157 -0.171835 -0.260322 0.061282 0.410268 0.713674 -0.089933 0.746974 0.712822
11 -0.914779 0.169295 -0.159075 0.570297 0.281132 0.014472 0.133722 0.122030 -0.710737 0.185073 0.591231 0.162743 -0.774981 0.329577
12 0.900776 -1.346408 -0.924426 -0.224388 -1.874983 0.522903 1.018822 -1.516090 -0.912432 -1.801762 -1.435881 9.921789 -1.053345 -1.274574
1 13.936279 -2.540949 -0.888737 -1.568504 0.141487 -2.711709 1.894467 -1.969344 1.248681 -0.118977 -0.501274 -2.495944 -4.269707 -0.155768
13 0.195021 -0.468830 0.108777 -0.172165 -0.293484 -0.657871 -0.038448 0.321224 -0.406380 0.014430 -0.328840 0.063051 2.746119 -1.082603
13 0.485257 -1.612462 -0.657463 -1.168615 -1.228702 0.313557 3.551993 -1.227351 0.858909 -0.731909 -0.435809 -1.069710 4.553165 -1.630860
12 -0.629821 -1.735662 1.061047 -0.883290 0.546286 -0.331916 0.746753 -0.060712 -2.194908 0.602564 1.195234 1.617764 -0.749472 0.816133
9 -0.884505 -0.194668 -0.384217 0.482500 -0.650436 -0.465692 0.041860 -0.046361 3.806098 -0.741471 -0.598305 0.061498 -0.697364 0.271063
3 -1.208224 -1.326364 21.676043 -2.264897 -1.350265 -1.627309 -1.216637 -1.019073 -1.799314 -1.915589 -1.110836 -1.869753 -2.430005 -2.537777
7 -5.448712 -3.891983 -4.125927 -5.095064 -4.581717 -4.364109 48.214363 -3.255781 -2.693128 -3.614019 -3.396242 -4.150558 -1.846645 -1.750478
11 -0.975742 -1.092636 -0.776875 0.246592 -0.749226 -0.515949 0.962750 0.283719 -2.241904 -1.181168 5.691011 -0.309262 0.350162 0.308527
8 -0.219333 1.736937 0.241219 -1.266991 -1.283487 -1.128044 -1.909517 7.138602 -0.556823 1.479244 -1.062491 -1.301481 -1.187576 -0.680257
9 -1.667798 -1.920376 -0.537944 0.765062 -0.474354 -0.897666 -0.370472 -1.152861 5.200844 -1.847584 0.004608 -0.613509 2.887986 0.624063
3 0.560399 0.272923 1.908643 -1.058719 -0.238772 -0.828503 0.963059 0.145506 -0.691345 -0.025630 -0.961240 1.619825 -1.004138 -0.662008
6 -1.092996 -0.841081 -1.209271 -0.859312 -1.283625 13.983220 -1.273916 -1.149912 -1.096588 -0.907026 -1.410280 -0.801215 -1.154177 -0.903820
1 14.667833 -0.769267 0.017919 -1.475170 -1.408931 -0.733175 -0.629286 -2.580979 -0.549586 -0.991635 -2.129990 1.746745 -3.329632 -1.834845
1 2.543553 0.273860 -0.460050 -0.824025 0.593358 -0.954502 -0.647100 0.003327 0.760845 -1.623877 0.437784 -0.379251 -0.064222 0.340298
9 -1.158217 -0.507720 -1.509538 -0.445987 0.126414 0.100539 -0.640731 -0.599770 7.249629 -0.443280 -1.376297 0.119881 -0.272502 -0.642424
5 1.073843 0.882564 -0.188847 0.279788 9.488439 -0.264903 -0.896014 -1.620961 -2.009711 -0.400868 -1.398230 -2.685216 -2.285813 0.025926
5 -0.476198 -1.151253 -0.951943 -0.439909 3.677729 -0.470153 -0.426215 0.549224 -0.257410 -0.403097 -1.110968 -0.681159 2.809447 -0.668096
11 -2.234167 -0.961197 1.063747 0.641870 0.547636 0.789802 -0.274595 -0.128988 -1.206406 0.017235 2.079239 0.320153 -0.835087 0.180758
1 18.065964 -1.315483 -1.773439 -1.424658 0.331791 -3.261132 -1.255952 -0.620538 -1.039017 -1.440553 -1.757479 -1.772497 -1.231807 -1.505199
1 2.694285 0.843708 -0.440226 -1.002196 -0.291967 1.359387 -1.962226 -1.628433 0.271008 -1.511549 -0.730980 0.284185 1.516944 0.598060
12 -0.492556 -0.702926 0.617438 -0.311371 -0.574022 0.166337 0.250100 -1.430235 0.340176 -1.698464 -0.357572 5.159998 -0.909188 -0.057717
1 4.074222 0.670553 -0.478112 -0.260685 -1.218332 2.141571 -0.961276 -1.304943 0.187984 -0.719623 -0.899659 -0.846628 0.187060 -0.572131
1 42.215137 -3.801009 -3.484384 -3.002152 -3.847114 -3.769835 -2.800873 -2.775833 -2.040434 -3.724185 -2.150480 -3.266956 -4.214426 -3.337454
1 14.750636 -1.323835 -0.757483 -1.343468 -0.900095 -0.952296 -1.689355 -1.081496 -1.177085 -0.599755 -1.520540 -1.532156 -0.839683 -1.033388
1 24.122728 -2.820494 -2.572622 -1.657719 0.385849 -1.788238 -2.523571 -2.910770 -2.631255 -1.174405 -2.521042 -1.777914 -0.810420 -1.320127
1 19.998002 -2.646023 -2.073105 -2.692970 -1.896820 -1.550019 -2.118035 -1.393742 -1.561172 -1.397383 -2.116069 -2.179783 3.458870 -1.831749
1 33.056829 -1.488959 -2.847916 -2.663913 -2.367971 -2.702178 -2.324118 -2.663543 -2.400695 -2.588436 -2.029050 -2.625852 -4.035755 -2.318443
1 27.510043 -3.293874 -2.511914 -2.792869 -2.959806 -2.642784 -1.449165 -1.877597 -1.942154 -1.943861 -1.347666 -1.470212 -1.270291 -2.007849
1 31.385504 -1.446447 -2.923185 -1.650380 -1.944077 -3.083229 -3.457343 -1.263438 -2.406816 -3.064240 -3.108536 -2.764039 -1.585944 -2.687829
1 29.975076 -4.053606 -2.095924 -2.086170 -0.564948 -2.558956 -2.900994 -3.461029 -1.045607 -1.439880 -0.836981 -3.624744 -2.697634 -2.608602
1 28.037461 -2.738793 -1.926839 -2.632582 -1.741984 -1.958196 -2.089706 -1.932531 -1.022035 -2.849273 -2.003573 -2.685064 -3.129548 -1.327336
1 22.209215 -1.720215 -0.988231 -2.823281 -2.806132 -2.584265 -0.944107 -0.563546 -1.936274 -1.640396 -1.788076 -1.667730 0.074170 -2.821130
1 17.237471 -2.938147 -1.121911 -1.165499 -2.048153 -0.751151 -0.499328 -1.065199 -0.521322 -1.311506 -2.377580 0.365284 -1.597562 -2.205394
2 1.067378 2.003839 0.302086 0.412643 0.408343 -0.199391 -0.209926 0.444312 -1.627884 -0.777817 -0.486423 -0.392407 -1.514834 0.570080
1 19.557479 -3.227210 -0.017340 -1.994061 -0.772908 -1.039691 -1.931716 -1.458054 -1.199344 -1.089184 -3.170002 -1.688607 -1.185994 -0.783368
13 0.398641 -0.115401 -0.414813 -0.517537 0.198832 0.059242 -0.453872 -0.487497 -0.283871 -0.583679 -0.261741 0.191119 1.356602 0.913976
1 31.506372 -3.224525 -2.860982 -2.616027 -1.031664 -3.127755 -3.703212 -2.092798 -0.196696 -1.050585 -2.626734 -2.842564 -4.932582 -1.200247
1 19.394370 -2.538000 -1.719583 -1.521410 -2.010576 -1.087600 -1.713716 -0.925157 -0.554997 -1.470649 -2.109406 0.480877 -1.676960 -2.547191
1 16.239865 -2.024443 -1.238704 0.652681 -0.746199 -2.710672 -0.891436 -1.316695 -1.356309 -1.340904 -0.626076 -0.628177 -2.608357 -1.404574
1 27.342139 -2.586956 -2.140500 -2.429890 -2.933883 -1.123019 0.145656 -2.806506 -2.990118 -3.384506 -1.639724 -2.330967 -1.266965 -1.854761
1 3.504600 -1.499105 0.375187 -0.546862 -0.074330 -0.172319 -1.252338 0.397350 -0.727043 -0.707856 -0.052502 0.878266 -0.854385 0.731339
10 -0.425179 -0.370778 -0.155313 -0.043860 0.931022 0.196867 -0.043994 -0.382868 0.339692 1.111763 -0.732675 0.286252 -0.368180 -0.342750
10 -2.366582 0.483750 1.084554 0.301460 -0.471629 0.085989 2.212042 -0.518470 -2.429324 3.701306 1.819938 -0.934710 -2.798131 -0.170194
13 -0.774256 -0.531423 0.933580 -0.568106 0.211942 -1.143976 -3.082898 1.630426 -1.648364 0.180076 0.723279 0.696676 2.832824 0.540221
7 -0.246560 0.301525 -0.170075 -0.586089 -0.341893 -0.422731 0.986914 0.420749 0.833642 0.201016 -0.309993 -0.135887 -0.717177 0.186558
14 -1.452489 -0.652144 1.184122 -0.815924 -0.742152 -0.042403 -0.389876 0.272141 -0.544930 1.108865 0.243499 0.353780 -0.025240 1.502752
10 -0.160049 -1.486857 0.054858 -1.157851 -0.342380 -0.359637 0.090739 -0.262759 -0.983555 5.327155 -0.755884 -0.062425 0.466222 -0.367577
10 -0.597995 -0.835098 -0.112689 -0.337474 -0.110206 -0.272531 0.373580 -0.467974 1.028957 3.444643 -0.119340 -0.633767 -0.197687 -1.162419
10 -1.396880 -1.183461 -1.924658 -1.551330 -1.803067 -1.775834 -2.061952 -2.334573 -1.206380 21.801718 -1.835259 -1.723265 -1.997267 -1.007791
1 3.502693 -0.057708 -0.803791 -2.310830 -1.671872 1.925407 -1.486503 -0.127370 -1.488775 -1.114749 1.276181 -1.717256 1.458930 2.615642
6 -1.361843 -1.543264 0.056157 -0.576383 0.093590 1.746261 1.071124 -0.497830 -0.440954 1.354065 -0.110222 -0.473989 0.704499 -0.021211
10 -1.527988 -1.896014 -1.424956 -1.386466 -0.190236 -1.930243 -1.018196 -1.039853 -0.262718 13.577256 -1.316445 -0.224562 -0.951614 -0.407966
8 -0.154558 -2.105197 -0.193346 -0.507808 0.830284 -0.100227 -0.525570 1.720420 -0.168412 1.026087 0.486982 -0.275329 0.702450 -0.735776
13 0.697529 -0.999510 1.059311 -1.068331 0.037422 -1.913429 -0.798537 0.196319 0.208061 0.016962 0.205022 -0.013815 1.944205 0.428790
10 -1.194112 -0.211302 0.659826 -0.633714 -0.231476 -1.390733 -0.622248 -0.491721 -0.661801 7.437842 -0.752427 -0.886154 -0.427890 -0.594092
11 -0.377392 1.029258 -1.132326 -0.051966 0.332114 -0.114243 1.333990 0.227497 0.819604 -1.370690 1.342729 -1.368746 -0.334261 -0.335570
10 -0.532627 -2.828723 -1.465134 -2.210113 0.531336 -0.746852 -0.277247 0.143299 -1.125622 14.670656 -2.478483 -2.272076 -0.260096 -1.148319
10 -0.108284 -1.249301 -0.428284 0.167384 1.160414 -0.240667 -0.926593 -1.309214 -0.214500 3.785753 0.006552 0.194706 -2.035893 1.197927
10 -1.746683 -0.826418 -0.133732 3.367231 -0.180381 -0.445507 -1.004282 -1.410714 -0.726767 6.975493 -0.293635 -1.655711 -1.640467 -0.278427
2 -0.030702 1.082883 -1.281509 0.825894 -1.344084 -0.218106 0.502113 0.699801 0.275004 -0.045532 -0.269545 -0.342190 1.067935 -0.921963
12 -0.682546 -0.089704 -0.006781 -0.462772 0.250814 0.344382 0.594395 -0.457724 -0.801979 0.539080 0.643443 1.132689 -1.120407 0.117110
6 -0.683893 0.703260 -1.047614 0.007802 0.514080 0.813727 -0.091299 0.369913 -0.130124 0.588456 -0.301568 -0.618646 -0.055903 -0.068190
2 -1.510067 14.573913 -1.081772 -1.641884 0.243953 -2.856951 -1.525382 0.529419 -0.466339 -0.453276 -2.204345 -1.326093 -1.624572 -0.656605
2 -0.015785 1.042495 -0.143460 -0.455658 -0.388854 0.276655 -0.015580 -0.439872 -0.490676 0.275018 0.186405 0.729354 -0.520483 -0.039559
1 0.000000 0.000000 0.000000 0.000000 0.000000 0.000000 0.000000 0.000000 0.000000 0.000000 0.000000 0.000000 0.000000 0.000000
2 -1.114088 12.770119 -0.582593 -1.237723 -0.851962 -0.324924 -1.051450 -0.296664 -0.598764 -1.123356 -1.808297 -0.818459 -1.810286 -1.151553
2 -1.533863 17.078616 -1.272444 -0.818316 0.131799 -2.679255 -1.186445 -0.548885 -2.476307 -1.658502 -1.697592 -0.637393 -1.880310 -0.821103
2 -1.186520 3.647470 -1.832605 -0.320633 -0.381328 -0.072791 1.394785 0.301273 -0.681180 -0.579438 1.723194 -1.462469 -0.547313 -0.002445
14 -2.751983 0.386741 0.944194 0.334715 -0.311747 -1.277079 0.344980 -0.460433 -0.686391 2.010934 -0.454571 1.509516 -1.769125 2.180250
2 -0.693052 10.547454 -0.588234 -0.984905 -0.442175 -0.118873 -1.489800 -0.996764 -0.513579 -0.767622 -1.133125 -0.878306 -1.180499 -0.760520
2 0.525293 3.400068 -2.146043 -0.620524 -0.849689 2.104704 1.839764 1.108258 -1.648989 -1.069984 -0.857680 0.090952 -2.952868 1.076738
2 -0.044758 17.012151 -1.781713 -1.100734 -0.130451 -1.230070 -1.745022 0.593477 -2.333667 -1.505495 -2.634408 -1.873789 -2.087582 -1.137937
14 -1.703141 -2.341372 0.528239 -1.650692 0.748758 0.710984 1.088256 0.403079 1.874499 -0.731667 -1.201769 0.458048 -0.383578 2.200358
2 0.861812 8.691793 -1.368474 0.196774 1.326298 -0.385895 -1.391754 -1.358597 -1.141359 -1.583914 -1.954851 -0.168468 -0.263542 -1.459823
2 1.410860 3.484732 -1.665384 -0.065319 0.383488 -0.408831 0.245282 0.294958 -0.948690 -0.967056 0.118023 -0.980225 -0.520666 -0.381172
2 -0.649716 10.748674 -1.024639 -0.584217 -0.963208 -0.582805 -1.133708 -1.168654 0.154727 -0.702330 -1.527028 -0.912430 -0.989416 -0.665250
2 1.472648 4.300454 -0.674286 -0.455137 1.144123 0.176118 -1.414312 0.021941 -0.814173 -1.191184 -1.414627 0.563744 -1.307416 -0.407892
2 -1.608833 6.812145 -0.571111 -0.736018 1.926055 -0.841608 -0.131663 -0.736049 -1.990642 -0.973293 1.945525 -0.997109 -1.217451 -0.879948
8 -0.102674 -0.941837 -1.234289 -0.821650 -0.457348 1.664682 2.024914 2.074335 -0.284705 -1.392587 -0.229784 -1.109309 -0.009535 0.819786
6 0.101311 -0.158492 -0.069368 -0.989179 0.314913 1.903885 -1.178225 0.582270 0.262587 -0.474636 -0.983144 -0.170179 1.479103 -0.620846
6 0.415687 -2.182029 -0.352799 -0.091287 1.221163 1.907404 1.500493 0.357937 -0.891833 -1.143235 -1.182219 0.142820 0.393205 -0.095307
14 0.136288 0.347812 -0.080024 0.738494 0.963285 0.166820 0.087703 -1.956001 -0.879589 -0.681431 -0.445010 0.416364 -0.221382 1.406672
5 -1.220251 -1.131787 -1.222480 1.507515 9.205853 -0.409799 -0.577471 -0.830793 -1.180413 -1.047255 -0.263628 -1.038154 -1.505469 -0.285868
5 -0.264314 -0.515204 0.477675 -0.128631 2.104213 -0.846244 -0.477721 -0.175470 -0.501808 -0.399234 -0.351565 -0.299620 -0.036506 1.414428
5 -0.031329 -1.491683 -1.234413 -0.801721 10.599979 -0.399763 -1.901072 -1.028847 -0.693619 1.278961 -1.228553 0.847584 -3.012388 -0.903138
6 -0.223261 0.419074 0.531143 0.893736 -0.816175 1.612068 -1.421980 0.666137 -1.445120 -0.502625 -0.560915 1.362454 -1.273657 0.759120
14 -0.743090 0.369757 -0.160393 0.755309 1.381200 -0.266385 -0.039371 -0.365020 -1.527716 0.068730 -0.378874 -0.255449 -0.830802 1.992105
5 -0.081332 -2.098541 -1.325401 -0.155436 4.066211 0.247364 -0.713554 0.209194 -1.493210 0.758912 1.155528 -0.015536 -1.301482 0.747286
14 -0.093412 -0.888370 -0.842407 -0.007683 0.209691 -0.339026 -0.220343 1.408486 0.755862 -0.591159 -0.491616 0.179702 -0.490972 1.411247
3 -0.021008 -0.677868 1.868007 -0.390547 -0.349515 -0.147914 0.033186 -0.431598 -0.052377 1.175014 -0.330763 -0.252726 -0.114101 -0.307791
5 -1.250677 1.669066 -0.531881 -0.733103 2.606730 1.058985 -0.481730 -0.224610 0.532868 -1.115383 0.608426 -1.566946 1.398548 -1.970294
5 -3.039648 -2.618367 -2.773335 -0.596493 31.586260 -3.738140 -3.285917 -3.320092 -2.013270 -2.998689 -0.725998 -1.606804 -1.385822 -3.483685
5 -1.682764 -1.690790 -0.596067 1.463913 10.246592 -1.194966 -0.902813 -1.404358 -0.662468 -0.882163 -2.484861 -1.998101 1.626744 0.162103
5 -1.261662 -1.781135 -1.974624 -1.625954 21.773347 -1.292554 -0.972905 -2.263955 -1.610661 -2.537232 -1.167784 -1.108129 -2.080484 -2.096268
5 -1.099122 -1.690785 -1.385623 -0.773704 11.111929 -1.580588 -0.996645 -0.882707 -0.338328 0.284027 -1.454250 -0.628358 0.415400 -0.981248
5 -0.884948 -2.666995 -2.066709 -1.271404 22.896015 -2.403963 -1.983979 -2.419042 1.102520 -1.851129 -1.483672 -3.226834 -1.257024 -2.482836
5 -1.796754 -0.845787 -0.481394 -0.275591 11.561520 0.045370 -1.345288 -2.060041 -2.191105 -0.745620 0.705566 -1.321689 -2.790957 1.541769
5 0.276029 -0.753176 -1.090815 -1.065100 9.833951 -1.303016 0.055013 -1.372087 -1.557147 -0.928356 -1.495929 -0.590121 1.143954 -1.153202
5 -1.332218 -0.317392 -0.425790 0.474071 2.695385 1.203292 -0.111477 -0.350228 -1.341635 -0.254866 0.544031 0.051546 -0.828130 -0.006588
11 -0.382360 -0.424119 -0.330387 -0.020144 -0.430093 -0.297060 -0.539982 -0.235917 -0.259712 -0.342252 4.394726 -0.315588 -0.401353 -0.415759
11 -0.610650 -3.175518 -1.887959 -2.279298 -1.687322 -0.965377 -4.736692 -1.489649 -2.965471 -1.721412 28.303163 -1.732498 -2.766864 -2.284454
7 0.056243 -0.516391 -0.781916 -1.553562 -0.031071 -0.670875 4.711163 -1.181424 -0.330726 0.234577 0.220866 -0.323704 -0.980565 1.147385
11 -1.135759 -1.290461 -0.958297 -0.256568 -1.313761 -0.284734 -2.363738 -0.712627 -0.950697 -0.978724 13.856342 -1.254042 -0.738822 -1.618112
11 -0.344196 -1.362397 -1.164356 -0.748559 -0.763335 -0.172100 0.873791 -0.028188 -0.078653 -0.492347 5.177817 -0.667792 -0.014228 -0.215456
11 -0.201228 0.252339 -0.133915 0.664275 0.041525 0.208580 0.349577 0.056246 -1.340924 -0.750163 2.504254 -0.485220 -1.543662 0.378316
11 -0.202798 0.598802 -0.321320 0.106283 -0.338999 -0.204846 0.364312 -0.982018 -0.733402 -0.292819 4.868686 -1.354393 -1.031831 -0.475656
1 3.612060 -1.033708 0.233146 -0.986933 -1.386013 -0.043088 0.403882 -0.993119 -0.492882 0.278904 0.716348 0.248811 -0.057703 -0.499703
11 1.094729 -0.780100 -0.939314 -1.075851 -0.906728 -0.378931 -0.146616 0.585244 -0.415557 -1.011115 4.280736 0.126553 0.102644 -0.535694
11 1.093588 -0.034002 1.094227 -0.093631 -0.523338 0.122958 0.004537 -0.834298 -1.168501 -0.472399 1.466014 0.975521 -1.883642 0.252967
11 -2.112912 -3.373045 -3.036595 -2.378798 -3.230608 -2.875742 -4.293486 -1.276279 -1.967211 -3.388147 34.436689 -1.922098 -2.493428 -2.088342
11 -2.113271 -0.858735 -2.078443 -1.539338 -0.941963 -1.013286 -2.318979 -0.749580 -0.955061 -1.553547 17.715230 -0.513150 -1.601917 -1.477962
11 -0.877577 -2.533964 -1.165305 -1.224387 -1.038905 -1.172556 -2.125597 -0.913638 -0.345724 -0.744878 14.261249 -0.521546 -0.572130 -1.025042
11 -0.665105 -1.462789 -1.207579 -0.684580 2.724370 -1.889196 -0.412587 0.210172 -0.766313 0.805182 2.954592 1.407255 -0.224079 -0.789343
11 -0.989754 -1.119990 -0.709561 -1.341195 0.213697 -0.819927 -0.383384 -0.436878 -0.575454 -0.316446 8.011964 -0.606132 -0.234901 -0.692040
11 -1.977152 -1.097573 -1.007864 -1.903080 -2.102627 -2.262027 -3.960510 -1.945034 -2.076917 -1.333884 24.135513 -0.451516 -1.162331 -2.854997
11 -2.900613 -2.266560 -1.193574 -1.109750 -2.274647 -2.297438 -0.811827 -2.214433 -1.813553 -2.104347 24.150668 -2.365145 -1.195439 -1.603342
11 -2.330640 -2.105828 -2.333150 -1.207246 -1.952292 -2.216420 -1.701668 -0.627001 -1.466177 -2.328608 21.973806 -2.058378 -0.206210 -1.440186
11 -0.807303 -0.612410 -0.408163 -1.000999 -1.611758 -0.912978 -1.444404 -0.103916 -0.339674 -1.072815 7.471040 -0.164904 0.409119 0.599164
7 0.061753 -0.407523 0.079291 0.091167 -0.178646 0.490209 0.984812 -0.300899 0.482145 -0.410522 -0.141275 -0.060007 -0.490700 -0.199805
11 -2.175725 0.985889 -0.887694 -1.995381 -0.069269 -1.270227 0.120018 -0.198392 -1.450751 -0.900064 8.690252 0.712313 -0.364271 -1.196698
2 0.558682 0.870908 -0.157623 -0.366918 -0.459498 0.537463 -1.244545 -0.499051 0.816179 0.538240 -0.054065 0.335271 -1.139223 0.264178
4 -0.031899 -0.591007 -0.897850 3.192904 -0.579668 -0.157952 -0.237667 -1.189950 0.454980 -0.986042 0.471868 0.938351 -1.688658 1.302590
9 0.792179 1.133214 -2.257920 0.540010 0.016027 -1.626364 0.803971 -0.353893 2.919357 0.335867 -0.633937 -0.507407 -0.312066 -0.849039
9 -0.282348 -0.725558 -1.081893 0.675313 1.298303 -0.556446 0.416577 -0.703352 1.428711 -0.676126 0.739527 0.302893 -1.560311 0.724710
12 -0.898016 -0.404481 -0.070376 0.395662 -0.803039 -0.676144 0.815998 0.284735 -1.294448 0.419712 0.543559 1.178061 -0.380126 0.888902
7 -6.517695 -5.026468 -5.096293 14.051498 -1.163689 -5.541942 49.575302 -5.742593 -6.236739 -5.253600 -5.765259 -5.632209 -6.022447 -5.627865
14 -0.120292 -0.092657 -0.312489 -0.323235 -0.742883 -0.411225 -0.938641 0.110390 0.192191 -0.246103 0.678873 -0.177493 0.892260 1.491304
4 -0.749929 0.103456 0.481322 4.792980 -1.923949 0.013125 -0.431390 -1.646935 0.065250 -1.624770 -0.002633 -0.672946 1.329423 0.266997
5 -0.998454 -2.207078 -1.355020 1.103472 11.374919 -0.534492 -1.187288 -0.984095 0.515922 -0.892061 -1.814656 -0.208711 -1.489500 -1.322961
14 -0.995408 -0.750165 0.563105 1.148872 -0.220053 0.016552 -0.095205 0.719984 -1.121892 -0.580557 1.203800 -0.784582 -0.642449 1.538000
4 -0.910730 -0.284356 -0.523355 6.033616 0.392785 0.961542 1.108171 0.028073 -2.289625 -1.032421 -0.557303 -1.750190 -0.775363 -0.400841
14 0.294078 -0.661986 -1.107903 -0.662393 -0.763969 0.598977 0.709750 0.897851 0.618051 -0.017481 -0.402475 0.131300 -0.952181 1.318381
4 -0.654326 0.029174 -2.223878 6.658827 0.329214 0.679521 0.149066 -1.011508 -1.232708 -2.010613 -0.595385 -0.721173 -0.315913 0.919702
4 -1.251335 1.010605 -1.555079 5.220785 -0.505844 0.856654 -0.594249 -0.689940 -1.637954 0.477786 0.905782 -0.434127 -1.163602 -0.639483
2 -0.427979 2.143609 0.457412 -0.190793 -0.205830 1.115787 -2.059149 0.456298 -2.889977 0.867402 1.720602 0.755134 -1.923999 0.181484
4 -0.524048 -0.297698 -0.384076 2.251500 0.199115 -0.406900 -0.398585 -0.642376 -0.182231 0.351865 -0.135758 0.546376 -0.199682 -0.177503
9 -1.061739 -0.703473 0.789081 -0.916920 0.198036 -1.441042 1.290357 -1.452927 5.475336 -0.877434 0.387321 -1.327411 -0.883373 0.524188
4 -0.986195 0.253724 -1.259920 4.479135 0.710639 -0.068518 -2.082976 -1.388919 1.294404 -0.871794 -0.370309 -0.173547 0.642602 -0.178325
4 0.135105 0.117705 -0.637080 1.808932 -0.794886 0.730260 0.003106 -0.055689 -0.218736 -1.014037 0.490469 -0.826562 0.909238 -0.647823
1 1.568585 -0.109724 -1.180477 0.487148 -0.091891 0.036595 0.445632 0.515087 -1.481616 0.833154 -0.344264 -0.023431 -0.878816 0.224019
5 0.541362 -1.581153 -1.130023 -0.628529 0.770043 0.466261 0.584250 0.143361 -0.433874 0.418061 0.712491 -0.079935 0.251101 -0.033415
9 0.708068 -0.988967 0.138378 0.364898 -0.098471 -0.652558 0.189603 -0.084775 1.259890 -0.851579 0.494756 -0.980680 0.709518 -0.208079
12 -0.885596 -0.217584 -0.237195 -0.354535 0.812579 0.104815 0.257886 -0.304149 1.244305 -1.170926 -0.644722 1.704076 -1.032870 0.723915
3 -0.855742 -0.842306 5.179298 -0.527955 -0.813319 -1.038153 0.299143 0.936499 -0.072410 -1.604037 -0.787787 0.979572 -0.667590 -0.185213
3 0.015859 -0.338466 2.894582 1.055639 -0.336918 -1.582903 0.117810 -1.230306 -0.236224 0.752596 -0.018592 0.770873 -1.566759 -0.297191
12 0.512292 -1.752502 -0.108977 -1.111165 0.497547 0.975165 1.225938 0.691794 -0.649215 -0.794892 0.429450 1.708619 -2.151739 0.527683
3 -2.576119 -1.005931 7.429478 -0.933399 -1.018843 -0.231482 1.652608 -1.171288 1.278287 0.470757 0.480576 -2.219049 -1.672958 -0.482637
3 -0.090693 -0.360974 6.032117 -0.314275 -0.407820 -0.630741 -0.215087 -0.436932 -0.139228 -0.461147 -0.589166 -0.888854 -0.867490 -0.629710
2 0.785971 1.060369 0.100273 -0.129402 -0.645246 0.073068 -0.342502 -0.604728 -0.525118 0.708220 0.554635 0.087878 -0.743173 -0.380246
8 0.349812 -0.818550 0.127229 0.333338 -1.485753 -2.579628 -1.233378 3.454615 1.028921 3.314645 0.778458 -0.846287 -2.723451 0.300030
12 0.249242 -2.191870 1.318853 -0.583320 0.739867 1.023437 -1.522890 -0.303622 1.045293 -0.253078 -1.034926 1.686489 -0.848213 0.674738
3 -0.996887 -0.967176 11.529490 -0.443810 -1.167020 -0.589698 -2.132396 -1.211537 -2.196322 0.393339 0.505729 -0.717278 -1.944435 -0.062001
3 -0.457415 0.343572 3.914450 0.038053 -0.771733 0.138381 -0.950308 -0.078431 -1.225236 0.265021 0.017666 0.365517 -1.011850 -0.587688
3 -0.981956 -2.045042 14.931206 0.171606 -0.360340 -1.066354 -0.575947 -1.846286 -2.053732 -0.901317 -0.358805 -1.291926 -3.136910 -0.484196
14 -1.104481 0.286547 -1.487270 -0.284343 0.194274 0.225704 -0.444736 1.112333 -0.749173 -0.533071 0.823273 1.021630 -0.451830 1.391144
3 0.360645 -0.935312 5.964909 -0.375334 -0.495348 -0.871119 -0.523231 -0.306947 -0.761194 -1.419280 -0.695089 0.868798 0.255487 -1.066985
3 -1.301894 -0.355004 6.207918 -0.872364 -0.674385 0.059655 -0.622191 -0.014369 1.830924 -0.846538 -0.554124 -1.149747 -0.718877 -0.989005
6 0.764433 -0.618819 -2.314164 1.073836 -0.773676 8.603734 -0.417517 -1.496649 -2.038875 -1.567129 -0.771816 0.830107 0.710786 -1.984251
6 0.019228 -0.488024 -0.674646 0.336865 -0.426184 3.338706 -1.157888 -0.019841 -0.576630 0.163947 -0.565176 -0.911945 1.112468 -0.150881
6 0.499482 -2.434128 0.110444 -1.094475 1.178632 2.648125 0.305135 -0.488188 -0.170955 -0.130414 -0.313054 0.049773 -0.282994 0.122616
6 -6.060058 -6.522779 -5.782358 -6.830068 -6.532229 74.848338 -6.276133 -4.639918 -5.153432 -4.973536 -6.730072 -4.307142 -4.525250 -6.515365
6 -0.203216 -0.949685 -1.297637 -0.426727 -0.036776 5.968432 -0.145022 -0.683389 -0.962916 -0.045999 -0.702251 -0.197649 -0.585448 0.268282
6 -3.859702 -3.510696 -2.758840 -2.314030 -3.091782 42.494877 -2.927156 -3.553898 -3.282536 -2.887204 -3.001409 -3.108875 -4.095700 -4.103048
6 -0.265868 -1.454857 -2.549500 -0.907376 1.033939 8.173137 -1.920560 -0.240300 -1.494260 -1.400605 -0.619546 -1.207780 4.005310 -1.151733
6 -4.413000 -2.335241 -2.536366 -3.217733 -2.109004 37.362970 -3.481989 -2.423963 -3.019363 -2.454951 -2.323175 -1.827523 -4.389449 -2.831211
6 -6.060058 -6.522779 -5.782358 -6.830068 -6.532229 74.848338 -6.276133 -4.639918 -5.153432 -4.973536 -6.730072 -4.307142 -4.525250 -6.515365
6 -0.893259 -0.354285 -0.841880 -0.283338 0.858943 3.569374 0.934180 0.682508 -0.359428 0.670618 -0.415263 -1.857075 -1.405352 -0.305743
13 -1.068094 -1.130048 0.409056 -0.298819 -0.232913 1.364417 -0.494774 0.056609 0.369332 -0.477746 -0.415855 0.415747 1.514040 -0.010952
6 -1.566075 -2.417020 -2.983952 -2.946523 -1.168165 23.014923 -1.739633 -1.667423 -2.290188 0.986483 -1.319123 -2.119561 -1.932321 -1.851423
6 0.998759 -3.064254 -3.422044 -2.189647 -2.283058 24.965042 -1.647500 -1.058137 -1.145307 -2.582091 -2.736570 -0.774463 -2.597167 -2.463564
6 -3.497566 -3.420506 -2.635678 -2.632934 -3.612721 39.961170 -2.643920 -2.885406 -2.570104 -3.414940 -2.491453 -2.715682 -3.412761 -4.027499
6 -0.760665 -0.548740 0.540631 0.738659 0.594603 0.923052 0.185470 -0.324159 -1.003611 0.019220 0.431459 -0.020863 -1.109025 0.333970
6 -2.143321 -3.303895 -1.784662 -3.110187 1.059721 23.903107 -2.239749 -1.330521 -2.496362 -1.286596 0.158362 -3.384169 -2.438668 -1.603062
6 -0.367262 -0.087333 0.248636 -0.661483 -0.183031 2.327350 0.682579 -0.328179 -0.026432 -0.428780 0.417112 -0.584179 -0.634856 -0.374143
6 -0.749425 -0.799924 -0.609198 -0.734592 0.470286 8.716792 -2.665214 -1.120787 -2.021033 0.234553 -1.669009 0.307107 -0.100188 0.740631
6 -6.060058 -6.522779 -5.782358 -6.830068 -6.532229 74.848338 -6.276133 -4.639918 -5.153432 -4.973536 -6.730072 -4.307142 -4.525250 -6.515365
2 -2.282960 2.105832 -0.191766 0.799773 0.103946 0.683447 -0.175770 1.271126 -1.365179 -0.912307 0.145092 0.025133 -0.699458 0.493093
6 -0.362450 -2.581159 -0.854415 -0.553140 2.159913 5.306025 -1.511024 2.293072 -1.722084 -1.713082 -0.917650 -0.107611 -0.952380 1.515983
6 -6.060058 -6.610549 -5.553142 -6.876635 -6.532229 75.159497 -6.276133 -4.727068 -5.351729 -5.057428 -6.730072 -4.307142 -4.525250 -6.552063
6 -1.579143 -1.549721 0.995101 -0.542824 -0.597030 8.257833 -0.693406 -0.936665 -1.868098 -0.962041 0.020108 1.060750 -2.258195 0.653330
6 -0.492940 -1.983848 -0.564485 -0.970031 -0.981583 9.476014 -1.010178 -1.124912 0.086874 -0.429635 -0.731171 -0.552722 0.390970 -1.112356
6 -0.856011 -0.931968 5.787862 -1.585715 -1.001940 7.311901 -1.118689 -1.557911 -0.136816 -0.279835 -1.106695 -1.277117 -2.440252 -0.806814
13 -0.551866 -0.760742 -1.792567 -0.103646 0.161165 -1.929100 -0.880908 -0.679658 -1.019266 -0.918032 -1.665071 -0.788421 11.210875 -0.282761
13 0.697743 -0.149545 -0.491446 -0.437304 0.435250 -0.477055 -0.425753 0.453857 0.485342 -0.053708 -0.698121 -0.392463 1.726860 -0.673657
10 -1.266343 -0.006697 0.085444 -0.375581 0.769569 -0.528163 -0.981186 0.467356 -1.097401 1.766146 -0.031892 0.550964 -0.293055 0.940839
8 -0.604912 -0.444735 0.203497 -0.356757 -1.176263 0.827469 0.193231 0.854804 0.009969 0.627359 0.065874 -0.027016 -0.199737 0.027216
13 -0.236967 -1.841263 -0.010315 2.041407 -0.533810 -1.056783 -0.886481 -1.409287 0.837285 -0.171121 0.084224 1.330419 3.015031 -1.162339
13 -0.818892 -0.383023 -0.318526 -0.664475 0.118204 -0.476422 -0.324316 -0.368900 -0.358573 -0.557068 -0.520008 -0.884821 6.392329 -0.835508
13 -1.376699 -1.902083 0.258364 -0.524823 -0.790036 -0.130653 0.704814 0.207433 1.095120 0.645074 -1.234303 0.811153 1.980828 0.255808
10 0.317201 0.910641 -0.414622 -0.312127 -0.207144 0.790850 -2.301372 -0.728866 -0.454259 0.922933 0.270846 -0.024624 0.716609 0.513934
13 -0.258486 -0.771001 -0.564114 0.153250 -0.194107 -0.425016 -0.798620 -0.406265 0.961640 0.020904 -0.872212 -0.075552 3.405080 -0.175502
13 -0.767079 0.645558 -1.406236 -0.413103 -0.419193 -0.056596 0.278117 -0.416837 -1.306675 0.013057 0.029643 -0.726547 5.574016 -1.028125
13 -0.467890 -1.330982 0.480344 0.714638 -1.049482 -1.519230 -1.023832 -1.537862 1.866482 -0.350214 -0.497002 -0.850591 6.429523 -0.863902
13 -0.635865 -0.597190 -1.355792 -0.377795 2.034228 0.451423 -0.725133 -0.974540 0.095621 -1.426242 0.168004 -0.304062 4.293630 -0.646285
13 -1.050940 -1.662660 -0.414672 0.149116 1.060161 -0.527194 -1.272692 -1.551049 0.769125 0.038991 -1.037597 0.065061 5.676198 -0.241848
13 -0.166358 -0.932809 0.656635 -1.215519 0.476058 -0.290046 -0.509263 0.413259 0.583279 -0.780845 -0.849402 0.162112 2.578642 -0.125745
13 3.244850 0.004444 -0.705776 -0.870290 -1.126523 -0.306576 -0.372336 -1.261012 -0.435270 -0.833426 -0.681420 -0.222002 4.228087 -0.662750
4 -1.357090 -0.843107 0.609281 3.544958 0.000895 -0.679367 -0.514457 -0.090666 -0.193973 -1.006557 -0.720549 -0.004972 2.158811 -0.903205
13 -0.458436 -0.372472 0.081941 0.779660 -0.046168 0.841730 -2.158761 -0.779773 2.227130 -1.524762 -0.236731 -1.115018 3.598049 -0.836387
8 -1.627089 1.962767 -0.804380 -0.361495 -0.817749 -0.753691 -2.240245 4.550390 -1.195626 0.867314 -0.593310 -0.664810 1.107317 0.570607
13 -0.107832 -0.289227 -0.209977 -0.417994 -0.003537 -0.331940 -0.368829 0.327909 -0.058582 0.461699 -0.486802 -0.116467 1.307576 0.294002
9 0.106668 -1.237876 -0.245896 -0.608103 0.249847 0.315638 0.279100 -0.629686 2.164604 -0.053906 0.212883 0.268568 -0.276255 -0.545586
13 -0.723053 -0.270774 -0.248915 -0.150887 -1.376606 -0.361293 -0.073614 -0.528580 -0.558772 -0.942309 -1.083836 -0.199167 5.664751 0.853056
13 0.749418 1.052212 -0.964807 -1.379874 -0.525464 -1.095436 -0.610389 -0.718257 0.286667 1.005812 0.326500 0.575850 2.294242 -0.996474
13 0.523107 -1.640492 0.569601 0.693223 -0.415418 -0.601407 -0.195122 0.966348 -0.290261 -0.745943 -1.238689 -1.012624 3.449402 -0.061725
13 0.835300 -0.938523 0.334102 -0.197861 0.099514 -0.412693 -1.835907 0.182738 0.956292 -0.276140 -0.675358 -0.069077 2.036898 -0.039286
13 -0.644631 0.739757 0.149173 -0.078495 -0.743706 -0.806669 -0.338974 -1.121728 1.333872 -1.391684 -1.065764 0.636505 4.986750 -1.654404
13 0.161045 -1.004930 -1.117253 -0.932075 0.119939 -0.603265 -0.438541 0.417637 -0.487150 -1.040977 0.528859 -0.448935 4.881938 -0.036293
7 -4.043331 -4.867753 -3.772555 -4.474916 -4.530270 -4.984283 53.104904 -3.254350 -3.499059 -4.003182 -3.784349 -3.974690 -3.771441 -4.144724
7 -0.227878 0.493340 -0.380450 -0.573564 -0.115685 -0.344851 2.881948 -0.165483 -0.310706 -0.374446 0.383515 0.135505 -0.271842 -1.129401
7 -5.170593 -4.302547 -4.196664 -5.318045 -4.267090 -4.097196 52.355058 -4.685635 -3.118962 -4.086494 -2.043717 -4.103870 -3.275012 -3.689232
5 0.822342 0.803238 0.611538 -1.073106 2.296043 0.920696 -0.584132 0.804871 -1.174468 -1.068389 -0.264822 -1.036711 -1.142517 0.085416
7 -0.222132 -1.678831 -1.377727 -2.432114 -0.803929 -1.814235 18.154190 1.292595 -2.430656 -2.012632 -1.931749 -1.545472 -1.818188 -1.379119
7 -0.150294 -0.594440 0.269238 0.777582 0.155794 1.568141 3.155295 -1.490254 0.058887 -0.310133 -1.943667 -0.076015 0.135551 -1.555685
7 -5.509415 -4.255410 -4.585193 -4.015037 -4.394412 -4.230280 60.014003 -4.792243 -4.423362 -4.207163 -5.507148 -4.894568 -4.276221 -4.923553
7 -1.898712 -1.124658 -0.289852 -0.382251 1.786950 -0.960661 3.998153 -0.066418 -0.423539 0.021109 -0.628155 0.019296 -0.482793 0.431529
7 -0.855411 -1.549894 -1.202579 -0.726491 -0.526560 -0.626314 10.209345 -0.501459 -0.983843 -0.470120 -1.616808 -0.261662 -0.499109 -0.389095
7 -0.398429 0.623749 -0.827249 -0.430640 -0.840155 1.126193 3.806073 -1.285623 -0.391353 -1.111642 -0.421496 -0.818053 1.549769 -0.581143
7 -4.288698 -3.859824 -4.164633 -4.325468 -3.447602 -4.508744 51.681384 -3.940441 -4.115978 -3.970133 -4.141403 -4.387764 -2.190527 -4.340168
7 -3.601894 -3.541524 -4.353653 -4.826155 -2.953179 -4.541490 49.479147 -4.543518 -4.423556 -3.564037 -3.507984 -4.245016 -4.346038 -1.031105
7 -4.851413 -5.156126 -5.752595 -6.244289 -7.050936 -4.857175 74.125169 -4.712318 -4.937453 -5.834662 -6.257225 -5.529579 -5.928306 -7.013093
7 -3.490060 -4.571788 -3.404150 -4.629521 -2.828370 -4.377536 52.176727 -4.281514 -4.031240 -4.563916 -3.912738 -4.413153 -3.466997 -4.205744
12 -0.978961 -1.608254 1.560350 -1.440413 0.410400 1.266954 -0.995521 -1.252826 -0.914216 0.498421 1.013684 2.131871 -0.068473 0.376983
7 -4.354218 -4.548359 -3.872208 -4.023132 -3.637710 -4.132517 53.370372 -4.612090 -3.078472 -4.513610 -4.785381 -3.946132 -4.502529 -3.364015
7 -6.404856 -5.990098 -5.783540 -5.606353 -6.188784 -5.886184 74.325424 -4.580444 -5.548532 -5.977676 -6.384354 -4.450680 -5.186578 -6.337346
7 0.167193 -1.654874 0.507651 -0.078175 -0.474984 -0.793516 4.535785 -0.823778 -0.045650 1.450459 -1.062221 -0.577901 -0.131327 -1.018662
7 -5.554786 -3.485315 -4.336465 -3.974989 -3.741529 -4.717274 54.018235 -3.596440 -4.389672 -4.154553 -4.003697 -3.976093 -4.229922 -3.857500
11 -0.732423 -1.976018 -1.602793 -1.916234 -1.643718 -1.392999 -0.486804 -0.955844 -1.242479 -2.139783 15.957391 -0.143666 -0.802180 -0.922450
7 -4.744402 -3.904679 -4.603453 -5.127631 -4.315230 -4.150381 61.246942 -4.713440 -5.387947 -4.522359 -4.689029 -4.534198 -5.849907 -4.704286
7 -3.063222 -5.669127 -4.223196 -4.746280 -3.566357 -5.228958 55.632166 -4.383801 -2.576910 -3.645651 -5.998044 -4.821866 -4.284488 -3.424266
7 -3.850209 -4.739657 -5.243301 -5.487309 -4.919187 -5.037655 60.326710 -4.727154 -4.503304 -4.650141 -4.640685 -5.046453 -3.269208 -4.212449
1 4.055012 0.267436 -2.101274 -0.691022 -0.282854 -1.421559 3.354083 -0.148587 -0.349918 -1.327028 -0.371110 -0.343043 0.812693 -1.452829
7 -4.634611 -3.956449 -3.248274 -4.085246 -4.038729 -4.258113 52.405463 -4.080604 -3.768002 -4.124235 -3.810113 -4.471262 -4.390548 -3.539277
12 -1.784664 -0.067969 1.419025 -0.333213 -0.215674 -1.004462 -1.225502 -0.653253 -0.819811 0.300857 1.065881 4.322496 -0.602329 -0.401383
13 0.781115 -1.590537 1.670786 0.422304 -1.899496 -0.140182 -1.397422 -1.606109 -0.036016 -0.752791 -0.781480 1.937087 4.323662 -0.930922
12 1.180170 -0.368125 -0.669662 -0.083632 -1.128563 -0.510050 -0.019393 0.255955 -1.132889 -0.366268 0.819601 3.519957 -0.600615 -0.896487
12 -0.040130 -1.212218 -0.341594 -0.507278 -0.716892 0.416571 -0.177255 -0.054085 0.518615 -0.097995 -0.885606 1.477461 0.971973 0.648432
13 0.856442 0.715888 -0.664643 -0.350131 -1.116647 -1.371842 0.169623 -0.603073 -0.193896 0.260276 -0.373810 1.094748 1.159724 0.417341
9 0.259133 -0.970438 0.375007 -0.039269 0.380007 0.018424 -0.325551 -1.209722 2.043047 -0.459421 0.022768 0.032209 -0.958823 0.832630
3 -1.984552 0.789114 8.216391 -0.069675 0.048864 0.179409 -0.739184 -1.436670 -1.772111 -1.654712 -0.222975 -1.496966 -1.478829 1.621898
13 0.102822 -0.327002 -0.707430 -0.025074 -0.187225 -0.094864 -0.322261 1.148925 -0.160078 0.055207 -0.533653 -0.074507 1.418354 -0.293216
12 -1.405033 -0.245761 0.186825 0.563189 -0.450795 0.889885 0.421803 -0.374426 -0.218478 -1.261482 -0.940258 5.531775 -1.218809 -1.478434
7 0.976575 0.101004 -0.192095 0.997188 -0.223702 0.051248 1.652915 -0.351899 -1.556508 -0.615075 0.131088 -0.366632 -1.427864 0.823758
10 0.278151 0.023822 0.710604 -0.348155 -0.283887 -0.838097 -0.425957 0.700870 -0.469208 1.280747 -0.790355 0.771737 -0.436345 -0.173927
7 -0.362480 -0.910806 0.066179 -1.281021 2.296493 -0.175132 2.958268 -0.544777 -0.457005 0.039394 -0.774699 -0.637669 0.167741 -0.384484
12 -1.486025 -0.625589 -1.017885 -0.795540 -0.202798 -0.823685 -1.443335 -0.607196 -0.722164 -1.154036 -0.124186 9.536831 -0.466858 -0.067535
12 -0.201286 -0.634997 0.296058 0.175331 -0.325821 0.286920 0.029797 -0.760800 -0.135371 0.444313 -0.212257 1.145000 0.012895 -0.119783
12 -1.167188 -1.240056 -1.210866 -1.204674 1.895170 -0.774922 0.557764 1.312149 0.014244 -0.356976 -0.185446 2.752170 -0.929272 0.537901
12 0.011095 -0.379400 -0.039356 0.080833 -0.035157 -0.346444 0.710648 -0.962685 -1.515070 -0.075567 -0.199327 2.973240 -0.470913 0.248104
5 -1.254995 2.692170 -4.285319 -0.592726 9.892525 -0.660761 -0.865556 1.312735 -2.152385 -1.870806 -2.634082 1.807011 -0.168338 -1.219473
3 -0.364996 -0.165965 1.464398 0.528314 0.217627 -0.087841 -0.338925 -0.825412 -0.933373 0.509763 0.149025 0.619174 -1.553177 0.781388
12 -0.685245 -1.408767 0.489080 -1.567532 0.857555 0.721979 -0.748691 0.482239 -0.819703 1.491859 -0.355459 1.690358 -0.051877 -0.095797
3 0.413962 0.772182 1.687091 -0.424365 -1.030986 -1.126027 -0.480711 -0.681685 -0.231945 1.011573 -0.835563 0.815372 -0.361427 0.472530
14 0.011540 -1.595842 0.452358 -0.378219 0.056238 -0.995908 0.421931 -0.323235 0.987139 0.136137 -1.820425 1.048419 -0.091410 2.091276
12 -2.757250 0.254443 1.035130 -0.836725 -1.176039 -0.602005 1.138004 1.180058 -1.756832 -1.791607 -0.594496 7.522104 -2.190441 0.575656
11 -1.063957 -0.354105 -0.148735 -0.840508 -0.547902 0.719344 0.389612 -0.597152 0.617932 -0.090821 2.400478 1.460063 -1.970378 0.026130
14 -0.488106 -0.641779 -0.881279 -1.570521 -1.156410 -1.212656 -0.737410 -1.321404 -0.519458 0.437842 -1.430603 -0.237718 -1.579461 11.338962
14 0.429231 0.589110 0.263655 -0.685598 -1.092024 -0.459707 -0.474790 -1.101922 0.369269 -0.498151 -0.370559 -0.123641 0.302844 2.852284
14 -2.498812 -0.004805 -1.401851 -1.441437 -1.479102 -1.477387 0.123713 -0.831509 -2.201194 3.021824 -0.473009 0.078471 -1.675592 10.260693
14 -1.475341 -0.791027 -1.288134 -0.762564 -0.615541 -3.169541 -0.451020 -1.375676 2.008584 -0.515228 -0.346917 -1.698158 -0.557476 11.038038
4 -1.586909 1.300303 -0.215263 2.232802 -0.132673 -1.978992 -0.756574 0.102442 0.266388 -0.424706 -1.247626 -0.648730 1.821224 1.268314
14 -2.155251 -0.058464 -0.139434 0.836296 -0.201133 -0.289925 -0.351866 -1.098791 -2.041377 -0.194895 1.207668 0.653357 -0.070967 3.904781
5 -0.445032 1.071152 -0.077328 -0.432224 1.099572 0.434368 -1.374555 -0.373362 0.098188 -0.933192 -0.190858 -0.269926 0.793280 0.599917
14 -0.425744 -0.286823 0.159632 -0.032194 0.535012 -0.928177 -0.063890 0.911865 0.656169 -2.037952 -0.648439 0.950392 -1.160515 2.370663
14 0.263881 0.012583 0.073710 -1.339607 -1.535712 -2.048652 -1.490546 -1.436513 -0.238474 -0.180083 -0.595213 -0.200375 0.243595 8.471406
14 -1.088935 -2.045821 -0.609195 -0.546157 -0.665753 -0.593224 -1.227891 -0.295936 -1.767798 -1.069230 -1.562883 -2.231164 -0.511232 14.215220
14 -0.720082 -0.436286 -0.394466 -1.001129 -0.224575 -0.077580 -0.059300 -0.191354 1.430283 -0.990806 -0.529140 0.240017 1.259850 1.694567
14 0.431585 -1.216929 0.509500 -0.402843 0.035663 -0.416587 -0.584210 -1.342853 0.393602 -0.728351 -1.031456 -0.516643 1.677797 3.191725
14 -0.646615 -0.649087 0.306342 -0.185369 1.396979 0.079228 0.363808 -1.392957 -0.483960 1.090929 -0.234276 -0.731809 -0.388869 1.475658
14 -1.037722 -1.579704 -1.007060 -1.668797 -1.485169 -1.011319 -1.163837 0.078843 -0.059152 -2.014588 -0.953839 -0.444878 -1.117277 13.464497
5 -0.632294 0.062684 0.464722 1.199805 2.679892 -1.073140 0.749965 -1.231348 -1.368552 0.036322 0.286529 0.569643 -1.762441 0.018213
14 -0.764197 0.005286 -0.112629 0.196272 -0.528615 -0.748740 0.263647 -0.524986 -0.601841 0.531813 0.178508 0.067593 -1.100027 3.137915
14 -0.958903 -1.026290 -0.277814 -0.431531 -0.374180 -0.641233 1.903504 0.210421 0.366515 -1.124235 -0.334164 -0.685436 -0.418086 3.791431
14 0.397103 -1.030229 0.257021 -0.226978 -0.178702 -0.346452 -0.382984 -0.339180 0.516678 -0.447761 -0.156315 -0.120565 0.260056 1.798309
14 -1.423216 -1.028674 0.346816 -2.361098 -1.453892 -1.449562 -2.041753 -1.311587 0.088198 -1.185209 -1.602208 -0.872802 -0.281123 14.576110
14 0.186314 -0.402836 -0.402529 -1.363312 -0.610626 0.773625 -0.755686 -0.442534 -0.664515 0.466175 0.857865 -0.797396 -1.369872 4.525328
11 -0.210910 0.362529 0.050398 0.918524 0.815626 -1.052451 0.316417 -0.013632 -1.491583 0.551074 1.166873 -0.361415 -1.463612 0.412162
14 0.222119 -1.558753 -0.515353 -0.049477 0.999915 -0.152379 -1.937861 0.116427 0.309120 -0.317671 -0.939718 -0.929141 1.721589 3.031182
8 -1.615675 1.226900 -0.115487 0.143924 0.702407 -0.474727 0.008073 2.762860 -1.198259 -1.019776 -0.022175 -0.431237 -0.458906 0.492077
8 0.434746 -0.205569 -1.318004 -1.046409 -2.234177 0.378488 0.197176 10.615720 -0.211438 -2.285216 -1.356077 0.301426 -1.443539 -1.827128
5 0.956816 -2.094741 -0.702017 -1.882049 14.513145 -0.287114 -2.667324 -0.260013 -0.700239 -0.916757 -1.837564 -0.711315 -1.711447 -1.699384
8 -0.316970 -1.387410 -0.317432 -0.468246 -0.777923 -1.037841 -0.051538 7.992051 -0.415447 -0.807185 -1.051311 -0.629520 -0.441884 -0.289344
10 0.632534 -2.362848 0.774057 -0.855116 -0.669205 -0.683365 -0.918950 1.329371 1.547059 1.764312 -1.010340 0.144404 0.163545 0.144541
1 2.172615 -1.193107 -0.811079 -0.264126 -0.635751 -0.303796 -1.352274 -0.532117 1.284981 -0.444216 0.624157 0.820862 0.694067 -0.060214
8 -0.780285 -0.214404 0.552099 -2.046191 -0.317631 1.397859 0.281391 4.729456 -0.583926 -0.566192 -0.619926 -1.168924 -0.017105 -0.646222
8 -1.481113 -0.407102 -3.247183 -1.431250 -1.379750 -0.535792 4.753355 7.207150 -1.127050 -0.436204 -1.587753 0.430296 0.264602 -1.022208
8 -0.046827 0.279449 -0.686965 -0.286494 -0.671033 -0.388544 -2.277376 6.666553 -0.763985 -1.889682 0.240604 1.591619 -1.648435 -0.118882
1 1.482059 1.049099 -0.151275 -0.195683 -1.286046 0.566880 -0.411873 0.672219 -0.009159 -0.370037 -0.999734 1.148894 -1.180612 -0.314733
6 -0.520312 0.574976 -0.294631 0.574057 0.049006 1.185955 -0.452175 0.970818 -2.117280 0.291104 1.064481 -0.595066 -1.145849 0.414918
8 -1.459316 0.423056 1.452668 -1.283690 1.356537 0.795863 -0.196914 6.169310 -1.190310 -1.277272 -1.577008 -1.126492 -2.298051 0.211620
13 -0.903109 1.219174 -1.974666 0.062387 -0.060188 0.359152 -2.344067 -0.144917 0.235486 0.053683 -0.519214 0.850288 1.824817 1.341173
7 0.320316 -0.253933 -0.429211 -0.309880 -0.244203 1.066901 1.092920 -0.131571 0.103082 -0.129696 0.001402 -0.542128 -0.163527 -0.380472
8 -0.389829 0.795880 -0.249960 -0.833445 -0.290004 0.620679 -0.617004 3.393892 0.684613 -0.709271 -0.551020 -0.458176 -1.043407 -0.352947
5 -0.785243 1.338447 -0.102550 0.491028 1.723491 0.288780 -0.287122 0.602343 -0.923299 -0.862138 -1.075815 0.088858 -0.067789 -0.428991
13 0.493762 -0.251477 -0.468656 -0.549122 -1.251569 -0.229936 0.503244 -0.017932 -0.027560 -0.399803 0.468180 -0.682258 2.215471 0.197656
8 -0.157307 -0.204310 -1.524864 -0.241881 -0.690851 -0.829177 -0.415248 3.746017 1.098331 -1.550569 -0.248187 -0.070253 -0.118344 1.206645
6 1.168835 0.948199 -1.642783 -0.272539 0.482375 1.252918 -0.266834 -0.352817 -0.484947 -0.382176 0.295320 -0.831057 -0.604483 0.689990
8 -1.196520 0.096972 0.514798 -1.786116 -0.185237 1.621315 1.442760 2.874111 -1.787897 0.800439 -0.146823 -0.572516 -2.120736 0.445450
8 -1.269206 0.686611 -0.102570 -0.382807 0.266982 -0.909184 -0.521633 3.394238 -0.512005 -0.663885 -0.175808 0.271115 0.019514 -0.101361
8 -0.825715 -0.887743 0.595233 1.031173 -1.575537 1.633728 -1.702516 3.802613 -0.841923 -0.565663 -0.730334 -0.230253 0.372240 -0.075304
11 -0.836132 1.242954 -0.854647 0.750996 0.624382 0.129030 0.910736 -2.176784 -0.451427 0.294865 1.406663 0.452024 -0.322043 -1.170615
3 0.461004 -1.215564 0.768310 -0.148085 -0.107451 0.298108 -0.169063 -0.314283 0.117452 0.394011 -0.420492 0.596036 -0.179641 -0.080343
9 -0.348135 -1.585974 -0.413012 -0.071645 -0.236389 -0.552699 0.654847 0.549238 1.809499 -0.499843 -0.529810 1.407547 -0.461229 0.277607
13 0.456670 -0.080568 -0.021183 -0.252593 0.151194 0.306258 0.001734 -0.475259 0.341376 -0.272668 0.004391 0.071854 0.474904 -0.706111
10 -0.036859 -0.813480 0.594444 -0.762738 0.215232 -1.555808 -0.430448 -0.368585 1.311661 1.444898 0.407604 0.092283 0.000053 -0.098257
9 0.770110 -1.834245 -0.003000 0.243195 0.703609 0.280602 -0.131375 -0.646298 3.468321 -0.379220 -0.489291 0.128262 -0.773900 -1.336769
13 -0.114939 -0.941324 1.156914 -0.990204 -0.574552 -1.295042 -0.349888 0.259840 1.173887 0.651292 -0.741849 -0.666999 4.220592 -1.787727
13 0.223617 -0.565059 1.271437 -1.133683 0.268431 -0.413939 -0.305281 -1.013140 0.564411 0.475200 -0.661307 0.783369 1.952198 -1.446253
6 -0.113793 -0.613038 -0.021391 -0.153228 -0.360925 0.593305 -0.172490 -0.256627 0.583283 0.044105 -0.344003 0.463139 0.116319 0.235343
14 -1.435119 -0.051696 0.934902 0.030477 0.072636 -0.196651 -0.405249 -0.833612 1.055099 -0.373648 0.168894 0.536090 -0.767857 1.265733
9 1.305038 -1.392030 -0.074084 -0.261571 -0.282925 0.172306 -0.476047 0.063647 3.745998 0.243740 -0.288723 -1.063837 -0.324420 -1.367093
9 0.077511 -0.995236 0.091537 0.170628 -0.148141 0.179901 -0.373054 -0.450461 2.163832 -0.326508 -0.037131 -0.088941 0.227036 -0.490972
9 -1.302303 -1.180536 0.702640 -0.506880 -0.143739 -0.059608 0.095820 -0.611872 1.853156 0.924175 -1.341177 0.485222 -0.345550 1.430651
9 0.505637 -1.242672 0.766961 -0.538733 0.606901 0.791266 -0.516788 0.699757 1.224270 0.562184 -1.063440 -0.432257 -0.823670 -0.539416
9 0.965777 -2.733007 -0.066754 0.740680 0.680652 0.109037 -1.149641 -0.752271 1.062517 0.968954 -0.663843 0.420018 0.975542 -0.557662
14 0.520347 -0.364030 0.354312 0.739848 -0.736802 0.361818 0.230456 -0.324836 0.256126 -0.329434 -0.457640 -1.051053 -0.634405 1.435291
7 1.136476 0.723671 -0.670411 -1.491071 1.086733 -0.437239 1.382887 -0.325527 0.236591 -0.356425 -0.786636 0.241452 -0.089386 -0.651112
14 0.394510 -1.386385 -0.149438 1.025318 -0.814462 -1.117034 -0.386522 -0.221448 -1.237542 0.964016 0.761373 0.034313 0.280826 1.852475
4 0.453654 -2.200502 -1.043714 2.972915 -0.533591 -0.661630 -0.474288 -0.393632 1.559990 -0.234112 -0.495997 0.377954 1.683159 -1.010208
14 0.332654 -1.182730 0.977391 -0.825956 -0.373962 -0.153819 -0.810445 -0.552492 1.254191 0.252555 -0.610415 -0.286634 0.530702 1.448959
