7 -10.991269 -12.692722 -10.835803 -11.282791 -9.479655 -12.468318 69.639717 -13.249802 -8.993841 -13.105953 69.430331 -10.209969 -13.532375 -12.227553
14 0.017903 -1.663658 -0.091076 -2.500829 -0.336575 0.719903 -0.548816 3.802241 -0.656529 -0.039232 -1.241652 -0.633921 -1.324357 4.496599
9 -2.150547 -3.121586 -0.721443 0.260929 -0.164198 -2.095099 -1.784641 -1.940224 11.869676 -0.099518 0.724964 -1.161834 2.106367 -1.722846
1 32.229480 -2.019406 -3.205144 -2.329047 -2.785374 -2.352946 -3.408723 -1.592406 -2.155111 -2.355387 -3.254375 -1.912422 -2.543513 -2.315624
6 1.641649 1.067750 -0.983956 2.136121 -0.568168 4.060867 -4.819445 -0.103167 -1.813061 -0.809346 1.128249 0.641215 -3.630439 2.051730
1 6.549085 -0.943381 -0.312115 -0.863607 -0.525048 -0.985257 -0.479322 -0.722302 -0.231124 -0.531510 -0.624078 1.077358 -0.586294 -0.822404
6 1.132507 -0.863256 -0.320608 0.280567 -0.429448 4.722032 -1.330137 0.003127 -1.105505 -1.766821 -0.840953 -0.488716 1.113088 -0.105878
2 -1.810790 1.963956 1.192415 0.996223 1.565650 0.338039 1.238225 -1.310743 -1.206164 -1.373319 -0.428876 0.157833 -0.166479 -1.155970
5 -5.326873 -3.715685 -5.761309 -2.443580 39.109465 1.580123 -3.291823 -2.680461 -3.284296 -2.820163 -3.787992 2.097824 -4.317385 -5.357847
5 0.779401 -5.445132 -1.674593 -2.261878 22.993191 0.337394 -4.823171 -2.796186 -1.903420 0.052359 -2.736337 0.728700 -3.684969 0.434640
10 2.008107 -0.873496 1.227483 -3.076552 -0.087791 0.701892 0.173669 -1.078862 -3.609782 2.812271 -0.810832 1.521818 -1.316313 2.408388
3 -1.178619 -2.517848 8.920625 0.782528 3.367539 -1.556511 -2.503048 -1.589432 -0.428562 -1.558435 -2.430638 0.822748 0.432631 -0.562978
3 1.262199 -1.868500 21.734913 -2.441347 -2.728412 -1.114662 -1.785057 -1.764201 -1.636421 -1.923139 -0.652473 -3.942615 -3.163100 0.022815
4 -2.852191 0.733405 -0.169576 3.444094 0.831067 -0.824297 1.445488 0.242322 -2.368932 -0.856531 1.412056 0.047673 -2.023499 0.938920
1 96.232627 -7.124300 -6.575400 -6.823144 -7.329674 -8.983620 -7.432891 -7.093825 -8.003476 -7.359492 -6.882013 -7.738420 -9.315188 -5.571181
11 -5.849295 -4.645251 -0.198472 -1.393018 -5.135364 -3.816838 -4.274520 -3.111140 -1.208385 -5.494926 42.805519 -3.507814 -0.921820 -3.248675
4 0.146540 -1.907111 0.130068 7.074562 -2.476733 1.799213 1.014158 -2.499492 0.027537 -0.510596 -1.774108 -0.924195 0.182972 -0.282815
12 -4.915246 -2.793696 1.830123 2.792937 0.473800 -0.654421 -0.715416 -4.118995 -1.861696 4.012373 -0.728781 8.273394 -2.727483 1.133105
14 0.587550 -0.807197 3.053036 -3.490965 -3.749165 -1.820360 -2.647545 -2.332543 -3.912353 0.588629 2.064632 -0.271272 -2.602965 15.340518
11 -2.112186 -4.327255 -2.944912 -6.078497 -3.797864 -3.227547 -2.968629 -1.174896 -3.020245 -4.190720 39.692621 -0.679988 -2.793372 -2.376509
3 -1.562541 -2.954159 22.246140 -0.980748 -2.110868 -1.634338 -1.719364 -2.480022 0.248099 -2.225447 -1.290750 -2.536048 -1.590184 -1.409771
12 1.854402 0.603204 -0.292471 -0.920379 -0.627976 -2.027068 -1.727820 -2.535469 -0.922349 1.046009 -0.360647 3.405025 1.457876 1.047662
14 -1.350976 -2.227593 -1.578733 -0.935672 0.209144 3.084074 2.059642 -4.254396 0.094955 -1.144024 3.249897 -0.761569 -0.674016 4.229265
9 -2.109594 2.070729 0.387790 -2.252131 -0.331394 -0.261151 0.223825 -1.767579 5.063786 0.486400 1.546359 -1.460530 -1.385512 -0.210998
2 -3.766144 2.916070 -1.995690 -0.182908 1.601348 -0.904979 0.673328 0.892112 -1.613604 -0.609582 -1.307779 0.593557 0.944482 2.759791
8 -3.912754 0.884808 -1.939079 3.027301 1.117848 -0.625891 0.074344 6.750753 -1.785727 -1.847746 0.092792 -1.035048 -1.682637 0.881037
14 -0.409325 0.023156 -0.681754 -1.509203 -0.376580 -1.172628 -0.038486 -1.693369 0.898329 -0.995147 -1.006740 1.378685 0.078861 5.504201
2 1.043251 17.681172 -3.319322 -3.075524 -1.929974 -0.306691 -2.714299 -3.297160 -1.179870 0.265462 -1.623905 -0.853915 2.399866 -3.089092
1 59.876579 -5.134973 -5.137019 -7.666051 -5.815183 -0.561970 -5.429697 -2.488304 -6.837256 -5.289819 -2.240740 -4.339196 -6.569382 -2.366989
2 0.744606 1.793065 -1.410998 -1.843152 1.068703 0.286187 -2.727475 0.568928 -1.384507 1.255287 -0.415800 0.000388 1.496470 0.568297
5 -1.523897 -2.937460 -1.334453 -0.540091 22.854185 -1.928572 -2.022550 -1.677280 -1.705249 -1.794233 -1.473675 -2.062744 -1.653635 -2.200347
6 1.568919 -1.629950 -0.276734 -1.285274 0.030523 1.917432 -0.546217 0.262036 -1.211360 -0.414639 0.612052 -1.353867 0.864709 1.462367
6 -0.251019 -3.927747 -1.127958 -3.526641 -1.213074 12.258588 -1.360215 -0.784453 -0.790405 -1.663010 -2.703657 -0.175203 -0.999619 6.264412
5 -1.395126 2.502373 -2.697131 1.041918 4.649536 -0.728832 -2.902248 -0.070668 -2.653053 -2.764572 -1.967098 3.975777 -0.037227 3.046350
7 -5.263966 -4.286959 -7.362672 -4.718326 -5.028126 -7.543791 79.263838 -6.867150 -9.376747 -4.222433 -4.052268 -5.195355 -8.883781 -6.462267
14 0.112135 -6.652620 -4.920505 -1.596802 -3.945625 -1.839463 0.771708 1.200700 -5.193981 0.670803 -2.233709 1.471596 -1.049471 23.205232
2 0.290123 3.252939 -0.489066 -1.068744 0.826869 -0.743454 -0.315996 -1.643957 -0.695110 1.055058 -0.054116 0.290079 0.447276 -1.151900
2 -5.093796 23.546791 -1.480504 -2.607630 -3.931753 -2.333057 -1.693814 -3.870078 -4.110470 -2.227760 9.552613 -2.512244 -4.299962 1.061661
2 -2.099163 16.308427 -0.178483 1.002387 -0.142592 -0.864624 -0.570273 -4.514699 -2.387020 -1.183744 -0.825973 -0.628662 -1.724126 -2.191456
14 1.974675 -0.453479 -0.135092 0.462688 -0.650695 0.224477 0.090854 0.408502 -3.487232 -0.479458 0.125620 0.026560 -0.833373 2.725953
7 -1.110329 -1.977954 -2.443833 1.382687 -0.417288 2.973037 4.810380 0.012863 -2.060083 -1.029561 1.029734 -1.325642 -0.488054 0.644044
3 3.029849 -1.036905 10.900384 -0.957120 -2.981131 -4.821599 0.859114 0.069195 -4.955720 1.241644 3.288611 -0.503537 -1.351654 -2.781132
13 0.243034 0.356319 -1.671923 -1.533803 2.082998 -1.737947 -0.775138 -0.067579 0.411602 -0.312485 -0.175790 -0.277184 5.448697 -1.990800
3 -3.939162 -5.014777 51.099213 -3.590531 -3.912355 -3.442840 -3.708591 -3.373993 -3.899609 -3.790927 -4.835895 -3.700440 -4.337016 -3.553075
6 -5.958058 -5.489608 -1.793137 0.559191 -4.636692 30.262289 -2.563784 -2.199511 -1.039913 -4.124932 -1.596180 -2.025258 3.151105 -2.545510
12 1.570638 -2.751343 0.717567 -1.839169 1.642361 -1.286102 -1.390931 -1.238546 -1.267653 2.509737 1.456488 4.069369 0.552970 -2.745386
14 -1.149018 -2.300535 0.906584 0.040450 1.356328 2.832724 -1.972711 -0.894398 -3.734552 2.723679 -0.491477 1.448589 -2.024535 3.258871
13 0.027921 -1.638981 -1.306958 2.650063 -0.201913 -0.519764 1.569556 -2.952789 -2.096358 0.457966 -1.040787 -0.809801 6.364389 -0.502547
11 -2.935111 5.934021 -1.156522 0.452930 -1.395650 -0.774168 -0.977728 -1.650810 -1.403578 -1.977071 10.655503 -1.172642 -2.084414 -1.514761
13 4.343182 -0.812033 -0.445665 -1.578655 0.475654 -1.855330 -2.007135 1.591608 0.601648 -2.170141 -2.517577 -0.323128 5.401119 -0.703546
14 -0.584719 -2.431887 -1.320846 -2.614426 0.426234 -0.924681 -0.802561 -3.117325 -1.946991 2.059856 -1.678269 1.136926 -0.216814 12.015503
1 1.778521 -0.684518 -0.019590 0.605577 -0.902218 0.699494 0.194029 -1.547730 -0.698064 0.162429 -0.728316 0.580092 -0.629158 1.189453
14 -0.986390 -4.997479 -0.631388 -1.166768 -1.536971 0.484116 -4.612341 -2.800763 -0.951230 0.001793 -1.316430 0.000700 -3.308856 21.822007
11 -5.278983 -6.769929 -7.762593 -3.840055 -4.368804 -7.683522 -10.005523 -7.216577 -5.795291 -6.455207 75.583746 -2.779516 -1.210051 -6.417692
7 0.360182 0.438071 -1.456315 0.620920 -1.508167 0.002252 5.434441 -2.702709 -0.622546 -1.378403 -0.298731 0.058069 -1.165468 2.218405
6 -2.587353 -0.056197 -1.838212 -0.525245 -0.365612 11.503420 -0.777244 0.572965 -2.200182 -1.569017 0.047288 0.907985 -2.070304 -1.042292
4 -5.606747 -9.996611 -3.542940 77.059358 -7.627037 -6.537492 -6.640407 -4.182097 -4.840551 -5.175703 -4.620215 -5.551296 -7.094392 -5.643868
4 -6.236502 -8.086569 -5.591448 79.963216 -7.006714 -6.342143 -5.866058 -5.260323 -5.885308 -5.470554 -6.052224 -5.867636 -7.334625 -4.963112
4 -4.319672 0.435270 -5.534890 44.085994 -3.854022 -3.811993 -2.215306 -0.799477 -6.726151 -3.741415 -2.610360 -4.917635 -6.278655 0.288311
7 -6.385177 -2.171603 -5.814604 -6.309642 -8.868233 -4.798431 80.309783 -8.191270 -5.600229 -6.684665 -8.336658 -5.229014 -7.061817 -4.858443
7 -8.388836 -6.014193 -7.693020 -7.456371 -8.044648 -9.976442 92.929986 -8.078384 -7.758183 -5.691673 -3.720484 -8.245877 -4.353544 -7.508332
7 3.475928 -2.117474 1.550330 -0.047687 -1.989449 -1.444179 6.370620 -1.803178 -1.704853 -0.261351 -1.701968 0.706583 -0.219703 -0.813619
7 -6.007738 -10.043360 -7.470304 -8.391011 -8.996191 -9.150905 99.161461 -7.429491 -8.081799 -6.481673 -1.244976 -7.967271 -8.113024 -9.783719
7 -6.533436 -6.417361 -6.302224 -7.070133 -6.523143 -7.416094 80.291915 -5.377510 -6.753682 -5.378472 -5.233498 -6.365819 -5.963392 -4.957152
6 -1.024437 -1.054729 -1.332657 -3.090497 -2.317381 29.909809 -1.812407 -2.379648 -3.579973 -2.075692 -2.379418 -2.385391 -4.169512 -2.308066
9 -1.741787 -0.281947 0.587840 1.675180 -0.204398 -0.397489 -0.569301 0.004521 2.862436 -1.514335 0.960499 -0.361072 -1.662944 0.642795
10 0.682491 -0.280419 2.373239 -0.173336 1.254189 2.628788 -0.023725 -3.008684 -2.588728 4.043580 1.625928 2.195243 -5.834177 -2.894388
8 -1.384922 1.553861 2.227819 -2.095139 0.836268 -1.344007 0.600184 6.755539 0.432398 -4.562697 -0.749222 -1.515317 0.407874 -1.162638
2 -2.186616 4.229192 -3.196670 2.718551 -0.748961 -1.214682 -0.355270 3.647278 -1.288061 -0.951855 1.949516 -1.739092 -0.049974 -0.813357
13 -0.262211 -1.426102 0.560236 0.483302 -3.061889 2.558655 -2.516609 -2.004191 -1.003896 0.809587 -3.787426 -1.842011 11.366217 0.126338
4 -8.771156 -6.039010 -7.038334 79.246181 -7.923820 -6.147503 -2.731396 -5.037558 -2.765867 -7.293479 -7.771832 -6.715909 -2.747474 -8.262842
4 -8.029545 -9.662768 -4.426481 78.295871 -6.982641 -7.282114 -5.936505 -6.196394 -6.056285 -3.196852 -6.381958 -5.206364 -2.939013 -5.998952
4 -7.787133 -8.654443 -4.928248 79.657913 -8.503258 -5.778659 -4.251520 -7.197222 -4.994518 -4.741024 -5.781382 -4.279139 -8.714211 -4.047155
11 0.145807 -0.401707 -0.462794 -1.386999 -1.844645 0.244599 -1.996026 -0.319665 -0.880106 -1.794582 9.781920 -0.837267 0.894750 -1.143286
7 -0.791744 0.553953 -0.464470 -1.168705 0.760432 -1.340898 2.805574 0.139333 -2.010518 0.075776 1.846749 -0.755807 0.957060 -0.606736
3 -0.734167 -1.450383 6.358326 -0.973279 0.878047 0.320506 -1.122267 -1.745880 2.765170 -1.675564 0.473602 -1.097574 0.334284 -2.330822
4 -6.565233 -5.343805 -5.331834 79.917035 -6.958962 -6.715353 -4.272425 -4.589821 -7.996326 -7.093374 -2.600522 -8.642760 -6.873981 -6.932637
5 -4.614381 -3.810310 -2.736752 -2.020671 43.338936 -4.246670 -3.733692 -2.378439 -4.843026 -3.877232 -2.563394 -1.548907 -4.919881 -2.045581
13 -1.346710 0.782196 -1.259129 0.985611 -0.656101 3.129256 -1.067057 -0.758206 -0.523609 -1.396159 -1.954489 -1.704705 4.352837 1.416264
9 -0.173842 -0.735861 0.253521 0.376925 -0.125037 -0.335180 -0.322251 -0.398478 1.032780 -0.384130 0.018831 -0.182350 0.051818 0.923254
11 -4.668328 -3.664251 -2.249706 -5.642983 -5.384412 -3.944647 -2.664064 -5.183539 -3.153857 -6.759835 54.428439 -1.244844 -3.879765 -5.988205
11 -7.655100 -4.030630 -5.504878 -3.656223 -5.301843 -5.090222 -5.478423 -4.637491 -5.683005 -6.514882 68.940805 -4.720996 -5.300021 -5.367091
11 3.095946 -1.410757 -4.695417 0.126109 -1.543848 4.579440 -3.262293 0.403800 -4.909947 -3.065697 11.999153 1.562389 -1.711795 -1.167085
6 0.820366 -1.894562 1.371962 -3.367078 0.898649 3.443486 0.350468 -1.482939 0.306432 1.071300 -1.603746 0.088556 -0.426091 0.423196
1 55.909571 -2.960066 -4.383797 -5.868750 -4.151561 -5.141850 -4.413166 -3.926995 -5.205090 -6.983473 -5.433523 -5.140890 -2.100908 -0.199499
13 -1.090879 -1.357549 0.658390 -0.501455 -1.837234 -0.964381 0.746996 -1.433391 -3.381014 -2.101420 -0.499855 -2.027809 13.142626 0.646975
3 1.168668 -1.942633 11.845807 1.650296 -1.310310 -2.249091 -2.679917 -2.645359 1.614210 -0.119597 -3.432470 -2.122753 -1.566232 1.789379
4 -5.877682 -5.750401 -6.111510 80.321287 -6.491620 -8.427946 -6.060440 -5.070303 -8.408356 -5.747580 -5.773485 -6.405419 -6.474341 -3.722204
4 -2.815192 -3.490714 -4.243507 79.234512 -6.661492 -4.750276 -5.783121 -5.224661 -9.866074 -8.549034 -4.438126 -6.162142 -9.891821 -7.358350
2 -2.171432 20.520744 -0.667287 0.623236 -0.234916 -1.556285 -2.099614 -3.763294 -4.124083 -2.543855 -3.081958 -1.384087 -1.675675 2.158505
3 -1.705063 -0.807495 2.756867 2.432742 -0.307132 -1.695255 -1.008485 -1.921703 -0.746156 1.866002 0.140009 0.616193 -0.701508 1.080983
1 0.000000 0.000000 0.000000 0.000000 0.000000 0.000000 0.000000 0.000000 0.000000 0.000000 0.000000 0.000000 0.000000 0.000000
2 -5.907549 21.153442 -1.146603 -0.278180 -0.622066 -0.881289 -1.100079 -1.158261 -3.217578 -1.349149 -0.065523 -2.235815 -2.270276 -0.921074
13 -0.435211 -1.782231 0.605281 0.938973 0.553653 -1.514587 -1.268873 -1.401374 -3.138878 1.399570 -1.327496 -0.505299 7.230850 0.645622
1 57.556431 -6.862863 -4.341933 -1.795237 -4.226482 -3.046808 -2.929425 -2.995720 -4.551610 -7.066553 -4.589804 -5.980124 -6.062944 -3.106926
7 -6.244138 -7.280196 -7.287216 -6.669204 -8.833145 -8.864369 96.743938 -9.200369 -9.368454 -6.590820 -2.593325 -7.331858 -7.501640 -8.979207
6 -11.147953 -8.320237 -7.347069 -7.319951 -8.605802 98.387345 -8.197938 -4.573707 -6.006308 -9.099712 -6.460122 -7.614645 -6.939871 -6.754027
4 1.354496 -2.775909 -2.019378 2.269828 -0.029760 1.108103 0.962279 0.527333 -1.855766 0.473316 0.538933 -0.233295 -1.211780 0.891600
13 -0.947105 -0.535047 -0.649099 -1.911069 2.187159 4.291776 -5.782976 -3.278402 -0.098946 2.636055 1.906564 -1.501497 4.729343 -1.046757
1 58.277205 -4.343684 -5.461124 -5.039038 -4.442551 -2.926769 -4.682859 -4.677613 -5.142004 -3.931848 -3.695868 -5.443334 -6.452378 -2.038134
3 -1.285049 -0.361549 3.432163 0.302041 -0.608765 -1.272734 1.451708 -0.909257 -2.370952 0.161719 1.651520 -0.530835 -1.831245 2.171235
10 -0.213344 -1.296863 4.185652 -2.529049 -0.729500 -1.049877 -1.846768 -1.451559 2.047540 6.914671 -0.358347 -0.316913 -3.614308 0.258664
1 5.483639 1.008920 -2.729330 1.138255 -0.100392 0.725231 -1.557149 -1.808000 -1.914224 -0.915180 0.061299 -0.850283 0.554665 0.902548
8 -0.486576 -1.776827 -0.207311 -2.185981 3.246551 -1.173981 -1.156686 7.016373 -0.824400 -0.331735 0.700947 -0.982968 0.252062 -2.089465
7 -7.021554 -6.727593 -4.771795 -5.434768 -6.017320 -7.298178 75.751227 -5.421967 -8.104057 -8.072100 -5.871867 -6.664534 1.354496 -5.699994
8 0.000000 0.000000 0.000000 0.000000 0.000000 0.000000 -0.041035 0.799041 -0.523547 -0.007703 -0.058321 0.000000 -0.168435 0.000000
11 -0.488143 0.781764 -0.981319 -1.684959 0.357838 0.939121 -0.838782 -1.369210 -1.399739 -2.109196 8.594467 -0.709652 -1.185893 0.093704
10 0.673744 -1.183978 0.236817 -0.800806 -1.646878 0.011522 -2.356297 -1.415511 -1.947884 8.943865 -0.141385 0.730083 -0.904168 -0.199124
14 0.290476 0.119348 -0.670635 -2.308623 -0.291220 -0.214634 1.049554 -0.539827 1.311334 -1.631863 -1.395315 2.080170 -1.992470 4.193706
13 -1.431644 -2.011218 2.829287 -1.177523 -0.285656 -0.217058 -0.536065 -0.803892 -2.166762 -0.800652 -0.716675 -0.849307 9.096669 -0.929503
2 22.276091 35.092406 -8.186016 -6.044912 -5.031792 -2.197845 -5.618760 -4.786956 -5.081007 -6.135776 0.421420 -5.646573 -4.215223 -4.845059
6 -0.069638 0.000000 -0.673851 -0.758151 -0.748549 2.387145 -0.008650 -0.138526 0.268899 -0.205433 -0.380900 0.388435 0.765034 -0.825817
2 -1.173214 22.453055 -3.085424 -2.313272 -1.069253 -0.856303 -2.505091 0.626103 -1.678015 -2.550319 -1.057513 -3.740558 -2.378492 -0.671706
4 -1.262043 0.707098 0.188697 1.372000 0.407496 -0.147848 0.165606 -0.203666 -1.944150 0.212580 0.792580 0.253660 -1.325252 0.783241
4 -8.025401 -9.232882 -9.001921 77.198448 -10.025827 22.982952 -8.092518 -6.687177 -7.648497 -7.798671 -9.765021 -7.650617 -7.584866 -8.667999
1 89.232026 -7.597517 -6.785268 -6.765854 -6.741657 -6.932841 -7.138765 -7.287002 -5.253166 -6.881028 -5.900253 -6.880900 -7.636809 -7.430965
1 88.136957 -4.891930 -7.757350 -6.160140 -7.008748 -5.343490 -7.648552 -7.272307 -7.086198 -6.034599 -4.749008 -8.429869 -7.717676 -8.037089
1 63.119448 -5.060402 -5.605900 -6.482657 -6.675580 -4.773406 -4.143647 -3.900721 -3.868511 -3.885982 -3.905706 -3.518098 -4.415132 -6.883704
8 -3.430313 4.280348 -1.822375 -2.694630 1.302515 -2.574346 -1.641606 5.067442 3.738766 0.931042 4.249370 -4.985597 0.256915 -2.677531
4 -6.167124 -6.608069 -6.535212 84.079654 -8.084057 -5.375100 -6.230321 -6.261815 -7.801894 -5.927352 -5.309017 -6.561365 -9.254534 -3.963794
7 -0.448880 -1.138722 -1.111621 0.164114 -0.835473 -0.593187 3.832135 -0.647584 1.184494 -1.380419 -0.219510 -0.457051 0.255644 1.396060
2 -3.707831 27.699496 -2.147066 -1.900601 -3.701441 -1.461814 1.328957 -1.840467 -0.872518 -0.686882 -2.869060 -2.219943 -2.970250 -4.650583
1 7.355799 -2.122058 0.176312 0.851385 0.384936 -0.646472 -0.793303 -0.656975 -1.054993 -1.100356 0.142308 0.680241 -1.780547 -1.436278
7 1.531756 -1.900357 -1.479408 -3.324846 -1.443178 1.972985 5.543201 1.719125 -3.231730 5.359852 -1.298033 -2.232047 -0.988064 -0.229255
13 -0.195290 0.937626 -0.287639 0.592301 -2.315506 -2.168956 -0.606662 -2.298384 1.688235 -0.799206 0.931391 1.377861 1.991947 1.152283
9 -1.390494 -2.077228 0.117970 -2.185679 3.019775 2.410651 -2.377799 -1.865314 6.954403 0.186141 0.062476 -1.791213 0.279736 -1.343424
9 -1.927219 -1.503017 1.300506 -2.871801 0.425030 0.638306 -0.945903 1.474552 4.763997 0.825657 -0.430747 -1.741949 0.618691 -0.626103
5 -1.243766 -4.663874 4.164514 -1.825067 19.610294 1.863633 -0.389711 1.485138 -1.990470 -3.468401 -4.284961 -1.643210 -6.546785 -1.067335
4 -4.182104 -6.911065 -5.853060 81.255487 -8.153974 -6.470059 -6.549859 -5.120444 -6.205645 -7.673081 -5.854071 -5.532105 -6.226556 -6.523463
4 -7.554348 -4.732154 -4.821195 79.888368 -5.261269 -6.443256 -4.938103 -6.491531 -5.287762 -6.500237 -8.184726 -4.172918 -8.449874 -7.050994
4 -5.518017 -7.080811 -4.496578 85.299153 -7.657365 -6.833320 -9.015548 -6.654976 -8.328364 -2.067012 -5.829665 -5.446687 -10.641997 -5.728813
4 -4.580560 -3.435643 -3.115276 46.590161 -3.700495 -4.163906 -3.457931 -2.520604 -4.578726 -3.174116 -2.783914 -3.153137 -4.870988 -3.054867
4 1.146094 -3.673380 -2.117013 7.593243 -1.585531 1.860283 -5.273098 2.606102 1.114743 -0.687719 -2.806067 0.225444 0.659650 0.937249
1 54.420637 -5.401210 -4.534275 -5.436472 -4.999472 -3.697303 -6.589885 -2.086047 -3.600173 -2.656444 -4.492464 -2.319612 -3.845248 -4.762030
7 -0.138178 -4.668606 0.745778 -1.607652 -1.442977 1.123180 6.830390 -0.489231 -1.169767 0.258035 0.710545 0.978440 0.060182 -1.190140
8 -0.579957 -3.134988 -1.892726 1.213012 -0.845534 -0.869266 -2.371714 14.742486 -1.829354 -0.263611 -1.430612 -1.288733 0.260633 -1.709636
1 62.379149 -5.601866 -5.074926 -4.581901 -4.567992 -7.826126 -6.402963 -5.009145 -2.963990 -6.532568 -4.223181 -4.689614 0.505254 -5.410128
1 61.870481 -4.481019 -4.292496 0.137357 -5.792763 -6.304753 -3.769802 -6.955254 -2.939711 -6.519810 -5.089937 -4.980913 -4.503696 -6.377684
3 -1.866213 -3.701940 9.311174 3.271032 -2.408001 -1.195489 0.862838 -2.399658 -0.869939 -1.882266 1.098119 0.733781 -0.015152 -0.938287
3 -1.845306 -1.511177 19.569647 -2.278478 -2.974019 -0.915591 0.058563 1.470729 -0.213844 -1.054963 -2.240737 -2.494377 -2.558950 -3.011499
1 37.887830 -3.566995 -4.312481 -2.795211 -2.574116 -2.365484 -2.700447 -2.635373 -0.302572 -4.017703 -1.499252 -4.483696 -3.050565 -3.583936
3 -2.594957 -2.696563 45.294960 -4.042820 -2.947498 -3.563247 -2.978961 -2.498004 -3.472153 -3.916774 -2.591025 -3.812865 -5.086186 -5.093907
14 0.538093 -1.982443 -2.163838 -1.495596 1.254436 1.020408 -0.248203 1.965090 -2.915846 0.999708 0.046316 0.413438 -0.144428 2.712865
14 -2.078623 -4.636495 -0.747373 0.063055 -0.703893 -0.509785 0.165214 -0.294005 -4.749377 -1.292479 -0.151088 -2.046192 -2.762183 19.743222
8 -1.733349 -0.416506 -1.189132 0.976900 -3.016328 -3.109188 4.854829 14.812793 -1.856661 1.316329 -2.905807 -2.559680 -2.433069 -2.741131
3 -0.070729 -3.194952 21.227081 1.375435 -1.646068 -1.337889 -1.934062 -3.941501 -0.118668 -1.845442 -1.337918 -1.313405 -3.819640 -2.042242
6 -4.688196 -3.225867 -3.174665 -2.669344 -4.243523 42.858671 1.342073 -4.947012 -2.989289 -3.898556 -3.145155 -2.847619 -4.801305 -3.570214
13 -0.512184 -3.260715 3.603583 -3.345914 -1.892441 0.825759 -1.829415 -3.542821 1.207796 1.211674 0.299485 1.446905 5.245011 0.543277
3 -2.286516 -4.243851 33.829911 -4.723468 -4.281204 -2.250619 -2.863779 -3.286860 -1.816841 -1.758578 -1.739601 0.205565 -3.442514 -1.341646
14 0.410843 -0.458286 0.109184 -0.350164 0.047031 -0.019873 -0.446121 -0.244461 0.649774 -0.878022 -0.391563 0.413908 0.038990 1.118759
11 -2.473080 -2.184697 -1.852410 -0.574712 0.680869 -2.108880 1.773481 -0.054786 -1.467483 -1.263929 10.700946 -1.912689 -1.342108 2.079479
11 -3.483263 -0.800036 -1.932272 1.885104 -1.939091 -0.391797 -0.446374 0.395930 0.331413 1.104200 8.022631 1.208285 -1.297669 -2.657062
11 -6.614173 -7.480499 -5.650447 -2.918809 -5.502091 -7.368192 -5.994938 -4.457709 -6.063283 -6.583750 74.593652 -5.564351 -5.807552 -4.587855
11 -2.531890 0.546449 -1.966634 -0.176586 1.033261 -0.600534 -1.714524 0.027041 -4.383304 -3.428481 16.534672 -0.502217 -1.688804 -1.148451
1 60.764213 -4.516312 -0.918577 -5.583296 -3.362593 -3.580107 -5.645565 -4.586451 -5.650593 -6.024385 -6.896132 -4.403099 -5.564191 -4.032909
5 -1.547302 -2.826804 -2.533743 -2.082884 30.834589 -1.497795 -2.047916 -4.109697 -4.435920 -0.885451 -1.073991 -3.899232 0.018926 -3.912780
4 -7.417315 -4.906384 -8.705954 85.992542 -4.218512 -5.300398 -5.975753 -6.335667 -5.860889 -5.586294 -9.310032 -4.513836 -9.366761 -8.494746
7 -7.040528 -5.392124 -6.867187 -7.265881 -6.292695 -8.301576 91.709561 -7.888314 -7.418421 -5.335589 -10.023174 -7.254552 -5.492778 -7.136743
3 1.686832 -2.303855 3.744492 -0.812811 -0.406392 2.464046 0.832941 -0.479135 0.943606 2.789378 -2.041191 0.287038 -7.365168 0.660219
5 -3.490013 -0.075469 -2.208771 2.220377 24.682020 -0.924238 -2.145404 -2.307254 -3.109279 -2.631782 -2.430706 -2.121682 -4.471974 -0.985825
4 -3.816534 -5.933610 -6.285706 80.375945 -5.688505 -6.437726 -5.860823 -5.676188 -6.381573 -2.200125 -8.258328 -5.699328 -8.869323 -9.268175
6 -7.006127 -6.686978 -8.466551 -8.569092 -6.717783 92.593873 -6.650054 -6.735128 -6.653567 -6.584070 -8.123479 -6.694058 -7.131524 -6.575460
8 -2.747808 -2.219323 -0.154185 -0.310850 -0.431114 2.702433 -0.239787 7.560907 -1.354141 -1.549180 -2.471839 3.353733 0.769614 -2.908460
6 -5.647807 -4.770739 -3.734700 -4.604204 -4.497115 63.966059 -5.041369 -5.678600 -4.527678 -4.175630 -4.401645 -5.023375 -6.382236 -5.480958
6 0.363634 -1.441008 -1.707676 -0.841942 -1.342916 7.074104 -0.707642 -1.421875 3.514094 -1.733768 -1.028010 0.090849 -1.298971 0.481126
11 2.184760 0.963037 1.561963 0.590660 -1.865997 -0.420345 1.303779 -0.442757 1.615214 -0.698766 2.437351 -1.783822 -3.635905 -1.809170
13 -0.475112 -2.728121 -1.206259 -0.296300 -1.418821 -1.455098 -2.858238 -2.082086 4.190594 -0.430186 -2.670446 -1.638662 15.265326 -2.196591
13 2.663605 0.937444 0.105898 -1.457005 -1.837688 -0.165720 -0.663168 -1.989705 -1.351545 -0.596482 0.812895 -0.322103 5.629360 -1.765786
14 -0.008736 -1.011273 -0.451218 -0.513324 0.109954 -0.067398 -0.537967 1.649907 0.020897 -0.944804 -0.282371 -0.571518 -0.070795 2.678647
9 -3.613961 -1.719915 -2.055563 -2.327006 3.029750 -0.442541 0.195981 -0.968044 9.376118 0.713616 -0.837637 -2.247512 0.804614 0.092100
1 5.011233 -4.409097 1.265152 -0.866811 -2.560029 -1.656646 0.170552 -1.764085 -0.719444 -0.617349 1.542155 4.826469 -0.712217 0.490116
4 -6.850434 -7.933199 -6.160897 78.731469 -7.267156 -6.324224 -5.764821 -3.669026 -4.444290 -7.303185 -6.731706 -5.462535 -6.614776 -4.205217
14 1.563221 -2.939691 -0.615971 -1.610239 0.177063 0.165564 -0.254389 -0.081692 -0.329589 -1.222810 -1.438988 0.992044 2.193417 3.402060
4 -5.097744 -5.524140 -6.186195 51.619806 -4.472276 2.818732 -6.080031 -6.453142 -7.389587 -3.551568 -1.778791 -3.312535 -0.179830 -4.412701
4 -7.534226 -5.198537 -8.957202 90.603599 -8.124659 -5.297379 -3.720902 -5.540651 -8.382137 -8.620538 -5.482843 -8.500860 -8.774341 -6.469323
3 -4.935967 -0.038402 48.942287 -5.513805 -3.986446 -1.608008 -2.439918 -4.767615 -2.513250 -4.495157 -2.295788 -3.594503 -5.786988 -6.966441
3 4.037632 -0.528701 6.113912 2.368221 -3.109593 -0.086110 -2.144460 -0.282002 -2.733853 0.302251 -0.215353 -1.041937 -2.045387 -0.634621
2 0.446251 1.278291 -1.784218 -0.101360 -1.443828 -0.280849 -0.514015 1.188255 1.109683 -0.525256 -0.548659 0.736675 1.210568 -0.771538
6 -0.673872 -0.242374 0.077265 0.529306 0.728780 1.581896 -1.866090 -0.446195 -1.816143 1.266554 1.010714 -0.838263 -0.034748 0.723170
13 -2.399527 -0.354896 0.952835 2.478036 0.408417 -0.998136 1.399656 -0.917755 -1.124640 -2.591912 0.150715 -0.301170 2.708163 0.590214
14 -0.743437 2.530887 -1.876212 0.024299 -1.081024 0.771940 0.006315 -0.286652 -0.742601 -0.263985 2.017504 -2.228664 -1.611052 3.482681
14 -3.361870 0.659339 0.265386 -2.398087 3.209520 1.355904 2.795615 3.156521 -4.813801 -1.856106 1.801216 -0.410482 -3.722002 3.318846
4 3.055552 -3.691346 -1.691016 3.485640 -1.327082 -0.953338 -0.613812 0.176963 -0.688399 -1.044443 -0.447203 0.601178 2.257907 0.879399
8 1.804542 -2.511725 0.741537 -2.192373 0.698993 1.127118 -1.106854 2.460367 -1.038217 1.085601 -1.605558 -2.348509 1.089577 1.795500
4 -4.976159 -8.173110 -6.057507 78.384657 -7.658725 -5.908375 -6.980012 -2.784680 -3.448216 -8.779578 -5.600841 -6.712653 -7.005095 -4.299704
4 -6.169455 -8.209978 -5.691955 80.166132 -6.732248 -6.876133 -5.311538 -4.356102 -6.449300 -5.906778 -6.341085 -5.782388 -5.312267 -7.026903
1 2.840715 0.370777 0.415901 -0.880815 -1.031045 1.155812 0.374161 0.373866 -0.596298 -0.711016 -0.663389 0.089604 -1.524970 -0.213303
12 0.986842 2.791189 0.189528 -3.736580 1.331751 0.262788 -3.019789 2.829373 -4.105113 -1.522639 -2.159980 7.245857 -0.060765 -1.032464
1 30.673635 -1.096229 -0.816885 -2.400454 -6.153289 -0.950845 -3.623448 -3.140585 -1.642310 -1.770599 -2.288335 -1.154483 -3.691202 -1.944968
14 0.176642 -1.821312 -0.027169 -0.769600 -1.456196 1.402819 0.474520 -1.174311 1.698484 -2.974598 -3.401098 -0.282136 0.156694 7.997259
10 3.028450 2.852322 0.625464 -1.445741 -0.626667 0.161144 -0.877592 -1.873637 -4.281113 3.527330 1.347044 1.022902 -4.610508 1.150600
4 -3.428059 -7.002595 -4.283440 49.349796 -5.711087 -3.937069 -1.924948 -3.298510 -4.170706 -2.038993 -4.631717 -1.186605 -6.684473 -1.051595
5 -2.500656 -2.155980 -2.599219 -0.639833 29.987212 -3.937997 -3.052550 -3.690115 -1.377531 -2.695153 -1.136548 -1.062603 0.257808 -5.396836
4 -5.235775 -7.673944 -7.911288 83.557656 -4.679405 -7.985327 -7.977217 -5.714626 -6.881531 0.037404 -6.446324 -5.744356 -11.038442 -6.306824
14 -0.209904 -3.912862 -1.105874 -2.207100 -1.086086 -0.125055 -0.577214 -1.763426 -0.567837 -1.546361 0.011121 -3.472908 -0.708929 17.272434
2 0.572695 0.808178 -0.477378 -0.413378 0.780408 0.242254 -0.030866 -0.837010 0.073388 -0.238192 -0.396591 0.092076 -0.032945 -0.142639
7 -0.885757 0.143800 -0.991079 -1.127098 0.553002 0.643250 0.902022 0.557951 -0.112053 -0.031455 -0.045508 -0.118856 -0.112487 0.624268
4 -6.214811 -8.246749 -6.677204 80.153130 -8.352446 -4.301209 -3.303564 -2.782068 -6.399603 -5.720101 -7.402583 -5.723268 -6.717003 -8.312520
10 2.296977 -7.136246 3.676352 -2.745641 -2.479617 0.060150 0.091907 -2.401495 -0.508669 8.176500 -0.739640 7.125457 -4.107521 -1.308514
14 -0.559238 -2.698783 -0.610168 -1.539079 1.312462 0.575418 -1.200484 -1.207069 -0.872645 2.860193 -0.244451 -2.084990 0.296175 5.972659
6 -6.921649 -3.558735 -3.588449 -3.520167 -4.715456 55.600984 -5.382989 -5.323732 -1.993333 -3.134850 -3.797790 -4.032090 -4.136987 -5.494757
13 -1.329591 0.576097 -1.129043 -0.944512 0.829351 1.923288 -2.291081 -2.248530 1.367096 -1.044231 -0.273396 1.375735 3.741418 -0.552601
4 -0.432027 -0.777135 -0.544879 1.729161 -0.001738 0.755660 0.388087 -1.601356 0.360701 0.295761 0.616758 -0.753753 0.545684 -0.580926
4 -8.691564 -6.975192 -6.968879 83.472120 -8.329655 -3.582899 -5.311354 -4.044258 -7.473066 -7.864520 -5.997956 -4.693125 -6.862259 -6.677393
10 -4.266740 -1.720999 -2.366438 -0.963011 -1.013622 -2.289462 -4.330672 -0.920529 -0.009298 25.478185 -2.588968 -2.442694 0.952318 -3.518070
8 -0.855350 1.589977 -0.780772 -2.293611 -1.546168 -1.769619 -3.202000 13.183588 -0.669403 5.844836 -3.185534 -2.087224 -1.983184 -2.245535
8 -1.864667 -0.459082 0.884960 -0.946874 -2.857018 0.377356 -1.562759 11.347815 -0.393984 -0.537324 -1.705077 -1.921845 0.192618 -0.554118
1 55.797801 -6.276633 -3.438225 0.219726 -2.975562 -7.354457 -4.292728 -5.636464 -2.087916 -6.330339 -4.276697 -7.444296 -2.894839 -3.009370
4 -3.570324 -0.805388 -3.970525 45.460761 -4.574081 -4.402287 -5.763093 -1.736409 -4.288036 -3.856101 -2.951884 -5.109807 -1.298653 -3.134174
5 -0.858030 -3.845254 -1.259884 -1.598067 23.202165 -3.102748 -3.754126 0.820198 -2.072813 -2.274750 -3.591130 -3.019835 3.366293 -2.012019
11 -4.991085 -1.049349 -5.191092 -1.461670 -2.253595 -6.497270 -4.148830 -5.202459 -5.726790 -3.209282 57.679217 -5.974023 -6.002419 -5.971352
14 -0.461390 0.389468 0.821485 1.703656 -0.023503 -1.017407 1.190019 -0.276107 -2.538246 -0.474236 0.652376 0.171024 -1.910663 1.773523
10 2.942135 -3.634687 0.054311 -0.703957 -1.099218 0.507963 -0.623133 0.522970 2.141581 3.082425 -3.185898 1.709187 -0.416209 -1.297470
8 -0.993417 -2.311542 -2.218654 0.924998 3.038539 1.711229 -1.214979 4.683684 1.423014 -0.617538 -0.854426 -1.183986 -1.469122 -0.917802
5 2.005951 0.030011 -0.150816 1.460385 3.166721 0.184663 -1.567727 2.619846 -1.617814 -2.247790 -3.698593 0.316685 1.248449 -1.749974
4 -0.907226 -4.061826 -0.448533 7.691686 2.556092 0.937848 -2.803204 -1.209177 1.786864 -1.735840 -1.848372 -0.459391 0.960411 -0.459331
1 5.042782 -0.076661 -1.264203 -1.542707 0.538027 -2.095513 0.842965 -0.732925 -1.114593 1.230459 -0.545993 -0.604432 0.200083 0.122709
4 -7.793249 -9.189887 -4.636558 81.823505 -7.499366 -6.204061 -6.396788 -3.674967 -4.889561 -7.242971 -6.761331 -5.256066 -6.956510 -5.322188
4 -3.836401 -0.297900 -4.053837 3.044583 1.117516 1.581330 2.808939 1.689424 -2.979509 -0.853012 2.057371 1.023697 -1.246628 -0.055571
13 -0.797652 2.787538 -0.909257 1.428619 -1.762254 0.688057 -3.164751 -1.833997 -0.251469 3.199654 -2.181242 -1.007456 3.351637 0.452572
1 31.285079 -6.658663 -1.514050 -1.815501 -2.548007 -2.001471 -3.363462 -5.314960 -0.942288 -0.236174 -3.303744 3.865982 -5.282897 -2.169844
6 -2.391448 -2.847805 -5.236754 -4.182318 -2.365128 41.638682 -2.866768 -2.769783 -2.715438 -4.967966 -1.227412 -4.821420 -3.281607 -1.964835
3 -1.247206 -3.105585 10.554343 -3.634172 1.243813 -0.573274 0.680617 -1.753859 -2.044474 -0.519995 -1.331079 2.182784 0.275166 -0.727081
5 0.390766 4.026037 -6.275457 -2.445671 23.394169 -3.963153 -2.707515 3.635072 -2.807407 -3.056382 -5.111421 0.221099 -1.019485 -4.280652
8 -3.890187 -2.402141 -2.262054 1.774423 -2.195291 1.382166 -3.006528 19.746919 -3.022261 -2.810871 -2.361076 1.302582 -2.067535 -0.188148
14 -0.949728 -0.787919 0.712871 -1.159597 1.180077 -1.662688 -0.022059 0.212718 -0.532236 0.854273 -0.375248 -0.176864 0.592212 2.114187
1 3.060680 1.411536 0.254745 -0.118595 -0.341803 -0.199445 1.030299 -0.197066 -2.440207 0.673070 1.051251 -0.277409 -2.241545 -1.665511
6 3.461703 -3.507286 -4.602389 0.538421 -2.299872 18.660617 -3.915707 -2.436198 0.705005 -3.400999 -2.737158 2.715911 -0.642346 -2.539701
12 -3.860098 0.418218 -1.443337 3.012813 -0.779440 -0.097964 -1.570679 3.336568 -0.572054 -3.265382 -0.652232 4.342974 1.715891 -0.585279
3 -0.344142 -1.651393 17.673097 -0.286075 -1.236240 -1.181995 -0.785540 -1.569970 -1.542023 -0.939695 -2.868675 -2.462928 -1.375819 -1.428602
12 0.770341 -0.103600 0.495996 -1.118343 -0.482015 -1.088046 1.117101 -0.606531 1.547225 -0.608425 -0.698231 2.687867 -1.034723 -0.878615
14 -0.284858 0.791965 -2.497541 -0.376350 -2.100880 2.389131 -2.852932 -0.910227 0.325996 1.642421 -3.263463 2.269707 1.265434 3.601596
14 0.708234 -0.143381 -0.384008 -1.374092 1.073941 1.800883 -0.828413 -0.384445 -2.767207 0.151088 0.807249 -1.307249 0.450315 2.197083
11 -1.977806 -1.351827 -3.249776 -2.023307 -2.761775 -4.556572 -3.326991 -1.532863 -2.153615 -0.469633 28.302531 -1.820476 -3.172918 0.095030
13 -0.198410 0.935919 0.353423 -0.306375 -0.360273 -0.428540 -0.303744 -0.848991 -1.048401 1.077281 -0.582056 -0.653366 2.147141 0.216393
14 -0.672394 0.075617 -0.632719 -0.671421 -0.637873 -0.649224 -1.143785 -1.523014 0.687918 2.002046 0.276055 2.133005 -1.599244 2.355033
1 92.356590 -7.995614 -6.904968 -6.666568 -6.698930 -7.539097 -8.265669 -7.027672 -7.252641 -6.110160 -7.383627 -5.803703 -6.952598 -7.755340
12 0.524282 -0.699857 -1.236240 -1.096045 0.321990 -0.465620 1.659801 -2.353680 0.361342 -0.731646 -0.697088 3.370424 0.260543 0.781794
10 0.433368 -3.214231 2.051910 1.008627 -0.341078 -0.578136 -1.592209 -0.352633 -1.964772 2.488298 0.527564 2.207261 1.597130 -2.271099
3 -0.797912 -1.618673 3.369300 -1.938342 0.374550 -0.489418 0.932977 0.920090 -0.868578 -1.729893 -0.739617 0.685207 1.393292 0.507017
1 55.087958 -4.858964 -4.052829 -4.505458 -5.135115 -6.095891 -4.033843 -4.322058 -2.554580 -5.099398 -2.346204 -4.999463 -3.029192 -4.054962
1 37.104615 -4.713282 -2.876419 -3.271653 -1.232954 -0.581374 -4.043004 -1.665430 -3.614224 1.126869 -4.185415 -4.034645 -5.706275 -2.306809
2 -1.837712 2.218443 -1.973438 -0.880721 0.947515 -0.527822 -0.200256 -2.208454 -1.242002 1.227611 -0.472434 1.787918 2.159353 1.001997
6 -0.261868 0.912706 -1.548037 -3.698446 -0.923784 22.201047 -3.138011 -3.497726 -2.432451 -3.003875 -1.369109 -2.766875 2.281300 -2.754870
5 -5.000041 -0.625484 -1.318664 -3.174312 22.179136 -3.035237 1.392736 3.679202 -5.346467 -0.561813 -3.498348 -3.460842 -4.542036 3.312167
6 0.696259 1.490849 -5.057971 -1.861820 -2.161632 18.333853 -3.585188 0.181753 -1.232819 -1.305236 -3.379417 -2.733219 -1.157509 1.772097
3 0.291537 -3.653898 5.765280 -0.423722 -2.747705 -1.246627 -2.805647 -1.548961 -0.794318 0.351169 2.545176 4.116743 1.459445 -1.308472
2 2.288934 3.273715 -1.669168 -1.523150 -1.333785 2.322479 1.049486 1.499727 -3.887358 -1.125872 -3.849085 2.862592 -1.785643 1.877128
3 -2.264791 -3.670653 33.829911 -4.689352 -4.277937 -2.440168 -2.962563 -3.146756 -2.115956 -1.740804 -1.535353 0.044423 -3.747651 -1.282351
10 0.765943 -0.382536 -0.424491 -2.036024 -0.258478 1.602687 -1.395753 -2.336853 1.102791 4.160551 -0.689754 -0.366144 -1.981826 2.239888
6 0.117560 -0.604324 0.409945 1.242306 -1.392715 2.541775 -0.458470 -0.837619 -0.042230 -0.735148 -0.291585 -0.425201 0.905286 -0.429579
3 -4.206980 -0.725849 12.932928 0.437220 1.280143 -2.913477 -0.618484 -1.562479 -0.609696 1.560245 1.255513 -2.939358 -3.126890 -0.762837
10 -2.776958 0.107905 0.177032 0.089543 -1.150957 -1.094695 -2.861231 -2.400536 -1.824132 20.555750 -2.480050 0.187330 -4.499062 -2.029939
10 -1.836556 -4.357194 0.149519 -0.255123 3.308484 -0.052654 -0.530950 -2.131273 -2.255988 6.065145 0.789109 2.312873 -3.365759 2.160365
7 -6.324788 -6.748157 -6.762683 -6.428168 -7.531694 -6.916670 90.615200 -6.901563 -6.209091 -5.978917 -11.198963 -6.519328 -6.530507 -6.564673
11 -1.913267 -0.298549 -0.386366 2.085311 -1.666584 1.417224 0.084877 1.248146 -3.366364 -2.623564 3.530602 1.359598 0.251213 0.277724
12 -3.327879 -1.160560 0.585209 0.541495 -1.677400 -1.278347 1.178486 -1.186063 -1.681473 -0.650367 1.154046 12.780583 -5.000121 -0.277609
4 -1.262043 0.707098 0.188697 1.372000 0.407496 -0.147848 0.165606 -0.203666 -1.944150 0.212580 0.792580 0.253660 -1.325252 0.783241
11 -5.452358 -6.222173 -2.373567 -2.700581 -0.261245 -4.090123 -3.737554 -5.324841 0.175697 -4.670240 42.054322 -1.968311 -3.318063 -2.110964
11 -9.394940 -5.661058 -5.478928 -5.505948 -5.301817 -6.067886 -7.038998 -5.535238 -7.078138 -6.541732 80.913983 -5.410134 -6.460872 -5.438293
2 0.501511 4.816645 1.314605 -2.311797 0.427486 -1.177947 0.200421 2.295132 -3.606956 -1.198603 0.752137 -1.036315 -1.039501 0.063181
3 -2.124103 -3.670653 32.106540 -4.534865 -3.302245 -2.389010 -2.695798 -3.096955 -2.004216 -1.652544 -1.819020 0.096169 -3.623446 -1.289854
11 -1.969974 3.245606 -1.671123 -0.597721 -1.031841 -2.919433 1.809069 0.031776 -2.960043 0.300726 6.050833 -0.502126 0.708135 -0.493883
14 -2.215146 -0.114245 1.208545 -0.146998 0.587896 0.427615 0.057751 -2.151741 -3.477541 -1.222736 -0.797878 1.047432 2.957375 3.839671
11 -2.619331 0.717585 -0.922496 -1.577872 2.012121 -1.770152 0.151995 -0.597193 -2.749059 0.845110 6.216416 0.537209 0.457734 -0.702068
11 1.037882 1.366435 -3.203504 -0.246088 -0.863386 0.674436 1.709937 0.533537 -0.651127 -2.262152 1.920746 -0.824441 -0.668294 1.476018
4 -0.503127 2.152716 -0.068849 3.702133 -0.672238 -0.310212 0.415346 -1.038326 -2.016086 -0.127133 0.559888 -0.393942 -1.042991 -0.657179
10 -0.520596 -1.636056 2.254448 -1.877485 -0.721806 -0.476370 0.051892 0.524880 1.084518 4.230805 3.073747 -0.258114 -3.114519 -2.615343
11 -5.731890 16.280861 -4.661553 -3.634673 -3.407941 -6.717326 -1.927319 -4.512106 -5.806546 -5.093766 39.879758 -5.491053 -5.748782 -3.427663
10 -1.338414 -0.946085 -1.245713 -1.452091 -0.297594 -0.884301 -0.109162 -1.664399 -1.101862 10.512132 -1.087777 -0.240199 1.338295 -1.482829
11 -2.893359 -3.010433 -5.577466 -1.802287 -1.152945 -2.380537 -6.839369 -3.157739 -6.455699 -1.367998 44.788407 -1.737656 -6.258281 -2.154636
11 -3.071482 -1.274863 -2.583263 -1.159058 -1.935862 -2.038163 -2.716857 -0.626623 -6.135916 -0.280067 25.723738 -0.815310 -2.233984 -0.852290
6 0.028719 -2.565277 -3.429727 2.494507 -1.722651 22.485380 -1.657621 -3.016210 -3.283490 -3.484338 -2.258635 0.132669 -3.385512 -0.337814
13 -0.587287 -3.621646 -1.771481 -3.006426 -0.059682 -0.731976 -0.400547 -1.280935 1.007058 -2.791286 -1.645135 0.069045 14.794822 0.025476
5 -1.704980 8.245892 -3.845759 -1.260080 24.254196 -2.413981 -2.771830 -0.352650 -3.082956 -3.031806 -2.848521 -4.581159 -2.358535 -4.247831
2 -2.694383 7.092901 -2.845583 0.163226 -1.485647 0.504522 1.238703 0.996894 -4.580579 0.281454 0.319576 0.546059 -1.555571 2.018428
2 -0.331746 2.995723 -0.641748 0.281793 -1.027401 -2.589365 0.338094 1.093178 -1.909192 0.711970 1.436277 -0.375802 -2.961869 2.980086
14 -1.055689 0.659407 -1.390198 -0.812721 0.219271 -1.844291 -0.923771 1.040389 -3.584125 -3.839619 3.501258 -1.401322 1.780381 7.651029
5 -3.373640 0.765996 -0.971091 0.720265 2.570161 -0.648872 0.501561 0.674517 -3.181244 -1.170348 2.389994 1.894476 -1.609021 1.437243
8 -4.454532 3.463714 -1.636469 3.760388 -0.054292 0.447068 0.347841 5.016982 -3.336218 2.768576 -0.328300 -2.482987 -3.434023 -0.077750
5 -1.851742 0.706622 1.363128 -2.885081 19.092350 -1.774481 -3.789410 -0.115286 -3.275653 2.312215 -0.654892 -2.330737 -4.510469 -2.286564
9 1.007082 1.359937 -1.859615 -2.483926 -1.103881 -1.114630 -2.019349 2.576056 3.916833 -1.491107 1.911424 -0.303909 0.523497 -0.918413
12 0.024845 -1.179938 -1.617231 1.485804 -0.606069 0.072805 -2.656898 -2.245833 -0.749353 1.677973 -1.606648 3.841731 0.976572 2.582239
5 -1.515583 0.359910 0.289825 -0.811241 5.902660 -1.135332 0.962703 -2.326757 -2.553873 0.310303 -0.530350 -1.216256 2.725344 -0.461356
2 -2.451165 16.481217 -1.042837 -1.064567 -0.501346 -1.635528 -0.758285 -0.806051 -3.041064 -1.815323 -0.492432 -1.167291 -1.334039 -0.371290
13 -0.358045 -1.677140 -0.149903 0.581071 -1.536986 0.319579 -1.640100 -0.232592 -0.148352 -1.188933 0.670903 -2.034473 6.519627 0.875344
14 1.379620 -2.542366 -0.398210 -2.759982 -1.144891 0.138133 2.116827 -2.070624 -1.662205 -2.611168 -3.914742 -2.011891 -0.575541 16.057040
8 -0.147083 -2.261624 -1.261446 0.854122 -1.589963 -1.253567 0.734811 2.959735 2.685127 -2.598218 -0.868809 0.914457 1.771516 0.060941
3 -3.209805 0.284738 20.989200 0.321324 -3.039254 -2.000437 -1.725562 -2.053719 -2.158961 -0.909840 0.726709 -1.394957 -4.963814 -0.865621
4 -2.928083 -1.203576 0.765732 2.703894 1.059316 0.744677 0.556542 -0.298650 -1.549554 -0.509542 0.168568 0.753441 0.913862 -1.176628
6 -0.947017 1.865479 -3.679722 -3.848594 -6.338549 40.424767 -2.629786 -2.892784 -6.596793 -7.124742 -2.015694 -3.112848 -2.849134 -0.254583
6 0.275007 -0.447193 -1.434389 -0.857003 -1.097305 4.310408 -1.270074 0.727219 -2.435663 -0.917184 0.282418 0.079542 4.155059 -1.370843
3 0.230314 -1.442354 11.157773 -1.485752 -1.145271 1.725727 -1.910326 -0.526112 -1.480413 -1.762245 -1.229023 1.519288 -1.229671 -2.421935
1 28.062716 -2.507877 0.426001 -5.352800 -3.810443 -5.262261 0.711932 -0.806993 2.333217 -3.187152 -3.909981 0.419101 -4.526817 -2.588645
2 -1.762734 1.434357 -1.257428 -0.354640 0.808491 0.469633 -0.014828 0.913795 -1.188285 0.305115 0.527133 0.074852 0.350814 -0.306275
2 2.312176 3.281858 -1.209998 -0.379727 -2.370796 0.712020 0.650589 0.572243 -0.413156 -0.343517 -3.487961 -0.499794 0.814971 0.361092
6 0.949493 -0.583224 -3.180552 -0.958251 1.433338 3.629545 0.269937 0.918342 -0.162303 -0.653501 0.531510 -0.807566 0.502080 -1.888850
6 -0.976784 -2.803074 -2.342984 -0.945152 -0.677521 24.848182 -3.240829 -0.721340 -3.406495 -3.445957 -1.472464 -0.931242 -2.216713 -1.667625
3 -2.778650 -0.280155 7.720979 0.578633 -0.097933 -0.232343 -1.129682 -1.909930 -2.165595 -0.151712 0.526214 3.891594 -4.760946 0.789526
12 2.636588 -0.833108 -2.925943 0.120991 -1.935368 5.884466 -2.592410 -1.536215 -5.896075 1.283823 -1.117936 10.088155 -2.715622 -0.461346
1 54.035646 -3.735888 -4.373263 -4.574835 -2.941059 -3.355579 -3.522754 -6.282026 -1.398760 -3.144576 -5.256473 -3.569648 -8.496834 -3.383949
14 -2.617501 1.164618 0.514552 -0.018364 -0.778612 -4.587992 -0.016309 -0.360181 0.109196 -0.538424 1.279596 -1.905408 2.219200 5.535628
13 -1.959609 -1.211788 -0.001880 0.906729 0.704865 -1.122548 -0.529643 -0.474431 -0.024969 0.718200 1.336763 -0.082265 1.403853 0.336723
4 -1.570980 0.420061 -0.405970 1.122936 0.157228 0.384150 0.036828 -0.308784 -1.349620 0.786663 1.094239 0.251291 -1.401060 0.783017
12 2.555036 -2.317834 -2.203449 -0.328636 -4.016304 1.011422 1.197330 -3.169375 -1.261477 -3.352577 -2.875583 20.135712 -3.054151 -2.320116
1 26.590073 -4.741914 -1.440498 -3.067564 0.489106 -4.473236 1.358135 -4.627609 2.194368 -0.386318 -0.272671 -4.383132 -7.389266 0.150526
13 0.248270 -1.049726 -0.436640 -0.360833 -1.118456 -0.651064 0.200700 0.642465 -0.958319 0.349971 -0.845209 0.150917 5.508786 -1.680860
13 0.456511 -3.231606 -0.877592 -2.046730 -2.222370 0.015515 5.932237 -2.166191 2.428201 -1.017152 -0.205593 -2.152959 7.754069 -2.666340
12 -1.119349 -3.441331 1.437841 -1.568177 1.489927 -0.998589 1.518815 0.044467 -4.105607 0.977073 2.563066 2.815534 -1.630755 2.017084
9 -2.033898 -0.261124 -0.660148 1.029901 -1.342310 -1.212467 0.072290 -0.063570 7.722179 -1.481534 -1.168945 0.076010 -1.086306 0.409922
3 -2.512624 -2.577768 42.897837 -4.043351 -2.667307 -3.449964 -2.784986 -2.199596 -3.386849 -3.897349 -2.318721 -3.372714 -4.668520 -5.018089
7 -9.096623 -5.726978 -6.987649 -7.869767 -7.365584 -6.443971 74.875141 -4.675428 -3.848469 -5.507236 -6.427460 -6.431107 -2.414499 -2.080373
11 -1.692215 -2.019879 -1.346354 0.378265 -1.225682 -0.563888 1.385715 0.621698 -4.202629 -2.435383 9.949491 -0.401635 1.021006 0.531490
8 -0.407832 2.143181 0.211369 -2.783493 -2.075528 -1.833308 -3.341808 13.701057 -0.412459 2.883783 -2.095949 -2.544197 -2.129740 -1.315077
9 -2.279874 -3.255025 -0.710600 0.171322 -1.364645 -2.525525 0.176617 -1.820752 9.784142 -2.277081 -0.808744 -1.964301 4.112442 2.762025
3 -0.229515 -0.586569 3.470876 -1.703802 -0.020430 -1.403830 2.407547 0.137323 -0.883136 0.273740 -1.072136 2.937725 -2.499505 -0.828290
6 -2.147418 -1.814499 -2.411453 -1.853902 -2.529531 27.966439 -2.331964 -2.272878 -2.177634 -1.863437 -2.690082 -1.636603 -2.322036 -1.915002
1 25.917754 -1.847606 0.544381 -2.763464 -2.230613 -0.840563 -0.087695 -5.014200 -0.841705 -1.718086 -3.477674 3.978703 -8.037273 -3.581959
1 4.975393 0.179649 -0.951557 -1.445116 1.473851 -1.386047 -0.749410 -0.158377 1.343955 -3.133694 0.529363 -0.852378 -0.006510 0.180877
9 -2.402922 -0.857028 -2.426606 -0.893184 -0.187393 -0.054478 -1.270865 -1.312887 14.418097 -0.391510 -2.859177 -0.053890 -0.480993 -1.227164
5 1.880748 1.223332 0.105246 0.649811 17.924666 -0.731417 -1.254507 -2.158197 -4.082702 -1.455804 -2.816453 -4.912074 -4.662018 0.289367
5 -0.785903 -2.602691 -1.701393 -1.103522 7.111294 -0.090730 -1.198749 0.930451 -0.664165 -0.832168 -1.992490 -1.650651 5.110171 -0.529454
11 -4.031192 -1.740599 1.531875 1.233936 1.402333 1.987031 -0.383406 -0.171134 -2.777822 -0.079721 3.768793 0.889032 -1.732100 0.102974
1 34.561319 -2.442179 -3.396815 -2.719046 0.533596 -6.148541 -2.199279 -1.225104 -2.441157 -3.017999 -2.751239 -3.159891 -2.670780 -2.922884
1 5.337448 1.604911 -1.028365 -2.660488 -0.868140 2.305339 -2.709601 -2.809143 0.360161 -3.176567 -1.009513 0.615818 2.916850 1.121290
12 -0.431874 -1.150937 1.105904 -0.820337 -0.730486 -0.374648 0.368886 -2.732588 0.881509 -2.504595 -0.691914 9.650051 -2.253186 -0.315783
1 7.799385 1.405524 -0.971928 -0.317028 -2.277969 4.033433 -1.034102 -2.952597 0.279404 -1.500888 -1.528192 -2.144648 0.634663 -1.425056
1 80.267003 -7.248966 -6.924701 -5.678528 -7.219027 -6.715459 -4.974313 -5.363593 -4.086854 -7.086801 -4.650253 -6.185217 -7.672740 -6.460549
1 28.117257 -2.539393 -1.220432 -2.617814 -2.043425 -1.265294 -2.853608 -1.942747 -2.595849 -1.487559 -2.935774 -2.718708 -1.902064 -1.994590
1 46.219549 -5.283452 -4.838893 -3.017376 0.591901 -3.218581 -4.359669 -5.768817 -5.009111 -2.645344 -4.508871 -3.725223 -1.821408 -2.614705
1 38.424270 -4.947343 -4.187442 -5.334405 -3.891023 -3.199984 -3.662269 -2.751269 -2.815514 -2.378466 -3.534520 -3.971242 5.657687 -3.408478
1 64.405586 -3.183626 -5.518650 -5.413487 -4.979498 -4.806874 -4.913864 -5.163371 -4.793759 -5.189916 -4.128115 -4.841595 -6.908278 -4.564553
1 54.607962 -5.934689 -5.000091 -5.295886 -5.774318 -4.515368 -3.113166 -3.254026 -4.401779 -3.905023 -4.236117 -2.923548 -2.432466 -3.821484
1 62.228506 -2.743406 -5.720445 -3.314859 -4.484573 -5.750776 -6.214964 -2.386253 -4.974625 -6.152072 -6.564388 -5.587615 -3.096844 -5.237688
1 59.173541 -8.076607 -3.803393 -3.837528 -1.550910 -5.854705 -5.353190 -6.708932 -1.370890 -2.828473 -2.628501 -6.567858 -5.273622 -5.318932
1 54.821157 -5.304942 -4.275587 -5.051955 -3.465347 -3.590896 -4.141133 -3.696636 -2.146893 -5.467118 -4.211554 -5.257171 -5.604658 -2.607265
1 42.935728 -2.819652 -2.082860 -5.331350 -5.563202 -4.386964 -2.027770 -1.398238 -3.892271 -3.318959 -4.113819 -2.864230 0.073637 -5.210049
1 31.863632 -5.487931 -2.387362 -2.015006 -3.783474 -1.378534 -1.122885 -1.826402 -0.890854 -2.167494 -4.468291 0.734023 -2.886287 -4.183136
2 2.394142 3.892950 0.446826 0.937415 1.134005 -0.425340 -0.808354 0.836916 -3.164334 -1.678046 -0.993210 -0.857281 -3.015856 1.300164
1 37.524350 -5.930698 0.262870 -3.932662 -2.552639 -1.464070 -2.829023 -2.858838 -2.589432 -2.683453 -5.717230 -2.570859 -2.898919 -1.759398
13 0.660624 -0.107673 -0.882172 -0.941029 0.484152 0.211889 -0.877199 -0.851520 -0.762928 -1.041735 -0.629903 0.337480 2.532605 1.867408
1 61.954003 -5.612147 -6.449520 -4.782190 -2.347375 -5.043071 -6.428314 -3.785838 -0.592938 -2.612343 -5.491301 -5.502467 -9.475878 -3.830619
1 35.315229 -4.770448 -3.346901 -2.797836 -3.899982 -1.875638 -3.029105 -1.674744 -0.732428 -2.686653 -4.030252 1.421678 -3.062471 -4.830450
1 31.310179 -3.850706 -2.384735 1.226169 -1.488853 -4.673166 -1.730646 -2.611956 -2.558941 -2.808567 -1.251060 -1.219931 -5.051706 -2.906083
1 54.563331 -4.712695 -4.331068 -4.352126 -5.734803 -1.755013 -2.416672 -5.503728 -5.640976 -6.351090 -3.443929 -4.409569 -1.825306 -4.086354
1 6.669104 -2.757025 0.787238 -0.537475 -0.637678 -0.181980 -2.060794 0.670169 -1.126950 -1.441976 -0.015149 1.817269 -1.835362 0.650608
10 -0.709629 -0.724640 -0.267117 0.132635 0.447135 0.507840 0.861812 -0.680469 0.845558 1.593430 -1.398568 0.683817 -0.438759 -0.853045
10 -4.393949 1.019864 2.234515 0.805337 -0.798503 0.578302 2.634546 -0.441417 -4.468765 7.049944 3.155653 -1.847311 -5.398598 -0.129618
13 -1.044445 -1.150071 2.259565 -1.976206 -0.160855 -1.876566 -4.145663 2.844051 -3.350820 -0.309972 1.179088 1.474572 5.428498 0.828824
7 -0.665801 0.623394 -0.363208 -1.193018 -0.662270 -0.810540 1.950036 0.849060 1.781060 0.239871 -0.620628 -0.171880 -1.375981 0.419904
14 -2.430950 -1.207647 2.520150 -1.782277 -1.257583 -0.546366 -0.915646 0.259292 -1.625776 2.195222 0.893623 0.688910 0.429183 2.779864
10 -0.632855 -2.941383 0.291648 -1.887009 -1.032712 0.008683 -0.047499 -0.299150 -2.432122 10.404175 -1.711955 0.214837 1.149089 -1.083749
10 -1.511122 -1.502957 0.095899 -0.700907 -0.261131 -0.510943 0.701657 -0.935184 2.117566 5.858774 -0.031786 -1.010227 -0.317470 -1.992169
10 -3.349012 -3.636442 -2.653192 -3.275853 -3.965157 -1.933770 -4.708017 -3.788819 -3.554512 43.310088 -1.757336 -2.719940 -3.588431 -4.379606
1 5.891910 0.422239 -2.036467 -4.496911 -2.695899 2.672116 -1.585347 -0.131110 -3.586697 -1.959972 3.172483 -2.808584 2.574995 4.567244
10 -2.080099 -2.558391 -0.034956 -0.578476 0.767183 0.437380 1.475033 -0.912836 -0.469558 2.092915 0.311252 -0.931174 2.049835 0.431893
10 -2.835799 -3.651037 -2.503513 -2.951583 -0.460016 -4.349079 -1.514878 -1.904962 -0.894917 25.594633 -2.365587 -0.014909 -1.437918 -0.710436
8 -0.324162 -4.020828 -0.538585 -1.200293 1.207368 -0.057320 -0.909461 3.344606 -0.409266 2.114944 1.251641 -0.480962 1.160736 -1.138419
13 0.766519 -2.270827 1.939365 -1.580627 0.260489 -3.435143 -1.134888 0.951126 0.521598 0.093410 -0.238475 0.172674 3.621376 0.333402
10 -2.283624 -0.431143 1.136276 -1.193847 -0.360779 -2.689052 -1.029823 -1.029362 -1.779102 14.006649 -1.279649 -1.523135 -0.450991 -1.092419
11 -0.759114 2.001823 -2.017665 0.082894 0.522703 -0.664293 2.274263 0.406796 2.138029 -2.878786 2.312653 -2.339956 -0.925411 -0.153936
10 -1.512421 -5.797347 -2.455698 -4.479695 0.131502 -1.759938 -0.262284 0.570597 -2.083680 29.179645 -5.317590 -3.437701 -0.440728 -2.334661
10 -0.142856 -2.114578 -0.900140 0.231198 1.692513 0.593342 -1.115430 -2.093954 -1.014551 7.316539 -0.689330 0.494009 -4.230970 1.974209
10 -2.819785 -1.627649 -0.793297 5.033356 -0.206150 -0.713688 -2.132249 -2.503080 -1.700063 13.936446 -0.435748 -2.641847 -2.673377 -0.722870
2 0.410301 2.194657 -2.797087 1.556375 -2.711794 -0.520214 0.915802 1.585772 0.772541 -1.172103 -1.000220 -0.072097 1.845498 -1.007431
12 -1.250766 0.060188 -0.041595 -0.763037 0.522330 0.767115 0.840266 -1.166307 -1.473866 1.179984 1.215821 2.125359 -2.058535 0.043044
6 -1.391878 1.782189 -2.051596 0.004135 0.496919 2.141547 0.471575 0.671946 -0.732887 0.764886 -0.484018 -1.095817 -0.301813 -0.275189
2 -3.149906 26.248910 -1.989899 -3.115349 -0.280792 -3.933442 -1.776776 1.771418 -1.226189 -1.613286 -4.457285 -1.747321 -3.241931 -1.488152
2 -0.091527 2.207953 -0.052311 -0.593451 -0.938902 0.598153 0.000734 -0.771095 -1.113539 0.229962 -0.044424 1.570488 -0.765807 -0.236236
1 0.000000 0.000000 0.000000 0.000000 0.000000 0.000000 0.000000 0.000000 0.000000 0.000000 0.000000 0.000000 0.000000 0.000000
2 -2.254979 25.559409 -1.308679 -2.677198 -1.791669 -0.890935 -1.630212 -0.608966 -1.211533 -2.231550 -3.514525 -1.646837 -3.672130 -2.120194
2 -2.819091 30.894549 -2.398731 -1.732143 -1.060621 -3.594118 -2.155536 -0.658010 -4.445254 -3.193360 -3.353966 -0.917598 -3.184524 -1.381597
2 -2.572411 6.780752 -3.234964 -0.388547 0.229530 0.391975 1.409407 0.469204 -1.747813 -1.054569 2.981957 -2.434282 -0.959297 0.129057
14 -5.222013 0.965576 1.752037 0.293279 -0.604384 -1.742759 1.228702 -0.931335 -1.945621 3.200067 -0.156832 3.006765 -3.993957 4.150475
2 -1.342912 21.209148 -1.138302 -2.088133 -1.053166 -0.502118 -2.664070 -1.986806 -1.095230 -1.617603 -2.074857 -1.767123 -2.381233 -1.497597
2 1.384550 6.308825 -4.209904 -0.876787 -1.958784 4.321823 3.819977 1.965927 -3.427301 -1.898342 -2.470521 0.388888 -5.162500 1.814146
2 -0.036678 30.596985 -3.491747 -2.197457 -0.805004 -0.893126 -3.273033 1.470829 -4.363180 -3.038739 -4.523665 -3.314372 -3.823567 -2.307245
14 -3.307281 -4.238500 1.068611 -3.387117 1.278574 1.761019 2.195743 0.664008 3.151492 -1.056374 -2.850584 1.398471 -0.947019 4.268957
2 1.367684 16.970480 -2.767449 -0.244369 1.647289 0.170542 -2.481092 -2.725706 -2.591226 -3.430368 -3.856830 -0.490873 0.631144 -2.199227
2 2.477271 6.255868 -2.745358 -0.694082 0.675232 -0.401882 1.580667 0.305233 -2.425474 -2.017986 0.640635 -1.818855 -1.047537 -0.783733
2 -1.114772 21.370713 -2.027102 -1.089219 -2.193224 -1.335362 -2.047844 -2.332307 0.398236 -1.153049 -2.981265 -1.756429 -2.262378 -1.475997
2 2.716672 8.005898 -1.261061 -0.889118 1.684063 0.323347 -2.348129 0.087222 -1.786238 -2.734423 -2.270784 0.789439 -1.611417 -0.705472
2 -2.790094 12.999657 -0.905811 -1.403403 3.730418 -1.538717 -0.441298 -1.513515 -4.493892 -2.181723 3.985482 -2.038846 -2.025419 -1.382839
7 -0.576884 -2.075207 -1.947767 -1.826784 -0.995667 3.826080 4.185903 3.709090 -1.356855 -2.556864 -0.870639 -2.148719 0.078752 2.555561
6 0.274388 -0.247573 -0.115688 -2.218821 -0.142657 3.521694 -1.438195 1.336072 0.214463 -1.244134 -1.352943 -0.274388 2.859061 -1.171278
6 0.617578 -4.240054 -0.440110 -0.241939 2.068165 3.647630 3.315893 0.894667 -1.549576 -2.656513 -2.727502 0.885580 0.876713 -0.450534
5 0.428836 -0.017710 -0.423493 1.543996 2.574896 0.046409 0.870993 -3.466302 -1.656547 -1.785596 -0.790896 0.553426 -0.397221 2.519208
5 -1.845042 -3.025683 -2.462660 2.543222 17.402530 -0.964950 -0.738472 -1.316869 -1.913662 -2.043534 -0.100104 -2.027775 -2.786301 -0.720700
5 -0.325003 -0.881904 0.853692 -0.177320 4.156993 -1.550992 -0.604027 -0.397225 -0.978487 -0.416317 -0.546882 -0.569771 -0.284930 1.722173
5 0.215854 -3.334944 -3.011505 -1.488939 20.417700 -0.507796 -2.760978 -1.303830 -1.605558 2.179029 -2.466158 1.994638 -6.022790 -2.304723
6 -0.728865 0.666221 1.100547 1.771659 -1.175657 2.229276 -1.926403 1.449182 -2.821982 -1.185381 -0.796473 2.124555 -2.208745 1.502065
14 -0.982375 -0.002692 -0.483211 1.466919 3.064314 -0.523090 0.209015 -0.385587 -2.707002 -0.185822 -0.919817 -0.413802 -1.497843 3.360993
5 0.311868 -4.175787 -2.867692 -0.657235 7.620067 1.086843 -1.348798 -0.297921 -2.783078 1.571782 1.514366 0.517159 -1.963128 1.471554
8 0.181470 -1.724927 -2.067049 -0.130872 0.178554 -0.832825 0.387426 3.024372 1.264936 -1.428053 -0.725504 0.329465 -1.213181 2.756188
3 -0.024647 -1.143548 3.834961 -0.320263 -0.565696 -0.746034 -0.517989 -0.435386 0.010033 2.130337 -1.054499 -0.224542 -0.096087 -0.846638
5 -2.490246 2.799714 -1.096152 -1.653642 5.329394 1.762839 -0.726264 -0.949669 0.856620 -1.735838 1.373143 -2.769311 2.916715 -3.617304
5 -5.684045 -5.439695 -5.532446 -1.548573 62.095970 -7.022404 -5.756300 -6.872449 -4.464857 -5.891785 -0.953704 -3.360204 -2.878740 -6.690771
5 -3.073126 -3.797210 -1.297198 2.849748 18.740536 -1.981837 -0.702792 -2.285046 -1.737595 -1.884632 -4.574120 -3.352289 2.433227 0.662333
5 -2.687143 -3.371251 -3.780517 -3.216152 43.689298 -1.928464 -1.969238 -4.600358 -3.510352 -5.052906 -2.639214 -1.931794 -3.980764 -5.021146
5 -1.556424 -3.480902 -2.678555 -1.996712 21.240712 -3.072554 -1.392409 -1.408680 -0.863585 0.420598 -2.487443 -1.216481 0.757277 -2.264841
5 -1.417018 -4.997656 -4.386002 -2.821152 45.405245 -4.198175 -3.803453 -4.826317 1.620515 -3.604474 -3.144307 -6.418462 -2.615366 -4.793376
5 -3.230281 -1.747363 -1.071937 -0.885461 23.132760 0.016544 -2.529890 -4.418014 -4.168382 -1.369892 1.416338 -2.895173 -5.268281 3.019031
5 0.678869 -2.017793 -2.056357 -2.508506 19.065896 -1.994291 -0.056014 -2.528612 -2.814668 -1.672973 -2.611858 -1.735893 2.367659 -2.115459
5 -2.370253 -0.754402 -0.778152 0.981686 5.431587 2.142893 -0.399076 -0.582440 -2.568283 -0.334968 1.083378 -0.062084 -1.565793 -0.224094
11 -0.742129 -0.872244 -0.393587 -0.137882 -0.732774 -0.492913 -0.649402 -0.652143 -0.493276 -0.493128 8.016479 -0.612212 -1.006395 -0.738395
11 -1.357636 -5.894729 -3.327037 -4.483136 -3.770802 -2.588471 -6.770490 -2.790585 -6.530500 -4.082823 53.842365 -3.588169 -5.460847 -3.197139
7 0.826809 -0.949986 -1.244233 -2.348989 -0.185144 -0.643996 3.348520 -1.839561 -0.752902 1.121030 1.276290 -0.160583 -0.673272 2.226015
11 -1.719047 -1.854405 -1.579641 -0.175430 -2.285152 0.038643 -2.646043 -0.852228 -1.245587 -1.656094 18.722910 -1.808448 -0.873816 -2.065660
11 -0.807874 -2.316623 -2.220323 -1.491982 -1.481110 -0.008054 1.322171 -0.125379 -0.110124 -1.080561 8.968006 -0.965509 0.195437 0.121925
11 0.097503 0.578587 -1.319297 1.525306 0.368892 0.219151 0.628351 0.061959 -2.741544 -1.372192 4.826292 -1.082560 -2.711284 0.920834
11 0.126536 1.241279 -0.729309 0.310487 -0.942666 -0.583868 0.659049 -2.022552 -1.287446 -0.628154 9.125972 -2.545751 -1.948694 -0.774884
1 7.336422 -1.728472 0.397113 -2.020311 -2.885071 0.203360 1.146252 -2.001907 -1.388842 0.818713 0.854649 0.509835 -0.134091 -1.107651
11 1.948049 -1.274780 -1.715540 -1.990237 -1.985600 -0.583071 -0.324521 1.416674 -0.756757 -2.063167 6.626775 0.692166 1.041530 -1.031519
11 2.213716 -0.128012 2.283955 -0.310126 -0.826462 0.282762 0.081344 -1.513383 -2.242005 -0.822677 2.514932 1.515096 -3.615465 0.566323
11 -4.472594 -7.077690 -6.071705 -4.448312 -5.830993 -5.614584 -6.462833 -2.925388 -4.131803 -6.906014 67.132920 -4.102384 -4.508285 -4.580330
11 -3.844881 -2.021283 -3.969043 -2.647196 -1.614871 -1.863859 -3.602360 -1.728373 -2.372990 -2.996202 33.782352 -1.181537 -3.082808 -2.856948
11 -1.842938 -4.641500 -2.448825 -2.385182 -1.919298 -2.041104 -3.418742 -1.744107 -1.073106 -1.654470 27.409120 -0.930993 -1.290502 -2.018351
5 -0.980332 -2.786498 -2.201737 -1.486317 5.061539 -2.858623 -0.483048 0.603848 -2.600797 1.238267 4.251104 3.338225 0.003402 -1.099033
11 -1.825334 -2.299166 -1.288840 -2.682636 0.268321 -1.084624 -0.647214 -0.827864 -1.440642 -0.715194 15.311964 -0.943196 -0.541773 -1.283800
11 -3.527512 -1.824138 -1.798667 -3.401030 -3.494141 -3.098999 -5.130163 -3.734538 -3.923182 -2.663721 39.748687 -0.651467 -1.872127 -4.629001
11 -5.134078 -4.429935 -2.099680 -1.843749 -4.174312 -4.369170 -4.016752 -4.655678 -3.543887 -4.090637 47.568729 -4.732423 -1.996526 -2.481902
11 -4.205237 -3.871011 -4.383009 -2.274812 -3.799647 -4.436693 -2.298640 -1.514212 -2.879780 -5.154554 42.053986 -4.286087 -0.323854 -2.626447
11 -1.992167 -1.253615 -0.929393 -1.980118 -2.860540 -1.625268 -1.320768 -0.361264 -1.123224 -2.363695 14.546079 -0.490970 0.771197 0.983747
7 0.039849 -0.744327 0.459266 0.485194 -0.286573 0.344769 1.356778 -0.591161 1.330697 -0.534462 -0.719110 0.019472 -0.511717 -0.648676
11 -3.265282 2.098876 -1.865835 -4.078914 0.300865 -2.424504 -0.795311 -0.291991 -3.575354 -1.947082 18.667889 1.262785 -1.162228 -2.923915
1 1.995889 1.736753 -0.198136 -0.834711 -0.751416 0.357843 -1.131542 -0.863959 1.636748 0.310597 -0.133877 0.452803 -2.260785 -0.316207
4 -0.151544 -1.784035 -1.838231 6.413194 -1.165018 -0.477365 -0.706479 -2.655349 1.173698 -1.778410 0.425050 1.730400 -3.001345 3.815434
9 1.231035 2.254024 -3.587999 1.197492 -0.418863 -3.378730 2.058956 -0.515124 4.736768 0.580119 -1.414070 -1.008933 -0.287540 -1.447136
9 -0.632588 -1.033476 -2.916923 1.044951 2.536003 -0.697464 0.588222 -1.205566 2.582457 -1.218913 1.825798 0.523187 -2.483437 1.087747
12 -1.688436 -1.001685 -0.149685 0.755058 -1.182801 -1.009959 1.333556 0.477158 -2.540501 0.423455 1.157823 2.159637 -0.597751 1.864128
7 -10.734843 -8.124060 -8.706652 28.713267 -0.429999 -9.544923 76.057566 -9.679415 -10.616168 -8.886176 -9.599302 -9.061051 -10.304900 -9.083344
14 -0.416774 -0.129009 -1.348506 0.047773 -1.195372 -0.724652 -1.508039 0.180045 -0.867125 -0.361182 1.583440 0.675066 0.930045 3.134291
4 -0.665369 0.385063 1.529453 6.719064 -3.623827 -0.200587 0.059896 -3.152422 0.000297 -2.650143 0.092122 -0.735891 2.097783 0.144558
5 -2.076611 -3.860212 -2.669013 2.601809 21.556843 -0.332102 -2.329635 -1.577571 0.466075 -1.434480 -3.286216 -0.349375 -3.555822 -3.153688
14 -1.772199 -1.899662 1.462066 2.389554 -0.259529 0.199784 -0.604001 1.537379 -1.847000 -0.804401 1.351639 -1.378527 -1.240751 2.865647
4 -1.527508 -0.626177 -1.338795 12.147114 1.184918 1.531238 2.181769 0.182090 -4.352362 -1.919904 -1.568556 -3.021701 -1.700645 -1.171482
14 0.696306 -1.032012 -2.323470 -1.351244 -1.830978 1.655765 0.288601 1.190287 1.536774 0.213680 -1.079012 0.347375 -0.590530 2.278459
4 -1.151877 -0.568290 -4.567436 13.766445 1.233966 1.449429 -1.395263 -1.844051 -2.287372 -3.772900 -0.791783 -1.418637 -0.618161 1.965931
4 -1.890883 0.373696 -3.380870 9.825434 -0.502212 2.139574 -0.708004 -1.484914 -3.500424 1.209191 1.893645 -0.924037 -1.949096 -1.101100
2 -0.953377 3.899445 0.813851 -0.596188 0.175870 2.310921 -3.268953 0.777535 -5.830322 1.437222 3.491969 0.636784 -3.332087 0.437329
4 -1.016234 -0.967585 -0.789919 4.378373 0.332911 -0.506058 -0.351164 -1.358206 -0.262079 0.581145 -0.228154 0.705417 -0.504242 -0.014204
9 -1.553877 -1.228590 1.659462 -1.489008 0.566526 -2.149624 2.089233 -2.625878 9.928136 -1.284099 0.465388 -2.409573 -2.453534 0.485437
4 -1.957556 0.682437 -2.955528 8.462753 1.217250 0.406996 -3.736245 -2.532366 2.109274 -1.494994 -0.996375 -0.620944 1.619884 -0.204587
4 -0.092013 0.344179 -0.940793 3.863294 -1.404582 0.882911 -0.155578 0.072380 -0.351246 -1.766758 0.301984 -1.420952 1.816295 -1.149121
1 3.754049 -0.140536 -2.193414 0.837389 -0.313901 -0.117750 0.337751 1.285054 -2.608947 1.493204 -1.327046 0.219344 -1.205024 -0.020173
5 1.001862 -2.632349 -2.323250 -1.198429 1.324491 1.174627 1.237614 0.392319 -1.271015 0.848142 1.204356 0.047542 0.224088 -0.029999
9 1.459369 -2.076631 0.329537 0.639945 -0.412916 -1.381874 0.219973 -0.165583 2.672133 -1.513881 0.924819 -1.915917 1.454493 -0.233467
12 -1.902353 -0.554858 -0.351706 -0.827509 0.453452 0.498805 1.098418 -0.894936 2.749660 -2.277265 -0.849591 3.412845 -2.393326 1.838362
3 -2.035201 -1.701011 10.006964 -1.308809 -1.776373 -1.635950 0.872517 1.860527 -0.166832 -3.120595 -1.629314 2.360156 -1.663394 -0.062684
3 -0.338789 -1.079982 5.837766 1.414226 -0.967630 -3.151992 0.460208 -2.547177 -0.139257 1.672858 0.240226 1.686823 -2.756303 -0.330975
12 1.258679 -3.372442 -0.477905 -2.104590 0.333181 2.439772 1.926281 1.160594 -1.325591 -1.476889 1.391769 3.737367 -4.178099 0.687872
3 -4.864722 -1.900309 13.852367 -2.428175 -1.493764 -0.389351 1.717622 -2.151836 1.841634 0.868771 1.580269 -4.257439 -1.999400 -0.375668
3 0.003850 -0.295074 11.455521 -0.574446 -0.997848 -0.772223 -1.110479 -0.628350 -0.182695 -1.699177 -0.909969 -1.345723 -1.901052 -1.042337
2 1.348968 1.895210 0.210240 -0.237300 -1.351688 0.611172 -0.218297 -1.102349 -1.056511 1.138335 1.105488 -0.238351 -1.766563 -0.338354
10 0.153236 -2.194252 0.795544 1.033566 -2.618949 -4.045584 -2.227604 6.235348 2.273051 6.489119 0.771580 -1.326310 -4.900626 -0.438118
12 0.137565 -4.106544 1.901164 -1.100441 1.173556 2.286196 -2.146158 -0.713115 1.562120 -0.568790 -1.834177 3.994560 -1.780115 1.194179
3 -1.338045 -1.632115 21.159665 -0.371442 -2.268992 -0.857435 -3.491647 -1.879289 -4.955111 0.497683 1.346985 -0.706871 -4.041477 -1.461909
3 -0.784852 0.563639 7.556219 0.045535 -1.159058 0.241802 -1.878891 -0.057697 -2.449754 0.503455 0.090995 0.430705 -1.908396 -1.193702
3 -1.288298 -3.532100 26.478295 -0.154717 -0.962909 -1.225842 -0.704386 -3.440681 -4.175522 -1.631015 -0.501842 -2.371560 -5.824507 -0.664918
14 -2.386662 0.497011 -2.414390 -0.487160 0.193437 0.724328 -0.368462 2.354964 -1.611767 -1.331129 1.459474 1.933877 -0.921082 2.357561
3 0.738877 -1.598978 11.527492 -0.769041 -0.961049 -2.089965 -0.825276 -1.271030 -1.284268 -2.535060 -0.863357 1.231420 0.229060 -1.528827
3 -2.480809 -0.533922 11.333036 -1.502614 -1.473731 0.095946 -1.614254 0.283556 3.811111 -1.534768 -0.677952 -2.229342 -1.616968 -1.859288
6 1.580537 -1.597344 -5.558904 1.334127 -1.340521 17.684740 -1.219845 -2.952130 -4.038410 -3.026447 -0.928336 1.860676 1.579042 -3.377184
6 0.255186 -0.930115 -1.268132 0.721657 -1.187996 6.876784 -1.701069 0.115765 -1.397333 0.079357 -1.318978 -1.713303 2.030969 -0.562792
6 0.690422 -4.139012 -0.269614 -2.044784 1.790051 5.391504 0.774852 -0.975063 -0.779517 -0.216349 -0.202447 0.026860 -0.390871 0.343967
6 -7.120284 -7.659996 -8.154684 -7.661558 -6.951908 92.598329 -7.629326 -6.843889 -6.671553 -7.419898 -6.373505 -6.540410 -6.473582 -7.097734
6 -0.255971 -1.834682 -2.660305 -0.794741 -0.192063 12.170163 0.288763 -1.699880 -2.123590 -0.050154 -1.617161 -0.386799 -1.042442 0.198862
6 -6.650056 -5.972392 -4.892403 -3.831695 -5.485063 73.359591 -6.193104 -5.997185 -5.200301 -4.644641 -5.008324 -5.392578 -7.217246 -6.874602
6 -0.416393 -2.731038 -5.396842 -1.558380 1.958036 17.546985 -3.288630 -0.592047 -3.399069 -2.516985 -0.995858 -2.634639 7.352597 -3.327737
6 -7.858116 -3.770686 -4.065437 -5.704124 -2.610648 61.418621 -5.630506 -4.041526 -5.455893 -4.153823 -2.321252 -3.075703 -7.942004 -4.788902
6 -7.120284 -7.659996 -8.154684 -7.661558 -6.951908 92.598329 -7.629326 -6.843889 -6.671553 -7.419898 -6.373505 -6.540410 -6.473582 -7.097734
6 -2.120446 -0.860064 -1.679927 -0.417967 1.834779 7.032179 2.327909 1.413406 -1.177964 1.124244 -1.184846 -3.526881 -1.948585 -0.815840
13 -2.025564 -2.269432 0.753954 -0.428388 -1.647302 2.770040 -0.510805 0.278111 0.661804 -0.614124 -0.945222 0.674896 3.393560 -0.091529
6 -1.810054 -4.021434 -4.995625 -4.854848 -1.844087 34.292398 -1.915786 -2.540266 -3.572618 2.564771 -1.898764 -3.389170 -3.758948 -2.255567
6 2.182649 -5.998437 -6.570189 -4.588624 -5.013689 49.767944 -3.305761 -2.112621 -2.488381 -5.601728 -5.077694 -1.621817 -4.966899 -4.604752
6 -5.841062 -5.853357 -4.576470 -4.120699 -6.317014 68.504123 -5.077481 -4.899325 -3.553059 -6.138963 -4.846827 -4.175069 -5.903688 -7.201108
6 -1.159493 -1.102251 0.905621 1.556761 1.495371 1.928752 0.104021 -0.951548 -1.954062 0.098374 0.610575 -0.073270 -2.030997 0.572146
6 -3.093604 -6.119067 -2.990793 -5.501663 2.624153 35.997608 -3.243037 -2.193691 -3.674996 -1.688092 1.089133 -5.793216 -3.863114 -1.549620
6 -0.683027 -0.437502 1.101040 -1.071809 0.464413 2.974087 0.979369 -0.522893 0.265569 -0.647318 0.075077 -0.848049 -0.959400 -0.689558
6 -1.367345 -2.003808 -1.334136 -1.586403 -0.004126 18.000009 -4.627144 -1.808490 -4.050537 0.782285 -3.183941 -0.048278 -0.252382 1.484296
6 -7.120284 -7.659996 -8.154684 -7.661558 -6.951908 92.598329 -7.629326 -6.843889 -6.671553 -7.419898 -6.373505 -6.540410 -6.473582 -7.097734
2 -4.136901 3.956599 -0.505257 1.913877 0.530239 0.623625 -0.670862 2.625397 -2.278364 -1.705525 -0.521965 0.137269 -0.673492 0.705360
6 -0.938977 -5.092687 -1.591634 -1.002174 4.129176 9.667878 -2.616473 4.333730 -3.463461 -3.951660 -1.741619 0.044898 -1.819950 4.042951
6 -7.120284 -7.775944 -7.702476 -7.786527 -6.951908 93.219738 -7.629326 -7.031322 -7.043435 -7.627165 -6.373505 -6.540410 -6.473582 -7.163851
6 -2.811201 -2.916018 1.739488 -0.946634 -1.172222 15.998087 -0.895566 -1.775978 -3.435009 -1.707668 0.120499 1.995730 -4.652332 0.458825
6 -0.894958 -3.722986 -1.167603 -1.801878 -2.072332 18.997390 -2.126484 -2.217484 -0.007069 -0.695765 -1.318096 -1.207404 0.686095 -2.451424
6 -0.888756 -1.678748 10.418710 -2.934368 -1.817968 15.287611 -2.349003 -2.756857 -0.558215 -0.477661 -1.732139 -2.634881 -5.096008 -2.781719
13 -0.624336 -1.562139 -3.487889 -0.451627 -0.144460 -3.268963 -0.725992 -1.658148 -2.255126 -1.652931 -2.928490 -1.672237 21.048367 -0.616027
13 1.373460 -0.879784 -1.067936 -0.962766 1.298615 -0.595357 0.152022 0.090828 -0.256441 -0.068613 -0.825075 -0.392532 3.449538 -1.315958
10 -2.153320 -0.181376 0.165403 -0.840474 0.700645 -1.033565 -0.811208 0.857582 -2.777256 3.332708 0.556479 1.210891 -1.436305 2.409796
8 -1.127823 -1.182544 0.370070 -0.631281 -2.029956 1.586709 0.465877 1.820759 -0.100521 1.110799 0.206970 0.109564 -0.744141 0.145518
13 -0.319211 -3.021116 -0.343736 4.283319 -0.907921 -2.269026 -1.870948 -2.220764 1.641236 -0.137564 0.014017 2.610664 4.646513 -2.105462
13 -1.697952 -0.840022 -0.384453 -1.586643 0.072083 -0.815380 -0.806898 -0.660304 -0.727857 -0.871050 -1.394857 -1.595840 12.784658 -1.475485
13 -2.247342 -3.092229 0.449733 -0.894746 -1.648816 -0.692050 1.629886 0.612274 2.142690 -0.200073 -2.469654 2.252376 3.496540 0.661410
6 0.452112 1.185901 -0.850067 -0.721129 -0.409327 1.880672 -4.168390 -1.193374 -1.285503 1.683724 0.862839 0.009056 1.741845 0.811640
13 -0.249970 -1.665369 -1.102529 0.551948 -0.300428 -0.872545 -1.223742 -0.759990 2.135155 -0.242255 -1.790940 -0.231329 6.867393 -1.115398
13 -1.972888 0.507418 -2.590269 -0.722647 -0.523130 0.364242 -0.494242 -0.869825 -2.779254 0.067873 0.288243 -1.540817 12.530323 -2.265027
13 -0.863778 -2.642437 0.864558 0.914865 -2.260635 -3.000330 -1.527790 -2.596838 3.267577 -0.598206 -0.778479 -1.256135 12.217685 -1.740058
13 -1.068817 -0.984536 -2.224867 -0.642427 3.595397 0.819175 -1.148554 -1.275380 -0.297443 -2.657700 0.248573 -1.093354 7.735727 -1.005796
13 -1.809109 -3.500709 -0.844117 0.526317 0.988048 -0.628715 -1.913923 -2.671489 1.448494 0.144447 -2.201250 0.238389 10.763810 -0.540192
13 -0.103884 -1.941167 1.310455 -2.933157 0.587981 -0.527381 -0.616478 0.979483 1.388541 -1.632356 -1.488110 0.619494 5.043906 -0.687327
13 6.215415 -0.243179 -1.312106 -1.788501 -2.582600 -0.595642 -0.940128 -2.489238 -1.042007 -1.430342 -1.393523 -0.404893 9.337118 -1.330374
4 -2.435891 -1.557760 0.973750 7.291560 0.039858 -1.232971 -1.111808 -0.177588 -0.694127 -1.766002 -1.452720 0.072191 3.865551 -1.814042
13 -0.401313 -1.125476 0.111122 1.642762 -0.590647 1.567674 -3.520600 -1.312778 4.593807 -3.187674 -0.811424 -1.998595 6.865827 -1.832684
8 -3.426614 3.830090 -1.670583 -1.087290 -1.485915 -1.041783 -3.499631 8.364178 -2.180009 1.708246 -1.121260 -1.760647 2.531576 0.839640
13 -0.214762 -0.633447 -0.403135 -0.724165 -0.131250 -0.346474 -0.420571 0.917478 -0.441566 0.637323 -0.950007 -0.251460 2.311680 0.650354
9 0.461626 -2.225880 -0.419033 -0.879867 0.353523 -0.198039 0.735013 -1.159256 4.494947 -0.344486 0.066127 1.242260 -1.103131 -1.023803
13 -1.569130 -0.638695 -0.517824 -0.317753 -2.814173 -1.092541 -0.009608 -0.970760 -0.908958 -1.521670 -2.110992 -0.355503 11.761486 1.066120
13 1.234815 2.256526 -1.878567 -2.685873 -1.095447 -2.185846 -0.791138 -1.458028 0.537618 1.931192 0.723825 1.069168 4.229057 -1.887302
13 1.247170 -3.063759 1.142676 1.016529 -1.103814 -1.035293 0.102948 1.739231 -1.331784 -1.547239 -2.097188 -1.720156 7.508629 -0.857950
13 1.679697 -2.282124 0.512083 -0.673783 -0.278819 -0.479399 -2.383303 0.654090 1.757573 -0.716895 -1.363110 -0.075481 3.475217 0.174254
13 -2.029222 1.663064 0.575918 0.249363 -1.474553 -1.283416 -1.952092 -1.785562 2.451216 -2.603927 -1.908619 0.993005 10.226523 -3.121698
13 0.471432 -2.026877 -2.069935 -1.738991 -0.040632 -1.335892 -0.510187 0.674282 -0.867732 -1.854413 2.056837 -1.266545 8.101688 0.406966
7 -5.579933 -7.799986 -5.917669 -6.492558 -7.155662 -7.517652 80.376401 -4.857203 -5.324162 -6.110107 -5.380792 -5.866604 -5.813996 -6.560079
7 -0.383380 0.808609 -0.808713 -1.130826 -0.246777 -0.753216 6.009050 -0.411899 -0.588267 -0.935583 0.821087 0.099566 -0.483897 -1.995754
7 -8.175619 -6.852412 -6.735193 -7.993625 -6.908661 -5.838154 79.597829 -7.882245 -4.628034 -6.190439 -1.393936 -5.961141 -4.915924 -6.122446
5 1.630542 1.607120 0.400892 -2.139221 3.791071 1.852351 -0.482246 1.311296 -2.238852 -2.042683 -1.015870 -1.804777 -1.708062 0.838439
7 0.522475 -1.519069 -0.868208 -4.111365 -0.644565 -1.762854 19.991047 3.502524 -3.267970 -2.405637 -3.393566 -2.377175 -2.845868 -0.819770
7 0.410589 -1.123546 1.027023 1.668501 0.800924 2.914738 5.186087 -2.823028 -0.312570 -0.979127 -3.528740 -0.104199 0.293750 -3.430403
7 -7.046856 -5.745360 -6.853175 -5.362171 -6.208325 -6.000524 82.385466 -6.652274 -6.663789 -5.534738 -6.606454 -6.888837 -6.052273 -6.770692
7 -2.998433 -2.283528 -0.780162 -1.083147 3.525636 -1.662888 5.594388 0.164068 -1.202001 -0.182924 -0.181287 0.305066 -0.583975 1.369189
7 0.770351 -2.270545 -2.115708 -1.150037 -0.727450 -0.828146 11.310947 -0.716928 -1.430052 -0.439820 -2.020239 0.505839 -0.613619 -0.274593
7 -0.637155 0.949545 -1.262812 -0.782099 -1.919800 1.984926 4.639933 -1.842946 -0.866809 -2.095371 -0.177225 -1.332998 3.787467 -0.444654
7 -6.630889 -5.876220 -6.506894 -6.518900 -4.949610 -6.990616 78.784193 -6.297226 -6.589157 -6.086983 -6.193342 -6.889624 -2.326920 -6.927814
7 -5.298977 -5.371595 -7.198332 -7.420521 -4.257408 -7.170959 76.043706 -7.144826 -7.228612 -5.627659 -5.145470 -6.692422 -6.925134 -0.561793
7 -5.662116 -6.493723 -7.282404 -8.174593 -10.993500 -5.504966 95.586207 -5.308068 -5.468338 -8.091361 -9.087242 -6.922610 -6.441915 -10.155372
7 -4.818139 -7.349688 -5.076476 -7.311520 -3.631077 -6.874365 79.419635 -6.789214 -5.830291 -7.335115 -5.674557 -6.561174 -5.619531 -6.548489
12 -0.327276 -2.809880 2.727654 -1.720533 -0.315981 1.658774 -1.367039 -1.174046 -0.243895 1.382469 -0.773610 4.473768 -1.576796 0.066392
7 -6.179793 -7.076366 -6.155776 -5.832751 -5.776586 -6.096640 80.678434 -7.188284 -4.531915 -7.039677 -6.555519 -5.854426 -7.333735 -5.056967
7 -8.227907 -7.328491 -7.059377 -6.950380 -8.709507 -7.361344 95.169128 -5.959524 -6.507538 -8.374511 -9.094542 -5.125300 -5.871847 -8.598861
7 0.310044 -3.174721 0.771716 -0.082193 -0.916983 -1.590258 9.265215 -1.430500 -0.498199 2.605308 -2.094300 -0.974871 -0.271465 -1.918793
7 -9.085658 -4.954104 -6.837512 -5.704977 -5.313941 -7.289578 83.371485 -5.278534 -7.932841 -6.291714 -6.609616 -6.364096 -5.964142 -5.744775
11 -2.981285 -4.634115 -2.327610 -2.134868 -2.202255 -1.711093 -3.355375 -1.217055 -1.994739 -3.085208 29.063795 -0.340419 -1.066855 -2.012916
7 -6.139656 -5.417680 -6.789618 -7.185524 -6.608012 -5.841081 86.948462 -6.678749 -8.208214 -6.558433 -6.001196 -6.541474 -7.863374 -7.115454
7 -4.246621 -8.615523 -6.331339 -7.229647 -5.101222 -7.828470 83.720768 -6.674249 -4.482057 -5.337967 -9.059013 -7.101905 -6.713020 -4.999740
7 -5.710350 -7.199571 -8.085113 -8.142872 -6.912424 -7.700536 89.114581 -7.600059 -6.691429 -7.044734 -6.531957 -7.603176 -3.985085 -5.907276
1 5.951952 0.873282 -3.422938 -0.680088 -0.140417 -2.067608 4.915704 0.052988 -2.097369 -2.682071 -0.424795 -0.115359 1.936260 -2.099541
7 -6.572839 -5.994218 -4.736540 -6.094167 -6.508868 -6.712762 78.798034 -6.063290 -5.819574 -6.540399 -4.536861 -7.116514 -6.862559 -5.239447
12 -3.439558 -0.340903 2.697863 -0.701849 -0.459989 -1.409786 -2.201740 -1.110704 -1.564842 0.435025 1.649314 8.095193 -0.950477 -0.697547
13 2.083174 -2.853127 3.256529 0.950676 -3.552700 -0.339886 -1.736678 -3.139130 -0.063839 -1.490613 -1.607917 2.708030 6.819909 -1.034430
12 2.159532 -0.468361 -1.136354 0.100378 -2.285086 -0.553343 0.074960 1.000597 -1.763253 -0.526612 0.745371 5.585656 -1.031065 -1.902419
12 -0.486777 -2.293339 -1.111162 -0.936309 -1.727343 1.092799 -0.364535 0.354333 0.812003 -0.048924 -1.777650 3.329685 1.623502 1.533716
12 2.315238 1.780112 -1.266869 -0.797950 -2.015033 -1.857750 -1.472847 -0.898395 -0.319688 -0.121289 -0.936470 2.992385 2.135754 0.462802
9 0.247624 -1.995965 0.845398 0.111978 0.252588 0.734199 -0.677359 -2.306009 4.183182 -1.003840 -0.208833 0.351111 -2.338171 1.804097
3 -3.168799 1.267326 15.362475 0.060149 -0.093296 -0.547799 -0.871263 -2.874085 -3.233871 -3.346171 0.045085 -2.245266 -3.115043 2.760558
13 0.189152 -0.527767 -1.498695 -0.048166 -0.581541 -0.012218 -0.318558 2.581570 -0.590744 -0.137183 -0.958991 -0.127083 2.744049 -0.713826
12 -2.615497 0.004882 0.753948 1.248224 -0.623981 -0.463815 0.646864 -0.847380 -0.069408 -2.413558 -1.566368 11.458112 -2.262747 -3.249275
7 2.320684 0.603036 -0.775224 1.663425 -0.142194 0.442817 2.536944 -0.658919 -2.716683 -0.951606 -0.360135 -1.480101 -2.096657 1.614611
10 0.511009 -0.057693 1.313608 -0.798802 -0.525221 -1.308216 0.016171 0.635169 -0.802518 2.348805 -1.237312 1.021480 -0.829985 -0.286496
7 -0.357872 -1.975880 0.051045 -1.927563 3.338220 -0.206790 5.534092 -0.943932 -0.874310 0.081093 -1.510375 -1.179350 0.722026 -0.750404
12 -3.011469 -1.573940 -2.044659 -1.603541 -1.056034 -1.851071 -2.917310 -1.239267 -1.486361 -2.039231 -0.068370 19.068774 -0.496983 0.319461
12 -0.332999 -1.305489 0.480851 0.369377 -0.439253 0.191637 0.113303 -1.360234 -0.723463 0.590304 0.342300 2.136670 -0.102898 0.039895
12 -2.651644 -2.517056 -2.129812 -2.283541 3.193072 -1.035269 1.748499 2.273352 -0.072124 -0.844893 -0.770765 5.950515 -1.921506 1.061172
12 -0.391825 -0.536500 -0.187758 0.271724 0.267308 -0.291091 1.358813 -1.689719 -3.006800 -0.128369 -0.384139 5.091823 -0.597657 0.224189
5 -2.550224 4.970690 -8.068544 -1.085084 18.710945 -0.189263 -1.365802 3.180315 -4.943278 -3.978497 -5.699043 4.032311 0.088779 -3.103308
3 -0.554515 -0.132144 3.037712 0.625637 0.360287 0.263121 -0.949583 -1.644351 -1.740165 0.827481 0.548163 0.770335 -2.981926 1.569948
12 -0.596594 -3.175501 0.515014 -3.364939 1.413762 1.261199 -1.055112 1.501242 -1.577074 2.570616 -0.192658 3.000223 -0.076984 -0.223194
3 1.293631 1.715518 2.041626 -0.766673 -1.834419 -2.320205 -0.777648 -1.043332 -0.344415 1.447205 -0.982944 1.158743 -1.104381 1.517296
14 -0.040612 -2.728595 0.813820 -0.725047 -0.021561 -1.118702 0.595204 -0.648785 1.285482 0.197671 -3.101895 1.581772 -0.409711 4.320958
12 -5.260701 0.218360 1.890721 -2.030054 -2.210868 -1.663028 2.676385 2.129598 -2.782589 -3.279988 -0.955365 15.509422 -5.512021 1.270129
11 -2.073145 -0.744595 -0.167191 -1.462047 -1.220994 1.480939 0.894377 -1.044760 1.488509 -0.148980 4.711015 3.012878 -4.360602 -0.365405
14 -0.831988 -2.199067 -1.762658 -3.136580 -2.593188 -1.760552 -0.186717 -2.384782 -1.238189 0.411345 -2.106424 -0.574618 -4.059415 22.422834
14 0.860263 1.215104 0.297896 -1.224923 -1.965071 -0.699716 -0.853386 -2.023144 0.528166 -0.964196 -0.791392 -0.285849 0.364342 5.541907
14 -4.609810 -0.290242 -2.670181 -3.422972 -2.765710 -2.364074 -0.283652 -2.101082 -4.600725 6.229324 -0.244350 -0.031633 -2.093652 19.248760
14 -2.267513 -2.004279 -2.715581 -2.738788 -1.194333 -5.416158 -0.556374 -2.414801 3.653552 -1.124053 -0.440060 -3.666939 -0.915129 21.800457
4 -2.255627 2.963208 -0.766198 4.454220 -0.629038 -3.477228 -1.738524 0.462573 0.199545 -0.865771 -2.473220 -1.145326 3.070524 2.200861
14 -3.759783 -0.534170 -0.400215 1.504382 -0.553707 -0.187534 -0.621311 -1.743985 -3.830519 -0.483096 2.227745 0.990533 -0.260123 7.651782
2 -0.329930 2.345802 -0.436862 -1.105635 1.583351 1.235490 -2.252128 -0.554147 -0.208707 -1.838443 0.125411 -0.390155 1.118478 0.707476
14 -0.288316 -0.640852 -0.688172 -0.008682 0.982024 -1.783464 0.196543 1.595528 1.339125 -3.699466 -1.335007 2.142968 -1.893595 4.081366
14 0.618266 -0.350467 -0.168724 -2.452373 -2.916177 -3.593480 -2.298480 -2.794290 -0.981519 -0.574123 -0.845552 -0.560701 -0.025567 16.943186
14 -2.078687 -3.653776 -0.674541 -0.584944 -0.929100 -0.987645 -1.720230 -0.243831 -2.792405 -1.657247 -2.774738 -3.424870 -0.526588 22.048606
14 -0.896753 -0.794407 -1.053242 -1.951895 -0.655435 0.175618 0.305810 -0.140012 2.134995 -1.651081 -1.233943 0.592677 1.969147 3.198522
14 0.200649 -2.529364 0.825412 -0.096787 0.190078 -0.257801 -0.649178 -2.100033 -0.025728 -1.009961 -2.322708 -0.366350 3.359493 4.782279
5 -1.137670 -1.197656 0.408063 -0.178014 2.715913 0.524573 0.634087 -2.445438 -1.280624 1.923421 -0.258087 -1.155727 -1.108831 2.555989
14 -1.512684 -3.049314 -1.689531 -2.628913 -2.666315 -1.362391 -1.138404 0.932994 0.522545 -3.571743 -1.846201 -0.590716 -1.665408 20.266082
5 -0.568431 0.313559 0.971460 1.720555 5.316788 -1.166245 -0.068964 -2.307063 -2.367021 0.393344 0.644418 0.714684 -3.914607 0.317523
14 -1.333799 0.039754 -0.139592 0.165679 -1.064258 -1.440140 0.427996 -0.994347 -1.248645 1.197158 0.085571 0.219205 -2.114882 6.200298
14 -1.260486 -1.515647 -0.700346 -0.717481 -0.821871 -0.961776 1.387319 0.057100 0.567607 -1.854499 0.408459 -1.211700 -1.051386 7.674706
14 0.902322 -1.876225 0.260519 -0.291048 -0.381347 -0.390219 -0.577279 -0.671468 0.836670 -0.692675 -0.404759 -0.184758 0.162940 3.307330
14 -2.436421 -1.942426 0.862587 -3.584045 -3.089386 -1.656710 -2.473580 -1.807177 0.416882 -1.817069 -2.967066 -1.348654 -0.219565 22.062631
14 0.279841 -0.459868 -0.812400 -2.818070 -1.224968 2.096756 -1.822957 -1.481079 -1.272839 1.103143 1.913904 -1.417459 -2.552557 8.468553
4 -0.227440 0.531856 0.504241 1.840237 1.837100 -2.129731 -0.196845 -0.042574 -2.644073 1.079812 1.568856 -0.377617 -2.344230 0.600407
14 0.189657 -2.694372 -1.191804 0.349359 1.254482 0.180035 -3.380301 0.165287 0.329363 -0.933301 -1.779939 -1.528605 2.810346 6.229795
8 -3.379353 2.623053 -0.182530 0.882637 1.872149 -0.648533 -0.527081 5.375763 -2.288332 -1.845450 -0.884076 -0.868692 -0.644821 0.515265
8 0.331098 -0.688825 -1.776319 -2.005062 -3.443161 0.315979 0.079733 19.018359 -0.515699 -4.144203 -2.611527 0.226122 -1.562818 -3.223677
5 1.325320 -3.513340 -2.121203 -4.126527 29.005678 -0.652456 -4.023681 -1.255610 -1.461852 -1.960802 -3.104109 -1.894298 -3.104060 -3.113061
8 -0.519139 -2.647486 -0.665773 -0.887215 -1.633872 -1.676747 -0.088296 15.823049 -0.818543 -1.601808 -2.422491 -0.991875 -1.433264 -0.436540
10 1.049963 -4.393061 1.368404 -1.730636 -1.514696 -0.922951 -1.453269 2.904752 2.749673 3.252905 -1.816614 0.677259 -0.441578 0.269851
1 4.204786 -2.286552 -1.108478 -0.562509 -1.536354 -0.596786 -1.758430 -1.057902 2.582375 -0.857061 1.177765 1.361174 1.162313 -0.724342
8 -1.582383 -0.060643 0.669665 -4.102934 -0.690199 2.607956 0.888785 9.412376 -1.102571 -1.216480 -1.636590 -2.011846 0.199030 -1.374165
8 -2.542778 -1.008418 -6.150545 -2.615048 -2.320415 0.095938 5.335538 15.247525 -2.889183 -0.611126 -2.389743 1.117747 0.329977 -1.599470
8 -0.085242 0.615564 -1.700540 -0.875247 -0.733585 -0.272507 -4.098873 13.267607 -2.119228 -3.634532 0.363001 2.694877 -3.207337 -0.213959
1 2.744347 1.310605 -0.158649 -0.533785 -2.188718 0.526641 -0.221382 1.346531 -0.032765 -0.797848 -1.118653 1.304795 -2.214234 0.033114
6 -0.844513 1.154985 -0.597961 1.113348 0.087993 2.348131 -1.151723 2.266430 -4.293206 0.689875 1.513124 -1.028139 -1.878356 0.620012
8 -3.103087 0.912610 2.812777 -2.670280 2.476957 1.881379 -0.136394 11.540930 -2.348856 -2.524024 -2.540853 -1.865868 -5.115339 0.680046
2 -1.707479 2.738261 -4.204775 -0.194756 -0.558096 1.509338 -2.899402 0.095728 -0.069132 -0.719502 -0.983029 1.924450 2.607493 2.460901
7 0.673083 -0.509789 -0.672982 -0.587382 -0.592069 1.962688 2.205591 -0.054510 0.218704 -0.230089 -0.078490 -1.144262 -0.378057 -0.812435
8 -0.951888 1.504507 -0.554076 -1.339275 -0.480746 1.206260 -1.196724 6.419682 1.503121 -1.320700 -1.807349 -0.644247 -1.679607 -0.658959
5 -1.275768 2.683158 -0.374105 1.177161 3.462762 -0.000125 -0.625231 1.240828 -1.684642 -1.579075 -2.581787 0.111906 0.472071 -1.027153
13 1.412252 -0.171147 -1.263059 -0.892691 -2.670154 0.325149 1.200347 0.224568 -0.198768 -0.850744 -1.373117 -0.975669 4.296437 0.936594
8 -0.184891 -0.011143 -3.038040 -0.184222 -1.354553 -0.791712 0.108645 5.000751 2.127147 -2.781692 -0.358072 -0.289188 -0.334126 2.091096
6 2.023012 2.000345 -2.927212 -0.016579 0.694295 3.419957 -1.102058 -0.419752 -1.220964 -0.683388 0.353030 -1.688297 -1.088718 0.656328
8 -2.283652 0.203277 0.901770 -3.476827 0.448431 2.875241 2.385970 5.869677 -3.644325 1.512930 -0.842522 -0.956458 -3.563253 0.569738
8 -2.509002 1.517776 -0.223048 -0.864386 0.490480 -1.442240 -0.553000 7.036910 -1.081697 -1.568851 -0.805567 0.537607 -0.179620 -0.355364
8 -1.986631 -1.478193 1.168594 1.470944 -2.569723 2.621912 -3.060888 7.688811 -1.210323 -0.708189 -1.769263 -0.378567 0.880129 -0.668613
11 -1.670392 2.465701 -1.592122 1.296653 1.145930 0.142887 2.017697 -4.411147 -0.788224 0.532229 3.411844 0.647132 -0.897559 -2.300631
3 1.090520 -2.676178 1.431915 -0.112554 -0.134471 0.746795 -0.207130 -0.201292 0.248111 0.684931 -0.974048 0.885415 -0.566401 -0.215612
9 -1.021215 -3.116760 -0.834956 -0.164013 -0.563179 -0.489716 2.316566 0.913559 3.745715 -1.427527 -1.361015 2.752128 -1.155361 0.405774
13 0.695055 -0.125884 -0.165027 -0.680450 0.105815 0.484018 0.472566 -0.841592 0.593209 -0.716980 0.199010 -0.004397 1.186865 -1.202209
10 0.072866 -1.261864 0.948021 -1.226214 -0.148742 -2.877841 -0.715998 -1.387953 2.392944 3.245147 1.017240 0.178961 -0.286525 0.049959
9 1.332989 -3.612736 0.285625 0.443020 1.645112 0.489785 -0.397023 -1.266107 6.689905 -0.852821 -0.223390 -0.076946 -1.597684 -2.859729
13 -0.610697 -1.605293 2.158979 -1.754255 -1.273074 -2.316325 -0.511803 0.722968 1.584758 1.120948 -1.366227 -1.204075 8.367006 -3.312910
13 0.504828 -0.775329 1.998810 -2.184451 0.706201 -1.441005 -0.520889 -1.573656 0.755924 0.941385 -1.076078 1.509642 3.604190 -2.449571
6 -0.237301 -1.261630 -0.096817 -0.249789 -0.734296 1.264776 -0.265231 -0.572228 1.129192 0.061842 -0.509457 0.926984 0.090786 0.453170
9 -2.570795 -0.109951 1.564704 0.046855 0.549082 -0.118755 -0.821784 -1.452575 2.120962 -0.285107 -0.286806 0.856816 -1.515274 2.022628
9 2.371123 -2.458311 -0.048252 -0.485238 -0.952232 0.564579 -0.623737 0.168931 7.462620 0.357363 -0.652080 -2.097456 -1.029980 -2.577330
9 0.210605 -1.861824 0.330854 0.314936 -0.241793 -0.379473 -0.548237 -0.911060 4.101853 -0.704264 -0.025039 -0.018893 0.586538 -0.854201
9 -1.914186 -1.776436 1.289420 -0.823226 -0.216432 0.354356 0.635234 -0.696967 2.668757 1.084040 -2.889291 0.578614 -0.855377 2.561491
9 0.864286 -2.226548 1.344638 -1.005845 1.367187 1.291340 -0.673265 1.542641 2.408634 0.288758 -1.793816 -0.694283 -1.687881 -1.025848
5 1.788031 -5.262622 0.127055 1.731561 1.939217 0.421777 -2.363200 -1.636250 1.868795 1.090500 -0.935942 0.614032 1.606910 -0.989864
14 0.715282 -0.531148 0.758864 1.307575 -1.361834 0.506235 -0.197635 -0.543403 0.803792 -0.616932 -1.630604 -1.461458 -0.819291 3.070557
7 1.854173 1.626960 -0.894810 -2.204159 1.672360 -0.879961 2.025223 -0.418950 0.354646 -0.024621 -2.273096 0.827805 -0.390752 -1.274819
14 1.308039 -2.681186 -0.192472 2.062270 -0.840351 -1.608142 -1.050453 -0.795285 -2.214548 2.207722 -0.529120 -0.012404 0.956627 3.389305
4 1.290963 -3.984711 -1.921171 6.472960 -1.368119 -1.239276 -1.076127 -0.197773 3.368801 -1.385189 -1.567155 0.780738 2.068140 -1.242081
14 1.152300 -2.095822 1.432112 -1.189395 -0.596994 -0.125185 -1.344323 -1.053333 1.870108 0.496162 -1.270836 -0.528773 1.179449 2.074529
