7 -9.960890 -11.322439 -9.913994 -10.212885 -8.841162 -11.550923 66.273794 -11.990866 -8.369000 -11.798079 60.557733 -9.573102 -12.160625 -11.137567
14 0.099770 -1.325973 -0.119016 -2.038674 -0.335595 0.447038 -0.535864 3.118719 -0.515803 0.022522 -0.905947 -0.623174 -1.129683 3.841680
9 -1.926895 -2.454574 -0.523611 0.034049 -0.244413 -2.047846 -1.631034 -1.680578 10.192220 0.109772 0.870301 -1.050815 1.940257 -1.586835
1 28.578617 -1.687872 -2.843606 -2.010647 -2.517520 -2.169016 -3.029746 -1.400175 -1.927808 -1.998956 -2.948609 -1.750823 -2.304358 -1.989481
6 1.443298 1.109258 -0.807509 1.766273 -0.564332 3.125751 -4.226830 -0.269498 -1.553090 -0.728755 1.163588 0.664618 -2.945121 1.822348
1 5.505922 -0.797025 -0.301952 -0.706208 -0.378158 -0.855072 -0.336357 -0.606204 -0.180358 -0.453499 -0.516712 0.842245 -0.526855 -0.689766
6 0.957856 -0.707892 -0.312458 0.189525 -0.365196 4.075480 -1.117072 0.040223 -0.902366 -1.600873 -0.706999 -0.400400 0.966634 -0.116461
2 -1.383926 1.840249 0.951815 0.760891 1.149474 0.217284 1.343168 -1.174488 -1.031500 -1.260616 -0.326091 0.061378 -0.217884 -0.929752
5 -4.722735 -3.367705 -4.944345 -2.129283 33.182389 2.077017 -2.839937 -2.591850 -2.904293 -2.477171 -3.284239 2.303630 -3.855003 -4.446475
5 0.768393 -4.553679 -1.414369 -1.998536 19.550240 0.002966 -4.153573 -2.524802 -1.663696 0.154496 -2.217575 0.609971 -3.034669 0.474831
10 1.606562 -0.604363 0.969577 -2.797596 -0.144302 0.640058 0.197560 -0.771603 -2.980765 2.454667 -0.739530 1.117700 -1.239736 2.291770
3 -1.065238 -2.072509 7.555204 0.561870 2.913630 -1.335050 -2.063545 -1.336190 -0.330320 -1.366930 -1.995951 0.667286 0.395619 -0.527874
3 1.108832 -1.447434 18.455700 -2.295471 -2.329359 -0.900910 -1.597831 -1.516691 -1.304867 -1.678507 -0.410354 -3.359919 -2.721562 -0.001627
4 -2.484057 0.638380 0.046431 2.842761 0.659535 -0.690891 1.591245 0.149622 -2.244104 -0.960311 1.241392 -0.037104 -1.616573 0.863673
1 85.954205 -6.284729 -5.885726 -6.169423 -6.455237 -8.122202 -6.636485 -6.294001 -7.100432 -6.581950 -6.332153 -6.880109 -8.216766 -4.994992
11 -5.031426 -4.023684 0.020672 -1.209331 -4.373027 -3.242009 -3.883805 -2.831720 -1.184825 -4.788961 37.456879 -3.224762 -0.821066 -2.862937
4 0.141629 -1.609977 0.007096 6.715205 -2.161144 1.492545 0.905775 -2.177416 -0.008631 -0.579335 -1.605167 -0.743016 0.075519 -0.453084
12 -4.157443 -2.256012 1.535717 2.422170 0.324648 -0.762693 -0.258111 -3.533830 -1.711052 3.169410 -0.368294 6.979705 -2.430915 1.046698
14 0.503451 -0.696354 2.578711 -3.031453 -3.233144 -1.429019 -2.247715 -2.000412 -3.314033 0.498825 1.858874 -0.268910 -2.314488 13.095666
11 -1.874900 -3.670988 -2.610133 -5.265530 -3.213579 -2.786724 -2.819597 -1.040921 -2.590657 -3.635009 34.552024 -0.520395 -2.432057 -2.091537
3 -1.411918 -2.441960 19.061293 -0.875953 -1.766046 -1.417910 -1.452908 -2.135820 0.171059 -1.821777 -0.995428 -2.365509 -1.270866 -1.276256
12 1.596680 0.668525 -0.259371 -0.779256 -0.542522 -2.017064 -1.603140 -2.262336 -0.756420 1.041196 -0.031962 2.793197 1.166303 0.986170
14 -1.101958 -1.800185 -1.420871 -0.786113 0.040719 2.499087 1.936488 -3.653081 0.053481 -0.898349 2.782820 -0.509138 -0.714294 3.571394
9 -1.683756 1.754747 0.339739 -2.002402 -0.368400 -0.313638 0.151132 -1.502806 4.359381 0.394749 1.344667 -1.289650 -1.047598 -0.136166
2 -3.187259 2.465383 -1.460108 -0.209529 1.398488 -0.904728 0.548786 0.803086 -1.433776 -0.606371 -1.140704 0.403572 0.946313 2.376846
8 -3.503922 0.835814 -1.688542 2.801644 0.962406 -0.605534 0.142880 5.657421 -1.640840 -1.651763 0.203858 -0.890843 -1.521502 0.898923
14 -0.231908 0.138266 -0.577416 -1.387102 -0.491145 -1.055333 -0.054103 -1.407564 0.922996 -0.862343 -1.010209 1.061999 0.151395 4.802468
2 0.910755 15.186520 -2.888482 -2.649306 -1.669182 -0.370161 -2.241514 -2.788370 -0.893502 0.149563 -1.432543 -0.909697 2.114828 -2.518911
1 51.678291 -4.276618 -4.448455 -6.722984 -5.190049 0.021005 -4.879455 -2.243956 -5.737221 -4.583240 -2.010927 -3.920203 -5.681095 -2.005092
2 0.664418 1.710422 -1.262420 -1.703934 0.916466 0.076005 -2.376869 0.359697 -1.189366 1.224934 -0.177543 -0.069438 1.234212 0.593416
5 -1.310676 -2.539714 -1.124037 -0.414893 19.441146 -1.696205 -1.684120 -1.433485 -1.434083 -1.482032 -1.348824 -1.738559 -1.358417 -1.876101
6 1.374847 -1.465917 -0.056251 -1.149942 0.011004 2.133766 -0.747568 0.166951 -1.037384 -0.241712 0.292623 -1.279101 0.696658 1.302027
6 -0.046036 -3.187170 -0.999839 -3.180089 -1.121901 10.270822 -1.309474 -0.728965 -0.564495 -1.303901 -2.226957 -0.121301 -0.714544 5.233850
5 -1.262725 2.373149 -2.287895 0.830580 3.898059 -0.852022 -2.316515 -0.197902 -2.325784 -2.426588 -1.499458 3.411033 0.003037 2.653032
7 -4.684046 -4.121657 -6.776171 -4.658636 -5.076423 -7.131529 74.956111 -6.493027 -8.554032 -4.364168 -3.891600 -4.999826 -8.268643 -5.936354
14 0.166357 -5.559892 -4.356456 -1.403255 -3.458325 -1.728835 0.814911 0.879210 -4.415734 0.574585 -1.879517 1.332498 -0.755948 19.790404
2 0.159733 2.767336 -0.393240 -0.785342 0.653951 -0.619275 -0.234666 -1.348953 -0.675078 0.927259 -0.058491 0.224070 0.350129 -0.967435
2 -4.442314 20.032243 -1.339851 -2.161870 -3.350955 -1.977644 -0.922416 -3.388751 -3.529876 -2.099119 8.009547 -2.219443 -3.592893 0.983342
2 -1.654675 13.860390 -0.261436 0.895725 -0.220575 -0.630853 -0.353908 -3.938750 -2.154555 -1.233323 -0.834351 -0.373076 -1.373940 -1.726672
14 1.753193 -0.252904 -0.128606 0.270486 -0.677977 -0.054857 0.176945 0.330516 -2.874813 -0.399440 0.183446 0.027398 -0.806049 2.452661
7 -0.966268 -1.673994 -1.880183 1.101474 -0.351483 2.578843 4.003558 0.081641 -1.781895 -0.895502 0.824287 -1.210025 -0.343820 0.513368
3 2.487576 -0.780428 9.273162 -0.622733 -2.624738 -4.393442 0.438424 -0.079082 -4.106863 1.288884 3.067813 -0.519320 -1.054529 -2.374724
13 0.220065 0.300797 -1.353559 -1.429562 1.714963 -1.668101 -0.645475 -0.065009 0.399117 -0.217593 -0.104156 -0.111231 4.594541 -1.634796
3 -3.165718 -4.184462 43.385552 -3.167569 -3.330996 -3.279585 -3.038552 -3.007541 -3.118753 -3.169622 -4.150783 -2.991665 -3.816918 -2.963388
6 -5.263476 -4.779611 -1.570885 0.321020 -4.084491 27.890715 -2.446215 -2.005816 -1.053631 -3.764984 -1.540589 -1.940764 2.618838 -2.380110
12 1.418453 -2.397309 0.428564 -1.668158 1.416827 -0.930345 -1.163279 -1.052639 -1.016422 2.040785 1.244504 3.479185 0.481727 -2.281894
14 -0.960187 -2.001383 0.723621 -0.022580 1.035680 2.842299 -1.735561 -1.000959 -3.319362 2.359826 -0.269572 1.147548 -1.858207 3.058838
13 -0.038699 -1.291246 -1.115817 2.124771 -0.322570 -0.428547 1.845710 -2.724066 -1.814606 0.228380 -0.852678 -0.717677 5.366016 -0.258970
11 -2.605079 5.089363 -1.007060 0.281229 -1.283391 -0.601744 -0.702021 -1.608453 -1.272523 -1.878538 9.752108 -0.994762 -1.871614 -1.297515
13 3.729167 -0.572264 -0.336881 -1.372861 0.358895 -1.910943 -1.766737 1.246482 0.649566 -1.700878 -2.077260 -0.301894 4.480606 -0.424997
14 -0.402550 -1.989036 -1.101106 -2.284357 0.184045 -1.058128 -0.656482 -2.760382 -1.674223 1.869692 -1.240646 0.864880 -0.005390 10.253683
1 1.657859 -0.565420 0.045024 0.512227 -0.857695 0.627158 0.195373 -1.353102 -0.569221 0.100078 -0.735596 0.458239 -0.603120 1.088196
14 -0.884131 -4.067583 -0.607082 -1.155527 -1.294567 0.193752 -4.083156 -2.370669 -0.721722 0.024519 -1.070211 0.025911 -2.640036 18.650503
11 -4.547277 -5.605775 -6.719014 -3.428660 -3.870291 -6.667823 -9.017998 -6.147668 -5.126503 -5.728797 66.191391 -2.591886 -1.141816 -5.597886
7 0.343438 0.420644 -1.225579 0.362324 -1.305802 -0.237223 4.765477 -2.259817 -0.578804 -1.134586 -0.024896 0.023719 -1.026997 1.878103
6 -2.129875 -0.080695 -1.540327 -0.483719 -0.292638 9.760623 -0.673141 0.494170 -1.856914 -1.355083 0.011488 0.740197 -1.728631 -0.865454
4 -4.999037 -8.511819 -3.016098 68.140110 -6.781862 -5.719038 -5.743474 -3.938136 -4.477516 -4.821247 -4.093753 -4.974520 -6.018545 -5.045062
4 -5.574075 -6.917374 -5.052977 70.703334 -6.177961 -5.511367 -4.836643 -4.925784 -5.337401 -5.068270 -5.208614 -5.306247 -6.395916 -4.390703
4 -3.886254 0.546303 -4.914722 38.734432 -3.409114 -3.274315 -1.623480 -0.934106 -6.021867 -3.470022 -2.311929 -4.264094 -5.471892 0.301063
7 -6.279855 -2.509400 -5.591084 -5.950195 -8.033120 -4.783167 76.601968 -7.599570 -5.387610 -6.212189 -7.734172 -5.091459 -6.706188 -4.723962
7 -7.987208 -5.748237 -7.182240 -7.503348 -7.461910 -9.296888 88.917261 -7.508501 -7.232343 -5.555234 -4.069232 -7.766952 -4.317575 -7.287594
7 3.001708 -1.866847 1.337925 -0.162720 -1.731065 -1.253650 5.532833 -1.534860 -1.371665 -0.215454 -1.360067 0.479074 -0.273465 -0.581748
7 -5.472358 -9.226671 -7.111338 -8.050144 -8.251669 -8.628930 96.198456 -7.227951 -7.510924 -6.265081 -3.701829 -7.512466 -7.666196 -9.572899
7 -6.175923 -5.990508 -5.853563 -6.732419 -6.076044 -7.010980 76.054448 -5.144562 -6.347992 -5.120634 -5.181515 -5.996561 -5.675729 -4.748020
6 -1.062818 -1.121510 -1.247509 -2.847328 -2.116224 27.688697 -1.359863 -2.250828 -3.303371 -1.966687 -2.146380 -2.259452 -3.804750 -2.201977
9 -1.453325 -0.139807 0.486642 1.368902 -0.249306 -0.271874 -0.362311 -0.090127 2.412108 -1.437682 0.903588 -0.281861 -1.428548 0.543601
10 0.635193 -0.117107 1.860632 -0.370866 0.927621 2.186316 0.265756 -2.716867 -2.075582 3.407153 1.485468 1.701804 -4.856612 -2.332910
8 -1.355850 1.362287 1.931822 -1.732441 0.762607 -1.015075 0.482415 5.723276 0.349804 -3.826652 -0.595297 -1.289942 0.329434 -1.126388
2 -1.932703 3.644566 -2.734540 2.196145 -0.605656 -1.085073 -0.119001 3.159990 -1.229396 -0.850146 1.691869 -1.412729 -0.078521 -0.644804
13 -0.172746 -1.366725 0.420621 0.272458 -2.690634 2.674829 -2.304280 -1.870741 -0.824384 0.935170 -3.260806 -1.574594 9.598292 0.163541
4 -7.839907 -5.303582 -6.100796 70.007000 -6.984416 -5.462908 -1.932731 -4.666590 -2.653382 -6.596987 -6.910774 -5.944620 -2.438828 -7.171476
4 -7.029345 -8.239815 -4.101944 69.235818 -6.225639 -6.318939 -5.062188 -5.767839 -5.343831 -3.051701 -5.584131 -4.684162 -2.488646 -5.337636
4 -6.926815 -7.381686 -4.259395 70.369050 -7.472053 -5.083209 -3.651036 -6.455691 -4.692111 -4.445569 -5.076043 -3.828446 -7.435402 -3.661593
11 0.144961 -0.251313 -0.486154 -1.159371 -1.479002 -0.088114 -1.813617 -0.356766 -0.710640 -1.288339 8.509432 -0.789470 0.813170 -1.044778
7 -0.656336 0.535928 -0.442413 -1.116240 0.649715 -1.196217 2.738093 0.090458 -1.734139 0.033591 1.462936 -0.634504 0.773657 -0.504528
3 -0.712202 -1.118277 5.350384 -1.043506 0.785868 0.272638 -1.043859 -1.401433 2.489778 -1.394752 0.345552 -0.873028 0.236720 -1.893883
4 -5.842728 -4.600781 -4.742175 70.619019 -6.175836 -5.858090 -3.710206 -4.308019 -7.154898 -6.365659 -2.358115 -7.475705 -6.000951 -6.025853
5 -3.953553 -3.160317 -2.357483 -1.711372 36.841416 -3.790607 -2.991822 -2.050163 -4.116211 -3.391814 -2.296520 -1.277950 -4.046907 -1.696696
13 -1.209310 0.714705 -1.013663 0.860545 -0.677786 2.747451 -0.949050 -0.648121 -0.415178 -1.125064 -1.574783 -1.446377 3.572612 1.164018
9 -0.177918 -0.608322 0.380418 0.495106 -0.093879 -0.334060 -0.273598 -0.353896 0.792192 -0.366318 -0.021024 -0.229574 0.126938 0.663935
11 -4.242339 -3.227658 -1.970593 -4.992058 -4.699388 -3.343709 -2.081693 -4.515906 -2.806193 -5.856786 47.693935 -1.241639 -3.489125 -5.226850
11 -6.766791 -3.346630 -4.764819 -3.079581 -4.580237 -4.334961 -4.926682 -4.151420 -4.887274 -5.744998 59.777629 -4.097533 -4.593513 -4.503192
11 2.582347 -1.043785 -4.130866 0.050296 -1.277421 3.844616 -2.626645 0.214486 -4.276180 -2.538960 10.229427 1.294784 -1.514174 -0.807925
6 0.822319 -1.386153 1.126571 -3.079562 0.549149 2.662218 0.300479 -1.246442 0.428774 1.041972 -1.193026 -0.121322 -0.465736 0.560759
1 48.165543 -2.518374 -3.804454 -4.978455 -3.497817 -4.419777 -3.595714 -3.456496 -4.558891 -6.043764 -4.679711 -4.486872 -1.878530 -0.246687
13 -0.971759 -1.099760 0.506362 -0.447003 -1.554717 -0.716917 0.723301 -1.330600 -2.898948 -1.813449 -0.381112 -1.687238 11.094926 0.576915
3 1.093290 -1.535510 10.210702 1.371042 -1.129129 -2.109198 -2.385790 -2.185295 1.311064 -0.083101 -2.923492 -1.923978 -1.266483 1.555877
4 -5.250605 -4.982630 -5.452398 71.194448 -5.814850 -7.256819 -5.335601 -4.689193 -7.455947 -5.266200 -5.072220 -5.757639 -5.583286 -3.277059
4 -2.569167 -2.969922 -3.899675 70.270634 -5.860665 -4.458420 -5.069495 -4.810310 -8.734856 -7.493866 -4.012178 -5.532140 -8.495923 -6.364015
2 -1.979429 17.405137 -0.711206 0.541447 -0.047671 -1.296330 -1.549486 -3.382204 -3.613710 -2.226111 -2.467782 -1.214454 -1.514756 2.056554
3 -1.405867 -0.586375 2.543142 2.048233 -0.264434 -1.506580 -0.787008 -1.758400 -0.777703 1.473658 0.222469 0.415328 -0.570091 0.953628
1 0.000000 0.000000 0.000000 0.000000 0.000000 0.000000 0.000000 0.000000 0.000000 0.000000 0.000000 0.000000 0.000000 0.000000
2 -5.188705 18.101171 -0.866134 -0.097525 -0.531134 -0.849521 -1.058162 -0.936180 -2.693554 -1.218491 -0.003225 -1.728352 -2.008668 -0.921520
13 -0.331278 -1.411209 0.434646 0.785928 0.387090 -1.470678 -0.882942 -1.418302 -2.660559 1.200127 -0.849319 -0.471275 6.168399 0.519373
1 49.618625 -5.722307 -3.547886 -1.725357 -3.618373 -2.780433 -2.709130 -2.691736 -3.933088 -5.864670 -4.022760 -5.147687 -5.132909 -2.722289
7 -5.756281 -6.927681 -6.932238 -6.518393 -8.103541 -8.386164 94.155990 -8.799704 -8.639689 -6.527165 -4.222292 -6.985609 -7.125156 -9.232078
6 -9.623231 -7.233478 -6.361993 -6.306787 -7.474846 86.934729 -7.820080 -4.045563 -5.369461 -7.942521 -5.828842 -6.636948 -6.295577 -5.995400
4 1.123566 -2.336043 -1.761469 1.937541 -0.047370 1.044982 0.727329 0.513529 -1.502491 0.381142 0.391764 -0.231511 -1.038997 0.798028
13 -0.684145 -0.268669 -0.682630 -1.646660 1.850408 3.256504 -5.205900 -2.763262 0.107934 2.401181 1.757870 -1.616797 4.215824 -0.721656
1 50.291511 -3.666726 -4.622816 -4.338205 -3.899542 -2.827490 -4.068330 -4.142774 -4.462433 -3.341128 -3.141302 -4.576746 -5.474818 -1.729200
3 -1.227510 -0.257274 3.143366 0.195605 -0.499376 -1.115767 1.351172 -0.804935 -2.170740 0.052334 1.435374 -0.534459 -1.495515 1.927726
10 -0.069688 -0.907231 3.725321 -2.212997 -0.754310 -1.144075 -1.560797 -1.316677 1.631252 5.926541 -0.226474 -0.311673 -2.904957 0.125768
1 4.759226 0.967316 -2.290670 1.029326 -0.032382 0.389562 -1.136807 -1.710080 -1.654241 -0.881213 0.180301 -0.702678 0.364018 0.718323
8 -0.356813 -1.502740 -0.175319 -1.883609 2.728679 -0.997692 -1.071931 6.020401 -0.641863 -0.240920 0.565817 -0.857225 0.261263 -1.848047
7 -6.659251 -6.239111 -4.563948 -5.251552 -5.685909 -6.809843 71.952636 -5.328328 -7.448411 -7.612245 -5.525629 -6.205399 0.598194 -5.221205
8 0.000000 0.000000 0.000000 0.000000 0.000000 0.000000 -0.037958 0.679185 -0.447035 0.000000 -0.062629 0.000000 -0.131563 0.000000
11 -0.606304 0.670420 -0.755655 -1.628926 0.276717 0.707957 -1.191219 -1.088050 -1.236518 -1.773226 8.239819 -0.640846 -1.000945 0.026775
10 0.675906 -1.000506 -0.244536 -0.822705 -1.392383 0.219020 -2.174950 -1.184940 -1.471080 7.754829 -0.112497 0.502326 -0.695534 -0.052950
14 0.169862 0.153063 -0.420274 -2.082403 -0.208094 -0.272944 1.005981 -0.471833 0.995676 -1.319642 -1.293538 1.717905 -1.564319 3.590560
13 -1.243319 -1.679316 2.385095 -0.956422 -0.295429 -0.127976 -0.450915 -0.735325 -1.841973 -0.686767 -0.553205 -0.725849 7.702269 -0.790868
2 20.797098 29.822005 -6.992506 -5.222563 -4.501466 -2.224477 -5.255471 -4.242905 -4.395407 -5.337229 0.321628 -4.915130 -3.634626 -4.218952
6 -0.040106 0.000000 -0.527783 -0.665218 -0.638789 2.041078 -0.023288 -0.103926 0.212417 -0.198157 -0.329497 0.343478 0.660546 -0.730756
2 -0.987842 19.248327 -2.515140 -2.013138 -0.894935 -0.962988 -2.289830 0.614113 -1.423141 -2.117372 -0.913801 -3.248776 -2.025528 -0.469951
4 -1.105901 0.641722 0.152731 1.165301 0.323219 -0.108161 0.283089 -0.272446 -1.716507 0.043133 0.730591 0.227331 -1.137902 0.773800
4 -7.048739 -7.993972 -7.980221 68.225653 -8.954027 21.471707 -7.393794 -6.251430 -6.910098 -7.121316 -8.516015 -7.054454 -6.732374 -7.740916
1 85.067937 -7.032175 -6.448331 -6.405943 -6.487998 -6.717151 -6.763598 -6.936245 -5.141851 -6.543934 -5.913789 -6.601993 -7.118395 -6.956534
1 83.718453 -4.530128 -7.367257 -5.892381 -6.542945 -5.372766 -7.460708 -6.772247 -6.645896 -5.779029 -4.904633 -7.868176 -7.199321 -7.382965
1 54.334135 -4.287003 -4.927175 -5.608673 -5.868903 -4.171106 -3.516396 -3.263862 -3.282234 -3.189111 -3.412292 -3.059482 -3.853878 -5.894020
8 -2.787947 3.719240 -1.419473 -2.539927 0.956088 -2.467315 -1.098731 4.303476 3.151732 0.973632 3.601065 -4.436529 0.140947 -2.096258
4 -5.482454 -5.683016 -5.729701 75.134960 -7.280195 -5.044497 -5.505774 -5.848368 -7.052911 -5.386387 -4.687234 -5.785582 -8.023477 -3.625361
7 -0.346135 -0.861741 -0.869745 0.083830 -0.720549 -0.517633 3.283152 -0.479835 0.956751 -1.125280 -0.291512 -0.474014 0.191050 1.171662
2 -3.119361 23.532442 -1.918630 -1.497046 -3.068729 -1.354956 1.008178 -1.687175 -0.801780 -0.596648 -2.470947 -1.927944 -2.298836 -3.798570
1 6.285475 -1.827808 0.160616 0.791122 0.305159 -0.651714 -0.702727 -0.608702 -0.927919 -0.896895 0.109012 0.587437 -1.437950 -1.185107
10 1.223735 -1.570568 -1.180239 -3.037345 -1.263517 1.703835 4.459876 1.512857 -2.501685 4.645568 -0.818417 -2.061966 -0.853922 -0.258212
13 -0.217298 0.829636 -0.012087 0.385715 -2.000009 -1.801790 -0.525155 -1.934054 1.446338 -0.687941 0.695956 1.040422 1.842360 0.937908
9 -0.396262 -1.704280 0.289832 -2.127678 2.352495 2.092426 -2.320450 -1.531354 5.776164 0.029901 -0.086728 -1.567061 0.433361 -1.240367
9 -1.553870 -1.137173 1.033826 -2.647347 0.371264 0.208449 -0.829975 1.127068 4.108039 0.876689 -0.190282 -1.420355 0.578311 -0.524645
5 -1.052051 -3.912954 3.493395 -1.499625 16.780870 1.430487 -0.395452 1.120691 -1.855462 -2.774394 -3.359711 -1.630687 -5.502303 -0.842805
4 -3.878321 -6.026102 -5.142199 71.821595 -7.150368 -5.661259 -5.813916 -4.750516 -5.546441 -6.901368 -5.045243 -4.905081 -5.338681 -5.662098
4 -6.733889 -4.130767 -4.115864 70.695546 -4.640973 -5.736558 -4.071887 -5.950205 -4.916830 -5.955580 -7.180951 -3.885891 -7.271687 -6.104460
4 -5.104610 -6.089557 -4.141945 76.533057 -6.818276 -6.001442 -7.949682 -6.256673 -7.585098 -2.139255 -5.235480 -4.920340 -9.134703 -5.155992
4 -4.054440 -2.930214 -2.758663 41.041291 -3.279473 -3.641215 -2.925896 -2.355957 -4.083202 -2.999798 -2.400240 -2.771572 -4.222253 -2.618367
4 0.973995 -2.960731 -1.725099 6.554427 -1.237594 1.425814 -4.569350 2.075571 0.973186 -0.608865 -2.337134 0.003054 0.637336 0.795390
1 47.001863 -4.522817 -3.909648 -4.891660 -4.361748 -3.390985 -5.680244 -1.904150 -2.972309 -2.253323 -3.766367 -2.021248 -3.241204 -4.086159
7 -0.248147 -3.892519 0.702706 -1.569494 -1.244545 0.913616 6.389254 -0.486665 -1.090928 0.225034 0.575143 0.696128 0.023889 -0.993472
8 -0.459907 -2.686972 -1.634314 1.136756 -0.705325 -0.716272 -2.010254 12.465081 -1.586497 -0.190414 -1.188698 -1.168034 0.237122 -1.492274
1 53.665464 -4.746959 -4.342458 -3.972371 -3.826297 -6.732625 -5.575826 -4.386299 -2.550055 -5.540496 -3.552627 -4.188525 0.418934 -4.669859
1 53.135433 -3.758911 -3.644531 0.067048 -4.935962 -5.759478 -3.264937 -6.069882 -2.473106 -5.428550 -4.357526 -4.168620 -3.883827 -5.457151
3 -1.668865 -3.111095 7.964168 3.152703 -2.051102 -1.057909 0.806776 -2.118521 -0.813178 -1.580703 0.874305 0.490467 -0.014844 -0.872201
3 -1.605109 -1.210573 16.576930 -1.887329 -2.539284 -0.714565 -0.054531 1.348602 -0.180733 -0.907056 -1.947184 -2.121337 -2.188266 -2.569565
1 33.603887 -3.042536 -3.569952 -2.659067 -2.183295 -2.372830 -2.438060 -2.429366 -0.391009 -3.427444 -1.240444 -4.033498 -2.672818 -3.143567
3 -2.120139 -2.283182 38.517643 -3.585004 -2.465246 -3.082183 -2.454106 -1.979651 -2.876235 -3.291223 -2.259105 -3.330248 -4.449881 -4.341440
14 0.593040 -1.521630 -2.129568 -1.378236 1.127704 0.750370 -0.202459 1.573592 -2.488061 1.035961 0.146890 0.241979 -0.012806 2.263223
14 -1.694465 -3.791422 -0.507051 -0.207553 -0.629863 -0.399074 0.082129 -0.107657 -4.013465 -1.170297 -0.258784 -1.780284 -2.271346 16.749132
8 -1.467078 -0.438238 -1.047399 0.933861 -2.704022 -2.643977 4.416626 12.633352 -1.716713 1.110022 -2.548739 -2.149498 -2.097255 -2.280943
3 0.010565 -2.524977 18.006431 0.991717 -1.392070 -1.329217 -1.569057 -3.384279 -0.138964 -1.593759 -0.929814 -1.187035 -3.205308 -1.754234
6 -4.101477 -2.788840 -2.725778 -2.326195 -3.718487 36.237800 2.034281 -4.216207 -2.574869 -3.347080 -2.743698 -2.441941 -4.212172 -3.075334
13 -0.229893 -2.746686 3.248166 -3.080473 -1.528380 0.706948 -1.681666 -3.029918 0.994061 0.968948 0.278851 1.088263 4.477142 0.534637
3 -2.020537 -3.529801 28.969816 -4.081977 -3.660596 -1.982935 -2.359515 -2.840408 -1.633836 -1.273970 -1.439250 -0.039047 -2.964599 -1.143346
14 0.389743 -0.280788 0.357572 -0.342900 -0.003835 -0.246815 -0.363400 -0.270100 0.506213 -0.682052 -0.293315 0.262229 0.075166 0.892283
11 -2.028897 -1.790194 -1.629816 -0.655715 0.572668 -1.867487 1.884114 0.044832 -1.178420 -1.107538 8.900862 -1.662266 -1.218640 1.736497
11 -3.059346 -0.651835 -1.683936 2.058252 -1.659364 -0.470632 -0.169288 0.158284 0.225194 0.796920 6.830439 0.875159 -1.040924 -2.208922
11 -5.719313 -6.344701 -4.945464 -2.744303 -4.905015 -6.293268 -5.286589 -4.035450 -5.345515 -5.850192 65.170024 -4.740809 -5.070341 -3.889067
11 -2.203006 0.585781 -1.648541 -0.174207 0.866591 -0.779517 -1.489964 -0.143135 -3.821743 -3.040696 14.769399 -0.535972 -1.475456 -0.909533
1 52.951081 -3.891878 -0.792212 -5.012300 -3.043909 -3.301843 -5.090470 -3.893877 -4.837524 -5.257271 -6.076572 -3.722924 -4.626270 -3.404028
5 -1.365485 -2.375202 -2.180383 -1.787642 26.241465 -1.465202 -1.540624 -3.579943 -3.765920 -0.892986 -0.951300 -3.335390 0.035190 -3.036577
4 -6.686680 -4.097863 -7.726426 75.711125 -3.737102 -4.724436 -5.459581 -5.639528 -5.216749 -5.148522 -8.029625 -3.916229 -8.009825 -7.318557
7 -6.829260 -5.090293 -6.514446 -6.939431 -6.059191 -8.067509 88.399835 -7.522214 -7.068147 -5.299760 -9.772173 -6.904216 -5.578701 -6.754497
3 1.488402 -1.827559 3.179038 -0.847770 -0.293291 2.117410 0.631872 -0.331932 0.785167 2.421125 -1.758664 0.143554 -6.309816 0.602463
5 -3.298821 0.070433 -1.659756 1.853499 20.904901 -0.710377 -1.562577 -1.967917 -2.807743 -2.374699 -2.032594 -1.931475 -3.733333 -0.749540
4 -3.379573 -5.152210 -5.785830 71.040226 -5.069573 -5.571679 -5.161529 -5.210457 -5.676651 -2.220360 -7.141014 -5.021417 -7.590549 -8.059384
6 -6.304691 -6.239903 -7.772627 -7.623388 -6.435663 88.003432 -6.876131 -6.210505 -6.356549 -6.906960 -7.794827 -6.500491 -6.698230 -6.283465
8 -2.520934 -1.830785 -0.298011 -0.366312 -0.403554 2.028527 -0.163051 6.422302 -1.216242 -1.063210 -1.930353 2.952465 0.903290 -2.514133
6 -5.069661 -4.409896 -3.615419 -4.332681 -4.105197 60.054969 -4.833640 -5.156452 -4.387013 -4.282100 -4.190103 -4.766639 -5.822877 -5.083291
6 0.334983 -1.202679 -1.215306 -0.703648 -1.036735 6.114276 -0.644841 -1.237791 2.797592 -1.521043 -0.983081 -0.020800 -1.041702 0.360774
11 1.978516 0.873655 1.337691 0.370641 -1.575942 -0.475309 1.105268 -0.355722 1.374238 -0.615774 2.107295 -1.485216 -3.120821 -1.518521
13 -0.433759 -2.157785 -0.845543 -0.252773 -1.228501 -1.487651 -2.175474 -1.934438 3.422674 -0.137808 -2.144917 -1.663220 13.003753 -1.964557
13 2.314335 0.855509 0.098138 -1.199392 -1.414958 -0.199612 -0.727760 -1.690383 -1.210748 -0.451110 0.741785 -0.374808 4.790410 -1.531406
14 0.022561 -0.810725 -0.413675 -0.474760 0.127603 -0.112522 -0.563934 1.426124 0.022147 -0.790544 -0.278392 -0.435206 -0.002121 2.283443
9 -2.988083 -1.427143 -1.769431 -2.169732 2.524114 -0.471737 0.151867 -0.772271 7.981958 0.642646 -0.702833 -1.855423 0.770720 0.085350
1 4.698446 -3.719912 0.847051 -0.824290 -2.402638 -1.343410 -0.013958 -1.546849 -0.493533 -0.387659 1.380620 4.117761 -0.688604 0.376975
4 -6.052471 -6.697210 -5.303166 69.642662 -6.380450 -5.579391 -4.996302 -3.587488 -4.174484 -6.585417 -6.015724 -4.834401 -5.640199 -3.795957
14 1.464532 -2.351161 -0.517169 -1.502999 0.048644 -0.055631 -0.183509 -0.106767 -0.277484 -0.942957 -1.047685 0.687473 1.902572 2.882142
4 -4.733626 -4.661537 -5.448401 46.492193 -3.982654 1.913162 -5.162400 -5.897946 -6.483390 -3.326485 -1.448266 -3.150450 -0.244662 -3.865538
4 -6.649742 -4.546882 -8.110335 80.970056 -7.184329 -4.771058 -3.045970 -5.248949 -7.580002 -7.808526 -4.907303 -7.644323 -7.664221 -5.808416
3 -4.254057 0.042389 41.525822 -4.606144 -3.326721 -1.225507 -2.097694 -3.924127 -2.013685 -3.975508 -2.053308 -3.150052 -4.951576 -5.989835
3 3.391588 -0.360598 5.133658 2.007496 -2.686262 -0.101438 -1.833702 -0.302617 -2.346570 0.199116 -0.090623 -0.844555 -1.638356 -0.527137
2 0.415058 1.080923 -1.469045 -0.069320 -1.217954 -0.314712 -0.557209 1.077326 1.073481 -0.432955 -0.528935 0.617781 0.930775 -0.605216
10 -0.428610 -0.001443 0.020215 0.302598 0.532993 1.011892 -1.567674 -0.325775 -1.442754 1.117882 1.010610 -0.703655 -0.093436 0.567157
13 -2.071407 -0.232405 0.820854 2.061154 0.339044 -0.988430 1.351744 -0.797698 -0.917065 -2.168500 0.145543 -0.245358 2.203882 0.498643
14 -0.702944 2.232967 -1.650060 0.086812 -0.918810 0.679029 0.169608 -0.281878 -0.742502 -0.248349 1.799994 -2.016261 -1.423116 3.015511
14 -2.868096 0.736904 0.342756 -2.018206 2.661204 1.020102 2.277323 2.630689 -4.080214 -1.639916 1.608124 -0.439721 -3.180212 2.949261
4 2.566264 -3.120152 -1.618692 3.214575 -1.097785 -0.807585 -0.466481 0.112128 -0.600865 -0.727158 -0.427194 0.487667 1.886900 0.598379
8 1.796616 -2.155299 0.677738 -1.904820 0.484776 1.241270 -1.239303 1.872652 -0.813465 1.109051 -1.355890 -2.142453 0.810235 1.618892
4 -4.552412 -6.915882 -5.155921 69.240370 -6.687871 -5.236923 -6.089009 -2.802390 -3.309027 -7.858382 -4.979625 -5.951141 -5.951157 -3.750628
4 -5.507862 -7.081082 -5.045710 70.895391 -5.935568 -5.902279 -4.665424 -4.059749 -5.779619 -5.403500 -5.523015 -5.126762 -4.724874 -6.139946
1 2.398359 0.359680 0.390251 -0.715159 -0.886435 1.010647 0.209797 0.351794 -0.524813 -0.616681 -0.605459 0.041687 -1.232718 -0.180950
12 0.712032 2.589833 0.017404 -2.917047 1.318217 0.139462 -2.728332 2.423094 -3.515578 -1.049431 -1.927004 5.971647 -0.045858 -0.988442
1 26.074289 -0.976648 -0.577489 -2.132657 -5.117242 -0.792377 -3.047295 -2.595201 -1.384122 -1.891354 -1.922064 -0.994361 -2.957497 -1.685982
14 0.290030 -1.367002 0.002381 -0.761321 -1.388260 0.988496 0.432370 -1.112039 1.559799 -2.396937 -2.887551 -0.262454 0.184144 6.718344
10 2.763665 2.583983 0.557759 -1.395118 -0.591108 -0.155161 -0.717074 -1.744285 -3.741391 2.997623 1.405946 0.883957 -3.930121 1.081326
4 -3.112198 -5.803540 -3.808642 43.282399 -4.920446 -3.525073 -1.691901 -3.050539 -3.613857 -1.989677 -4.015960 -1.249677 -5.835724 -0.665166
5 -2.140197 -1.856418 -2.208735 -0.472113 25.537590 -3.335399 -2.615024 -3.080436 -1.148118 -2.233271 -1.142082 -0.993301 0.219702 -4.532198
4 -4.750859 -6.560188 -6.918374 74.184673 -4.227593 -6.991478 -7.044168 -5.294351 -6.136732 -0.537021 -5.499693 -5.038530 -9.578153 -5.607530
14 -0.072586 -3.210550 -0.851404 -2.022778 -1.056085 -0.314259 -0.443127 -1.554667 -0.410171 -1.240116 0.080469 -2.981759 -0.574165 14.651199
2 0.523728 0.711770 -0.424016 -0.404092 0.685206 0.148230 -0.037453 -0.657444 0.089300 -0.267253 -0.402836 0.079618 0.104735 -0.149493
7 -0.716271 0.151147 -0.844768 -0.961322 0.439796 0.569046 0.743323 0.478428 -0.120202 -0.040166 -0.053915 -0.060905 -0.089065 0.504876
4 -5.660586 -7.285147 -6.062999 70.812703 -7.312435 -3.943204 -2.311808 -2.905064 -5.624930 -5.162355 -6.371012 -5.089002 -5.777143 -7.307016
10 1.788813 -6.130642 3.379776 -2.355027 -2.072303 -0.096440 -0.002268 -1.962102 -0.544229 7.227671 -0.570104 5.772525 -3.417418 -1.018252
14 -0.401486 -2.175700 -0.583105 -1.436455 1.086724 0.440425 -0.759428 -1.113590 -0.870431 2.273854 -0.151944 -1.855975 0.371852 5.175262
6 -6.027610 -3.142305 -3.189922 -3.130438 -4.181003 50.350990 -5.143568 -4.816740 -1.956981 -2.983978 -3.483874 -3.688974 -3.721150 -4.884445
13 -1.161405 0.514254 -0.944929 -0.848347 0.637655 1.647379 -2.041332 -1.865623 1.246198 -0.927107 -0.266206 1.308183 3.180445 -0.479165
4 -0.348336 -0.596238 -0.470286 1.336341 -0.157880 0.578310 0.476783 -1.509570 0.237367 0.080712 1.143877 -0.714043 0.432146 -0.489182
4 -7.901320 -6.111158 -6.293489 73.952251 -7.212819 -2.483124 -4.750202 -3.824298 -6.746408 -6.951693 -5.342206 -4.171045 -6.270915 -5.893571
10 -3.745374 -1.400703 -1.929117 -0.838487 -0.557430 -1.980421 -3.712663 -0.702301 0.018459 21.726501 -2.258084 -2.589572 0.813739 -2.844547
8 -0.649726 1.386740 -0.774665 -1.814737 -1.413299 -1.488801 -2.740600 11.159523 -0.711283 4.961170 -2.612911 -1.720997 -1.686958 -1.893457
8 -1.570814 -0.385297 0.606739 -0.789363 -2.360790 0.394713 -1.264453 9.663448 -0.354775 -0.494861 -1.379777 -1.695332 0.127645 -0.497083
1 48.136025 -5.166517 -2.777145 0.040048 -2.666663 -6.582960 -3.864444 -4.951541 -1.781941 -5.307238 -3.602234 -6.431942 -2.432680 -2.610767
4 -3.291727 -0.545112 -3.542995 40.104910 -3.975748 -3.896828 -5.084899 -1.690954 -3.775018 -3.429242 -2.466776 -4.485602 -1.138719 -2.781289
5 -0.784260 -3.281843 -0.969522 -1.464626 19.747732 -2.649633 -3.159248 0.682871 -1.662969 -1.843273 -3.167805 -2.694119 2.899855 -1.653159
11 -4.251970 -0.818308 -4.543335 -1.220178 -1.996510 -5.461864 -3.658469 -4.619028 -4.920961 -2.912505 49.908694 -5.198492 -5.202891 -5.104188
14 -0.423723 0.340058 0.741414 1.508425 -0.023996 -0.804737 1.187203 -0.386576 -2.243067 -0.632835 0.598910 0.231178 -1.737464 1.645209
10 2.644711 -3.082948 -0.036210 -0.682091 -1.046856 0.442390 -0.498048 0.368075 1.766610 2.759864 -2.696268 1.281527 -0.261171 -0.959586
8 -0.916553 -1.946792 -1.871463 0.778250 2.423087 1.406377 -0.925549 3.976959 1.192179 -0.463307 -0.700406 -0.943312 -1.249382 -0.760087
5 1.733369 0.183819 -0.138893 1.193019 2.679263 0.001285 -1.351189 2.154922 -1.299814 -1.891162 -2.985309 0.167091 1.022555 -1.468957
4 -0.740194 -3.523491 -0.362683 6.561115 2.211601 0.721970 -2.409540 -1.043755 1.565628 -1.338887 -1.515336 -0.645392 0.860254 -0.341290
1 4.572992 0.069792 -1.215350 -1.449066 0.428915 -2.112826 0.449979 -0.591488 -0.752799 1.204313 -0.423134 -0.524174 0.238267 0.104579
4 -6.842649 -7.873241 -4.094401 72.220789 -6.608219 -5.388417 -5.582463 -3.523280 -4.442746 -6.577922 -5.894383 -4.762138 -6.025514 -4.605414
7 -3.283373 -0.355445 -3.635778 2.519128 0.982865 1.268867 2.947359 1.207823 -2.575623 -0.716771 1.902973 0.761855 -1.000483 -0.023398
13 -0.672050 2.520486 -0.841664 1.158948 -1.515865 0.363643 -2.793167 -1.545206 -0.275487 2.801164 -1.690097 -0.815996 2.837204 0.468085
1 28.969222 -5.577495 -1.511016 -1.833073 -2.545482 -2.225865 -3.188197 -4.821948 -0.951583 -0.289583 -2.715590 3.192869 -4.610621 -1.891639
6 -2.127575 -2.548259 -4.520091 -3.655414 -2.120011 37.608391 -2.940673 -2.413728 -2.563530 -4.299135 -1.223834 -4.251856 -2.961961 -1.982323
3 -1.164678 -2.625218 8.944375 -3.075311 1.033242 -0.407508 0.689084 -1.638259 -1.791319 -0.357517 -1.070878 1.848033 0.125871 -0.509918
5 0.393579 3.410928 -5.386761 -1.853019 19.893631 -3.560618 -2.377516 3.032939 -2.426318 -2.448812 -4.463515 0.257152 -0.773377 -3.698293
8 -3.315126 -1.970791 -1.885878 1.444286 -1.871861 1.000916 -2.433831 16.587622 -2.557411 -2.556429 -1.760496 1.032220 -1.706587 -0.006635
14 -0.846194 -0.647800 0.504904 -0.980147 1.023458 -1.525009 -0.046544 0.163298 -0.415545 0.801261 -0.290773 -0.102555 0.534162 1.827484
1 2.929076 1.308047 0.185997 -0.443552 -0.334695 -0.325798 0.790637 -0.158729 -2.050681 0.574637 1.130412 -0.258141 -1.931023 -1.416187
6 2.820751 -3.024224 -3.971417 0.529813 -1.798315 15.882645 -3.638893 -2.008620 0.623284 -2.806040 -2.205032 2.242344 -0.559746 -2.086549
12 -3.236013 0.344661 -1.295454 2.641634 -0.772493 0.590660 -1.612344 2.805449 -0.498266 -2.820443 -0.641295 3.501775 1.451108 -0.458978
3 -0.229609 -1.340589 15.010562 -0.339485 -1.095187 -0.980307 -0.598445 -1.385669 -1.316756 -0.723580 -2.372152 -2.161481 -1.273134 -1.194169
12 0.652116 -0.104314 0.390227 -1.055422 -0.510797 -0.953428 1.305507 -0.521640 1.256362 -0.480311 -0.556400 2.212287 -0.898807 -0.735379
14 -0.372524 0.675334 -2.101527 -0.263712 -1.868466 2.063432 -2.350104 -0.786664 0.165374 1.386168 -2.758908 1.963825 1.082160 3.165614
14 0.728723 -0.035629 -0.099312 -1.315486 0.754866 1.818856 -0.831098 -0.538917 -2.358186 0.157677 0.574567 -1.214264 0.336144 2.022059
11 -1.783126 -1.060659 -2.837290 -1.767753 -2.441430 -3.867522 -3.248172 -1.255731 -1.742645 -0.496092 24.900552 -1.699912 -2.752105 0.051886
13 -0.262392 0.813704 0.347339 -0.000583 -0.248006 -0.368692 -0.257034 -0.810601 -0.838515 0.809634 -0.541905 -0.692768 1.877842 0.171978
14 -0.667363 0.174423 -0.532053 -0.620126 -0.460822 -0.567231 -1.102200 -1.132118 0.614521 1.710985 0.164280 1.740945 -1.371374 2.048133
1 89.651093 -7.294808 -6.763050 -6.582780 -6.574778 -7.521602 -8.104846 -6.747515 -6.997628 -6.075819 -7.354036 -5.808430 -6.555617 -7.270183
12 0.631795 -0.353932 -1.126086 -0.954973 0.260906 -0.767389 1.296363 -2.036442 0.322903 -0.518251 -0.474525 2.830374 0.259110 0.630147
10 0.515593 -2.666655 1.651356 0.742360 -0.360385 -0.541634 -1.281160 -0.491501 -1.771129 2.034075 0.616470 1.838862 1.474744 -1.760996
3 -0.679150 -1.310897 2.811176 -1.655757 0.371938 -0.382411 0.646472 0.856626 -0.762141 -1.463273 -0.753306 0.642756 1.268509 0.409458
1 47.447694 -4.095706 -3.288746 -3.925176 -4.471290 -5.303231 -3.328608 -3.795162 -2.360487 -4.395872 -2.042892 -4.430897 -2.523325 -3.486299
1 32.987808 -3.911897 -2.425238 -2.991457 -1.107283 -0.806780 -3.639129 -1.544753 -3.055594 0.888784 -3.692193 -3.710027 -5.056323 -1.935918
2 -1.539943 2.007145 -1.762507 -0.755964 0.813329 -0.670149 -0.014451 -1.947167 -1.237428 0.934747 -0.342420 1.647921 1.841837 1.025051
6 -0.424549 0.733886 -1.420277 -3.082539 -0.739659 19.673010 -2.722669 -2.975275 -2.211452 -2.688189 -1.137614 -2.416994 1.909319 -2.496997
5 -4.073672 -0.452273 -1.009205 -2.726638 18.698672 -2.914463 1.272489 2.912500 -4.539229 -0.457549 -2.630916 -3.168494 -3.874654 2.963432
6 0.531461 1.317582 -4.374373 -1.466331 -1.767655 15.756957 -3.179941 0.108453 -1.207883 -1.216625 -2.852731 -2.420801 -0.912781 1.684668
3 0.284492 -3.087658 4.921214 -0.315216 -2.234597 -1.264110 -2.679890 -1.252586 -0.590931 0.263233 2.260410 3.446217 1.340754 -1.091332
2 1.933197 2.887059 -1.552665 -1.331107 -1.069496 1.983589 0.953317 1.237789 -3.334368 -0.928632 -3.375313 2.350720 -1.467073 1.712982
3 -2.033671 -3.028203 28.969816 -4.128736 -3.582072 -1.975526 -2.412618 -2.698178 -1.881584 -1.457242 -1.299681 -0.119127 -3.243485 -1.109694
10 0.416836 -0.256066 -0.458622 -1.736653 -0.144346 1.407624 -0.964425 -1.975637 0.874732 3.543324 -0.390070 -0.676879 -1.575464 1.935647
6 0.106741 -0.576850 0.352302 1.019687 -1.173880 2.154300 -0.351569 -0.698444 -0.015691 -0.630320 -0.259491 -0.329266 0.776480 -0.373999
3 -3.601423 -0.555298 10.924995 0.216904 0.863662 -2.407153 -0.336816 -1.440242 -0.653671 1.152824 1.728566 -2.575801 -2.732879 -0.583665
10 -2.425348 0.290732 -0.038944 0.040784 -0.908599 -0.821107 -2.560641 -1.979394 -1.498657 17.282475 -2.191611 0.045784 -3.973413 -1.262060
10 -1.424276 -3.588621 0.337283 -0.389120 2.769297 -0.213476 -0.570463 -2.008252 -1.954729 5.080774 0.856603 1.994165 -2.877722 1.988537
7 -6.037842 -6.436440 -6.278933 -6.240450 -6.900437 -6.536897 85.936573 -6.498716 -5.890346 -5.663979 -10.639228 -6.177676 -6.153435 -6.482195
11 -1.481795 -0.098509 -0.341690 1.636874 -1.463201 1.044548 0.188382 1.056262 -2.803863 -2.195912 3.090530 1.028390 0.037259 0.302725
12 -2.855073 -0.904260 0.445054 0.313019 -1.580368 -1.160120 1.227705 -1.058779 -1.463885 -0.681142 1.181748 10.930801 -4.134160 -0.260539
4 -1.105901 0.641722 0.152731 1.165301 0.323219 -0.108161 0.283089 -0.272446 -1.716507 0.043133 0.730591 0.227331 -1.137902 0.773800
11 -4.794495 -5.082534 -1.840000 -2.564160 -0.377812 -3.673281 -3.213949 -4.755358 -0.010658 -4.139472 36.847890 -1.804149 -2.743850 -1.848174
11 -8.605319 -4.834878 -4.682158 -4.838622 -4.663400 -5.020712 -6.762369 -4.953611 -6.216312 -5.798188 71.439408 -4.644044 -5.724216 -4.695583
2 0.331110 4.221684 1.084186 -2.023441 0.397895 -1.367682 0.121294 1.847857 -3.188980 -0.728011 0.774595 -0.771271 -0.732184 0.032949
3 -1.879215 -3.028203 27.505940 -3.924411 -2.791078 -2.007744 -2.212943 -2.627169 -1.774466 -1.422434 -1.527539 -0.044834 -3.162828 -1.103074
11 -1.669971 2.727337 -1.451790 -0.510415 -0.833003 -2.452579 1.570349 0.040041 -2.494250 0.268674 5.311817 -0.677374 0.630776 -0.459613
14 -1.901852 -0.009136 1.008929 -0.125131 0.381726 0.385419 0.146614 -1.918967 -3.025724 -1.129212 -0.585126 0.787132 2.560278 3.425050
11 -2.106309 0.759104 -0.889344 -1.378374 1.788467 -1.678639 0.383118 -0.630700 -2.401735 0.684738 5.467492 0.360003 0.185453 -0.543274
7 1.010601 1.340731 -2.731060 -0.268379 -0.766824 0.355562 1.708927 0.403785 -0.640853 -1.927260 1.638111 -0.731665 -0.638076 1.246401
4 -0.481839 1.827784 -0.023799 3.146187 -0.597665 -0.322206 0.541787 -0.962778 -1.765227 -0.270022 0.542955 -0.292148 -0.897490 -0.445540
10 -0.488594 -1.419238 1.971238 -1.634367 -0.566733 -0.491319 -0.069986 0.479086 0.950528 3.777516 2.707643 -0.473323 -2.625736 -2.116716
11 -5.014784 13.839269 -4.172946 -3.076387 -2.975234 -5.745985 -1.278979 -4.015032 -5.044891 -4.623109 34.738786 -4.868549 -4.997349 -2.764812
10 -0.991011 -0.800642 -1.285857 -1.239456 -0.243549 -0.476352 -0.164969 -1.352050 -0.986829 8.913527 -0.905249 -0.152654 1.090664 -1.405574
11 -2.691922 -2.392618 -4.910856 -1.884650 -1.074123 -2.067680 -6.019519 -3.040537 -5.630985 -1.254778 39.737074 -1.558103 -5.462012 -1.749292
11 -2.622584 -1.078925 -2.259706 -0.861506 -1.645541 -1.702102 -2.343588 -0.538776 -5.164482 -0.238877 22.021851 -0.987858 -2.013688 -0.564219
6 0.092526 -2.211489 -3.003178 2.004807 -1.594747 21.236956 -1.847045 -2.741499 -3.083027 -3.020703 -2.064356 -0.036075 -3.127726 -0.604442
13 -0.547699 -2.987221 -1.446087 -2.735553 0.008813 -0.865273 -0.188359 -1.072399 0.873805 -2.272556 -1.260846 -0.101013 12.622338 -0.027952
5 -1.472277 6.961485 -3.251303 -0.765168 20.605850 -2.223535 -2.388853 -0.262960 -2.606929 -2.610911 -2.556091 -3.827076 -2.008053 -3.594180
2 -2.376611 6.049983 -2.477941 0.109328 -1.261081 0.447872 1.102110 0.762523 -3.893996 0.332040 0.326667 0.354200 -1.281476 1.806382
2 -0.446118 2.625351 -0.423519 0.155050 -0.948598 -2.191197 0.626547 0.865812 -1.691038 0.516347 1.160250 -0.308613 -2.461117 2.520843
14 -0.936191 0.752357 -1.260062 -0.749939 0.267430 -1.626294 -0.528554 0.764684 -3.216689 -3.388761 3.073487 -1.241638 1.517394 6.572778
11 -2.904352 0.707908 -0.805520 0.622044 2.115553 -0.705016 0.764735 0.504154 -2.818089 -1.262308 2.254604 1.607854 -1.390357 1.308790
8 -3.772452 2.941473 -1.445393 3.529877 -0.113076 0.487819 0.396738 4.105874 -3.075881 2.234350 -0.245826 -2.051723 -2.942088 -0.049692
5 -1.607585 0.732575 1.411859 -2.484337 16.262677 -1.545454 -3.470909 -0.012097 -2.756487 2.030842 -0.564159 -2.183185 -3.873756 -1.939984
9 0.849105 1.211152 -1.570275 -2.125187 -0.858887 -0.988925 -1.949352 2.212617 3.329094 -1.252020 1.638059 -0.246965 0.501851 -0.750266
12 0.123584 -0.877293 -1.195994 1.227236 -0.565977 -0.124114 -2.250328 -2.038270 -0.723875 1.395617 -1.287125 3.167039 0.877163 2.272338
5 -1.265047 0.310169 0.258548 -0.681112 4.878296 -0.988947 0.846042 -1.907129 -2.086841 0.283051 -0.550715 -1.106481 2.353162 -0.342997
2 -1.940562 14.181672 -0.779904 -0.844817 -0.668169 -1.374745 -0.479304 -0.986021 -2.768075 -1.763421 -0.225450 -0.772111 -1.252861 -0.326232
13 -0.292097 -1.410493 0.106260 0.541030 -1.318831 0.276250 -1.460576 -0.325452 -0.168023 -0.965581 0.548760 -1.746640 5.533781 0.681614
14 1.188969 -2.020383 -0.510787 -2.331397 -0.975099 -0.361031 2.237775 -1.910171 -1.535711 -2.061560 -3.172054 -1.703975 -0.460067 13.615491
8 -0.127769 -1.868101 -1.113669 0.644748 -1.298426 -1.284414 0.814225 2.524356 2.351985 -2.214105 -0.708533 0.765297 1.465524 0.048882
3 -2.839724 0.456579 18.010256 0.216283 -2.513392 -1.797643 -1.364371 -1.968150 -1.958681 -0.888141 0.713250 -1.261569 -4.203746 -0.600949
4 -2.451060 -0.947589 0.568972 2.272730 0.856415 0.688520 0.550249 -0.285980 -1.209729 -0.554929 0.145966 0.565276 0.638781 -0.837622
6 -0.923936 1.432696 -3.076376 -3.343759 -5.498552 37.067721 -2.654694 -2.646186 -6.033406 -6.481559 -1.983962 -3.081025 -2.493106 -0.283856
6 0.257014 -0.508179 -1.157408 -0.936825 -0.908754 4.102076 -1.258751 0.611168 -2.140941 -0.676612 0.123901 0.064725 3.511173 -1.082586
3 0.198644 -1.107479 9.456488 -1.274360 -0.939799 1.408228 -1.791780 -0.430389 -1.166739 -1.495855 -0.975218 1.251197 -1.003161 -2.129777
1 25.776564 -2.201885 0.311828 -4.718237 -3.587210 -4.937630 0.498643 -0.857315 1.922314 -2.727581 -3.364364 0.144473 -3.933610 -2.325990
2 -1.503434 1.215480 -1.147573 -0.299677 0.725542 0.263375 -0.076786 0.777851 -0.940605 0.275854 0.521109 0.078030 0.410202 -0.299369
2 1.900456 2.798458 -1.124169 -0.378186 -1.960194 0.466282 0.691307 0.378690 -0.300113 -0.142854 -2.832922 -0.411985 0.636823 0.278405
6 0.776969 -0.490789 -2.691302 -0.782643 1.174303 3.092593 0.228925 0.720009 -0.143391 -0.554141 0.514008 -0.754543 0.495507 -1.585507
6 -0.732680 -2.420386 -1.907606 -0.732381 -0.591687 20.986308 -2.955117 -0.587490 -2.978956 -2.935413 -1.187577 -0.771519 -1.788692 -1.396805
3 -2.427911 -0.198543 6.616514 0.422741 -0.082138 -0.173176 -0.859728 -1.683949 -1.800327 -0.235773 0.451708 3.302511 -4.114208 0.782279
12 2.318631 -0.682357 -2.597234 -0.048406 -1.651158 5.821175 -2.259904 -1.413019 -5.171011 1.275393 -0.901019 8.343379 -2.600754 -0.433717
1 46.748299 -3.001733 -3.784525 -4.217227 -2.596143 -3.202037 -3.022058 -5.444189 -1.231774 -2.632835 -4.272845 -3.115538 -7.302465 -2.924928
14 -2.313584 1.082853 0.642616 -0.063257 -0.600433 -3.962843 -0.053618 -0.450966 -0.068962 -0.488688 1.203822 -1.669712 1.961609 4.781164
13 -1.694039 -0.870062 0.156798 0.644156 0.565278 -0.925131 -0.266539 -0.488603 -0.101066 0.491713 1.150689 -0.252210 1.304198 0.284818
4 -1.356843 0.391925 -0.331783 0.986024 0.100000 0.372015 0.179060 -0.363681 -1.211282 0.512382 0.977384 0.215788 -1.210843 0.739857
12 2.118071 -1.996282 -1.998989 -0.339324 -3.408579 0.843244 1.266282 -2.725526 -1.220296 -2.739532 -2.446623 17.161959 -2.609061 -1.905345
1 24.328484 -3.903147 -1.496845 -3.041912 0.008624 -4.070326 1.726519 -4.114780 1.888941 -0.646342 -0.398629 -4.109887 -6.429592 0.258893
13 0.265900 -0.844469 -0.377973 -0.280651 -0.986832 -0.669879 0.112106 0.564669 -0.792696 0.303723 -0.757296 0.161996 4.689316 -1.387917
13 0.332038 -2.745232 -0.755791 -1.748620 -1.948437 -0.045687 5.504937 -1.886218 2.041665 -0.857538 -0.168648 -1.840213 6.488001 -2.370258
11 -0.956540 -2.914945 1.374782 -1.459302 1.238689 -0.919155 1.619101 -0.098587 -3.757750 0.789176 2.360119 2.220275 -1.169990 1.674127
9 -1.685973 -0.270035 -0.562774 0.855103 -1.157218 -1.028257 0.026330 -0.026737 6.622345 -1.281152 -1.011381 0.099324 -0.882936 0.303362
3 -2.051914 -2.218213 36.480088 -3.492700 -2.268763 -2.898225 -2.306676 -1.864545 -2.747544 -3.253519 -2.032040 -2.907819 -4.209373 -4.228757
7 -8.365683 -5.322054 -6.281747 -7.393717 -6.759531 -6.303942 70.955926 -4.573570 -3.893628 -5.184917 -6.012296 -5.996939 -2.544877 -2.323027
11 -1.454011 -1.677879 -1.285471 0.332594 -1.060285 -0.384518 1.384494 0.424214 -3.631461 -2.206772 8.555597 -0.354148 0.790629 0.567016
8 -0.300812 1.806414 0.056281 -2.282699 -1.857132 -1.512091 -2.821156 11.694268 -0.472188 2.510874 -1.770654 -2.134365 -1.791690 -1.125050
9 -1.833502 -2.742624 -0.427013 0.230426 -1.137766 -2.246245 -0.024837 -1.518861 8.131234 -1.945724 -0.680892 -1.702906 3.628095 2.270617
3 0.252753 -0.469722 2.943085 -1.565546 -0.219717 -1.186367 1.921490 0.120825 -0.718588 0.189525 -0.880489 2.503666 -2.203314 -0.687600
6 -1.853677 -1.518904 -2.062112 -1.566057 -2.135764 23.771474 -2.142666 -1.886250 -1.826952 -1.526761 -2.327823 -1.345614 -1.987332 -1.591560
1 24.049071 -1.618758 0.384605 -2.632348 -2.158045 -0.956171 -0.435106 -4.315127 -0.845544 -1.651039 -3.114911 3.217529 -6.877777 -3.046378
1 4.269782 0.238677 -0.826502 -1.201408 1.236492 -1.295783 -0.618719 -0.119953 1.099437 -2.633455 0.442558 -0.669751 -0.075100 0.153724
9 -2.074424 -0.666460 -2.149624 -0.722046 -0.182424 0.015093 -1.105868 -1.143132 12.179841 -0.231585 -2.297433 -0.079037 -0.445184 -1.097718
5 1.679836 1.201239 0.137476 0.488267 15.179749 -0.809117 -1.184117 -1.834450 -3.389281 -1.137014 -2.377556 -4.156366 -4.017358 0.218690
5 -0.657262 -2.180329 -1.413248 -0.911816 6.059025 -0.113393 -1.083276 0.819572 -0.541790 -0.755897 -1.727204 -1.335228 4.348063 -0.507216
11 -3.408718 -1.377512 1.434907 0.873344 1.125811 1.629363 -0.240008 -0.121459 -2.431850 -0.200142 3.268003 0.695574 -1.347090 0.099777
1 30.596512 -2.139576 -3.017090 -2.440940 0.433332 -5.372447 -1.986480 -1.141327 -2.144100 -2.648932 -2.555358 -2.760966 -2.387885 -2.434744
1 4.571743 1.422895 -0.854457 -2.215774 -0.674904 2.098822 -2.577683 -2.442526 0.295612 -2.707604 -0.765373 0.385304 2.516366 0.947579
12 -0.440621 -0.999284 1.131822 -0.767424 -0.671378 -0.512637 0.479685 -2.374108 0.687719 -2.116058 -0.534884 8.138116 -1.774235 -0.246713
1 6.561833 1.279206 -0.876783 -0.334331 -1.903713 3.312791 -0.878828 -2.493523 0.227383 -1.196114 -1.280852 -1.839724 0.654087 -1.231431
1 70.677154 -6.239907 -6.061193 -5.116499 -6.435726 -6.153359 -4.358016 -4.707005 -3.554207 -6.219157 -4.045656 -5.420169 -6.647187 -5.719070
1 25.146095 -2.154046 -1.189831 -2.334841 -1.839463 -1.489737 -2.482550 -1.834617 -2.290363 -1.208547 -2.418801 -2.404286 -1.697283 -1.801729
1 40.457460 -4.680898 -4.174339 -2.704748 0.397192 -2.990442 -3.706407 -4.978421 -4.304730 -2.144938 -3.843150 -3.338332 -1.654237 -2.334008
1 33.945912 -4.304317 -3.509497 -4.711605 -3.228262 -2.931479 -3.434757 -2.315249 -2.467421 -2.124361 -3.090112 -3.376757 4.615406 -3.067499
1 55.371404 -2.692416 -4.774624 -4.684238 -4.246040 -4.357629 -4.056062 -4.432944 -4.136610 -4.382709 -3.374368 -4.245918 -5.964816 -4.023028
1 47.098421 -4.945231 -4.399638 -4.614249 -5.010130 -4.093694 -2.449382 -2.964231 -3.729388 -3.232541 -3.486639 -2.643369 -2.283208 -3.246716
1 53.668966 -2.210704 -5.002411 -2.845565 -3.821731 -5.179830 -5.556194 -2.048362 -4.142494 -5.203309 -5.545982 -4.839972 -2.768248 -4.504164
1 51.113492 -6.757004 -3.172258 -3.653786 -1.310996 -5.382153 -4.700716 -5.847637 -1.113071 -2.282303 -2.156706 -5.680054 -4.414890 -4.641917
1 47.227171 -4.534947 -3.481524 -4.423828 -3.020114 -3.146534 -3.475891 -3.240634 -1.947520 -4.745456 -3.642036 -4.578760 -4.677581 -2.312343
1 37.751421 -2.439201 -1.861788 -4.652295 -4.764452 -3.954564 -1.761486 -1.402084 -3.467850 -2.865160 -3.559302 -2.569517 -0.086328 -4.367394
1 28.930969 -4.766729 -2.186564 -1.799045 -3.461449 -1.357786 -0.945622 -1.720866 -0.908209 -1.969940 -3.990326 0.436922 -2.589618 -3.671735
2 2.011343 3.251197 0.408190 0.899493 0.950526 -0.299578 -0.591028 0.569253 -2.710407 -1.520728 -0.807032 -0.779480 -2.632150 1.250401
1 33.242561 -5.071803 0.096049 -3.501378 -2.168518 -1.792682 -2.700362 -2.614277 -2.392782 -2.058573 -4.839933 -2.229648 -2.467258 -1.501396
13 0.569935 -0.099638 -0.742575 -0.856086 0.416668 0.130465 -0.729311 -0.684420 -0.630475 -0.909648 -0.547447 0.238048 2.211462 1.633020
1 53.156149 -4.484734 -5.233053 -4.189455 -1.946386 -4.625723 -5.651149 -3.359246 -0.668182 -2.219805 -4.630393 -4.856730 -8.084144 -3.207148
1 31.829222 -4.155218 -3.063695 -2.501117 -3.488565 -1.803146 -2.602352 -1.524742 -0.725576 -2.372157 -3.549726 0.933424 -2.745614 -4.230737
1 27.815301 -3.323596 -2.193718 0.888336 -1.322432 -4.123200 -1.388297 -2.429388 -2.368857 -2.600237 -1.028046 -1.118301 -4.430678 -2.376886
1 46.960576 -3.994003 -3.841409 -3.929137 -4.967381 -1.636863 -1.437923 -4.868792 -4.985879 -5.463248 -2.873981 -3.924988 -1.556174 -3.480799
1 5.556644 -2.208375 0.783444 -0.541312 -0.640144 -0.059559 -1.869648 0.779860 -1.005435 -1.200728 -0.180325 1.480384 -1.585253 0.690444
10 -0.637900 -0.634566 -0.242737 0.096297 0.397783 0.452130 0.770747 -0.572622 0.749035 1.338083 -1.226862 0.584098 -0.337007 -0.736479
10 -3.849609 0.814062 1.737317 0.625209 -0.658000 0.536124 2.744049 -0.530881 -3.859826 5.986550 2.752707 -1.612247 -4.604681 -0.080774
13 -0.859635 -0.817381 1.628219 -1.481401 -0.079195 -1.787239 -3.571647 2.527427 -2.970472 -0.119547 0.954226 1.242648 4.604382 0.729614
7 -0.581801 0.572307 -0.322397 -1.043013 -0.559554 -0.628986 1.696592 0.715800 1.501039 0.197667 -0.581110 -0.113335 -1.231719 0.378510
14 -2.114590 -1.065618 2.039718 -1.498071 -1.092477 -0.589759 -0.705221 0.148775 -1.422527 2.010812 0.842701 0.667994 0.475689 2.302572
10 -0.398657 -2.242383 0.029416 -1.840602 -1.047001 -0.361049 -0.025207 -0.085540 -1.830730 9.133170 -1.438944 -0.001248 0.853284 -0.744510
10 -1.183064 -1.210470 0.053523 -0.661824 -0.264218 -0.477266 0.606397 -0.834332 1.890326 5.002616 -0.050905 -0.846960 -0.291006 -1.732816
10 -3.114597 -2.598996 -3.489361 -2.822436 -3.614535 -1.667534 -4.508493 -1.695361 -2.210797 36.906875 -2.200868 -3.519901 -3.558116 -1.905881
1 5.017820 0.307817 -1.595455 -3.759879 -2.149795 2.794308 -1.570103 -0.193246 -3.193050 -1.437974 2.471845 -2.729400 2.022903 4.014208
10 -1.804339 -2.309675 -0.003240 -0.631987 0.602694 1.248035 1.582245 -1.137037 -0.568818 1.856969 0.343590 -0.901093 1.400003 0.322654
10 -2.451960 -2.977648 -2.307425 -2.758248 -0.427629 -3.268226 -1.530582 -1.688226 -0.569578 21.728924 -1.992191 -0.117624 -1.301085 -0.338501
8 -0.233042 -3.367683 -0.453229 -1.157307 0.999560 -0.140679 -0.902361 2.857732 -0.268108 1.823025 1.109582 -0.438797 1.099421 -0.928113
13 0.868760 -1.966733 1.756318 -1.415353 0.236753 -2.924961 -0.968043 0.732621 0.302815 0.086144 -0.133564 -0.020219 3.208327 0.237133
10 -1.877745 -0.282492 1.007156 -1.066171 -0.366985 -2.326089 -0.828116 -1.129509 -1.623390 11.798458 -0.904080 -1.267203 -0.283611 -0.850223
7 -0.653126 1.787084 -1.831409 -0.001738 0.479589 -0.575316 2.030995 0.437778 1.801184 -2.418688 2.001777 -2.063126 -0.829787 -0.165217
10 -1.289750 -4.804658 -2.194569 -3.958835 0.341612 -1.437636 -0.497628 0.619117 -1.517652 24.805032 -4.579251 -3.327747 -0.424345 -1.733689
10 0.078252 -1.530031 -0.660837 0.121771 1.351641 0.252894 -1.003040 -1.793251 -0.883453 6.103028 -0.509557 0.257136 -3.562074 1.777524
10 -2.588242 -1.295901 -0.862101 5.539761 -0.196174 -0.676102 -1.786491 -2.351141 -1.526913 11.654157 -0.440450 -2.636996 -2.358061 -0.475346
2 0.374079 1.787310 -2.371224 1.394757 -2.318483 -0.422624 0.808875 1.373106 0.668737 -1.012918 -0.891005 -0.049519 1.518559 -0.859649
12 -0.869173 0.091418 -0.130475 -0.703688 0.434997 0.651911 0.910696 -1.113158 -1.398101 0.803898 1.191157 1.799688 -1.831546 0.162378
2 -1.059454 1.647339 -1.705521 -0.106075 0.360044 1.530156 0.346407 0.524920 -0.590733 0.743327 -0.267027 -0.931044 -0.260919 -0.231421
2 -2.500231 22.410464 -1.709236 -2.769079 -0.393145 -3.608399 -1.577986 1.459961 -0.992721 -1.163671 -3.710249 -1.519092 -2.630151 -1.296467
2 0.038506 1.964905 -0.010727 -0.572623 -0.828827 0.252774 0.035730 -0.717185 -0.875886 0.257791 0.061696 1.306963 -0.718591 -0.194525
1 0.000000 0.000000 0.000000 0.000000 0.000000 0.000000 0.000000 0.000000 0.000000 0.000000 0.000000 0.000000 0.000000 0.000000
2 -1.965227 21.702148 -1.129247 -1.977400 -1.510086 -0.819864 -1.527654 -0.559219 -1.093762 -1.944537 -2.968596 -1.410088 -3.029031 -1.767439
2 -2.314589 26.340912 -2.036356 -1.462430 -0.999186 -3.301092 -1.650564 -0.670170 -3.854415 -2.745780 -2.681234 -0.797978 -2.696669 -1.130448
2 -2.306261 5.894335 -2.727460 -0.448009 0.191558 0.114911 1.285731 0.553360 -1.524171 -0.787823 2.416826 -1.940030 -0.771483 0.048516
14 -4.593612 0.813937 1.497941 0.284342 -0.564204 -1.454056 0.912172 -0.703894 -1.601416 2.633278 -0.024955 2.519805 -3.463865 3.744527
2 -1.162217 18.026237 -1.022578 -1.720031 -0.829600 -0.370441 -2.316104 -1.676372 -0.975755 -1.438664 -1.779335 -1.502415 -2.044549 -1.188177
2 1.335329 5.443179 -3.806562 -0.865820 -1.785259 3.559352 3.206628 1.634450 -2.750208 -1.478540 -2.123611 0.232824 -4.221463 1.619700
2 0.107580 25.976464 -2.987795 -1.782029 -0.662720 -0.931279 -2.857175 1.196208 -3.761303 -2.423097 -3.663217 -2.880938 -3.290139 -2.040561
14 -2.875620 -3.462840 1.021377 -3.035544 0.949317 1.312618 1.909862 0.531422 2.643788 -0.687035 -2.495754 1.166178 -0.596467 3.618698
2 1.164618 14.478572 -2.333413 -0.300318 1.377261 -0.160344 -1.905780 -2.250986 -2.277326 -2.896561 -3.149152 -0.410836 0.636486 -1.972221
2 2.353727 5.485668 -2.354473 -0.579137 0.601571 -0.519395 1.034403 0.313261 -1.962630 -1.714523 0.500821 -1.623514 -0.833491 -0.702288
2 -0.956236 18.191972 -1.769238 -0.882105 -1.833109 -1.157508 -1.760064 -2.001496 0.359209 -1.019250 -2.537927 -1.493492 -1.887924 -1.252832
2 2.300017 6.912049 -1.053940 -0.878392 1.440318 0.103946 -1.866904 0.057482 -1.540383 -2.270956 -1.839527 0.702297 -1.326108 -0.739899
2 -2.456785 11.032769 -0.841490 -1.169123 3.166098 -1.285457 -0.315581 -1.360455 -3.904863 -1.995423 3.520546 -1.737493 -1.591147 -1.061597
7 -0.387543 -1.730605 -1.719561 -1.528565 -0.866933 3.226538 3.611507 3.114509 -1.189286 -2.225115 -0.563444 -2.009986 0.106637 2.161846
6 0.299768 -0.236683 -0.179309 -1.805649 -0.018739 2.850260 -1.406971 1.054796 0.119964 -0.945055 -1.041372 -0.251309 2.585965 -1.025666
7 0.398523 -3.695906 -0.537240 -0.025784 1.727284 2.865389 3.093428 0.672752 -1.266157 -1.996276 -2.377036 0.695787 0.825735 -0.380499
5 0.389369 -0.046373 -0.332642 1.364629 2.150994 0.055386 0.836205 -2.968229 -1.584711 -1.516360 -0.673111 0.557230 -0.364074 2.131687
5 -1.524105 -2.535002 -2.144621 2.178151 14.804961 -0.687594 -0.412024 -1.184885 -1.819413 -2.015667 -0.036359 -1.759887 -2.352091 -0.511465
5 -0.239316 -0.757702 0.684956 -0.146578 3.542575 -1.360357 -0.529548 -0.284753 -0.820109 -0.324692 -0.570945 -0.494630 -0.193071 1.494171
5 0.074719 -2.682442 -2.570690 -1.436637 17.349535 -0.469863 -2.530967 -1.016729 -1.179958 1.948194 -2.098071 1.382770 -5.015922 -1.753940
6 -0.633994 0.665368 0.917452 1.467683 -1.053430 1.925893 -1.706817 1.224088 -2.448404 -1.156837 -0.693554 1.810968 -1.787001 1.468587
14 -0.752356 0.075306 -0.430433 1.202868 2.579197 -0.574373 0.370869 -0.537311 -2.406864 -0.246562 -0.487315 -0.435952 -1.279619 2.922546
5 0.370720 -3.542175 -2.400332 -0.534754 6.604221 0.905278 -1.337968 -0.340996 -2.440203 1.378188 1.269924 0.410411 -1.625238 1.282922
8 0.205968 -1.265848 -1.759822 -0.235413 0.131004 -0.856552 0.338591 2.485382 1.136295 -1.178039 -0.513088 0.184452 -1.016215 2.343284
3 0.013801 -0.983550 3.085054 -0.353680 -0.452258 -0.662172 -0.323128 -0.445866 -0.001438 1.889811 -0.752920 -0.157694 -0.114062 -0.741898
5 -2.130737 2.370505 -0.948727 -1.287365 4.576614 1.515669 -0.583406 -0.878696 0.712322 -1.443715 1.210530 -2.505217 2.585225 -3.193001
5 -4.892506 -4.732400 -4.695820 -1.262504 52.852389 -6.152632 -4.986875 -5.736975 -3.844724 -4.772523 -0.748993 -2.845309 -2.427875 -5.753254
5 -2.465224 -3.106105 -1.061755 2.364830 15.822495 -1.884683 -0.580239 -1.981118 -1.375953 -1.543641 -3.746067 -2.931346 1.999421 0.489383
5 -2.188316 -2.914400 -3.066820 -2.766021 37.177891 -1.868096 -1.645501 -3.989685 -2.954069 -4.149363 -2.280107 -1.711500 -3.404818 -4.239192
5 -1.303920 -2.849540 -2.342850 -1.455988 18.030935 -2.684467 -1.424940 -1.110083 -0.519395 0.470473 -2.321903 -1.191762 0.738477 -2.035040
5 -1.246175 -4.374996 -3.497625 -2.152305 38.694251 -3.601745 -3.167078 -4.164072 1.217295 -3.067731 -2.773183 -5.574115 -2.180502 -4.112020
5 -2.754739 -1.500677 -0.959361 -0.605860 19.585930 -0.096674 -1.935645 -3.819113 -3.698006 -1.204240 1.236845 -2.325202 -4.501976 2.578719
5 0.600730 -1.689110 -1.745873 -2.099817 16.199577 -1.812779 0.051848 -2.142987 -2.387845 -1.420301 -2.236923 -1.541872 2.059756 -1.834406
5 -2.014579 -0.597798 -0.686501 0.803484 4.602937 1.813303 -0.207655 -0.545107 -2.235758 -0.382064 0.962415 -0.081949 -1.319968 -0.110759
11 -0.639444 -0.720495 -0.347348 -0.113485 -0.591626 -0.443484 -0.619436 -0.549003 -0.419279 -0.420661 6.821901 -0.513748 -0.838837 -0.605054
11 -1.037455 -4.789581 -2.943522 -4.058406 -3.359220 -2.369916 -6.266383 -2.674662 -5.509055 -3.472476 46.779499 -3.056951 -4.549007 -2.692866
7 0.558595 -0.861868 -1.185364 -2.311285 -0.172993 -0.664509 3.919976 -1.686754 -0.610338 0.789413 1.463603 -0.343881 -0.614213 1.719619
11 -1.601561 -1.552896 -1.368235 -0.137296 -1.985001 0.045399 -2.449314 -0.703991 -1.076259 -1.414727 16.301696 -1.608445 -0.744121 -1.705251
11 -0.590194 -1.907673 -2.010078 -1.363693 -1.326258 0.007943 1.218340 -0.138453 -0.005197 -0.871774 7.620534 -0.937183 0.159130 0.144555
11 0.007622 0.587093 -1.156623 1.247615 0.292043 0.227787 0.648152 -0.008684 -2.371167 -1.289703 4.122833 -0.931603 -2.346235 0.970872
11 -0.022759 0.913622 -0.535877 0.182913 -0.859945 -0.531724 0.696917 -1.837420 -1.096704 -0.562009 8.444032 -2.306916 -1.685913 -0.798218
1 6.235454 -1.386586 0.236714 -1.774222 -2.510674 0.187434 1.031425 -1.545983 -1.148817 0.637914 0.751457 0.479280 -0.281182 -0.912215
11 1.695088 -1.088245 -1.560922 -1.696866 -1.615800 -0.481398 -0.276315 1.144478 -0.598501 -1.535529 5.682717 0.438317 0.848595 -0.955618
11 1.847865 -0.067306 1.969128 -0.335663 -0.690933 0.317295 0.178276 -1.381549 -1.959053 -0.868560 2.252613 1.250490 -3.058187 0.545584
11 -3.850548 -6.016059 -5.247434 -3.895471 -5.155343 -4.942796 -6.230476 -2.556461 -3.503748 -6.013242 58.955703 -3.531639 -3.901252 -4.111236
11 -3.427261 -1.708260 -3.490183 -2.394638 -1.571405 -1.644254 -3.425940 -1.477545 -2.070774 -2.689958 30.195426 -1.153622 -2.620339 -2.521247
11 -1.465696 -3.822636 -2.107234 -2.142841 -1.860732 -1.994791 -3.187710 -1.561861 -0.913682 -1.384583 24.285251 -0.914314 -1.112474 -1.816695
5 -0.849432 -2.133232 -1.853444 -1.384686 4.361080 -2.511695 -0.364585 0.386868 -2.169916 0.939454 3.737450 2.744133 0.006347 -0.908343
11 -1.519204 -1.869177 -1.126846 -2.325653 0.234342 -1.004398 -0.563081 -0.756356 -1.194387 -0.600902 13.068746 -0.775991 -0.444502 -1.122590
11 -3.082883 -1.481778 -1.659608 -2.958036 -3.097549 -2.735702 -4.967020 -3.046123 -3.297719 -2.319874 35.081991 -0.756800 -1.747935 -3.930966
11 -4.624792 -3.743218 -1.939043 -1.745055 -3.737051 -3.718372 -3.422356 -3.975791 -3.102358 -3.499906 41.879657 -4.119469 -1.821362 -2.430884
11 -3.699760 -3.293785 -3.865310 -1.992715 -3.259176 -3.762572 -2.186605 -1.344188 -2.492272 -4.415426 36.706828 -3.704149 -0.385721 -2.305151
11 -1.647870 -0.964323 -0.805617 -1.759366 -2.382178 -1.433071 -1.178517 -0.271841 -0.943258 -1.986287 12.349849 -0.452265 0.665517 0.809227
7 0.120441 -0.619017 0.287880 0.352377 -0.392621 0.184764 1.578799 -0.554889 1.110439 -0.431319 -0.622162 0.073308 -0.487361 -0.600640
11 -2.740956 1.889558 -1.532352 -3.184270 0.185923 -2.191923 -0.558303 -0.325652 -2.967492 -1.611088 15.877949 0.995683 -1.099626 -2.737451
1 1.642902 1.560626 -0.185648 -0.718708 -0.629998 0.365897 -1.149475 -0.724088 1.398508 0.295354 -0.074948 0.372413 -1.889710 -0.263125
4 -0.102597 -1.524441 -1.678444 5.482114 -0.949907 -0.482648 -0.523275 -2.223353 1.026133 -1.576906 0.474596 1.482839 -2.590604 3.186494
9 1.274944 2.093571 -3.188959 0.856921 -0.255454 -3.117703 1.491428 -0.462186 4.093643 0.526550 -1.009511 -0.906889 -0.261711 -1.134644
9 -0.496312 -0.696872 -2.506390 1.149166 2.084911 -0.848624 0.438381 -1.177940 2.183198 -1.027655 1.622242 0.382390 -2.097641 0.991145
12 -1.403997 -0.797902 -0.277631 0.622901 -1.027716 -0.932655 1.336683 0.253219 -2.168209 0.326048 1.113840 1.830714 -0.493028 1.617735
7 -9.846064 -7.558689 -8.026321 25.014714 -0.882473 -8.660380 71.911804 -8.962686 -9.788662 -8.225043 -8.818717 -8.336102 -9.381909 -8.439470
14 -0.409672 -0.090528 -1.162055 0.008984 -1.039787 -0.626758 -1.291474 0.167510 -0.717014 -0.244309 1.333519 0.576407 0.823721 2.671457
4 -0.542982 0.411261 1.239359 7.010766 -3.064644 -0.324481 0.008010 -2.974533 -0.224304 -2.197670 -0.062773 -0.924850 1.764508 -0.117668
5 -1.722411 -3.414399 -2.090118 2.187469 18.445736 -0.356146 -2.149908 -1.191858 0.367886 -1.288818 -2.700865 -0.429657 -3.040706 -2.616207
14 -1.394146 -1.546442 1.068742 2.069829 -0.234593 0.153723 -0.306336 1.110103 -1.555534 -0.750702 1.325734 -1.440442 -1.068374 2.568438
4 -1.350035 -0.490683 -1.117689 10.350290 1.032481 1.441376 1.964799 0.011000 -3.756430 -1.779562 -1.255805 -2.563976 -1.549583 -0.936183
14 0.566457 -0.945515 -2.066369 -1.150799 -1.574739 1.328885 0.531867 1.008977 1.207712 0.234536 -0.889866 0.350901 -0.459931 1.857886
4 -0.919309 -0.472343 -3.953040 11.621767 1.036312 1.025149 -0.816913 -1.570142 -1.955866 -3.257151 -0.607391 -1.203185 -0.701787 1.773900
4 -1.665972 0.391088 -2.886355 8.457216 -0.328325 1.920689 -0.579774 -1.286697 -3.034368 0.938874 1.538489 -0.804058 -1.739373 -0.921435
2 -0.879676 3.474289 0.653186 -0.536919 0.115685 2.011684 -2.872913 0.711386 -4.892524 1.085369 2.968664 0.464092 -2.877274 0.574951
4 -0.864948 -0.730249 -0.683876 3.688947 0.305718 -0.476894 -0.354542 -1.098465 -0.223339 0.502869 -0.133036 0.500376 -0.429224 -0.003337
9 -1.227073 -0.719181 1.612674 -1.498988 0.342527 -2.141129 1.825740 -2.187058 8.311012 -1.040735 0.482964 -2.064354 -2.046403 0.350004
4 -1.712854 0.576202 -2.589264 7.433320 1.131835 0.156923 -3.247487 -2.113087 1.609245 -1.248597 -0.833571 -0.661488 1.531984 -0.033160
4 0.113657 0.252271 -0.819084 3.225946 -1.202358 0.767104 -0.169845 0.040434 -0.226484 -1.517419 0.282295 -1.247936 1.493769 -0.992349
1 3.127385 -0.012386 -1.914870 0.584366 -0.349236 -0.073700 0.262839 1.182169 -2.081616 1.279594 -1.193014 0.054562 -1.059600 0.193505
7 0.984306 -2.151785 -2.034759 -1.187036 0.915368 0.794762 1.259326 0.334994 -0.935522 0.811931 1.077058 -0.018781 0.212231 -0.062093
9 1.245632 -1.712714 0.246247 0.566476 -0.324181 -1.236592 0.134993 -0.185303 2.232866 -1.242405 0.873907 -1.585757 1.228401 -0.241570
12 -1.687715 -0.448391 -0.229428 -0.879314 0.422376 0.411856 0.788013 -0.738527 2.357242 -1.897704 -0.696221 2.901884 -1.880792 1.576721
3 -1.669501 -1.471741 8.558760 -1.063366 -1.609930 -1.514544 0.742941 1.560513 -0.060617 -2.566430 -1.347198 1.869516 -1.384485 -0.043918
3 -0.223141 -0.878059 4.965839 1.590213 -0.878373 -2.694679 0.468791 -2.332751 -0.214657 1.187165 0.122908 1.337954 -2.244205 -0.207005
12 1.007904 -2.806160 -0.559051 -1.898494 0.255721 2.167747 1.681190 0.997419 -1.037331 -1.229659 1.167921 3.099231 -3.514477 0.668038
3 -4.132041 -1.551073 11.699131 -2.127193 -1.454210 -0.415161 1.840765 -1.663726 1.597885 0.720257 1.324424 -3.783729 -1.721773 -0.333557
3 0.019927 -0.126985 9.781224 -0.530813 -0.860609 -0.876182 -0.969168 -0.595968 -0.144111 -1.365094 -0.601219 -1.172602 -1.647096 -0.911304
2 1.200268 1.617192 0.185206 -0.221997 -1.128925 0.434863 -0.199773 -0.920114 -0.920884 0.961001 1.005505 -0.227633 -1.476723 -0.307985
10 0.086546 -1.866150 0.681347 1.060635 -2.352781 -3.684866 -1.995799 5.366232 1.899742 5.714279 0.617762 -1.119199 -4.187761 -0.219986
12 0.150862 -3.434207 1.799900 -1.102942 1.019853 1.793213 -1.944985 -0.668043 1.322789 -0.380221 -1.525315 3.284305 -1.375831 1.060622
3 -1.042009 -1.337910 18.094639 -0.383539 -1.927718 -0.756095 -3.158310 -1.795698 -4.189286 0.509663 1.206900 -0.681863 -3.558188 -0.980586
3 -0.704629 0.536292 6.428666 -0.009705 -1.025071 0.192055 -1.591597 0.026748 -2.122472 0.412507 0.083771 0.403333 -1.549284 -1.080614
3 -1.098947 -2.624760 22.364479 0.036967 -0.942697 -1.260132 -0.659712 -3.073306 -3.628099 -1.408390 -0.108763 -2.106968 -4.948389 -0.541283
8 -2.057538 0.508409 -2.128861 -0.337063 0.316084 0.570969 -0.514589 1.940207 -1.457766 -0.950205 1.364563 1.523044 -0.682282 1.905027
3 0.508934 -1.304654 9.801723 -0.665277 -0.730337 -1.834457 -0.729730 -1.163243 -1.063424 -2.116322 -0.647396 1.060951 0.200710 -1.317477
3 -2.047516 -0.437568 9.679158 -1.401598 -1.306841 0.119496 -1.307846 0.226427 3.226191 -1.370991 -0.458192 -1.952950 -1.349032 -1.618740
6 1.313485 -1.222985 -4.793020 1.382158 -1.011358 14.957487 -1.295371 -2.484915 -3.469344 -2.524877 -0.780588 1.484218 1.303751 -2.858640
6 0.264674 -0.627459 -1.065395 0.638444 -0.997269 5.625617 -1.394414 0.027646 -1.159434 0.097242 -1.057136 -1.536874 1.665510 -0.481151
6 0.734082 -3.353546 -0.087325 -1.961693 1.403009 4.433065 0.835355 -0.989430 -0.788491 -0.314266 -0.104114 0.051166 -0.283021 0.425209
6 -7.310428 -8.361399 -7.442632 -7.001095 -6.119705 92.663041 -8.408104 -7.359382 -6.967091 -5.745650 -6.789682 -6.172194 -8.022136 -6.963542
6 -0.328814 -1.496145 -2.299693 -0.676471 -0.228276 10.375952 0.110297 -1.382926 -1.733116 0.051510 -1.253078 -0.385162 -0.927734 0.173656
6 -5.691365 -5.197157 -4.178898 -3.433606 -5.049421 64.518510 -5.370730 -5.222609 -4.692798 -4.262881 -4.333840 -4.798159 -6.334315 -5.952728
6 -0.251768 -2.194135 -4.414029 -1.431334 1.550125 14.579497 -2.654842 -0.501730 -2.859619 -2.140677 -0.652704 -2.381205 6.330108 -2.977686
6 -6.838210 -3.394854 -3.532604 -4.996419 -2.368808 55.327751 -5.428421 -3.639115 -4.969179 -3.778231 -2.155474 -2.846043 -6.990997 -4.389394
6 -7.310428 -8.361399 -7.442632 -7.001095 -6.119705 92.663041 -8.408104 -7.359382 -6.967091 -5.745650 -6.789682 -6.172194 -8.022136 -6.963542
6 -1.876882 -0.684670 -1.519828 -0.538185 1.491963 5.818004 2.018483 1.198598 -0.791689 1.115091 -0.926013 -2.954549 -1.676575 -0.673749
13 -1.777228 -1.944927 0.634118 -0.413282 -1.393975 2.417376 -0.460993 0.242797 0.563072 -0.585160 -0.763439 0.579745 2.927027 -0.025132
6 -1.453239 -3.440248 -4.419916 -4.402115 -1.702715 31.119220 -2.071933 -2.274095 -3.119198 2.204409 -1.879929 -3.146736 -3.340724 -2.072781
6 1.775788 -5.182035 -5.597232 -3.799826 -4.201620 42.295922 -2.992276 -1.685189 -2.015057 -4.746372 -4.412659 -1.344872 -4.293356 -3.801215
6 -5.068726 -5.139793 -4.071222 -3.621526 -5.467851 60.454793 -4.545937 -4.286789 -3.195588 -5.357789 -4.371608 -3.733392 -5.347632 -6.246938
6 -0.987625 -0.854787 0.710580 1.322665 1.216365 1.728921 0.294201 -1.022140 -1.743960 -0.066223 0.649958 -0.145548 -1.751213 0.648806
6 -2.722446 -5.294790 -2.577334 -4.986471 2.039245 32.815974 -3.196726 -1.939628 -3.188055 -1.613178 0.557521 -5.164807 -3.368351 -1.360954
6 -0.609670 -0.365095 0.957594 -0.889592 0.359765 2.573613 0.888317 -0.453774 0.223848 -0.556720 0.042573 -0.747305 -0.814325 -0.609229
6 -1.005411 -1.519679 -1.068487 -1.484071 0.029590 15.161895 -4.074819 -1.567116 -3.422159 0.536819 -2.567688 -0.203646 -0.234747 1.419519
6 -7.310428 -8.361399 -7.442632 -7.001095 -6.119705 92.663041 -8.408104 -7.359382 -6.967091 -5.745650 -6.789682 -6.172194 -8.022136 -6.963542
2 -3.533211 3.386298 -0.410395 1.597927 0.358166 0.590731 -0.424676 2.184291 -1.980299 -1.561282 -0.415304 0.156600 -0.649620 0.700775
6 -0.742816 -4.333335 -1.362635 -0.959077 3.451729 8.067099 -2.294079 3.716509 -2.899140 -3.372462 -1.439782 -0.002433 -1.472443 3.642864
6 -7.310428 -8.478068 -7.066634 -7.129663 -6.130849 93.190573 -8.408104 -7.512364 -7.278400 -5.886283 -6.789682 -6.172194 -8.022136 -7.005769
6 -2.418119 -2.459510 1.554219 -0.964447 -1.105776 14.297999 -0.730613 -1.638630 -3.111752 -1.670981 0.116757 1.613786 -3.782981 0.300049
6 -0.734675 -3.208964 -1.009983 -1.598206 -1.825244 16.181831 -1.746523 -1.855858 -0.020964 -0.567618 -0.990329 -1.140345 0.606345 -2.089465
6 -0.765061 -1.298607 9.051056 -2.528526 -1.653984 12.878624 -1.782494 -2.487565 -0.640514 -0.536373 -1.347632 -2.286495 -4.363469 -2.238958
13 -0.537000 -1.325554 -2.981581 -0.325724 -0.113248 -2.919680 -0.662018 -1.378895 -2.006363 -1.411944 -2.434114 -1.273608 17.887896 -0.518167
13 1.178226 -0.769796 -0.838195 -0.823523 1.148085 -0.544588 0.056926 0.128086 -0.221981 -0.110953 -0.711217 -0.319750 2.940798 -1.112117
10 -1.837088 -0.061165 -0.001406 -0.910205 0.752437 -0.781866 -0.901033 0.765990 -2.322458 2.959685 0.334865 1.059003 -1.146934 2.090172
8 -1.047967 -0.950075 0.243381 -0.511232 -1.721687 1.279894 0.405573 1.526026 -0.066244 1.034415 0.255321 0.114324 -0.611827 0.050096
13 -0.241502 -2.531676 -0.365666 3.718004 -0.793052 -1.888386 -1.643739 -1.944434 1.373080 -0.070712 0.077818 2.117893 3.912228 -1.719858
13 -1.498060 -0.703020 -0.297720 -1.321009 0.097896 -0.734934 -0.657972 -0.550566 -0.638702 -0.730391 -1.178553 -1.344796 10.866959 -1.309132
13 -2.034346 -2.639386 0.482422 -0.806527 -1.375099 -0.479592 1.349018 0.427773 1.803864 -0.098015 -2.037600 1.869260 2.876559 0.661668
10 0.434705 1.134690 -0.786582 -0.736016 -0.364060 1.452769 -3.458999 -1.116252 -1.110404 1.519609 0.918008 -0.068007 1.444947 0.735590
13 -0.259583 -1.473885 -0.881615 0.475443 -0.282868 -0.739771 -1.040973 -0.705380 1.815499 -0.143167 -1.385948 -0.254697 5.822076 -0.945132
13 -1.784967 0.470609 -2.196435 -0.631380 -0.525146 0.329089 -0.051874 -0.812793 -2.485159 -0.024757 0.342052 -1.281336 10.638459 -1.986362
13 -0.881825 -2.078618 0.660726 1.115810 -1.977170 -2.588636 -1.251671 -2.346831 2.787343 -0.430406 -0.633466 -1.270265 10.424148 -1.529138
13 -0.855178 -0.727559 -1.883963 -0.701247 3.109241 0.554847 -0.973570 -1.132995 -0.164688 -2.298659 0.338066 -0.899205 6.532587 -0.897678
13 -1.637111 -2.973448 -0.657921 0.390293 0.860781 -0.587790 -1.629845 -2.239238 1.262750 0.139129 -1.858952 0.265928 9.102979 -0.437558
13 -0.107268 -1.631831 0.913035 -2.228255 0.585768 -0.523846 -0.582058 0.764322 1.153910 -1.264969 -1.245940 0.490929 4.437037 -0.760833
13 5.180369 -0.266130 -1.144532 -1.537258 -2.151583 -0.562188 -0.618646 -2.029368 -0.878230 -1.216653 -1.180256 -0.333187 7.928921 -1.191259
4 -2.098044 -1.304712 1.029689 6.206479 0.029774 -1.077354 -0.914900 -0.186123 -0.623828 -1.557550 -1.255389 -0.014806 3.361310 -1.594545
13 -0.371323 -0.884696 0.034688 1.212562 -0.449371 1.362735 -3.164163 -1.170429 3.975746 -2.658253 -0.475606 -1.803844 5.972255 -1.580302
8 -2.921111 3.381352 -1.321674 -0.729492 -1.300390 -0.927142 -2.975301 7.034114 -2.216065 1.394961 -0.881688 -1.489874 2.248255 0.704055
13 -0.117536 -0.468675 -0.401975 -0.639281 -0.152546 -0.560622 -0.356574 0.688816 -0.317676 0.699342 -0.638091 -0.217483 2.012665 0.469635
9 0.312332 -1.881647 -0.357833 -0.800705 0.282960 -0.178329 0.665478 -1.046048 3.831903 -0.208163 0.221221 0.955332 -0.924844 -0.871656
13 -1.350524 -0.572857 -0.442831 -0.362104 -2.343556 -0.884546 0.143447 -0.808383 -0.796351 -1.284372 -1.757819 -0.237109 9.949360 0.747647
13 0.959045 1.971646 -1.563845 -2.306206 -0.918016 -1.823436 -0.663523 -1.240192 0.498665 1.617572 0.571276 0.903898 3.593850 -1.600736
13 1.137823 -2.525937 0.935299 1.091130 -1.039475 -0.830427 0.108709 1.351382 -1.155582 -1.349490 -1.904284 -1.428545 6.443280 -0.833884
13 1.435352 -1.956883 0.585229 -0.496361 -0.149826 -0.660807 -2.161440 0.492782 1.428451 -0.460502 -0.986913 -0.169575 3.106961 -0.006468
13 -1.764465 1.381553 0.486234 0.237222 -1.272854 -1.112628 -1.462486 -1.528251 2.038269 -2.248530 -1.636734 0.889608 8.632214 -2.639150
13 0.545765 -1.678227 -1.724310 -1.529130 -0.051031 -1.171757 -0.605624 0.562846 -0.695358 -1.579177 1.747893 -1.000196 6.923393 0.254912
7 -5.375730 -7.208325 -5.396213 -6.315363 -6.610183 -7.212479 76.533002 -4.752308 -5.150969 -5.875009 -5.295091 -5.734276 -5.451849 -6.155206
7 -0.382868 0.712133 -0.652914 -0.968532 -0.229048 -0.621996 5.067543 -0.328901 -0.469583 -0.774555 0.690677 0.108371 -0.413395 -1.736932
7 -7.603692 -6.482969 -6.195273 -7.720325 -6.320693 -5.793030 75.983882 -7.394113 -4.599437 -5.962675 -1.777490 -5.798999 -4.650422 -5.684765
5 1.408591 1.395408 0.324247 -1.894650 3.397563 1.439202 -0.616396 1.187162 -1.959804 -1.757595 -0.827181 -1.545389 -1.386474 0.835315
7 0.352619 -1.658267 -1.073970 -3.864610 -0.863569 -1.977970 20.594675 2.714966 -3.120248 -2.216660 -2.827085 -2.361297 -2.867395 -0.831189
7 0.421115 -0.864639 0.759865 1.266394 0.649338 2.405640 4.705143 -2.438448 -0.243574 -0.811708 -2.948679 -0.129960 0.176798 -2.947285
7 -6.781464 -5.574985 -6.442327 -5.232836 -5.839877 -5.913126 79.220958 -6.240438 -6.387683 -5.514265 -6.360867 -6.592582 -5.927229 -6.413281
7 -2.628879 -1.806727 -0.782223 -0.611467 3.039476 -1.574380 5.047870 -0.050177 -1.060208 -0.199018 -0.287703 0.248544 -0.415293 1.080183
7 -0.186222 -2.098164 -1.902661 -1.154015 -0.754919 -0.925698 12.271553 -0.683040 -1.436245 -0.514087 -1.841806 0.227831 -0.782687 -0.219841
7 -0.588108 0.783720 -1.005835 -0.540811 -1.596183 1.683228 4.100623 -1.598435 -0.705602 -1.787045 -0.237145 -1.084958 3.185497 -0.608946
7 -6.287099 -5.535078 -6.083114 -6.366960 -4.780831 -6.548410 74.828252 -5.847154 -6.099117 -5.703983 -5.907258 -6.502857 -2.671359 -6.495033
7 -5.106341 -5.125615 -6.583122 -6.982824 -4.078802 -6.682489 72.028173 -6.605401 -6.673674 -5.311864 -5.047777 -6.361590 -6.437309 -1.031368
7 -5.907230 -6.716835 -7.291419 -8.185335 -10.115878 -5.662897 94.482777 -5.527304 -5.702788 -7.791021 -8.451476 -6.934150 -6.640900 -9.555547
7 -4.764249 -6.773361 -4.826714 -7.074231 -3.635019 -6.491428 75.379085 -6.358670 -5.640594 -6.791807 -5.008037 -6.268458 -5.488961 -6.257558
12 -0.359950 -2.423599 2.227168 -1.549068 -0.298269 1.356807 -1.234766 -0.925472 -0.191643 1.345171 -0.495969 3.665376 -1.211958 0.096170
7 -5.917116 -6.553322 -5.570521 -5.709489 -5.370195 -5.894878 76.393319 -6.637376 -4.526026 -6.557813 -6.368596 -5.594679 -6.742329 -4.950980
7 -8.069695 -7.414413 -7.182076 -6.934343 -8.266551 -7.211034 93.825403 -5.816326 -6.691650 -7.873954 -8.465188 -5.193314 -6.262834 -8.444025
7 0.323254 -2.683187 0.625759 -0.185755 -0.910304 -1.410067 7.868229 -1.279329 -0.293091 2.326211 -1.701316 -0.848576 -0.129044 -1.702783
7 -8.408762 -4.678497 -6.393947 -5.622705 -5.137508 -6.870152 78.638686 -5.160295 -7.391286 -6.146242 -5.632855 -6.024977 -5.723838 -5.447621
11 -2.634546 -3.855763 -2.076191 -1.972082 -1.957810 -1.636779 -3.105528 -1.014519 -1.700179 -2.681950 25.624666 -0.327801 -0.942412 -1.719105
7 -6.074891 -5.293067 -6.486639 -6.923959 -6.230522 -5.619330 83.461970 -6.394626 -7.784435 -6.390113 -5.856066 -6.301361 -7.440839 -6.666122
7 -4.049294 -7.832859 -5.895405 -6.971099 -4.971570 -7.618125 79.143819 -6.348934 -4.348789 -5.095830 -8.087506 -6.783237 -6.388093 -4.753078
7 -5.513186 -6.931829 -7.507930 -7.959271 -6.666766 -7.375256 86.208062 -7.203096 -6.529053 -6.808004 -6.313677 -7.176795 -4.188460 -6.034740
1 6.397964 0.769420 -3.191478 -0.849688 -0.049077 -2.070141 4.335131 -0.011599 -1.837642 -2.442218 -0.475343 -0.219222 1.573689 -1.929796
7 -6.251129 -5.658356 -4.542444 -5.766900 -5.951372 -6.315486 74.506087 -5.709479 -5.480783 -6.114845 -4.637258 -6.610264 -6.397331 -5.070442
12 -2.940589 -0.205468 2.267912 -0.687374 -0.411594 -1.277651 -1.815796 -0.874346 -1.343450 0.377939 1.424980 6.879959 -0.779960 -0.614562
13 1.754224 -2.335269 2.952198 0.933181 -2.868036 -0.440686 -1.529582 -2.862281 -0.209368 -1.295283 -1.304659 2.234386 5.843221 -0.872046
12 1.847051 -0.371361 -0.983372 0.049439 -1.978902 -0.438287 0.010596 0.934369 -1.394870 -0.472827 0.616913 4.660565 -0.926648 -1.552665
12 -0.347014 -1.935345 -0.783648 -0.849688 -1.491402 0.641274 -0.212859 0.207252 0.700132 0.094447 -1.401991 2.706955 1.503085 1.168804
12 2.004771 1.666768 -0.912701 -0.756878 -1.762940 -1.839122 -1.321610 -0.801322 -0.370636 0.005211 -0.740420 2.529632 1.863023 0.436225
9 0.402911 -1.605450 0.768534 0.024868 0.205649 0.293432 -0.722413 -1.991267 3.604375 -0.822627 -0.064351 0.300994 -1.950212 1.555557
3 -2.749103 1.311652 13.251097 -0.085462 -0.076332 -0.777939 -0.656021 -2.514233 -2.839048 -2.819568 0.259125 -2.030433 -2.608650 2.334916
13 0.279601 -0.360050 -1.219877 -0.042196 -0.493186 -0.209930 -0.262149 2.155070 -0.467818 -0.108579 -0.697363 -0.195222 2.239610 -0.617911
12 -2.237862 -0.007588 0.556517 1.071154 -0.575434 -0.545787 0.734915 -0.655722 -0.103211 -2.044278 -1.323206 9.747979 -1.882818 -2.734660
7 2.008778 0.606895 -0.614253 1.438846 -0.236825 0.129885 2.476018 -0.743183 -2.402423 -0.870232 -0.183945 -1.254229 -1.875599 1.520267
10 0.436545 -0.024817 1.113888 -0.606032 -0.398239 -1.101730 -0.080225 0.592337 -0.689565 1.954847 -1.079899 0.871417 -0.736631 -0.251895
7 -0.327219 -1.646554 0.041406 -1.863856 2.834935 -0.275110 5.124731 -0.807700 -0.783774 0.099348 -1.317632 -1.064981 0.624254 -0.637848
12 -2.544528 -1.197962 -1.743221 -1.427467 -0.885199 -1.529992 -2.669498 -1.088985 -1.220204 -1.627242 -0.098358 16.226131 -0.381980 0.188505
12 -0.311746 -1.101730 0.382671 0.357964 -0.409943 0.145863 0.130980 -1.245200 -0.626136 0.574128 0.322882 1.824697 -0.034130 -0.010302
12 -2.203280 -2.008870 -1.922667 -2.011214 2.798974 -0.920719 1.325319 2.006695 -0.092048 -0.576387 -0.783575 5.077705 -1.616114 0.926182
12 0.250680 -0.248061 -0.087659 0.009131 -0.013113 -0.499455 1.158186 -1.648627 -2.492952 -0.255414 -0.170799 4.286233 -0.534419 0.246269
5 -1.971832 4.341548 -6.885447 -0.954375 15.954780 -0.627620 -1.110121 2.582696 -4.235616 -3.135706 -4.705006 3.325147 0.061061 -2.639510
3 -0.524655 -0.057155 2.552421 0.472953 0.268438 0.108118 -0.573008 -1.488796 -1.512653 0.573508 0.563767 0.754103 -2.607643 1.470602
12 -0.665765 -2.604281 0.279196 -2.670031 1.085877 0.919491 -0.904478 1.310422 -1.160623 2.309908 -0.242177 2.503578 0.015268 -0.176385
3 1.033918 1.377564 1.774424 -0.756545 -1.689915 -1.870879 -0.625363 -0.947824 -0.283456 1.294746 -0.837264 1.029137 -0.857359 1.358817
14 -0.019171 -2.257542 0.745847 -0.729225 -0.142836 -1.074034 0.533053 -0.537018 1.151984 0.218551 -2.719281 1.359386 -0.294297 3.764584
12 -4.628594 0.275264 1.640161 -1.692619 -2.013457 -1.545659 2.329865 1.720871 -2.526048 -2.812339 -0.638438 13.195431 -4.589628 1.285192
11 -1.673713 -0.609473 -0.223010 -1.308786 -1.001999 1.203390 0.691238 -0.867850 1.164698 -0.064421 4.093470 2.496648 -3.625018 -0.275175
14 -0.825191 -1.681182 -1.529651 -2.829978 -2.065185 -1.576476 -0.327746 -1.968710 -0.921825 0.519797 -1.973711 -0.584915 -3.296922 19.061696
14 0.746089 1.032214 0.409463 -1.090187 -1.647562 -0.621429 -0.750011 -1.766622 0.410944 -0.773426 -0.690571 -0.333084 0.398489 4.675691
14 -3.939046 -0.177507 -2.448740 -2.858859 -2.394198 -2.003758 -0.011418 -1.810575 -3.963892 5.157311 -0.169259 -0.260852 -1.801701 16.682494
14 -1.879185 -1.474250 -2.104366 -1.917495 -1.181738 -4.894521 -0.188472 -2.247260 2.932084 -1.115866 -0.531411 -3.247131 -0.629374 18.478988
4 -1.977551 2.596819 -0.473165 3.721145 -0.570823 -3.197998 -1.349321 0.435234 0.135829 -0.646637 -2.063592 -1.066301 2.689443 1.766919
14 -3.162249 -0.302311 -0.494016 1.041456 -0.365158 -0.220842 -0.439655 -1.504110 -3.261067 -0.492450 2.132315 0.736209 -0.171353 6.503230
2 -0.292743 2.046832 -0.167110 -0.934774 1.409100 0.832076 -1.981703 -0.487175 -0.169078 -1.501721 0.110335 -0.464343 1.068746 0.531558
14 -0.435823 -0.517150 -0.535905 -0.012920 0.913061 -1.544241 0.080085 1.346367 1.065297 -3.113274 -1.122224 1.815697 -1.480221 3.541252
14 0.530845 -0.329675 -0.060221 -2.204857 -2.485767 -3.088040 -1.921606 -2.339520 -0.839421 -0.444908 -0.672364 -0.654315 0.101187 14.408663
14 -1.707624 -3.052430 -0.522309 -0.487217 -0.905954 -0.845262 -1.527531 -0.236780 -2.360271 -1.437334 -2.326388 -2.956455 -0.480888 18.846443
14 -0.749979 -0.522199 -0.681866 -1.708893 -0.557840 -0.038177 0.283751 -0.190091 1.706859 -1.324576 -1.029517 0.401796 1.749740 2.660993
14 0.146682 -2.225047 0.878794 -0.103885 0.119309 -0.223692 -0.473538 -1.800622 -0.051104 -0.824697 -1.854223 -0.494452 2.937143 3.969331
14 -0.861555 -0.809180 0.344597 -0.155557 2.203529 0.123612 0.714726 -2.196753 -1.002064 1.658682 -0.213376 -1.077372 -0.936854 2.207563
14 -1.373297 -2.505657 -1.338731 -2.226191 -2.257476 -1.114054 -1.112066 0.764774 0.388719 -2.970364 -1.488124 -0.586244 -1.411594 17.230306
5 -0.609047 0.395004 0.881940 1.592622 4.452707 -1.201637 0.299204 -2.094850 -2.142536 0.080712 0.674726 0.725782 -3.419282 0.364656
14 -1.096553 0.087790 -0.178717 0.146323 -0.938996 -1.227945 0.730957 -0.988996 -1.085262 0.879911 0.176961 0.065709 -1.796418 5.225236
14 -1.104292 -1.234819 -0.413210 -0.687546 -0.665614 -0.841702 1.320538 0.071935 0.439873 -1.574127 0.125765 -1.114959 -0.806190 6.484347
14 0.752148 -1.578824 0.401402 -0.272516 -0.293146 -0.371530 -0.439736 -0.600913 0.651778 -0.589714 -0.287266 -0.334874 0.201231 2.761961
14 -1.944605 -1.507308 0.929299 -3.171963 -2.570111 -1.543339 -2.281760 -1.653357 0.194945 -1.602167 -2.283096 -1.261179 -0.013678 18.708321
14 0.391038 -0.281653 -0.761693 -2.525436 -1.085240 1.494911 -1.572515 -1.367911 -1.076789 1.088720 1.797058 -1.158739 -2.178023 7.236272
4 -0.180933 0.469565 0.339063 1.571029 1.547807 -1.797762 -0.019158 -0.076898 -2.281891 0.810068 1.412435 -0.326869 -2.051172 0.584714
14 0.120219 -2.282674 -0.865190 0.237378 1.128446 0.122427 -2.924860 0.201559 0.249391 -0.822831 -1.501608 -1.428715 2.550890 5.215568
8 -2.800922 2.319366 -0.163394 0.565626 1.572167 -0.488410 -0.292785 4.490154 -1.879288 -1.725849 -0.744878 -0.751718 -0.608565 0.508495
8 0.374943 -0.505781 -1.557219 -1.773207 -3.047689 0.259906 0.300603 16.185684 -0.657958 -3.635615 -2.195712 0.290650 -1.315683 -2.722922
5 1.261536 -2.878160 -1.718597 -3.612084 24.575442 -0.846618 -3.475781 -1.094369 -1.117254 -1.554826 -2.731217 -1.670309 -2.516982 -2.620781
8 -0.409158 -2.262427 -0.580381 -0.675996 -1.451374 -1.491033 -0.131055 13.468100 -0.585274 -1.306524 -2.048733 -0.983447 -1.232803 -0.309896
10 1.085013 -3.652385 1.147555 -1.601653 -1.252539 -0.852703 -1.194659 2.420106 2.357338 2.866139 -1.432986 0.220143 -0.263615 0.154243
1 3.504236 -1.829992 -1.011366 -0.481033 -1.232022 -0.256623 -1.597116 -0.872703 2.130496 -0.857459 0.986841 1.167616 0.991206 -0.642079
8 -1.168355 -0.055516 0.691397 -3.516860 -0.953046 2.355448 0.705205 8.099744 -0.850678 -1.050614 -1.486451 -1.725773 0.200432 -1.244933
8 -2.208738 -0.710168 -5.306436 -2.394304 -2.107458 -0.306266 6.001334 12.930848 -2.370099 -0.521084 -2.466939 0.772691 0.252972 -1.566351
8 -0.200267 0.767677 -1.253373 -0.843914 -0.652333 -0.442191 -3.311625 11.244829 -2.041321 -3.164341 0.311124 2.292430 -2.507347 -0.199348
1 2.325701 1.176989 -0.127671 -0.465676 -1.950716 0.419979 -0.271985 1.149823 -0.029936 -0.663637 -0.966331 1.155349 -1.794763 0.042873
6 -0.572298 1.096928 -0.452292 0.945691 0.035852 1.774395 -0.867996 1.749199 -3.612458 0.503554 1.436804 -0.936418 -1.679724 0.578763
8 -2.641856 0.806893 2.366753 -2.349857 2.037671 1.522778 -0.000907 9.816061 -1.999849 -2.046458 -2.122909 -1.731787 -4.296576 0.640042
2 -1.539384 2.462915 -3.265985 -0.225667 -0.479772 0.959824 -2.652903 0.088273 -0.204093 -0.514622 -0.788107 1.546661 2.404786 2.208074
7 0.516079 -0.377021 -0.579582 -0.603999 -0.476325 1.723940 1.949708 -0.048972 0.121914 -0.285304 -0.128362 -0.916372 -0.241580 -0.654125
8 -0.739237 1.365579 -0.407540 -1.298261 -0.439276 1.049045 -1.076857 5.448491 1.376472 -1.059400 -1.538828 -0.598271 -1.486496 -0.595421
5 -1.091967 2.299524 -0.296191 0.980275 2.900494 -0.034255 -0.485787 1.042326 -1.423469 -1.342581 -2.210465 0.150967 0.321631 -0.810503
13 1.186278 -0.059266 -0.899580 -0.905081 -2.356621 -0.018020 1.052049 0.095105 -0.184747 -0.679952 -0.568521 -0.992997 3.628224 0.703129
8 -0.070044 0.153251 -2.481627 -0.259416 -1.152016 -0.910714 0.080100 4.192399 1.723301 -2.252547 -0.234138 -0.289744 -0.241064 1.742260
6 1.815421 1.876130 -2.537071 -0.125133 0.560804 2.588651 -0.695153 -0.479998 -0.933902 -0.606286 0.435929 -1.548003 -0.998638 0.647249
8 -1.970966 0.215141 0.627792 -3.021624 0.270137 2.351320 2.242712 4.981057 -2.868628 1.291818 -0.676581 -1.009404 -3.176883 0.744109
8 -2.126028 1.273238 -0.333817 -0.692269 0.426314 -1.319945 -0.322426 5.971951 -0.943400 -1.279366 -0.629075 0.491702 -0.189968 -0.326910
8 -1.640177 -1.408355 0.917833 1.849733 -2.411427 2.199589 -2.728864 6.496947 -1.126204 -0.565039 -1.500844 -0.241662 0.667701 -0.509232
11 -1.476852 2.100752 -1.293130 1.326335 0.873962 0.221981 1.644321 -3.869963 -0.599142 0.429930 2.732691 0.569001 -0.715056 -1.944830
3 0.877400 -2.274246 1.112789 -0.130027 -0.117539 0.580183 -0.103285 -0.221767 0.242222 0.653005 -0.650791 0.683751 -0.399359 -0.252336
9 -0.824281 -2.674252 -0.895737 -0.168751 -0.329277 -0.414275 2.093129 0.795441 3.034838 -1.091800 -1.080290 2.281479 -1.000216 0.273991
13 0.512642 -0.085632 -0.150982 -0.541415 0.181740 0.341470 0.281923 -0.735048 0.501196 -0.571556 0.232266 -0.042315 1.053912 -0.978202
10 0.052556 -1.027155 1.061317 -1.051973 -0.063146 -2.301799 -0.662982 -1.214897 1.960732 2.721242 0.728255 0.006279 -0.171268 -0.037161
9 1.239748 -3.104993 0.238011 0.324109 1.295810 0.346962 -0.378969 -1.203888 5.714676 -0.723984 -0.021888 0.022392 -1.288135 -2.459851
13 -0.467408 -1.331847 1.883289 -1.581331 -1.054928 -2.104330 -0.458332 0.597484 1.392925 0.998905 -1.136172 -1.017253 7.116275 -2.837277
13 0.520114 -0.484236 1.816824 -2.025163 0.493594 -1.343778 -0.407807 -1.447241 0.657298 0.832188 -0.839909 1.244758 3.064497 -2.081138
6 -0.243523 -1.085360 -0.127001 -0.203866 -0.629196 1.079199 -0.198639 -0.506700 0.973172 0.094449 -0.318716 0.721040 0.054135 0.391006
14 -2.203278 -0.042122 1.595833 0.009033 0.374911 -0.034931 -0.639962 -1.325941 1.652754 -0.344634 -0.266381 0.734056 -1.242790 1.733453
9 2.062874 -2.025382 -0.044049 -0.578700 -0.930520 0.377500 -0.603227 0.120045 6.412524 0.275344 -0.449313 -1.741114 -0.718703 -2.157279
9 0.258320 -1.564882 0.275359 0.209783 -0.302965 -0.361642 -0.521099 -0.751932 3.542058 -0.606718 -0.030518 -0.017044 0.592220 -0.720938
9 -1.622691 -1.208115 1.079695 -0.852767 -0.254865 -0.051108 0.595030 -0.598046 2.409886 1.056052 -2.354703 0.512319 -0.807914 2.097227
9 0.784322 -1.876450 1.232027 -0.921948 1.133278 1.180508 -0.747196 1.343635 2.001219 0.342486 -1.552300 -0.560306 -1.484650 -0.874625
9 1.509704 -4.529617 0.027533 1.448261 1.597269 0.372075 -2.001116 -1.428869 1.615432 1.010587 -0.568643 0.436492 1.438195 -0.927304
14 0.635711 -0.584134 0.677435 1.379818 -1.302511 0.336181 0.032570 -0.457577 0.707266 -0.464629 -1.416567 -1.217775 -0.794275 2.468486
7 1.724285 1.422221 -0.806572 -2.110102 1.290573 -0.941991 1.727558 -0.228966 0.389404 0.041105 -1.830797 0.534604 -0.160345 -1.050979
14 1.168035 -2.256515 -0.209769 1.900765 -0.698624 -1.575254 -0.825157 -0.752902 -1.890427 1.799019 -0.306954 -0.096914 0.875655 2.869043
4 1.225793 -3.368674 -1.735048 5.531678 -1.093121 -1.003500 -0.951089 -0.217350 2.918327 -1.162396 -1.284309 0.436860 1.687523 -0.984695
9 0.976997 -1.745871 1.142692 -0.982994 -0.525746 -0.186899 -1.180581 -0.979728 1.667228 0.573122 -0.886011 -0.545408 1.032633 1.640566
