7 -8.220300 -9.394056 -7.997358 -8.360204 -7.305137 -9.212998 58.886823 -9.763996 -6.991152 -9.886096 45.219132 -7.905387 -9.802010 -9.267258
14 0.090726 -0.970098 0.029332 -1.454966 -0.124193 0.386237 -0.556414 2.309505 -0.334020 -0.072473 -0.737802 -0.421430 -0.905155 2.760749
9 -1.354736 -1.932338 -0.223078 0.176560 -0.018308 -1.668037 -1.623729 -1.404514 7.888234 -0.020214 0.868273 -0.755104 1.495620 -1.428630
1 21.923740 -1.346593 -2.120049 -1.534932 -1.827018 -1.814335 -2.464292 -1.042869 -1.468310 -1.427555 -2.172697 -1.338602 -1.815482 -1.551005
6 1.148130 0.759181 -0.627692 1.364463 -0.308000 2.575205 -3.579329 -0.137264 -1.082047 -0.663511 0.875361 0.548630 -2.199141 1.326014
1 4.242241 -0.592527 -0.287584 -0.542857 -0.314043 -0.606697 -0.213359 -0.439820 -0.162612 -0.374734 -0.418782 0.649712 -0.438156 -0.500781
6 0.705601 -0.543902 -0.245922 0.170009 -0.222318 3.138785 -0.835335 -0.001693 -0.717962 -1.234977 -0.585109 -0.303100 0.761489 -0.085564
2 -1.201114 1.303167 0.909503 0.567308 0.958902 0.173545 0.957784 -0.919115 -0.758175 -0.947255 -0.150785 0.134249 -0.091911 -0.936105
5 -3.703338 -2.618346 -3.903487 -2.015164 25.204084 2.512622 -2.303808 -1.971291 -2.407157 -1.957392 -2.929891 2.575588 -2.892462 -3.589958
5 0.584849 -3.516597 -1.082226 -1.530125 15.070345 0.012154 -3.252516 -1.991297 -1.125685 -0.035931 -1.633890 0.575144 -2.310586 0.236361
10 1.394981 -0.579030 0.778975 -2.108246 -0.054139 0.359546 0.097468 -0.689963 -2.227249 1.818910 -0.452618 0.990649 -0.864335 1.535050
3 -0.760750 -1.627423 5.829532 0.492979 2.298159 -1.229743 -1.716909 -1.124511 -0.231392 -1.046539 -1.446969 0.582766 0.307678 -0.326878
3 0.812815 -1.141272 14.200432 -1.841176 -1.704174 -0.542236 -1.332108 -1.227760 -0.988395 -1.237464 -0.479666 -2.496457 -2.001487 -0.021052
4 -1.960629 0.406246 0.076514 2.040511 0.482926 -0.452662 1.305973 0.115143 -1.639874 -0.708757 0.909054 -0.027049 -1.204727 0.657330
1 65.723745 -4.808367 -4.513752 -4.638965 -4.894801 -6.203740 -5.271913 -4.816408 -5.385147 -5.054260 -4.796961 -5.240855 -6.224316 -3.874257
11 -3.846082 -3.205567 0.043707 -0.899965 -3.475364 -2.492805 -3.358781 -2.174417 -0.755673 -3.559503 28.690614 -2.363238 -0.500659 -2.102267
4 -0.025348 -1.233120 0.073082 5.117295 -1.648724 1.126740 0.717040 -1.685832 -0.012350 -0.398713 -1.277185 -0.549260 0.065149 -0.268773
12 -3.374940 -1.931112 1.192298 1.825301 0.203440 -0.774284 0.484993 -2.703184 -1.286749 2.498080 -0.303676 5.310128 -1.819037 0.678743
14 0.369311 -0.531381 2.158472 -2.323659 -2.446398 -1.181560 -1.918946 -1.561034 -2.484460 0.363946 1.457789 -0.083713 -1.699963 9.881597
11 -1.408208 -2.870952 -1.743304 -3.955572 -2.446524 -2.020397 -2.413664 -0.819899 -1.990149 -2.803732 26.263146 -0.367242 -1.842890 -1.580614
3 -0.965644 -1.929639 14.634668 -0.650961 -1.319914 -1.192334 -1.201134 -1.746422 0.225700 -1.438704 -0.717022 -1.742359 -0.977974 -0.978261
12 1.333083 0.453667 -0.085207 -0.563299 -0.232914 -1.472554 -1.518963 -1.786095 -0.520130 0.700241 -0.037258 2.179615 0.965587 0.584225
14 -0.926959 -1.422126 -0.902485 -0.765772 0.047938 2.126372 1.483158 -2.813526 -0.024375 -0.663684 2.089186 -0.327634 -0.500000 2.599907
9 -1.281332 1.314925 0.274399 -1.577528 -0.219510 -0.153462 -0.057803 -1.164050 3.309096 0.339205 1.054303 -0.984013 -0.795546 -0.058683
2 -2.457648 1.855174 -1.051312 -0.151762 1.084186 -0.768656 0.363109 0.591582 -0.972566 -0.453198 -0.824951 0.335957 0.689604 1.760480
8 -2.667575 0.474834 -1.334877 2.182864 0.754658 -0.497592 0.054286 4.415746 -1.214447 -1.208542 0.125309 -0.673404 -1.059888 0.648626
14 -0.094898 0.128973 -0.466064 -1.047371 -0.318382 -0.874673 -0.175205 -1.094752 0.649119 -0.666051 -0.664596 0.854068 0.123954 3.645875
2 0.728281 11.435454 -2.091583 -2.069201 -1.213521 -0.448802 -1.819792 -2.116622 -0.674410 0.130720 -0.932630 -0.462290 1.573978 -2.039584
1 39.548559 -3.429252 -3.293977 -5.013768 -3.846292 -0.020449 -4.074862 -1.799416 -4.288814 -3.592334 -1.424369 -2.787947 -4.191589 -1.785489
2 0.532961 1.136951 -0.892887 -1.277336 0.762700 0.148430 -1.874281 0.233011 -0.863870 0.769821 -0.109365 0.137672 0.968768 0.327423
5 -0.979744 -1.925685 -0.876140 -0.330061 14.870979 -1.339533 -1.321246 -1.084434 -1.098687 -1.173501 -1.000424 -1.266427 -1.034430 -1.440668
6 1.224010 -1.165631 0.010325 -0.922189 -0.010035 2.166919 -0.772555 0.080122 -0.822791 -0.331209 0.212133 -1.132279 0.561817 0.901364
6 0.015382 -2.432013 -0.658277 -2.377113 -0.689797 7.835150 -1.272385 -0.499857 -0.452900 -1.140298 -1.623455 -0.069283 -0.464920 3.829766
5 -0.997786 1.703020 -1.670236 0.591563 3.054121 -0.816236 -1.947107 -0.073566 -1.643402 -1.825952 -1.190519 2.729413 0.076228 2.010457
7 -4.381054 -4.023181 -5.804679 -4.259491 -4.461213 -6.218368 65.979606 -5.555979 -7.136855 -3.987556 -3.601320 -4.384603 -6.886583 -5.278719
14 0.123757 -4.326780 -3.094850 -0.925145 -2.591441 -1.618945 0.844151 0.566359 -3.362984 0.328191 -1.405460 1.116396 -0.585559 14.932311
2 0.202117 2.118118 -0.304797 -0.616199 0.500613 -0.511643 -0.162979 -0.998835 -0.477564 0.676287 -0.010141 0.188914 0.224146 -0.828038
2 -3.540095 15.200817 -1.132260 -1.801892 -2.638226 -1.402359 0.106848 -2.629003 -2.694407 -1.494013 5.821031 -1.711066 -2.765726 0.680352
2 -1.291700 10.565835 -0.179153 0.717362 -0.164584 -0.450457 -0.136673 -3.057970 -1.595891 -0.963692 -0.561509 -0.388413 -1.011328 -1.481827
14 1.312562 -0.281343 -0.019894 0.235852 -0.418679 0.083231 0.004278 0.210169 -2.074440 -0.403568 0.186992 0.043512 -0.515697 1.637024
7 -0.726626 -1.275944 -1.320452 0.828730 -0.215213 1.942938 2.863414 -0.014602 -1.264153 -0.693812 0.686891 -0.871532 -0.264691 0.325053
3 1.891075 -0.560060 7.185352 -0.286838 -1.802537 -3.527914 0.123746 -0.403176 -2.975474 0.943816 2.467470 -0.216435 -0.751708 -2.087319
13 0.213000 0.203416 -1.078209 -1.052975 1.328657 -1.296345 -0.401513 -0.007617 0.327939 -0.258543 -0.132152 -0.099200 3.547231 -1.293689
3 -2.702397 -3.165951 33.349214 -2.399178 -2.367623 -2.455940 -2.272593 -2.331909 -2.394785 -2.438813 -3.150378 -2.279146 -2.826638 -2.563862
6 -4.206033 -3.868292 -1.304881 -0.018770 -3.339816 23.378371 -1.860514 -1.701010 -0.906873 -3.070041 -1.090501 -1.803099 1.843758 -2.052297
12 1.133502 -1.836913 0.560281 -1.226739 1.155005 -0.625869 -0.960542 -1.015637 -0.737032 1.503602 0.928739 2.660373 0.351909 -1.890679
6 -0.521402 -1.687352 0.681234 -0.070634 0.876038 2.845166 -1.702288 -0.774648 -2.519469 1.639968 -0.282054 0.787372 -1.375529 2.103597
13 0.001224 -1.069739 -0.913251 1.526659 -0.282807 -0.239559 1.520206 -2.032829 -1.354284 0.233682 -0.647216 -0.567620 4.093800 -0.268266
11 -2.071737 3.796887 -0.866742 0.260353 -1.023844 -0.427722 -0.479407 -1.188008 -0.897993 -1.365913 7.360901 -0.724956 -1.398988 -0.972832
13 2.823077 -0.422416 -0.135719 -1.008026 0.443510 -1.419870 -1.339333 0.938579 0.483089 -1.427865 -1.670368 -0.156586 3.465293 -0.573367
14 -0.281155 -1.626008 -0.788575 -1.698683 0.372683 -0.902801 -0.608298 -2.107682 -1.313393 1.303068 -0.807264 0.785654 -0.036475 7.708928
1 1.240463 -0.438012 0.128808 0.304284 -0.659391 0.544725 0.108969 -1.085394 -0.387642 0.093586 -0.577437 0.418600 -0.451080 0.759519
14 -0.631601 -3.101538 -0.433998 -0.853694 -0.866325 0.126041 -3.270527 -1.871059 -0.476980 0.032413 -0.835644 0.028755 -1.927374 14.081532
11 -3.257515 -4.413868 -4.923269 -2.567036 -2.869574 -4.946152 -7.717905 -4.788391 -3.692023 -4.407631 50.639026 -1.810552 -0.800088 -4.445022
7 0.317487 0.119259 -0.905144 0.212632 -1.027603 -0.207893 4.427539 -1.750340 -0.448292 -1.141807 -0.073661 0.026525 -0.732297 1.183595
6 -1.686937 -0.018820 -1.103765 -0.406360 -0.133810 7.550343 -0.556993 0.291294 -1.386500 -1.054361 -0.078755 0.572951 -1.300432 -0.687856
4 -3.846571 -6.630204 -2.276913 52.395340 -5.175755 -4.451293 -4.790875 -2.941196 -3.276465 -3.536284 -3.075000 -3.908634 -4.632501 -3.853648
4 -4.280191 -5.466227 -3.870861 54.336362 -4.642284 -4.339008 -3.841178 -3.748573 -4.008936 -3.782675 -4.016431 -4.123049 -4.908401 -3.308545
4 -2.995417 0.199099 -3.723418 29.674283 -2.520905 -2.544751 -1.241752 -0.738730 -4.470348 -2.622594 -1.705598 -3.275704 -4.193748 0.159583
7 -5.643906 -2.716322 -4.787797 -5.324890 -6.835451 -4.306883 67.859130 -6.536756 -4.733982 -5.578325 -6.622397 -4.630749 -5.667680 -4.473987
7 -7.176645 -5.203614 -6.302647 -6.581722 -6.364836 -7.946954 79.175726 -6.477616 -6.330165 -5.118243 -4.231513 -6.691184 -4.314614 -6.435971
7 2.323039 -1.577233 1.009088 -0.217331 -1.374114 -1.200330 5.311245 -1.260011 -1.087756 -0.334986 -1.136664 0.407296 -0.241940 -0.620302
7 -6.130485 -8.348493 -6.753312 -7.596870 -7.393124 -7.232020 91.616985 -6.683980 -6.804755 -6.171031 -6.021324 -6.788277 -7.287837 -8.405475
7 -5.332029 -5.209305 -5.109077 -5.871072 -5.289320 -5.985646 66.580948 -4.621274 -5.458921 -4.590605 -4.696594 -5.235458 -4.986251 -4.195393
6 -1.064285 -1.135959 -1.040199 -2.376910 -1.888422 23.361582 -0.968883 -1.871765 -2.735555 -1.637816 -1.785846 -2.025983 -2.990302 -1.839656
9 -1.214155 -0.085278 0.343972 1.048605 -0.191264 -0.117316 -0.354133 -0.170645 1.892979 -0.954389 0.636588 -0.182915 -1.043143 0.391096
10 0.568896 -0.083924 1.570203 -0.343667 0.860148 1.487853 -0.038049 -2.161835 -1.539841 2.525455 1.290745 1.354625 -3.526150 -1.964461
8 -0.997442 0.911960 1.459698 -1.226332 0.508932 -0.695621 0.591412 4.396326 0.210095 -2.975642 -0.682604 -0.976232 0.290480 -0.815032
2 -1.570545 2.662604 -2.080864 1.616631 -0.456189 -0.844054 0.058715 2.380713 -0.905004 -0.500778 1.242755 -1.107907 0.008435 -0.504512
13 -0.000891 -0.996578 0.413290 0.112153 -2.036390 2.618604 -1.833621 -1.418780 -0.794658 0.465326 -2.465160 -1.382799 7.325222 -0.005718
4 -6.031231 -4.328651 -4.642849 53.940457 -5.321662 -4.643622 -1.352720 -3.558589 -1.933785 -4.892417 -5.225762 -4.600814 -1.818821 -5.589533
4 -5.438107 -6.390750 -2.967131 53.165208 -4.690515 -4.978744 -4.167276 -4.339599 -4.027582 -2.216366 -4.181445 -3.696380 -1.927806 -4.143507
4 -5.285128 -5.803533 -3.122885 54.045823 -5.746782 -3.932677 -3.104842 -4.884468 -3.380600 -3.270956 -3.895412 -2.996943 -5.768834 -2.852763
11 0.162302 -0.146692 -0.280922 -0.823686 -1.046317 -0.050265 -1.591788 -0.244888 -0.491359 -1.120695 6.514476 -0.542789 0.626364 -0.963743
7 -0.510459 0.387969 -0.377477 -0.942817 0.457083 -0.979936 2.564601 -0.012790 -1.327783 0.021465 1.046314 -0.528667 0.548474 -0.345975
3 -0.565118 -0.822885 4.193823 -0.777528 0.725877 0.163381 -0.995553 -1.212159 1.893206 -1.124077 0.309383 -0.629284 0.295146 -1.454211
4 -4.611494 -3.650004 -3.614993 54.264980 -4.751544 -4.501787 -2.995834 -3.258399 -5.345867 -4.747491 -1.808204 -5.841990 -4.530207 -4.607164
5 -2.944380 -2.457988 -1.779541 -1.421397 28.162331 -3.381664 -2.292421 -1.560886 -3.097236 -2.504906 -1.572434 -0.948648 -3.029714 -1.171116
13 -0.898042 0.488353 -0.743237 0.639306 -0.438935 2.177555 -0.668618 -0.500405 -0.353905 -0.992005 -1.264937 -1.029089 2.728780 0.855178
9 -0.141210 -0.475925 0.321360 0.389895 -0.096409 -0.314499 -0.261896 -0.293624 0.690738 -0.272964 0.010957 -0.172804 0.075499 0.540885
11 -3.137664 -2.489766 -1.456652 -3.791829 -3.448127 -2.546373 -2.016341 -3.457730 -2.033537 -4.526135 36.517323 -0.989716 -2.654315 -3.969138
11 -5.218841 -2.620124 -3.729383 -2.469924 -3.540283 -3.032694 -3.549711 -3.089724 -3.688060 -4.337894 45.341012 -3.152291 -3.461554 -3.450529
11 2.047437 -0.981963 -3.148765 0.001687 -0.928812 2.948240 -1.921683 0.127701 -3.261877 -2.090280 7.871862 1.177300 -1.075344 -0.765505
6 0.707089 -1.213076 1.070714 -2.274703 0.708433 2.015400 0.022693 -1.138976 0.429259 0.637170 -0.917029 0.056747 -0.213388 0.109666
1 36.943420 -1.946196 -2.796543 -3.840092 -2.746266 -3.321572 -2.899429 -2.662011 -3.425671 -4.652029 -3.646637 -3.345931 -1.399015 -0.262026
13 -0.687182 -0.905283 0.443880 -0.434201 -1.139336 -0.533592 0.469856 -1.003632 -2.144885 -1.413038 -0.314065 -1.335818 8.477706 0.519590
3 0.825688 -1.220469 7.926520 1.143404 -0.813305 -1.620041 -2.027444 -1.730923 1.229483 -0.142963 -2.252082 -1.410965 -0.955346 1.048444
4 -4.106129 -3.901267 -4.137438 54.758573 -4.422171 -5.628060 -4.269179 -3.526455 -5.633641 -3.904236 -3.887144 -4.528442 -4.276477 -2.537932
4 -2.100931 -2.343211 -2.838467 54.038599 -4.290089 -3.409968 -4.275257 -3.685864 -6.458388 -5.784740 -3.115396 -4.306201 -6.393092 -5.036994
2 -1.464845 13.286977 -0.486325 0.519482 -0.083784 -1.103345 -1.357501 -2.590794 -2.711747 -1.562862 -1.831801 -0.957509 -1.161171 1.505225
3 -0.987676 -0.569738 1.972202 1.557247 -0.252718 -1.293414 -0.765037 -1.365573 -0.433829 1.142966 0.236062 0.433956 -0.402218 0.727769
1 0.000000 0.000000 0.000000 0.000000 0.000000 0.000000 0.000000 0.000000 0.000000 0.000000 0.000000 0.000000 0.000000 0.000000
2 -4.032866 13.792483 -0.551579 -0.220974 -0.480168 -0.564159 -0.952689 -0.771641 -1.931961 -0.833250 -0.109592 -1.361962 -1.447035 -0.534608
13 -0.199338 -1.189524 0.475993 0.585106 0.362861 -1.129426 -0.793653 -1.064731 -1.964577 0.809549 -0.552404 -0.329211 4.758841 0.230513
1 37.993128 -4.365557 -2.504514 -1.235366 -2.748228 -2.100131 -2.299429 -2.165547 -2.904909 -4.596897 -3.003954 -3.968991 -3.938497 -2.161107
7 -6.920334 -6.644232 -6.677422 -6.456418 -7.128557 -6.985599 89.857748 -7.736688 -7.719187 -6.414099 -5.149553 -6.492324 -7.086050 -8.447283
6 -7.508967 -5.714181 -5.062951 -4.975867 -5.805027 68.670129 -6.298122 -3.255137 -4.229230 -6.240030 -4.655794 -5.352464 -4.813939 -4.758418
4 0.945932 -1.813347 -1.266665 1.517226 -0.021976 0.766796 0.443784 0.312691 -1.158629 0.354879 0.310139 -0.148118 -0.761395 0.518681
13 -0.418914 -0.311716 -0.476795 -1.141648 1.712283 2.704892 -4.533988 -2.288084 0.063190 1.612149 1.552547 -0.999701 3.398318 -0.872532
1 38.473196 -2.878204 -3.473430 -3.182607 -2.889391 -2.208079 -3.227917 -3.133080 -3.339436 -2.722117 -2.329778 -3.479816 -4.172785 -1.436556
3 -0.996349 -0.271809 2.408455 0.121626 -0.432640 -0.889187 0.967608 -0.567348 -1.532124 0.134360 1.125422 -0.386345 -1.127405 1.445736
10 0.054650 -0.777510 2.984929 -1.575704 -0.415943 -0.950580 -1.410723 -1.022928 1.351126 4.422405 -0.052957 -0.294236 -2.228708 -0.083822
1 3.590963 0.673339 -1.733478 0.803568 -0.003386 0.320261 -0.991561 -1.256156 -1.276317 -0.708363 0.263230 -0.565591 0.366123 0.517368
8 -0.251740 -1.159407 -0.090140 -1.434631 2.132042 -0.779304 -0.848064 4.562551 -0.560612 -0.166095 0.469820 -0.659696 0.220850 -1.435575
7 -5.745939 -5.468679 -4.035648 -4.725788 -4.989089 -5.686241 62.952926 -4.593262 -6.295873 -6.413417 -4.844075 -5.395395 -0.121520 -4.637996
8 0.000000 0.000000 0.000000 0.000000 0.000000 0.000000 -0.033394 0.519377 -0.343086 0.000000 -0.039951 0.000000 -0.102946 0.000000
11 -0.381150 0.486824 -0.537500 -1.250704 0.321852 0.543480 -1.128159 -0.887656 -0.895221 -1.347926 6.236994 -0.491152 -0.702884 0.033202
10 0.685689 -0.798923 0.087125 -0.649330 -1.040239 0.129389 -1.855376 -1.075432 -1.173854 5.832321 0.147352 0.483790 -0.511743 -0.260768
14 0.203917 0.089833 -0.263097 -1.663493 -0.262248 -0.221582 0.813254 -0.433279 0.885526 -1.029314 -0.936305 1.333350 -1.237979 2.721419
13 -0.949467 -1.303826 1.855933 -0.736268 -0.214060 -0.070477 -0.345106 -0.547452 -1.408490 -0.537021 -0.439449 -0.565568 5.887248 -0.625997
2 15.823548 22.801360 -5.248589 -3.965881 -3.274108 -1.522446 -4.435456 -3.271449 -3.312815 -4.159210 0.275498 -3.712175 -2.671216 -3.327058
6 -0.029401 0.000000 -0.369788 -0.509356 -0.472859 1.586340 -0.012548 -0.100045 0.122768 -0.115012 -0.264586 0.243113 0.476258 -0.554886
2 -0.675838 14.653916 -1.751739 -1.484045 -0.590333 -0.773664 -1.905533 0.388655 -0.942837 -1.726118 -0.615194 -2.485822 -1.473909 -0.617539
4 -0.881375 0.412266 0.099159 0.841302 0.205660 -0.060568 0.256352 -0.163354 -1.286763 0.102035 0.556370 0.167878 -0.822393 0.573429
4 -5.553058 -6.430232 -6.223660 52.362412 -6.843449 18.370781 -6.261924 -4.807259 -5.385122 -5.634592 -6.516137 -5.669696 -5.203172 -6.204890
1 64.806033 -5.333795 -5.021839 -4.792033 -4.982070 -5.082051 -5.177824 -5.329582 -3.957265 -4.941035 -4.374710 -4.983714 -5.442764 -5.387346
1 63.921851 -3.488917 -5.645006 -4.390340 -4.892441 -4.064605 -6.185969 -5.197512 -4.980570 -4.430840 -3.700181 -5.882921 -5.379265 -5.683282
1 41.591787 -3.325678 -3.721872 -4.205875 -4.513818 -3.266833 -2.674573 -2.568428 -2.562635 -2.549077 -2.592710 -2.231906 -2.858123 -4.520259
8 -2.061075 2.796919 -0.926162 -1.749352 0.919611 -2.003663 -1.170607 3.160105 2.478439 0.492228 2.952951 -3.180966 0.156027 -1.864458
4 -4.272783 -4.517803 -4.385478 57.900042 -5.457515 -3.740316 -4.542287 -4.451452 -5.300226 -4.073007 -3.540881 -4.563276 -6.053147 -3.001868
7 -0.112115 -0.747951 -0.572097 0.102176 -0.475221 -0.550563 2.404446 -0.514121 0.798511 -0.965411 -0.069744 -0.299768 0.177308 0.824550
2 -2.239472 18.008247 -1.386186 -1.056000 -2.372349 -1.145269 0.591452 -1.359513 -0.587840 -0.449138 -1.731462 -1.432883 -1.830889 -3.008698
1 4.869498 -1.419988 0.112570 0.589405 0.259748 -0.495228 -0.590794 -0.485925 -0.692844 -0.690894 0.094556 0.470448 -1.054955 -0.965598
10 1.011966 -1.121552 -0.830526 -2.338650 -0.791910 1.156680 3.219449 1.005639 -1.872441 3.476394 -0.587096 -1.461008 -0.528190 -0.338756
13 -0.091739 0.639062 0.002261 0.328647 -1.579165 -1.527437 -0.515052 -1.477112 1.170967 -0.468483 0.524984 0.842442 1.372554 0.778072
9 -0.271771 -1.379656 0.324696 -1.639895 1.786142 1.603757 -1.959938 -1.183702 4.549473 -0.050815 0.054474 -1.190269 0.303240 -0.945738
9 -1.198722 -0.871778 0.912111 -1.845422 0.347598 0.172606 -0.740802 0.939108 3.138312 0.512384 -0.078611 -1.123089 0.432896 -0.596592
5 -0.679791 -3.119014 2.896414 -1.181414 12.908834 1.104606 -0.399183 0.769906 -1.324364 -2.238123 -2.564391 -1.144925 -4.220919 -0.807636
4 -3.027527 -4.683346 -3.943284 55.209717 -5.408659 -4.388149 -4.766551 -3.559830 -4.138372 -5.126486 -3.905717 -3.875090 -4.070617 -4.316089
4 -5.209812 -3.212720 -3.023682 54.251770 -3.512252 -4.587905 -3.236143 -4.536411 -3.570334 -4.374131 -5.532515 -3.037966 -5.583386 -4.834511
4 -3.952524 -4.900337 -3.207520 58.901867 -5.183455 -4.724747 -6.358828 -4.719724 -5.693782 -1.475069 -3.873391 -3.871423 -7.016693 -3.924372
4 -3.166482 -2.330868 -2.148601 31.484529 -2.498993 -2.767904 -2.365411 -1.725044 -3.079816 -2.187226 -1.843609 -2.152341 -3.202976 -2.015258
4 0.759533 -2.250148 -1.172611 5.070324 -0.780747 1.054812 -3.540830 1.519100 0.819282 -0.614991 -1.740572 0.051657 0.472669 0.352521
1 35.886517 -3.477206 -2.893504 -3.650812 -3.197675 -2.537525 -4.413291 -1.395103 -2.274523 -1.952467 -2.847504 -1.563396 -2.434865 -3.248643
7 -0.294952 -3.172738 0.481794 -1.287675 -0.989173 0.629600 5.752963 -0.484438 -0.768549 0.165866 0.424637 0.408923 -0.099484 -0.766774
8 -0.357428 -2.056338 -1.206959 0.939699 -0.451001 -0.578467 -1.628149 9.541324 -1.263665 -0.200594 -0.932864 -0.836454 0.113954 -1.083058
1 41.149236 -3.675652 -3.215878 -2.988418 -2.939556 -5.268953 -4.409651 -3.426612 -1.862673 -4.355573 -2.723869 -3.059022 0.321589 -3.544966
1 40.674909 -2.960350 -2.735054 0.079892 -3.764274 -4.408670 -2.533216 -4.645021 -1.763797 -4.289316 -3.297555 -3.154697 -2.856574 -4.346277
3 -1.345606 -2.437185 6.106230 2.589829 -1.527630 -0.854945 0.643272 -1.686454 -0.607603 -1.239886 0.643530 0.395019 0.007496 -0.686066
3 -1.142001 -0.935200 12.681335 -1.436984 -1.908189 -0.593187 0.037848 0.919514 -0.154606 -0.681504 -1.521741 -1.527887 -1.720421 -2.016977
1 25.645391 -2.371391 -2.733196 -1.904077 -1.570683 -1.835007 -1.981311 -1.920611 -0.191994 -2.725236 -0.866917 -3.015609 -1.963817 -2.565539
3 -1.820976 -1.624721 29.623683 -2.796328 -1.713631 -2.319584 -1.990995 -1.755384 -2.134249 -2.496332 -1.751392 -2.466072 -3.322424 -3.431594
14 0.467181 -1.277256 -1.554903 -1.042911 0.880883 0.459803 0.004033 1.169930 -1.880941 0.682257 0.289855 0.308690 -0.020705 1.514083
14 -1.331771 -3.045924 -0.364093 -0.058183 -0.418121 -0.300852 -0.350670 -0.125054 -2.934343 -0.856802 0.059566 -1.285288 -1.619746 12.631281
8 -1.170521 -0.306094 -0.664200 0.686164 -2.035395 -2.011179 3.333818 9.627451 -1.311049 0.767906 -1.801781 -1.640698 -1.707905 -1.766517
3 0.044940 -2.001424 13.922668 0.859921 -0.993823 -1.183638 -1.265857 -2.707997 -0.053509 -1.210493 -0.732365 -0.763869 -2.481471 -1.433081
6 -3.146176 -2.284233 -2.263622 -1.944662 -3.046251 27.647772 3.230908 -3.292652 -2.128473 -2.738941 -2.260761 -1.975956 -3.295166 -2.501787
13 -0.136253 -2.154526 2.726783 -2.266205 -1.163529 0.402736 -1.573862 -2.454291 0.858743 0.774458 0.324594 0.923479 3.453422 0.284452
3 -1.544405 -2.813586 22.240402 -3.269989 -2.718132 -1.509506 -1.930392 -2.244300 -1.064499 -1.046172 -1.053722 0.192523 -2.251084 -0.987136
14 0.315420 -0.251162 0.307146 -0.191614 0.066077 -0.196606 -0.452364 -0.218479 0.531734 -0.617851 -0.163746 0.237979 0.074107 0.559360
11 -1.577548 -1.544267 -1.235067 -0.498178 0.329532 -1.531021 1.972138 0.077580 -0.971692 -0.831794 6.822236 -1.203761 -0.981489 1.173332
11 -2.323122 -0.525450 -1.352865 1.685830 -1.316152 -0.469355 0.182191 0.011807 0.149655 0.575550 5.245264 0.641349 -0.695055 -1.809647
11 -4.368731 -4.912643 -3.798005 -2.179015 -3.778816 -4.731397 -4.215887 -3.059530 -4.062180 -4.406126 49.767673 -3.618284 -3.830784 -2.806273
11 -1.733189 0.340230 -1.228255 -0.154397 0.751021 -0.496344 -1.253631 -0.105008 -2.792849 -2.372327 11.277739 -0.395318 -1.025328 -0.812345
1 40.545282 -3.056715 -0.559019 -3.694477 -2.339315 -2.490603 -4.147420 -2.984361 -3.704176 -4.028070 -4.546976 -2.850625 -3.545321 -2.598202
5 -1.102421 -1.866341 -1.666020 -1.390637 20.020397 -1.168602 -1.215499 -2.694468 -2.931028 -0.645504 -0.766267 -2.418439 0.155489 -2.310662
4 -4.996139 -3.232699 -5.793537 58.191318 -2.723236 -3.876544 -4.586060 -4.306650 -3.895764 -3.751660 -6.146422 -3.071409 -6.146082 -5.665115
7 -6.236471 -4.793219 -5.797017 -6.251817 -5.278325 -6.821222 78.929289 -6.650255 -6.135936 -4.987504 -8.647344 -6.133733 -5.087253 -6.109190
3 1.105876 -1.455403 2.445135 -0.605583 -0.200145 1.653646 0.552269 -0.433732 0.684239 1.932894 -1.556878 0.207532 -4.770766 0.440916
5 -2.549603 -0.081801 -1.366008 1.400251 15.864767 -0.471522 -1.058671 -1.461426 -2.049738 -1.746760 -1.627007 -1.450211 -2.865646 -0.536624
4 -2.609755 -4.060559 -4.283995 54.611958 -3.856098 -4.393966 -4.196356 -3.893806 -4.298116 -1.582909 -5.412554 -3.971049 -5.830788 -6.222008
6 -5.179113 -5.435653 -6.208641 -6.099848 -5.198613 71.715427 -5.801176 -5.191075 -5.163460 -5.263044 -6.018801 -5.548423 -5.312548 -5.295030
8 -1.869300 -1.390643 -0.042678 -0.244403 -0.272119 1.439308 -0.332412 4.920314 -0.843038 -0.842731 -1.457382 2.233609 0.669557 -1.968082
6 -4.098123 -3.568131 -2.908698 -3.472517 -3.365944 48.046599 -3.950121 -4.050337 -3.425952 -3.134804 -3.218359 -4.004175 -4.596735 -4.252702
6 0.240884 -0.894446 -0.993145 -0.683512 -1.027858 4.687531 0.357706 -1.003707 2.230376 -1.319572 -0.883864 -0.025806 -0.799922 0.115336
11 1.462824 0.691897 1.098147 0.355409 -1.201015 -0.340881 0.921747 -0.409329 1.079322 -0.555783 1.554052 -1.102810 -2.356169 -1.197411
13 -0.171137 -1.737751 -0.610958 -0.190034 -0.847933 -1.119490 -1.787596 -1.538089 2.812877 -0.348463 -1.528497 -1.193194 9.849662 -1.589397
13 1.805812 0.643435 0.118072 -0.883105 -1.124435 -0.098189 -0.700614 -1.336549 -0.816821 -0.422361 0.601234 -0.244296 3.664206 -1.206390
14 0.007516 -0.645406 -0.303553 -0.362884 0.108995 -0.053603 -0.475676 1.099033 0.003397 -0.640046 -0.133486 -0.314571 0.014929 1.695355
9 -2.263827 -1.093748 -1.321001 -1.573312 1.989435 -0.397623 -0.044415 -0.574302 6.088724 0.430900 -0.514416 -1.380155 0.577434 0.076307
1 3.588264 -2.839572 0.945667 -0.695908 -1.750628 -1.010768 -0.158844 -1.342906 -0.316798 -0.268161 1.021521 3.178997 -0.502605 0.151741
4 -4.717029 -5.344382 -3.950554 53.562332 -5.001825 -4.285077 -3.948038 -2.646179 -3.008941 -4.986575 -4.703555 -3.729342 -4.339151 -2.901683
14 1.242991 -1.890499 -0.364531 -1.089940 0.173594 -0.098409 -0.325037 -0.156504 -0.151989 -0.847444 -0.712839 0.590626 1.434404 2.195575
4 -3.835521 -3.875970 -4.180525 35.871188 -3.117118 1.173920 -3.352004 -4.498982 -4.909418 -2.525203 -1.213191 -2.269136 -0.192669 -3.075370
4 -5.194412 -3.691746 -6.283189 62.265445 -5.571608 -3.784296 -2.093794 -3.989420 -5.851180 -5.869178 -3.716368 -5.971733 -5.833763 -4.414756
3 -3.316589 -0.078850 32.001634 -3.568014 -2.541044 -1.006312 -1.414076 -3.217236 -1.496912 -3.076782 -1.644613 -2.250588 -3.758906 -4.631711
3 2.622152 -0.364619 3.977110 1.521998 -2.083988 -0.123936 -1.577732 -0.221081 -1.814023 0.261307 -0.013598 -0.601924 -1.228839 -0.352828
9 0.315365 0.827074 -0.987901 -0.068715 -0.814899 -0.322802 -0.542769 0.685385 0.835903 -0.352274 -0.386558 0.564014 0.730682 -0.482505
11 -0.322293 -0.069106 0.094717 0.333955 0.588490 0.747083 -1.338603 -0.263002 -1.075216 0.670951 0.890000 -0.554150 -0.018671 0.315846
13 -1.607655 -0.164731 0.666345 1.563150 0.264791 -0.829918 0.908238 -0.668974 -0.580201 -1.641672 0.131689 -0.138703 1.728477 0.369163
14 -0.403051 1.507666 -1.130453 -0.006338 -0.711007 0.532269 0.017512 -0.356139 -0.420436 -0.290396 1.435953 -1.462537 -1.017691 2.304649
14 -2.375725 0.535990 0.423864 -1.664202 2.181674 0.921421 1.404345 1.912267 -2.990709 -1.185117 1.169359 -0.281873 -2.269399 2.218106
4 1.917600 -2.399543 -1.144963 2.445934 -0.844468 -0.628315 -0.064173 0.006988 -0.431170 -0.574570 -0.304291 0.240076 1.346350 0.434546
6 1.455877 -1.648780 0.514518 -1.465259 0.554476 1.597033 -1.312755 1.456291 -0.712741 0.642450 -0.938725 -1.822938 0.627012 1.053541
4 -3.575027 -5.477588 -3.923700 53.208758 -5.230383 -3.926727 -4.686830 -2.169331 -2.370904 -5.933134 -3.934537 -4.568559 -4.556008 -2.856028
4 -4.277928 -5.536610 -3.875740 54.419807 -4.501702 -4.541536 -3.860819 -3.000702 -4.330853 -3.952656 -4.228726 -4.016929 -3.539091 -4.756514
1 1.843505 0.256835 0.286682 -0.520248 -0.710396 0.816397 -0.020602 0.286795 -0.379496 -0.459788 -0.404160 0.052026 -0.977899 -0.069652
12 0.691750 1.925497 0.095286 -2.214311 1.124568 0.207231 -2.236521 1.721538 -2.610229 -0.937944 -1.374772 4.481932 0.002997 -0.877022
1 19.936118 -0.888967 -0.474600 -1.426840 -3.928471 -0.548784 -2.522715 -1.766658 -1.388620 -1.243208 -1.715436 -0.686430 -2.176492 -1.168896
14 0.285449 -1.156240 0.085167 -0.476350 -0.971550 0.670856 0.117539 -0.948992 1.187301 -1.984878 -1.994064 -0.086624 0.161771 5.110613
10 2.107772 1.904193 0.530934 -1.178094 -0.249696 -0.042116 -0.823679 -1.368421 -2.718274 2.298349 1.037365 0.760357 -2.958636 0.699944
4 -2.373389 -4.684939 -2.740384 33.230415 -3.604963 -2.686167 -1.530197 -2.404040 -2.681064 -1.541930 -3.038560 -0.915524 -4.347932 -0.681326
5 -1.652807 -1.434423 -1.721546 -0.330914 19.533285 -2.481493 -2.230157 -2.397224 -0.861330 -1.611096 -0.779672 -0.714242 0.204848 -3.523228
4 -3.923499 -5.201984 -5.288715 57.080462 -3.227778 -5.725807 -5.221969 -3.987003 -4.650231 -0.249051 -4.212143 -3.875191 -7.316800 -4.200291
14 -0.077540 -2.498760 -0.586433 -1.481834 -0.685034 -0.311675 -0.555796 -1.166998 -0.276710 -0.999931 0.173408 -2.255777 -0.375862 11.098943
5 0.449200 0.512076 -0.304107 -0.246868 0.518590 0.136718 -0.077303 -0.543067 0.034400 -0.176153 -0.273043 0.050029 0.058305 -0.138779
7 -0.563502 0.100665 -0.614848 -0.728173 0.376168 0.508211 0.567082 0.311935 -0.077587 -0.035789 -0.054352 -0.062956 -0.129441 0.402586
4 -4.420250 -5.718233 -4.576339 54.329252 -5.556840 -3.319338 -1.288520 -2.218297 -4.341344 -3.816020 -4.880085 -4.019200 -4.454604 -5.720181
10 1.582634 -4.655020 2.831267 -1.949085 -1.508775 -0.425660 -0.497208 -1.572951 -0.123769 5.577265 -0.384824 4.560936 -2.591167 -0.843644
14 -0.292919 -1.750674 -0.402097 -1.176466 0.848641 0.336010 -0.671869 -0.882780 -0.605080 1.835988 0.003922 -1.413718 0.280015 3.891026
6 -4.811068 -2.553527 -2.614908 -2.564245 -3.360129 40.586085 -4.237089 -3.721031 -1.588922 -2.441620 -2.730050 -3.114116 -2.943425 -3.905952
13 -0.808087 0.400099 -0.716284 -0.673938 0.441500 1.260346 -1.766399 -1.418514 0.980053 -0.653182 -0.136580 0.959246 2.467203 -0.335462
4 -0.323862 -0.537715 -0.374214 0.989742 -0.114659 0.434298 0.382780 -1.093990 0.158680 0.127947 0.948556 -0.557955 0.368741 -0.408351
4 -6.134838 -4.799053 -4.957818 56.714625 -5.520797 -0.841093 -3.947177 -2.756636 -5.333735 -5.424604 -4.241848 -3.468760 -4.775222 -4.513044
10 -2.824142 -1.156457 -1.480190 -0.681257 -0.352994 -1.638968 -2.816113 -0.430904 0.125326 16.600357 -1.738406 -1.889727 0.658213 -2.374738
8 -0.511805 1.069358 -0.499787 -1.347871 -0.993707 -1.267808 -2.197225 8.555050 -0.550276 3.804725 -1.857129 -1.370430 -1.413527 -1.419569
8 -1.243651 -0.341934 0.602113 -0.643320 -1.800204 0.390161 -1.001374 7.311416 -0.196327 -0.399627 -1.107895 -1.251440 0.084585 -0.402503
1 36.894955 -4.058339 -1.997920 0.147150 -1.949171 -5.085568 -3.383272 -3.794591 -1.212028 -4.200065 -2.669831 -4.776230 -1.796908 -2.118183
4 -2.554110 -0.515325 -2.676691 30.748705 -2.940930 -3.030520 -4.220393 -1.329659 -2.775086 -2.463359 -1.852216 -3.440616 -0.789323 -2.160477
5 -0.580665 -2.482551 -0.758691 -1.044057 15.162545 -2.023717 -2.484073 0.440805 -1.202562 -1.475157 -2.441692 -1.941642 2.209081 -1.377626
11 -3.301798 -0.732383 -3.473599 -1.059937 -1.600430 -3.967900 -2.317671 -3.537134 -3.731884 -2.181502 37.779518 -3.986719 -3.939200 -3.949362
14 -0.361480 0.172596 0.576740 1.100246 -0.135427 -0.597013 0.929395 -0.262994 -1.649221 -0.337339 0.451587 0.189380 -1.288608 1.212138
1 2.044111 -2.447051 -0.050607 -0.546432 -0.691625 0.267823 -0.071187 0.222537 1.306741 1.969291 -1.955166 1.034245 -0.216950 -0.865731
8 -0.716337 -1.505081 -1.394533 0.603548 1.908417 0.926753 -0.803949 3.083688 0.947441 -0.341223 -0.579414 -0.605651 -0.931914 -0.591745
5 1.349328 0.058615 0.016843 0.925573 2.235479 -0.181435 -1.160156 1.528130 -0.868307 -1.575557 -2.277562 0.265297 0.838750 -1.154999
4 -0.531316 -2.726864 -0.282822 5.023170 1.715542 0.662815 -1.862843 -0.931521 1.220901 -1.143408 -1.109154 -0.365370 0.586620 -0.255749
1 3.577842 0.043073 -0.762501 -0.903115 0.514483 -1.816736 0.063957 -0.556348 -0.585788 0.824413 -0.138688 -0.354436 0.199343 -0.105501
4 -5.377445 -6.140904 -2.903809 55.436390 -5.027545 -4.136803 -4.886645 -2.759982 -3.181447 -4.792675 -4.469549 -3.629217 -4.591310 -3.539057
7 -2.569794 -0.469589 -2.750416 1.830255 0.843111 0.761581 2.904777 0.822938 -1.994581 -0.604571 1.446088 0.604937 -0.755526 -0.069210
13 -0.487515 1.942147 -0.538699 0.901868 -1.068301 0.416104 -2.310428 -1.215697 -0.119361 2.040550 -1.359032 -0.553681 2.201442 0.150601
1 22.258073 -4.351208 -1.075996 -1.358651 -1.828206 -1.807518 -2.816776 -3.672906 -0.593260 -0.332582 -2.054503 2.624959 -3.487277 -1.504148
6 -1.856198 -2.165274 -3.588742 -3.015540 -1.672949 30.917123 -2.240619 -2.046150 -2.061899 -3.607368 -1.066167 -3.580290 -2.392951 -1.622974
3 -0.670051 -2.129492 7.032916 -2.380773 0.785494 -0.341394 0.337077 -1.359940 -1.292907 -0.363758 -0.832934 1.528497 0.157801 -0.470535
5 0.289504 2.463992 -4.042716 -1.243321 15.143543 -3.020578 -1.704066 2.373981 -1.881542 -1.964849 -3.429272 0.496229 -0.671120 -2.809785
8 -2.518461 -1.640515 -1.360549 0.923226 -1.325819 0.805070 -1.784502 12.624125 -1.920302 -1.959585 -1.390004 0.898429 -1.296549 -0.054562
14 -0.669208 -0.479158 0.490585 -0.754330 0.819326 -1.225110 -0.072655 0.068331 -0.314772 0.609415 -0.158177 -0.070949 0.406134 1.350568
1 2.170877 0.978032 0.193645 -0.212697 -0.159174 -0.275509 0.517557 -0.098232 -1.537074 0.360896 0.849856 -0.178217 -1.426604 -1.183355
6 2.355504 -2.380898 -3.001272 0.433191 -1.421380 12.130641 -2.971828 -1.592777 0.552906 -2.189838 -1.762060 1.762166 -0.357950 -1.556404
12 -2.585797 0.240059 -0.902905 1.927450 -0.493598 0.581807 -1.332814 2.084564 -0.318924 -2.086296 -0.502803 2.689032 1.115225 -0.415000
3 -0.193466 -1.072529 11.557530 -0.228037 -0.784465 -0.726549 -0.522461 -1.177283 -0.922974 -0.633093 -1.830804 -1.535941 -0.930235 -0.999692
12 0.458836 -0.091411 0.265749 -0.816139 -0.395154 -0.702141 1.263112 -0.405631 0.927157 -0.359161 -0.423987 1.652830 -0.783339 -0.590721
14 -0.226594 0.435740 -1.512683 -0.317628 -1.429192 1.552718 -1.748493 -0.565467 0.114028 1.036042 -2.033879 1.571568 0.819151 2.304689
6 0.695258 -0.193313 -0.025249 -1.008906 0.653769 1.983790 -0.886974 -0.385637 -1.817810 -0.058799 0.480244 -1.110710 0.365674 1.308663
11 -1.251535 -0.852368 -2.123284 -1.321051 -1.813783 -2.985703 -2.856029 -1.004781 -1.371545 -0.356298 19.058994 -1.154436 -2.087943 0.119763
13 -0.130663 0.593573 0.274298 -0.050871 -0.215426 -0.303441 -0.204525 -0.579864 -0.657098 0.632196 -0.412781 -0.504924 1.434635 0.124891
14 -0.522075 0.125723 -0.425242 -0.517595 -0.328806 -0.377957 -0.522967 -0.921814 0.476189 1.235314 0.090071 1.298788 -1.013901 1.404273
1 68.446734 -5.494342 -5.212846 -4.900372 -4.983144 -5.739343 -6.723335 -5.165824 -5.292294 -4.593797 -5.449386 -4.306793 -4.974115 -5.611139
12 0.543183 -0.367831 -0.874813 -0.715927 0.232888 -0.573512 1.272586 -1.508361 0.278503 -0.593728 -0.418431 2.215398 0.229918 0.280126
10 0.418574 -2.199142 1.278894 0.520069 -0.201699 -0.626728 -1.069812 -0.301430 -1.352579 1.643487 0.641077 1.544234 1.041929 -1.336874
3 -0.513638 -1.033403 2.225392 -1.236070 0.316422 -0.191949 0.401973 0.647989 -0.578757 -1.178974 -0.580837 0.473582 0.950601 0.297670
1 36.307481 -3.213704 -2.442674 -2.972001 -3.392669 -4.096306 -2.697530 -2.881176 -1.702432 -3.388658 -1.544279 -3.317233 -1.927210 -2.731606
1 25.244553 -3.102418 -1.622102 -2.139019 -0.694557 -0.713264 -3.166373 -1.282816 -2.152161 0.611947 -2.765940 -2.674381 -3.811718 -1.731751
2 -1.154395 1.431275 -1.335980 -0.694663 0.577995 -0.510874 -0.146244 -1.414921 -0.813587 0.788818 -0.103757 1.237543 1.419985 0.718804
6 -0.363375 0.533593 -1.074228 -2.319944 -0.606820 15.094979 -2.140535 -2.293630 -1.664170 -2.031432 -0.903531 -1.882771 1.506216 -1.854352
5 -3.200189 -0.428315 -0.660290 -2.108105 14.489748 -2.062063 0.655151 2.033809 -3.303159 -0.338519 -2.037174 -2.260757 -2.841132 2.060993
6 0.585539 0.895507 -3.338211 -0.930931 -1.290485 12.034155 -2.848573 0.010955 -0.873826 -0.937208 -1.937896 -1.831694 -0.704103 1.166772
3 0.257182 -2.391905 3.931136 -0.216874 -1.688959 -1.244498 -2.439694 -1.065385 -0.387789 0.234514 1.862893 2.849815 1.116268 -0.816704
2 1.635870 2.147814 -1.017924 -0.948809 -0.873645 1.373902 0.522456 0.877249 -2.422334 -0.737285 -2.587595 1.955068 -1.061294 1.136528
3 -1.537577 -2.435482 22.240402 -3.289474 -2.655538 -1.601612 -2.044162 -2.115599 -1.222746 -1.111276 -0.910539 0.059354 -2.446981 -0.928770
10 0.351072 -0.425691 -0.254958 -1.335339 -0.217216 1.212259 -0.799513 -1.688340 0.794253 2.585907 -0.155987 -0.344467 -1.113569 1.391590
6 0.086440 -0.380090 0.298056 0.751592 -0.878188 1.649972 -0.287375 -0.558171 -0.032069 -0.477520 -0.200136 -0.246579 0.571138 -0.297070
3 -2.755653 -0.512689 8.345906 0.157887 0.657435 -1.793247 -0.300195 -1.058746 -0.486762 0.931481 1.407886 -1.963728 -2.076634 -0.552941
10 -1.737390 0.133457 0.151486 0.075692 -0.618347 -0.759336 -2.156225 -1.455164 -1.106496 13.343320 -1.652982 0.029300 -2.950638 -1.296679
10 -1.065347 -2.867354 0.388651 -0.217281 2.258694 -0.132885 -0.717864 -1.516831 -1.450273 3.929856 0.680370 1.611501 -2.171893 1.270655
7 -5.457289 -5.608025 -5.546854 -5.616959 -6.034305 -5.637040 75.621594 -5.685874 -5.192565 -5.119306 -9.084488 -5.424303 -5.467042 -5.747541
11 -1.140929 -0.092276 -0.186533 1.278736 -0.961771 0.766999 0.244662 0.684204 -2.079955 -1.980099 2.500137 0.856196 0.057887 0.052740
12 -2.273158 -0.792575 0.315620 0.202327 -1.146584 -0.952550 0.832255 -0.669095 -1.108301 -0.443969 0.949190 8.453507 -3.087506 -0.279163
4 -0.881375 0.412266 0.099159 0.841302 0.205660 -0.060568 0.256352 -0.163354 -1.286763 0.102035 0.556370 0.167878 -0.822393 0.573429
11 -3.582172 -4.084775 -1.327922 -1.874051 -0.216553 -2.764306 -3.035957 -3.592164 0.182879 -3.167796 28.294062 -1.344463 -2.004452 -1.482330
11 -6.409958 -3.781831 -3.601012 -3.749071 -3.463076 -3.653854 -5.375636 -3.651782 -4.655324 -4.358057 54.189101 -3.663656 -4.137067 -3.688779
2 0.242616 3.211985 0.924343 -1.440357 0.394589 -1.065911 -0.170671 1.357383 -2.345149 -0.679630 0.813550 -0.511219 -0.583169 -0.148362
3 -1.449850 -2.435482 21.129137 -3.117531 -2.063862 -1.568655 -1.838783 -2.156612 -1.188871 -1.025315 -1.087054 0.154271 -2.415186 -0.936206
11 -1.235128 1.969023 -1.035592 -0.471996 -0.501668 -1.942921 1.111713 -0.018231 -1.917298 0.188060 4.113172 -0.397309 0.482732 -0.344555
14 -1.477454 -0.098742 0.750262 -0.154800 0.268859 0.302550 0.153820 -1.436424 -2.277228 -0.832689 -0.399473 0.600813 1.943279 2.657227
11 -1.628940 0.444408 -0.496295 -1.076544 1.454424 -1.182203 0.020484 -0.597004 -1.787282 0.512442 4.193914 0.379394 0.267567 -0.504365
7 0.826679 0.924658 -2.070467 -0.198960 -0.425191 0.147116 1.637335 0.187633 -0.389589 -1.697865 1.276021 -0.592975 -0.442323 0.817927
4 -0.382816 1.313900 -0.081945 2.352275 -0.541065 -0.143712 0.500435 -0.715627 -1.345339 -0.108490 0.402819 -0.241231 -0.660153 -0.349052
10 -0.259428 -1.095927 1.566310 -1.253971 -0.341593 -0.666434 -0.115172 0.390540 0.792999 2.831427 2.115080 -0.268583 -1.979643 -1.715605
11 -3.782997 10.464037 -3.147381 -2.447916 -2.384520 -4.360013 -0.681135 -3.108825 -3.843889 -3.439544 26.495416 -3.821205 -3.779851 -2.162178
10 -0.733821 -0.751164 -0.906710 -1.063919 -0.153699 -0.263852 -0.152980 -1.064029 -0.735924 6.735566 -0.584972 -0.144558 0.816397 -0.996335
11 -1.996197 -2.005718 -3.726320 -1.506719 -0.835792 -1.412844 -4.734289 -2.331360 -4.263382 -0.931964 30.358433 -1.171361 -4.142079 -1.300406
11 -1.864109 -0.829882 -1.684470 -0.797049 -1.201459 -1.663899 -1.765961 -0.515866 -3.818796 -0.156950 16.887681 -0.565992 -1.392813 -0.630436
6 -0.122182 -1.919602 -2.379341 1.376121 -1.265982 18.409775 -1.600868 -2.170593 -2.433365 -2.650120 -1.705371 -0.330543 -2.419627 -0.788303
13 -0.311035 -2.349007 -1.184107 -2.055315 0.012371 -1.034729 0.034294 -0.892759 0.745419 -1.877134 -0.832588 0.028651 9.657818 0.058121
5 -1.140606 5.220521 -2.395673 -0.519182 15.746031 -1.841232 -1.717616 -0.187560 -2.012947 -1.952551 -2.072847 -2.758132 -1.544779 -2.823429
2 -1.729374 4.563104 -1.830206 0.136032 -0.831944 0.145982 0.779061 0.496285 -2.926349 0.198151 0.353453 0.372363 -1.037345 1.310788
14 -0.357222 1.886181 -0.268333 0.163947 -0.775105 -1.722053 0.580426 0.553127 -1.181662 0.370807 0.934272 -0.241882 -1.833393 1.890890
14 -0.639369 0.488929 -1.018890 -0.627544 0.138766 -1.334561 -0.481311 0.575908 -2.368471 -2.555383 2.343641 -0.846051 1.218761 5.105575
11 -2.524837 0.364126 -0.613684 0.397140 1.625202 -0.668981 1.082722 0.421144 -2.139661 -0.878120 1.648844 1.308191 -1.030067 1.007982
8 -3.011695 2.124686 -1.021776 2.802449 -0.094381 0.425452 0.166872 3.184278 -2.299725 1.767092 -0.183202 -1.599854 -2.257054 -0.003143
5 -1.120899 0.537871 1.088649 -1.821239 12.444868 -1.236021 -2.961486 -0.091117 -1.992573 1.529947 -0.342913 -1.482831 -2.931083 -1.621174
9 0.670407 0.920507 -1.196638 -1.605570 -0.610248 -0.754614 -1.642137 1.640344 2.587987 -0.949929 1.267750 -0.151672 0.400798 -0.576982
12 0.081389 -0.787975 -0.841957 0.957744 -0.463830 -0.098786 -2.006481 -1.461032 -0.426720 1.076923 -0.883173 2.524363 0.736096 1.593437
5 -0.851572 0.189696 0.234341 -0.452159 3.761860 -0.894033 0.644294 -1.485189 -1.641731 0.188526 -0.313802 -0.832800 1.831301 -0.378733
2 -1.547398 10.718604 -0.622874 -0.609981 -0.306417 -1.031342 -0.351752 -0.780399 -1.875387 -1.381867 -0.135578 -0.697353 -0.878159 -0.500096
13 -0.286131 -1.032464 0.159475 0.460095 -1.014411 0.272286 -1.401186 -0.305230 -0.039169 -0.747101 0.418278 -1.234948 4.249093 0.501413
14 1.041905 -1.585364 -0.264867 -1.795699 -0.634351 -0.318427 1.335761 -1.482734 -1.046566 -1.740762 -2.280942 -1.261775 -0.196591 10.230411
8 -0.145940 -1.451251 -0.903072 0.453380 -0.958292 -0.979899 0.889428 1.922802 1.747739 -1.720351 -0.481079 0.484210 1.136081 0.006243
3 -2.192922 0.249611 13.838527 0.156912 -1.938439 -1.417245 -1.068168 -1.467105 -1.402999 -0.596934 0.510816 -0.957837 -3.155683 -0.558534
4 -1.889757 -0.843250 0.525285 1.709299 0.715284 0.539430 0.243311 -0.277245 -0.835781 -0.390742 0.094524 0.491700 0.624409 -0.706468
6 -0.877779 0.893630 -2.521617 -2.808996 -4.478146 30.572801 -2.334882 -2.171358 -4.655749 -5.026060 -1.582730 -2.497590 -1.990874 -0.520648
6 0.314765 -0.401580 -0.890358 -0.786134 -0.741678 3.704889 -1.054898 0.492713 -1.720652 -0.668961 0.037223 -0.137415 2.735241 -0.883156
3 0.137883 -0.910521 7.327979 -0.981114 -0.697486 1.070570 -1.438534 -0.306885 -0.869966 -1.130797 -0.738851 0.916963 -0.734599 -1.644644
1 19.736579 -1.660821 0.399414 -3.580515 -2.609631 -3.795399 0.163162 -0.808415 1.532063 -2.205279 -2.659795 0.230408 -3.005460 -1.736311
2 -1.166048 1.001890 -0.746523 -0.275953 0.664216 0.110419 -0.108893 0.550738 -0.697587 0.171280 0.413540 0.034548 0.303989 -0.255616
2 1.480884 2.153366 -0.740775 -0.276102 -1.490030 0.446331 0.506478 0.146406 -0.186371 -0.206497 -2.114773 -0.422443 0.554722 0.148803
6 0.624233 -0.414558 -2.078882 -0.627001 1.058401 2.370082 0.141091 0.540381 -0.117095 -0.462515 0.347242 -0.564601 0.409508 -1.226286
6 -0.575984 -1.896651 -1.394236 -0.594015 -0.193126 16.183920 -2.473177 -0.627724 -2.201606 -2.307936 -0.924081 -0.517626 -1.324436 -1.153322
3 -1.779517 -0.234875 5.061424 0.272621 -0.144734 -0.073545 -0.651605 -1.307081 -1.358533 -0.150365 0.328413 2.527159 -3.100768 0.611407
12 1.810279 -0.662597 -1.949207 -0.195373 -1.234094 5.934287 -2.161681 -1.250916 -3.982972 0.728774 -0.931169 6.458330 -1.921784 -0.641879
1 35.844084 -2.456873 -2.707750 -3.035053 -1.884288 -2.479528 -2.415237 -4.268506 -0.940422 -2.210743 -3.195954 -2.342713 -5.501900 -2.405117
14 -1.739194 0.766289 0.437888 -0.030840 -0.654784 -3.132412 -0.107955 -0.463775 0.107327 -0.225024 1.040386 -1.196170 1.570758 3.627506
13 -1.366738 -0.758694 0.092611 0.576456 0.400934 -0.787663 -0.239380 -0.365004 -0.013303 0.430725 0.975369 -0.152290 1.064907 0.142072
11 -1.063265 0.210840 -0.284780 0.682984 0.046431 0.335610 0.193533 -0.222941 -0.916907 0.435189 0.750739 0.151087 -0.876485 0.557965
12 1.630319 -1.499378 -1.475184 -0.371302 -2.618125 0.638982 1.203166 -2.118070 -0.872973 -2.141874 -1.831000 13.148878 -1.999131 -1.694308
1 18.581842 -3.187405 -1.214562 -2.415151 0.097402 -3.320697 1.788586 -3.142506 1.463925 -0.468910 -0.236322 -3.088361 -4.857499 -0.000341
13 0.220833 -0.655226 -0.300480 -0.203678 -0.711274 -0.681292 -0.008452 0.438165 -0.559544 0.243072 -0.489424 0.160552 3.595980 -1.049232
13 0.278673 -2.105438 -0.622132 -1.323253 -1.418876 -0.163831 4.300083 -1.410326 1.535318 -0.687280 -0.130179 -1.431803 4.932518 -1.753474
11 -0.720047 -2.203486 1.142846 -1.179173 0.917594 -0.798669 1.159186 -0.014402 -2.783103 0.637456 1.852446 1.788509 -0.960364 1.161208
9 -1.269645 -0.184321 -0.442446 0.658681 -0.907369 -0.758855 -0.021689 -0.054920 5.022277 -1.002253 -0.677784 0.075120 -0.715510 0.278715
3 -1.717213 -1.577825 28.065553 -2.699578 -1.560786 -2.203474 -1.901693 -1.598302 -2.058638 -2.481284 -1.581960 -2.157815 -3.133120 -3.393864
7 -6.932036 -4.689088 -5.350554 -6.383841 -5.763705 -5.446944 61.777500 -4.046602 -3.488976 -4.553168 -5.214266 -5.136784 -2.532745 -2.238790
11 -1.093290 -1.360957 -1.031668 0.183484 -0.794366 -0.317294 1.056644 0.375081 -2.758701 -1.646273 6.609761 -0.307974 0.657745 0.427808
8 -0.248901 1.388842 0.140848 -1.719688 -1.341261 -1.262388 -2.358121 8.945588 -0.328107 1.863110 -1.182668 -1.564985 -1.482613 -0.849657
9 -1.391235 -2.052892 -0.241288 0.211435 -0.864985 -1.783122 -0.241414 -1.169462 6.332798 -1.524694 -0.450203 -1.302079 2.714924 1.762217
3 0.210032 -0.344711 2.224781 -1.245037 -0.168076 -0.925375 1.375441 0.135528 -0.547283 0.201415 -0.660795 1.905271 -1.681900 -0.479291
6 -1.401698 -1.210236 -1.570537 -1.181527 -1.652741 18.178186 -1.684243 -1.446458 -1.387474 -1.183863 -1.747005 -1.022487 -1.469149 -1.220766
1 18.429964 -1.337026 0.383534 -2.101194 -1.634271 -0.722288 -0.416327 -3.492777 -0.581137 -1.154853 -2.392930 2.588281 -5.253718 -2.315258
1 3.330436 0.085846 -0.606778 -0.898832 1.026495 -1.144144 -0.597652 -0.031929 0.929051 -2.054818 0.371975 -0.480466 -0.019040 0.089857
9 -1.464530 -0.583298 -1.604806 -0.501365 -0.101209 -0.051589 -0.849170 -0.920859 9.373796 -0.284252 -1.710832 -0.029297 -0.394351 -0.878237
5 1.243998 0.961112 0.223864 0.477692 11.670379 -0.380998 -1.124814 -1.535280 -2.539377 -0.986247 -1.828558 -3.105933 -3.023493 -0.052346
5 -0.529696 -1.694189 -1.143573 -0.700811 4.687865 -0.219463 -0.801902 0.602358 -0.479275 -0.563610 -1.256764 -0.895503 3.322420 -0.327858
11 -2.602311 -1.125517 1.110151 0.730724 0.785428 1.160925 -0.244568 -0.166102 -1.807563 -0.133360 2.703550 0.578674 -1.015932 0.025901
1 23.367092 -1.630494 -2.283203 -1.847941 0.363532 -4.139576 -1.579262 -0.810558 -1.556013 -1.992684 -1.988924 -2.199594 -1.859220 -1.843154
1 3.527542 1.045380 -0.646902 -1.558900 -0.439775 1.651656 -2.281825 -1.874737 0.340313 -2.144845 -0.544973 0.343995 1.945233 0.637837
12 -0.358043 -0.745134 0.889674 -0.593949 -0.509770 -0.508073 0.337548 -1.792463 0.642889 -1.584722 -0.376939 6.317063 -1.432480 -0.285601
1 5.035036 0.971546 -0.699655 -0.224562 -1.481813 2.490565 -0.678104 -1.937321 0.216078 -0.896449 -1.003086 -1.390902 0.498617 -0.899950
1 54.106338 -4.856840 -4.633722 -3.860118 -4.921701 -4.863112 -3.416045 -3.661367 -2.709980 -4.808765 -3.049537 -4.082218 -5.005300 -4.237629
1 19.249040 -1.629756 -0.817737 -1.712624 -1.282673 -1.193483 -2.065993 -1.354562 -1.648552 -1.057864 -1.822705 -1.832388 -1.289876 -1.540827
1 31.154035 -3.650908 -3.233487 -1.949733 0.393703 -2.456657 -3.026138 -3.888312 -3.328767 -1.616984 -2.831716 -2.553076 -1.248521 -1.763439
1 25.976033 -3.281202 -2.653768 -3.616239 -2.434806 -2.214517 -2.752277 -1.812696 -1.856220 -1.693211 -2.447234 -2.552734 3.596817 -2.257945
1 42.294734 -2.123611 -3.621150 -3.514000 -3.238212 -3.276924 -2.818425 -3.396847 -3.153675 -3.609401 -2.634936 -3.232616 -4.507210 -3.167726
1 36.152806 -3.864065 -3.305904 -3.462933 -3.688123 -3.288374 -1.755085 -2.339402 -2.815179 -2.752773 -2.592729 -1.860546 -1.688541 -2.739152
1 41.081265 -1.773003 -3.765434 -2.137139 -2.845250 -3.888145 -4.228877 -1.592758 -3.111621 -4.216921 -4.226575 -3.616701 -2.036552 -3.642289
1 39.102642 -5.244573 -2.307076 -2.569400 -0.847710 -4.128739 -3.842428 -4.592336 -0.761555 -1.928388 -1.579742 -4.268442 -3.312343 -3.719908
1 36.119935 -3.516333 -2.614756 -3.356523 -2.321784 -2.465176 -2.709448 -2.473180 -1.388566 -3.660628 -2.777222 -3.448182 -3.561617 -1.826518
1 28.961903 -1.983960 -1.309118 -3.548329 -3.488303 -3.302127 -1.253864 -1.115914 -2.582740 -2.162105 -2.740181 -1.853109 -0.113935 -3.508216
1 22.122884 -3.658343 -1.619650 -1.439355 -2.722245 -1.117289 -0.589034 -1.314329 -0.686665 -1.506573 -3.049594 0.417998 -2.002463 -2.835340
2 1.528816 2.507225 0.271374 0.619516 0.731433 -0.226109 -0.380860 0.402302 -2.064303 -1.089326 -0.623447 -0.602305 -1.970035 0.895719
1 25.474219 -3.896380 0.273281 -2.641455 -1.515798 -1.264880 -2.413375 -1.999872 -1.597273 -1.662281 -3.752788 -1.711326 -1.822185 -1.469888
13 0.438683 -0.060518 -0.572116 -0.675824 0.274771 0.127647 -0.521543 -0.528061 -0.443172 -0.702321 -0.393075 0.217459 1.650567 1.187503
1 40.860674 -3.592521 -3.907089 -2.987063 -1.394839 -3.837048 -4.717508 -2.620347 -0.178200 -1.863900 -3.408535 -3.572449 -6.128830 -2.652345
1 24.367251 -3.167723 -2.383277 -1.929573 -2.718876 -1.405801 -1.872407 -1.161321 -0.594087 -1.864078 -2.727974 0.788381 -2.146360 -3.184154
1 21.316195 -2.654769 -1.683154 0.782340 -1.024514 -3.374652 -1.108681 -1.859757 -1.684775 -1.946851 -0.806153 -0.818750 -3.313096 -1.823382
1 35.951030 -3.186399 -2.895210 -3.031340 -3.803693 -1.306339 -0.202760 -3.905378 -3.760384 -4.449614 -2.242913 -3.058565 -1.295833 -2.812600
1 4.303737 -1.701624 0.701588 -0.426345 -0.363031 0.051143 -1.775544 0.436687 -0.602394 -0.890002 -0.104975 1.146167 -1.139700 0.364293
10 -0.488169 -0.503138 -0.157323 0.098215 0.297451 0.347469 0.587428 -0.433091 0.567495 1.014637 -0.985126 0.450019 -0.247531 -0.548336
10 -2.924546 0.467589 1.430510 0.444765 -0.423380 0.159356 2.459653 -0.528685 -3.015735 4.531180 2.189236 -1.244681 -3.513526 -0.031739
13 -0.648792 -0.649687 1.387826 -0.899686 0.060538 -1.314558 -3.083180 1.839290 -2.119452 -0.314736 0.889837 0.920074 3.584574 0.347951
7 -0.428272 0.418410 -0.247507 -0.800034 -0.432515 -0.501854 1.327363 0.573597 1.145938 0.141223 -0.471407 -0.127576 -0.926528 0.329161
14 -1.618722 -0.803153 1.714578 -1.122289 -0.799814 -0.515650 -0.651151 0.129849 -1.095066 1.501396 0.679059 0.492858 0.324718 1.763387
10 -0.226767 -1.784442 0.295064 -1.367518 -0.485920 -0.411570 -0.010234 -0.212884 -1.362208 6.795614 -0.995547 0.089917 0.761020 -1.084527
10 -0.913036 -0.955569 0.041120 -0.449337 -0.161575 -0.402904 0.459953 -0.588695 1.314413 3.833916 -0.004466 -0.691186 -0.164982 -1.317652
10 -2.149837 -2.105970 -2.264102 -2.167995 -2.290113 -1.926138 -2.949552 -1.383657 -1.636517 28.220001 -1.850391 -2.422965 -2.235663 -2.837102
1 4.067121 0.255246 -1.063221 -2.975429 -1.704538 2.734369 -1.532648 -0.296855 -2.361991 -1.268261 1.737095 -2.141455 1.545724 3.004844
6 -1.460510 -1.907060 -0.110138 -0.783952 0.240871 2.331416 1.769174 -0.896322 -0.659501 1.241512 -0.152588 -0.781842 1.067549 0.101390
10 -1.751603 -2.371314 -1.668524 -2.031498 -0.204677 -2.623619 -1.060763 -1.280056 -0.520675 16.552263 -1.450982 -0.109068 -0.992422 -0.487064
8 -0.171052 -2.601438 -0.310869 -0.861201 0.847573 -0.192461 -0.739069 2.266574 -0.301689 1.380479 0.884368 -0.327206 0.868274 -0.742282
13 0.746422 -1.518357 1.410881 -1.018537 0.206676 -2.351973 -0.901562 0.519397 0.350166 -0.002781 -0.045024 0.093162 2.372434 0.139099
10 -1.463722 -0.288722 0.757373 -0.811827 -0.271070 -1.873980 -0.793796 -0.738769 -1.245053 9.107588 -0.676658 -0.958793 -0.113778 -0.628794
11 -0.490008 1.316209 -1.327288 -0.050722 0.478358 -0.528044 1.539854 0.234346 1.417791 -1.885335 1.576210 -1.577953 -0.581211 -0.122206
10 -0.897611 -3.795861 -1.585681 -2.974329 0.442910 -1.360886 -0.422326 0.524744 -1.244909 19.000349 -3.466635 -2.469004 -0.197351 -1.553411
10 0.009908 -1.302823 -0.486036 0.137539 1.143865 0.073246 -1.097811 -1.348767 -0.545721 4.710173 -0.266257 0.326505 -2.519295 1.165472
10 -2.004610 -1.179440 -0.655402 4.315995 -0.136617 -0.583756 -1.246292 -1.810913 -1.180783 8.915996 -0.273717 -1.913826 -1.735525 -0.511110
2 0.289055 1.410980 -1.787921 1.041545 -1.749883 -0.320917 0.813992 1.000263 0.485731 -0.787528 -0.665499 -0.097568 1.128719 -0.760970
12 -0.650969 -0.000490 0.020192 -0.570628 0.333669 0.557141 0.611772 -0.840958 -0.971681 0.670862 0.828724 1.391343 -1.366084 -0.012892
2 -0.795654 1.203652 -1.264062 0.004177 0.428444 1.123333 0.125134 0.406659 -0.428530 0.472517 -0.113363 -0.678134 -0.155208 -0.328967
2 -1.957135 17.147704 -1.247549 -1.841277 -0.104668 -3.087789 -1.320403 1.172164 -0.789264 -1.021876 -2.630378 -1.160688 -2.073225 -1.085616
2 -0.054258 1.548902 0.107143 -0.406257 -0.547845 0.319057 -0.213020 -0.620502 -0.604097 0.081895 0.058940 1.083959 -0.511398 -0.242519
1 0.000000 0.000000 0.000000 0.000000 0.000000 0.000000 0.000000 0.000000 0.000000 0.000000 0.000000 0.000000 0.000000 0.000000
2 -1.459496 16.597859 -0.849821 -1.597340 -1.222703 -0.596252 -1.251207 -0.393744 -0.825888 -1.439420 -2.181390 -1.076639 -2.333509 -1.370451
2 -1.815287 20.095420 -1.538898 -0.907742 -0.664586 -2.882957 -1.360353 -0.418867 -2.857549 -2.127502 -1.956147 -0.586282 -2.020745 -0.958506
2 -1.845779 4.406866 -1.994179 -0.351869 0.257092 0.174329 0.989858 0.282733 -1.091182 -0.593719 1.734752 -1.414019 -0.580547 0.025665
14 -3.334369 0.500012 1.350112 0.099546 -0.329016 -1.080647 0.498464 -0.715213 -1.199039 2.125308 -0.086927 2.021375 -2.613566 2.763960
2 -0.857528 13.770925 -0.775199 -1.311376 -0.662178 -0.278994 -1.768889 -1.276188 -0.721878 -1.034351 -1.341474 -1.233315 -1.548755 -0.960802
2 1.048532 4.121803 -2.634892 -0.800974 -1.062281 2.605225 2.459786 0.943820 -1.932327 -1.339667 -1.537341 0.214390 -3.263008 1.176935
2 0.066085 19.898849 -2.255642 -1.173900 -0.427078 -0.877565 -2.336507 0.993408 -2.820809 -1.948468 -2.741921 -2.220838 -2.445783 -1.709832
14 -2.114566 -2.656511 1.022669 -2.309626 0.788583 0.817712 1.276806 0.307758 2.163276 -0.610841 -1.837236 1.002202 -0.481799 2.631572
2 0.957238 11.066109 -1.794043 -0.139289 1.026147 -0.329146 -1.530568 -1.762780 -1.626926 -2.245643 -2.287109 -0.265626 0.461812 -1.530175
2 1.857392 4.101860 -1.750067 -0.316271 0.571153 -0.322688 0.578370 0.047316 -1.403506 -1.405478 0.411958 -1.124342 -0.586075 -0.659621
2 -0.683426 13.931652 -1.299660 -0.752747 -1.412457 -0.895317 -1.413432 -1.515314 0.233817 -0.721698 -1.943940 -1.128092 -1.438683 -0.960704
2 1.704072 5.250049 -0.822626 -0.587318 1.102323 0.039027 -1.465956 0.036584 -1.132985 -1.833826 -1.334020 0.548468 -0.970185 -0.533609
2 -1.956399 8.431723 -0.618786 -0.962236 2.470364 -0.997574 -0.144179 -0.955794 -2.992352 -1.472489 2.577346 -1.301427 -1.229709 -0.848488
7 -0.216193 -1.380385 -1.260078 -1.247760 -0.492082 2.373239 2.570892 2.231954 -0.839432 -1.705370 -0.338189 -1.439183 0.041934 1.700655
6 0.263167 -0.124746 -0.064912 -1.404307 0.005251 2.212185 -1.272174 0.833945 0.144609 -0.749402 -0.796716 -0.147371 2.010169 -0.909699
6 0.379827 -2.800657 -0.188295 0.034898 1.462827 2.201549 2.038500 0.356188 -0.897042 -1.585371 -1.811407 0.596091 0.599447 -0.386555
5 0.274640 -0.066031 -0.174416 1.087555 1.606808 0.125848 0.561456 -2.249758 -1.141235 -1.178003 -0.533017 0.414992 -0.282598 1.553757
5 -1.307141 -2.081156 -1.692572 1.648447 11.296930 -0.403821 -0.311061 -0.856251 -1.341651 -1.446178 0.025301 -1.392226 -1.680582 -0.458040
5 -0.165833 -0.582707 0.569679 -0.118871 2.693782 -1.014425 -0.471594 -0.286962 -0.634974 -0.224078 -0.343428 -0.333625 -0.162294 1.075329
5 0.281780 -2.098068 -1.951541 -1.085040 13.344768 -0.361871 -2.093393 -0.978929 -0.891974 1.312396 -1.472245 1.235571 -3.781869 -1.459587
6 -0.464793 0.459819 0.693848 1.099184 -0.850852 1.590484 -1.581747 0.952899 -1.825258 -0.812897 -0.508976 1.441613 -1.332381 1.139057
14 -0.487961 -0.071900 -0.368843 0.976136 2.005503 -0.427596 0.236071 -0.416383 -1.758424 -0.287219 -0.329465 -0.265568 -0.915771 2.111418
5 0.266471 -2.683730 -1.805810 -0.425550 5.029171 0.695265 -1.027282 -0.207938 -1.830554 0.977142 0.981601 0.284509 -1.255515 1.002221
8 0.201973 -1.022598 -1.344877 -0.108471 0.218777 -0.593059 0.216305 1.867165 0.882463 -1.025336 -0.390128 0.164437 -0.805077 1.738426
3 0.018461 -0.668017 2.637874 -0.223392 -0.276953 -0.449092 -0.426720 -0.471758 0.029181 1.407893 -0.623961 -0.164628 -0.058586 -0.730303
5 -1.643627 1.856159 -0.725429 -1.009088 3.473852 1.209799 -0.475724 -0.639165 0.529381 -1.177598 0.955845 -1.868839 1.914709 -2.400274
5 -3.723598 -3.599068 -3.573346 -0.897249 40.479486 -4.780015 -3.948677 -4.423977 -2.924120 -3.736551 -0.583101 -2.074271 -1.855819 -4.359692
5 -1.907185 -2.434021 -0.760520 1.927335 12.192614 -1.444479 -0.554294 -1.486456 -1.084604 -1.275008 -2.801113 -2.221972 1.608350 0.241350
5 -1.771804 -2.165904 -2.330212 -2.052169 28.532857 -1.407181 -1.458760 -3.066213 -2.180084 -3.279425 -1.742300 -1.182212 -2.551457 -3.345137
5 -0.926280 -2.293667 -1.743601 -0.968885 13.860596 -2.028175 -1.088743 -0.941802 -0.515501 0.329746 -1.631616 -0.986962 0.581677 -1.646787
5 -0.954403 -3.312418 -2.663112 -1.609299 29.579988 -2.895254 -2.637759 -3.199325 1.030058 -2.336536 -2.093344 -4.195638 -1.615578 -3.097377
5 -2.079476 -1.202240 -0.793204 -0.607091 14.966227 0.100192 -1.560572 -2.907296 -2.765147 -0.949094 0.977271 -1.675840 -3.427338 1.923609
5 0.445976 -1.322221 -1.291667 -1.567722 12.401219 -1.521487 -0.014948 -1.625041 -1.910807 -1.002398 -1.677097 -1.114591 1.571546 -1.370763
5 -1.581491 -0.540965 -0.529815 0.561315 3.519004 1.455172 -0.160631 -0.391119 -1.647318 -0.220006 0.695933 -0.073816 -0.996257 -0.090006
11 -0.465201 -0.547399 -0.253610 -0.053197 -0.447878 -0.325836 -0.552208 -0.393906 -0.306130 -0.351373 5.214334 -0.380539 -0.642292 -0.494765
11 -0.675250 -3.787624 -2.116934 -3.032791 -2.460522 -1.648390 -5.499505 -1.890025 -4.166203 -2.831666 36.004213 -2.272283 -3.361160 -2.261861
7 0.073316 -0.870400 -0.953571 -1.889420 -0.228192 -0.470396 5.026967 -1.319773 -0.644552 0.391158 0.727220 -0.370643 -0.684038 1.212324
11 -1.143551 -1.178396 -1.028375 -0.108349 -1.504220 0.107164 -2.118502 -0.498210 -0.798671 -1.092322 12.474687 -1.210096 -0.524770 -1.376388
11 -0.400171 -1.493231 -1.551281 -1.036433 -0.920055 -0.077939 0.941771 -0.082927 -0.075647 -0.711234 5.937246 -0.720272 0.125579 0.064594
11 0.035586 0.335242 -0.896973 0.932299 0.209081 0.112754 0.449326 0.013193 -1.779767 -0.933988 3.216924 -0.667596 -1.709585 0.683504
11 -0.011018 0.671530 -0.370212 0.071671 -0.507706 -0.493160 0.424394 -1.426860 -0.813554 -0.365543 6.452876 -1.695958 -1.360843 -0.575617
1 4.808843 -1.112845 0.379615 -1.334807 -1.877952 0.092594 0.732671 -1.251312 -0.861913 0.552115 0.517449 0.363314 -0.173136 -0.834635
11 1.349782 -0.864376 -1.156766 -1.267240 -1.232713 -0.379873 -0.254211 0.807641 -0.502753 -1.277632 4.408093 0.366350 0.657477 -0.653778
11 1.362546 -0.095702 1.480863 -0.296287 -0.584611 0.249195 0.091703 -0.993305 -1.474928 -0.598288 1.756210 0.976048 -2.273527 0.400083
11 -2.868943 -4.555289 -3.974082 -2.966192 -3.942013 -3.588826 -5.475116 -1.906350 -2.701077 -4.579866 45.194279 -2.685612 -2.919361 -3.031551
11 -2.664699 -1.285991 -2.593574 -1.879854 -1.124457 -1.187578 -2.975635 -1.113664 -1.530670 -2.052993 23.083814 -0.819837 -2.002483 -1.852376
11 -1.115218 -2.964117 -1.551506 -1.545675 -1.311222 -1.537117 -2.792922 -1.131356 -0.692924 -1.153093 18.694113 -0.627490 -0.808127 -1.463345
5 -0.649592 -1.791980 -1.466692 -1.113517 3.350059 -2.051672 -0.400719 0.377581 -1.640636 0.826154 2.926893 2.189829 0.099726 -0.655434
11 -1.079857 -1.406983 -0.909785 -1.785205 0.195143 -0.831484 -0.466422 -0.560354 -0.962307 -0.476633 10.066788 -0.614243 -0.329764 -0.838893
11 -2.271884 -1.154176 -1.001225 -2.325319 -2.209789 -2.038997 -4.569615 -2.366974 -2.463895 -1.719766 26.853236 -0.446570 -1.243961 -3.041065
11 -3.730874 -2.907092 -1.549630 -1.303248 -2.888833 -2.626614 -2.362898 -2.967357 -2.354100 -2.713161 31.768608 -3.081316 -1.420039 -1.863446
11 -2.688318 -2.553030 -2.914365 -1.505042 -2.425521 -2.890612 -2.031490 -1.021930 -1.862796 -3.427828 28.108373 -2.855792 -0.237215 -1.694436
11 -1.169405 -0.711009 -0.686908 -1.331110 -1.772935 -1.166840 -1.160619 -0.244497 -0.705453 -1.487483 9.484183 -0.245130 0.499733 0.697473
7 0.047029 -0.489125 0.304914 0.271762 -0.248570 0.230991 1.158315 -0.503239 0.885484 -0.341989 -0.466279 0.060817 -0.388317 -0.521794
11 -2.206457 1.474988 -1.003116 -2.559783 0.369895 -1.605696 -0.279663 -0.370956 -2.108974 -1.323102 11.730928 0.784129 -0.782567 -2.119627
1 1.325295 1.153321 -0.123907 -0.500164 -0.525314 0.339806 -1.113806 -0.528582 1.065436 0.249764 -0.008353 0.256107 -1.427040 -0.162563
4 -0.160676 -1.217754 -1.275974 4.146577 -0.683748 -0.332913 -0.209779 -1.721154 0.725030 -1.126864 0.469353 1.092934 -2.009273 2.304241
9 1.021679 1.586826 -2.414112 0.719337 -0.287995 -2.267154 1.368864 -0.487804 3.190528 0.245216 -0.841174 -0.556899 -0.179312 -1.098000
9 -0.288550 -0.564226 -1.861163 1.001008 1.685574 -0.700133 0.111919 -0.869242 1.738250 -0.856182 1.337191 0.286470 -1.597260 0.576341
12 -1.013941 -0.646830 -0.148286 0.401205 -0.769558 -0.844280 0.973888 0.209354 -1.628053 0.255913 0.932571 1.368559 -0.313527 1.222985
7 -8.156091 -6.431985 -6.674287 18.619079 -1.246576 -7.185218 62.828052 -7.404442 -8.033803 -6.983047 -7.437631 -7.076488 -7.802536 -7.015022
14 -0.210322 -0.114989 -0.881930 0.054314 -0.791495 -0.537257 -1.042115 0.110792 -0.509148 -0.169697 0.966209 0.435508 0.605315 2.084814
4 -0.494304 0.273052 1.058136 5.774644 -2.386411 -0.112791 0.023276 -2.334274 -0.131039 -1.781830 -0.193355 -0.781540 1.331355 -0.244919
5 -1.293982 -2.615513 -1.584815 1.664042 14.091992 -0.276241 -1.663574 -0.966660 0.280813 -0.918493 -2.092491 -0.294482 -2.298096 -2.032501
14 -1.120969 -1.266064 0.916925 1.573288 -0.032285 0.042710 -0.486693 0.716817 -1.110960 -0.567865 1.215852 -1.013310 -0.818581 1.951133
4 -1.134000 -0.453778 -0.825703 7.911342 0.721954 1.240284 1.327159 -0.025656 -2.779056 -1.263423 -0.958788 -1.871390 -1.087664 -0.801281
14 0.341242 -0.764747 -1.537541 -0.851989 -1.211810 0.955234 0.874698 0.714975 0.848670 0.093988 -0.611485 0.220491 -0.392768 1.321044
4 -0.823949 -0.386533 -2.934729 8.828781 0.718633 0.748535 0.273273 -1.276132 -1.600337 -2.640867 -0.557205 -0.968987 -0.548199 1.167715
4 -1.295509 0.196110 -2.106391 6.439686 -0.296848 1.537009 -0.540749 -1.027978 -2.234710 0.742365 1.208979 -0.531972 -1.305460 -0.784529
2 -0.614067 2.530685 0.558223 -0.493952 0.072540 1.613061 -2.492182 0.491140 -3.663740 0.856313 2.400002 0.457935 -2.115930 0.399972
4 -0.636194 -0.553681 -0.489749 2.763863 0.256673 -0.261001 -0.396133 -0.910559 -0.122604 0.418476 -0.156986 0.410766 -0.282496 -0.040375
9 -0.871002 -0.591567 1.266890 -1.040652 0.188597 -1.657042 1.768579 -1.757166 6.480476 -0.951305 0.288238 -1.615696 -1.649552 0.141202
4 -1.268758 0.479762 -1.886226 5.767293 0.753424 0.097912 -2.675500 -1.593909 1.403074 -0.970059 -0.579352 -0.389784 1.057001 -0.194877
4 -0.039950 0.264452 -0.604346 2.471310 -0.888542 0.634333 0.022181 -0.140971 -0.176719 -1.216588 0.205083 -0.897553 1.147398 -0.780089
1 2.396200 0.036732 -1.496962 0.479187 -0.221441 -0.078328 0.245486 0.774334 -1.545069 0.923254 -0.781620 0.089224 -0.754853 -0.066146
7 0.809806 -1.740316 -1.477250 -0.809641 0.918958 0.508583 0.952401 0.211722 -0.714938 0.451360 0.939626 -0.070214 0.189903 -0.170001
9 0.867995 -1.358931 0.177415 0.458090 -0.279988 -0.894515 0.195910 -0.131574 1.699338 -0.954264 0.654653 -1.192794 0.919440 -0.160774
12 -1.246180 -0.381335 -0.205386 -0.714941 0.292321 0.372430 0.510664 -0.622272 1.826141 -1.404505 -0.599021 2.328715 -1.528473 1.371843
3 -1.275350 -1.058069 6.488829 -0.838438 -1.142075 -1.105741 0.443546 1.180691 -0.051806 -1.988726 -0.959801 1.430187 -1.088370 -0.034876
3 -0.225705 -0.769047 3.831548 1.290906 -0.739338 -2.042673 0.317360 -1.731193 -0.169742 0.997088 0.110900 0.993521 -1.679637 -0.183987
12 0.893492 -2.263544 -0.418622 -1.467475 0.210748 1.561700 1.532804 0.657177 -0.766521 -1.003717 0.972875 2.316944 -2.700099 0.474238
3 -3.203697 -1.241367 8.816822 -1.636211 -1.184158 -0.406756 1.850448 -1.413259 1.140769 0.616402 1.077738 -2.843774 -1.231071 -0.341886
3 0.023465 -0.118121 7.485786 -0.351306 -0.551736 -0.669376 -0.825489 -0.453713 -0.057604 -1.120093 -0.435695 -0.897028 -1.214335 -0.814756
2 0.939839 1.253946 0.160622 -0.250670 -0.823595 0.416142 -0.223193 -0.770391 -0.644239 0.736747 0.728494 -0.164184 -1.133340 -0.226178
10 0.185709 -1.357301 0.701678 0.765488 -1.604844 -3.324367 -1.728152 4.123484 1.634507 4.355498 0.451453 -0.837490 -3.181107 -0.184556
12 0.204569 -2.663140 1.575325 -0.776068 0.891835 1.332989 -1.804641 -0.613130 1.120821 -0.273445 -1.214652 2.584882 -1.085703 0.720360
3 -0.705339 -1.074448 13.843680 -0.379495 -1.378624 -0.336928 -2.613992 -1.252945 -3.155454 0.297107 0.979387 -0.753625 -2.519475 -0.949851
3 -0.531096 0.402632 4.877889 0.021760 -0.785671 0.224981 -1.292748 -0.004114 -1.591870 0.372684 0.043369 0.363129 -1.253800 -0.847145
3 -0.760300 -2.240238 17.238866 0.147385 -0.553216 -1.148921 -0.627548 -2.373564 -2.654302 -1.118366 0.047653 -1.540454 -3.716549 -0.700446
14 -1.541764 0.316627 -1.513484 -0.288311 0.290735 0.458461 -0.534162 1.404463 -1.095688 -0.779768 1.073058 1.251868 -0.508208 1.466175
3 0.406356 -0.992648 7.503489 -0.530698 -0.517969 -1.469586 -0.658821 -0.883135 -0.772734 -1.568038 -0.449741 0.792655 0.182614 -1.041743
3 -1.524535 -0.503558 7.386305 -0.983439 -0.961912 0.004431 -0.722330 0.013350 2.442243 -1.075172 -0.370071 -1.446149 -1.015256 -1.243906
6 1.035821 -0.969727 -3.639444 1.096551 -0.776017 11.327184 -0.967076 -1.986088 -2.590358 -1.943569 -0.475594 1.180275 1.013161 -2.305118
6 0.224017 -0.527254 -0.759316 0.553547 -0.695089 4.291555 -1.315461 0.056401 -0.882519 0.078801 -0.717080 -1.104703 1.318894 -0.521794
6 0.512002 -2.677316 0.177841 -1.468660 1.129704 3.366044 0.530143 -0.717399 -0.493782 -0.351663 0.055913 0.031097 -0.131911 0.037985
6 -6.145624 -6.789051 -6.766952 -7.391736 -6.076951 89.125810 -7.263688 -6.104657 -7.458950 -6.429155 -8.291072 -6.693499 -6.375285 -7.339190
6 -0.053582 -1.219078 -1.628568 -0.476816 -0.135752 7.883612 -0.122170 -1.169535 -1.257144 -0.045851 -0.845171 -0.188726 -0.739578 -0.001644
6 -4.715460 -4.327820 -3.423363 -2.764857 -4.004513 51.305341 -3.726283 -4.110244 -3.733264 -3.389526 -3.512732 -3.864176 -4.928296 -4.804807
6 0.029757 -1.805902 -3.310920 -0.990587 1.492191 10.941595 -2.377547 -0.552384 -2.045597 -1.754613 -0.404735 -1.737094 4.847872 -2.332036
6 -5.380738 -2.755095 -2.812813 -4.041276 -1.887753 44.447913 -4.453492 -2.808470 -3.958558 -3.056110 -1.892330 -2.501933 -5.414017 -3.485328
6 -6.145624 -6.789051 -6.766952 -7.391736 -6.076951 89.125810 -7.263688 -6.104657 -7.458950 -6.429155 -8.291072 -6.693499 -6.375285 -7.339190
6 -1.347749 -0.506795 -0.991111 -0.317181 1.131075 4.426966 1.328946 0.826241 -0.616555 0.790808 -0.610445 -2.256561 -1.264161 -0.593477
13 -1.379912 -1.532327 0.524768 -0.322546 -1.015898 1.844519 -0.360342 0.169481 0.473134 -0.415802 -0.586781 0.407889 2.220918 -0.027102
6 -1.271793 -2.754832 -3.467348 -3.445455 -1.351910 25.901610 -1.881053 -1.858112 -2.562350 1.340827 -1.386477 -2.569371 -2.599312 -2.094425
6 1.373990 -3.956107 -4.292846 -2.945691 -3.273930 32.371762 -2.099026 -1.357046 -1.540197 -3.665180 -3.346578 -0.982152 -3.238418 -3.048580
6 -4.034915 -4.112844 -3.182029 -2.978998 -4.215629 48.356037 -3.379470 -3.531010 -2.631403 -4.333337 -3.458036 -3.185167 -4.137065 -5.176133
6 -0.699260 -0.794229 0.533682 0.933133 0.941318 1.251671 0.290072 -0.796791 -1.275157 -0.036297 0.557361 -0.077065 -1.302495 0.474055
6 -2.246612 -4.203749 -2.221739 -3.961556 1.490096 27.259040 -2.556006 -1.690377 -2.637106 -1.400528 0.392153 -4.164679 -2.686633 -1.372302
6 -0.423885 -0.275041 0.706297 -0.699463 0.262906 2.002240 0.677928 -0.339908 0.149618 -0.437612 0.041331 -0.636528 -0.602359 -0.425526
6 -0.726847 -1.409035 -0.669601 -1.110908 0.247973 11.493121 -3.300941 -1.219593 -2.484275 0.393752 -1.843391 -0.096851 -0.120006 0.846602
6 -6.145624 -6.789051 -6.766952 -7.391736 -6.076951 89.125810 -7.263688 -6.104657 -7.458950 -6.429155 -8.291072 -6.693499 -6.375285 -7.339190
2 -2.755096 2.553678 -0.292904 1.149076 0.313267 0.509184 -0.348058 1.627779 -1.475301 -1.131805 -0.349062 0.141946 -0.417547 0.474841
6 -0.558578 -3.383240 -0.910696 -0.715470 2.852587 6.356127 -2.036741 2.715501 -2.083174 -2.656385 -1.217081 0.063851 -1.067821 2.641118
6 -6.145624 -6.869235 -6.472233 -7.483909 -6.076951 89.518988 -7.263688 -6.218426 -7.709063 -6.530377 -8.291072 -6.717239 -6.375285 -7.365885
6 -1.931167 -1.936070 1.222355 -0.826118 -0.892153 10.872808 -0.615844 -1.220408 -2.215499 -1.125626 0.138742 1.221813 -2.891809 0.198977
6 -0.473526 -2.535191 -0.815409 -1.210492 -1.296940 12.318064 -1.360792 -1.511768 0.028896 -0.434712 -0.760376 -0.787386 0.418690 -1.579058
6 -0.523579 -1.151418 7.036215 -1.871099 -1.176417 9.848042 -1.554474 -1.941063 -0.249665 -0.472974 -0.987417 -1.722095 -3.267886 -1.966171
13 -0.413054 -1.004529 -2.170940 -0.238248 -0.051071 -2.260634 -0.645607 -1.100227 -1.482104 -1.024256 -1.914278 -0.909345 13.671819 -0.457526
13 0.909037 -0.599082 -0.656905 -0.599897 0.869851 -0.497017 0.022593 0.064594 -0.125326 -0.043737 -0.483638 -0.248220 2.256652 -0.868905
10 -1.321871 -0.128144 0.226494 -0.723291 0.587166 -0.699261 -0.959965 0.617659 -1.770423 2.265691 0.388280 0.897357 -0.849592 1.469902
8 -0.770356 -0.739492 0.270687 -0.402574 -1.295196 0.929885 0.282334 1.132340 -0.052214 0.790683 0.203934 0.094124 -0.463163 0.019008
13 -0.087613 -2.066969 -0.220094 2.789897 -0.597315 -1.497142 -1.177070 -1.549467 1.095102 -0.060207 0.062064 1.691408 3.013509 -1.396104
13 -1.169093 -0.585235 -0.257236 -1.017155 0.064744 -0.545468 -0.449698 -0.446362 -0.438440 -0.555325 -0.906832 -1.016743 8.310028 -0.987183
13 -1.508345 -2.032891 0.503471 -0.685931 -1.057879 -0.453867 1.309281 0.242441 1.410390 -0.043961 -1.699584 1.517848 2.122122 0.376904
6 0.366156 0.755561 -0.533255 -0.476605 -0.145325 1.173642 -2.702465 -0.894421 -0.790405 0.941947 0.751548 0.041459 1.091550 0.420611
13 -0.138534 -1.129263 -0.716217 0.390867 -0.220204 -0.595019 -0.790044 -0.561710 1.399078 -0.146265 -1.074604 -0.125136 4.408512 -0.701461
13 -1.477398 0.212487 -1.731816 -0.491399 -0.431893 0.291759 0.258206 -0.636943 -1.929010 -0.032914 0.294351 -0.995974 8.209102 -1.538558
13 -0.630546 -1.654947 0.593810 0.999567 -1.491858 -1.934653 -1.048933 -1.852691 2.170923 -0.424155 -0.454141 -0.936416 7.924417 -1.260377
13 -0.592587 -0.698394 -1.456633 -0.511017 2.503805 0.477412 -1.094278 -0.903345 -0.092116 -1.716200 0.412971 -0.641749 5.056038 -0.743905
13 -1.312043 -2.267696 -0.566237 0.321874 0.715554 -0.421434 -1.292698 -1.702179 0.951078 0.102379 -1.333942 0.174103 6.980369 -0.349127
13 -0.045272 -1.255743 0.894891 -1.596782 0.480060 -0.412224 -0.551370 0.523445 0.928151 -0.985411 -0.946722 0.322373 3.343167 -0.698563
13 3.921604 -0.211942 -0.844408 -1.120475 -1.677106 -0.416385 -0.340226 -1.638559 -0.717172 -0.962158 -0.878271 -0.275342 6.075816 -0.915375
4 -1.581864 -1.032923 0.807404 4.686286 0.018047 -0.848766 -0.708921 -0.119121 -0.392981 -1.200379 -0.960953 0.041935 2.567144 -1.274908
13 -0.139098 -0.715899 0.094054 0.972566 -0.238052 0.975964 -2.646428 -0.934875 3.090493 -2.163583 -0.348191 -1.348880 4.507333 -1.105404
8 -2.248301 2.543072 -0.948620 -0.607276 -0.993984 -0.754300 -2.576286 5.424286 -1.467798 1.103254 -0.551412 -1.054906 1.658996 0.473274
13 -0.064592 -0.343070 -0.196073 -0.432971 -0.014791 -0.429143 -0.405097 0.529949 -0.227851 0.415287 -0.429856 -0.157817 1.543516 0.212507
9 0.326731 -1.500566 -0.248509 -0.575746 0.265657 -0.130845 0.401157 -0.834168 2.928644 -0.209227 0.195378 0.748648 -0.692446 -0.674706
13 -0.987563 -0.457180 -0.309664 -0.288097 -1.844940 -0.664273 0.011251 -0.595042 -0.592272 -1.017801 -1.352998 -0.186216 7.609555 0.675240
13 0.763808 1.505667 -1.183909 -1.773153 -0.719374 -1.318955 -0.610723 -0.898182 0.398371 1.260546 0.429038 0.715212 2.695584 -1.263930
13 0.787356 -1.987172 0.753483 0.989718 -0.653810 -0.657899 0.189693 0.985732 -0.936332 -1.041568 -1.438693 -1.242401 4.966744 -0.714852
13 1.202965 -1.466649 0.607033 -0.336045 -0.062316 -0.545164 -2.084758 0.327308 1.257196 -0.393916 -0.668087 -0.061165 2.354222 -0.130626
13 -1.293276 0.989249 0.329573 0.163080 -0.915267 -0.826295 -1.142774 -1.195352 1.611985 -1.668617 -1.291803 0.685180 6.552164 -1.997846
13 0.450176 -1.289182 -1.359961 -1.177111 -0.000457 -0.830592 -0.485647 0.458677 -0.582809 -1.259045 1.373337 -0.738918 5.299080 0.142452
7 -4.737441 -6.178272 -4.759134 -5.574684 -5.707747 -6.192338 67.176973 -4.365799 -4.518519 -5.152095 -4.714164 -5.026346 -4.881804 -5.368626
7 -0.234967 0.573989 -0.451719 -0.721379 -0.204911 -0.458800 3.754507 -0.238693 -0.346856 -0.607425 0.510981 0.057436 -0.301518 -1.330644
7 -6.322245 -5.581660 -5.287664 -6.663750 -5.471941 -5.149588 66.382312 -6.339564 -4.047690 -5.178246 -2.174717 -5.074893 -4.193269 -4.897081
5 1.035141 0.986576 0.387918 -1.457116 2.608399 1.161337 -0.635169 0.876702 -1.385891 -1.344872 -0.658446 -1.098238 -1.033419 0.557079
7 -0.319176 -1.591215 -1.074330 -3.505577 -0.842885 -1.876422 21.203872 1.529403 -2.755712 -2.235341 -2.504049 -2.149549 -2.616721 -1.262296
7 0.218245 -0.742940 0.483457 0.897624 0.463625 1.736475 4.069198 -1.910858 -0.155499 -0.567212 -2.063265 -0.154200 0.113451 -2.388100
7 -6.060154 -4.941419 -5.640610 -4.759590 -5.116279 -5.112059 69.670634 -5.504126 -5.621540 -4.872773 -5.575763 -5.774739 -5.165428 -5.526150
7 -2.019338 -1.445653 -0.531172 -0.434675 2.333208 -1.260445 4.254730 -0.006517 -0.756805 -0.157315 -0.583142 0.111075 -0.257122 0.753170
7 -0.956676 -1.836337 -1.596248 -0.967036 -0.678482 -0.740939 12.295792 -0.630705 -1.216246 -0.705550 -1.394879 -0.532982 -0.666376 -0.373337
7 -0.781766 0.578220 -0.826614 -0.478169 -1.195856 1.313291 3.842957 -1.141992 -0.577573 -1.487515 -0.180804 -0.813049 2.298706 -0.549836
7 -5.393969 -4.946779 -5.286589 -5.586005 -4.266911 -5.631267 65.648224 -5.105967 -5.326728 -5.036539 -5.254605 -5.553059 -2.709284 -5.550519
7 -4.581148 -4.496762 -5.680589 -6.015245 -3.721308 -5.662114 62.948717 -5.698933 -5.665860 -4.710300 -4.396367 -5.415316 -5.503563 -1.401208
7 -6.104217 -6.409312 -7.056178 -7.878767 -9.033547 -5.803593 91.538677 -5.794230 -5.930699 -7.498659 -7.807366 -6.800584 -6.602591 -8.818930
7 -4.282661 -5.797389 -4.371344 -6.138860 -3.449024 -5.499510 66.113808 -5.530113 -4.945147 -5.877947 -4.567822 -5.361138 -4.831852 -5.460997
12 -0.224086 -1.858079 1.799316 -1.188890 -0.128042 0.925214 -1.340391 -0.751171 -0.092517 1.054539 -0.324851 2.906629 -0.869999 0.092328
7 -5.087447 -5.647169 -4.828444 -5.058226 -4.697092 -5.093438 66.816795 -5.734746 -3.952783 -5.720864 -5.853691 -4.880350 -5.780324 -4.482215
7 -7.757979 -7.098136 -7.207283 -7.077218 -7.763305 -7.154166 91.581745 -5.756851 -6.761088 -7.435614 -7.761268 -5.420738 -6.478026 -7.910069
7 0.310415 -2.040630 0.606821 -0.120490 -0.645953 -1.220444 5.965850 -0.961365 -0.303161 1.766821 -1.217243 -0.652116 -0.089151 -1.399351
7 -6.992442 -4.310697 -5.577490 -5.011360 -4.677563 -5.795597 68.532393 -4.535323 -6.232030 -5.301648 -5.125040 -5.251931 -4.928028 -4.793241
11 -1.985539 -2.958356 -1.540603 -1.441681 -1.494520 -1.327282 -2.835287 -0.741379 -1.274954 -2.085589 19.662950 -0.160180 -0.668754 -1.148824
7 -5.719449 -4.983988 -5.805224 -6.381950 -5.646053 -5.051875 75.851940 -5.753571 -6.876099 -5.751725 -5.704535 -5.718508 -6.482235 -5.976725
7 -3.660327 -6.837920 -5.212777 -6.009334 -4.476600 -6.523502 69.858254 -5.503291 -3.971350 -4.871869 -7.051337 -5.803023 -5.474362 -4.462561
7 -4.953088 -6.186104 -6.590416 -7.048302 -6.018700 -6.397222 76.940303 -6.261448 -5.881803 -6.110454 -5.848752 -6.310909 -4.019416 -5.313686
1 4.843621 0.585894 -2.575331 -0.640870 -0.168625 -1.647938 4.143320 -0.149789 -1.425500 -2.023455 -0.476642 -0.171589 1.168863 -1.461959
7 -5.390330 -4.933191 -4.098634 -5.157263 -5.139431 -5.414789 65.476425 -4.951899 -4.789211 -5.338267 -4.576741 -5.665648 -5.491136 -4.529881
12 -2.232069 -0.134809 1.753295 -0.671835 -0.256404 -0.915776 -1.502150 -0.686600 -0.989189 0.346975 1.035365 5.317983 -0.649254 -0.415532
13 1.440195 -1.836169 2.310630 0.635169 -2.229790 -0.420643 -1.398715 -2.126497 0.012764 -0.947012 -1.133760 1.798105 4.512603 -0.616881
12 1.424524 -0.315674 -0.776368 0.038513 -1.468156 -0.431696 0.174973 0.586388 -1.064961 -0.382526 0.548890 3.635537 -0.689353 -1.280092
12 -0.284064 -1.419935 -0.467729 -0.593062 -1.034433 0.391572 -0.130650 0.115983 0.643678 -0.089931 -0.992726 2.070730 1.108263 0.682304
12 1.610065 1.276769 -0.638434 -0.433776 -1.205287 -1.654140 -1.274858 -0.662713 -0.071507 -0.110749 -0.375223 2.007399 1.426424 0.106028
9 0.308989 -1.272556 0.664207 0.154067 0.254774 0.195742 -0.723825 -1.544230 2.751959 -0.680423 0.029913 0.255382 -1.425584 1.031584
3 -2.082136 0.894419 10.146593 -0.041830 -0.055894 -0.634342 -0.677716 -1.872559 -1.936675 -2.186004 0.253764 -1.550694 -1.899997 1.643072
13 0.161036 -0.297850 -0.931999 0.040989 -0.303030 -0.120471 -0.342475 1.674632 -0.343267 -0.162527 -0.521870 -0.085380 1.797302 -0.565091
12 -1.753283 -0.043469 0.417672 0.701149 -0.481113 -0.371464 0.715508 -0.482698 -0.074841 -1.541329 -1.035307 7.507558 -1.479207 -2.079175
7 1.449903 0.362818 -0.364995 1.086644 -0.112215 0.236107 1.684584 -0.569842 -1.675196 -0.682561 -0.109406 -0.907128 -1.353009 0.954296
10 0.291418 -0.004245 0.870557 -0.488295 -0.275662 -0.826267 -0.054867 0.400732 -0.535867 1.491477 -0.836389 0.654165 -0.536753 -0.150003
7 -0.271829 -1.311362 0.055891 -1.413135 2.179783 -0.203072 3.788186 -0.690961 -0.529316 0.110220 -1.011620 -0.778818 0.507809 -0.431777
12 -1.929660 -0.813157 -1.305509 -1.164858 -0.701291 -1.015212 -1.965120 -0.793438 -0.976675 -1.379586 -0.091358 12.356276 -0.315284 0.094872
12 -0.208680 -0.833166 0.407380 0.234071 -0.320515 0.114278 0.003145 -0.964173 -0.462744 0.475524 0.253305 1.439075 -0.037601 -0.099899
12 -1.622675 -1.584038 -1.365210 -1.456295 2.213552 -0.753655 0.828556 1.512140 -0.077264 -0.473885 -0.516236 3.924694 -1.219416 0.589733
12 0.160128 -0.340194 -0.078908 0.039604 0.091428 -0.390008 0.834601 -1.180557 -1.899941 -0.243795 -0.045465 3.337643 -0.337417 0.052881
5 -1.589276 3.226622 -5.071457 -0.667177 12.369546 -0.608884 -0.946133 1.974332 -3.141170 -2.529545 -3.503716 2.650767 0.096862 -2.260775
3 -0.423167 -0.139596 2.075786 0.326940 0.220883 -0.020316 -0.571182 -1.131081 -1.069823 0.573838 0.385334 0.558570 -1.920275 1.134090
12 -0.477315 -2.034373 0.426381 -2.073402 0.960455 0.565567 -0.895330 1.010653 -0.837851 1.806681 -0.250678 1.971111 0.016311 -0.188210
3 0.818708 1.106965 1.373980 -0.506003 -1.176569 -1.574158 -0.378344 -0.734786 -0.206162 0.936357 -0.732539 0.793824 -0.703328 0.982055
14 -0.018021 -1.771154 0.623356 -0.574290 -0.056249 -0.941990 0.366250 -0.362983 0.873451 0.214290 -1.995437 1.072786 -0.244357 2.814350
12 -3.510141 0.140180 1.198046 -1.406828 -1.545242 -1.202834 1.693327 1.280602 -1.743335 -2.092048 -0.478312 10.227102 -3.472537 0.912019
11 -1.276414 -0.486086 -0.072310 -0.964730 -0.807355 0.931153 0.603102 -0.769352 0.857881 -0.075801 3.162285 1.958271 -2.784974 -0.275670
14 -0.451952 -1.210724 -0.977640 -2.110140 -1.608910 -1.365071 -0.517149 -1.603727 -0.651111 0.342374 -1.385636 -0.399317 -2.523008 14.462012
14 0.594527 0.788210 0.381393 -0.841736 -1.280493 -0.601011 -0.592990 -1.393563 0.437347 -0.620216 -0.551682 -0.213065 0.309312 3.583967
14 -3.029667 -0.356067 -1.779820 -2.244742 -1.736458 -1.578979 0.037428 -1.387206 -3.033726 3.972649 -0.129578 -0.099274 -1.276528 12.641968
14 -1.526167 -1.200782 -1.643125 -1.412602 -0.832989 -3.675106 -0.281068 -1.747802 2.384156 -0.838091 -0.309297 -2.469806 -0.436919 13.989598
4 -1.549038 1.901788 -0.322475 2.896386 -0.387061 -2.610861 -0.894454 0.303596 0.252077 -0.630797 -1.485047 -0.779790 2.070004 1.235672
14 -2.408653 -0.362180 -0.234512 0.732785 -0.232715 -0.122392 -0.492010 -1.269075 -2.427234 -0.363381 1.653203 0.635174 -0.146983 5.037974
2 -0.141081 1.613708 -0.026904 -0.574938 1.128031 0.693673 -1.703761 -0.441603 -0.003358 -1.255340 0.120682 -0.391054 0.781004 0.200941
14 -0.236133 -0.428806 -0.375943 -0.050191 0.672647 -1.157500 -0.064670 0.993892 0.977558 -2.328814 -0.922689 1.501587 -1.199923 2.618986
14 0.544121 -0.201694 0.028788 -1.561288 -1.850673 -2.626642 -1.706507 -1.941847 -0.544387 -0.409044 -0.448071 -0.380937 0.075165 11.023019
14 -1.352138 -2.345496 -0.384382 -0.384665 -0.570026 -0.506044 -1.478879 -0.226393 -1.734814 -1.126319 -1.701238 -2.202840 -0.318918 14.332153
14 -0.545435 -0.460854 -0.407585 -1.244862 -0.337212 -0.054546 0.030008 -0.214664 1.423681 -1.151888 -0.731531 0.387746 1.339495 1.967647
14 0.192389 -1.728586 0.810309 -0.043438 0.112077 -0.178449 -0.582267 -1.569820 0.162757 -0.726587 -1.376767 -0.260798 2.193741 2.995440
5 -0.598615 -0.690529 0.504686 -0.065113 1.857973 -0.049697 0.265232 -1.715139 -0.731939 1.276759 -0.096470 -0.703259 -0.708817 1.454927
14 -0.952633 -1.981126 -0.967984 -1.739385 -1.739821 -0.936747 -1.029659 0.553012 0.424639 -2.250033 -1.123088 -0.376224 -1.114862 13.233911
5 -0.639576 0.122838 0.697060 1.151611 3.341782 -1.186265 0.808684 -1.523840 -1.583486 0.115519 0.487257 0.536695 -2.588577 0.260297
14 -0.800226 -0.017266 -0.124986 0.048317 -0.734255 -0.973272 0.493362 -0.757634 -0.792008 0.648172 0.273462 0.149527 -1.335051 3.921857
14 -0.786194 -0.950937 -0.270138 -0.552019 -0.508990 -0.713482 1.364393 0.018772 0.446055 -1.270625 -0.255558 -0.814302 -0.641679 4.934704
14 0.669418 -1.247341 0.335954 -0.192196 -0.223857 -0.355497 -0.441066 -0.529649 0.592079 -0.503615 -0.173228 -0.203238 0.150538 2.121698
14 -1.469584 -1.227241 0.906950 -2.436330 -1.823050 -1.395350 -2.011598 -1.300055 0.340636 -1.242110 -1.668594 -0.948158 -0.016405 14.290888
14 0.240883 -0.242424 -0.336732 -1.815607 -0.658230 1.215183 -1.428247 -1.145292 -0.719541 0.694402 1.423220 -0.825373 -1.638465 5.236223
5 -0.208487 0.330928 0.397966 1.158167 1.227233 -1.364127 -0.106692 -0.155871 -1.684826 0.644579 1.043953 -0.221972 -1.485359 0.424506
14 0.212641 -1.764143 -0.650319 0.199574 1.005873 0.010112 -2.581799 -0.037611 0.288265 -0.574373 -1.109504 -1.001361 1.983834 4.018812
8 -2.250712 1.762610 -0.076794 0.321899 1.175424 -0.238690 -0.298096 3.374459 -1.417432 -1.259858 -0.528174 -0.513089 -0.389803 0.338255
8 0.342251 -0.483383 -1.174348 -1.390073 -2.398205 0.254953 0.286798 12.301182 -0.467782 -2.806925 -1.700173 0.297592 -1.024167 -2.037721
5 1.026194 -2.264731 -1.301609 -2.654461 18.917955 -0.679544 -2.954815 -0.804203 -0.857314 -1.356515 -1.845083 -1.174527 -1.928392 -2.122956
8 -0.293285 -1.713435 -0.438003 -0.498329 -0.998314 -1.235034 -0.059129 10.208053 -0.486419 -1.044132 -1.468909 -0.731560 -0.949691 -0.291815
10 0.966823 -2.821004 0.996649 -1.197402 -0.910780 -0.828365 -1.011377 1.752802 1.872877 2.126913 -1.053023 0.314649 -0.208058 -0.000702
1 2.717584 -1.496838 -0.855208 -0.419169 -0.934566 -0.106603 -1.286942 -0.658534 1.637999 -0.654386 0.818075 0.936291 0.770805 -0.468509
8 -0.953605 -0.077829 0.662671 -2.592795 -0.441889 1.818961 0.303548 5.851077 -0.756593 -0.769083 -0.976460 -1.258386 0.185250 -0.994867
8 -1.955059 -0.686770 -4.212318 -1.818915 -1.532995 -0.467567 6.157196 9.801032 -1.870095 -0.695449 -2.006692 0.652759 0.145977 -1.511105
8 -0.165407 0.442433 -0.898668 -0.755379 -0.540995 -0.351180 -2.794530 8.642070 -1.323824 -2.462124 0.303654 1.823714 -1.882813 -0.036952
1 1.767218 0.877047 -0.087284 -0.315661 -1.456733 0.328886 -0.368091 0.904677 0.044856 -0.525986 -0.694185 0.902356 -1.429231 0.052130
6 -0.550665 0.792933 -0.328777 0.743915 0.084834 1.463494 -0.734958 1.324101 -2.644122 0.317132 1.084557 -0.663762 -1.161529 0.272845
8 -1.950081 0.589675 1.925269 -1.695066 1.727591 1.002864 -0.264513 7.394794 -1.505550 -1.530707 -1.612644 -1.264448 -3.278743 0.461560
2 -1.099278 1.833485 -2.455820 -0.066034 -0.277221 0.733463 -2.413194 0.093080 0.109398 -0.574034 -0.502158 1.271411 1.797963 1.548940
7 0.472050 -0.309263 -0.451251 -0.478521 -0.384055 1.347171 1.437666 -0.022194 0.079423 -0.229997 -0.085862 -0.711542 -0.200387 -0.463237
8 -0.642879 1.105765 -0.275497 -1.053061 -0.323898 0.887833 -0.971946 4.142837 1.099698 -0.790565 -1.159075 -0.408150 -1.111941 -0.499120
5 -0.837777 1.778920 -0.113362 0.681227 2.255297 -0.110037 -0.410695 0.728111 -1.021323 -0.970460 -1.737940 0.172516 0.270031 -0.684506
13 0.956857 -0.047075 -0.640210 -0.625299 -1.731467 -0.212001 0.866296 0.040433 -0.003372 -0.672453 -0.322251 -0.747770 2.779525 0.358786
8 0.103871 0.052169 -1.789048 -0.143269 -0.751006 -0.766562 -0.290042 3.207772 1.462769 -1.881465 -0.081892 -0.212273 -0.165357 1.254333
6 1.324851 1.273696 -1.915179 -0.053779 0.528653 2.019681 -0.517210 -0.420444 -0.628995 -0.595040 0.393225 -1.141350 -0.625614 0.357503
8 -1.463125 0.188829 0.728954 -2.385105 0.288329 1.856793 1.582962 3.608900 -2.170190 0.991251 -0.581092 -0.612920 -2.290352 0.256763
8 -1.540844 0.982743 -0.269546 -0.557331 0.277616 -1.035363 -0.403667 4.580609 -0.647940 -1.044198 -0.429130 0.411413 -0.133634 -0.190729
8 -1.251102 -1.045621 0.871616 1.343089 -1.796900 1.933567 -2.428781 4.942666 -0.821643 -0.401512 -1.137985 -0.204631 0.545954 -0.548718
11 -1.045802 1.637894 -0.991867 0.930147 0.658015 0.283997 1.349887 -2.880273 -0.469046 0.265925 2.086053 0.359145 -0.661247 -1.522829
3 0.760778 -1.796705 0.979105 -0.090728 -0.054556 0.341041 -0.218068 -0.210470 0.198324 0.468648 -0.495425 0.620183 -0.315661 -0.186467
9 -0.582711 -2.089429 -0.594474 -0.051812 -0.139732 -0.488712 1.216013 0.662036 2.365771 -0.854046 -0.637865 1.731964 -0.743023 0.206020
13 0.442759 -0.070381 -0.104243 -0.385190 0.112665 0.293549 0.119394 -0.548833 0.407613 -0.432271 0.125440 -0.001828 0.754355 -0.713029
10 0.059005 -0.818564 0.788998 -0.808970 -0.068904 -1.834205 -0.595221 -0.981037 1.579554 2.169953 0.562589 0.079813 -0.139610 0.006599
9 1.036677 -2.357668 0.187503 0.285714 1.045341 0.077476 -0.252514 -0.982758 4.375252 -0.615769 -0.053844 0.128802 -1.055214 -1.818998
13 -0.329781 -0.994966 1.481910 -1.203956 -0.795921 -1.729266 -0.410481 0.492127 1.045060 0.792417 -0.821663 -0.785386 5.447870 -2.187963
13 0.379537 -0.422350 1.376285 -1.539302 0.555831 -1.012356 -0.381741 -1.047042 0.473093 0.558959 -0.516568 0.967264 2.362333 -1.753943
6 -0.115198 -0.872975 -0.072120 -0.172909 -0.428520 0.768605 -0.180347 -0.430651 0.749675 0.039738 -0.234412 0.588305 0.030087 0.330722
9 -1.782567 -0.096102 1.170297 0.000512 0.249125 -0.014172 -0.605960 -0.983783 1.409798 -0.142189 -0.150744 0.586564 -0.903114 1.262337
9 1.615615 -1.587755 0.039062 -0.387071 -0.677480 0.059467 -0.497613 -0.019305 4.901800 0.287593 -0.395076 -1.185266 -0.570137 -1.583836
9 0.245928 -1.217595 0.214060 0.173081 -0.191338 -0.366078 -0.436230 -0.545273 2.661335 -0.466214 0.027755 0.017490 0.446733 -0.563655
9 -1.148546 -0.993191 0.950296 -0.570433 -0.032903 -0.323867 0.330225 -0.497189 1.829848 0.670092 -1.616683 0.476265 -0.520362 1.446448
9 0.626430 -1.418801 0.935201 -0.774724 0.901336 0.925032 -0.637664 0.979486 1.527817 0.300516 -1.183108 -0.462580 -1.076159 -0.642784
1 1.299933 -3.443610 0.082984 1.146871 1.228081 0.213353 -1.631027 -1.109446 1.212973 0.653561 -0.411963 0.376336 1.151301 -0.769349
14 0.441200 -0.349715 0.542727 1.014741 -0.943693 0.409881 -0.013543 -0.436526 0.555292 -0.425524 -0.999334 -0.911467 -0.587236 1.703198
1 1.322434 0.996507 -0.435507 -1.651269 1.286809 -1.027401 1.241471 -0.423099 0.389517 -0.038336 -1.298225 0.588506 -0.064233 -0.887174
14 0.900277 -1.826820 0.026531 1.413024 -0.568500 -1.367264 -0.879930 -0.614500 -1.348539 1.417209 -0.108910 0.028570 0.666839 2.262012
4 0.945045 -2.609875 -1.316337 4.291334 -0.778183 -0.811931 -0.685450 -0.206601 2.187546 -0.952941 -0.938554 0.410044 1.329378 -0.863476
9 0.767701 -1.259140 0.956093 -0.767116 -0.344314 -0.262299 -0.976661 -0.839527 1.363925 0.364937 -0.649023 -0.363049 0.764629 1.243844
