11 -12.046605 -19.256561 -10.850522 -11.557392 -10.025179 -16.822187 74.986501 -19.580238 -9.337907 -18.204787 98.869392 -10.771299 -19.938439 -15.464780
14 -0.433249 -3.789009 -0.534090 -5.298925 -0.013115 1.146747 -0.380886 9.018341 -1.974916 -0.329421 -2.868783 -2.184190 -3.361890 11.003386
9 -4.551962 -7.711624 -0.275510 0.448906 -0.485021 -4.778983 -3.808709 -5.435333 27.848105 -0.142322 1.054443 -3.473051 5.758124 -4.447067
1 56.644060 -2.727581 -5.370172 -3.682516 -5.706427 -2.891470 -4.730887 -2.934503 -4.010127 -4.956268 -6.362621 -3.725182 -4.957699 -4.588611
6 4.622456 2.464678 -1.556753 3.595907 -1.518391 7.561308 -9.669148 -0.542619 -4.050665 -1.745830 3.037761 1.108086 -8.181177 4.874384
1 11.164392 -2.004334 -0.469060 -1.460778 -1.145296 -1.944263 -1.297035 -1.207933 0.001074 -0.638022 -1.153056 2.773162 -1.122334 -1.496517
6 2.705475 -1.871335 -0.924136 0.115659 -1.255431 11.133980 -2.264858 -0.062314 -2.683503 -3.966058 -1.869764 -1.129323 2.436476 -0.364866
2 -2.643507 4.966488 3.464220 -0.121711 3.456616 1.552257 0.407856 -2.733028 -1.876401 -3.083236 -2.317050 0.948736 0.532671 -2.553913
5 -9.278175 -7.178683 -10.806437 -4.566578 84.881958 -2.776023 -5.269872 -5.885090 -6.165508 -5.300501 -7.897791 0.268511 -8.888617 -11.137197
5 0.866682 -12.620632 -3.681206 -3.226175 47.347176 1.317828 -8.838460 -6.098911 -4.363625 0.206914 -6.364312 1.756602 -8.301630 1.999744
14 5.342997 -2.265172 2.186192 -4.968407 -0.161490 1.344496 0.091725 -2.604466 -7.473061 5.373489 -3.205344 2.959157 -2.582338 5.962220
3 -2.008489 -6.171112 17.427310 3.225528 7.221462 -3.052121 -5.187022 -3.473765 -0.209432 -3.252432 -5.934532 1.676790 0.717177 -0.979364
3 3.741429 -4.083674 47.366651 -6.172209 -5.450335 -3.314314 -3.429224 -4.025423 -3.626720 -4.361976 -1.137541 -9.150763 -7.128165 0.772264
4 -5.278440 2.555741 -0.009753 5.107546 1.789760 -1.283726 1.863036 0.513208 -4.525358 -2.391388 3.625969 -0.068194 -4.179684 2.281280
1 137.292762 -9.857450 -8.145687 -9.711393 -10.098665 -13.782719 -9.127218 -9.655366 -11.887668 -10.536995 -9.132523 -12.029526 -16.875028 -6.452525
11 -9.045620 -8.550484 4.229950 -1.686523 -9.666236 -8.214036 -7.397439 -5.011093 0.275352 -10.436925 64.960837 -5.665461 1.202648 -4.994973
4 0.954936 -4.323864 0.412982 11.100171 -5.383659 4.192717 3.334777 -4.579068 0.068583 -0.291527 -3.634645 -1.664175 0.220679 -0.407909
12 -8.540565 -7.250008 5.166775 5.161176 0.930841 -2.376516 -2.288361 -9.408752 -4.161960 9.280429 -2.232093 19.385490 -6.349448 2.682991
14 1.636674 -1.369619 5.277361 -7.041561 -8.775201 -3.995305 -4.931710 -5.599203 -9.240157 0.602697 4.633745 -0.730490 -6.262682 35.795451
11 -2.951952 -7.918177 -3.342219 -9.506860 -5.584193 -5.111406 -3.716980 -0.740454 -4.957427 -6.904415 56.172779 1.234116 -3.803509 -2.869305
3 -3.342323 -6.948679 49.373434 -2.140629 -4.617465 -3.510232 -3.448527 -5.935879 1.132159 -4.956379 -2.311467 -6.875065 -3.100734 -3.318215
12 4.665457 1.073492 -0.222443 -1.377811 -0.885506 -4.705886 -3.118231 -6.728845 -2.881923 2.444267 -0.937399 6.829703 3.162110 2.683012
14 -2.239560 -5.212568 -3.465186 -1.206264 0.774160 6.436426 2.829824 -10.011551 0.205639 -2.858158 8.045676 -1.767060 -1.402998 9.871617
9 -4.313363 4.351491 1.219461 -4.609285 -0.982975 -0.891710 0.632968 -3.950450 11.810065 0.982414 2.509495 -3.802126 -3.048338 0.092352
2 -8.341858 6.853839 -4.527459 -0.708497 3.168479 -1.959951 0.569270 2.104437 -4.004912 -1.523052 -2.535717 1.527330 2.622771 6.755318
8 -7.237943 2.321398 -4.398026 2.402317 3.155340 -0.355783 0.049010 16.309803 -3.940722 -4.734250 0.813033 -2.693157 -4.306482 2.615461
14 -1.746277 -0.182520 -1.668296 -3.168651 -1.061824 -2.215719 0.060459 -3.942124 2.205119 -2.483082 -3.021277 3.187148 0.835746 13.201300
2 2.900679 35.947909 -7.783683 -5.644259 -2.878801 -1.279183 -5.988379 -6.981595 -1.921162 0.549496 -3.842846 -2.238520 5.755256 -6.594911
1 87.614030 -6.280186 -7.497429 -13.830024 -8.212970 -4.233443 -7.980419 -1.523151 -10.404611 -8.022330 -1.456371 -5.788857 -12.020559 -0.363682
2 2.086366 4.116680 -3.510206 -2.772941 1.722222 1.243276 -4.345877 0.821303 -3.858500 2.143833 -1.086886 -0.689096 2.975811 1.154014
5 -2.944058 -6.421154 -2.700426 -0.690212 47.155524 -4.032670 -3.568289 -3.644852 -3.490911 -3.910990 -2.985038 -4.544584 -3.312453 -4.909888
14 2.400167 -3.077299 0.743646 -2.031632 0.124157 1.494942 -1.217667 0.334892 -1.889086 -0.675029 1.701087 -3.509277 2.512123 3.088976
6 1.264303 -9.372944 -2.192072 -7.261962 -2.542670 24.434198 -2.342666 -2.293811 -2.004696 -3.749863 -7.017513 -0.147035 -2.120969 15.347700
5 -2.757407 5.417162 -5.709628 0.478993 10.629124 -0.240024 -5.894512 -0.133855 -6.168352 -6.846646 -4.335714 9.038964 -0.429023 6.950916
7 -4.973022 -2.805061 -8.369825 -5.610979 -4.302928 -9.400911 84.738011 -7.892471 -13.812479 -2.426874 -1.869665 -4.087260 -12.218284 -6.968255
14 -0.527286 -15.705824 -10.085114 -2.781942 -9.320820 -3.821496 -1.401766 2.200252 -10.737946 1.590268 -4.314733 3.746561 -2.590354 53.750196
2 0.467417 7.580324 -0.757311 -1.521806 1.833975 -2.218463 -1.151587 -3.946094 -1.957508 2.674190 0.174688 0.566962 1.077892 -2.822679
2 -8.125410 50.640187 -2.431543 -6.167158 -8.140885 -3.500260 -4.473059 -8.067757 -8.226654 -4.881645 13.102944 -4.712978 -8.987489 3.971707
2 -3.390542 38.930858 -0.402627 0.426217 -0.747512 -2.238514 -1.762021 -10.086384 -5.446282 -3.223899 -2.534205 -1.381847 -3.578509 -4.564731
14 5.560330 -0.771022 0.236627 -0.279471 -1.853909 1.103250 -1.303495 0.509442 -7.279296 -1.047460 0.544743 -0.441423 -1.414224 6.435904
6 -3.253376 -3.970597 -3.959933 2.011748 -1.662160 7.470503 6.356505 0.403462 -4.219117 -1.963832 3.660767 -2.863062 -0.186937 2.176027
3 6.712199 -2.113097 25.867902 -1.930777 -6.710783 -9.449815 1.320603 -0.408569 -11.489580 3.278874 5.562491 -0.743030 -2.694510 -7.201912
13 0.014784 0.321235 -3.007733 -2.640057 4.673343 -3.928682 -1.985281 -0.249250 0.895274 -0.938895 -0.379310 -0.876624 13.107600 -5.006403
3 -6.072598 -10.487431 94.286796 -6.514294 -6.943539 -6.877012 -5.967240 -5.598304 -6.288405 -6.222510 -11.181076 -6.163223 -9.723807 -6.247359
6 -9.565254 -10.903033 -0.829705 2.343132 -8.689056 38.825976 -2.644200 -2.347390 0.471481 -8.026578 -2.375919 -2.145850 9.987215 -4.100821
12 2.299223 -7.110162 0.880239 -2.407125 4.714548 -4.096177 -3.929484 -3.153482 -2.392206 6.943263 4.243873 9.546328 1.507795 -7.046634
14 -0.923540 -7.116309 3.676879 -0.581516 3.533538 3.850738 -3.385103 -2.613986 -7.541775 6.796426 -2.405770 3.050587 -4.486914 8.146745
13 -0.280422 -3.045007 -3.099031 5.743034 -1.488262 -1.190865 1.121078 -6.267569 -4.607399 1.121832 -1.963450 -1.627031 16.192634 -0.609543
11 -4.461646 12.705804 -1.724162 0.786247 -3.022564 -0.422427 -2.164065 -3.494242 -2.439640 -4.092957 17.419528 -2.237464 -4.030213 -2.822201
13 8.196168 -1.572507 -0.741266 -1.379001 0.645212 -3.274920 -4.663748 3.564421 0.964434 -5.642281 -5.910261 -1.126633 12.472226 -1.531844
14 -2.179060 -5.733241 -3.865407 -4.657017 1.407326 -1.612448 -0.678803 -7.384668 -5.213191 4.053274 -3.382018 2.139350 -1.435329 28.541230
14 3.331714 -1.419618 0.013845 0.703916 -1.820390 1.647961 0.123486 -3.412151 -1.537387 0.627717 -2.287588 1.647998 -1.519256 3.899752
14 -1.422100 -11.614560 -1.577321 -1.998975 -4.613639 -0.062769 -8.651155 -6.590646 -1.795112 -0.777673 -4.495650 -0.537562 -7.087450 51.224613
11 -7.595799 -12.882899 -9.556952 -3.485976 -5.058094 -13.432522 -15.159969 -13.227748 -7.322889 -8.518462 105.176036 -1.814265 2.789202 -9.909667
7 0.662695 0.639572 -3.356461 1.478465 -2.918501 -0.299955 12.112163 -6.337384 -1.572042 -3.105433 -0.323307 0.462517 -2.540918 5.098586
6 -4.728198 0.128720 -4.853309 -1.880787 -0.238755 24.987452 -2.084594 1.467344 -5.194061 -3.536633 0.606007 2.139595 -5.023815 -1.788964
4 -4.248770 -16.262877 0.123201 82.097448 -11.246180 -8.108209 -7.220650 -1.804882 -3.720582 -5.770572 -3.997968 -5.557594 -8.791926 -5.490439
4 -6.354300 -12.979835 -5.267665 89.522816 -9.558688 -7.423755 -5.319098 -4.000868 -6.040625 -6.539752 -6.761686 -6.188914 -9.696659 -3.390971
4 -6.032460 4.483857 -7.959603 53.225855 -4.932502 -4.625330 -4.386012 2.466120 -11.611826 -5.415160 -2.482836 -7.860223 -10.057973 5.188093
7 -5.621799 2.051397 -7.021847 -5.841574 -13.860269 -3.741613 89.356960 -11.746630 -5.088304 -8.729733 -11.120796 -4.839349 -9.973293 -3.823154
7 -10.522913 -5.667560 -9.198809 -8.237043 -10.987594 -15.067053 110.760530 -11.137644 -10.298350 -6.120441 -0.342372 -11.320397 -2.822645 -9.037712
7 7.052077 -4.713700 2.429230 1.272275 -4.740992 -2.250164 12.409869 -4.122190 -3.755445 -0.346831 -4.128792 2.070823 0.523002 -1.699164
7 -8.604921 -12.823466 -7.190246 -9.005979 -10.373849 -11.425260 108.576794 -7.986467 -10.508074 -7.187666 6.586585 -9.129784 -10.200491 -10.727178
7 -7.753391 -7.676989 -6.581771 -7.545135 -7.852820 -9.633445 86.393041 -4.874004 -8.087575 -5.527360 -3.441893 -7.465613 -6.531717 -3.421329
6 -0.352584 -0.868058 -0.427171 -5.811867 -4.120151 46.291227 -2.946525 -3.527856 -6.087038 -2.617277 -3.255556 -4.600619 -8.044845 -3.631680
9 -3.026227 -0.670095 1.065225 1.744893 -0.578788 -1.175432 -1.210737 0.195506 7.447750 -3.539318 2.155447 -0.615708 -3.420827 1.628309
10 1.416291 -1.197857 5.007322 -0.515322 3.168654 6.372484 1.152296 -7.117787 -5.177172 8.693016 1.531127 4.670678 -12.107797 -5.895934
8 -3.020832 4.431445 5.277189 -3.443688 1.819836 -4.928095 0.780631 16.477624 0.408907 -10.884719 -0.640035 -3.690171 0.168052 -2.756144
2 -4.578993 10.929421 -5.764506 2.130084 -2.114056 -1.879295 -1.337654 9.416003 -2.127192 -2.095004 1.973870 -4.482575 1.165330 -1.235434
13 -3.370890 -5.607791 2.198168 2.526071 -6.122636 2.288100 -4.709001 -4.689344 0.168987 2.730211 -9.132585 -4.476482 28.442201 -0.245009
4 -10.498667 -7.435922 -7.473609 84.453388 -11.044655 -6.814295 -0.677202 -3.427466 1.842459 -10.814320 -9.756177 -7.819170 1.117477 -11.651842
4 -9.384479 -15.991011 -2.369715 84.891465 -9.876797 -9.488836 -7.278404 -6.244124 -5.616908 -1.201509 -7.963920 -4.578515 1.444348 -6.341595
4 -8.927552 -13.111999 -3.872334 88.828856 -13.501861 -6.852129 -2.880427 -8.498097 -3.898116 -4.798107 -5.881354 -2.206396 -12.917387 -1.483095
11 -0.754474 -0.974066 -0.865687 -3.355240 -3.114781 0.296097 -2.832867 -0.280932 -1.603384 -3.417245 18.872864 -2.002995 2.075496 -2.042788
11 -1.980981 1.644623 -1.364319 -2.126683 1.658283 -3.027871 4.853407 0.336025 -4.743249 0.291962 5.285712 -1.782018 2.318636 -1.363526
3 -1.749409 -1.572736 10.269271 -1.798301 2.397668 -0.155780 -2.506262 -3.339313 8.524147 -3.709476 1.001497 -2.906139 0.984274 -5.439440
4 -6.495491 -5.490017 -4.983953 88.289101 -9.242503 -8.954217 -1.922604 -2.515147 -10.853312 -9.832791 1.596596 -12.833421 -8.533229 -8.229012
5 -9.199844 -10.055569 -5.925596 -5.344743 93.180190 -8.090412 -5.930559 -5.011079 -10.243973 -8.535168 -5.389378 -4.016248 -11.031516 -4.406106
13 -2.878443 2.283434 -3.702963 1.709552 -1.864217 8.016722 -1.800266 -1.860909 -1.796379 -3.694883 -3.537061 -4.585410 10.478779 3.232044
9 -0.629729 -1.554605 1.612840 -0.588893 -0.337711 -0.948513 -0.671505 -0.794954 2.525105 -0.761907 0.198036 -0.523674 0.444915 2.030594
11 -6.589847 -5.712654 -1.518789 -8.216423 -9.174348 -6.190346 -4.701447 -9.112238 -4.564283 -12.288725 84.207979 0.610704 -6.042074 -10.707513
11 -10.486662 -6.418624 -6.777286 -5.615772 -8.657170 -7.872064 -5.843353 -7.168385 -9.597984 -12.414851 104.582518 -6.952100 -9.452173 -7.326096
11 5.572217 -2.170570 -10.511138 0.567525 -4.819832 8.676333 -6.730188 1.051801 -10.229294 -6.690100 27.845644 3.897413 -3.275723 -3.184089
6 2.675328 -4.509895 3.804433 -6.265018 2.641504 8.299554 0.570175 -4.425355 0.646289 1.893381 -4.550838 -0.849723 -1.302647 1.372808
1 78.354190 -2.762310 -6.240314 -10.368796 -4.962290 -7.608659 -7.067535 -4.368800 -8.494868 -12.195800 -8.431246 -7.778062 -1.935541 3.860033
13 -1.512675 -3.268535 2.628990 -1.174303 -4.172893 -2.965076 -0.089617 -3.723065 -8.116770 -4.704063 -0.750743 -4.876386 31.213207 1.511929
3 0.419150 -3.973913 28.917253 4.533563 -4.053161 -6.086453 -4.660041 -6.729864 3.868405 -0.067629 -7.493196 -5.428036 -3.669693 4.423612
4 -6.365662 -6.572356 -6.952216 90.165585 -8.615737 -12.175811 -5.078108 -3.714676 -12.255220 -7.405956 -5.597770 -7.322398 -7.763232 -0.346442
4 -1.553903 -0.432564 -2.466450 87.367475 -7.984612 -2.777457 -4.504565 -3.774858 -16.145022 -13.099842 -3.184304 -7.677565 -15.582782 -8.183551
2 -1.201949 44.470543 -0.719749 -0.127479 0.376897 -4.675689 -4.889305 -8.510010 -8.375764 -6.391084 -8.131839 -3.494651 -4.301011 5.971093
3 -3.292895 -2.364302 7.175930 3.435547 -0.646943 -3.421508 -1.784151 -5.000450 -1.371922 4.507733 0.001722 1.031544 -0.867800 2.597493
1 0.000000 0.000000 0.000000 0.000000 0.000000 0.000000 0.000000 0.000000 0.000000 0.000000 0.000000 0.000000 0.000000 0.000000
2 -11.370698 51.080541 -2.765453 -2.111378 -2.142164 -2.506339 -3.124760 -2.873134 -7.020241 -3.513645 -0.864731 -4.792229 -5.404175 -2.591594
13 -1.728792 -4.786603 1.688277 1.621180 1.911897 -3.327087 -2.188637 -3.622573 -6.768667 3.322422 -3.999996 -1.291269 17.556135 1.613713
1 81.025535 -11.593079 -5.387596 -0.985476 -5.332714 -1.101000 -5.797016 -3.760580 -6.062344 -12.428087 -4.881697 -9.741790 -11.041963 -2.912193
7 -8.853732 -6.911049 -5.976099 -7.051855 -10.939023 -9.938644 105.720747 -12.382662 -12.585690 -7.763078 1.233632 -7.649470 -8.616362 -8.286717
6 -15.455778 -12.581030 -13.087167 -11.760361 -14.795204 157.254752 -10.838999 -5.795462 -8.803328 -18.293542 -10.229079 -13.160999 -12.373949 -10.079854
4 2.444318 -6.604271 -3.298029 4.564102 -0.313278 2.607417 1.497090 1.087421 -3.748051 1.416168 1.706667 -0.451392 -2.914623 2.006459
13 -2.232527 -1.208613 -0.753089 -5.087884 5.109132 9.470059 -9.055833 -7.825254 -0.317079 4.067664 2.252786 -3.808285 12.224018 -2.835100
1 83.016421 -5.396920 -8.568419 -6.946560 -5.718041 -3.753484 -5.817001 -6.667271 -8.494652 -5.724246 -3.845922 -8.546600 -12.682965 -0.854338
3 -1.720185 -0.449630 7.635870 -0.327516 -1.882001 -2.550437 2.427970 -2.548870 -4.671263 0.777402 3.021537 -1.325335 -3.417907 5.030363
10 -1.676869 -2.693256 11.143280 -4.725930 -2.197907 -2.412255 -4.379924 -3.611268 4.578503 16.145508 -0.816064 -0.933956 -8.602117 0.182255
1 9.081953 2.791987 -5.512198 0.964001 0.057934 2.630275 -2.295592 -4.422302 -4.241520 -1.896323 0.760813 -2.102806 2.104082 2.079694
8 -1.709282 -3.685648 -0.095270 -4.840650 7.640513 -3.265731 -2.610910 16.404889 -1.931847 -0.807411 1.938647 -2.615004 0.608974 -5.031269
7 -8.513054 -8.317444 -3.323322 -6.175596 -7.128897 -9.196170 80.661772 -5.463334 -11.207487 -12.459976 -5.672757 -8.598173 10.695071 -5.300633
8 0.000000 0.000000 0.000000 0.000000 0.000000 0.000000 -0.173247 1.897723 -1.276064 0.000000 -0.022824 0.000000 -0.425588 0.000000
11 0.320239 3.054734 -1.253045 -2.788547 2.749662 3.144846 -0.103519 -2.035528 -3.168297 -4.423343 6.282028 -0.882826 -1.634045 0.737642
10 1.767208 -3.247666 0.121414 -2.083991 -3.937010 -0.253838 -3.728098 -3.554210 -4.196622 20.687701 -0.339362 1.165802 -1.545911 -0.855418
14 1.607828 0.413034 -1.634927 -4.801887 -0.866133 -1.707944 2.065762 -1.781557 2.881823 -3.750672 -2.464395 4.523473 -4.225448 9.741041
13 -2.698338 -4.577014 6.267851 -3.079502 -0.803791 -0.534485 -1.375312 -2.415851 -5.329102 -1.877545 -1.480773 -1.926367 22.023707 -2.193478
2 25.870676 74.232909 -16.295646 -10.046617 -7.677798 -4.054472 -9.468942 -8.243423 -9.021111 -12.744400 3.767699 -10.858601 -7.777220 -7.683054
6 -1.261809 -0.067607 -1.320021 -1.412852 -1.758886 5.872285 -0.068536 -0.469841 0.747309 -0.561445 -0.709762 1.013712 1.679956 -1.682503
2 -3.162278 47.959034 -5.652785 -5.911409 -1.971193 -0.199021 -5.216942 1.275222 -3.357128 -5.189545 -3.229140 -9.472048 -4.914089 -0.958680
14 -2.035314 1.701019 0.749029 1.441721 0.754153 -0.061999 0.126530 -0.429069 -4.061173 0.374983 1.558048 0.619153 -2.675045 1.937963
4 -7.725468 -12.649489 -10.308194 84.687473 -14.330766 31.025650 -7.680330 -5.083996 -7.508639 -10.537521 -13.008856 -8.620388 -8.243143 -10.016335
1 95.938865 -7.425066 -5.832964 -7.973798 -7.421116 -7.616840 -6.458356 -8.224637 -2.064249 -7.417695 -6.039731 -9.590633 -10.681660 -9.192121
1 100.938261 -1.642622 -9.286679 -9.317808 -7.855780 -3.703216 -8.013183 -7.991829 -7.703252 -6.140550 -2.521853 -13.196577 -11.995246 -11.569669
1 91.147752 -7.084325 -7.907551 -9.883898 -12.767642 -6.783427 -4.323463 -5.601019 -4.766097 -4.165721 -5.820390 -2.915052 -6.865366 -12.263801
8 -6.569431 10.662380 -4.593252 -7.237918 3.157565 -6.004505 -3.615079 11.513335 8.125168 2.414036 10.510047 -13.310458 0.454430 -5.506318
4 -6.191996 -9.008704 -7.153983 98.301200 -12.159015 -6.065223 -5.642865 -5.544378 -10.752771 -8.022894 -4.500480 -7.940987 -14.741753 -0.576150
7 -0.937714 -2.728844 -0.485437 0.571769 -2.102273 -1.640231 5.859697 -1.903441 3.109886 -3.338156 0.180660 -0.778102 1.235832 2.956355
2 -7.168318 59.315005 -5.112557 -2.983859 -8.415535 -2.545157 3.153598 -4.786319 -2.203409 -1.138468 -4.958361 -5.387171 -6.985859 -10.783589
1 8.977448 -4.091518 0.897158 2.343348 1.391378 0.786526 -0.185192 -0.852213 -1.998351 -2.392867 0.553018 1.647706 -4.089410 -2.987033
10 4.962774 -3.961233 -3.038119 -7.255197 -1.923348 3.518456 9.559097 3.700945 -6.964779 12.152327 -4.303888 -4.632470 -1.359725 -0.454841
13 -0.943200 2.706251 0.708861 -0.218151 -6.178849 -4.898491 -1.392197 -5.317174 4.072227 -1.657993 2.335093 2.658811 5.516438 2.608374
9 -3.099897 -4.225854 0.717972 -5.202278 6.324645 5.404331 -3.975207 -4.470831 15.680840 0.492765 1.000543 -4.955647 0.109118 -3.800500
9 -3.610304 -3.693393 3.061677 -5.949882 1.245598 0.490108 -2.156886 3.086473 11.458510 1.784051 -1.582824 -4.138375 1.293241 -1.287996
5 0.643385 -11.087627 6.043533 -3.853400 43.009734 3.924396 -0.782515 3.889049 -4.889856 -7.353420 -8.261605 -4.236445 -14.640675 -2.404554
4 -3.148247 -9.420077 -5.664193 90.818456 -12.283618 -7.906461 -5.477387 -3.507397 -7.247690 -10.984066 -5.413209 -5.096835 -7.318640 -7.350633
4 -7.793682 -2.763850 -3.106413 89.717204 -5.446134 -8.974731 -6.235695 -6.928349 -4.784513 -8.896795 -11.481823 -2.538383 -12.264338 -8.502498
4 -3.749553 -9.991772 -2.803249 95.787457 -12.335949 -8.264873 -9.837999 -6.048779 -12.377172 1.840165 -5.556182 -4.399993 -17.711678 -4.550426
4 -5.221627 -4.434558 -3.153889 55.738157 -5.397403 -5.596565 -3.987903 -1.468509 -6.405558 -4.022553 -2.599010 -3.244172 -7.461439 -2.744973
4 2.262407 -8.938256 -2.252860 11.885027 -3.767055 5.247145 -12.213241 5.865003 3.415217 -0.772795 -5.550332 0.780895 1.690206 2.348638
1 77.176956 -9.104355 -5.800508 -8.925712 -7.672500 -5.498473 -9.981680 -1.359487 -4.741019 -2.423337 -6.959226 -1.681235 -6.141415 -6.888009
7 0.461841 -10.277631 0.656699 -2.438951 -2.763220 2.400076 10.606669 -1.327652 -1.968573 1.761197 2.399630 2.156307 0.491767 -2.158160
8 -1.245080 -7.933041 -3.678836 3.225450 -2.095305 -2.345136 -4.914294 34.993783 -4.358861 -0.712187 -3.381676 -3.316441 0.554141 -4.792519
1 92.418854 -9.552204 -7.227640 -6.752206 -6.135838 -14.020237 -9.253983 -7.624862 -2.586724 -11.429177 -6.059807 -7.170205 3.803152 -8.409123
1 86.686225 -5.220111 -5.539021 3.846901 -8.654349 -10.211694 -3.189545 -11.745475 -1.937404 -11.353092 -7.023101 -7.973016 -7.265880 -10.420440
3 -2.726602 -8.111020 19.582414 8.615745 -5.467320 -2.480523 0.430727 -5.218980 -1.589904 -3.582370 0.747513 2.053141 0.026721 -2.279541
3 -3.638096 -3.298350 46.416858 -4.588754 -7.504536 -1.886692 -1.885491 3.033904 -0.291712 -1.982781 -4.628553 -5.875222 -6.470467 -7.400111
1 64.184770 -7.133491 -7.607316 -4.463476 -4.247882 -4.166325 -4.335594 -3.887608 1.266448 -7.762272 -0.431942 -8.619754 -5.665757 -7.129805
3 -4.678882 -4.984064 88.413451 -7.066784 -5.459226 -6.341244 -5.386724 -4.503036 -6.469501 -7.010741 -6.683612 -7.899382 -11.368318 -10.561936
14 1.390415 -5.650807 -4.571569 -1.400895 2.750388 1.143994 -0.820695 4.660498 -6.752573 2.643058 -1.058227 0.936116 -0.009706 6.740001
14 -5.908440 -10.519681 -0.443266 -0.810844 -3.213548 -0.480578 -1.676508 -0.881592 -10.956363 -3.024478 0.648225 -5.140689 -5.670706 48.078468
8 -3.855145 -0.404182 -2.762743 0.775147 -7.773922 -5.395456 8.307072 35.172011 -3.869842 2.857204 -5.907190 -5.028915 -6.059024 -6.055018
3 -0.102119 -8.177284 49.668928 3.672219 -3.266273 -2.676250 -3.681300 -9.625000 -0.227545 -3.918393 -3.619951 -3.875275 -8.935817 -5.235942
6 -7.096337 -5.129867 -5.784930 -2.787581 -8.579947 75.423199 -0.136690 -8.744473 -4.885937 -7.759614 -5.299974 -4.012476 -8.962663 -6.242711
13 -1.584224 -7.759911 9.201377 -6.111922 -5.115614 1.366950 -2.201919 -8.620921 2.762873 1.571087 0.664552 2.475335 13.195751 0.156586
3 -3.859191 -8.336009 64.424180 -8.379840 -8.684903 -4.388691 -5.492232 -6.745153 -2.421357 -2.727709 -4.877392 1.004107 -7.425682 -2.090127
14 0.408987 -0.886530 1.114167 -0.824109 0.159805 -0.402963 -0.962761 -0.990477 1.494414 -2.189058 -0.530001 0.631070 0.359624 2.617834
11 -4.245607 -4.887330 -3.692907 -1.870213 2.293384 -3.080164 3.297969 -0.489376 -3.366290 -2.689923 20.634463 -4.748688 -2.762832 5.607513
11 -7.773833 -1.449937 -3.685050 3.421674 -6.361330 0.238259 -1.984814 0.869428 0.468313 2.627572 19.370981 3.359529 -2.288186 -6.812607
11 -8.565507 -13.643841 -6.919798 -4.111649 -7.765414 -12.404631 -5.327337 -5.070438 -8.955844 -9.614731 103.384646 -7.679409 -7.941862 -5.384186
11 -4.324030 1.420043 -3.869817 -1.810882 3.399440 -0.064305 -3.127811 0.391658 -9.970090 -7.874483 31.805034 -0.862748 -3.412897 -1.699114
1 85.283091 -5.195201 2.549626 -8.291428 -2.909686 -5.912175 -7.844651 -6.702288 -9.574732 -10.228177 -10.055971 -5.921676 -10.037336 -5.159394
5 -3.085841 -5.822001 -5.205962 -4.340108 64.762199 -1.824130 -3.526026 -10.101699 -9.713204 -2.548503 -1.465151 -9.086135 1.053806 -9.097247
4 -8.370205 -5.231082 -10.682762 99.784094 -4.349575 -3.827440 -6.171975 -7.059840 -5.413890 -6.240420 -13.840397 -2.363787 -14.647801 -11.584921
7 -7.444797 -4.018149 -7.379758 -9.168675 -7.723355 -11.455315 104.094264 -10.325949 -9.644636 -5.335325 -9.437484 -9.320275 -4.732981 -8.107568
3 5.256998 -5.396927 6.993476 -0.510035 -1.318808 6.105420 1.682584 -1.700514 2.647567 6.435119 -4.509427 0.612444 -17.656891 1.358992
5 -7.205667 -0.486617 -4.400456 4.502611 55.773597 -2.485341 -5.091658 -5.845825 -6.576786 -6.074917 -5.187244 -5.015669 -9.342130 -2.563899
4 -2.741593 -8.091361 -6.342153 90.651094 -6.722427 -8.054400 -4.613929 -4.281154 -6.959026 1.511126 -11.702351 -5.058311 -13.541030 -14.054485
6 -6.431297 -5.779042 -12.446940 -12.715814 -7.962838 113.856076 -6.210573 -6.342688 -3.886997 -10.714566 -13.831070 -8.623136 -12.671076 -6.240038
8 -5.962451 -5.475972 -0.545525 0.022065 -1.150314 4.493102 -0.331193 18.390349 -2.779666 -3.174898 -5.920806 7.102317 1.959371 -6.626380
6 -8.200193 -7.028664 -5.372761 -6.670204 -6.126807 95.606495 -6.751903 -9.263953 -6.427051 -5.654924 -6.454164 -7.580461 -11.318080 -8.757329
6 1.601180 -3.161457 -3.154763 -1.267840 -2.789875 13.956092 -1.033823 -3.476672 8.016830 -3.833435 -3.036931 -0.179758 -3.002700 1.363154
11 4.267228 2.551013 3.831351 1.914309 -4.354489 -0.422700 2.553637 -1.208187 3.708753 -1.466649 6.182573 -4.487888 -8.354863 -4.714090
13 -2.665696 -7.345849 -1.741922 -0.269967 -3.060217 -3.649303 -5.837663 -5.431436 10.292364 -0.796918 -5.828850 -4.594909 36.719732 -5.789365
13 4.849939 2.557356 0.012736 -2.860573 -4.187918 -0.784495 -0.761154 -4.432101 -3.157841 -1.193021 2.632315 -0.892221 12.928810 -4.711833
14 -0.027609 -2.485702 -1.163873 -0.836735 -0.219246 -0.107182 -1.276148 4.011157 -0.063914 -2.015899 -0.605604 -1.229227 -0.042125 6.062109
9 -7.366999 -4.671163 -4.487322 -4.590072 7.464464 -0.741092 0.286736 -2.385679 21.456602 1.772673 -2.614876 -5.635268 1.807329 -0.295332
12 9.062253 -10.368443 2.586682 -0.710556 -5.369681 -3.651112 -0.429235 -4.403823 -1.442367 -0.527909 3.085588 12.360776 -0.973983 0.781808
4 -8.507865 -11.542281 -5.875678 87.447462 -10.545365 -8.491178 -6.272314 -0.493461 -2.517952 -10.560481 -7.765451 -5.354389 -7.666487 -1.854560
14 1.935674 -8.142795 -1.480292 -3.104047 0.371665 0.233387 0.630651 0.214411 -0.802468 -2.542083 -3.148305 2.233210 4.811718 8.789273
4 -5.855221 -8.818818 -9.180080 64.179001 -7.401619 0.576728 -8.000087 -7.635833 -13.016349 -3.820860 0.731012 -1.874311 5.109703 -4.993268
4 -7.883074 -5.585070 -10.927641 104.724525 -12.345364 -5.312486 -2.708808 -2.085108 -10.932387 -13.292452 -4.171392 -11.040672 -13.343617 -5.096455
3 -8.599216 3.885504 91.575377 -9.086953 -6.458889 -2.679368 -4.986253 -8.411883 -3.952756 -8.849327 -7.464934 -7.137888 -13.368659 -14.464754
3 9.367294 -1.128486 14.638260 1.763294 -6.758140 -0.649710 -3.911259 -0.859111 -5.088661 1.143842 -0.886730 -2.174107 -4.265262 -1.191223
2 -1.203626 3.430837 -4.506499 -0.712523 -2.328644 0.098726 -1.163034 2.734405 3.274072 -1.077095 -0.909491 1.548294 2.766800 -1.952224
10 -0.670192 -0.635322 0.136951 1.745971 1.347505 3.658069 -3.621075 -1.743205 -4.420465 3.693235 1.455394 -2.321488 0.006953 1.367667
13 -4.310464 -0.243392 1.835009 4.206951 1.640599 -1.831913 1.133348 -2.296921 -2.615844 -5.905836 0.778834 -0.684994 6.669491 1.625131
14 -0.750547 4.848193 -3.479303 -2.595074 -2.197389 2.820401 -0.055054 -1.128577 -0.417791 -0.750478 3.720192 -5.709691 -2.722896 8.418011
14 -7.205725 2.166775 -0.062889 -7.313869 7.772592 4.400109 6.275489 8.171282 -11.452703 -4.788998 4.044846 -1.704913 -8.579083 8.277086
4 3.454493 -8.903396 -2.379010 7.032562 -1.461210 -2.765671 -0.305837 0.654635 -0.620444 -1.180290 -1.943282 1.203439 5.287014 1.926998
8 2.647062 -5.156531 2.437624 -4.265909 1.718102 -0.531876 -0.240561 5.761070 -2.189322 2.614584 -3.836536 -6.020106 2.504126 4.558272
4 -3.037647 -11.845267 -5.837467 85.869849 -12.521354 -9.186546 -7.400408 1.483953 -0.313745 -14.092603 -4.076216 -8.550859 -8.815183 -1.676507
4 -5.855172 -13.086447 -5.686195 89.296260 -9.118865 -8.810185 -3.573272 -1.642363 -7.162765 -7.466208 -7.337603 -6.050799 -5.034753 -8.471631
1 5.891686 1.471840 1.424650 -1.623911 -1.974630 1.470706 -0.938252 0.834782 -1.388784 -1.321124 -0.804534 0.390931 -3.212379 -0.220982
12 0.874970 6.982804 -0.209624 -8.200488 3.841313 -1.991827 -4.674841 6.856867 -10.597854 -3.595070 -3.185317 17.038771 -0.316021 -2.823681
1 72.331383 -2.746916 -2.079326 -6.154742 -14.154786 -3.048330 -7.490593 -7.224742 -3.923270 -4.820747 -4.680763 -2.811259 -8.810912 -4.384996
14 1.386482 -3.842654 0.945871 -3.170893 -3.300969 4.054696 0.151795 -3.022109 3.806644 -7.008435 -7.899473 -1.337668 0.277174 18.959537
2 4.279327 7.827668 1.743735 -2.770758 -1.834234 1.289881 0.769386 -5.711176 -9.918038 7.705511 3.535497 1.807487 -10.850703 2.126415
4 -4.024218 -12.843582 -6.157393 60.107442 -9.464374 -3.816293 -1.640130 -3.327092 -4.173558 -1.988515 -5.597437 1.780172 -11.594633 2.739606
5 -5.239091 -4.399241 -5.883121 -1.715320 64.265485 -8.889803 -6.034806 -8.328819 -3.001031 -5.790684 -1.318160 -2.072351 0.913916 -12.506976
4 -3.584153 -11.029866 -9.010490 92.712112 -3.851560 -13.034015 -9.355159 -3.783552 -8.534667 7.307891 -7.159311 -6.077524 -18.479773 -6.119934
14 0.321509 -9.252856 -2.348082 -4.338138 -2.446896 -0.086337 -2.213486 -4.643290 -1.464617 -3.732895 -0.082622 -9.102748 -1.300870 40.691329
2 -0.311620 2.193406 -1.230656 -0.395201 1.905376 0.411450 -0.057895 -1.710865 0.195367 -0.476017 -0.824464 0.570111 0.171553 -0.440546
7 -2.029616 0.363373 -2.497788 -2.745197 1.310750 1.381170 1.561002 1.279461 -0.263102 -0.002270 0.859296 -0.286657 -0.356213 1.425791
4 -6.533320 -12.818197 -7.919407 89.704315 -12.328760 -2.451443 -2.597146 2.079064 -6.337796 -6.371680 -10.681674 -4.032916 -7.680271 -12.030767
10 4.984792 -16.613482 7.508322 -3.533281 -6.183462 0.974049 -0.516196 -6.288652 -1.454893 18.266066 -2.009002 17.346030 -8.916009 -3.564283
14 -3.243140 -6.229114 -0.399598 -4.758427 3.154308 1.793594 -2.481821 -1.433535 -1.599412 6.718017 -0.984677 -5.208743 0.203112 14.469435
6 -10.494383 -3.758026 -4.743833 -4.384251 -7.975974 83.335760 -7.348828 -8.640698 -1.356376 -5.559704 -6.845424 -6.464063 -6.537595 -9.226603
13 -2.742978 1.473126 -3.354183 -1.803169 1.919668 3.067979 -4.085365 -5.072447 2.978044 -2.021395 -0.547554 2.390158 9.121724 -1.323610
6 -0.500983 -1.095427 -0.751703 1.866954 -0.107180 2.161453 0.776062 -3.867575 1.313187 0.919556 0.618728 -1.965272 1.929766 -1.297567
4 -10.641832 -9.038254 -7.406184 92.045210 -12.604539 -7.558747 -3.337217 -0.284865 -8.739346 -10.763645 -4.410959 -4.023357 -7.405044 -5.831221
10 -7.438993 -6.021252 -4.132691 -2.479508 -0.830853 -5.261398 -9.378998 -2.199154 0.299200 53.634391 -5.437636 -5.942518 2.777516 -7.588104
8 -2.807706 3.375050 -1.878534 -3.867451 -4.183581 -3.532433 -5.989912 31.117390 -2.117469 13.389702 -7.275939 -5.397737 -5.293309 -5.538072
8 -2.749717 -2.185450 2.004034 -2.989362 -6.540775 -1.549674 -2.452871 26.977326 -0.569701 -0.865945 -4.788018 -3.687331 0.266737 -0.869255
1 80.131101 -10.023042 -2.696705 1.029114 -2.706611 -13.190073 -5.699346 -9.972286 -0.809912 -10.727677 -5.339669 -13.873768 -2.969049 -3.152076
4 -5.161301 1.725087 -4.883338 54.879088 -6.193830 -6.389474 -8.110016 0.022359 -6.209038 -5.111320 -4.142728 -8.795234 1.733903 -3.364162
5 -2.047402 -8.390240 -2.855845 -3.528814 48.360680 -6.251340 -7.329790 2.313925 -4.210322 -5.597600 -7.439250 -6.973631 8.169124 -4.219497
11 -7.238941 0.617748 -7.709954 -1.226413 -1.905787 -10.737795 -6.245751 -9.108465 -10.202016 -4.554135 90.260624 -9.988894 -11.496766 -10.463458
14 0.786977 0.879355 1.566718 1.802638 0.305640 -1.933054 2.013110 -0.420509 -5.542875 -1.321562 1.338043 0.383266 -4.305257 4.447510
10 5.416926 -9.278013 -0.546873 -0.024311 -2.620456 1.458216 -1.172405 1.345376 5.714931 7.495029 -7.958355 3.910612 -0.775182 -2.965497
8 -1.427670 -5.538206 -5.249752 3.449700 6.715993 3.603344 -2.456674 10.885762 3.337756 -1.428674 -1.954552 -3.664994 -3.547897 -2.724135
5 4.680314 -0.083045 -0.838354 2.402092 7.084863 -0.764195 -2.047553 5.950127 -3.888592 -5.125079 -7.535081 0.722044 2.665653 -3.223197
4 -0.256164 -9.753673 -1.038339 14.374746 6.033988 3.161701 -6.740474 -3.119423 4.272343 -3.515827 -3.844192 -1.090801 2.706558 -1.190445
1 5.988222 -0.391810 -1.994596 -3.409527 1.707954 -2.970697 1.689529 -0.947137 -1.660746 3.260030 -1.737006 -0.648874 0.966720 0.147933
4 -10.031631 -14.812342 -2.556671 92.567847 -10.392325 -7.453487 -6.237710 -0.883834 -3.746065 -10.294548 -7.963821 -5.282251 -8.720175 -4.192987
4 -5.766448 -0.734717 -10.287458 5.672690 2.904278 4.827847 3.686844 3.640281 -5.892699 -2.079218 4.893878 2.337192 -2.617513 -0.584960
10 -1.171547 7.015018 -3.309003 1.805431 -3.036342 1.600126 -5.601343 -4.305515 -0.534392 7.420064 -4.990466 -3.329740 7.193705 1.244003
1 43.174810 -12.797538 -3.044581 -0.987890 -4.065189 -2.183866 -5.674071 -10.482141 -0.099474 1.712061 -4.894148 12.082282 -10.582210 -2.158048
6 -2.606991 -3.566308 -10.452083 -6.602061 -3.354385 63.650019 -3.018607 -3.303478 -3.605478 -9.636277 -0.700559 -9.565402 -4.885831 -2.352558
3 -2.437437 -7.102451 20.759346 -6.224252 2.156201 -1.807386 1.941282 -4.221640 -4.258931 0.488410 -3.168005 5.364831 0.152812 -1.642783
5 0.607534 4.676712 -13.989896 -5.614772 50.058399 -7.543662 -4.619206 9.362770 -5.439439 -6.572352 -10.204802 0.814801 -2.224953 -9.311135
8 -4.860792 -5.838208 -6.132655 3.243026 -5.271661 2.625250 -7.456821 46.777064 -6.888754 -7.337480 -5.441127 2.840578 -4.739278 -1.519144
14 -2.111965 -2.369702 1.929186 -2.007156 2.893053 -3.847790 0.422018 0.395817 -1.242769 2.176959 -2.177438 -0.354304 1.270799 5.023293
1 5.655583 2.646807 -0.113712 0.207691 -0.709981 0.182048 2.881342 -0.381557 -5.450119 2.057644 2.449358 -0.244260 -5.326499 -3.854346
6 3.115786 -6.380726 -9.260072 2.077987 -4.383179 30.953006 -5.785259 -4.042843 3.278280 -7.362951 -4.701593 7.594648 -0.252157 -4.850928
12 -8.738795 1.365949 -2.500545 6.973033 -2.189155 -2.511875 -2.693887 7.793145 -1.141367 -7.530848 -0.845646 10.093646 3.497373 -1.571029
3 -1.623757 -4.648083 39.223278 -0.373796 -2.196432 -2.290967 -0.681356 -3.649371 -3.587739 -1.902273 -5.723861 -5.815769 -3.603490 -3.126388
12 1.211757 -0.149192 1.385285 -1.887045 -1.079313 -2.487719 1.422531 -1.205190 3.676232 -1.418232 -1.680088 6.759899 -2.302146 -2.246779
14 0.770000 2.101389 -6.819460 -0.268690 -4.888373 6.053187 -5.922478 -2.018691 0.186910 3.804262 -8.595072 4.689858 2.331775 8.575382
14 1.308884 0.545795 1.011076 -3.751950 2.532172 1.042495 -1.826244 -1.455936 -5.084137 0.430435 1.690001 -3.598486 2.139694 5.016199
11 -1.606864 -1.950584 -3.879414 -2.928560 -5.125379 -8.362422 -3.316967 -2.017458 -2.719355 1.310760 35.284475 -2.075549 -5.175741 2.563060
13 0.346348 2.651999 0.845623 -1.474794 -1.850045 -0.673879 -0.916071 -1.816883 -2.757798 2.521574 -1.555697 -1.087751 5.293387 0.473989
14 -1.365697 0.243347 -1.820544 -0.131738 -1.480735 -1.394674 -2.261351 -3.778036 1.670671 3.587324 -0.064360 5.161580 -3.845608 5.479821
1 96.704960 -8.561498 -5.732923 -8.371497 -6.510858 -8.629564 -7.363684 -7.036476 -6.625767 -4.679603 -7.435283 -6.344120 -9.683441 -9.730247
12 -0.491981 -0.546928 -2.705854 -2.763090 1.059766 -0.561641 2.691313 -5.157221 0.559686 -1.913748 -0.845356 7.661853 0.794405 2.218794
10 0.058731 -8.497550 5.103182 2.783990 -0.480735 -0.639964 -1.988089 -1.095492 -4.353429 5.589188 0.105478 4.567500 4.128635 -5.281449
3 -1.205763 -3.508956 7.560746 -4.203162 0.773517 -1.237430 2.260193 1.960542 -2.302663 -4.056048 -1.739662 1.493543 3.089614 1.115531
1 77.363397 -6.509098 -4.506715 -6.269248 -7.984592 -10.502470 -6.033550 -6.585386 -0.900370 -7.929988 -2.798104 -7.646402 -3.845400 -5.852074
1 66.680049 -9.007675 -4.064370 -7.541857 -1.321540 0.123254 -6.515669 -3.420539 -6.758267 4.207712 -7.293707 -9.040639 -12.167539 -3.879217
2 -4.031534 6.109116 -2.723091 -2.399584 1.961942 -1.274931 -1.706382 -5.209303 -2.517359 2.349250 -3.161212 4.372928 5.351774 2.878385
6 -0.396670 4.129663 -2.510264 -7.193190 -0.588191 37.496259 -4.705715 -7.014550 -4.593090 -6.492400 -2.339343 -5.925886 5.587458 -5.454080
5 -9.559806 -1.580252 -3.800711 -8.433223 49.651501 -5.830846 3.935817 8.744871 -12.410649 -0.877490 -8.756622 -9.217633 -10.118512 8.253551
6 0.712979 4.280922 -10.290943 -2.693314 -4.447328 37.685578 -6.954871 0.188977 -3.538323 -3.279293 -6.120349 -6.730388 -3.057896 4.244247
3 0.911237 -9.101604 13.025051 -0.594626 -6.632765 -1.043639 -4.830855 -3.861806 -2.128285 0.709645 4.294802 9.483441 3.577450 -3.808048
2 3.314246 8.133175 -4.266114 -1.688036 -5.068684 3.505469 3.734550 2.825288 -8.856699 -1.505116 -8.617598 7.245288 -4.319635 5.563863
3 -3.527604 -7.261816 63.071848 -8.133501 -8.293402 -4.399723 -5.631354 -6.438036 -3.046843 -2.854967 -4.813466 1.187318 -8.020093 -1.838360
10 1.667087 -1.725281 0.671828 -5.458870 0.667985 0.462478 -2.859005 -4.976167 4.886094 9.068864 -3.360085 -1.058021 -3.728662 5.741753
6 -0.547081 -1.042678 1.071329 2.613911 -3.257183 5.875112 -1.018751 -1.747848 -0.036304 -1.317293 -0.715263 -0.984295 2.181304 -1.074960
3 -7.447726 -3.185943 31.351067 -1.223642 2.902324 -6.738883 -0.869115 -3.822990 -0.635551 3.936882 0.988987 -6.863474 -7.113140 -1.278798
10 -4.766214 0.750659 1.866267 0.087070 -2.424167 -2.235473 -6.205299 -5.870357 -4.173189 44.131785 -6.661039 -0.512088 -10.042184 -3.945772
10 -2.073174 -10.352958 1.472965 -1.122287 7.487123 0.887747 -0.980763 -6.170454 -5.700100 14.033446 1.254183 4.678373 -7.752677 4.338576
7 -6.998620 -7.815352 -7.106063 -6.545236 -9.143369 -8.387838 104.665114 -8.857125 -7.043529 -6.834566 -13.369960 -7.130170 -8.523136 -6.910152
11 -3.283399 -0.480215 -0.407858 3.837587 -3.194103 2.793069 -1.808368 2.460670 -7.564858 -5.573941 8.643621 2.449143 1.101576 1.027075
12 -5.938096 -2.238928 2.033442 0.268024 -4.313930 -2.271888 2.194263 -3.040662 -3.481535 -2.088677 1.488090 29.324998 -10.986047 -0.949057
14 -2.035314 1.701019 0.749029 1.441721 0.754153 -0.061999 0.126530 -0.429069 -4.061173 0.374983 1.558048 0.619153 -2.675045 1.937963
11 -7.873322 -12.809393 -0.771408 -4.927493 2.179583 -6.578526 -6.659897 -10.842866 3.020011 -8.457154 63.306066 -2.646366 -4.446052 -2.493186
11 -9.679773 -8.969209 -5.377986 -7.559896 -5.579226 -9.458967 -6.187527 -6.965703 -11.511364 -11.529117 106.434941 -6.404294 -9.979252 -7.232631
2 0.770026 11.185244 2.864303 -4.323932 1.104047 -2.339078 2.390451 5.449716 -8.394000 -2.178455 -1.518922 -2.857472 -2.221120 0.069188
3 -3.329923 -7.261816 61.183181 -7.958684 -6.415371 -4.498989 -5.366624 -6.188069 -3.045659 -2.574528 -5.501829 1.046326 -8.053613 -2.034403
11 -3.599474 7.382678 -3.958396 -0.718732 -1.525569 -5.879268 3.049824 0.003832 -7.317248 1.203236 12.293159 -1.046742 1.519157 -1.406459
14 -4.512419 -0.445702 3.230379 -1.978993 1.328699 1.450912 -0.236919 -4.890384 -7.871113 -2.753689 -1.780269 2.137058 7.088112 9.234326
11 -4.979042 1.612580 -0.709185 -4.291112 4.379051 -3.669109 0.409581 -2.282862 -6.271815 1.616352 14.227160 0.837616 1.079489 -1.958707
11 1.910839 3.276432 -6.165793 -0.633716 -1.332896 1.538148 1.484011 1.238805 -1.770695 -5.318803 5.322240 -2.440599 -1.074218 3.966244
2 0.131261 5.288922 0.436571 4.930032 -1.525074 -0.144415 0.856389 -2.350654 -4.308209 -0.264030 1.240206 -0.831627 -2.046935 -1.412437
10 0.164222 -3.853737 3.994689 -2.975282 -1.887199 -0.520456 1.135891 0.677091 3.003094 9.987332 2.645376 -0.438090 -6.827997 -5.104936
11 -9.926098 35.712654 -7.619788 -5.730918 -5.203767 -12.061201 -1.482741 -8.145584 -10.226014 -9.229161 59.372983 -9.766902 -10.574232 -5.119232
10 -3.406998 -2.586162 -2.818607 -2.152528 -1.249923 -1.829636 -0.486380 -3.680533 -2.703503 25.304929 -2.527248 -0.873608 2.522359 -3.512163
11 -2.204979 -4.857627 -9.043905 -2.252908 0.212149 -3.076493 -8.746169 -4.624421 -12.319603 -0.259827 62.651901 -1.824113 -11.569319 -2.084691
11 -6.320543 -2.616813 -5.806065 -3.022371 -3.779759 -3.260945 -6.163217 -1.508143 -12.922081 -1.169232 54.152823 -2.057753 -4.421761 -1.104145
6 0.603654 -3.778246 -5.695133 8.180507 -3.804056 30.005857 -0.733260 -5.423475 -6.081483 -6.394455 -2.876316 1.388516 -6.227667 0.835556
13 -0.840528 -9.384505 -2.926772 -5.113487 0.079593 -4.482032 -2.069890 -3.228900 1.807879 -6.999439 -3.393619 -0.139207 36.511743 0.179164
5 -2.357711 14.954243 -7.886001 -5.386892 52.982637 -3.514660 -4.592732 0.038322 -6.289438 -6.587671 -6.223061 -10.615137 -5.479726 -9.042173
2 -3.829040 16.305435 -7.189039 1.003297 -3.284282 -0.343930 3.081692 2.175928 -10.311293 0.759975 -0.193138 0.802193 -3.635920 4.658119
14 -1.116118 6.990920 -0.402920 -0.745898 -3.228715 -5.165464 -0.931543 2.199345 -3.328232 1.408113 4.279287 -0.901737 -6.129397 7.072356
14 -2.849637 0.806167 -2.572985 -3.268207 0.834442 -2.943997 -2.547400 2.588859 -8.206214 -8.816913 7.674876 -3.205312 4.499850 18.006472
5 -6.139713 1.890667 -2.433994 0.117867 5.991005 -0.764320 0.584053 2.105933 -7.539822 -2.787145 5.032743 4.007515 -3.508941 3.444152
8 -9.336884 8.434185 -2.145577 4.699882 0.246745 -0.632917 0.601683 12.768979 -7.161588 6.351862 -0.348329 -5.657388 -8.388891 0.568236
5 -4.101982 1.602831 3.962251 -6.340145 41.511664 -3.979876 -7.444671 -0.712149 -6.913449 5.444416 -1.100841 -6.122653 -9.939432 -5.865965
9 2.030067 3.470477 -4.154674 -6.892086 -2.643326 -2.545175 -3.450318 6.458782 8.889370 -3.370606 4.852891 -1.086878 0.767069 -2.325593
12 -0.334776 -2.187044 -2.255667 1.094788 -2.449682 0.589068 -5.174286 -6.074523 -1.679024 3.706671 -3.595164 9.300074 3.266529 5.793035
5 -3.911836 2.193785 0.787443 -1.566463 13.300772 -3.556315 0.111077 -5.747084 -5.865471 1.261244 -1.316152 -2.164450 7.157701 -0.684255
2 -4.367493 39.338672 -2.381286 -3.691630 -1.553553 -3.172205 -1.567918 -2.566518 -7.058756 -5.508476 -0.990298 -2.421838 -2.929973 -1.128728
13 -0.597628 -3.499543 0.403242 -0.244857 -3.130697 -0.986921 -4.591358 -0.408458 0.776554 -2.012791 0.398830 -4.655834 15.969837 2.579622
14 1.231145 -6.296855 -0.490602 -5.051270 -2.093104 0.138412 4.448038 -5.013598 -3.630974 -5.655865 -9.376816 -4.185378 -2.335599 38.312463
8 -0.583038 -5.000861 -3.419176 2.360798 -3.719101 -2.051526 -1.254340 7.232705 6.915115 -5.596768 -1.345610 2.480470 3.933641 0.047691
3 -6.611775 1.162333 49.059521 -0.606342 -7.163201 -6.140038 -3.936816 -4.608865 -4.278137 -2.084975 1.028496 -3.255374 -10.682499 -1.882330
4 -5.246800 -3.050672 1.549923 3.838645 2.090390 2.594964 0.587507 -0.803889 -2.819592 -1.147643 0.712024 1.622842 2.567404 -2.495105
6 -0.140260 7.485292 -4.408571 -7.548875 -11.588127 58.507308 -3.285610 -3.443374 -11.969639 -15.228375 -2.258833 -5.313947 -4.217222 3.410231
13 -0.512000 -0.792851 -1.892156 -0.454879 -2.530127 6.119342 -2.018709 1.715229 -5.371784 -1.815261 0.643400 0.297087 10.038483 -3.425774
3 -0.019449 -3.655487 26.724469 -4.336655 -2.398506 4.517740 -3.890706 -1.039970 -3.672857 -4.197243 -2.313151 3.230912 -2.964960 -5.984138
1 36.670996 -2.741079 2.003541 -8.893360 -7.027975 -10.035682 3.204566 0.363424 7.470905 -4.722348 -5.448784 2.381933 -9.471123 -3.755016
2 -3.909494 3.095259 -2.610635 -0.655491 2.177011 1.231235 0.230886 2.292413 -2.682249 0.614788 -0.874853 0.400584 1.078730 -0.388183
2 4.597282 4.851929 -3.266404 -0.309700 -3.327286 0.964630 0.260289 1.059589 0.646885 -0.382124 -7.091396 -0.833420 2.116066 0.713658
6 2.192141 -0.879682 -8.017004 -1.874423 3.446347 7.568608 0.617759 1.691327 -0.353570 -1.156678 1.861825 -1.620911 1.268257 -4.743997
6 -1.902310 -5.439943 -6.118291 -1.380726 -0.431439 49.098302 -5.629144 -0.837579 -7.665953 -7.657532 -2.726669 -1.319603 -4.479756 -3.509357
3 -4.922418 -0.271387 15.123247 0.297363 -0.252168 0.047623 -1.840215 -4.239311 -4.477699 -0.370848 0.064003 8.881913 -10.792930 2.752827
12 2.587714 -1.487892 -5.346173 0.684092 -3.132996 7.678788 -3.785598 -3.216293 -12.964309 3.767303 -2.081973 23.190912 -5.551738 -0.341842
1 76.298388 -4.705346 -5.400878 -5.445193 -2.656520 -4.631436 -3.002683 -11.414265 0.589937 -3.868810 -8.578280 -5.045192 -17.537905 -4.601818
14 -5.544511 2.808971 2.394741 -2.589280 -1.860384 -9.870218 0.431242 -0.813296 0.535778 -1.268459 1.937290 -4.771322 5.900764 12.708683
13 -2.828205 -2.591287 1.033496 -0.276194 1.227996 -2.624003 -1.713315 -1.400935 1.133971 2.757852 -0.623483 -0.219667 4.517963 1.605810
11 -2.505888 0.947900 -0.579509 0.874819 0.115103 0.975186 -0.114118 -0.719889 -2.731875 1.732453 2.387865 0.551916 -2.852235 1.918271
12 4.450491 -5.187069 -5.695520 0.867645 -9.088183 1.859302 0.161916 -6.771011 -3.038666 -7.445762 -5.764547 48.209219 -7.370055 -5.187761
1 47.244076 -9.578522 -1.393969 -6.167294 2.051784 -7.740678 3.074511 -9.882509 7.034493 -0.788227 -1.052558 -10.061329 -15.103937 2.364155
13 0.618963 -2.074860 -1.058082 -1.522857 -2.773583 -0.828521 0.433300 1.181907 -2.366835 0.528061 -1.568411 0.140428 13.225931 -3.935443
13 0.297426 -7.549856 -1.293419 -5.018629 -5.267911 0.960751 7.822655 -3.977712 6.443025 -1.925464 0.090320 -4.703747 20.243595 -6.121034
12 -2.811984 -7.995009 3.401427 -3.911633 3.918138 -1.972285 2.568354 -0.740044 -8.864564 3.003496 4.587913 7.369215 -2.857511 4.304487
9 -3.855738 -0.879605 -1.457921 2.298523 -2.883417 -2.780251 -0.185281 -0.052204 17.443548 -3.478524 -2.546494 0.266001 -2.577595 0.688958
3 -4.850633 -4.767742 84.775695 -7.046150 -4.908366 -5.976022 -5.378220 -4.257609 -6.244513 -7.149219 -6.157345 -6.823613 -10.789597 -10.426665
7 -12.645442 -6.420325 -7.222669 -9.101090 -11.844565 -7.803086 80.777784 -4.904441 -2.226226 -6.492697 -7.008519 -8.411978 1.131907 2.171345
11 -4.324253 -4.726091 -1.532865 -0.418821 -2.842520 -1.397556 1.744511 2.387187 -9.094018 -5.859346 21.782889 -1.105762 3.928233 1.458410
8 -0.566748 3.817166 0.549816 -4.872080 -5.339653 -3.564148 -6.820390 32.189449 -1.095599 6.461000 -5.748480 -6.462839 -5.418174 -3.129322
9 -4.493687 -7.536987 -1.411602 -1.530761 -3.123072 -5.849943 1.926973 -4.264153 22.165658 -5.741210 -1.445485 -4.685956 9.768741 6.221483
12 1.092799 -0.743171 5.644808 -2.932580 -0.229361 -2.714417 2.597298 -0.207065 -1.979335 0.870258 -1.501543 7.205354 -5.292537 -1.810508
6 -2.875686 -2.852378 -4.751310 -2.637277 -5.029857 44.222415 -2.558647 -3.188262 -3.325295 -3.406551 -4.732745 -1.809699 -3.702518 -3.352191
1 30.081357 -2.173110 2.789755 -2.087639 -3.039238 0.143128 2.852998 -8.976396 0.434631 -1.892510 -5.147191 11.618033 -17.691694 -6.912128
1 8.746921 1.365664 -2.164363 -3.152738 3.538547 -2.262013 -2.029814 -0.505016 3.132938 -7.005703 2.264890 -2.208573 -0.410635 0.689896
9 -4.031299 -2.688827 -6.202448 -1.975401 -0.415442 -0.162759 -2.358123 -3.277268 33.343841 -1.242734 -6.463085 -0.016277 -1.161470 -3.348709
5 3.678295 4.035124 -0.487827 1.453462 39.915076 -1.724263 -2.048112 -5.478758 -9.174865 -3.009796 -4.270900 -11.828288 -11.093641 0.034493
5 -1.047761 -5.616021 -4.166261 -2.884095 16.886357 -0.185376 -2.630289 1.489306 -1.604744 -2.266346 -4.231098 -4.626188 12.137953 -1.255437
11 -7.529410 -3.712230 4.931100 0.760286 3.218429 3.692492 -1.404757 -0.693365 -6.010055 -0.543762 8.776455 1.535333 -2.913856 -0.106661
1 64.019275 -4.528487 -7.093894 -4.612418 2.712895 -12.353845 -3.665334 -1.364925 -4.380906 -6.074952 -5.455704 -6.663147 -5.168681 -5.369878
13 5.849090 5.000285 -1.100122 -5.965615 -0.912123 3.181865 -4.570830 -5.686046 1.894660 -7.187929 -2.913124 2.914817 6.225456 3.269613
12 -0.876959 -2.487090 4.142183 -1.100523 -1.538821 -1.177056 -0.502496 -6.868943 1.729971 -5.411614 -1.439439 21.676106 -5.149240 -0.996081
1 13.902023 5.110335 -1.559085 -2.774786 -4.597073 10.463884 -1.328524 -6.722178 0.410393 -1.953295 -5.055828 -4.750597 1.843634 -2.988902
1 107.642265 -10.373481 -9.918232 -7.506678 -10.407262 -9.432444 -5.540803 -6.384664 -2.986612 -11.199364 -4.541011 -7.586538 -12.928169 -8.837007
1 48.516946 -5.250537 -1.745818 -4.194624 -3.289217 -1.531267 -3.941575 -3.358893 -4.683273 -2.349634 -6.232273 -5.283306 -3.134042 -3.522489
1 79.377558 -10.538136 -8.835704 -3.823185 2.992837 -5.458718 -4.808839 -12.024990 -10.982573 -2.221046 -9.070387 -7.188997 -2.425858 -4.991964
1 74.442265 -10.968044 -8.119154 -9.893163 -7.755614 -6.927734 -6.538515 -5.485079 -6.041710 -4.735271 -7.013390 -9.087765 15.119833 -6.996663
1 92.505299 -2.692462 -8.451099 -7.483979 -7.005504 -6.810824 -6.397619 -7.884038 -6.139044 -7.474466 -5.070637 -7.281772 -13.662174 -6.151680
1 76.349272 -11.404350 -7.561377 -7.290386 -8.490248 -6.131484 -4.365278 -4.054910 -5.918945 -5.059636 -6.296944 -2.626898 -2.635914 -4.512904
1 88.379525 -0.952553 -8.799503 -3.850908 -6.237832 -9.030475 -9.356413 -1.107905 -8.067586 -11.092039 -9.567280 -9.336013 -3.375975 -7.605045
1 85.521408 -14.935707 -5.087443 -4.317398 0.950344 -9.958800 -7.752710 -11.927558 1.541112 -3.966724 -1.290153 -11.319656 -8.901886 -8.554831
1 76.566453 -8.308354 -5.063233 -7.877275 -3.992562 -4.489074 -5.938983 -5.112357 -0.806095 -8.626593 -5.994992 -8.257457 -10.174169 -1.925308
1 83.569329 -5.704716 -4.174684 -8.988075 -11.430180 -7.098322 -4.006165 -2.338142 -7.951509 -6.784654 -8.674941 -6.348734 1.074688 -11.143897
1 45.034630 -9.188397 -4.268878 -1.851864 -7.009526 -0.826098 -2.677401 -1.471534 0.243291 -3.234989 -6.874231 4.450384 -4.944489 -7.380899
2 7.313609 8.597704 1.594602 0.378350 2.505161 -1.030831 -1.832163 1.483485 -7.040560 -4.264648 -1.651112 -2.318152 -6.752358 3.016912
1 71.052815 -12.537404 0.841998 -5.337892 -4.495653 -1.793737 -2.452618 -5.837989 -5.016103 -5.684081 -13.612239 -5.760693 -6.130710 -3.235698
13 2.115478 -0.356700 -1.671800 -2.178377 1.137444 0.496688 -2.828974 -2.155565 -1.758766 -2.202009 -1.566355 0.574934 5.973665 4.420338
1 89.673152 -8.961503 -9.984438 -6.053565 -0.532063 -7.415532 -10.409023 -5.466961 3.143784 -2.282719 -8.504538 -9.118444 -19.789941 -4.298210
1 49.215154 -7.642780 -5.915567 -3.407764 -7.509496 -1.819431 -5.932732 -0.884531 1.244453 -3.841727 -5.835610 6.333751 -5.245558 -8.758163
1 55.242432 -8.666597 -3.758758 3.906924 -1.933189 -8.478818 -3.065460 -5.157566 -3.599097 -5.235956 -1.918653 -1.638370 -10.199844 -5.497053
1 76.928926 -7.256505 -5.972613 -5.391422 -9.042490 -2.164731 -2.737256 -8.607712 -9.080604 -10.757737 -3.723171 -6.237328 -0.882954 -5.074403
1 11.599685 -6.271717 3.145562 0.395914 -2.544152 0.532449 -4.166832 1.340711 -2.393634 -3.075662 -0.128276 4.699535 -4.333502 1.199917
10 -1.571636 -1.706833 -0.700449 -0.324231 1.682209 1.026446 1.669716 -1.573449 2.222166 3.728495 -3.252656 1.559949 -0.803672 -1.956056
10 -8.244400 2.535517 4.174725 0.375285 -1.419423 2.895768 3.698604 -1.092349 -9.510089 16.809486 7.144285 -4.299212 -12.344866 -0.723332
13 -3.014840 -2.965540 3.225432 -3.025199 -0.927555 -4.259274 -6.259096 6.571439 -8.141545 -0.672145 2.041305 3.123756 12.422828 1.880430
9 -1.653354 1.547676 -0.747831 -2.708688 -1.402867 -1.760609 3.993620 2.083799 4.402068 0.640012 -1.587307 -0.489153 -3.309082 0.991715
14 -4.452943 -3.408356 5.581056 -2.754121 -2.546298 -1.330697 -2.533379 0.471059 -4.101047 5.059084 1.324489 1.600044 0.947208 6.143899
10 -1.870259 -6.833571 0.689867 -3.861544 -1.859705 -0.258995 0.030059 -0.633156 -4.384402 21.854799 -4.407636 0.683287 3.318545 -2.467293
10 -2.898375 -3.407669 0.309715 -2.101321 -0.798539 -1.213858 1.204157 -2.087953 5.310407 13.869716 -0.414060 -2.602256 -0.250476 -4.919487
10 -4.903877 -6.485829 -5.363647 -6.663142 -6.802707 -5.599324 -7.097987 -5.655434 -5.501692 77.357548 -4.989477 -6.404205 -6.200676 -5.689552
1 10.948740 2.083219 -2.484397 -9.241726 -6.379794 3.726132 -1.862516 -0.522391 -8.070398 -4.354652 8.320645 -7.766596 5.717669 9.886062
13 -3.607525 -6.128860 0.451727 -0.407697 2.225995 -4.682379 2.586088 -1.233562 0.498763 5.185597 0.763698 -2.837694 5.619326 1.566522
10 -4.905738 -8.751464 -5.272789 -5.213666 -0.906926 -11.507815 -3.331142 -5.149218 -1.801673 56.550211 -4.905654 -0.134076 -3.268718 -1.401332
8 -0.454828 -9.369015 -1.211719 -2.537634 2.323922 0.358752 -1.511737 7.771654 -1.019493 4.919528 2.231697 -1.280247 2.616565 -2.837442
13 -0.220814 -5.389060 5.260920 -1.927145 1.198437 -8.295018 -2.260739 1.317744 0.974125 0.095396 0.576187 0.071289 8.232292 0.366384
10 -4.786455 -1.296864 3.208578 -3.945158 -1.230470 -5.617496 -2.363144 -2.843535 -3.740522 33.016214 -3.204904 -4.033011 -0.596996 -2.566238
11 -2.087083 4.831698 -3.556921 0.183537 2.025708 -0.791581 2.236759 1.218896 4.825637 -6.526873 5.005228 -5.720053 -1.704530 0.059580
10 -1.998837 -12.732158 -5.746976 -9.534576 0.248952 -3.348464 -0.329334 1.120322 -5.036886 62.075980 -11.198710 -7.838555 -0.831832 -4.848926
10 0.362820 -3.246681 -0.423820 -0.088265 3.501300 1.201607 -1.399337 -5.941009 -2.303530 15.273060 -1.818643 -0.473688 -8.875563 4.231748
10 -4.666575 -3.954153 0.256579 3.303939 0.048560 -1.051105 -3.204320 -4.347006 -3.057294 29.328536 -0.889523 -5.633352 -6.317642 0.183354
2 -0.078558 5.415693 -5.724573 2.977194 -6.322429 -0.980633 -0.177985 4.409477 2.375703 -2.466048 -1.960074 0.425936 4.446951 -2.340653
12 -2.588836 0.120085 0.257029 -1.750233 1.281489 1.840423 1.693317 -2.891822 -2.416903 2.786248 1.266664 4.959403 -4.655860 0.098996
6 -2.487045 4.196369 -4.622175 0.109136 1.272959 5.104479 1.658083 1.209379 -2.316548 1.663663 -0.654641 -3.037704 -0.871005 -1.224950
2 -4.815839 59.108618 -4.259217 -6.037471 -0.685237 -9.407457 -4.219155 3.324728 -3.211956 -3.730782 -9.699789 -4.642929 -7.888439 -3.835072
2 -0.291463 5.182467 -0.355853 -1.338644 -1.687063 2.100537 0.087595 -2.234232 -2.993385 1.018375 -0.759336 3.603106 -1.946518 -0.385587
1 0.000000 0.000000 0.000000 0.000000 0.000000 0.000000 0.000000 0.000000 0.000000 0.000000 0.000000 0.000000 0.000000 0.000000
2 -4.195841 54.653761 -2.753935 -6.752474 -3.790151 -1.163154 -3.394171 -0.815143 -2.209625 -5.218636 -7.666006 -3.753251 -8.249189 -4.692184
2 -4.569914 70.703287 -5.054502 -4.935355 -2.671397 -8.269736 -5.095341 -2.015733 -10.096926 -7.419989 -7.504628 -2.474686 -7.337210 -3.257868
2 -5.356797 16.388062 -7.239344 -1.062352 0.173481 2.168080 2.225495 0.820006 -4.480580 -2.015506 6.378471 -6.023233 -2.066131 0.090346
14 -8.485035 1.315977 4.986661 0.337496 -1.366217 -2.754614 2.726546 -3.310934 -3.928676 7.544746 -4.095328 6.625201 -9.302257 9.706432
2 -2.546438 44.734177 -2.392213 -4.520249 -2.034458 -0.660654 -4.925550 -4.502649 -2.372526 -3.599701 -4.082648 -4.173868 -5.487125 -3.436097
2 0.946450 14.200383 -8.434185 -2.292720 -3.733155 9.604619 6.130340 5.518291 -7.069418 -3.824752 -7.464764 0.821460 -10.942265 6.539714
2 1.353460 70.157483 -7.996775 -6.127532 -1.511535 -4.497773 -6.932165 3.847474 -10.068836 -6.840459 -9.475982 -7.952651 -8.691482 -5.263223
14 -6.146010 -10.075390 2.382448 -6.996536 3.118228 3.615400 4.659766 0.596470 7.602959 -1.735808 -7.309468 2.734618 -2.023196 9.576518
2 2.515872 41.699467 -6.432223 -0.185040 3.212801 -0.878611 -4.824123 -7.234984 -6.286213 -8.134953 -7.561294 -2.155783 1.407255 -5.142171
2 2.941583 14.479544 -5.474977 -2.528797 1.872526 -0.453098 4.209970 1.437489 -5.385486 -4.333805 2.065564 -3.709117 -2.949751 -2.171650
2 -1.779122 44.972151 -4.385281 -2.409564 -4.936695 -2.198346 -4.066872 -5.510138 1.380842 -2.516238 -6.357141 -4.044620 -4.880616 -3.268359
2 4.525048 19.638192 -3.007638 -1.089879 3.390116 0.020012 -4.662162 -0.416609 -3.856179 -6.306174 -4.052859 1.075574 -3.908200 -1.349243
2 -5.508163 31.643308 -1.880526 -4.592055 7.951642 -2.850039 -1.484516 -3.234004 -10.575485 -5.215142 8.637275 -4.610183 -4.628973 -3.653140
6 -1.527367 -5.073328 -3.928070 -5.096710 -2.088665 9.279367 8.280619 8.344701 -3.195360 -5.834282 -0.768707 -5.378232 0.289533 6.696501
13 -1.107631 -1.203833 -0.267293 -4.700706 0.460436 6.659866 -1.173199 3.474594 1.047126 -2.905107 -3.558819 -0.516498 6.961252 -3.170189
7 1.130363 -10.016110 -1.874127 1.708409 5.646772 5.571893 6.503715 2.644379 -3.855007 -4.673130 -6.119968 2.031342 1.993158 -0.691691
5 0.492479 0.801510 -0.384355 3.766682 6.290136 -0.615233 0.863580 -8.031123 -3.775319 -4.261007 -1.397476 1.743976 -1.154992 5.661142
5 -4.139483 -6.728609 -5.190474 5.950125 37.477833 -2.142657 -2.417638 -2.281190 -3.295752 -4.886654 0.276185 -4.850157 -5.897905 -1.873623
5 -0.749470 -2.093569 2.039971 -0.471420 9.687906 -3.618850 -1.001059 -1.192817 -2.414193 -0.869873 -1.431143 -1.418267 -0.549107 4.081890
5 0.316931 -7.926812 -4.605234 -2.693641 45.978213 -1.313065 -6.880934 -3.127125 -3.135803 3.430230 -5.746102 3.928597 -13.314043 -4.911214
12 -0.746379 1.027117 3.294660 2.419827 -2.846938 4.106067 -2.788167 3.097255 -6.177419 -2.581130 -2.304216 4.876214 -4.712942 3.336049
14 -0.551922 -0.767741 -0.570887 1.203977 7.614549 -2.098460 0.314094 -0.834806 -5.943829 -0.470416 -1.980544 -0.728729 -3.485670 8.300382
5 0.152607 -9.119184 -6.630930 -0.110417 17.965503 2.335344 -2.992675 -0.801136 -6.913239 3.589505 4.107019 0.936352 -5.368869 2.850120
14 -0.025526 -4.116500 -4.735476 -0.331131 1.098361 -1.826330 0.421439 6.670486 3.186962 -3.170666 -1.488160 0.418061 -3.020139 6.918616
3 0.149828 -3.374925 8.621210 0.707057 -0.929954 -2.021086 -0.283238 -1.687516 0.053806 5.749612 -4.070929 -0.886058 -0.119541 -1.908269
5 -5.123930 7.384885 -2.391019 -4.270842 12.265376 4.294560 -1.764215 -2.578764 1.930606 -4.224235 3.146768 -6.226134 6.794619 -9.237674
5 -11.465280 -10.271809 -11.417167 -1.997919 120.610056 -14.722308 -10.546720 -14.598167 -8.147385 -12.178478 -1.166216 -5.355004 -4.553050 -14.190552
5 -5.622721 -9.334125 -1.967601 6.198753 41.562342 -4.967136 -1.251114 -6.013905 -3.393901 -4.806744 -9.716431 -8.340965 6.451052 1.202494
5 -4.120158 -5.526053 -6.272073 -6.377469 80.020864 -2.842653 -5.957717 -9.249759 -5.846420 -9.993891 -4.719339 -1.815792 -7.185353 -10.114191
5 -3.583467 -8.400536 -5.949825 -3.770558 47.407584 -6.627389 -3.945514 -3.196661 -1.880318 1.595003 -5.272788 -3.142960 2.465330 -5.697902
5 -2.511378 -9.068142 -8.098928 -5.221848 83.909776 -8.347123 -7.124859 -10.113500 5.803617 -6.928195 -5.268925 -13.064020 -4.086347 -9.880130
5 -5.477774 -4.870446 -1.215981 -2.954263 47.939667 0.328697 -4.369140 -10.114053 -8.599457 -2.435817 0.444451 -5.994978 -11.192745 8.511838
5 1.931362 -5.307535 -4.745231 -4.977573 42.557889 -3.362893 -1.376668 -5.832916 -6.512694 -3.831374 -6.110859 -4.118488 7.073672 -5.386690
5 -3.756112 -1.370727 -1.594264 0.494471 10.945669 5.054368 -1.266712 -1.102530 -5.578921 -0.706025 2.526768 -0.009318 -2.971370 -0.665296
11 -1.483838 -2.081897 -1.151188 0.190938 -1.682112 -1.164953 -1.382283 -1.067757 -1.080359 -1.192199 17.079504 -1.282755 -1.921645 -1.779456
11 -1.558591 -11.541532 -4.373428 -8.275380 -6.024959 -4.709547 -9.790128 -3.843508 -12.153870 -6.362862 89.026041 -5.939618 -9.089482 -5.363140
14 1.461997 -1.348153 -1.916849 -3.955770 0.065027 -1.210627 3.863069 -3.542434 -1.461286 3.006893 -0.327147 -0.025426 -1.182931 6.573637
11 -3.176157 -3.790893 -2.972266 -1.417716 -4.647801 1.202458 -3.305991 -1.301663 -2.287198 -3.513126 33.975266 -3.209143 -1.629575 -3.926195
11 -1.585289 -5.195570 -2.734390 -3.557769 -3.260913 -0.298378 0.853679 -0.151933 -0.043958 -2.497670 19.701368 -2.551080 0.867198 0.454706
11 0.318335 1.633884 -2.591217 1.038849 0.422719 0.856157 0.896410 0.366001 -5.733658 -2.934679 11.630496 -2.608741 -5.645386 2.350828
11 0.594434 3.465663 -1.554445 2.564248 -1.060920 -1.740349 1.196089 -3.870302 -2.838290 -0.405397 15.019642 -4.939633 -4.322177 -2.108564
1 17.875680 -3.725239 0.901315 -3.139524 -7.094981 0.188950 1.143864 -4.311781 -3.080073 1.758506 1.818395 1.068688 -0.521403 -2.882398
11 2.774799 -3.422671 -3.743693 -3.322700 -4.430613 -1.120315 -0.020795 3.342423 -1.301937 -5.071451 16.101148 1.108407 1.991718 -2.884322
11 4.753061 -0.307777 4.873504 -1.302839 -2.025319 1.109985 0.528965 -3.962004 -4.639513 -1.945640 5.435649 4.011448 -7.848984 1.319462
11 -4.824066 -13.657409 -7.928347 -4.899835 -9.102758 -8.134104 -6.648463 -2.177062 -5.701828 -11.108584 90.721606 -4.450872 -6.055211 -6.033067
11 -4.884169 -3.073020 -6.863208 -3.637738 -1.472953 -1.993033 -3.855101 -2.183216 -3.633673 -4.353299 45.802755 -0.264524 -5.131738 -4.457081
11 -1.000126 -9.608474 -2.569340 -4.313142 -2.584218 -2.926059 -2.891358 -2.602424 -0.393671 -1.208519 33.039568 0.033219 -0.723867 -2.251587
5 -1.058526 -6.375190 -4.664210 -4.837381 11.971680 -6.317490 -1.251254 1.435546 -5.581071 2.938159 8.774087 7.542335 0.002870 -2.579555
11 -3.474739 -5.669013 -3.202196 -5.203640 0.542536 -1.976578 -1.730553 -2.195727 -3.629874 -1.732160 35.206842 -2.236618 -1.332672 -3.365606
11 -4.672746 -2.481095 0.691765 -4.962664 -5.593007 -3.728358 -5.935367 -6.883583 -6.627853 -3.094896 50.651552 1.692654 -1.419494 -7.636907
11 -5.256350 -8.054632 -0.933219 -1.898171 -6.663496 -7.778678 -4.508424 -8.694280 -5.851986 -6.092100 67.524002 -7.613413 -2.055629 -2.123624
11 -5.147374 -7.168119 -5.372278 -3.353548 -5.468110 -7.863241 -2.753655 -0.853926 -4.356345 -9.435785 59.877729 -7.262261 2.488148 -3.331237
11 -4.216861 -3.770710 -2.353419 -3.631175 -7.018881 -3.402436 -2.629768 -1.302858 -2.899419 -5.448569 34.242600 -1.448392 1.936493 1.943397
9 0.116376 -1.442719 0.578079 0.833589 -0.361037 0.797494 0.653484 -1.168524 3.759136 -0.818759 -1.128204 0.656760 -1.197747 -1.277927
11 -4.576552 6.275963 -2.184657 -5.947192 2.321158 -3.203716 -2.630981 0.131892 -8.627677 -4.015041 27.539892 4.306270 -2.980132 -6.409230
2 4.043635 4.059149 -0.475552 -1.594472 -1.393120 -0.195993 -2.240028 -2.495281 3.853043 1.093850 0.218935 0.754116 -5.071256 -0.557026
4 -0.087010 -3.016355 -2.310844 14.157586 -3.204793 -2.449614 -1.149728 -6.318709 2.470804 -4.099053 -1.095270 3.963058 -6.897290 10.037216
9 0.873302 5.333958 -8.596140 -0.308663 1.665983 -6.952542 5.330694 0.063809 10.913663 1.673670 -4.012706 -2.201161 -0.607091 -3.176776
5 -2.613135 -1.321757 -5.437157 0.931358 6.259335 -2.002838 1.218519 -2.845469 5.762060 -2.518977 4.055478 0.668268 -6.124669 3.968984
12 -2.918715 -2.756881 1.095944 0.064586 -2.410914 -2.162762 0.899216 1.216460 -5.328300 0.958740 1.869497 5.438450 -0.460397 4.495078
7 -12.150744 -7.985864 -8.764012 28.115886 4.195071 -11.701400 86.163511 -10.672561 -13.614998 -10.298493 -11.434844 -9.708487 -12.992617 -9.150447
14 0.004140 0.113234 -3.266864 -0.534807 -3.286811 -1.819217 -2.741761 0.276316 -2.414961 -1.031658 4.175173 1.365710 1.753462 7.408044
4 -0.711000 1.356154 2.888502 16.103184 -8.583984 -1.707009 1.181457 -7.649561 -0.586539 -6.272966 1.383039 -2.167968 5.010710 -0.244019
5 -4.996576 -8.473100 -5.302416 4.520566 48.144280 -1.510918 -4.963851 -3.836650 2.152546 -3.353660 -6.353882 -0.590208 -7.869409 -7.566722
14 -2.503571 -4.813906 3.127245 2.145696 -0.113166 1.365212 -0.617672 3.867277 -4.176720 -1.360200 0.692633 -3.173500 -2.016615 7.577283
4 -4.046829 -0.608471 -1.410598 24.765855 3.149927 1.559535 4.253037 0.115155 -8.977889 -4.334006 -1.915235 -6.666855 -3.907031 -1.976595
14 1.409454 -1.951223 -6.070460 -2.754020 -3.970309 3.776645 -1.317027 3.200336 4.373846 0.683558 -1.582529 1.024545 -1.747650 4.924834
4 -1.791694 -0.848999 -9.879295 29.942681 1.440903 2.715407 -3.176703 -4.602038 -5.088323 -9.141979 -0.371655 -3.122586 -0.962880 4.887162
4 -3.269133 0.948843 -7.609238 23.634964 -1.053163 3.828950 -1.781952 -3.150010 -8.353220 2.450144 4.610778 -2.703380 -4.809579 -2.744003
2 -2.769340 9.281867 3.022135 -2.986339 0.072278 4.844898 -4.976025 1.659242 -13.046134 2.844895 6.956186 1.065260 -7.213604 1.244680
4 -2.491150 -1.996331 -1.742757 10.370963 0.860663 -1.485151 0.012703 -3.581366 -0.784697 1.235795 -0.463262 1.609140 -1.323947 -0.220603
9 -3.161843 -2.746029 3.842230 -1.458743 1.560276 -4.844013 2.287355 -6.408185 23.260507 -3.262116 1.487950 -6.156794 -5.045111 0.644516
4 -3.670881 0.208691 -5.285591 12.432259 4.357006 1.803170 -8.894537 -5.351931 5.598680 -2.487396 -2.368205 -1.482070 4.192562 0.948243
4 0.000638 0.515430 -2.219658 6.932636 -3.035340 1.101349 -1.230502 0.818514 -0.215633 -3.457376 1.820141 -2.782390 4.313180 -2.560990
1 7.259315 0.520610 -4.460388 2.519251 -0.777322 -0.690751 -0.818546 3.207149 -5.784189 2.704705 -2.241240 0.241795 -2.069023 0.388631
6 2.394439 -5.625984 -5.507174 -1.965701 2.963681 3.691109 1.645093 0.702650 -2.616058 2.423278 1.089535 0.165615 0.750518 -0.111003
9 2.130958 -4.696654 0.604158 0.326755 -0.721132 -2.996766 0.912196 -0.462963 6.218334 -3.449281 2.371493 -3.213695 3.350827 -0.374231
12 -2.037626 -2.741627 -0.604911 -0.685953 1.111924 1.086822 2.123130 -2.062749 6.023939 -4.997392 -3.313080 8.030481 -5.926874 3.993917
3 -5.312039 -3.280079 19.795128 -2.560591 -3.503828 -3.338250 1.892656 4.815879 -0.138210 -7.121423 -3.629574 5.423512 -3.676984 0.633804
3 0.206290 -2.637448 13.762512 2.384525 -3.173628 -6.055460 1.696280 -6.197593 -0.132449 3.644714 -0.064771 3.956255 -6.088993 -1.300237
12 2.878280 -8.723370 -1.407231 -2.981188 0.599608 4.134394 3.482015 2.749809 -2.443971 -3.038742 4.188203 8.699566 -9.679298 1.541923
3 -9.085814 -3.586301 34.332825 -5.403581 -4.196476 -0.589238 2.158119 -5.292980 5.110723 1.447326 0.890589 -10.692793 -4.379018 -0.713382
3 -0.405895 -0.849239 27.295664 -1.281596 -2.258261 -1.704462 -2.047470 -1.712559 -0.676119 -4.166848 -1.395846 -3.597903 -4.530871 -2.668595
2 2.263048 4.903175 0.125977 0.349595 -3.344978 1.542954 0.256168 -2.835145 -2.699816 2.587914 3.350710 -0.811898 -4.333743 -1.353963
8 0.533471 -4.703670 0.878803 0.026103 -5.797259 -8.614803 -3.620170 15.142329 5.063665 14.203783 2.965181 -3.919078 -11.187357 -0.970998
12 0.461907 -9.656677 5.377232 -2.361247 2.336419 4.143005 -4.700497 -1.862290 3.722291 -0.550110 -4.731340 8.640778 -4.030383 3.210911
3 -2.112078 -2.296179 45.736250 -2.077746 -4.824670 -3.632836 -5.671213 -3.830254 -10.541262 -0.221499 3.289766 -2.358159 -8.555633 -2.904489
3 -2.044730 0.023548 17.406781 0.189273 -2.731243 1.348198 -2.905053 0.101309 -5.844394 1.034047 -0.149131 1.221254 -4.555099 -3.094760
3 -2.033112 -9.155348 64.261984 -1.931766 -2.896067 -1.886623 -1.371858 -8.617404 -9.105156 -4.439074 -1.399804 -6.138622 -13.441616 -1.845540
8 -4.723652 0.857615 -6.346964 -1.546111 0.996278 1.611390 0.292368 5.526953 -3.978731 -3.096143 3.819439 4.297698 -2.694616 4.984475
3 0.872699 -3.959894 27.269289 -1.865652 -2.001775 -4.678434 -1.692805 -2.553212 -3.695164 -6.010255 -1.442157 2.896234 0.817290 -3.956166
3 -4.328628 -2.900804 27.594397 -1.577972 -4.633771 -2.593558 -3.018333 0.911971 9.091972 -3.366741 -1.565850 -5.304426 -3.166299 -5.141958
6 4.027315 -2.465716 -10.448881 1.811255 -2.103835 29.809555 -2.504070 -5.697833 -8.258184 -6.283898 -1.666079 5.804490 4.934964 -6.959085
6 1.478421 -2.311736 -3.055161 -0.141142 -2.592845 14.423198 -2.227520 0.758293 -3.424093 1.004675 -3.579963 -4.147315 4.875117 -1.059929
6 2.934967 -9.412413 0.561122 -5.171019 4.019059 13.176557 0.572465 -2.974060 -1.837885 -0.867948 -0.858823 -0.400774 -0.548675 0.807426
6 -5.756033 -8.109181 -7.307405 -5.895748 -7.330507 94.839734 -7.170745 -8.720728 -5.931981 -5.352763 -5.712367 -13.951336 -7.104720 -6.496218
6 -0.327001 -4.070275 -5.452632 -0.778518 -0.728108 19.949315 1.729082 -2.556361 -4.055585 0.616570 -2.639130 -0.531265 -1.695549 0.539454
6 -9.310722 -9.816657 -7.491911 -6.469423 -9.141087 117.696676 -8.870668 -9.259294 -8.133219 -7.497757 -8.552440 -9.016647 -12.209744 -11.927105
6 -0.595363 -6.611639 -10.348496 -1.460547 5.016118 34.706045 -7.044080 -2.496195 -7.285728 -5.116555 -3.963635 -6.355680 18.934405 -7.378651
6 -12.413473 -4.925084 -6.784385 -10.018428 -3.026803 103.596978 -8.342840 -6.938332 -10.634063 -7.491165 -2.733760 -5.361940 -16.694747 -8.231957
6 -5.756033 -8.109181 -7.307405 -5.895748 -7.330507 94.839734 -7.170745 -8.720728 -5.931981 -5.352763 -5.712367 -13.951336 -7.104720 -6.496218
6 -5.288159 -3.242030 -3.570817 -2.015398 4.417390 15.543703 3.450446 3.160080 -1.858147 3.318730 -0.515141 -7.969157 -3.630489 -1.801011
13 -3.298448 -5.192627 1.696129 -0.310032 -4.078620 5.352618 -1.802227 0.525856 1.437429 -1.639752 -2.335639 1.869721 8.247497 -0.471907
6 -1.057458 -6.974092 -8.826992 -6.921710 -2.774786 49.190632 -1.655477 -3.247210 -5.095749 6.799379 -3.893367 -5.925746 -6.527914 -3.089510
6 6.674727 -8.942414 -13.619288 -5.561162 -10.196319 75.205362 -5.955863 -0.097700 -1.374615 -11.289986 -7.840834 0.219409 -8.908948 -8.312372
6 -8.348042 -9.966443 -8.410684 -5.544165 -11.179437 113.741184 -7.798623 -7.439175 -4.483275 -11.864183 -7.280123 -6.679881 -11.176101 -13.571050
6 -1.661202 -3.185985 2.545989 2.349855 3.617557 5.036005 0.289747 -2.491507 -4.183108 -0.024791 1.213842 -0.631313 -4.525784 1.650693
6 -4.354325 -11.476062 -3.894837 -8.460207 8.022765 53.240311 -3.969659 -2.736661 -6.166925 -3.521442 4.135977 -11.845139 -7.093970 -1.879825
6 -1.484625 -1.059957 3.081958 -1.468967 1.204409 6.408336 0.848911 -1.136358 0.431824 -1.566250 0.139520 -1.911856 -1.921157 -1.565789
6 -2.613748 -3.843418 -2.521175 -3.079733 0.769261 34.504260 -9.024431 -4.156028 -9.441882 1.021379 -6.682074 0.290117 0.855596 3.921875
6 -5.756033 -8.109181 -7.307405 -5.895748 -7.330507 94.839734 -7.170745 -8.720728 -5.931981 -5.352763 -5.712367 -13.951336 -7.104720 -6.496218
2 -7.797427 9.075764 -1.388194 2.256853 1.012959 2.104059 -1.633294 5.774280 -5.171078 -4.151852 -0.464186 0.213735 -1.452822 1.621199
6 -1.950684 -11.057638 -5.509193 -2.077114 8.427767 20.432767 -5.905594 10.616350 -8.367438 -7.544568 -2.979741 -0.095249 -4.174368 10.184701
6 -5.756033 -8.537161 -6.233658 -6.095309 -7.330507 96.278505 -7.170745 -9.196289 -6.791357 -5.771809 -5.712367 -13.951336 -7.104720 -6.627212
6 -3.966457 -5.611418 4.293497 -1.503327 -2.309163 24.804913 -0.677503 -3.202953 -6.805158 -3.020976 -0.658286 5.861649 -9.013821 1.809003
6 -1.558461 -8.755360 -1.856088 -3.088879 -3.875195 36.215542 -3.608115 -4.743427 0.149711 -0.771429 -2.356205 -2.456944 2.163354 -5.458504
6 -0.442819 -2.853667 27.071867 -7.425812 -5.199826 27.670237 -5.267356 -6.790028 -1.019520 -0.508146 -2.178254 -6.068040 -10.353565 -6.635075
13 -0.311922 -3.797826 -8.350984 -0.265027 -0.173406 -7.718872 -1.832529 -4.377685 -4.765253 -4.426796 -7.113693 -4.102876 49.309565 -2.072697
13 1.955567 -2.027996 -2.243113 -1.773458 3.392483 -1.340710 -0.511941 0.174130 -0.614856 0.102451 -2.298745 0.087737 8.481576 -3.383123
10 -3.072891 -0.547758 0.088434 -1.146855 0.901094 -2.683585 -1.371022 1.960539 -6.931774 7.114430 -0.099620 3.126212 -3.206415 5.869212
8 -2.338942 -3.037642 1.217665 -1.098655 -4.354899 3.434644 -0.334417 4.250495 0.385147 2.968856 -0.534728 0.641322 -1.460951 0.262105
13 -1.405016 -7.620856 -1.188731 9.622804 -2.313343 -4.876987 -3.934374 -4.682577 3.737935 -0.378665 0.077199 6.347981 11.726324 -5.111694
13 -3.906350 -2.132629 -1.045393 -2.958446 0.167655 -1.992267 -2.294428 -1.465132 -1.680333 -2.011411 -3.294107 -4.006302 30.363563 -3.744420
13 -3.810204 -7.189794 0.294990 -0.959407 -3.984503 -2.546339 2.676503 1.661072 4.665261 0.305296 -5.677882 5.550279 7.876307 1.138419
10 1.943338 1.784021 -2.368490 -1.818745 -0.268128 2.471143 -8.282880 -3.173085 -2.558233 4.332471 2.447479 -0.721607 3.964367 2.248346
13 -0.164189 -4.651534 -2.203778 0.137234 -0.482861 -2.005930 -2.378000 -1.940575 5.133892 -0.271244 -4.094340 -0.646566 15.763823 -2.195933
13 -4.474413 1.721305 -5.223206 -2.809468 -1.544064 1.719652 -1.812560 -2.420346 -6.007603 -0.423934 0.458895 -3.972980 30.334732 -5.546011
13 -0.601097 -6.732539 2.008250 0.366700 -5.220126 -6.851730 -3.072084 -6.616672 7.934397 -0.775859 -2.461123 -3.584066 30.001122 -4.395176
13 -1.406825 -2.494992 -4.433859 -0.054025 8.315686 0.630739 -2.340339 -3.132776 -1.703933 -6.671484 0.395831 -3.112997 18.451166 -2.442194
13 -4.303889 -8.387929 -1.551645 -0.131561 1.758115 -1.832841 -3.778755 -6.251697 4.283984 0.190443 -4.629365 0.200629 26.100895 -1.666383
13 -0.616643 -4.716142 2.886006 -6.196050 1.355505 -3.268785 -0.920484 2.966378 3.121383 -3.335195 -3.960753 2.318889 12.051844 -1.685952
13 10.028233 0.253126 -3.045955 -2.444767 -5.897543 -1.874184 -1.833502 -5.023399 -1.810897 -3.373138 -2.785208 -0.687151 21.427766 -2.933380
4 -5.024298 -3.463919 2.836047 17.232237 0.001267 -3.081997 -3.158566 -0.871192 -1.622718 -4.452826 -2.961914 -0.138761 9.453259 -4.746619
13 -2.722410 -3.129369 -0.225527 4.098860 -0.737701 4.090054 -5.774585 -3.674689 11.788209 -7.828887 -1.579455 -5.352319 15.743563 -4.695746
8 -7.629851 7.957484 -2.867978 -3.891176 -3.941202 -2.246925 -7.172857 20.313475 -4.794605 4.013354 -3.864687 -4.441703 6.434752 2.131918
13 -0.942673 -1.955074 -0.454795 -1.173940 0.037450 -1.085959 -0.357124 2.040538 -1.021495 1.581281 -2.717640 -0.633614 5.450069 1.232978
9 0.905556 -6.027569 -0.432658 -1.342511 1.007808 -0.015937 0.508139 -2.891627 10.725271 -0.716244 0.165767 3.181004 -2.595756 -2.471245
13 -2.299946 -0.917274 -0.909026 -1.424798 -6.553910 -3.978888 -1.832356 -2.168305 -1.570835 -3.339055 -4.780852 -0.398085 27.760595 2.412736
13 3.854914 5.538263 -3.954065 -5.718256 -2.986744 -5.398013 -2.873491 -3.653112 1.324119 4.396186 1.970763 2.177027 9.929376 -4.606966
13 2.438949 -7.127083 0.965467 2.304053 -2.644715 -1.814517 2.146115 3.903161 -3.266212 -3.474672 -4.911388 -4.253548 17.597880 -1.863490
13 2.904106 -5.668570 2.170228 -2.377770 -0.050799 -2.976191 -3.964442 1.659234 4.044982 -1.360207 -3.445198 0.070579 8.577742 0.416302
13 -3.544103 3.934461 1.290775 1.447570 -4.363863 -3.594273 -4.269708 -4.802740 5.388260 -5.869858 -4.207318 1.944169 24.314675 -7.668045
13 1.713057 -4.985685 -4.650287 -3.293134 -0.731068 -2.743023 -1.229178 2.195056 -2.512309 -4.580067 3.067635 -3.255729 20.059305 0.945427
7 -5.462238 -10.171243 -5.885813 -6.919575 -9.673145 -9.765883 88.275833 -3.399503 -4.922558 -6.972184 -4.977169 -6.468548 -5.821130 -7.836847
7 -0.830210 2.254973 -1.193936 -1.283584 -0.421496 -1.505472 9.508763 -0.741155 -0.952646 -2.143867 1.964729 1.061129 -1.324276 -4.392952
7 -9.922819 -7.665620 -7.343344 -9.783766 -8.800936 -6.861526 88.255637 -11.127278 -3.636630 -7.287883 0.336790 -6.512035 -3.155749 -6.494841
5 3.269142 4.053443 1.661267 -5.190258 9.820100 5.131169 -2.484997 4.147055 -5.649795 -4.185947 -4.676160 -4.655966 -4.236161 2.997106
7 2.561673 -2.158736 -0.875192 -8.098307 1.451327 -1.682635 25.270890 10.040375 -6.229345 -4.217181 -6.767102 -4.698965 -4.563494 -0.033310
7 0.895835 -1.399390 3.458269 2.550821 2.462280 6.485426 8.451007 -6.230983 -0.400063 -1.770381 -7.881889 0.391690 1.234084 -8.246705
7 -8.555545 -5.889885 -7.320098 -5.005099 -8.191799 -5.830926 92.327600 -7.764173 -7.709131 -5.867131 -6.976253 -8.539075 -6.479759 -8.198726
7 -6.078026 -5.721089 -1.475646 -2.044827 8.127905 -2.999723 9.431954 0.402170 -1.742668 -0.222692 -0.394273 0.745108 -0.860704 2.832510
7 2.180340 -4.394637 -4.310427 -1.759634 -1.112023 -1.907516 18.356006 -1.116169 -2.569438 -0.660400 -3.409327 1.799442 -0.717104 -0.379114
13 -1.019838 3.104402 -1.899058 -1.722408 -3.199876 2.235400 5.854460 -3.841750 -1.432655 -4.641044 0.910681 -2.941362 8.649034 -0.055987
7 -8.283786 -6.774832 -7.139917 -6.881822 -4.496972 -8.351248 85.615248 -7.266281 -8.059087 -7.119745 -6.262888 -8.366636 2.146041 -8.758078
7 -4.709730 -5.449010 -9.228387 -9.150750 -2.931631 -9.400268 83.056681 -9.573542 -10.074008 -6.638307 -4.324154 -8.791545 -9.002795 6.217445
7 -3.496647 -6.558308 -8.335913 -8.334927 -16.953234 -2.670233 102.420564 -4.429386 -2.032451 -10.104499 -11.711179 -7.073685 -5.150969 -15.569137
7 -3.810806 -9.835397 -3.628582 -8.280359 -0.131612 -7.979780 85.709770 -8.499171 -6.577552 -9.764269 -5.308934 -7.659406 -6.126584 -8.107318
12 -0.953225 -7.664659 5.431452 -2.899736 -0.321331 4.402288 -1.762006 -3.037437 -0.092436 3.426838 -3.569194 10.626524 -3.298300 -0.288778
7 -6.935351 -9.102346 -5.315445 -5.472780 -6.291363 -7.363974 86.847424 -9.211583 -2.574602 -9.208829 -6.150886 -6.131133 -8.953874 -4.135260
7 -7.591333 -8.055061 -7.697439 -6.777832 -11.481433 -8.854356 102.368960 -5.605190 -5.940928 -10.955040 -10.691383 -3.664908 -4.483185 -10.570872
7 -0.674975 -7.536503 2.521714 1.127856 -1.249893 -3.460276 14.130455 -2.045162 0.619761 6.840943 -5.445473 -1.431495 -0.170838 -3.226115
7 -11.344896 -4.338676 -6.866683 -7.146745 -5.013116 -8.800858 92.295077 -4.713662 -10.234307 -7.686617 -7.584687 -7.612952 -5.693287 -5.258594
11 -3.604595 -9.836611 -2.389472 -1.772977 -3.610637 -4.350432 -3.335274 -0.607814 -2.326818 -4.713960 36.829126 1.976246 0.051253 -2.308035
7 -5.834243 -4.088401 -7.435684 -7.801653 -7.920930 -5.642268 94.979841 -8.372224 -10.076729 -7.591260 -3.983742 -7.812455 -10.194622 -8.225634
7 -1.888666 -13.385840 -6.887697 -10.087172 -3.799515 -9.868368 96.174405 -7.864871 -3.349439 -5.809804 -12.434180 -9.218349 -8.047287 -3.533222
7 -5.820736 -8.527014 -9.057208 -8.908897 -8.168268 -9.472781 94.278323 -8.227521 -7.353004 -8.417410 -6.193838 -9.536439 0.077673 -4.672882
7 0.667422 2.460125 -5.899211 -1.044816 0.677993 -2.439602 9.776659 1.937413 -3.558922 -4.875617 0.779824 1.078848 4.430914 -3.991030
7 -7.043485 -6.988647 -3.484944 -5.771742 -8.686974 -8.315769 86.006168 -6.787802 -6.031498 -8.585117 -1.633522 -9.474858 -8.660243 -4.541568
12 -7.735232 -0.609851 5.645054 -0.695521 -1.123849 -3.668621 -3.844757 -2.870844 -4.161841 0.740969 3.913089 18.980627 -2.057853 -2.511368
13 1.762547 -5.342373 6.404543 1.165446 -7.214667 -1.217024 -2.226247 -6.287871 -0.492589 -3.989592 -4.473491 6.417369 17.011549 -1.517603
12 4.889529 -1.107158 -2.495059 0.399867 -5.506702 -0.597869 -1.565578 2.007414 -3.886160 -1.073994 2.635512 13.542635 -2.349838 -4.892600
12 -1.466130 -5.447709 -1.870138 -1.414020 -4.023682 2.139226 -1.938777 0.353489 2.264542 0.104209 -4.302388 7.988125 4.307198 3.306054
12 4.660113 4.052020 -2.166695 -1.995748 -4.385151 -3.663248 -3.756171 -2.819761 -1.074259 -0.482350 -1.076317 6.363945 5.296004 1.047616
9 1.216361 -4.823125 2.191572 1.369920 0.342582 1.422713 -0.883516 -5.434568 9.714739 -2.846425 -0.694194 0.430842 -5.468944 3.462042
3 -5.880083 3.553646 35.844004 -0.878839 -0.947507 -0.504046 -1.995067 -7.143756 -7.064455 -7.757147 0.167711 -6.575726 -6.730252 5.911514
13 0.309880 -1.384544 -3.429924 -0.586253 -1.033252 -0.102011 0.053474 6.102520 -1.506750 -0.535503 -2.140180 -0.413461 6.516788 -1.850786
12 -5.281703 0.061091 1.269288 3.187176 -1.379947 -1.421037 1.566686 -1.684705 -0.353361 -5.616603 -3.387670 26.192982 -5.391941 -7.760257
1 5.581325 1.258582 -2.021996 1.991400 0.121491 1.458874 3.718698 -1.146708 -6.107485 -1.938094 0.255333 -3.549549 -4.141150 4.519276
10 2.110825 -0.175388 2.635847 -1.199221 -1.073367 -3.137738 -0.792289 1.302612 -1.590070 5.417393 -2.783473 1.960227 -1.960095 -0.715262
5 -1.092027 -4.841599 1.216348 -2.755447 8.685629 -0.118909 5.804028 -1.617482 -1.154665 0.453318 -3.147000 -1.757752 2.081135 -1.755577
12 -6.319291 -3.810532 -5.243577 -2.895234 -2.877076 -4.892982 -5.088068 -3.378948 -4.124038 -5.085607 -0.385935 45.189579 -1.430957 0.342666
12 0.386074 -3.205686 0.533835 1.456130 -0.780548 0.456337 -0.176023 -2.997789 -1.717295 1.663551 -1.638245 5.352232 0.624729 0.042699
12 -4.264578 -5.853453 -5.034189 -3.636457 6.948832 -2.848338 3.440333 4.826766 -0.485526 -1.702982 -1.748578 13.599046 -4.837930 1.597053
12 0.374295 -1.345680 0.027520 -1.054988 0.927080 -0.228626 1.010346 -4.209759 -6.523897 -0.091336 -0.895519 12.001846 -0.853637 0.862353
5 -6.352727 11.523320 -19.470460 -2.584149 41.198583 1.196729 -4.232726 7.683850 -12.073905 -9.538236 -11.937981 10.320991 0.915099 -6.648390
3 -0.211118 -0.233583 8.176783 0.751034 0.589480 1.885189 -2.588725 -4.054777 -3.909248 1.769577 -0.857414 1.300048 -6.761876 4.144627
12 -0.768016 -7.166005 2.004018 -6.069377 3.061735 3.855899 -1.813313 3.354391 -3.998819 5.095980 -2.396834 6.513781 -0.566502 -1.106940
3 3.217646 4.225339 5.143411 -2.417647 -4.860206 -4.952841 -1.417064 -2.780458 -1.106782 3.174868 -1.554586 2.311706 -2.487460 3.504075
14 -0.235204 -6.439766 1.315946 -0.844430 -0.203927 -2.687804 1.004361 -0.879128 2.646317 0.271607 -6.869458 3.312425 -1.431863 11.040923
12 -10.333629 0.934511 4.625252 -5.079640 -5.284768 -4.202243 5.861252 5.055080 -6.889292 -7.321461 -3.603785 36.221269 -13.217533 3.234985
11 -3.430203 -1.451847 -0.112395 -1.737621 -3.017241 3.150004 1.953575 -2.871393 3.947871 -0.111106 8.155286 7.420680 -10.296807 -1.598803
14 -2.156700 -4.600402 -3.816640 -6.286153 -6.407105 -3.986695 0.573471 -6.554285 -3.609615 0.035524 -4.546570 -2.007830 -8.997504 52.360504
14 1.244371 3.381075 1.621872 -3.686989 -5.029837 -1.522882 -1.709107 -4.960610 1.292056 -2.113437 -1.862755 -0.964196 1.254843 13.055596
14 -8.765535 -0.388180 -6.498386 -8.792011 -5.843709 -4.197471 -0.623500 -5.372661 -10.251993 10.492502 -0.290782 -0.062931 -5.056681 45.651337
14 -4.189993 -4.133184 -5.136939 -6.328180 -3.161581 -12.065544 -2.957760 -6.783340 8.625283 -3.087444 -1.140567 -9.372747 -1.525169 51.257161
4 -5.250314 6.274308 -0.938696 9.541859 -2.296740 -7.820802 -3.451525 0.824009 0.069855 -2.141235 -4.870300 -3.227455 8.300235 4.986800
14 -7.286641 -1.241367 -0.376348 1.368253 -1.262125 -0.006900 -1.579434 -4.619510 -8.338593 -1.444017 4.236399 2.461986 0.573046 17.515248
2 -1.233211 5.343599 -0.002753 -1.951456 3.407359 1.495040 -5.365764 -1.137116 -0.334077 -4.234127 1.139500 -1.380748 2.976622 1.277130
14 -0.840249 -0.981155 -2.183183 0.434031 1.932173 -4.616736 0.957960 3.685730 2.679651 -7.888565 -2.720228 4.576236 -4.958764 9.923098
14 0.233569 -0.424937 0.674247 -6.969924 -6.989865 -7.393727 -4.869127 -7.024285 -1.890090 -1.728561 -1.369816 -1.713930 0.097292 39.369152
14 -6.083733 -8.398223 -1.355331 -2.039675 -3.036831 -3.138580 -2.229299 -0.659468 -6.930541 -3.183948 -7.057437 -8.200330 -1.182806 53.496203
14 -1.560925 -1.630065 -2.040060 -4.233109 -1.418593 -0.207043 0.337300 -0.925752 4.680389 -3.821165 -2.029399 1.041650 4.577951 7.228817
14 -3.529139 -5.131272 2.015733 0.779313 0.996108 -1.183367 -1.995970 -4.999799 0.359147 -1.942743 -5.191335 0.342174 8.790068 10.691079
14 -1.368254 -2.371070 1.155571 -0.925301 5.309767 3.324239 -1.102388 -6.331363 -3.164536 5.512729 -1.209557 -2.599260 -2.347153 6.116574
14 -2.758712 -7.569811 -4.219968 -6.170799 -6.011035 -3.418975 -0.951843 1.629457 0.874907 -8.213123 -4.129144 -2.253586 -4.522270 47.714900
5 0.268517 0.889998 3.460027 1.800139 12.789509 -2.533084 -0.412233 -5.184114 -5.279008 0.885424 -0.797550 1.400607 -8.636087 1.347855
14 -1.998822 -0.711274 -0.183248 -1.207806 -1.859250 -3.153021 0.928668 -2.398690 -2.282847 2.547228 -1.670542 0.808004 -4.100803 15.282401
14 -2.823125 -3.203358 -0.848033 -1.209492 -2.458901 -2.451038 0.277503 -0.169828 1.776443 -4.378219 2.637569 -3.307143 -2.124931 18.282552
14 1.690641 -4.751535 1.293662 -0.732936 -0.642221 -1.085181 -1.208584 -1.817627 2.189188 -1.543392 -1.028819 -0.744438 0.588415 7.792827
14 -6.154642 -4.707431 1.760233 -8.023626 -7.729582 -3.711090 -4.187177 -4.981946 1.229801 -5.094625 -6.020319 -3.463989 -0.394917 51.479310
14 0.390396 -1.366566 -2.507205 -4.019146 -2.312654 4.653068 -3.930223 -3.335890 -3.511944 2.181436 3.744947 -3.720362 -6.156048 19.890188
5 -1.893633 1.723163 1.152542 2.384482 4.511448 -3.698605 -0.003276 0.275711 -5.881157 2.876719 3.185290 -0.851173 -5.229453 1.447942
14 0.939768 -6.343131 -1.998243 0.261500 2.309417 -0.888813 -6.046859 -0.107222 1.115110 -2.117618 -4.206472 -4.037125 6.823738 14.295949
8 -8.030568 6.054887 -0.012941 -0.209236 5.504616 -1.206706 -1.249622 12.279313 -4.593672 -4.608079 -1.384120 -1.898864 -1.430268 0.785258
8 -0.510019 -1.328492 -3.696061 -4.165513 -7.585864 -0.557362 -0.771949 45.288875 -0.951359 -8.743968 -4.874604 -0.541221 -4.159428 -7.403036
5 2.793097 -7.960763 -4.396977 -8.051890 61.875986 -2.020858 -7.324387 -3.035963 -2.971725 -4.254600 -6.361239 -4.635168 -6.852729 -6.802786
8 -1.658633 -6.356228 -1.563499 -1.695952 -4.337246 -3.262897 -0.840845 37.769158 -1.848816 -3.632415 -5.423407 -2.456768 -3.457715 -1.234738
10 0.382298 -10.693562 4.097696 -3.014020 -2.913328 -2.212577 -3.093965 6.550212 7.084628 7.206397 -4.887893 1.449482 -0.512918 0.557547
1 5.678229 -4.898392 -2.752316 -0.369399 -3.988234 -0.673488 -2.501499 -2.444399 5.505535 -2.336688 3.814443 3.293944 3.407078 -1.734815
8 -3.050922 0.266266 1.687698 -8.868682 -1.869642 1.316587 2.378249 23.882395 -1.234650 -2.737472 -4.074403 -5.339821 0.459186 -2.814788
8 -5.873500 -1.495816 -11.137655 -3.941961 -5.882139 1.642144 5.102247 35.244757 -6.905722 -2.811645 -2.767990 2.135023 0.473766 -3.781510
8 -0.485665 1.914423 -3.975258 -2.014696 -1.315310 -1.877343 -7.730324 31.110898 -4.884515 -8.564395 0.483045 5.326196 -6.924299 -1.062761
1 4.840228 3.163327 -0.206340 -0.984242 -4.698276 0.124340 -0.445339 3.618451 0.127093 -1.662412 -2.405064 3.125633 -5.085250 0.487849
8 -1.267236 2.235244 -1.061946 0.309623 0.502427 4.196206 -2.177713 5.530948 -9.477544 1.865194 3.815479 -2.509134 -3.789825 1.828276
8 -4.492986 0.822571 6.105439 -4.447448 5.702288 4.516134 0.245895 26.329091 -5.737743 -5.158179 -7.481638 -5.021905 -12.324436 0.942916
13 -3.957287 6.281757 -8.721583 -1.192106 -1.236988 2.795421 -7.032460 0.092213 -0.290455 -1.823185 -1.568750 4.699116 6.521696 5.432609
7 2.113749 -1.329704 -1.696269 -1.111608 -1.040168 4.287347 4.860617 -0.096528 0.526781 -0.531910 -0.118828 -3.041189 -0.753093 -2.069197
8 -2.127731 3.186464 -1.857583 -2.178623 -1.195014 1.590423 -2.020228 15.034159 3.314281 -2.715561 -3.749198 -1.671021 -3.909940 -1.700428
5 -2.193709 6.168026 -1.478483 2.893207 7.518920 0.335734 -2.064183 2.951584 -4.088194 -3.672628 -5.293290 0.169171 1.029764 -2.275921
13 3.370564 -0.183670 -2.453875 -1.524691 -7.481640 1.375134 1.439826 0.325159 -0.007501 -1.964127 -2.339752 -3.245178 10.856875 1.832876
8 -0.338459 -0.120387 -5.606370 -2.389563 -3.264070 -2.658088 -0.493261 11.864549 5.062218 -6.598372 0.489175 -0.922091 -0.210771 5.185491
6 2.444435 4.677751 -6.727461 -1.828743 2.305714 8.632105 -2.364555 -0.222980 -1.827262 -1.246274 0.746720 -4.798125 -2.140351 2.349022
8 -3.466009 -0.163068 2.798138 -8.162530 1.297149 7.723448 3.615904 13.413155 -6.243253 3.131703 -5.932855 -2.346422 -7.100148 1.434786
8 -5.230372 2.164721 0.125662 -0.949535 0.611998 -3.854014 -0.559988 16.235926 -2.399984 -3.510615 -2.859054 1.414737 -0.962033 -0.227449
8 -3.236234 -5.162396 2.996703 1.900787 -5.152105 5.166294 -4.772055 18.810389 -3.046182 -1.119790 -6.048604 -1.011175 1.489795 -0.815427
11 -2.237199 6.204994 -3.884808 2.502654 2.066031 0.203685 2.898493 -9.253034 -1.829669 1.218345 8.757130 0.945702 -2.409715 -5.182608
3 2.311549 -7.265685 3.471281 0.333868 0.151919 2.226371 -1.642005 -0.209821 1.183262 1.571017 -3.192024 2.346101 -0.766895 -0.518938
9 -3.299178 -6.969931 -1.191792 1.322128 -1.366128 -1.323719 3.830870 2.764727 8.912654 -3.827315 -3.049100 6.548885 -3.081306 0.729204
13 0.449696 -0.273965 0.173727 -1.976825 0.782956 1.014862 -0.654192 -1.350393 1.966122 -1.650794 0.896130 -0.079677 2.897234 -2.194883
10 1.052214 -1.801762 2.927961 -3.367890 -1.186076 -6.648870 -2.330359 -3.593895 5.417204 7.406964 3.026667 -0.399758 -0.415825 -0.086576
9 3.025395 -9.062489 0.867714 1.764382 2.591404 1.376566 0.412498 -3.582287 15.947821 -1.940359 0.079985 -0.564796 -4.118159 -6.797674
13 -1.933201 -3.751105 4.620218 -3.838759 -2.191632 -4.813646 -1.003931 1.194518 3.949242 2.757877 -3.537098 -3.368909 20.018440 -8.102013
13 1.975523 -1.650907 4.906975 -5.660741 1.513481 -3.686444 -1.455874 -4.093079 1.724477 2.034255 -1.767727 3.152702 8.933620 -5.926262
6 -0.537205 -3.704440 -0.043065 -0.178112 -1.369310 3.066838 -0.291294 -1.540221 2.684667 0.134072 -1.278290 1.939848 0.032577 1.083936
9 -5.193693 -0.097461 4.729969 -1.684088 1.048008 -0.649284 -1.631336 -3.852620 5.493351 -1.005367 -0.790839 1.895338 -2.990176 4.728196
9 3.507201 -5.644527 0.673491 0.567163 -2.176709 1.959952 -1.476666 -0.020001 18.019707 1.398167 -2.004405 -5.844507 -2.525423 -6.433444
9 0.883510 -4.276162 1.061480 0.145209 -0.503114 -0.997518 -1.096036 -2.223615 9.615833 -1.575193 -0.147450 -0.076504 1.442741 -2.253182
9 -2.887976 -4.353000 2.853404 -1.601881 -1.281153 1.965186 -0.362755 -1.730092 6.816541 2.575108 -6.421433 1.085362 -1.890640 5.233330
9 1.042408 -4.636036 3.115602 -1.063364 2.022986 2.995021 0.010957 3.532393 5.461499 0.281602 -4.278653 -1.827125 -4.357539 -2.299750
4 1.218228 -13.520810 0.357085 5.092406 4.674393 0.745752 -3.706688 -3.791199 4.009960 2.745499 -2.310863 2.312279 4.413063 -2.239105
14 1.883102 -1.569181 1.258618 1.381522 -2.612763 1.513943 -1.192364 -0.840272 1.855395 -1.302432 -2.765372 -3.395862 -2.150729 7.936395
5 2.915660 3.237842 -2.725770 -5.985655 4.178241 0.962645 3.034455 -0.697927 0.223925 0.081006 -3.973706 1.869916 -0.913677 -2.206958
14 2.906056 -7.426799 -1.436679 1.515721 -1.086298 -2.050889 -1.017490 -1.908371 -4.745090 5.512820 -1.238542 -0.433669 3.073230 8.335998
4 2.152103 -10.358514 -3.224000 14.498328 -2.953017 -2.938249 -2.947730 -0.099090 8.444906 -3.311798 -3.382435 2.071916 4.678932 -2.631352
9 2.395970 -5.778454 3.465537 -1.992930 -1.318714 -0.626191 -1.943969 -2.537694 4.850725 1.559834 -4.661859 -1.018117 2.765354 4.840508
