7 -7.021836 -8.249157 -7.089516 -7.228079 -6.194679 -7.887270 51.261775 -8.237168 -6.035883 -8.409611 38.071142 -6.940254 -8.335341 -7.704123
14 0.048325 -1.057723 -0.102953 -1.363272 -0.117615 0.266534 -0.425258 2.063919 -0.380927 0.131812 -0.509448 -0.390094 -0.677492 2.514192
9 -1.183170 -1.850031 -0.228312 -0.083816 0.103771 -1.454922 -1.446066 -0.991044 6.762293 0.114640 0.676165 -0.784427 1.470441 -1.105522
1 18.562330 -1.126721 -1.762630 -1.341721 -1.539582 -1.621474 -2.160188 -0.811001 -1.189100 -1.184133 -1.850692 -1.223473 -1.436330 -1.315284
6 1.047403 0.394289 -0.419902 1.064218 -0.291720 2.119146 -3.215869 0.019301 -0.969552 -0.378366 0.773901 0.339242 -1.817036 1.334947
1 3.600886 -0.519388 -0.220726 -0.462803 -0.270523 -0.561493 -0.143285 -0.389639 -0.110700 -0.317969 -0.324839 0.540225 -0.412199 -0.407548
6 0.627872 -0.415994 -0.188596 0.129127 -0.176347 2.671891 -0.707617 -0.041090 -0.575605 -1.045103 -0.488618 -0.270998 0.573078 -0.092000
2 -0.912818 1.073797 0.783856 0.405371 0.811793 0.111816 0.642438 -0.624288 -0.631820 -0.722070 -0.141180 -0.086188 -0.080950 -0.629758
5 -3.276054 -2.385535 -3.257769 -1.481608 21.191614 2.169804 -1.960496 -1.459105 -1.869771 -1.899044 -2.477952 2.191595 -2.364022 -3.121656
5 0.365749 -3.246648 -0.909045 -1.401643 12.724633 0.011859 -2.755515 -1.473921 -1.027183 0.168904 -1.410973 0.424506 -1.814615 0.343894
10 1.090458 -0.539820 0.814851 -1.831648 0.020172 0.461948 0.039380 -0.481353 -1.907094 1.454028 -0.492736 0.719988 -0.741775 1.393599
3 -0.662133 -1.385484 5.035222 0.277847 1.993578 -0.997456 -1.432274 -0.881856 -0.195092 -0.950238 -1.318149 0.497380 0.236063 -0.217408
3 0.757848 -0.978587 12.010919 -1.531726 -1.476129 -0.554348 -1.161798 -0.935019 -0.860555 -1.046946 -0.407177 -2.138415 -1.728741 0.050673
4 -1.677526 0.318571 0.121948 1.792144 0.359131 -0.465474 0.973738 0.183793 -1.327644 -0.502857 0.828693 -0.116160 -1.004822 0.516464
1 55.616882 -4.098295 -3.830943 -3.905893 -4.123952 -5.214947 -4.665571 -4.025912 -4.616446 -4.215541 -4.024045 -4.373072 -5.288832 -3.233432
11 -3.238881 -2.765598 0.152590 -0.735666 -2.878539 -2.151980 -3.047379 -1.694650 -0.606706 -2.955352 24.273307 -2.147429 -0.377104 -1.826614
4 0.018789 -1.141838 0.127656 4.307294 -1.375680 0.888139 0.546361 -1.370122 -0.018437 -0.386534 -1.031323 -0.445488 0.074841 -0.193659
12 -2.922853 -1.661579 1.095893 1.551921 0.157016 -0.666254 0.407811 -2.190229 -1.078607 2.130996 -0.225623 4.398954 -1.608329 0.610884
14 0.270004 -0.501022 1.780344 -1.941858 -2.036325 -0.952313 -1.659551 -1.244492 -2.086295 0.276273 1.162289 -0.057623 -1.439757 8.430327
11 -1.208363 -2.416069 -1.610738 -3.333179 -2.082427 -1.688777 -2.161556 -0.584078 -1.674996 -2.347409 22.326191 -0.303740 -1.537490 -1.377370
3 -0.916647 -1.682566 12.408934 -0.577347 -1.041530 -0.965297 -1.020379 -1.355177 0.236637 -1.268287 -0.684504 -1.535073 -0.790043 -0.808722
12 1.025487 0.187339 -0.171766 -0.607616 -0.160647 -1.178367 -1.285427 -1.339112 -0.504722 0.665821 -0.119966 1.892830 0.893174 0.702973
14 -0.802514 -1.317868 -0.750844 -0.759805 0.146693 1.735873 1.201686 -2.276130 0.048739 -0.516329 1.778431 -0.418113 -0.487209 2.417390
9 -1.118438 1.087940 0.211065 -1.347704 -0.155223 -0.099553 -0.017172 -0.981479 2.872708 0.235516 0.869831 -0.861046 -0.704135 0.007690
2 -2.180605 1.632225 -0.947756 -0.092149 0.935457 -0.656471 0.214815 0.486491 -0.767375 -0.334119 -0.716563 0.275918 0.627908 1.522227
8 -2.205113 0.465947 -1.074835 1.891528 0.611766 -0.446912 -0.051426 3.809439 -0.998537 -1.015072 0.143848 -0.680746 -0.963161 0.513273
14 -0.088794 0.064897 -0.444675 -0.879925 -0.183580 -0.718458 -0.134524 -0.918042 0.564727 -0.573260 -0.582066 0.689807 0.074789 3.129104
2 0.546075 9.557935 -1.725528 -1.711813 -0.880910 -0.325320 -1.501036 -1.724217 -0.631177 0.023144 -0.855507 -0.549835 1.417686 -1.639497
1 33.498564 -3.215434 -2.822735 -4.443910 -3.128441 0.008179 -3.466964 -1.308349 -3.680877 -2.887394 -1.277846 -2.532770 -3.477024 -1.264996
13 0.376220 0.695202 -0.715712 -1.243781 0.719440 0.113519 -1.626501 0.338521 -0.800339 0.774099 -0.145402 0.017663 1.008827 0.488243
5 -0.854022 -1.626525 -0.736093 -0.262738 12.597602 -1.141480 -1.094178 -0.911153 -0.908108 -1.013233 -0.859652 -1.102384 -0.883261 -1.204776
6 0.933851 -1.104693 -0.065887 -0.685000 -0.092737 1.793352 -0.634128 0.225777 -0.594886 -0.313415 0.138758 -0.928709 0.632239 0.695479
6 -0.004344 -2.274529 -0.617354 -2.159645 -0.550970 6.623494 -1.169743 -0.373187 -0.366803 -0.834407 -1.393245 -0.070824 -0.264026 3.455583
5 -0.824608 1.247102 -1.321075 0.469026 2.591248 -0.701640 -1.810276 0.003683 -1.427911 -1.484181 -0.892876 2.184102 0.155457 1.811951
7 -3.809834 -3.499931 -5.006377 -3.627959 -3.962050 -5.424898 57.177938 -4.590745 -6.139472 -3.492327 -3.118561 -4.045312 -5.880667 -4.579803
14 0.118135 -3.928940 -2.657102 -0.963161 -2.193867 -1.540790 0.591467 0.814196 -2.781217 0.541069 -1.052487 0.636424 -0.371508 12.787782
2 0.205487 1.766034 -0.266735 -0.527507 0.432275 -0.426891 -0.134841 -0.874578 -0.429889 0.616692 -0.027332 0.114232 0.219348 -0.666298
2 -2.993888 12.828893 -0.898068 -1.477038 -2.239502 -1.306845 0.137522 -2.205530 -2.246693 -1.289493 4.962892 -1.538021 -2.352749 0.618517
2 -1.050822 8.962735 -0.179111 0.670307 -0.219248 -0.426093 -0.228158 -2.491634 -1.394672 -0.758233 -0.399948 -0.377910 -0.907462 -1.199753
14 1.237562 -0.470750 0.017191 0.113686 -0.377687 -0.059697 -0.163661 0.371542 -1.803920 -0.186558 0.168775 -0.086380 -0.349359 1.589256
7 -0.641082 -1.137294 -1.146515 0.708638 -0.151915 1.605030 2.368529 0.071607 -0.954244 -0.541153 0.601068 -0.897896 -0.180725 0.295952
3 1.679828 -0.757287 6.082836 -0.379466 -1.512336 -3.062357 -0.017106 -0.063287 -2.585790 0.924062 2.085950 -0.340155 -0.510555 -1.544338
13 0.188611 0.230123 -0.853259 -0.934584 1.082660 -1.099711 -0.305355 -0.078076 0.169049 -0.115416 -0.102270 -0.146418 3.030035 -1.065388
3 -2.038847 -2.642936 28.273765 -2.180003 -2.049509 -2.186329 -2.048668 -1.793288 -2.111256 -2.072474 -2.729557 -1.921501 -2.393362 -2.106034
6 -3.544978 -3.371352 -1.116109 0.065575 -2.944703 19.692614 -1.472308 -1.350574 -0.761776 -2.529253 -0.909407 -1.559847 1.642040 -1.839921
12 0.904165 -1.592057 0.377183 -1.155452 1.032181 -0.474287 -0.830397 -0.683638 -0.805860 1.346561 0.667119 2.291349 0.351958 -1.428824
6 -0.600426 -1.645901 0.401245 -0.143208 0.635615 2.442542 -1.488986 -0.407573 -2.240435 1.450850 -0.230606 0.687512 -0.872822 2.012194
13 0.000613 -0.947664 -0.718958 1.328069 -0.215267 -0.238945 1.248141 -1.702226 -1.175258 0.235888 -0.481338 -0.642733 3.510751 -0.201073
11 -1.665231 3.210343 -0.615816 0.250623 -0.931584 -0.423841 -0.500043 -0.936555 -0.752962 -1.114996 6.294919 -0.749351 -1.229606 -0.835900
13 2.438826 -0.576989 -0.171046 -0.944327 0.395684 -1.222103 -1.084015 0.894131 0.432893 -1.244468 -1.335855 -0.274399 3.072456 -0.380787
14 -0.277017 -1.676861 -0.773362 -1.624491 0.389659 -0.693747 -0.519144 -1.678201 -1.107446 1.183218 -0.719059 0.555772 0.135320 6.805360
1 1.117051 -0.455550 0.122394 0.234391 -0.531411 0.422664 0.063611 -0.839772 -0.354697 0.080115 -0.490368 0.285862 -0.348109 0.693819
14 -0.552315 -2.724672 -0.413522 -0.744040 -0.766220 0.135241 -2.789449 -1.455274 -0.467379 0.100494 -0.644361 0.079572 -1.679180 11.921105
11 -2.858065 -3.914761 -4.186946 -2.287782 -2.364887 -4.189178 -6.708072 -3.749116 -3.105279 -3.719529 42.842630 -1.699810 -0.483097 -3.576108
7 0.204817 -0.102492 -0.815718 0.032366 -0.783735 -0.144972 3.694342 -1.308095 -0.402246 -0.893604 -0.101559 -0.021092 -0.572870 1.214860
6 -1.400810 -0.065971 -0.908253 -0.365797 -0.165770 6.325884 -0.532490 0.289554 -1.220465 -0.795756 -0.036509 0.487581 -1.080009 -0.531190
4 -3.240635 -5.707066 -1.830369 44.357151 -4.352803 -3.783790 -4.232774 -2.395703 -2.745444 -2.937035 -2.618599 -3.308867 -3.843711 -3.360354
4 -3.602197 -4.626296 -3.124456 45.945760 -4.055935 -3.617876 -3.384310 -3.079665 -3.416359 -3.225790 -3.390588 -3.499929 -4.086975 -2.835383
4 -2.458955 0.272898 -3.175678 25.170991 -2.230254 -2.153979 -1.237853 -0.502046 -3.848549 -2.146366 -1.472414 -2.802802 -3.480890 0.065898
7 -4.876050 -2.523367 -4.236214 -4.577654 -5.797775 -3.725181 58.730621 -5.543463 -4.113777 -4.769471 -5.663322 -4.115942 -4.917371 -3.871033
7 -6.269095 -4.517049 -5.444786 -5.694633 -5.529696 -6.866010 68.933559 -5.625334 -5.493727 -4.596092 -3.791316 -5.868110 -3.654863 -5.582845
7 1.944792 -1.377155 0.903952 -0.229230 -1.104970 -0.958748 4.420459 -0.949618 -0.913043 -0.408112 -1.002830 0.290778 -0.147685 -0.468590
7 -5.369411 -7.253419 -5.958625 -6.662667 -6.450498 -6.319273 80.682341 -5.900583 -5.860526 -5.731585 -5.568087 -6.078023 -6.283423 -7.246222
7 -4.637311 -4.486167 -4.442435 -5.015058 -4.556303 -5.210117 57.656886 -3.984590 -4.722948 -3.990613 -4.061466 -4.572646 -4.304378 -3.672853
6 -0.912981 -1.007590 -0.861717 -1.901774 -1.739591 19.719228 -0.890442 -1.467906 -2.296244 -1.355242 -1.495787 -1.722034 -2.506390 -1.561530
9 -0.915150 -0.133256 0.471779 0.877767 -0.260916 -0.222423 -0.435161 -0.019154 1.571918 -0.788965 0.576724 -0.207359 -0.899940 0.384135
10 0.479675 -0.218673 1.545315 -0.389685 0.630736 1.341010 -0.194016 -1.549178 -1.370491 2.136317 0.969262 1.101118 -2.980181 -1.501210
8 -0.859813 0.739551 1.228673 -1.090455 0.419959 -0.540074 0.542048 3.698628 0.200957 -2.529165 -0.449070 -0.934175 0.256537 -0.683600
2 -1.225379 2.300975 -1.658220 1.364768 -0.452299 -0.729845 -0.093655 2.063824 -0.737748 -0.405419 1.114475 -1.012151 -0.060818 -0.468507
13 -0.047180 -0.927731 0.173702 0.118559 -1.804279 2.262798 -1.501841 -1.135389 -0.686891 0.321463 -2.169188 -1.114029 6.468344 0.041664
4 -5.111773 -3.677091 -3.881964 45.704944 -4.530649 -4.004421 -1.159920 -3.008181 -1.601201 -4.074801 -4.406901 -3.937517 -1.499549 -4.810975
4 -4.529868 -5.453061 -2.448011 44.988486 -4.026293 -4.247915 -3.683423 -3.600722 -3.464386 -1.795899 -3.509293 -3.154096 -1.549629 -3.525888
4 -4.476999 -4.957721 -2.611229 45.764880 -4.814589 -3.362969 -2.851241 -3.979873 -2.820433 -2.688981 -3.200546 -2.676465 -4.822311 -2.501522
11 0.087175 -0.302166 -0.269494 -0.803970 -0.888378 -0.084886 -1.339850 -0.166855 -0.477959 -0.830495 5.550485 -0.460648 0.677657 -0.690615
7 -0.466289 0.339170 -0.346416 -0.817322 0.388866 -0.837453 2.265467 -0.008512 -1.109588 0.007138 0.857919 -0.463242 0.473860 -0.283599
3 -0.485053 -0.708747 3.557935 -0.702743 0.556426 0.197643 -0.950237 -0.891279 1.683005 -0.918871 0.280262 -0.611161 0.229054 -1.236233
4 -3.834519 -3.067067 -2.952060 45.874725 -4.109586 -3.779558 -2.667409 -2.726425 -4.539613 -3.990816 -1.484000 -4.931810 -3.815594 -3.976268
5 -2.509965 -2.070539 -1.281437 -1.117541 23.831208 -2.844921 -2.066449 -1.194022 -2.605537 -2.179730 -1.336726 -0.876459 -2.620571 -1.127311
13 -0.768525 0.440717 -0.687128 0.503645 -0.318450 1.802273 -0.619289 -0.447129 -0.288739 -0.878662 -0.979730 -0.928353 2.425012 0.744359
9 -0.172126 -0.433285 0.267373 0.356428 -0.021254 -0.306936 -0.245368 -0.190409 0.660584 -0.234952 0.002726 -0.156388 0.083242 0.390365
11 -2.689836 -2.083026 -1.228156 -3.211077 -2.980854 -2.095933 -1.775809 -2.885171 -1.731273 -3.800578 30.900501 -0.812496 -2.193283 -3.413010
11 -4.421568 -2.211982 -3.080045 -2.054642 -3.061629 -2.602885 -3.001096 -2.587990 -3.104827 -3.639401 38.372004 -2.744031 -2.952348 -2.909561
11 1.798521 -0.857353 -2.557549 0.017624 -0.903433 2.457061 -1.733988 0.236208 -2.767484 -1.587953 6.679949 0.750785 -0.875809 -0.656580
6 0.564585 -1.336825 0.780411 -2.103661 0.665979 1.790325 0.014600 -0.730393 0.203522 0.708596 -0.776864 -0.051322 -0.142219 0.413265
1 31.164789 -1.673952 -2.402036 -3.248710 -2.261114 -2.798828 -2.499809 -2.219486 -2.921733 -3.923870 -3.015599 -2.869977 -1.159572 -0.170102
13 -0.566768 -0.738112 0.308231 -0.319970 -0.995093 -0.493355 0.401275 -0.818384 -1.838756 -1.171338 -0.242198 -1.079011 7.179232 0.374246
3 0.601942 -1.222760 6.725442 0.865860 -0.542584 -1.419504 -1.843891 -1.319152 1.047519 -0.024710 -1.873631 -1.284860 -0.678686 0.969016
4 -3.407794 -3.283637 -3.413516 46.359031 -3.811679 -4.758490 -3.747718 -2.930090 -4.800894 -3.324291 -3.237146 -3.881346 -3.601937 -2.160494
4 -1.658383 -2.131659 -2.345500 45.602832 -3.736665 -2.854926 -3.907231 -2.912301 -5.532932 -4.785805 -2.586976 -3.693165 -5.299228 -4.158060
2 -1.344802 11.230341 -0.374349 0.300915 -0.063106 -0.837201 -1.154760 -2.065304 -2.264935 -1.315369 -1.634324 -0.908277 -0.918143 1.349315
3 -0.891387 -0.527739 1.786039 1.302898 -0.180874 -1.097203 -0.787349 -0.975166 -0.322141 0.969288 0.150772 0.260782 -0.304748 0.616828
1 0.000000 0.000000 0.000000 0.000000 0.000000 0.000000 0.000000 0.000000 0.000000 0.000000 0.000000 0.000000 0.000000 0.000000
2 -3.386784 11.773601 -0.441051 -0.152701 -0.433631 -0.587540 -0.941589 -0.630806 -1.669417 -0.654407 0.042750 -1.323011 -1.242401 -0.353012
13 -0.177562 -1.159547 0.439172 0.348126 0.264633 -0.992498 -0.783901 -0.713342 -1.725267 0.816917 -0.537401 -0.330035 4.189703 0.361002
1 32.165270 -3.904879 -2.127582 -1.109321 -2.257997 -1.938472 -2.058611 -1.577953 -2.344085 -3.820595 -2.582886 -3.303812 -3.165021 -1.974054
7 -6.063880 -5.861854 -5.720657 -5.679451 -6.263885 -6.132808 78.748856 -6.701931 -6.688139 -5.800617 -4.506838 -5.901217 -6.133045 -7.294532
6 -6.384080 -4.925994 -4.323057 -4.168034 -4.984268 58.122708 -5.389732 -2.729258 -3.578060 -5.344607 -3.832571 -4.484520 -3.962887 -4.015639
4 0.737521 -1.535647 -1.057423 1.192305 0.046592 0.591184 0.372486 0.372680 -0.921243 0.295953 0.293063 -0.256826 -0.653118 0.522473
13 -0.564714 -0.548522 -0.312608 -1.149003 1.449913 2.274377 -3.842053 -1.704558 -0.019136 1.620487 1.179223 -0.957509 3.040139 -0.466034
1 32.536630 -2.669777 -3.032014 -2.874366 -2.371977 -1.838834 -2.736552 -2.606617 -2.906540 -2.151144 -1.937961 -2.966851 -3.409274 -1.034721
3 -0.769964 -0.269608 2.133260 0.145802 -0.348474 -0.819549 0.661109 -0.368267 -1.242036 0.072734 0.963001 -0.397241 -0.946096 1.185329
10 -0.050111 -0.915542 2.433020 -1.456163 -0.208144 -0.856588 -1.280469 -0.652599 1.218463 3.913354 -0.076117 -0.404537 -1.792160 0.127594
1 3.074063 0.387441 -1.417824 0.577134 -0.035669 0.160871 -0.900860 -0.910363 -1.023526 -0.444072 0.207009 -0.567861 0.354869 0.538789
8 -0.201377 -1.004009 -0.110656 -1.238274 1.856348 -0.594888 -0.741154 3.848991 -0.405558 -0.182321 0.435774 -0.642744 0.158524 -1.178657
7 -4.879131 -4.654668 -3.475154 -4.035837 -4.363329 -4.969343 54.407190 -3.879890 -5.435545 -5.508694 -4.195915 -4.710897 -0.149597 -4.149187
8 0.000000 0.000000 0.000000 0.000000 0.000000 0.000000 -0.019800 0.439473 -0.284905 0.000000 -0.047836 0.000000 -0.086930 0.000000
11 -0.290623 0.458235 -0.452919 -1.067340 0.239084 0.546674 -0.967442 -0.703387 -0.713422 -1.155217 5.105568 -0.449181 -0.540036 -0.009994
10 0.400230 -0.682130 0.117398 -0.713321 -0.802887 0.069485 -1.607308 -0.674120 -0.960630 5.041814 -0.080994 0.388312 -0.302840 -0.193010
14 0.123927 0.067708 -0.256516 -1.345827 -0.121163 -0.149697 0.635719 -0.302087 0.818844 -0.876076 -0.804686 1.065845 -1.060705 2.204713
13 -0.817425 -1.129388 1.590520 -0.660520 -0.164491 -0.067574 -0.303001 -0.436294 -1.210194 -0.393959 -0.420533 -0.495464 5.045447 -0.537126
2 13.431947 19.138913 -4.501597 -3.391226 -2.817635 -1.285188 -3.882157 -2.693354 -2.834402 -3.410414 0.209617 -3.207446 -2.155063 -2.601995
6 0.014599 0.000000 -0.318417 -0.447044 -0.398317 1.343326 0.004266 -0.132899 0.135935 -0.107958 -0.247206 0.197343 0.413887 -0.457517
2 -0.603705 12.208033 -1.582523 -1.316585 -0.444758 -0.687027 -1.651329 0.519759 -0.733456 -1.430323 -0.511740 -2.265353 -1.127524 -0.373471
4 -0.696004 0.349357 0.164644 0.744586 0.128885 -0.084868 0.126639 -0.096127 -1.084915 0.124930 0.503335 0.058741 -0.714477 0.475275
4 -4.718940 -5.733698 -5.273924 44.227626 -5.852505 15.557632 -5.378401 -3.912405 -4.608524 -4.741194 -5.512232 -4.794923 -4.222097 -5.036412
1 54.703851 -4.620042 -3.999815 -4.166271 -4.184784 -4.275743 -4.386854 -4.442891 -3.321448 -4.211659 -3.720809 -4.250829 -4.621787 -4.500918
1 53.957067 -3.005482 -4.633248 -3.808648 -4.112293 -3.377725 -5.343697 -4.252913 -4.199619 -3.738063 -3.090038 -5.111325 -4.548567 -4.735449
1 35.189386 -2.835583 -3.187153 -3.670538 -3.759851 -2.773539 -2.193103 -2.135102 -2.138564 -2.122955 -2.194037 -1.903842 -2.438310 -3.836808
8 -1.710014 2.087237 -0.656346 -1.625752 0.841106 -1.753518 -1.052240 2.837299 2.041428 0.630849 2.323858 -2.874055 0.294644 -1.384494
4 -3.557404 -3.960797 -3.677083 48.924330 -4.668459 -3.172902 -4.025142 -3.607678 -4.507400 -3.353059 -2.943291 -3.974891 -5.058032 -2.418192
7 -0.166730 -0.643900 -0.538549 0.122347 -0.311692 -0.483567 1.982662 -0.264954 0.798937 -0.802082 -0.113067 -0.390539 0.184603 0.626531
2 -1.971424 15.247767 -1.108496 -0.966816 -1.970372 -0.844094 0.361240 -1.138154 -0.576262 -0.437870 -1.480544 -1.191029 -1.514675 -2.409271
1 4.057240 -1.164963 0.107144 0.439437 0.166777 -0.350262 -0.550758 -0.365208 -0.599289 -0.537459 0.073347 0.395899 -0.914091 -0.757817
10 0.916986 -1.063496 -0.692633 -1.994919 -0.710554 0.965969 2.642544 1.028071 -1.647875 3.091409 -0.507398 -1.324459 -0.432672 -0.270972
13 -0.172186 0.504459 0.038418 0.274831 -1.244189 -1.313618 -0.456253 -1.172344 1.025290 -0.425743 0.418063 0.708556 1.265855 0.548862
9 -0.257366 -1.219775 0.308662 -1.434609 1.593655 1.342267 -1.654092 -0.939126 3.961078 0.046670 0.014335 -1.085782 0.170648 -0.846566
9 -1.006800 -0.966111 0.714164 -1.734226 0.375629 0.125065 -0.669158 0.859858 2.638507 0.540720 -0.063420 -0.994359 0.521692 -0.341561
5 -0.568947 -2.829602 2.480519 -1.181007 11.070509 1.033692 -0.462274 0.735243 -1.174543 -1.856118 -2.178823 -1.070319 -3.459932 -0.538399
4 -2.479109 -3.983828 -3.262915 46.732660 -4.653131 -3.743882 -4.200194 -2.957386 -3.530243 -4.299386 -3.256907 -3.262436 -3.419773 -3.683470
4 -4.393183 -2.737641 -2.551204 46.068181 -2.953716 -3.950331 -2.881719 -3.704250 -3.010144 -3.733945 -4.570196 -2.682616 -4.690133 -4.209103
4 -3.258560 -4.094007 -2.599503 49.890287 -4.504675 -4.016788 -5.500940 -3.957647 -4.860182 -1.243811 -3.276853 -3.283164 -5.894681 -3.399476
4 -2.593440 -1.922315 -1.713252 26.673469 -2.196307 -2.403762 -2.139341 -1.407271 -2.626069 -1.776197 -1.547049 -1.875204 -2.723179 -1.750084
4 0.598795 -2.109756 -1.062544 4.246438 -0.632683 0.820360 -3.047546 1.438124 0.745911 -0.389984 -1.476471 -0.054808 0.535345 0.388819
1 30.383582 -3.272796 -2.548408 -3.234636 -2.577080 -2.151259 -3.687764 -1.167377 -1.936998 -1.480927 -2.387419 -1.381843 -2.022741 -2.534333
7 -0.299355 -2.710191 0.470375 -1.128203 -0.792100 0.552364 4.938831 -0.377321 -0.743304 -0.002140 0.280775 0.362173 -0.009477 -0.542428
8 -0.333189 -1.801765 -0.981365 0.670226 -0.350552 -0.500550 -1.365913 8.172339 -1.070202 -0.196311 -0.829317 -0.743133 0.171385 -0.841652
1 34.738145 -3.185899 -2.708849 -2.592000 -2.372149 -4.384851 -3.745192 -2.804483 -1.647072 -3.709253 -2.374156 -2.576868 0.352952 -2.990324
1 34.386280 -2.654358 -2.410730 -0.011371 -3.091164 -3.672865 -2.160735 -3.863869 -1.656220 -3.573943 -2.760268 -2.761574 -2.362105 -3.407077
3 -1.142671 -2.041088 5.237848 2.077824 -1.318357 -0.719083 0.556168 -1.404567 -0.491494 -1.005923 0.517205 0.318319 -0.034868 -0.549313
3 -0.949522 -0.797877 10.767196 -1.126891 -1.648459 -0.609588 -0.002842 0.819153 -0.125275 -0.572013 -1.212395 -1.490220 -1.364061 -1.687205
1 21.806696 -2.195243 -2.308030 -1.731026 -1.279591 -1.621627 -1.748740 -1.431448 -0.144369 -2.234959 -0.753898 -2.647258 -1.560781 -2.149725
3 -1.435601 -1.364077 25.025720 -2.390299 -1.497028 -1.981909 -1.741123 -1.344759 -1.885268 -2.125729 -1.555192 -2.044142 -2.798149 -2.862444
14 0.290419 -1.253452 -1.216064 -1.111704 0.797810 0.416955 -0.046384 1.115855 -1.647995 0.595734 0.113109 0.262460 0.147226 1.536031
14 -1.138805 -2.587597 -0.185590 0.017227 -0.379930 -0.284741 -0.461977 0.088913 -2.390808 -0.660237 0.028698 -1.303215 -1.353902 10.611965
8 -0.872346 -0.314525 -0.578949 0.430847 -1.691360 -1.830298 2.758220 8.169900 -1.197968 0.807876 -1.546499 -1.369852 -1.308865 -1.456179
3 0.031565 -1.806230 11.836584 0.624855 -0.812303 -0.970371 -1.057349 -2.166084 -0.098067 -1.051217 -0.662715 -0.708905 -2.084022 -1.075741
6 -2.674591 -1.927205 -1.898860 -1.625597 -2.587472 23.384440 2.713431 -2.759130 -1.807933 -2.348783 -1.907005 -1.666505 -2.789508 -2.105280
13 -0.147414 -1.917823 2.213272 -1.927681 -0.850052 0.315382 -1.340395 -1.940844 0.762070 0.776923 0.275112 0.703297 2.912007 0.166147
3 -1.363726 -2.427043 18.909686 -2.795160 -2.194839 -1.252432 -1.688596 -1.741463 -0.857575 -0.978412 -1.030417 0.108048 -1.839757 -0.848314
14 0.243883 -0.413818 0.194575 -0.234765 0.145648 -0.211588 -0.416990 -0.074794 0.464306 -0.453256 -0.144798 0.170132 0.152016 0.579451
11 -1.372667 -1.324548 -1.090732 -0.479472 0.282764 -1.295518 1.795587 0.100186 -0.780074 -0.645033 5.817830 -1.158359 -0.780564 0.930599
11 -1.944077 -0.513719 -1.088477 1.476140 -1.159512 -0.427053 0.096113 0.106781 0.138049 0.605753 4.442296 0.409415 -0.637473 -1.504236
11 -3.711261 -4.159271 -3.115525 -1.826724 -3.186663 -4.027135 -3.666825 -2.535977 -3.427659 -3.643768 42.139361 -3.163612 -3.250684 -2.424257
11 -1.471355 0.087244 -1.017954 -0.140180 0.579566 -0.467499 -1.190113 0.016532 -2.437920 -1.863377 9.631098 -0.431298 -0.799757 -0.494985
1 34.273167 -2.564925 -0.488005 -3.165932 -1.980139 -2.035887 -3.571002 -2.503015 -3.103008 -3.394301 -3.924348 -2.371010 -2.998100 -2.173494
5 -0.923622 -1.572091 -1.300369 -1.167676 16.869608 -1.084403 -1.057842 -2.202246 -2.395650 -0.488114 -0.603433 -2.192383 0.112495 -1.994274
4 -4.200278 -2.724337 -4.762152 49.223017 -2.326655 -3.313351 -4.127813 -3.496741 -3.277855 -3.161250 -5.118364 -2.720102 -5.199099 -4.795020
7 -5.478825 -4.391780 -5.092492 -5.545746 -4.563543 -5.905719 68.675618 -5.694891 -5.342433 -4.396398 -7.403066 -5.411537 -4.301314 -5.147873
3 1.073183 -1.369992 2.112708 -0.532591 -0.192093 1.393828 0.402223 -0.285559 0.488502 1.620961 -1.250191 0.148753 -4.063295 0.453563
5 -2.127784 -0.071673 -0.992408 1.237004 13.428062 -0.430325 -1.020804 -1.162581 -1.651717 -1.460409 -1.419619 -1.312353 -2.444411 -0.570982
4 -2.063762 -3.422306 -3.529843 46.148043 -3.363288 -3.778274 -3.658401 -3.217970 -3.686018 -1.306098 -4.582468 -3.325645 -4.868402 -5.345565
6 -4.512081 -4.692226 -5.389341 -5.164515 -4.368620 60.598580 -4.378945 -4.477638 -4.376093 -4.498085 -5.045724 -4.701163 -4.608735 -4.385411
8 -1.571577 -1.188453 -0.047879 -0.290909 -0.234468 1.230313 -0.317912 4.205026 -0.747367 -0.658988 -1.273014 1.915956 0.595389 -1.616118
6 -3.614319 -2.990981 -2.485950 -2.894403 -2.748628 40.698311 -3.212064 -3.410705 -3.263037 -2.634592 -2.763117 -3.339879 -3.938055 -3.402581
6 0.142240 -0.786875 -0.803799 -0.583222 -0.788532 3.902762 0.288556 -0.805496 1.961416 -1.126984 -0.735242 -0.062185 -0.683386 0.080747
11 1.326956 0.538137 0.924706 0.193922 -1.065547 -0.370418 0.762984 -0.264440 0.898841 -0.379285 1.328971 -0.915394 -2.019764 -0.959668
13 -0.210718 -1.711323 -0.564039 -0.257636 -0.608931 -0.962230 -1.542033 -1.109142 2.349537 -0.212950 -1.395397 -1.096534 8.522099 -1.200701
13 1.508489 0.597897 0.083571 -0.792222 -0.913182 -0.065597 -0.697304 -1.105651 -0.737323 -0.270323 0.537623 -0.216144 3.098923 -1.028756
14 0.003549 -0.524653 -0.261881 -0.305156 0.095066 -0.015129 -0.423033 0.919955 0.010630 -0.574778 -0.159540 -0.267936 0.022006 1.480898
9 -1.958664 -0.924458 -1.085824 -1.359346 1.732402 -0.315602 -0.005348 -0.526274 5.219535 0.332856 -0.459486 -1.243629 0.505367 0.088474
1 3.016160 -2.435852 0.750706 -0.650383 -1.467336 -0.936601 -0.167493 -0.901891 -0.329453 -0.110326 0.832035 2.623189 -0.330113 0.107358
4 -3.983319 -4.517923 -3.285104 45.387460 -4.292014 -3.721135 -3.495957 -2.119062 -2.503236 -4.178551 -3.867533 -3.206684 -3.652428 -2.564512
14 0.996782 -1.797352 -0.344489 -1.052587 0.229716 -0.073023 -0.207538 -0.002332 -0.172782 -0.704222 -0.727829 0.508898 1.295794 2.050963
4 -3.228977 -3.274575 -3.375956 30.342828 -2.744050 0.991404 -2.862128 -3.724366 -4.229413 -2.208996 -0.985453 -2.035198 -0.110500 -2.554621
4 -4.255881 -3.053835 -5.214048 52.697499 -4.823904 -3.253749 -1.966040 -3.344668 -4.969466 -5.003872 -3.108377 -4.997310 -4.889311 -3.817037
3 -2.913769 0.079964 26.986194 -3.138735 -2.075299 -0.693809 -1.205780 -2.618475 -1.235979 -2.538347 -1.344438 -2.085135 -3.289177 -3.927215
3 2.248116 -0.239879 3.478169 1.228059 -1.868655 -0.093897 -1.477918 -0.042022 -1.502579 0.272301 -0.039245 -0.564858 -1.017856 -0.379736
8 0.316910 0.665343 -0.878344 -0.089084 -0.689063 -0.356681 -0.507480 0.705603 0.695886 -0.256753 -0.374071 0.432001 0.699641 -0.363908
11 -0.286046 -0.223874 -0.013737 0.125526 0.554060 0.672056 -1.153114 -0.146246 -0.988013 0.684507 0.769762 -0.546370 0.078231 0.473258
13 -1.316638 -0.232725 0.662249 1.285275 0.284967 -0.735850 0.693138 -0.477594 -0.606938 -1.359124 0.123616 -0.150942 1.505356 0.325208
14 -0.373630 1.193435 -0.931297 -0.050327 -0.457726 0.386134 -0.144904 -0.044875 -0.288263 -0.256620 1.185620 -1.383337 -0.785257 1.951046
14 -1.885635 0.403812 0.429787 -1.343962 1.771978 0.746856 0.943266 1.727850 -2.488172 -0.919224 0.996348 -0.311936 -1.976918 1.905951
4 1.643122 -2.008954 -0.992563 1.992162 -0.701481 -0.571385 -0.054122 0.049142 -0.382411 -0.481526 -0.248568 0.212168 1.163920 0.380496
6 1.185065 -1.723790 0.308494 -1.268041 0.360496 1.366625 -1.064756 1.356666 -0.593962 0.578556 -0.857593 -1.463815 0.748152 1.067901
4 -2.944006 -4.675710 -3.114579 45.088654 -4.511941 -3.387394 -4.162804 -1.707425 -1.964171 -5.062446 -3.299602 -3.933238 -3.773754 -2.551584
4 -3.588128 -4.677103 -3.148639 46.116404 -3.906209 -3.888217 -3.431652 -2.484443 -3.697701 -3.356359 -3.544519 -3.390671 -2.981639 -4.021122
1 1.586273 0.236878 0.268844 -0.467253 -0.597242 0.725649 -0.062199 0.266406 -0.318389 -0.410701 -0.398106 0.070690 -0.835757 -0.065093
12 0.512421 1.444040 0.104570 -1.896247 0.971242 0.190522 -1.894184 1.515243 -2.202655 -0.760454 -1.197588 3.757939 0.098627 -0.643475
1 16.887795 -0.497003 -0.326419 -1.440915 -3.378056 -0.378124 -2.257778 -1.576937 -0.916554 -1.200713 -1.470297 -0.522924 -2.006086 -0.915989
14 0.219754 -1.226551 0.031033 -0.559547 -0.729049 0.645976 0.124542 -0.717336 0.935328 -1.612014 -1.712389 -0.189433 0.270626 4.519059
10 1.802121 1.370886 0.444217 -1.029854 -0.329808 -0.096165 -0.792959 -1.004263 -2.354972 2.108955 0.914324 0.609715 -2.390417 0.748220
4 -1.897017 -3.965311 -2.230420 28.026035 -3.072070 -2.314458 -1.563912 -1.680368 -2.326370 -1.206431 -2.648238 -0.897967 -3.681140 -0.542333
5 -1.398345 -1.227754 -1.483032 -0.215049 16.529582 -2.206479 -1.805292 -2.013753 -0.722072 -1.365089 -0.720806 -0.637725 0.205049 -2.939236
4 -3.280179 -4.470399 -4.329506 48.239107 -2.748456 -4.905529 -4.411398 -3.274071 -3.925037 -0.284198 -3.466583 -3.374414 -6.173470 -3.595866
14 -0.046126 -2.362848 -0.594455 -1.374974 -0.513274 -0.242438 -0.407556 -0.912140 -0.263927 -0.810458 0.143671 -1.954382 -0.256934 9.595843
2 0.377683 0.462702 -0.287645 -0.204833 0.461707 0.080048 0.004488 -0.452459 0.037768 -0.142010 -0.278781 0.003698 -0.027406 -0.034961
7 -0.475529 0.082238 -0.549567 -0.639586 0.312214 0.422668 0.477745 0.308766 -0.087144 0.000929 -0.018946 -0.064399 -0.103779 0.334391
4 -3.610591 -4.823272 -3.802756 46.006089 -4.769624 -2.849554 -1.048021 -1.831558 -3.802037 -3.241456 -4.102128 -3.422236 -3.749976 -4.952880
10 1.186572 -4.065396 2.457476 -1.657105 -1.235587 -0.191612 -0.524367 -1.198374 -0.107380 4.675053 -0.379276 3.934357 -2.127996 -0.766365
14 -0.296220 -1.548392 -0.223645 -0.987472 0.783410 0.313457 -0.715304 -0.662536 -0.512857 1.586979 0.070346 -1.357988 0.232451 3.317772
6 -4.130879 -2.225506 -2.251922 -2.062031 -2.893851 34.336962 -3.551828 -3.154881 -1.290188 -2.112297 -2.319779 -2.650219 -2.445896 -3.247684
13 -0.749158 0.303682 -0.603970 -0.539932 0.456601 1.114818 -1.506693 -1.200193 0.862651 -0.538066 -0.167070 0.857611 2.031173 -0.321454
4 -0.207023 -0.486580 -0.233046 0.841100 -0.114208 0.341586 0.247905 -0.884375 0.197565 0.139908 0.789778 -0.614984 0.308202 -0.325828
4 -5.372428 -4.164313 -4.162274 48.162019 -4.937476 -0.746072 -3.435320 -2.202256 -4.407656 -4.750021 -3.502161 -2.796945 -3.812201 -3.872896
10 -2.426040 -1.081528 -1.124189 -0.529958 -0.344784 -1.233029 -2.440509 -0.383890 0.093261 14.074066 -1.433238 -1.596966 0.548379 -2.121575
8 -0.404060 0.847682 -0.419010 -1.217040 -0.783982 -1.155573 -1.886758 7.273770 -0.528961 3.191850 -1.598432 -1.110909 -1.032444 -1.176132
8 -0.953565 -0.324599 0.464785 -0.603717 -1.484946 0.255995 -0.949110 6.227223 -0.241251 -0.285450 -0.898925 -1.030949 0.178827 -0.354317
1 31.152984 -3.679728 -1.798089 -0.013025 -1.488179 -4.295728 -2.941923 -3.070130 -1.045800 -3.380238 -2.186961 -4.225511 -1.444246 -1.583425
4 -2.140878 -0.389778 -2.075453 26.001934 -2.613883 -2.616680 -3.716668 -1.024260 -2.391461 -2.022088 -1.564322 -2.941817 -0.565864 -1.938783
5 -0.438877 -2.164847 -0.628849 -0.939165 12.818566 -1.787616 -2.179230 0.539601 -1.066260 -1.219768 -2.076307 -1.649267 1.852764 -1.060743
11 -2.860030 -0.579233 -2.873802 -0.927459 -1.367894 -3.347673 -2.002319 -2.910907 -3.130579 -1.801447 31.953488 -3.488121 -3.344693 -3.319333
14 -0.266683 0.126867 0.566820 0.946976 -0.134657 -0.560786 0.692740 -0.128361 -1.393823 -0.268984 0.469143 0.010126 -1.078453 1.019075
1 1.700621 -2.081364 -0.105910 -0.461396 -0.527252 0.297589 -0.045491 0.279760 1.093531 1.631083 -1.759306 0.798613 -0.146051 -0.674428
8 -0.601772 -1.234812 -1.187167 0.491795 1.585286 0.837249 -0.638567 2.620263 0.723947 -0.307730 -0.487938 -0.491264 -0.807756 -0.501534
5 1.225866 -0.181353 0.033001 0.603820 1.995619 -0.139173 -1.058388 1.420991 -0.894532 -1.260753 -1.974028 0.206122 0.812592 -0.789786
4 -0.361959 -2.358086 -0.181879 4.139859 1.496935 0.507117 -1.575513 -0.654888 1.008846 -0.956631 -1.015366 -0.417037 0.547154 -0.178551
1 3.046155 -0.183725 -0.715352 -0.981044 0.457101 -1.526691 0.074047 -0.288809 -0.489909 0.762119 -0.144558 -0.420932 0.361386 0.050213
4 -4.495785 -5.235684 -2.382177 46.944899 -4.299845 -3.583338 -4.387198 -2.110688 -2.694031 -4.013850 -3.739179 -3.104953 -3.829474 -3.068694
7 -2.164312 -0.492026 -2.286173 1.612576 0.620666 0.638490 2.504489 0.758131 -1.714915 -0.524004 1.181563 0.439962 -0.630529 0.056080
13 -0.457628 1.362014 -0.504625 0.681786 -0.858643 0.340572 -2.035158 -0.928027 -0.072941 1.883293 -1.179318 -0.501616 1.943175 0.327115
1 18.756190 -3.956261 -0.917373 -1.313276 -1.521372 -1.470587 -2.483118 -2.884625 -0.631845 -0.263804 -1.754457 2.213927 -2.755303 -1.018095
6 -1.532444 -1.852420 -3.100129 -2.471053 -1.527363 26.191607 -1.964638 -1.694228 -1.691384 -3.105403 -0.877242 -3.002990 -2.011761 -1.360550
3 -0.662055 -1.791562 5.872293 -2.176860 0.739327 -0.163800 0.328845 -1.016420 -1.083734 -0.236157 -0.698189 1.126441 0.172443 -0.410573
5 0.142494 2.089419 -3.434267 -1.069217 12.797958 -2.508411 -1.408040 2.095944 -1.592553 -1.727413 -2.955436 0.423222 -0.533882 -2.319819
8 -2.097596 -1.429312 -1.048481 0.931674 -1.147363 0.637940 -1.584741 10.740195 -1.632357 -1.690829 -1.169458 0.547503 -1.108803 0.051629
14 -0.574398 -0.372570 0.429517 -0.704683 0.656564 -1.063624 -0.091062 0.138144 -0.281483 0.541554 -0.143756 -0.071566 0.398517 1.138846
1 1.918816 0.667393 0.110889 -0.271988 -0.137127 -0.248250 0.405561 -0.008259 -1.342806 0.353998 0.661061 -0.134462 -1.154520 -0.820305
6 1.903847 -2.037993 -2.472602 0.345446 -1.191009 10.329469 -2.539370 -1.334211 0.382529 -1.883642 -1.479146 1.524265 -0.265256 -1.282327
12 -2.150357 0.201385 -0.678750 1.537274 -0.424476 0.374878 -1.261962 1.827292 -0.361200 -1.712654 -0.423666 2.329320 0.962660 -0.219742
3 -0.122320 -0.951360 9.868192 -0.313983 -0.627636 -0.626132 -0.542403 -0.843367 -0.856853 -0.577634 -1.633468 -1.329385 -0.746118 -0.697534
12 0.380701 -0.078821 0.236627 -0.713732 -0.335595 -0.612846 1.068887 -0.335206 0.768216 -0.312884 -0.330612 1.386538 -0.628058 -0.493213
14 -0.176696 0.332043 -1.222699 -0.316928 -1.112055 1.339863 -1.576125 -0.509712 0.165012 0.924395 -1.766620 1.266305 0.705950 1.947267
6 0.526999 -0.515761 -0.089765 -0.836554 0.486493 1.609507 -0.809280 -0.072274 -1.449572 0.040055 0.396947 -1.046829 0.525177 1.234859
11 -1.061330 -0.702847 -1.756125 -1.111289 -1.504914 -2.579975 -2.496734 -0.747583 -1.133125 -0.269891 16.139754 -1.106481 -1.727295 0.057838
13 -0.139750 0.531397 0.216068 -0.003428 -0.186766 -0.245718 -0.196905 -0.477554 -0.533630 0.540432 -0.397036 -0.368644 1.198626 0.062909
14 -0.434278 0.052386 -0.336191 -0.394256 -0.363202 -0.348894 -0.480556 -0.780205 0.364093 1.081892 0.152239 1.116701 -0.861199 1.231471
1 57.778127 -4.724737 -4.208218 -4.189232 -4.199344 -4.786748 -5.908522 -4.245938 -4.484201 -3.874205 -4.605656 -3.659812 -4.217374 -4.674139
12 0.402758 -0.549880 -0.800567 -0.694601 0.291475 -0.486474 1.085424 -1.207941 0.233011 -0.389141 -0.315825 1.734124 0.229771 0.467869
10 0.329427 -1.875076 1.193425 0.381017 -0.156099 -0.453899 -1.007875 -0.170276 -1.082286 1.352863 0.473543 1.128778 0.969909 -1.083451
3 -0.452448 -0.859710 1.861515 -1.074441 0.268867 -0.158315 0.322444 0.573105 -0.465599 -0.993003 -0.520388 0.414202 0.838050 0.245720
1 30.677118 -2.759782 -2.097263 -2.499544 -2.787418 -3.505830 -2.327086 -2.387835 -1.353300 -2.838687 -1.308374 -2.846296 -1.628046 -2.337657
1 21.378592 -2.863842 -1.425893 -1.995451 -0.504998 -0.706446 -2.729776 -0.773116 -1.832145 0.715137 -2.383696 -2.453280 -3.050645 -1.374442
13 -0.969176 1.163877 -1.017019 -0.556037 0.540482 -0.483999 -0.294502 -1.116996 -0.743596 0.812246 -0.063594 0.954562 1.185137 0.588616
6 -0.344845 0.454601 -0.845746 -1.959742 -0.501519 12.755494 -1.806534 -1.925190 -1.382810 -1.772853 -0.722483 -1.627701 1.242119 -1.562790
5 -2.649569 -0.580990 -0.588366 -1.834917 12.172179 -1.812665 0.405036 1.875883 -2.922908 -0.009437 -1.619561 -2.107967 -2.287745 1.961029
6 0.449315 0.820758 -2.710766 -0.946867 -0.990908 10.096880 -2.447422 0.130795 -0.791137 -0.770536 -1.746848 -1.677337 -0.468329 1.052402
3 0.158243 -2.096059 3.426339 -0.248252 -1.391536 -0.976842 -2.129756 -0.794235 -0.304775 0.204398 1.490953 2.420749 0.957964 -0.717192
2 1.308581 1.800091 -0.859322 -0.870299 -0.649567 1.209765 0.396744 0.825109 -2.158136 -0.564547 -2.141692 1.626637 -0.902345 0.978981
3 -1.341887 -2.100689 18.909686 -2.741456 -2.179054 -1.317349 -1.796237 -1.665126 -1.023359 -1.054734 -0.923682 0.017807 -1.993635 -0.790286
10 0.206802 -0.344978 -0.006824 -1.191507 -0.121064 0.999952 -0.874977 -1.206427 0.651660 2.304823 -0.157112 -0.453814 -0.895454 1.088920
6 0.073232 -0.371767 0.227869 0.659981 -0.746500 1.426216 -0.239540 -0.459901 -0.025185 -0.436751 -0.161663 -0.237235 0.519149 -0.227905
3 -2.276055 -0.450554 7.117690 0.107973 0.584783 -1.505287 -0.387394 -0.835212 -0.407322 0.798883 1.237667 -1.801596 -1.764750 -0.418826
10 -1.400925 0.058969 0.282395 0.033593 -0.649099 -0.604174 -1.973923 -1.176222 -1.011916 11.396884 -1.228979 -0.038346 -2.533546 -1.154709
10 -0.916097 -2.587106 0.153311 -0.335835 1.974411 -0.141953 -0.683031 -1.073155 -1.284546 3.554161 0.638911 1.156433 -1.742311 1.286806
7 -4.677022 -4.895442 -4.831080 -4.814806 -5.220303 -4.891581 65.481421 -4.922180 -4.518010 -4.547405 -7.781676 -4.721445 -4.680348 -4.980122
11 -0.836288 -0.341195 -0.194366 1.037701 -0.829166 0.540836 0.167003 0.736900 -1.840426 -1.508793 2.036254 0.675357 0.199724 0.156460
12 -1.847402 -0.832983 0.364409 0.228802 -0.953874 -0.806611 0.584603 -0.432156 -0.891233 -0.359971 0.827696 6.996442 -2.616523 -0.261198
4 -0.696004 0.349357 0.164644 0.744586 0.128885 -0.084868 0.126639 -0.096127 -1.084915 0.124930 0.503335 0.058741 -0.714477 0.475275
11 -3.056091 -3.697034 -1.104835 -1.696278 -0.057652 -2.378552 -2.764589 -2.817172 0.184357 -2.533795 23.979691 -1.274398 -1.630159 -1.153494
11 -5.331787 -3.194580 -2.909095 -3.176706 -2.978558 -3.092132 -4.589514 -3.051094 -3.932186 -3.638423 45.692999 -3.158781 -3.616981 -3.023163
2 0.210057 2.598256 0.717767 -1.418161 0.350492 -0.842304 -0.248352 1.241613 -2.023027 -0.551193 0.718527 -0.444845 -0.327143 0.018316
3 -1.284998 -2.100689 17.969040 -2.650389 -1.657393 -1.281023 -1.623345 -1.621931 -0.963223 -0.964941 -1.073040 0.047467 -1.981000 -0.814535
11 -1.156986 1.793694 -0.913763 -0.483285 -0.514075 -1.556411 0.938627 0.025651 -1.618265 0.161229 3.380169 -0.310085 0.466781 -0.213282
14 -1.233953 -0.070554 0.707515 -0.080345 0.169966 0.223338 0.057775 -1.095727 -1.933712 -0.718112 -0.330700 0.447518 1.681086 2.175905
11 -1.392497 0.159927 -0.447021 -1.123486 1.208855 -0.931209 -0.152006 -0.213318 -1.554515 0.542941 3.544186 0.282073 0.324112 -0.248043
7 0.692240 0.641555 -1.820143 -0.261818 -0.384610 0.122667 1.418679 0.244412 -0.380353 -1.365381 1.038819 -0.503506 -0.246630 0.804069
4 -0.274961 1.123402 0.023948 2.023604 -0.475709 -0.161788 0.362138 -0.562085 -1.134858 -0.119957 0.359980 -0.308844 -0.581538 -0.273332
10 -0.251496 -0.928736 1.384965 -1.138433 -0.305084 -0.405103 -0.153209 0.405741 0.644145 2.359504 1.685330 -0.170118 -1.702383 -1.425123
11 -3.199163 8.840536 -2.624796 -2.034179 -2.039434 -3.720013 -0.621497 -2.559826 -3.256870 -2.902589 22.437309 -3.323822 -3.178649 -1.817008
10 -0.674063 -0.586891 -0.756420 -0.946843 -0.091282 -0.120680 -0.164649 -0.813616 -0.659371 5.644542 -0.558464 -0.069027 0.809326 -1.012562
11 -1.640957 -1.692882 -3.046174 -1.260896 -0.732114 -1.207293 -4.105745 -1.872078 -3.624672 -0.732038 25.645544 -1.128326 -3.491043 -1.111327
11 -1.774726 -0.796636 -1.324026 -0.705506 -1.048465 -1.192021 -1.583182 -0.279356 -3.201628 -0.107989 14.228590 -0.551096 -1.140654 -0.523305
6 -0.225087 -1.881416 -2.137375 1.093067 -1.155268 15.554127 -1.316147 -1.689361 -2.102437 -2.085491 -1.454025 -0.251115 -1.986666 -0.362805
13 -0.360040 -2.057230 -0.923062 -1.748779 0.098838 -0.777637 -0.032225 -0.626275 0.644136 -1.613576 -0.794874 -0.045964 8.211500 0.025186
5 -1.035088 4.498361 -2.134367 -0.410682 13.298176 -1.523609 -1.415185 -0.111043 -1.716951 -1.676386 -1.735142 -2.363238 -1.309706 -2.365142
2 -1.533765 3.915521 -1.527811 0.023212 -0.734972 0.259627 0.651903 0.434009 -2.547129 0.125964 0.240281 0.303075 -0.811798 1.201880
2 -0.298305 1.599379 -0.208009 0.159368 -0.664114 -1.552964 0.373921 0.679998 -0.918953 0.375886 0.787287 -0.374557 -1.522145 1.563207
14 -0.590208 0.354745 -0.744673 -0.478349 0.063743 -1.126163 -0.522171 0.601106 -2.030635 -2.157441 2.033499 -0.777992 1.079976 4.294563
11 -2.148755 0.268776 -0.457926 0.387524 1.231504 -0.583876 1.021305 0.404721 -1.837722 -0.705120 1.436774 0.973925 -0.875628 0.884497
8 -2.485443 1.847491 -0.860112 2.242323 -0.051513 0.269844 0.046103 2.769263 -1.876491 1.561792 -0.118511 -1.457108 -1.852219 -0.035418
5 -1.034083 0.402591 0.989478 -1.558925 10.619665 -1.084236 -2.599538 0.066923 -1.570067 1.368454 -0.388679 -1.405736 -2.376625 -1.429223
9 0.524823 0.793695 -0.986598 -1.385589 -0.519193 -0.637216 -1.409705 1.381992 2.205912 -0.821227 1.093838 -0.137679 0.358127 -0.461180
12 0.050805 -0.933787 -0.633485 0.736772 -0.331937 -0.169966 -1.815589 -1.110302 -0.349893 1.131556 -0.733633 2.024723 0.763739 1.370998
5 -0.784844 0.148510 0.126430 -0.368656 3.288046 -0.752886 0.580493 -1.213826 -1.315629 0.108634 -0.262232 -0.839401 1.544742 -0.259381
2 -1.341633 8.886195 -0.548933 -0.553161 -0.350214 -0.785882 -0.571217 -0.482688 -1.572740 -0.993366 -0.105246 -0.569971 -0.655225 -0.355916
13 -0.173002 -0.986235 0.139153 0.355822 -0.791968 0.151110 -1.323199 -0.122583 0.004751 -0.596616 0.351268 -1.087602 3.640560 0.438541
14 0.776381 -1.470480 -0.328486 -1.662803 -0.508725 -0.262502 1.080206 -1.097989 -0.960683 -1.189767 -1.925984 -1.098715 -0.150659 8.800207
8 -0.089645 -1.258099 -0.725745 0.478498 -0.834652 -0.841736 0.749514 1.634794 1.496419 -1.506346 -0.457799 0.401129 0.965234 -0.011566
3 -1.836945 0.165337 11.785033 0.200094 -1.687249 -1.288826 -1.044447 -1.141115 -1.098925 -0.499013 0.476684 -0.933383 -2.665008 -0.432236
4 -1.564532 -0.747427 0.522333 1.442666 0.555850 0.390035 0.035299 -0.049235 -0.719113 -0.257243 0.119748 0.291210 0.551390 -0.570980
6 -0.786417 0.643604 -2.064531 -2.347394 -3.832779 25.895210 -2.157757 -1.712660 -3.913590 -4.138824 -1.277588 -2.184363 -1.609113 -0.513795
6 0.228413 -0.367037 -0.821298 -0.613912 -0.730221 3.118845 -0.839899 0.405959 -1.481351 -0.615057 0.053689 0.018338 2.379479 -0.735947
3 0.069481 -0.846468 6.199091 -0.811172 -0.555571 0.952279 -1.218389 -0.266299 -0.739983 -0.959083 -0.601585 0.748170 -0.618039 -1.352432
1 16.602761 -1.710472 0.197445 -3.124754 -2.196504 -3.140269 0.048494 -0.532837 1.289457 -1.690612 -2.141789 0.153894 -2.429653 -1.325161
2 -1.009206 0.895672 -0.634838 -0.242802 0.479779 0.031337 -0.121241 0.470440 -0.652331 0.276408 0.356343 0.064679 0.302016 -0.216256
2 1.325103 1.759390 -0.606558 -0.284214 -1.299484 0.279948 0.383113 0.286599 -0.247368 -0.119709 -1.906861 -0.281806 0.552790 0.159056
6 0.519988 -0.318276 -1.761331 -0.480722 0.826315 1.998292 0.072056 0.424361 -0.116209 -0.331371 0.249724 -0.495927 0.332202 -0.919102
6 -0.479093 -1.636878 -1.184455 -0.550586 -0.243279 13.642066 -2.201102 -0.420350 -1.892223 -1.752554 -0.767348 -0.562434 -1.098088 -0.853677
3 -1.483830 -0.213227 4.364440 0.279067 -0.146651 -0.085031 -0.656253 -1.067560 -1.130231 -0.057020 0.300526 2.082558 -2.682106 0.495319
12 1.305005 -0.862582 -1.703230 -0.162596 -1.228473 5.014591 -1.875813 -0.682214 -3.275292 0.644235 -0.795530 5.377058 -1.336565 -0.418593
1 30.279152 -2.345844 -2.371065 -2.782680 -1.533614 -2.052790 -2.004097 -3.422819 -0.805426 -1.724308 -2.740890 -2.065064 -4.659572 -1.770982
14 -1.493093 0.580588 0.522279 0.013444 -0.459553 -2.746735 -0.206694 -0.359542 0.193747 -0.226314 0.982452 -1.092481 1.351527 2.940376
13 -1.154468 -0.747120 0.148016 0.571169 0.311130 -0.733375 -0.305638 -0.173164 0.109013 0.331691 0.856103 -0.262181 0.889036 0.159787
11 -0.859233 0.200207 -0.163610 0.591804 0.002964 0.257875 0.115011 -0.161883 -0.761613 0.408043 0.676538 -0.007520 -0.759137 0.460555
12 1.405736 -1.381916 -1.224365 -0.323789 -2.070069 0.612124 1.020985 -1.785062 -0.715848 -1.827931 -1.590402 10.959981 -1.739776 -1.339667
1 15.637424 -2.833421 -0.850451 -2.049928 0.085054 -2.715990 1.512782 -2.500927 1.218997 -0.404080 -0.219856 -2.792627 -4.097502 0.010527
13 0.189125 -0.544531 -0.193950 -0.181059 -0.594549 -0.601515 0.009292 0.370270 -0.514691 0.239364 -0.454144 0.111203 3.087081 -0.921896
13 0.235311 -1.773368 -0.526080 -1.123124 -1.226445 -0.095521 3.616371 -1.214661 1.338349 -0.608649 -0.081659 -1.194069 4.197573 -1.544028
11 -0.700331 -1.794510 1.070388 -0.986566 0.797013 -0.695650 0.810017 0.121937 -2.265281 0.473309 1.528524 1.492715 -0.795532 0.943968
9 -1.063144 -0.151395 -0.346306 0.571056 -0.788247 -0.653784 -0.010161 -0.047644 4.250821 -0.826757 -0.614134 0.032974 -0.606822 0.253544
3 -1.415924 -1.312412 23.707302 -2.379810 -1.351979 -1.884251 -1.659865 -1.143388 -1.784970 -2.102791 -1.388623 -1.821623 -2.655081 -2.806584
7 -5.978309 -4.118079 -4.621486 -5.403571 -4.878027 -4.762879 53.405190 -3.392751 -3.000673 -3.996794 -4.461154 -4.529777 -2.158596 -2.103092
11 -0.890110 -1.105376 -0.787570 0.223645 -0.756566 -0.316251 0.827329 0.358559 -2.341857 -1.359544 5.562061 -0.342986 0.598029 0.330637
8 -0.191294 1.174772 0.042229 -1.497658 -1.091602 -1.088368 -2.023810 7.588452 -0.344026 1.617729 -0.979924 -1.329135 -1.142963 -0.734401
9 -1.227041 -1.790369 -0.249617 0.220184 -0.741909 -1.455988 -0.328012 -0.895631 5.449771 -1.201897 -0.402679 -1.181652 2.337171 1.467668
3 0.222319 -0.355053 1.911787 -1.103186 -0.117341 -0.811350 1.164898 0.163560 -0.454843 0.142868 -0.571045 1.662440 -1.424565 -0.430489
6 -1.183435 -0.993614 -1.317243 -1.006014 -1.385546 15.381542 -1.443768 -1.204097 -1.226534 -0.998712 -1.478044 -0.873131 -1.252969 -1.018435
1 15.694120 -1.191467 0.284110 -1.788166 -1.400427 -0.571194 -0.362450 -2.929789 -0.498458 -0.929129 -1.955606 2.060529 -4.462683 -1.949391
1 2.775888 0.109307 -0.537309 -0.762377 0.851559 -0.914987 -0.519087 -0.017373 0.710966 -1.727082 0.279336 -0.411896 -0.004642 0.167697
9 -1.321104 -0.528044 -1.333457 -0.518784 -0.016660 0.015276 -0.822475 -0.726104 7.906652 -0.222161 -1.574632 -0.071509 -0.207260 -0.579739
5 1.037834 0.577326 0.159569 0.225956 9.924875 -0.476590 -0.991837 -1.106201 -2.178369 -0.664437 -1.584380 -2.672135 -2.426422 0.174812
5 -0.463467 -1.424599 -0.903186 -0.597670 3.932476 -0.176283 -0.711331 0.528545 -0.436424 -0.467875 -1.103243 -0.743371 2.865115 -0.298687
11 -2.153399 -1.060510 1.032591 0.626397 0.691393 0.949947 -0.276137 -0.062786 -1.454154 0.012663 2.250760 0.289060 -0.901440 0.055614
1 19.759043 -1.366700 -1.885536 -1.560716 0.273129 -3.506520 -1.368881 -0.677472 -1.403118 -1.696338 -1.654373 -1.787017 -1.531534 -1.593967
1 2.932067 0.703868 -0.633326 -1.454533 -0.301238 1.432808 -1.941648 -1.567734 0.256986 -1.723887 -0.427727 0.271856 1.758415 0.694095
12 -0.327218 -0.734225 0.758971 -0.500987 -0.330923 -0.410878 0.274780 -1.451020 0.593090 -1.348966 -0.353565 5.278785 -1.183753 -0.264091
1 4.265987 0.838338 -0.587722 -0.226889 -1.215879 2.170925 -0.546737 -1.672342 0.208951 -0.739941 -0.948119 -1.144103 0.411568 -0.814039
1 45.775301 -4.129557 -3.935861 -3.290404 -4.101614 -4.073446 -2.910492 -3.040857 -2.344294 -4.009209 -2.633553 -3.484572 -4.261898 -3.559544
1 16.300845 -1.547362 -0.720653 -1.595215 -1.082962 -1.059528 -1.771248 -1.057148 -1.512500 -0.774003 -1.524799 -1.527949 -0.939151 -1.188324
1 26.299051 -3.029250 -2.734825 -1.783475 0.370038 -2.003766 -2.488257 -3.172505 -2.814462 -1.415501 -2.521404 -2.140304 -1.061729 -1.503610
1 21.991666 -2.801583 -2.209391 -3.022322 -2.084107 -1.845477 -2.379572 -1.522645 -1.608341 -1.356877 -1.984427 -2.174392 2.969283 -1.971814
1 35.816753 -2.046225 -3.089847 -3.076558 -2.682790 -2.801900 -2.365698 -2.837726 -2.699951 -2.873458 -2.199377 -2.792007 -3.878604 -2.472612
1 30.531112 -3.560656 -2.868036 -3.090509 -2.975839 -2.707787 -1.500437 -1.790947 -2.446689 -2.269232 -2.151507 -1.778017 -1.267137 -2.124317
1 34.788212 -1.732168 -3.196433 -1.896087 -2.289981 -3.391214 -3.614141 -1.311891 -2.678156 -3.413571 -3.475550 -3.236117 -1.621746 -2.931156
1 33.168179 -4.725060 -2.001608 -2.338227 -0.648739 -3.493214 -3.318296 -3.689417 -0.717988 -1.414251 -1.323070 -3.732252 -2.838044 -2.928012
1 30.495735 -3.027172 -2.227669 -2.851255 -1.863411 -2.045152 -2.315329 -2.067073 -1.117484 -3.046463 -2.344849 -2.963775 -3.051211 -1.574893
1 24.444861 -1.670631 -1.140775 -3.003230 -2.976364 -2.729475 -0.990284 -0.867195 -2.290503 -1.858669 -2.306154 -1.673483 -0.061170 -2.876928
1 18.751603 -3.127213 -1.359986 -1.186020 -2.260421 -0.944268 -0.504997 -1.127207 -0.582430 -1.292111 -2.555843 0.281234 -1.671270 -2.421071
2 1.353509 2.090124 0.316840 0.528827 0.517191 -0.247388 -0.392565 0.436270 -1.744501 -0.918323 -0.457360 -0.569313 -1.649063 0.735750
1 21.492862 -3.420523 0.066871 -2.346664 -1.280006 -1.080216 -2.166917 -1.525567 -1.510797 -1.163324 -3.062672 -1.484692 -1.435785 -1.082571
13 0.369131 -0.040331 -0.480359 -0.562664 0.283111 0.042005 -0.493645 -0.424217 -0.373556 -0.627282 -0.338437 0.220818 1.365759 1.059666
1 34.507375 -3.256642 -3.309122 -2.721017 -1.081306 -3.126784 -4.142422 -2.042069 -0.301021 -1.428641 -2.918669 -3.083768 -5.123711 -1.972202
1 20.653063 -2.710170 -1.975299 -1.592632 -2.306572 -1.221740 -1.567852 -0.995956 -0.476794 -1.595188 -2.277957 0.620978 -1.850296 -2.703585
1 18.025144 -2.249275 -1.293822 0.597567 -0.842327 -2.840075 -1.062198 -1.436080 -1.480452 -1.648086 -0.659925 -0.779616 -2.778246 -1.552610
1 30.357345 -2.756081 -2.492770 -2.750194 -3.178761 -1.008324 0.134965 -3.225485 -3.288955 -3.704014 -1.956252 -2.704490 -1.126355 -2.300628
1 3.639708 -1.563276 0.669623 -0.334694 -0.255679 -0.070156 -1.634892 0.551078 -0.469998 -0.689180 -0.052400 0.849706 -0.916557 0.276718
10 -0.420378 -0.423480 -0.155515 0.078049 0.290099 0.301067 0.512824 -0.373573 0.493237 0.843140 -0.819103 0.361456 -0.216130 -0.471693
10 -2.447809 0.358040 1.249174 0.305746 -0.425619 0.160326 2.034863 -0.302727 -2.475885 3.805334 1.854730 -1.116948 -2.959935 -0.039291
13 -0.668594 -0.792781 1.146088 -0.870844 0.114715 -1.220498 -2.705266 1.738239 -1.839738 -0.067959 0.732121 0.759913 3.213071 0.461534
7 -0.372439 0.350230 -0.180894 -0.653029 -0.366846 -0.443311 1.133719 0.461119 1.004005 0.100260 -0.368621 -0.100790 -0.808764 0.245363
14 -1.386376 -0.701344 1.382267 -1.017612 -0.679925 -0.469580 -0.557674 0.151977 -0.931927 1.344885 0.570842 0.456489 0.374311 1.463668
10 -0.053113 -1.856805 0.278097 -1.322639 -0.398309 -0.358745 -0.124343 0.030863 -1.222901 5.932642 -0.806421 -0.129540 0.706048 -0.674832
10 -0.815278 -0.870285 0.008737 -0.391970 -0.116001 -0.328659 0.378558 -0.445618 1.214537 3.204433 -0.018767 -0.601019 -0.137379 -1.081287
10 -1.343116 -2.101641 -1.390001 -1.807417 -2.296242 -1.043078 -2.604493 -1.631984 -1.519320 23.970154 -1.140933 -2.069591 -2.319592 -2.702746
1 3.314387 0.070132 -1.055554 -2.421611 -1.525560 2.243583 -1.342614 -0.033585 -1.865161 -1.067111 1.501461 -1.760111 1.503005 2.438737
6 -1.397235 -1.806216 -0.043898 -0.555180 -0.028302 2.012202 1.481523 -0.542858 -0.449907 0.920038 -0.142638 -0.617320 1.069645 0.100144
10 -1.584178 -2.000810 -1.446783 -1.788093 -0.094281 -2.099652 -0.991756 -0.982524 -0.466901 13.921908 -1.293474 -0.107758 -0.739427 -0.326273
8 -0.157370 -2.272814 -0.245080 -0.694447 0.737339 -0.111761 -0.623545 1.887647 -0.191429 1.137233 0.722077 -0.352262 0.748188 -0.583775
13 0.505536 -1.356137 1.199450 -0.900167 0.229977 -2.008301 -0.820860 0.578875 0.397317 -0.028835 -0.105036 0.048500 2.116504 0.143177
10 -1.227317 -0.302685 0.698719 -0.633863 -0.230958 -1.594716 -0.845148 -0.498454 -1.000235 7.713646 -0.601259 -0.905864 -0.112518 -0.459347
11 -0.427153 1.238416 -1.192787 -0.066679 0.365383 -0.377106 1.252742 0.255065 1.244493 -1.626750 1.302153 -1.366159 -0.474414 -0.127205
10 -0.714294 -3.286796 -1.329795 -2.599363 0.351021 -0.896631 -0.438680 0.441530 -1.032093 16.129169 -2.824786 -2.229912 -0.236688 -1.332684
10 0.045957 -1.382575 -0.342544 0.112024 1.097147 -0.035419 -1.116939 -0.967904 -0.438895 4.126850 -0.164802 0.028318 -2.099139 1.137922
10 -1.632220 -1.003326 -0.387084 3.606723 -0.231527 -0.408969 -1.166123 -1.429169 -1.006068 7.532761 -0.192178 -1.757336 -1.485548 -0.439937
2 0.233786 1.191521 -1.525624 0.880702 -1.434807 -0.336768 0.735751 0.879498 0.449622 -0.707699 -0.566837 -0.159936 0.960926 -0.600135
12 -0.584917 0.027717 -0.012625 -0.477286 0.233228 0.432475 0.403365 -0.575819 -0.836184 0.686834 0.789963 1.046774 -1.159497 0.025972
6 -0.686432 0.762830 -1.130578 -0.081490 0.392170 0.958526 0.131152 0.423479 -0.389999 0.466070 -0.116116 -0.636088 -0.073706 -0.019816
2 -1.685133 14.320823 -1.235389 -1.703484 -0.014223 -2.523838 -1.071862 1.026502 -0.748268 -0.836224 -2.278070 -0.973068 -1.575510 -0.702255
2 0.027662 1.038045 0.025067 -0.490157 -0.452777 0.200540 -0.223018 -0.373343 -0.571153 0.213615 0.033543 0.960649 -0.393633 0.004960
1 0.000000 0.000000 0.000000 0.000000 0.000000 0.000000 0.000000 0.000000 0.000000 0.000000 0.000000 0.000000 0.000000 0.000000
2 -1.250478 14.045247 -0.738024 -1.338129 -0.996369 -0.508499 -1.047324 -0.335474 -0.688529 -1.260013 -1.841465 -0.952755 -1.961503 -1.126684
2 -1.478617 16.855060 -1.273137 -0.897300 -0.578864 -2.408288 -1.187675 -0.319298 -2.528140 -1.700597 -1.628140 -0.570908 -1.647652 -0.636445
2 -1.422556 3.755534 -1.682998 -0.391143 0.177521 0.129467 0.769208 0.313550 -0.978120 -0.462483 1.537957 -1.269963 -0.497520 0.021545
14 -2.846938 0.444883 1.081536 0.092916 -0.357017 -0.905205 0.306608 -0.454207 -1.022372 1.864691 -0.024439 1.533337 -2.091331 2.377538
2 -0.756561 11.665987 -0.653849 -1.091708 -0.574039 -0.248316 -1.497826 -1.062940 -0.599994 -0.904340 -1.141123 -1.048685 -1.289330 -0.797277
2 0.889721 3.505942 -2.238300 -0.806403 -1.064882 2.161038 1.915113 1.067111 -1.830626 -0.946924 -1.289006 0.203132 -2.659575 1.093659
2 0.040682 16.706091 -1.955760 -1.154447 -0.341142 -0.696001 -1.906732 0.823233 -2.465587 -1.640362 -2.366331 -1.826222 -1.968869 -1.248552
14 -1.813592 -2.412844 0.803110 -2.026917 0.783241 0.660804 0.951713 0.438729 1.850933 -0.367133 -1.574316 0.749556 -0.310334 2.267050
2 0.830409 9.281395 -1.458778 -0.236029 1.011047 -0.344921 -1.287788 -1.400400 -1.465400 -1.923515 -1.991252 -0.278141 0.362231 -1.098858
2 1.558441 3.318974 -1.544542 -0.400175 0.500546 -0.283240 0.476553 0.202175 -1.236576 -1.087508 0.415523 -1.100589 -0.409951 -0.409633
2 -0.599002 11.804953 -1.130836 -0.609951 -1.199519 -0.718835 -1.187163 -1.239143 0.217853 -0.679137 -1.661454 -0.987878 -1.208942 -0.800945
2 1.496739 4.295941 -0.643095 -0.659299 0.999526 0.025857 -1.268652 0.128759 -0.979886 -1.500337 -1.157765 0.413305 -0.832469 -0.318626
2 -1.582799 7.161954 -0.439897 -0.802299 1.990438 -0.840737 -0.160470 -0.823974 -2.512582 -1.174954 2.264364 -1.235470 -1.033118 -0.810457
7 -0.207411 -1.192133 -1.138672 -0.973795 -0.439335 2.096794 2.113678 1.970239 -0.762204 -1.467914 -0.338699 -1.231161 0.105517 1.465095
6 0.166151 -0.090244 -0.077581 -1.227165 -0.033705 1.858429 -1.120672 0.752552 0.106486 -0.575004 -0.645800 -0.097733 1.745784 -0.761497
6 0.409258 -2.441009 -0.186230 -0.023700 1.203174 1.814497 1.619603 0.443477 -0.844512 -1.206097 -1.512474 0.432758 0.591690 -0.300434
5 0.204476 -0.096814 -0.159203 0.817779 1.453017 0.091413 0.436478 -1.908592 -0.890423 -0.917254 -0.399401 0.285820 -0.276052 1.358755
5 -1.083772 -1.736799 -1.273909 1.399256 9.503046 -0.423201 -0.362214 -0.679297 -1.100485 -1.162600 0.030979 -1.237774 -1.495112 -0.378119
5 -0.141076 -0.473385 0.459649 -0.114546 2.245039 -0.814950 -0.402836 -0.181330 -0.515661 -0.230426 -0.308850 -0.274875 -0.182130 0.935377
5 0.063752 -1.875185 -1.458304 -0.963728 11.364265 -0.331844 -1.800202 -0.650371 -0.688180 1.188733 -1.304601 0.840959 -3.165725 -1.219570
6 -0.303824 0.435082 0.674610 0.935113 -0.756572 1.315537 -1.470587 0.888604 -1.514577 -0.657799 -0.477534 1.151722 -1.173792 0.954017
14 -0.419967 -0.293812 -0.251175 0.704117 1.718620 -0.354854 0.089589 -0.267182 -1.551810 -0.096507 -0.316948 -0.288859 -0.680871 2.009658
5 0.175990 -2.299187 -1.551585 -0.346708 4.304785 0.586062 -0.879872 -0.186487 -1.543279 0.875767 0.878823 0.197815 -1.015753 0.803629
8 0.077970 -1.125477 -1.095025 -0.209197 0.210913 -0.533503 0.173199 1.719007 0.703043 -0.864746 -0.405030 0.170542 -0.509044 1.687349
3 0.024606 -0.595624 2.204493 -0.283357 -0.276577 -0.420285 -0.429812 -0.212637 -0.057573 1.281709 -0.517687 -0.077313 -0.026658 -0.613285
5 -1.347298 1.532738 -0.600201 -0.889484 2.972596 1.051122 -0.389554 -0.531127 0.459385 -0.942400 0.762951 -1.641479 1.707382 -2.144632
5 -3.224178 -3.035680 -2.964342 -0.772869 34.260081 -4.057884 -3.329651 -3.754878 -2.399194 -3.119778 -0.457887 -1.848244 -1.586174 -3.709323
5 -1.658155 -2.257379 -0.687218 1.431170 10.404853 -1.224133 -0.415639 -1.259561 -0.890949 -0.975531 -2.346851 -1.982875 1.415534 0.446733
5 -1.428314 -2.048560 -1.944739 -1.866531 24.238311 -1.308324 -1.233604 -2.468172 -1.870336 -2.695150 -1.475616 -1.089826 -2.118940 -2.690200
5 -0.825840 -1.895100 -1.460824 -0.817772 11.694862 -1.739757 -0.855113 -0.827090 -0.376803 0.220322 -1.385812 -0.958425 0.533801 -1.306448
5 -0.870319 -2.815280 -2.245019 -1.329524 25.112648 -2.466824 -2.216016 -2.656861 1.014031 -2.008226 -1.732287 -3.693468 -1.393292 -2.699563
5 -1.781617 -0.999962 -0.594946 -0.471566 12.632727 0.001564 -1.404305 -2.362449 -2.349596 -0.763739 0.869854 -1.542687 -2.902887 1.669609
5 0.329756 -1.077140 -1.069030 -1.348192 10.464312 -1.288609 0.002569 -1.400396 -1.559371 -0.872920 -1.420020 -0.972087 1.359695 -1.148566
5 -1.285369 -0.435201 -0.407122 0.515157 2.933656 1.227495 -0.200028 -0.276912 -1.415827 -0.162483 0.616697 -0.175628 -0.871991 -0.062444
11 -0.386970 -0.494623 -0.196725 -0.041641 -0.382906 -0.276517 -0.504883 -0.327696 -0.267046 -0.278274 4.420694 -0.333439 -0.523669 -0.406307
11 -0.511124 -3.394320 -1.768644 -2.686196 -2.113543 -1.378592 -4.851139 -1.429842 -3.538074 -2.162942 30.324687 -2.103702 -2.672577 -1.713993
7 -0.121380 -0.731089 -0.830714 -1.757544 -0.241401 -0.513976 4.831459 -1.072115 -0.568358 0.333180 0.563709 -0.315625 -0.626772 1.050626
11 -0.978709 -0.968414 -0.866900 -0.078950 -1.269467 0.068432 -1.804982 -0.428677 -0.722256 -0.904215 10.569564 -1.020973 -0.473711 -1.120741
11 -0.370541 -1.289110 -1.328692 -0.849498 -0.783014 -0.062763 0.828548 -0.074354 -0.051620 -0.600783 4.984464 -0.636447 0.152479 0.081332
11 0.069766 0.268622 -0.626359 0.795320 0.132425 0.099761 0.259643 0.088509 -1.463433 -0.719345 2.730322 -0.752008 -1.461818 0.578595
11 0.042009 0.601694 -0.344200 0.064679 -0.442244 -0.342547 0.342182 -1.133411 -0.736746 -0.390016 5.456882 -1.543276 -1.066790 -0.508215
1 4.073602 -0.901900 0.258760 -1.152040 -1.505561 0.103803 0.534315 -0.969371 -0.691271 0.452305 0.476574 0.143092 -0.131214 -0.691096
11 1.092800 -0.795800 -0.976479 -1.117490 -1.053289 -0.314850 -0.206644 0.792671 -0.416472 -1.139824 3.644999 0.326547 0.645614 -0.481784
11 1.224011 -0.088104 1.365293 -0.221844 -0.545716 0.205333 -0.050777 -0.772764 -1.258322 -0.514338 1.502842 0.759310 -2.003105 0.398180
11 -2.409358 -3.880457 -3.317685 -2.518478 -3.307119 -3.053794 -4.738704 -1.588708 -2.297175 -3.832863 38.226525 -2.261990 -2.476250 -2.543947
11 -2.253247 -1.062772 -2.167509 -1.556796 -1.007276 -1.015597 -2.583300 -0.951206 -1.305709 -1.680868 19.556438 -0.706042 -1.703877 -1.562238
11 -0.948688 -2.755617 -1.371406 -1.423643 -1.005670 -1.280859 -2.390743 -0.922136 -0.599676 -0.888351 15.806751 -0.601067 -0.591847 -1.027045
5 -0.550545 -1.543484 -1.123015 -0.904435 2.834205 -1.713568 -0.414282 0.372401 -1.413622 0.705758 2.511447 1.713509 0.059474 -0.533843
11 -0.971192 -1.191280 -0.719601 -1.520523 0.139854 -0.684386 -0.430737 -0.431338 -0.789316 -0.445211 8.533234 -0.517620 -0.281207 -0.690676
11 -1.965017 -0.877519 -0.940961 -1.973221 -1.907993 -1.701580 -3.952523 -1.902542 -2.063965 -1.442113 22.739893 -0.435844 -1.033022 -2.543592
11 -3.104383 -2.523878 -1.224564 -1.200635 -2.410812 -2.219150 -1.948051 -2.484404 -2.024019 -2.271545 26.878510 -2.608880 -1.176893 -1.681297
11 -2.292341 -2.137805 -2.448750 -1.269190 -2.053904 -2.463435 -1.818599 -0.845216 -1.601825 -2.869182 23.778485 -2.350696 -0.178017 -1.449527
11 -1.026750 -0.633429 -0.506574 -1.132433 -1.515176 -0.969881 -1.078859 -0.164148 -0.597482 -1.291058 8.047410 -0.212473 0.480947 0.599907
7 0.088824 -0.437965 0.213646 0.151633 -0.173209 0.134590 0.923131 -0.323767 0.712003 -0.225834 -0.399561 0.028834 -0.313567 -0.378757
11 -1.938584 1.151394 -1.031844 -2.244265 0.320239 -1.340253 -0.244123 -0.254220 -1.812210 -0.938757 9.922098 0.684741 -0.542203 -1.732016
1 1.075235 1.014846 -0.076782 -0.457752 -0.443839 0.281035 -0.961254 -0.421184 0.938564 0.197719 -0.102261 0.292872 -1.208436 -0.128763
4 -0.131915 -1.080219 -1.046161 3.444949 -0.580168 -0.289758 -0.195281 -1.332059 0.667943 -0.918778 0.395143 0.870405 -1.745649 1.941549
9 0.813944 1.118429 -2.177515 0.501679 -0.168851 -1.885779 1.109399 -0.283452 2.740982 0.318693 -0.747084 -0.525716 -0.041825 -0.772902
5 -0.324631 -0.685020 -1.599571 0.723794 1.534804 -0.626186 0.101425 -0.674173 1.405039 -0.559746 1.170330 0.093653 -1.212932 0.653215
12 -0.806404 -0.516939 -0.067523 0.369029 -0.764498 -0.794527 0.706437 0.271172 -1.420465 0.312341 0.786101 1.140306 -0.215519 1.000491
7 -6.994379 -5.537868 -5.717519 15.712792 -1.123300 -6.174879 54.375640 -6.340730 -6.897348 -6.064075 -6.376812 -6.082301 -6.666291 -6.112928
14 -0.209153 -0.097556 -0.771637 0.082159 -0.673209 -0.453860 -0.855830 0.119553 -0.499987 -0.148434 0.864785 0.359982 0.528646 1.754540
4 -0.481112 0.241350 0.843730 4.844924 -2.072773 -0.132971 -0.011391 -1.927514 -0.133469 -1.452997 -0.067555 -0.683443 1.165980 -0.132758
5 -1.144009 -2.271893 -1.347218 1.447988 11.974253 -0.248926 -1.422886 -0.802301 0.337446 -0.802515 -1.789018 -0.244868 -1.870092 -1.815960
14 -0.861594 -1.053863 0.862849 1.141144 -0.057459 0.065986 -0.584653 0.843233 -0.984506 -0.486070 0.957487 -0.920914 -0.624145 1.702504
4 -0.849412 -0.414676 -0.567611 6.612685 0.632066 0.984227 1.009058 0.045819 -2.359600 -1.002608 -0.790739 -1.761237 -0.933163 -0.604809
14 0.307849 -0.700878 -1.324130 -0.721738 -0.997966 0.766453 0.698073 0.675935 0.791953 0.124925 -0.452246 0.051527 -0.328500 1.108744
4 -0.736392 -0.592820 -2.522843 7.277485 0.675902 0.572062 0.421123 -1.061395 -1.406876 -2.169360 -0.419515 -0.829536 -0.374779 1.166944
4 -1.129538 0.181527 -1.759559 5.432660 -0.164282 1.355775 -0.537153 -0.879541 -1.900926 0.735665 0.977625 -0.543219 -1.129991 -0.639043
2 -0.498916 2.105533 0.643086 -0.349391 -0.006878 1.322347 -2.236549 0.543968 -3.085260 0.869968 1.934789 0.231459 -1.790345 0.316190
4 -0.540184 -0.466730 -0.400203 2.381765 0.214858 -0.245232 -0.296817 -0.770498 -0.137505 0.318357 -0.140581 0.353678 -0.255213 -0.015695
9 -0.769976 -0.739303 0.972532 -1.004407 0.238108 -1.393494 1.528453 -1.369431 5.522936 -0.622453 0.206063 -1.403957 -1.404341 0.239270
4 -1.170396 0.359795 -1.609045 4.863866 0.767564 0.103292 -2.389666 -1.293019 1.174751 -0.797485 -0.429659 -0.329478 0.890712 -0.141231
4 0.156642 0.154351 -0.430321 2.016043 -0.771148 0.469081 -0.064279 -0.000370 -0.193538 -1.016199 0.161885 -0.818376 1.007529 -0.671301
1 2.024273 -0.014735 -1.157188 0.371525 -0.161846 -0.070911 0.178533 0.723433 -1.386350 0.880451 -0.756457 0.059514 -0.702473 0.012231
5 0.707279 -1.769260 -1.344629 -0.736983 0.847522 0.434142 0.796456 0.283005 -0.584615 0.484311 0.783684 -0.156526 0.213640 0.041976
9 0.764344 -1.134205 0.189575 0.371221 -0.238805 -0.729767 0.127763 -0.112870 1.436665 -0.840096 0.564900 -1.065552 0.786829 -0.120000
12 -1.039384 -0.347538 -0.158109 -0.568463 0.292342 0.322165 0.437944 -0.535177 1.534075 -1.230851 -0.477405 1.937624 -1.308349 1.141125
3 -1.092905 -0.942770 5.562831 -0.702529 -0.973851 -0.901728 0.338150 1.004876 -0.021362 -1.670925 -0.842653 1.201280 -0.903572 -0.054841
3 -0.078934 -0.633126 3.306139 1.077141 -0.617751 -1.772447 0.185167 -1.479172 -0.138001 1.010484 0.108964 0.714403 -1.498543 -0.184324
12 0.680112 -1.946315 -0.265598 -1.343799 0.191010 1.415119 1.324382 0.665811 -0.671261 -0.897911 0.794843 1.891010 -2.285915 0.448513
3 -2.687906 -1.112276 7.509845 -1.443132 -0.905366 -0.316697 1.568116 -1.191723 0.974726 0.444019 0.916825 -2.406162 -1.137569 -0.212699
3 0.023151 -0.298738 6.276934 -0.383770 -0.442349 -0.575093 -0.675708 -0.328933 -0.088996 -0.872598 -0.365454 -0.784822 -0.964355 -0.519269
2 0.770779 1.038946 0.126246 -0.157474 -0.751938 0.331321 -0.159010 -0.598828 -0.560657 0.611927 0.586382 -0.112781 -0.950143 -0.174770
10 0.173978 -1.279540 0.510264 0.666340 -1.351759 -2.786755 -1.597523 3.619920 1.293587 3.751123 0.420546 -0.665281 -2.644455 -0.110445
12 0.129562 -2.381013 1.189060 -0.608415 0.856046 1.151591 -1.563481 -0.409124 0.990652 -0.170592 -0.963938 2.066910 -0.899472 0.612214
3 -0.592303 -1.179319 11.705144 -0.327351 -1.362490 -0.213265 -2.192325 -0.994722 -2.755356 0.369469 0.781006 -0.559946 -2.025035 -0.653507
3 -0.450960 0.332385 4.154746 -0.003732 -0.645112 0.179272 -1.068125 -0.026928 -1.381840 0.319541 0.020110 0.299606 -1.011831 -0.717133
3 -0.640818 -2.105345 14.611234 -0.029665 -0.354668 -1.012184 -0.674574 -1.774236 -2.272969 -0.839569 0.009094 -1.599259 -3.018773 -0.298268
14 -1.422960 0.237607 -1.295820 -0.253626 0.239642 0.432350 -0.536470 1.292283 -0.912288 -0.670493 0.900846 1.016426 -0.392616 1.365117
3 0.368183 -0.857225 6.353813 -0.409907 -0.470203 -1.240765 -0.583825 -0.750104 -0.634724 -1.322749 -0.369018 0.652954 0.127800 -0.864231
3 -1.340359 -0.444396 6.373547 -0.988303 -0.794198 0.066899 -0.615484 0.118712 2.043497 -0.877664 -0.318600 -1.277233 -0.887368 -1.059049
6 0.861545 -0.685693 -3.021067 0.866947 -0.618160 9.530311 -0.845888 -1.578364 -2.160232 -1.647783 -0.489586 0.871106 0.891167 -1.974303
6 0.164618 -0.662721 -0.704037 0.344511 -0.558443 3.606150 -1.159009 0.131126 -0.758706 0.192338 -0.589488 -0.953588 1.193086 -0.245837
6 0.415741 -2.523526 0.065293 -1.319581 1.038488 2.837289 0.314759 -0.404826 -0.332363 -0.066339 -0.074553 -0.073677 -0.134542 0.257838
6 -6.801569 -7.012165 -6.529764 -5.034223 -6.629071 75.508550 -5.316578 -4.242333 -5.254449 -6.632523 -7.032583 -4.526157 -4.131357 -6.365776
6 -0.131403 -0.980042 -1.400095 -0.462567 -0.046120 6.705228 -0.153730 -0.868811 -1.047768 -0.002020 -0.806204 -0.278712 -0.597605 0.069851
6 -4.054465 -3.799072 -2.848948 -2.297149 -3.494906 43.439624 -3.062824 -3.321009 -3.212317 -2.896900 -2.946610 -3.388007 -4.133707 -3.983709
6 -0.067543 -1.750686 -2.797754 -1.010313 1.371385 9.257520 -2.009965 -0.185500 -1.752841 -1.411393 -0.411928 -1.668841 4.315761 -1.877903
6 -4.668992 -2.401106 -2.434775 -3.259614 -1.752676 37.610482 -3.761534 -2.389318 -3.333149 -2.590690 -1.562581 -2.048555 -4.531278 -2.876213
6 -6.801569 -7.012165 -6.529764 -5.034223 -6.629071 75.508550 -5.316578 -4.242333 -5.254449 -6.632523 -7.032583 -4.526157 -4.131357 -6.365776
6 -1.088415 -0.489188 -0.812253 -0.408231 0.962991 3.657572 1.112932 0.902542 -0.552178 0.825151 -0.575012 -1.985459 -1.013421 -0.537032
13 -1.173566 -1.270051 0.434867 -0.281025 -0.901207 1.578697 -0.324619 0.151529 0.420653 -0.386362 -0.479130 0.412378 1.868403 -0.050567
6 -1.149773 -2.611462 -2.951794 -3.005736 -1.176856 21.948321 -1.630283 -1.432732 -2.212006 1.260385 -1.198941 -2.162509 -2.063911 -1.612702
6 1.215356 -3.333374 -3.598843 -2.433322 -2.739789 27.418664 -1.749759 -1.180445 -1.334427 -3.134523 -2.833221 -0.909388 -2.770378 -2.616550
6 -3.398443 -3.618348 -2.744880 -2.440914 -3.666358 40.838533 -2.859457 -2.825091 -2.234830 -3.665005 -2.887849 -2.698164 -3.465589 -4.333603
6 -0.614250 -0.692393 0.567179 0.789558 0.757692 1.063766 0.182982 -0.558859 -1.115178 -0.026283 0.452470 -0.181006 -1.059728 0.434052
6 -1.989745 -3.637700 -1.808471 -3.270347 1.140785 23.100376 -2.156028 -1.352484 -2.262252 -1.164240 0.264222 -3.479370 -2.279584 -1.105161
6 -0.377267 -0.228598 0.653649 -0.587343 0.203077 1.701379 0.600309 -0.326305 0.124294 -0.358124 0.046037 -0.514862 -0.526084 -0.410163
6 -0.597647 -1.298305 -0.539923 -1.082466 0.150094 9.747278 -2.978482 -0.792901 -2.228973 0.505131 -1.549840 -0.115934 -0.034447 0.816416
6 -6.801569 -7.012165 -6.529764 -5.034223 -6.629071 75.508550 -5.316578 -4.242333 -5.254449 -6.632523 -7.032583 -4.526157 -4.131357 -6.365776
2 -2.192695 2.084064 -0.119121 0.958274 0.180844 0.364165 -0.407135 1.495804 -1.303812 -0.918396 -0.267982 0.020935 -0.325227 0.430282
6 -0.496296 -2.828650 -0.801263 -0.567073 2.341996 5.434286 -1.827683 2.464187 -1.897824 -2.100425 -1.044015 -0.119148 -0.926944 2.368852
6 -6.801569 -7.081608 -6.277932 -5.088489 -6.649085 75.848811 -5.316578 -4.340583 -5.457830 -6.716910 -7.032583 -4.547318 -4.131357 -6.406968
6 -1.593189 -1.647783 1.146020 -0.618954 -0.795409 9.129494 -0.670324 -0.883243 -1.848468 -0.967652 0.137552 0.944833 -2.443916 0.111040
6 -0.448117 -2.156446 -0.634757 -1.075734 -1.091686 10.487727 -1.121053 -1.193858 -0.049636 -0.418446 -0.712884 -0.686475 0.440586 -1.339219
6 -0.393468 -1.137008 5.926901 -1.670818 -0.908755 8.227515 -1.532815 -1.384496 -0.210869 -0.198682 -0.822495 -1.700835 -2.642424 -1.551749
13 -0.368194 -0.838440 -1.875614 -0.228021 0.016444 -1.909227 -0.610256 -0.914204 -1.281311 -0.811365 -1.596152 -0.777796 11.538524 -0.344387
13 0.810853 -0.495063 -0.587093 -0.531168 0.759194 -0.403632 0.012034 0.073548 -0.113469 -0.066434 -0.410358 -0.189864 1.895038 -0.753585
10 -1.173759 -0.018826 0.155349 -0.701087 0.510969 -0.472921 -0.991418 0.516098 -1.536956 2.012882 0.322457 0.769782 -0.578989 1.186419
8 -0.669479 -0.587670 0.205510 -0.367217 -1.104094 0.752838 0.212034 1.008335 -0.064791 0.703274 0.178041 0.121167 -0.366850 -0.021099
13 -0.114571 -1.800205 -0.116704 2.338463 -0.496302 -1.199974 -1.054215 -1.245990 0.896077 -0.123229 -0.000057 1.425569 2.600057 -1.108919
13 -0.957541 -0.450031 -0.188061 -0.858671 0.026234 -0.467728 -0.395004 -0.360316 -0.406493 -0.456529 -0.772124 -0.866202 7.031562 -0.879097
13 -1.225781 -1.716819 0.221858 -0.498393 -0.890731 -0.344264 1.100159 0.235066 1.143428 -0.018592 -1.340692 1.148033 1.895994 0.290733
13 0.258308 0.381883 -0.422620 -0.602936 -0.061456 1.048204 -2.321704 -0.639869 -0.734329 0.929773 0.533370 -0.003271 1.078035 0.556612
13 -0.141975 -0.971396 -0.576069 0.286377 -0.140566 -0.479115 -0.700906 -0.410402 1.171503 -0.180656 -0.980116 -0.125963 3.778763 -0.529478
13 -1.187618 0.250933 -1.304098 -0.487672 -0.461603 0.169687 0.079457 -0.449991 -1.607166 0.022702 0.238228 -0.911443 6.938480 -1.289897
13 -0.612510 -1.460988 0.523436 0.753917 -1.205518 -1.653283 -0.896530 -1.449973 1.793734 -0.394212 -0.414950 -0.836462 6.779307 -0.925967
13 -0.535156 -0.665128 -1.225632 -0.545627 2.145902 0.435624 -0.962466 -0.631078 -0.139556 -1.480040 0.320273 -0.579471 4.361842 -0.499486
13 -1.075886 -1.868642 -0.433416 0.255830 0.615651 -0.311253 -1.116502 -1.535723 0.815537 0.073142 -1.163134 0.143680 5.885036 -0.284321
13 -0.067249 -1.008923 0.705772 -1.384931 0.396569 -0.377650 -0.474759 0.432082 0.726947 -0.728378 -0.790621 0.260639 2.875414 -0.564913
13 3.341270 -0.208001 -0.657295 -0.984138 -1.434378 -0.352690 -0.310179 -1.369404 -0.597954 -0.838591 -0.765540 -0.211507 5.144697 -0.756290
4 -1.355287 -0.870978 0.694713 4.009455 0.035645 -0.747369 -0.646763 -0.120841 -0.319311 -0.969926 -0.780125 -0.014687 2.192648 -1.107174
13 -0.242820 -0.611836 0.168835 0.766532 -0.225341 0.897084 -2.279306 -0.713062 2.590357 -1.838720 -0.342033 -1.169782 3.903216 -0.903123
8 -1.927295 2.085211 -0.762904 -0.494836 -0.747051 -0.690181 -2.376672 4.719730 -1.246713 1.002099 -0.341121 -1.062763 1.467920 0.374575
13 -0.055957 -0.457514 -0.230110 -0.504395 -0.013455 -0.404970 -0.354732 0.535497 -0.247706 0.480086 -0.370397 -0.118638 1.427441 0.314851
9 0.238218 -1.242988 -0.193163 -0.586726 0.234295 -0.086077 0.336457 -0.629427 2.495904 -0.216133 0.117016 0.610794 -0.568453 -0.509717
13 -0.802105 -0.398174 -0.292490 -0.179625 -1.542389 -0.556721 -0.009930 -0.529482 -0.496410 -0.899921 -1.139111 -0.165305 6.460994 0.550671
13 0.657202 1.285874 -1.023025 -1.471058 -0.593957 -1.167606 -0.516554 -0.780864 0.302491 1.072251 0.364028 0.599596 2.318954 -1.047331
13 0.629960 -1.735163 0.587111 0.823697 -0.600822 -0.505299 0.138991 0.938931 -0.732455 -0.957968 -1.201776 -1.035110 4.184167 -0.534264
13 0.947313 -1.474515 0.420410 -0.379532 0.041390 -0.554626 -1.814386 0.394893 1.041862 -0.109457 -0.538883 -0.102034 2.187997 -0.060431
13 -1.183505 0.891324 0.304712 0.156130 -0.777265 -0.676660 -1.013087 -0.971285 1.314037 -1.446698 -1.066763 0.598412 5.617308 -1.746659
13 0.363440 -1.125747 -1.102576 -0.984149 -0.011554 -0.719678 -0.425933 0.405761 -0.466173 -1.089354 1.118710 -0.629069 4.511858 0.154464
7 -4.121655 -5.331846 -4.145507 -4.717669 -4.856816 -5.442043 58.165659 -3.728063 -3.819941 -4.500113 -4.097565 -4.444240 -4.197773 -4.762426
7 -0.198737 0.473581 -0.422923 -0.632623 -0.151315 -0.407569 3.170915 -0.214339 -0.295149 -0.425770 0.424382 0.045644 -0.246301 -1.119795
7 -5.545547 -4.769110 -4.618558 -5.588237 -4.704418 -4.509534 57.548117 -5.382626 -3.422274 -4.486608 -2.099447 -4.405074 -3.642625 -4.374057
5 0.834199 0.849256 0.346182 -1.320745 2.234165 1.101318 -0.543163 0.798764 -1.117789 -1.139608 -0.619294 -0.984367 -0.834139 0.395221
7 -0.315111 -1.687263 -1.178879 -3.211080 -0.869075 -1.796107 19.450934 1.344253 -2.583857 -1.795731 -2.239393 -1.981776 -2.164104 -0.972813
7 0.167513 -0.582414 0.429071 0.711311 0.506532 1.453388 3.402408 -1.571341 -0.158081 -0.554687 -1.751311 -0.170809 0.080670 -1.962250
7 -5.282610 -4.337650 -4.848541 -4.147457 -4.412919 -4.441862 60.510084 -4.702923 -4.842454 -4.310077 -4.829123 -5.021801 -4.478796 -4.853868
7 -1.710961 -1.235709 -0.335301 -0.405134 1.885800 -1.070866 3.735621 0.115087 -0.692103 -0.078019 -0.629213 0.004648 -0.155121 0.571273
7 -0.899012 -1.631139 -1.305918 -0.890443 -0.518303 -0.616830 10.750916 -0.545121 -1.022848 -0.676495 -1.256289 -0.446399 -0.590454 -0.351664
7 -0.747769 0.435348 -0.669327 -0.485656 -1.009104 1.152368 3.451501 -0.977462 -0.496054 -1.313477 -0.108714 -0.776694 2.012163 -0.467122
7 -4.635732 -4.255734 -4.557187 -4.747453 -3.724823 -4.891456 56.804421 -4.368071 -4.600903 -4.422531 -4.549874 -4.868619 -2.356659 -4.825379
7 -3.952300 -3.855903 -4.864796 -5.132513 -3.248794 -4.946119 54.455029 -4.952698 -4.891727 -4.130534 -3.795390 -4.687447 -4.720579 -1.276228
7 -5.291574 -5.696934 -6.314112 -6.881455 -7.922035 -5.324519 81.554810 -5.195310 -5.369667 -6.705310 -6.947966 -6.206554 -5.901218 -7.798155
7 -3.694048 -4.994491 -3.783994 -5.240219 -3.034791 -4.759699 57.222234 -4.767761 -4.309989 -5.099035 -3.955122 -4.659144 -4.208390 -4.715551
12 -0.245859 -1.546034 1.604071 -1.034150 -0.125508 0.825330 -1.166841 -0.555065 -0.123881 0.800366 -0.398153 2.529881 -0.675834 0.111678
7 -4.443261 -4.876427 -4.228492 -4.334368 -4.027215 -4.449734 57.921053 -4.847362 -3.368970 -4.936027 -5.181468 -4.329695 -4.949260 -3.948773
7 -6.858143 -6.297696 -6.451962 -6.311159 -6.832396 -6.498854 81.797428 -5.252714 -6.068019 -6.683375 -6.901309 -4.944285 -5.760424 -6.937089
7 0.295700 -1.741109 0.461110 -0.153296 -0.554962 -1.031221 5.073679 -0.782749 -0.227032 1.555016 -1.061947 -0.614148 -0.012671 -1.206371
7 -5.942799 -3.684481 -4.723288 -4.285954 -4.114259 -5.041861 59.183957 -3.855982 -5.413516 -4.592492 -4.392929 -4.639326 -4.295815 -4.201255
11 -1.712047 -2.565156 -1.262126 -1.207359 -1.256929 -1.059990 -2.446318 -0.570917 -1.126982 -1.739918 16.597461 -0.128746 -0.496172 -1.024801
7 -4.960539 -4.347607 -4.985432 -5.469847 -5.006341 -4.538470 66.492525 -4.956061 -6.000258 -5.123607 -5.105536 -5.128800 -5.678545 -5.191481
7 -3.231411 -6.072348 -4.521152 -5.297705 -3.798052 -5.577924 60.411147 -4.678260 -3.548191 -4.235537 -6.113394 -5.057011 -4.660006 -3.620155
7 -4.299178 -5.270923 -5.704908 -6.007189 -5.176586 -5.505154 66.376068 -5.335526 -5.080665 -5.394416 -5.006876 -5.437003 -3.517579 -4.640067
1 3.915336 0.432537 -2.112293 -0.621269 -0.173554 -1.345519 3.788932 -0.067334 -1.249483 -1.727389 -0.431317 -0.150082 0.995825 -1.254391
7 -4.615851 -4.257996 -3.589076 -4.431984 -4.483190 -4.686033 56.848305 -4.284275 -4.154982 -4.669469 -4.106188 -4.923458 -4.707552 -3.938249
12 -1.922620 -0.124906 1.550650 -0.501051 -0.276577 -0.737344 -1.271647 -0.596056 -0.884488 0.323569 0.873228 4.502882 -0.521440 -0.414200
13 1.112389 -1.595278 2.020922 0.568430 -1.835736 -0.371394 -1.246826 -1.759936 0.075710 -0.811718 -0.897500 1.483069 3.850916 -0.593047
12 1.239138 -0.246168 -0.641591 0.047337 -1.231726 -0.382288 0.228146 0.525602 -0.873413 -0.312815 0.394681 2.964166 -0.584356 -1.126711
12 -0.199816 -1.432709 -0.481443 -0.571223 -0.756118 0.277838 -0.154817 0.226350 0.545224 0.021496 -0.840106 1.705585 1.050665 0.609075
12 1.330279 0.848231 -0.594598 -0.473722 -0.943837 -1.459528 -1.064626 -0.442750 -0.074366 0.030162 -0.369608 1.694844 1.314775 0.204746
9 0.288121 -1.309074 0.479581 -0.032463 0.271982 0.179114 -0.597278 -1.186014 2.331640 -0.402907 0.047198 0.111620 -1.200451 1.018931
3 -1.792214 0.606083 8.563162 -0.082150 0.103157 -0.601854 -0.726946 -1.390598 -1.611361 -1.727736 0.233200 -1.446945 -1.677374 1.551578
13 0.143027 -0.462376 -0.817183 -0.045422 -0.255687 -0.137841 -0.279436 1.458960 -0.340432 -0.015313 -0.406421 -0.097484 1.596287 -0.340677
12 -1.489973 -0.019256 0.365032 0.599196 -0.342829 -0.294374 0.582860 -0.462481 -0.007514 -1.403075 -0.913536 6.380279 -1.233774 -1.760555
1 1.356006 0.071122 -0.261162 0.773641 -0.089905 0.120676 1.285185 -0.320882 -1.545257 -0.396928 -0.072516 -0.915923 -1.044821 1.040764
10 0.262267 -0.020051 0.745360 -0.423726 -0.268876 -0.676151 -0.075912 0.347241 -0.416954 1.277873 -0.713022 0.563408 -0.457266 -0.144191
7 -0.268490 -1.093392 0.084750 -1.190940 1.860225 -0.139246 3.228106 -0.575082 -0.446426 0.096735 -0.867132 -0.649876 0.400268 -0.439499
12 -1.645455 -0.744930 -1.054196 -0.950051 -0.611474 -0.788046 -1.763655 -0.641651 -0.855467 -1.063153 -0.051983 10.442535 -0.294442 0.021968
12 -0.151040 -0.682519 0.301939 0.152583 -0.286861 0.054708 -0.001237 -0.766409 -0.413285 0.403114 0.242761 1.222596 0.007007 -0.083357
12 -1.410316 -1.487992 -1.211450 -1.236523 1.941815 -0.576427 0.655000 1.350099 0.020562 -0.369295 -0.395633 3.124470 -1.000852 0.596542
12 0.221829 -0.519432 -0.087904 -0.040401 0.080662 -0.345581 0.618611 -0.900222 -1.620986 -0.067003 -0.005309 2.679124 -0.232296 0.218908
5 -1.364679 2.554272 -4.301343 -0.760830 10.413716 -0.462061 -0.902176 1.765225 -2.747512 -2.038813 -3.139869 2.289946 0.207121 -1.512997
3 -0.357964 -0.143922 1.803627 0.342898 0.145504 -0.016910 -0.550383 -0.888701 -0.953447 0.500094 0.374477 0.408846 -1.624778 0.960660
12 -0.435262 -1.682229 0.392563 -1.745052 0.785802 0.512936 -0.818333 0.854386 -0.790689 1.564252 -0.129314 1.709928 0.027859 -0.246847
3 0.696553 0.977485 1.067771 -0.451075 -1.054136 -1.271314 -0.306673 -0.639176 -0.190643 0.769157 -0.647691 0.735628 -0.508322 0.822436
14 -0.012285 -1.588604 0.488180 -0.485683 0.043137 -0.702479 0.269282 -0.340915 0.755715 0.075684 -1.668680 0.849944 -0.139791 2.456497
12 -2.920921 0.057777 1.088661 -1.169988 -1.261516 -0.978688 1.294873 1.162452 -1.470329 -1.712521 -0.375059 8.490233 -2.963967 0.758994
11 -1.100265 -0.434437 -0.076631 -0.850090 -0.646904 0.842625 0.496457 -0.618044 0.725764 -0.016039 2.702688 1.612733 -2.429837 -0.208018
14 -0.424693 -1.108616 -0.847670 -1.796234 -1.303194 -1.249005 -0.565760 -1.168681 -0.485660 0.331820 -1.159687 -0.327986 -2.051379 12.156745
14 0.432585 0.656850 0.335572 -0.709405 -1.030807 -0.523915 -0.522352 -1.130959 0.395130 -0.499242 -0.493454 -0.167332 0.308433 2.948896
14 -2.481223 -0.379862 -1.431941 -1.970296 -1.542237 -1.293103 -0.080548 -1.088963 -2.599468 3.446802 -0.073171 -0.190123 -1.049371 10.733503
14 -1.344384 -1.252018 -1.337366 -1.233128 -0.703365 -3.183711 -0.370236 -1.250000 2.094836 -0.566777 -0.236378 -2.265841 -0.301422 11.949791
4 -1.351411 1.390012 -0.344847 2.402102 -0.270321 -2.184796 -0.817665 0.323949 0.183035 -0.411015 -1.238584 -0.667015 1.808142 1.178414
14 -2.101446 -0.249541 -0.126312 0.631940 -0.258210 -0.070519 -0.553450 -0.973577 -2.049674 -0.301536 1.405013 0.405913 -0.065406 4.306805
2 -0.257253 1.165639 -0.176454 -0.601608 1.004379 0.554948 -1.470574 -0.222273 0.002774 -0.887446 0.156870 -0.331717 0.772637 0.290079
14 -0.313594 -0.315822 -0.310006 -0.032212 0.562131 -0.936332 -0.045718 0.853907 0.764128 -1.939293 -0.715573 1.144496 -0.984685 2.268573
14 0.362407 -0.269658 0.063361 -1.376773 -1.507523 -2.202819 -1.500621 -1.470401 -0.408290 -0.320582 -0.486095 -0.309471 0.167545 9.258921
14 -1.060109 -2.002322 -0.286889 -0.426695 -0.502084 -0.497767 -1.243077 -0.084637 -1.424269 -0.903026 -1.495345 -1.898681 -0.285902 12.110803
14 -0.504535 -0.602064 -0.447686 -1.127450 -0.184262 -0.089469 -0.044252 0.016854 1.251626 -0.863632 -0.635104 0.274895 1.218831 1.736246
14 0.127616 -1.547802 0.685567 -0.145392 0.233801 -0.179673 -0.569335 -1.080042 0.106396 -0.596609 -1.261825 -0.289470 1.924806 2.591961
5 -0.615140 -0.779183 0.284403 -0.279757 1.655800 0.015513 0.183491 -1.250177 -0.549379 1.163964 -0.015049 -0.796086 -0.507412 1.489013
14 -0.819023 -1.693366 -0.856089 -1.496745 -1.443804 -0.701476 -0.936864 0.526250 0.304828 -1.942912 -0.956669 -0.356031 -0.872385 11.244286
5 -0.574449 0.102004 0.671285 1.002613 2.794238 -1.028459 0.753032 -1.257910 -1.372065 0.142670 0.414556 0.326419 -2.206017 0.232082
14 -0.711750 -0.053129 -0.009211 0.035981 -0.649162 -0.815122 0.328381 -0.501122 -0.706402 0.538740 0.192259 0.049067 -1.057362 3.358832
14 -0.697719 -0.852287 -0.270744 -0.451612 -0.374794 -0.626405 1.295367 0.056374 0.417966 -1.048077 -0.337656 -0.714667 -0.503742 4.107996
14 0.496413 -1.118535 0.272814 -0.190173 -0.129126 -0.283132 -0.404897 -0.324425 0.549538 -0.456241 -0.207048 -0.177918 0.189823 1.782906
14 -1.327508 -1.062359 0.725042 -2.040511 -1.509027 -1.172902 -1.810959 -0.997961 0.270859 -1.046829 -1.463167 -0.796482 0.017204 12.214601
14 0.225352 -0.545057 -0.398292 -1.714719 -0.555812 0.934183 -1.249073 -0.749533 -0.732944 0.876720 1.219048 -0.739764 -1.188443 4.618334
5 -0.121644 0.281148 0.371350 0.945924 0.969259 -1.242017 -0.276171 0.058644 -1.435901 0.657503 0.912092 -0.292539 -1.223392 0.395745
14 0.106372 -1.593265 -0.549911 0.140976 0.892428 0.038321 -2.242078 0.171046 0.281166 -0.480152 -0.965700 -0.906384 1.693764 3.413416
8 -1.828463 1.374545 0.036526 0.350043 0.927554 -0.321153 -0.290392 2.953688 -1.230028 -0.980977 -0.437322 -0.579408 -0.311109 0.336496
8 0.266063 -0.443486 -0.938949 -1.157774 -2.032187 0.312206 0.082925 10.440134 -0.376897 -2.358515 -1.432411 0.296000 -0.903048 -1.754062
5 0.856227 -2.078620 -1.125635 -2.345544 16.063168 -0.526285 -2.514193 -0.604161 -0.741816 -1.049550 -1.655012 -1.114935 -1.562382 -1.601262
8 -0.178549 -1.472055 -0.337720 -0.369011 -0.842747 -1.071932 -0.068334 8.698002 -0.337378 -0.899212 -1.286134 -0.740164 -0.790206 -0.304559
10 0.720727 -2.502738 0.847154 -1.063810 -0.714165 -0.659578 -0.931233 1.685086 1.587472 1.782819 -0.892560 0.193484 -0.084677 0.032018
1 2.260285 -1.338155 -0.687611 -0.398713 -0.795022 -0.020627 -1.135632 -0.468601 1.361881 -0.543102 0.603966 0.823705 0.675394 -0.337768
8 -0.817950 -0.150369 0.535177 -2.209710 -0.356414 1.561387 0.267547 5.056546 -0.578756 -0.660965 -0.821461 -1.130134 0.059760 -0.754657
8 -1.623179 -0.814822 -3.429656 -1.792944 -1.307280 -0.364707 5.405927 8.300159 -1.720919 -0.445835 -1.684941 0.431542 0.186761 -1.140105
8 -0.182253 0.317490 -0.534481 -0.560960 -0.454774 -0.209439 -2.573817 7.483984 -1.058592 -2.066350 0.156183 1.457673 -1.632192 -0.142471
1 1.509740 0.765261 -0.019135 -0.289922 -1.210680 0.299696 -0.342129 0.776611 -0.003939 -0.441927 -0.626833 0.760242 -1.225269 0.048284
8 -0.354848 0.425589 -0.220162 0.495848 0.047075 1.159351 -0.739364 1.292649 -2.323327 0.460638 0.955035 -0.666297 -0.924154 0.391969
8 -1.588020 0.506225 1.525295 -1.454481 1.454817 0.959467 -0.272715 6.383885 -1.339677 -1.335998 -1.364340 -1.153753 -2.743602 0.422896
13 -1.001833 1.377631 -2.195569 -0.033298 -0.103159 0.543770 -2.124924 0.200586 0.061520 -0.329883 -0.406699 1.027387 1.678891 1.305582
7 0.391347 -0.259370 -0.452548 -0.406320 -0.317136 1.150325 1.245718 -0.002427 0.084471 -0.163509 -0.086731 -0.611616 -0.194765 -0.377437
8 -0.476213 0.850526 -0.216220 -0.883641 -0.235478 0.658734 -0.850153 3.558434 0.875185 -0.638385 -0.988311 -0.355646 -0.930367 -0.368466
5 -0.614289 1.438097 -0.036341 0.564730 1.936337 -0.139974 -0.395331 0.675887 -0.937728 -0.851015 -1.420827 0.085407 0.248576 -0.553530
13 0.839498 -0.233000 -0.633352 -0.538692 -1.366545 -0.282549 0.733129 0.145126 -0.031420 -0.462852 -0.263316 -0.718245 2.444790 0.367429
8 -0.025094 -0.152254 -1.651889 -0.148719 -0.543947 -0.657164 -0.388381 2.888346 1.296447 -1.476915 -0.047218 -0.195387 -0.021272 1.123447
6 1.254844 0.822782 -1.520053 -0.300572 0.491959 1.630881 -0.564412 -0.141620 -0.626344 -0.405149 0.256067 -1.030036 -0.436704 0.568359
8 -1.139881 0.028779 0.651228 -1.969807 0.168071 1.435956 1.147673 3.363954 -1.970408 0.975050 -0.340381 -0.714257 -1.857568 0.221591
8 -1.371235 0.802658 -0.242146 -0.497102 0.271442 -0.822353 -0.387788 3.915059 -0.597344 -0.890956 -0.335479 0.367949 -0.019796 -0.192909
8 -1.020476 -0.930267 0.683447 1.073574 -1.532936 1.573830 -2.159316 4.311273 -0.699763 -0.396761 -0.870047 -0.127996 0.515001 -0.419562
11 -0.902606 1.367267 -0.879573 0.803581 0.515268 0.252331 1.109021 -2.465597 -0.360358 0.201239 1.808279 0.285028 -0.450915 -1.282967
3 0.607996 -1.495776 0.855378 -0.190212 -0.067812 0.305850 -0.174074 -0.064279 0.118917 0.354506 -0.507851 0.545794 -0.143188 -0.145249
9 -0.588453 -1.823995 -0.500577 -0.140410 -0.105145 -0.388036 1.007354 0.624280 2.038537 -0.652569 -0.603734 1.383200 -0.602301 0.351849
13 0.322740 -0.066518 -0.093347 -0.321620 0.100829 0.296092 0.103138 -0.434555 0.355116 -0.414130 0.142418 -0.012801 0.711031 -0.688393
10 -0.060004 -0.712896 0.655290 -0.699384 -0.011124 -1.580529 -0.498352 -0.761555 1.428875 1.867406 0.553171 -0.026367 -0.066490 -0.088042
9 0.809583 -2.042726 0.172288 0.133706 0.911012 0.191684 -0.218836 -0.709612 3.643266 -0.598026 -0.078626 0.139055 -0.887007 -1.465761
13 -0.233620 -0.898582 1.190815 -1.043675 -0.607260 -1.460748 -0.331820 0.426593 0.920305 0.612441 -0.693042 -0.669442 4.608195 -1.820161
13 0.326903 -0.587697 1.097352 -1.401787 0.513203 -0.863105 -0.261985 -0.882508 0.376453 0.517761 -0.452751 0.757317 2.103562 -1.242717
6 -0.122669 -0.747310 -0.036805 -0.206455 -0.354092 0.701244 -0.154811 -0.313658 0.624292 -0.027566 -0.263246 0.496318 0.070870 0.333889
9 -1.461680 -0.126760 1.114278 -0.007183 0.261294 -0.068989 -0.632846 -0.752960 1.255709 -0.126413 -0.109542 0.375346 -0.785904 1.065650
9 1.394392 -1.491753 0.050607 -0.326614 -0.488356 0.072403 -0.414667 0.059120 4.155168 0.226221 -0.271583 -1.160135 -0.500318 -1.304486
9 0.223893 -1.074371 0.132776 0.130800 -0.118786 -0.245980 -0.368419 -0.474158 2.285912 -0.411352 0.016047 -0.029679 0.371057 -0.437740
9 -1.005166 -1.043770 0.599678 -0.542982 0.073825 -0.248393 0.257140 -0.260148 1.595654 0.646748 -1.327511 0.218741 -0.381946 1.418130
9 0.542069 -1.255378 0.824612 -0.661710 0.734196 0.802072 -0.587520 0.859098 1.320101 0.293262 -0.963599 -0.397347 -0.963648 -0.546207
5 0.977806 -2.841834 0.093264 0.835376 1.090873 0.202461 -1.372632 -0.861392 1.045653 0.574951 -0.405988 0.288261 0.998795 -0.625593
14 0.422082 -0.347719 0.464266 0.796745 -0.776579 0.267060 -0.056725 -0.296578 0.426576 -0.333504 -0.896305 -0.743859 -0.436930 1.511469
1 1.095322 0.783630 -0.424649 -1.512714 1.093557 -0.784401 0.974943 -0.036818 0.329733 -0.099984 -1.244269 0.356653 0.037140 -0.568142
14 0.795149 -1.657463 0.124632 1.129395 -0.494248 -1.185638 -0.896940 -0.315935 -1.211029 1.268487 -0.162798 -0.025549 0.601971 2.029966
4 0.791835 -2.253352 -1.016251 3.513748 -0.630647 -0.709919 -0.555105 -0.095262 1.925429 -0.964888 -0.888929 0.319158 1.167871 -0.603688
14 0.618488 -1.090962 0.834285 -0.749179 -0.309544 -0.177952 -0.847421 -0.568296 1.059259 0.282110 -0.629248 -0.272119 0.739099 1.111480
