11 -14.387320 -27.734138 -7.806996 -9.229733 -8.122076 -21.274810 75.223426 -29.620180 -11.394498 -23.134506 135.221198 -9.918718 -29.024343 -18.797309
14 -1.168712 -8.014724 1.419086 -9.200248 0.996612 0.223987 -0.904448 15.552426 -2.574864 -1.664086 -4.423046 -5.593312 -6.553781 21.905109
9 -8.096387 -12.734594 1.833744 2.254064 -1.317656 -9.148627 -7.929614 -11.629061 50.682417 0.427768 2.452190 -8.356365 10.922919 -9.360802
1 69.581238 -2.057015 -5.343836 -4.487754 -9.490830 -3.352936 -4.435643 -3.723170 -3.043321 -7.194234 -8.973101 -7.039790 -6.124846 -4.314763
6 8.208244 4.010178 -0.205528 4.140174 -2.281812 13.816393 -17.961635 -0.816163 -7.614818 -1.640585 2.931197 1.452906 -14.194508 10.155961
1 15.478834 -3.510944 -1.678445 -2.107604 -2.640107 -3.048706 -1.966849 -2.137633 1.491030 -1.212790 -1.552546 6.238751 -0.812915 -2.540075
6 3.607895 -2.086218 -0.995294 -0.394340 -2.190538 20.794196 -4.160941 0.612288 -5.967683 -7.965603 -3.284472 -3.255154 5.275661 0.010205
2 -3.071484 8.346279 4.255687 -0.522678 7.387335 3.699210 -0.614268 -4.132099 -4.430236 -5.056615 -5.313200 3.846186 1.272106 -5.666222
5 -14.547146 -5.349172 -12.261786 -2.099959 101.561197 -4.417489 -5.134659 -2.762684 -9.201682 -0.741035 -10.592410 1.680976 -16.707368 -19.426776
5 3.868196 -20.156398 -4.592560 -1.367609 52.717024 5.773419 -15.416761 -9.789425 -5.979656 5.579973 -8.602189 5.607855 -12.740615 5.098749
1 10.208492 -3.406752 4.830117 -8.372054 5.454161 -0.187262 0.890305 -4.641699 -14.732397 6.171345 -6.524861 5.382209 -2.398484 7.326877
3 -3.279643 -8.680451 26.511019 9.102156 8.998694 -4.101076 -8.044533 -6.157795 0.359827 -3.672327 -8.685006 2.387647 -0.948604 -3.789909
3 6.766102 -7.048897 73.421717 -9.941383 -8.676649 -7.282679 -4.325654 -6.497790 -4.470481 -8.819666 0.823666 -16.115350 -12.377986 4.545049
4 -9.042558 5.724704 -1.228704 9.558581 1.879845 -2.791441 2.627596 2.288375 -8.801679 -4.143435 6.128601 0.234862 -7.801858 5.367114
1 153.485073 -10.624112 -6.791932 -10.619442 -11.057379 -16.817500 -7.354464 -9.193959 -14.751094 -13.949168 -9.412601 -16.130268 -24.636458 -2.146694
11 -10.756567 -14.129512 11.319216 0.973382 -12.591879 -12.332135 -10.723608 -6.924669 2.942928 -16.397802 75.339746 -5.928248 6.264060 -7.054913
4 2.385340 -6.752416 -3.397868 21.818002 -8.237516 9.122168 6.548453 -10.372184 0.152525 -1.249318 -6.306063 -2.754587 -0.641315 -0.315222
12 -14.108312 -12.564242 10.516880 8.581366 3.504233 -3.805689 -3.159780 -19.109625 -10.097375 19.180220 -7.618685 39.615685 -13.286208 2.351533
14 6.552570 0.456226 11.101629 -10.307303 -14.311562 -6.863628 -8.844011 -10.760516 -17.105393 -2.107582 9.667037 -0.358485 -10.170779 53.051796
11 -2.615629 -12.498406 -3.826634 -14.156302 -7.721046 -4.769898 -3.385231 2.776885 -7.761440 -9.856707 65.170837 6.523531 -5.804025 -2.075939
3 -5.779855 -11.788706 78.108064 -3.397670 -7.065456 -5.394765 -5.910330 -9.191260 5.184213 -7.447642 -3.840245 -12.510920 -4.686921 -6.278506
12 7.292080 2.327260 0.052509 -3.897382 0.281372 -7.460398 -7.918350 -14.475258 -6.323773 5.167028 0.386776 13.269548 6.738859 4.559727
14 -3.558630 -7.304483 -8.836294 -0.047129 -0.689413 13.957049 5.213328 -20.884649 -1.477580 -4.466114 15.608700 -4.564257 -2.032219 19.081689
9 -9.281277 7.329548 3.449552 -7.988900 -2.972741 -3.547342 1.431795 -6.591036 23.199835 2.144683 4.150144 -7.108236 -4.817570 0.601543
14 -13.921853 12.599529 -8.687445 -1.549149 2.196452 -6.558727 0.258922 4.223823 -8.439060 -2.448529 -2.609482 3.355848 6.709468 14.870203
8 -11.366215 3.231196 -8.936384 2.001195 9.276599 -1.181223 -1.782576 34.940657 -7.446979 -9.892477 1.259227 -5.077135 -11.318533 6.292652
14 -1.470647 -0.990840 -4.058657 -5.992141 -3.636104 -5.051228 -0.178293 -7.888362 5.158710 -5.813245 -4.046881 6.747415 1.298278 25.921994
2 6.462960 52.870885 -16.326380 -5.752437 0.546289 -1.099831 -10.275529 -14.099981 -1.001843 0.866120 -8.158431 -3.991288 11.224764 -11.265300
1 101.221341 -4.687709 -8.228651 -19.793654 -11.471297 -3.619989 -10.935086 3.267772 -16.674490 -8.967912 -0.107421 -6.595893 -17.882603 4.475594
2 4.078019 7.753799 -3.813498 -2.368975 2.167420 3.910607 -7.231103 2.196105 -7.306559 4.412234 -6.509710 -3.717820 5.830953 0.598528
5 -2.076118 -7.865091 -2.203335 2.110382 53.487094 -4.869941 -3.746258 -4.367685 -4.371008 -4.578050 -3.207972 -6.817846 -3.835044 -7.659125
14 2.544031 -5.500856 1.623416 -2.825726 0.143980 1.766760 -2.337164 0.894989 -3.473603 -0.649955 2.802169 -7.282031 5.922276 6.371713
6 0.539955 -16.136131 -2.783523 -11.162068 -4.209867 34.092879 -2.800598 -4.394581 -4.267247 -4.679094 -13.453607 -0.879465 -3.254576 33.387922
12 -4.522445 10.979581 -8.701327 0.865611 14.175829 0.708510 -10.581256 0.416068 -12.520617 -11.363258 -6.160675 18.814254 -2.467671 10.357401
7 -5.563152 -0.392990 -8.217778 -7.343424 -2.431661 -10.868267 88.400901 -8.267684 -21.712473 2.271892 -1.775971 0.143130 -16.694340 -7.548179
14 -2.649569 -25.730618 -14.839721 -4.073680 -14.880707 -6.202339 -5.540854 4.774435 -18.083644 2.795530 -7.996367 7.337924 -8.153329 93.242936
2 -0.210303 13.787799 0.508424 -1.985603 2.274415 -3.055555 -2.466891 -7.394555 -4.300905 3.159378 2.040707 1.584443 0.978060 -4.919413
2 -8.946701 63.359715 -0.464089 -10.737701 -10.032648 -5.773359 -6.725359 -13.569900 -10.742583 -7.819330 22.989080 -6.111266 -15.403331 9.977476
2 -6.473310 77.908216 -1.819461 -1.623332 -1.920128 -4.051011 -4.140963 -20.006593 -11.757758 -3.649325 -4.339723 -1.968863 -7.302563 -8.855186
14 11.884262 -1.188165 2.565781 -2.183135 -2.771223 0.567615 -3.243980 1.165113 -14.803322 -1.650734 0.227476 -1.146469 -1.639953 12.216733
6 -5.938291 -7.265226 -6.548395 4.451676 -4.516156 14.844252 10.427742 0.975427 -7.831859 -3.599303 6.226233 -7.054408 0.457144 5.371163
3 12.982662 -2.539367 42.656668 -3.731089 -11.905273 -20.806767 2.090724 0.873207 -22.370323 9.326355 12.979355 -3.149133 -3.308874 -13.098149
13 0.213357 0.062459 -5.704103 -4.862715 7.494467 -7.872570 -4.636110 -1.304571 1.772013 -2.260774 -0.225075 -2.846436 29.313057 -9.142999
3 -6.697152 -13.396396 106.815943 -3.732262 -5.340318 -11.810049 -1.899708 1.568895 -6.971137 -6.187708 -15.121935 -8.097841 -22.270652 -6.859683
6 -13.681442 -17.862016 -1.558580 8.816753 -15.349964 38.484182 -0.899615 -3.487740 5.516482 -11.948941 -6.711740 -0.771672 25.342407 -5.888116
12 -0.719067 -11.896297 -2.761944 -1.714204 6.845904 -6.612918 -10.848134 -6.469687 -2.502955 15.913090 7.269691 23.035609 5.720865 -15.259955
14 -5.900741 -13.235085 6.590535 0.902244 7.508476 10.028757 -8.281899 -4.393040 -14.006672 12.385382 -2.526451 5.845047 -8.918348 14.001795
13 -0.981709 -6.431969 -8.427542 10.558119 -3.087343 -0.527996 0.431735 -12.235080 -9.652277 1.950804 -2.896504 -2.262598 34.257531 -0.695168
11 -7.815523 22.081735 -3.087273 1.483515 -4.282338 -0.032868 -4.651275 -5.787894 -4.560169 -6.895667 29.317620 -4.807014 -7.173231 -3.789616
13 10.040625 -2.606359 -0.543964 1.116540 4.524375 -4.040289 -10.914479 7.059237 3.358353 -10.659267 -9.136864 -3.497916 18.141132 -2.841123
14 -2.401654 -9.418536 -3.440393 -8.502696 5.639300 -3.601806 -1.557431 -16.057500 -8.186099 5.894506 -6.577936 3.227253 -4.430686 49.413675
14 5.134122 -0.435546 -1.816959 1.132633 -2.632818 3.701845 0.222212 -6.823076 -3.095870 0.368564 -4.661517 3.682257 -2.463808 7.687960
14 -2.706689 -22.216234 -1.499918 -2.363123 -4.025532 -0.311842 -15.384798 -11.526368 -2.040612 -1.643257 -9.173970 -0.752479 -11.261826 84.906648
11 -9.757800 -20.366684 -10.451882 -4.004395 -4.087516 -20.822168 -20.840382 -22.312161 -10.904607 -7.817491 136.715551 2.415524 9.024480 -16.790471
7 0.562775 1.388061 -6.478582 3.302749 -3.594777 0.044430 25.463570 -13.131914 -4.577130 -6.213368 0.078983 0.135182 -5.464965 8.484987
6 -6.459049 2.142188 -9.591742 -2.728633 -1.167109 35.793463 -3.874244 5.267885 -10.034202 -6.683430 1.938541 5.495281 -9.761420 -0.337528
4 -2.334548 -23.199472 4.147674 81.573183 -15.573089 -10.126783 -7.085076 4.452412 -1.790656 -5.594477 -2.599778 -3.856332 -14.308518 -3.704539
4 -6.160258 -18.523497 -4.859951 94.929984 -11.576890 -9.800803 -3.803138 0.244705 -6.227576 -6.699989 -7.895867 -6.893435 -11.298672 -1.434612
4 -12.037353 14.080922 -12.501764 59.690518 -4.935204 -3.901703 -7.374572 10.662066 -19.439353 -7.609451 -0.550523 -11.161729 -18.675362 13.753508
7 -4.879612 8.067544 -9.689496 -4.373206 -18.540556 1.155309 98.389180 -17.677054 -7.346659 -12.469246 -14.063464 -3.676207 -13.204667 -1.691867
7 -11.375177 -7.895584 -10.975711 -6.775539 -14.953032 -22.419445 142.213686 -14.055763 -13.697768 -8.066305 2.181708 -15.738744 -4.657976 -13.784349
7 12.458414 -7.651774 2.571189 4.145871 -8.465207 -4.869837 25.804376 -8.588373 -7.461423 -1.773850 -7.662160 4.036759 2.135622 -4.679609
7 -9.844947 -17.677407 -6.815386 -9.141331 -10.572632 -15.796539 123.378802 -6.948346 -14.777221 -8.320879 17.405323 -11.049311 -15.859975 -13.980149
7 -7.816128 -9.446985 -7.078123 -7.755072 -8.516615 -12.935264 90.785686 -2.851836 -9.752942 -5.661365 -1.031424 -9.288130 -8.845578 0.193778
6 0.263493 1.126199 0.815858 -9.468809 -8.425424 65.857037 -2.786491 -3.825421 -9.887969 -1.919423 -4.784887 -7.270817 -13.471604 -6.221742
9 -4.527076 -1.187965 0.740076 1.518874 -1.639096 -2.396746 -2.872902 1.109586 15.918730 -6.797701 3.669468 -0.603016 -6.530021 3.597791
10 3.114084 -1.201784 6.209249 -1.394558 8.021958 9.450203 2.817903 -13.350592 -9.302527 16.915813 4.091976 8.613668 -22.550328 -11.435065
8 -9.255806 9.816746 10.961502 -5.021143 6.549413 -6.970056 0.380332 34.694409 -0.383819 -22.674854 -3.125452 -7.241519 -2.483418 -5.246334
8 -9.041900 20.237799 -10.613432 -0.757230 -2.345599 -1.488716 -2.528302 20.450090 -1.720516 -4.706106 0.488299 -9.674837 3.685783 -1.985331
13 -11.685082 -13.499821 2.394511 8.447347 -10.876228 3.585330 -9.941559 -9.823495 1.713013 8.674416 -15.330723 -9.661066 57.032432 -1.029080
4 -11.669961 -9.609997 -9.823258 83.565488 -15.315224 -9.247592 6.002853 1.365418 8.474303 -15.124220 -11.556927 -9.430471 9.784661 -17.415072
4 -12.031573 -24.726118 0.055631 85.506869 -10.853596 -15.371393 -7.252649 -4.036971 -5.377618 3.894314 -9.594370 -3.147432 8.463255 -5.528353
4 -9.426471 -17.394195 -4.687077 94.652797 -17.719457 -9.462495 0.738225 -8.995064 -2.711191 -3.665908 -6.465720 1.484729 -18.759093 2.410921
11 -0.581637 -2.482241 -0.668818 -5.784496 -2.667625 1.992801 -3.507116 -1.387020 -3.342067 -5.452175 28.649060 -5.586661 5.037797 -4.219803
7 -3.219089 3.942857 -2.814468 -3.319272 4.089519 -6.595813 9.882430 1.053853 -8.776743 0.004002 9.059944 -3.560741 3.763055 -3.509535
9 0.190268 -3.947993 10.608931 -3.929926 4.899976 1.181666 -2.352064 -5.850882 16.183133 -9.706095 3.036962 -6.841711 4.262408 -7.734674
4 -5.495473 -4.545699 -4.693868 90.375374 -10.513151 -12.081029 2.264175 3.022565 -15.366871 -12.272744 6.392233 -20.286243 -7.222075 -9.577193
5 -8.618435 -13.787002 -3.091598 -3.019117 105.814844 -9.250182 -5.771661 0.736742 -15.366999 -8.310118 -6.928242 -4.798522 -21.192741 -6.416965
13 -4.444754 5.021722 -9.304341 2.917386 -0.391603 15.866391 -4.700272 -3.084743 -4.083198 -9.200398 -5.496946 -10.427947 21.642519 5.686184
9 -1.318225 -2.486083 2.685031 -0.928947 -0.843827 -1.964519 -1.672023 -1.747386 5.357012 -1.140950 0.371804 -0.905005 0.659131 3.933986
11 -6.664191 -5.793793 2.453690 -9.860098 -11.371199 -5.367599 -3.178283 -15.690510 -6.164019 -20.011033 101.533995 5.478792 -7.834393 -17.531361
11 -11.272462 -7.663275 -7.388055 -5.762407 -9.996922 -8.783804 -3.599733 -9.852852 -16.680870 -19.706564 133.251560 -8.199220 -14.304240 -10.041152
11 7.519449 -4.463455 -19.280399 2.050676 -5.728010 19.705032 -13.752321 1.697021 -19.532090 -10.248292 38.268664 10.125389 -2.661249 -3.700414
6 3.922582 -9.729428 9.722516 -10.979061 6.413396 14.713733 0.645141 -8.098008 0.273965 2.678403 -6.316544 -2.010636 -3.535886 2.299824
1 80.844141 -1.942836 -7.910530 -14.586100 -1.819868 -10.966894 -8.250071 -2.925367 -9.509307 -17.605958 -9.953803 -7.829368 -2.985331 15.441294
13 -2.833760 -2.735045 2.905257 0.716797 -8.435908 -3.179437 0.447204 -5.522738 -13.013698 -6.754982 -0.526013 -8.324427 41.224838 6.031913
3 -4.828319 -5.875494 51.680016 13.765237 -7.505146 -11.846823 -8.493207 -13.085930 7.094035 1.729664 -11.499325 -10.975103 -10.420598 10.260993
4 -8.038581 -6.683727 -8.755845 97.229419 -8.568957 -20.509877 -3.103020 0.392063 -18.753643 -8.775712 -4.978383 -8.319947 -6.376426 5.242637
4 -1.602995 5.739628 -0.319851 89.219737 -7.705676 1.688417 -2.634967 0.404658 -26.661536 -17.062272 1.359910 -8.762081 -21.327983 -12.334987
2 0.559053 59.211316 -1.575983 -0.562697 8.732185 -6.504604 -8.937351 -13.963255 -14.933826 -13.015735 -10.965201 -4.852449 -5.080013 11.888561
3 -6.029242 -6.004920 14.035837 5.032270 -0.904029 -5.536357 -3.939839 -10.311116 -2.014814 10.710833 -0.161256 2.309018 -0.715348 3.528963
1 0.000000 0.000000 0.000000 0.000000 0.000000 0.000000 0.000000 0.000000 0.000000 0.000000 0.000000 0.000000 0.000000 0.000000
2 -18.631823 86.263729 -5.683832 -3.319660 -3.104539 -2.923327 -5.316978 -3.775801 -13.244997 -7.645998 -0.986704 -9.656736 -9.620703 -2.352628
13 -3.798514 -8.533164 3.893638 3.501686 3.863873 -5.555772 -4.383472 -6.462184 -13.372178 8.673050 -7.617424 -3.173137 30.815297 2.148299
1 83.673854 -14.640074 -3.472289 3.613478 -4.750243 4.059748 -7.525255 -2.596620 -8.173831 -18.954071 -3.724444 -12.960447 -16.571596 2.021791
7 -10.513614 -7.282319 -4.214023 -6.976692 -12.517551 -12.113597 120.162252 -15.017889 -18.602873 -8.624479 7.655327 -7.672892 -15.431229 -8.850419
6 -15.495319 -17.711744 -16.634027 -12.637485 -24.866374 196.572115 -12.969360 -2.551696 -9.338279 -29.493808 -14.109318 -20.334502 -15.461262 -4.968939
4 2.557118 -11.502932 -3.687918 8.973451 -0.452048 5.428383 2.336207 1.928315 -7.414549 2.191809 2.469640 -1.691754 -5.916699 4.780977
13 -7.315291 2.186063 -1.293650 -7.281898 9.104669 15.174044 -17.727638 -16.354855 -1.302440 6.108612 3.010539 -9.206404 30.650921 -5.752677
1 92.364249 -4.567998 -9.837425 -7.160135 -4.951368 -2.014098 -6.244404 -8.722978 -10.883243 -7.606225 -2.106553 -11.799778 -18.255277 1.785235
3 -2.576383 0.291912 13.506855 -1.223373 -2.988851 -5.727920 3.865048 -4.488039 -8.425980 2.275519 5.327732 -3.041019 -6.766405 9.970904
10 -3.871330 -5.366674 18.670745 -8.804397 -4.800640 -6.100237 -8.555896 -7.429374 10.621173 36.548586 0.397420 -4.495865 -15.822039 -0.991473
1 10.364019 7.353511 -10.155903 1.042319 1.585790 7.251286 -3.711971 -9.981563 -8.960884 -1.958817 1.656343 -4.523862 5.937074 4.102659
8 -4.910200 -6.218560 0.174898 -8.978591 13.718805 -5.977228 -5.142092 34.564824 -4.046387 -0.535693 2.100499 -5.420804 1.514311 -10.843784
7 -9.542870 -10.256343 0.544709 -7.168008 -7.773233 -11.283683 79.171283 -2.624784 -16.617678 -16.804457 -6.452437 -11.243051 22.903492 -2.852938
8 0.000000 0.000000 0.000000 0.000000 0.000000 0.000000 -0.345358 3.995206 -2.755384 0.000000 -0.232139 0.000000 -0.662325 0.000000
11 1.577056 4.171866 -2.934083 -4.425793 5.964695 7.841148 -0.641448 -3.442749 -5.263270 -8.977611 10.453195 -1.897871 -4.088137 1.663004
10 1.634507 -4.344386 0.762405 -5.128958 -5.705456 -2.696237 -7.088377 -5.995491 -8.986982 42.143226 -1.856625 1.530757 -1.808557 -2.459831
14 2.282036 1.701773 -3.460964 -9.959018 -1.016064 -5.545127 3.625375 -4.059685 5.765313 -4.577771 -3.623776 10.233532 -7.907873 16.542248
13 -3.438659 -7.399354 7.203656 -6.346094 -2.845226 -2.208533 -2.719730 -5.641941 -11.273322 -2.570710 -3.857853 -3.086511 47.487194 -3.302915
2 36.281711 99.984411 -25.519552 -14.200418 -8.460453 -4.087300 -14.890102 -8.551371 -11.635294 -23.101611 10.556422 -17.371824 -12.030258 -6.974361
6 -1.884541 -0.252712 -2.276351 -2.428047 -4.088190 11.746981 -0.671218 -0.563009 1.855497 -1.522108 -1.617460 2.105603 3.323880 -3.728325
2 -4.549068 62.789446 -7.026319 -10.376473 -0.228230 2.784324 -7.849814 4.288543 -3.448157 -7.587923 -3.906418 -17.978989 -7.266227 0.355304
14 -3.125395 2.907367 1.125955 1.409162 1.646387 0.124902 -0.092466 -0.236836 -7.949853 1.284816 2.185093 1.590021 -4.980280 4.111130
4 -7.322044 -17.764656 -11.443331 87.276520 -19.150593 34.158966 -5.371502 0.317526 -5.696508 -11.010503 -16.569222 -9.745354 -5.211383 -12.467918
1 118.697887 -10.187002 -4.484234 -9.324727 -8.470460 -11.808594 -3.905201 -10.044932 2.925534 -11.228481 -7.524244 -15.641592 -16.090984 -12.912968
1 131.366856 1.646853 -9.729817 -14.848879 -9.166179 -3.419554 -6.283592 -9.901474 -8.123722 -11.513914 -4.927111 -22.667773 -18.952590 -13.479103
1 111.862982 -10.169704 -11.066985 -13.541241 -20.635347 -6.321180 -4.025444 -6.660891 -2.893992 -2.165837 -5.775303 -0.016207 -11.528741 -17.062110
2 -9.503478 24.199908 -7.334667 -13.456780 6.419692 -11.557515 -8.093297 22.168848 12.149425 7.225976 16.594515 -27.783364 1.783012 -12.812279
4 -4.910678 -11.078267 -8.481607 114.986055 -18.101471 -6.914134 -3.767603 -3.042547 -16.992626 -8.595429 -2.564653 -11.199437 -21.978643 2.641040
7 -3.421962 -1.647446 0.643459 0.078999 -3.385326 -2.679635 11.437904 -3.250897 6.171725 -6.661538 0.031469 -1.428415 -1.243486 5.355148
2 -12.384289 84.785402 -4.185428 -2.042164 -15.550050 -6.089420 8.827878 -7.075234 -1.822610 3.357573 -8.445082 -7.856440 -10.348265 -21.171874
1 11.483724 -5.901992 -0.578279 5.035620 3.018477 4.435219 -1.134411 -1.736852 -4.037112 -4.619268 3.064516 3.544703 -6.344705 -6.229641
7 14.540256 -5.635555 -4.901753 -13.419816 -2.384545 -1.201094 17.666914 9.321955 -13.326372 15.839473 -9.581980 -8.032864 -0.367472 1.482851
9 -1.544297 2.183328 2.170282 -1.166992 -10.980585 -9.918419 -2.676017 -8.826837 8.759763 -1.877173 4.758643 5.581620 8.134332 5.402352
9 -7.746578 -9.154695 2.467068 -10.662297 10.235210 10.987224 -5.480254 -7.943636 33.928991 1.053363 2.712028 -10.523201 0.228284 -10.101506
9 -6.933809 -6.397297 4.719611 -7.919104 3.131712 0.200927 -3.400681 4.969185 23.752109 3.778408 -5.110846 -9.784527 1.800250 -2.805940
5 4.786722 -13.741192 7.887875 -6.735375 62.911301 9.318829 -1.479439 9.549688 -8.939973 -13.003635 -9.772847 -10.419357 -26.567048 -3.795550
4 -1.401165 -11.726622 -5.836063 95.726689 -15.962151 -13.248860 -3.742775 2.008031 -8.141580 -14.468531 -5.625710 -3.714460 -6.404981 -7.461819
4 -9.468958 1.223118 -2.538379 94.279343 -5.696339 -12.552816 -7.834589 -4.332268 -3.162737 -11.075976 -13.497462 2.156093 -18.582740 -8.916291
4 -1.955344 -13.814444 1.745924 102.574541 -18.565890 -10.111879 -11.464411 -2.426131 -19.032390 8.571169 -5.296298 -1.649574 -27.441593 -1.133680
4 -5.270115 -5.084353 -3.067720 62.158073 -6.366160 -8.453835 -4.461289 2.323763 -10.014942 -4.013013 -2.016678 -2.640730 -10.871503 -2.221495
8 0.539591 -15.008923 -3.293734 12.827355 -6.555935 13.137766 -25.198351 14.795880 7.366446 0.870971 -8.686723 2.661962 2.267553 4.276142
1 79.647006 -12.286487 -5.205553 -12.593226 -9.218725 -5.775669 -13.720884 3.335826 -4.474606 1.197105 -11.577529 2.656602 -4.383820 -7.600037
7 0.836160 -17.090689 -0.820843 -3.663334 -2.927790 1.244645 19.234632 -1.601081 -2.757399 4.023948 4.573061 4.018325 0.765996 -5.835633
8 -2.038873 -17.334103 -4.446973 6.688784 -0.769520 -6.643401 -9.246580 67.806943 -7.962744 -2.701010 -7.431778 -7.108380 0.689898 -9.502265
1 102.982185 -12.399165 -8.140748 -7.363115 -6.471526 -20.495240 -12.419234 -8.499650 1.651134 -16.739929 -4.476350 -8.310315 11.095499 -10.413544
1 94.089523 -4.147486 -7.189910 12.603219 -9.807348 -12.227683 -0.021717 -17.610191 -0.159548 -19.052923 -6.965953 -10.114282 -5.187834 -14.207866
3 -3.954364 -13.658950 29.709136 19.409299 -8.972847 -3.549653 0.919168 -10.063076 -2.448233 -4.780399 -0.146183 2.724734 -1.387069 -3.801564
3 -5.762837 -3.980209 77.305426 -7.827334 -10.807748 -6.318192 -4.641734 7.001667 2.492838 -2.936723 -7.199504 -10.951167 -14.997912 -11.376574
1 78.010876 -10.679776 -9.910789 -2.943909 -3.867264 -4.303482 -8.322311 -4.132520 5.307667 -12.838085 5.982702 -16.179447 -8.404988 -7.718672
3 -2.510752 -3.613801 98.760008 -5.256131 -2.933725 -6.685798 -3.705862 -0.737988 -7.590207 -7.899615 -5.967559 -12.301463 -21.271023 -18.286085
14 0.981785 -12.001472 -8.084184 -0.416329 6.774552 3.035760 -1.861261 10.294144 -13.683588 5.050091 -3.060429 0.244236 0.759833 11.966858
14 -8.600320 -18.376095 -3.127171 -2.676798 -3.689078 -1.475591 -3.119722 -1.262135 -22.445192 -4.724753 -1.291693 -10.445310 -11.540455 92.774313
8 -6.557391 -1.183675 -6.100743 1.966429 -15.383243 -10.251368 15.680387 68.811474 -7.597048 2.557296 -10.681694 -9.281498 -11.326325 -10.652603
3 0.467893 -14.892412 84.253241 9.483281 -3.964788 -8.999626 -6.562855 -17.079837 2.391173 -6.884250 -5.363506 -5.468677 -16.778192 -10.601445
6 -7.648083 -5.412903 -6.076930 -0.058745 -13.894126 93.822939 1.500281 -13.267766 -6.643722 -10.406094 -6.635085 -5.460235 -12.971357 -6.848172
13 1.090630 -12.543100 9.496526 -9.962695 -7.723737 1.927562 -4.982656 -16.141644 5.346370 2.380611 1.580545 7.527995 20.084847 1.918747
3 -3.113598 -9.266542 70.010826 -7.697965 -10.526789 -3.119078 -6.045573 -6.725342 -0.705378 -0.602994 -6.923331 2.890831 -15.510179 -2.664889
14 0.247422 -1.030086 2.776870 -1.119388 0.402376 -1.182659 -2.213980 -2.464984 3.001855 -3.320498 -0.995593 0.913437 0.637035 4.348194
11 -5.026720 -5.823935 -7.715792 -6.393563 4.826821 -6.919267 7.842505 -1.186797 -6.951314 -5.259526 35.566133 -9.540915 -5.649464 12.231833
11 -14.920429 -2.059920 -7.293989 5.024367 -12.818706 -1.187162 -7.196165 2.756532 1.164704 5.906327 36.579092 9.236490 -5.557056 -9.634084
11 -10.696317 -21.555798 -7.371787 -7.894333 -10.596600 -18.298844 -2.444106 -4.463834 -14.051028 -13.555890 140.307589 -10.806446 -12.608694 -5.963911
11 -7.292895 2.445415 -6.175678 -3.648485 5.640486 -0.084961 -6.881652 1.861100 -19.754037 -14.400467 56.846755 -1.506189 -5.475743 -1.573648
1 95.966076 -3.891610 13.140930 -11.573980 -2.540986 -6.209364 -10.114417 -6.450502 -15.321471 -15.858211 -14.286043 -5.835328 -13.180191 -3.844900
5 0.027988 -6.333238 -4.309520 -3.381345 79.952779 1.500800 -2.965486 -16.460507 -15.525205 -1.047473 -2.189074 -17.039730 2.650481 -14.880465
4 -10.420032 -2.749581 -13.732535 108.676885 -5.724151 -2.681886 -3.652377 -3.739201 -5.500207 -3.651049 -19.657456 2.521916 -22.750180 -16.940146
7 -7.122265 -0.326712 -9.880222 -11.234757 -7.172076 -16.227238 124.259824 -14.461788 -13.467129 -5.048838 -10.653678 -13.127806 -5.678002 -9.859311
3 9.374208 -7.075386 14.439152 0.571071 -4.770882 9.142568 2.329914 -3.488418 6.839122 13.055323 -7.786476 0.426316 -33.247177 0.190665
5 -7.381057 1.914311 -5.838878 12.972501 77.148040 -2.622865 -9.435081 -4.863887 -10.619209 -9.820840 -9.297330 -8.608852 -17.911355 -5.635496
4 -1.176994 -10.852138 -4.702079 97.997736 -7.360311 -11.571977 -2.333103 -0.153731 -7.348185 6.712549 -15.204437 -4.985033 -18.713689 -20.308609
6 -8.910225 -5.938015 -16.382832 -14.050993 -8.911219 134.316992 -3.753472 -7.525876 0.882043 -15.678593 -18.815203 -13.974567 -18.366458 -2.891583
8 -9.996833 -9.769515 -1.111540 2.232852 -2.079391 5.401517 -0.150644 38.974896 -5.127059 -5.820887 -9.867760 12.094646 -2.508709 -12.271573
6 -7.507208 -5.216098 -9.109347 -5.696654 -6.435485 104.114224 -4.158531 -10.551331 -6.002714 -7.603581 -4.417935 -12.322177 -15.494447 -9.598717
9 5.384895 -2.652987 -5.392774 -0.746484 -5.994352 15.895954 -1.421496 -5.658000 16.704622 -6.627328 -5.631011 -0.332803 -7.844749 4.316512
9 8.950927 5.333767 8.776049 4.480912 -8.519741 -2.225999 5.428368 -2.507555 9.070057 -2.681795 8.795390 -8.798974 -14.742668 -11.358739
13 -6.813397 -14.340325 -0.844188 0.256968 -6.221612 -5.233506 -11.071148 -11.827800 19.261287 -2.410800 -8.076267 -9.855897 70.113228 -12.936543
13 9.913898 5.154884 -0.228907 -4.600898 -7.516113 -1.629039 -0.104060 -9.217763 -9.587445 -1.414664 4.116703 -1.159777 28.384507 -12.111327
8 0.526679 -2.871638 -2.066855 -1.368352 -1.259906 0.248728 -1.842693 8.516823 0.014988 -3.569053 -1.548154 -2.247316 0.875449 6.591301
9 -15.604171 -9.585958 -8.021800 -8.261755 12.925088 -0.466423 1.493299 -4.175482 39.596562 3.954565 -4.988931 -10.921377 4.385001 -0.328622
12 12.842811 -18.566209 3.435598 -0.704571 -8.243508 -6.287546 0.192572 -7.542852 -2.847921 -1.437099 7.479262 21.484076 -0.533485 0.728866
4 -9.700812 -14.891865 -6.846325 91.363050 -13.799456 -12.619020 -5.816683 7.498489 -0.013910 -15.043411 -9.838287 -5.220256 -7.620244 2.548732
14 4.291689 -14.506365 -3.043842 -5.156272 1.925928 2.282238 0.236299 0.451800 -2.150739 -2.854298 -7.874508 3.893556 7.663848 14.840666
4 -5.166041 -11.488412 -10.018631 73.982071 -8.889349 -4.007208 -10.492841 -9.921923 -22.553519 -1.368880 3.757800 1.324059 13.538568 -8.695692
4 -8.739686 -4.855864 -12.721226 119.812490 -18.291263 -5.815607 -0.220268 6.894812 -15.217573 -21.411000 -1.587615 -15.233975 -22.149861 -0.463363
3 -9.890478 12.155757 110.250521 -10.186683 -7.437449 -1.762841 -3.481161 -6.169271 -3.885303 -9.261326 -10.728407 -9.978882 -25.741968 -23.882512
3 14.460540 -2.011478 20.962815 -0.498128 -9.985519 -0.635759 -6.702891 1.193944 -8.944299 4.519160 -1.849301 -3.127190 -7.500739 0.118847
2 -2.818418 8.877339 -8.661646 -3.709979 -3.741446 -1.184572 -2.309923 5.629596 6.882229 -2.288696 -2.554427 3.412512 6.307610 -3.840183
10 -2.873455 -2.757717 -0.461209 4.522854 2.720697 5.865841 -6.606247 -3.501869 -9.981695 9.036999 4.646441 -4.820289 2.522550 1.687097
13 -6.276894 1.114356 0.555289 6.437386 3.593422 -2.656675 0.425085 -3.451379 -5.161325 -12.053297 2.156910 -0.611064 12.771770 3.156415
14 0.759278 7.295861 -5.767317 -7.312728 -0.202094 7.853298 1.106040 -1.819396 1.789192 -4.442407 0.091679 -9.647173 -5.514734 15.810502
14 -11.600676 4.086881 -0.704995 -16.023936 15.475193 11.036829 12.159952 17.321882 -24.917485 -10.570587 5.455256 -3.234282 -16.171827 17.687797
4 4.402688 -17.750660 -2.153404 13.205520 -1.784760 -5.636870 -0.533903 1.345771 -1.153911 -1.742886 -4.347324 1.945975 10.365285 3.838478
8 2.528307 -9.795638 4.334213 -6.918394 4.037898 -1.978247 0.591741 11.145544 -6.586691 6.868995 -4.846025 -12.945737 5.472385 8.091647
4 2.804443 -15.426398 -3.008336 88.331161 -17.765450 -15.880413 -7.401867 12.932699 6.648142 -23.974015 -5.733309 -11.743878 -13.271093 3.488318
4 -4.419452 -20.803561 -5.776084 94.440556 -12.242472 -13.172116 0.582669 6.450325 -8.669229 -8.878220 -7.259795 -6.274955 -2.632620 -11.345046
1 11.575060 3.357436 3.880195 -3.171921 -3.794786 2.454138 -1.893625 2.234456 -2.715686 -2.770255 -2.785347 0.888213 -6.522648 -0.735230
12 1.738435 13.997156 -1.064747 -16.109022 6.891579 -3.677453 -8.004555 14.070324 -22.719875 -7.534534 -5.914687 33.188884 0.788722 -5.650229
1 97.204134 -3.120180 0.109740 -9.048864 -20.820255 -1.499412 -10.703832 -11.144306 -3.354294 -7.510926 -7.352802 -5.537732 -12.665395 -4.555874
14 2.086334 -10.509519 6.802856 -5.158860 -5.337308 5.587282 -0.044656 -5.785655 7.273834 -13.665190 -12.271553 -2.665340 1.558053 32.129719
10 8.675935 13.813518 3.689755 -6.684179 -2.344752 6.041953 1.191326 -10.378553 -19.917124 17.370331 4.180474 2.490020 -19.980367 1.851665
4 -3.853937 -21.044984 -9.211862 66.931521 -13.058713 -3.652483 -1.118915 0.566334 -5.535299 -1.445465 -8.785663 8.587166 -16.164998 7.787296
5 -5.948297 -2.377420 -7.402578 -2.633153 83.975200 -14.463912 -7.562418 -11.986718 -3.989524 -7.602115 0.990399 -1.888856 2.460164 -21.570771
4 0.055707 -14.707307 -10.480223 97.802401 -0.081652 -21.533521 -9.819367 0.333859 -11.581494 22.603040 -10.288039 -6.056808 -28.202449 -8.044144
14 1.462108 -14.933876 -2.685988 -5.732952 -2.099064 0.247126 -3.788111 -9.098827 -1.669528 -6.248812 1.923554 -17.247228 -1.818958 61.690557
2 0.171230 5.237768 -2.316580 -1.030203 1.357190 0.605573 -0.953598 -2.400606 -0.643727 -0.507117 -1.323409 1.975853 -0.093607 -0.078768
8 -4.759699 0.714615 -4.075637 -5.643926 2.942231 2.556498 2.570107 3.839471 -0.786987 -0.147081 2.611545 -1.016191 -1.793682 2.988737
4 -5.953841 -18.278997 -10.409564 96.332830 -14.683747 0.907373 -0.361408 11.043590 -8.983451 -5.654877 -13.618021 -2.485660 -10.877498 -16.976729
10 7.986569 -25.839850 11.828027 -4.622175 -10.849738 3.629200 -2.345529 -12.937856 -3.213950 33.629885 -4.161497 33.079352 -19.268855 -6.913584
14 -7.465260 -12.029393 -1.989780 -10.430077 4.040015 5.897867 -4.948487 -2.645398 -1.537811 15.834790 -0.246024 -10.863218 -3.843118 30.225894
6 -13.394112 -3.784568 -5.244663 -4.452924 -12.486023 108.719879 -8.267301 -12.560551 3.709060 -8.392049 -9.395936 -9.450622 -9.760576 -15.239613
13 -4.225316 2.888960 -7.933668 -3.782265 3.726390 2.225448 -7.461971 -10.128638 6.505320 -3.821171 -0.637711 4.164923 20.507573 -2.027872
6 -2.217114 -1.049895 -1.451140 2.145865 0.049401 3.788883 1.565163 -7.445998 3.241486 2.882376 1.593142 -3.609011 2.950954 -2.444112
4 -12.880979 -13.658710 -9.467905 98.946948 -16.832845 -13.846705 0.182392 8.352434 -11.963405 -13.262652 -2.673872 -2.349508 -4.854251 -5.690941
10 -8.453715 -6.372661 -4.806635 -2.364135 -0.240625 -8.692998 -15.020136 -0.193478 4.238630 63.174010 -3.935576 -8.578444 4.688955 -13.443189
8 -4.752574 1.835549 -1.768814 -6.296464 -5.987950 -8.100296 -9.668110 62.780632 -3.501548 19.394132 -12.959175 -11.253776 -9.888307 -9.833300
8 -4.235527 -4.660956 3.333511 -4.736359 -12.994594 -4.067508 -3.986524 56.068678 -1.378201 -3.720975 -8.506002 -6.905956 -1.126810 -3.082778
1 84.650556 -13.100463 0.224753 4.988410 -1.223668 -20.345510 -6.870980 -13.151166 5.175295 -13.070900 -5.532468 -21.149484 -0.463176 -0.131197
4 -5.593778 5.604569 -6.952068 59.351663 -7.756337 -9.632703 -12.644882 5.488317 -9.227842 -5.482365 -4.645547 -13.932676 7.691147 -2.267498
5 -0.700770 -9.841983 -2.713176 -4.066149 52.883256 -8.119619 -10.520456 9.113517 -5.139388 -8.854636 -11.042028 -11.296830 15.962554 -5.664291
11 -9.801211 4.225377 -8.183682 3.039278 -1.054957 -13.777094 -5.602406 -14.266766 -18.023884 -2.451089 115.506756 -14.845479 -18.202621 -16.562220
14 2.882928 2.118601 1.199040 0.714676 1.848432 -3.040544 4.120946 -0.813568 -11.598330 -1.625714 2.683305 0.988224 -8.551772 9.073777
10 2.236284 -13.369713 -3.593338 2.843474 -7.783893 4.677096 -3.353753 1.528994 13.266387 16.107163 -10.471162 8.481990 -2.984799 -7.584733
8 -4.539371 -8.552378 -7.700604 7.490857 11.170244 6.550485 -4.681452 23.590936 6.196927 -3.099303 -3.449807 -8.332862 -8.169875 -6.473798
8 9.382454 2.940087 -1.421241 3.894831 7.725904 -1.172179 -2.566286 12.302679 -8.980398 -10.088770 -11.089933 0.896621 5.657336 -7.481105
4 0.796590 -13.368522 -3.530382 26.337374 9.476912 7.559275 -15.759028 -7.481976 8.980284 -6.982315 -6.278245 -1.792697 4.586479 -2.543747
10 4.511581 -2.629674 -3.256519 -4.011674 3.986736 -4.326512 2.523203 -2.396177 -2.632019 7.000157 -1.756422 -2.028929 4.073645 0.942601
4 -11.157028 -21.887269 -1.788085 94.747668 -12.318850 -10.202364 -6.314226 8.174047 -1.034752 -13.092337 -7.785441 -4.570404 -10.129376 -2.641582
6 -7.618514 -4.657629 -19.958374 9.507758 7.465223 10.044388 6.580225 9.021649 -13.290264 -2.301553 7.428847 3.777574 -4.363381 -1.635948
2 -1.031351 16.707173 -5.029357 2.930234 -7.688768 3.885095 -10.322993 -7.498713 -1.070979 15.709084 -10.344486 -7.703061 8.196318 3.261804
1 59.100801 -20.338062 -5.852837 0.968138 -8.480581 -2.322464 -10.744252 -17.711977 2.097162 6.473896 -7.581604 25.548254 -19.668269 -1.488204
6 -1.289946 -5.845304 -17.923588 -12.205197 -3.050172 91.846161 -1.680197 -4.583878 -1.997472 -16.666490 -0.275007 -18.483066 -6.807733 -1.038110
3 -5.671377 -12.038755 29.708304 -12.364778 3.354954 -1.599784 4.300079 -8.966297 -7.929942 6.518465 -4.679803 9.582332 1.685949 -1.899349
5 5.699616 3.100928 -21.745783 -4.915908 57.117429 -8.732331 -6.039918 24.343212 -7.906285 -8.763975 -15.824119 5.395083 -4.943943 -16.784003
8 -10.539455 -11.016977 -13.356957 7.252954 -5.426054 4.316303 -15.775371 90.062667 -13.038060 -14.400760 -8.790045 5.391457 -7.587791 -7.091913
14 -3.620985 -3.411483 1.328106 -3.553026 3.934423 -7.218933 0.976720 0.388535 -2.597920 5.691924 -3.708070 -1.215202 2.663486 10.342423
1 8.724215 3.852578 0.150142 2.326084 0.461163 0.451671 5.482988 -0.220465 -10.150589 2.339197 7.132022 -1.691228 -10.310126 -8.547651
6 3.987949 -11.145921 -13.319118 7.320309 -7.215986 37.122050 -10.153031 -6.886429 9.275080 -12.528508 -6.706329 16.026883 1.494935 -7.271885
12 -14.360355 2.799542 -4.336104 15.633555 -7.849624 -6.027124 -4.802942 15.465854 -2.828136 -15.447863 0.314416 19.389999 4.695311 -2.646528
3 -4.197582 -7.847302 65.205777 -0.255144 -1.320547 -3.227386 -1.509806 -5.063791 -7.265599 -3.416033 -10.124432 -9.475512 -6.703676 -4.798967
12 2.211459 -0.320705 2.557932 -3.233830 -1.910980 -4.556109 1.706890 -2.684865 7.460512 -2.889432 -3.191218 14.262683 -4.734264 -4.678074
14 2.623238 4.916475 -14.766057 -0.992450 -8.156637 9.060082 -10.056943 -5.197409 0.231259 8.202666 -15.725191 8.006630 4.863197 16.991139
14 0.157520 2.219892 2.011197 -6.909424 4.825767 0.890959 -3.757484 -2.286374 -10.154197 2.968538 2.708625 -7.916279 5.398589 9.842671
11 -1.277524 -4.229862 -3.721520 -5.304836 -7.883919 -16.626782 -3.644627 -4.145993 -3.823314 4.315353 51.906914 -3.841616 -10.370488 8.648213
13 1.060784 5.887203 1.571846 -2.641603 -3.203527 -1.350091 -2.325812 -4.472429 -5.942130 4.355000 -2.908894 -1.888510 10.709502 1.148661
14 -1.858564 1.726922 -4.697951 -0.122944 -4.403859 -2.107590 -4.765959 -7.751737 4.362239 4.860802 0.938037 9.573791 -6.880157 11.126968
1 119.698465 -11.583986 -4.342173 -10.809412 -8.092324 -14.235049 -3.700268 -7.806399 -6.694196 -6.531490 -9.114798 -9.435737 -14.713061 -12.639569
12 -1.103423 -0.740930 -5.888831 -5.104374 3.170010 -0.580615 2.963083 -9.847475 -0.290926 -3.027289 0.224704 15.131874 1.970618 3.123572
10 -2.232334 -14.922938 6.891035 4.960881 2.457439 -2.851842 -3.823532 -1.293971 -8.135209 12.644140 -0.701099 9.820528 9.685133 -12.498233
3 -2.029066 -5.394605 9.384160 -7.386483 0.832318 0.413482 6.243895 4.583240 -3.805290 -8.073624 -4.401923 3.335076 3.364098 2.934721
1 80.875107 -7.499174 -4.472555 -7.171353 -10.499166 -14.233777 -7.278283 -7.607544 5.213753 -10.751301 -1.184486 -9.629459 -0.401797 -5.359962
1 85.744370 -12.454811 -6.188726 -8.751902 3.195256 -1.956604 -9.504235 -3.209791 -8.818694 12.531246 -10.128395 -17.295056 -20.112316 -3.050342
13 -7.278597 9.104552 -4.211810 -6.717653 4.591991 0.495795 -4.926129 -9.110015 -4.099569 0.768156 -4.675735 10.516385 10.802567 4.740061
6 -0.756914 9.351219 -3.564122 -11.796766 0.771583 50.787819 -7.009741 -11.607240 -7.610936 -10.477825 -1.570329 -10.460663 12.415022 -8.471108
5 -12.193557 0.295391 -8.291108 -16.194251 76.821027 -10.317090 6.965923 18.758475 -27.032947 -0.145619 -9.620921 -18.298192 -18.705375 17.958244
6 1.205755 12.059081 -13.857123 -4.611870 -8.295485 48.929252 -11.624653 2.295216 -5.365692 -6.454499 -9.935352 -14.179085 1.741382 8.093071
3 1.287056 -16.433204 27.699296 -0.981997 -12.230814 -1.911215 -9.808586 -6.176204 -4.414119 0.854713 5.116599 20.378875 5.104505 -8.484906
2 4.254211 17.205806 -6.986681 -3.750094 -13.940292 -1.051338 7.704799 5.117425 -18.264104 -0.766201 -13.010764 16.577042 -6.235363 13.145552
3 -2.972965 -8.222575 69.580166 -7.627502 -10.369313 -3.200250 -6.097218 -5.567135 -1.823388 -0.807911 -6.923331 3.094677 -16.547538 -2.515719
10 2.621836 -2.902227 3.275717 -10.112686 3.953348 -3.356182 -6.085351 -9.626943 8.029623 15.211563 -6.338177 -0.418058 -6.661467 12.409000
6 -1.449842 -2.133537 1.920283 5.155604 -6.510729 12.345130 -1.984861 -3.467365 0.049981 -1.978992 -1.391268 -2.549134 4.259830 -2.265101
3 -13.904053 -5.624597 54.674933 -6.196245 8.857858 -12.588546 -1.486228 -5.165429 -0.109776 7.670722 3.251150 -12.070526 -15.332684 -1.976579
10 -6.348811 2.325935 3.367008 -2.940473 -3.390252 -4.649039 -9.832867 -9.446308 -6.518477 72.297331 -8.958334 0.398999 -18.290113 -8.014599
10 -5.895597 -17.299077 0.623803 -3.015977 14.162826 5.207043 -3.504819 -11.075148 -11.869293 27.430341 4.766437 9.157454 -15.808501 7.120508
7 -7.079809 -9.716090 -7.193826 -6.792173 -11.022211 -9.560417 123.444117 -11.234387 -8.572571 -7.716721 -19.146290 -7.797171 -11.770714 -5.841736
11 -8.802902 1.806534 -0.636053 6.938148 -2.440159 5.966707 -5.060364 5.872675 -16.025777 -10.916403 17.310055 4.114786 -2.662005 4.534757
12 -9.766704 -4.910597 4.260581 0.527509 -6.142651 -4.108346 4.086991 -7.064899 -6.764183 -3.832971 1.103732 56.392441 -21.241694 -2.539209
14 -3.125395 2.907367 1.125955 1.409162 1.646387 0.124902 -0.092466 -0.236836 -7.949853 1.284816 2.185093 1.590021 -4.980280 4.111130
11 -11.605257 -17.717570 1.721266 -5.529298 8.204388 -8.994128 -9.158508 -18.282046 6.382526 -11.647202 78.053106 -1.831073 -5.942778 -3.653423
11 -10.772600 -11.950300 -5.209411 -8.756586 -4.102225 -12.237935 -4.546127 -8.432690 -19.039408 -17.569022 136.270648 -6.456699 -15.343393 -11.854251
2 0.575127 22.116664 3.268195 -7.434008 2.744507 -2.807947 3.864974 9.602685 -16.435313 -3.990850 2.573601 -9.278192 -4.655002 -0.144444
3 -2.978269 -8.222575 68.974444 -7.627502 -6.374108 -3.653019 -6.268624 -5.651983 -1.918082 -0.935175 -8.372541 2.577973 -16.682969 -2.867573
11 -7.608469 15.366091 -7.303252 -1.931114 -3.802092 -11.381860 4.614891 0.309939 -14.575301 3.349185 22.661567 -1.974052 4.530018 -2.255554
14 -8.964509 -2.541840 6.435909 -5.765133 3.772326 5.042954 -2.573738 -9.269089 -16.075010 -4.045866 -4.170102 4.833925 14.304491 19.015683
11 -9.011130 0.989168 0.080348 -10.888572 8.173338 -4.269286 1.575009 -3.639326 -12.145164 4.602974 24.112912 1.583171 3.714028 -4.877472
11 0.992738 6.920414 -11.037314 -2.687909 -0.303518 4.268055 2.078461 2.547990 -3.309240 -10.344283 12.177424 -5.885657 -5.693780 10.276622
2 1.458307 10.109266 0.559794 7.534828 -2.659827 0.809616 1.919862 -3.950512 -8.363092 -0.307019 1.547496 -1.719152 -3.952954 -2.986612
10 -1.116588 -4.610140 8.213529 -5.035322 -3.024974 -1.147500 2.254267 1.725590 6.624752 16.035003 5.774663 -1.364047 -13.807205 -10.522029
11 -12.570885 44.240186 -9.948765 -4.416312 -2.252947 -17.854171 8.188555 -9.182484 -16.102058 -11.761637 65.081214 -12.501949 -14.935516 -5.983231
10 -6.341501 -4.696302 -4.843190 -3.174953 -2.847981 -2.693278 -0.823219 -7.180154 -5.599941 47.685711 -4.305416 -1.925863 4.042976 -7.296892
11 0.667806 -6.210269 -12.959865 -1.935974 5.772369 -2.916949 -11.738045 -3.653594 -21.252824 2.937300 71.504567 0.797118 -19.473810 -1.537829
11 -10.299900 -4.677542 -9.073292 -4.594634 -5.251423 -5.324906 -9.561062 0.114436 -25.875844 -0.813968 89.788062 -4.871064 -8.391316 -1.167550
6 1.502032 -4.746527 -8.195805 19.605544 -5.874213 34.756343 1.586122 -7.747722 -11.259983 -9.363359 -4.311536 4.114259 -11.932512 1.867353
13 -2.362020 -17.606374 -4.338658 -7.168314 0.748161 -11.300289 -4.602114 -6.670724 4.602881 -13.194980 -4.934615 0.184315 66.777999 -0.135267
5 -0.428293 22.185617 -10.949288 -5.562165 63.781399 -0.456467 -5.940819 5.534924 -9.022640 -9.067725 -8.253125 -17.523752 -9.097578 -15.200086
2 -5.761796 29.061719 -12.757375 3.735535 -6.314292 -4.480500 7.742804 5.329164 -20.411590 0.555716 -1.428783 2.036694 -6.127478 8.820181
14 -3.225651 12.159300 -2.735151 -1.120823 -4.156566 -9.282566 -4.387968 4.950055 -4.117126 3.429556 6.111394 -1.239959 -11.035678 14.651182
14 -3.443170 -1.766379 -5.560689 -6.765846 1.764767 -6.141090 -5.633454 5.839104 -17.061531 -13.694487 11.456110 -6.580531 9.201799 38.385400
5 -8.741961 4.226814 -5.399889 -1.534828 11.098078 -3.431176 2.061925 5.137532 -14.681383 -4.236118 7.753911 8.823744 -6.777482 5.700835
8 -17.275311 16.308277 -3.162117 8.093884 0.852810 1.404131 0.157701 25.703133 -14.731274 10.228789 -2.154098 -10.964637 -15.509656 1.048365
5 -4.047191 5.943512 7.364498 -9.881854 62.448719 -5.845976 -11.645462 -0.156503 -13.787615 11.770251 -2.489576 -10.966047 -17.797889 -10.908868
9 4.296019 7.268437 -6.314726 -14.506660 -5.272709 -5.529177 -6.402900 13.005817 15.071774 -7.221372 10.772713 -3.186864 2.084810 -4.065165
12 0.906020 -2.090200 -4.457271 -0.471524 -5.328590 2.561513 -10.383151 -12.776925 -3.318120 9.440993 -7.405757 18.609475 3.912993 10.800546
5 -6.814169 1.923740 4.170042 -3.970442 19.824735 -7.935535 -0.253605 -10.987748 -11.965298 3.996353 0.021723 -3.344361 16.212225 -0.877664
2 -5.414537 74.766646 -4.962867 -8.810995 -3.543597 -5.943366 -3.885860 -4.397682 -14.116430 -8.277585 -2.467869 -5.613824 -4.550917 -2.781114
13 1.265699 -5.842891 -0.063043 -1.549987 -6.372430 -4.028870 -9.492114 0.433965 3.277779 -4.963232 -0.018684 -9.127579 30.075303 6.406086
14 -0.292993 -10.217392 -0.559691 -8.516393 -2.457727 2.871151 9.733539 -9.199498 -5.430798 -7.254901 -14.662334 -7.887066 -6.642987 60.517085
9 -3.090469 -8.083557 -6.455087 5.549418 -6.640594 -4.216592 -5.666823 14.925980 14.952776 -10.703422 -1.601560 5.246364 5.816030 -0.032465
3 -11.833458 3.005708 83.804290 -2.147943 -11.489557 -10.874254 -7.518041 -6.459660 -7.030943 -2.835429 -0.122497 -4.317119 -20.561441 -1.619654
6 -7.367865 -3.507183 0.751459 4.914682 3.476980 5.284648 1.980562 -1.032347 -5.104906 -2.467767 -0.691322 4.236721 4.710939 -5.184598
6 0.023806 16.982506 -5.063620 -11.727294 -22.208275 78.692285 -7.288954 -3.657768 -19.581806 -27.296610 0.159167 -7.650213 -1.738159 10.354938
13 -1.918669 -2.373884 -3.079427 0.380058 -5.152627 11.618902 -3.948588 4.261984 -10.495783 -3.376204 0.110416 0.137677 19.778682 -5.942537
3 -0.649133 -7.528972 43.576218 -8.421623 -3.679185 7.768942 -6.959756 -0.745548 -6.305602 -7.469829 -3.748470 8.535164 -4.668578 -9.703628
1 50.525130 -0.688644 5.592689 -12.662647 -11.648522 -19.023317 8.437652 0.550552 17.552814 -6.990939 -10.595624 4.030174 -18.452180 -6.627139
2 -6.121912 7.043748 -6.266290 -1.802467 3.981771 -0.991629 0.156457 5.672646 -4.597624 1.515201 -2.474846 1.213902 2.525807 0.145235
1 6.655854 3.499113 -8.150455 -0.825702 -2.288433 0.629736 0.629995 3.092104 1.805508 0.412679 -13.260002 -1.372234 6.282280 2.889554
6 1.068961 -0.465954 -14.441464 -3.629901 3.928927 14.176980 -0.016876 3.604421 -0.040857 -0.550379 2.839816 -2.252331 3.541692 -7.763036
6 -5.192814 -9.677408 -14.071759 -1.826623 -0.538838 83.183237 -8.436990 -0.190578 -12.936319 -13.839133 -2.741819 -1.737818 -6.107224 -5.885913
12 -5.740868 0.360607 18.532392 -0.235103 1.415388 -1.617533 -3.115086 -6.532080 -7.858859 0.704920 -0.877851 19.844352 -20.640950 5.760674
12 2.569158 -1.480440 -10.504100 -1.297398 -5.540103 12.514192 -7.538217 -7.365779 -27.385236 12.343191 -4.428267 44.946071 -5.257828 -1.575248
1 80.717729 -6.251925 -0.875466 -4.286375 -1.080142 -4.302379 -0.742366 -18.278197 6.832992 -1.827850 -10.073501 -5.203439 -29.554021 -5.075059
14 -6.359312 4.387158 2.584636 -8.581013 -3.364726 -19.045026 -1.961056 -1.389989 0.658052 -3.278966 5.680416 -10.072672 13.843232 26.899271
13 -8.186120 -4.578790 1.670076 -3.124496 2.067782 -5.357448 -3.292147 -2.256722 3.994016 7.975832 -2.569257 1.049338 9.665465 2.942473
14 -4.217676 1.331150 -1.528878 0.075722 0.090474 2.152398 -0.604353 -0.877624 -5.114444 4.037067 4.026199 1.809591 -5.240052 4.060428
12 7.591125 -8.023805 -11.864663 3.342510 -13.242892 2.403150 -0.965038 -13.690088 -6.516396 -14.725031 -8.968052 90.171980 -15.721484 -9.791318
1 50.990062 -14.318980 0.200233 -7.763610 10.140606 -15.285184 9.875409 -13.562337 16.950067 -1.427577 -1.008119 -18.613689 -25.425855 9.248972
13 -0.335124 -3.067931 -2.387432 -2.781913 -5.120149 -3.025307 0.875203 1.828400 -3.765997 -0.282483 -2.753103 0.452744 26.728395 -6.365303
13 -1.700302 -12.626184 -0.749749 -9.105268 -10.467694 1.463822 13.575602 -5.969810 15.533969 -3.675526 -0.411329 -8.537381 34.906801 -12.236951
12 -5.804451 -12.629202 2.910181 -8.547746 3.007833 -1.733111 0.787580 -0.900465 -17.440638 9.769194 9.174414 16.889536 -5.521817 10.038690
9 -7.898228 -1.651643 -1.932652 6.250056 -6.071215 -8.417690 0.668047 0.329393 31.271264 -6.403952 -4.720433 1.797199 -4.417934 1.197786
3 -2.510752 -3.454820 93.193324 -5.256131 -2.445855 -6.476608 -2.737605 -0.411826 -7.371855 -7.704872 -5.705244 -10.443784 -20.950176 -17.723796
7 -15.932527 -7.462664 -7.674006 -11.218217 -18.058704 -10.456322 80.368087 -4.350131 1.285613 -4.118713 -4.562176 -11.604104 3.715932 10.067933
11 -8.186922 -7.682767 -0.523555 -1.594684 -2.950363 -0.551227 4.677619 5.727110 -18.400970 -9.835885 32.709454 -1.790651 4.208353 4.194491
8 1.019870 3.656303 2.716996 -8.539917 -9.066117 -5.373832 -12.644900 64.076214 -1.085146 7.681132 -11.069091 -13.012962 -11.714307 -6.644246
9 -10.127247 -10.870727 -2.466731 -4.696190 -3.659538 -10.158000 5.930020 -8.432823 35.340314 -11.609370 -3.994189 -8.303450 20.560640 12.487288
12 2.902707 -2.185386 3.932588 -6.246283 0.575202 -3.776248 4.941271 0.470527 -2.404962 1.583719 -1.725378 14.770745 -9.257547 -3.580955
6 -2.916833 -2.556444 -5.309932 -2.346740 -7.360754 50.196718 -2.230994 -4.277010 -3.514415 -3.789661 -6.430184 -1.353575 -4.557573 -3.552603
1 39.369957 -0.465387 3.972599 -1.052762 -5.762194 0.921594 4.658717 -17.137130 3.009572 -3.014899 -6.667987 25.346626 -31.689541 -11.489167
1 14.857001 1.991013 -3.181906 -6.244717 4.702205 -5.009254 -4.354433 0.003034 7.084917 -12.814189 6.233615 -4.273898 -0.376414 1.383027
9 -9.209678 -6.087384 -10.834892 -3.691772 0.581146 -0.534651 -3.861507 -6.079364 61.899632 -1.581442 -10.983600 0.388923 -2.539360 -7.466052
5 7.482927 12.851072 0.723553 5.319684 60.404124 0.291652 -2.602523 -9.505561 -18.449786 -5.772321 -6.640251 -23.014243 -20.864118 -0.224210
5 -1.728190 -8.947584 -6.436879 -4.233625 26.113455 -1.470983 -4.544233 4.399715 -3.658949 -3.079716 -9.004913 -8.910395 23.526034 -2.023738
11 -12.845364 -7.228206 10.306608 4.011223 4.049384 -0.748904 -2.625681 -0.514910 -10.714764 0.170894 17.240926 4.580338 -4.528381 -1.153161
1 80.126369 -6.679440 -9.839519 -5.278183 10.588748 -19.054563 -4.452239 1.338608 -5.018603 -9.678284 -6.997496 -11.582963 -7.471364 -6.001070
2 6.562113 9.326553 -0.931202 -10.009026 -2.013547 7.971584 -9.113728 -10.205545 3.980318 -11.792580 -4.875969 5.687232 7.372306 8.041491
12 -2.735269 -4.313914 8.661466 -0.329740 -1.337160 -2.798758 -2.503219 -14.535459 3.149169 -9.295459 -3.935476 43.297070 -11.414927 -1.908322
1 31.176230 7.486966 -1.325026 -6.684360 -10.509347 15.791051 -1.828852 -12.547018 0.957134 -3.229611 -9.017219 -9.225290 5.797021 -6.841679
1 123.184410 -13.569251 -12.101510 -7.903527 -14.704092 -11.703464 -4.910723 -4.858584 -0.867887 -15.635362 -2.699671 -7.664191 -18.498702 -8.067444
1 55.418288 -7.247894 -0.751357 -4.584467 -1.718110 0.170074 -4.307499 -3.587026 -6.275131 -1.875291 -9.002741 -9.670706 -3.257667 -3.310474
1 106.104766 -17.453799 -12.063187 -3.596437 6.818011 -6.278221 -6.305223 -21.231766 -18.818260 0.458352 -12.813283 -10.542875 -0.252642 -4.025437
1 91.248835 -17.529282 -10.155788 -12.690567 -9.406631 -9.971675 -7.118221 -6.590233 -7.223487 -5.128178 -8.051012 -15.380010 25.668237 -7.671984
1 103.303713 0.814874 -8.954671 -7.864290 -7.060474 -7.704446 -8.177494 -10.528761 -6.455261 -8.372217 -3.372528 -9.317297 -20.480442 -5.830704
1 78.049067 -16.730445 -9.523121 -7.360317 -7.884810 -5.830891 -5.032022 -3.521577 -6.978374 -5.665829 -6.337001 0.444373 -0.196698 -3.432356
1 98.736266 3.122045 -12.030634 -1.835152 -6.928858 -9.800978 -15.225134 2.884643 -10.159766 -14.904057 -9.994220 -13.658472 -1.506023 -8.699658
1 94.086985 -19.578895 -3.471226 -0.669811 7.567045 -16.288257 -11.057011 -17.792366 7.379990 -3.425778 3.596753 -16.513959 -10.462185 -13.371282
1 80.660513 -10.596207 -5.442596 -11.093041 -2.304788 -2.690903 -7.846247 -4.885530 4.948787 -11.677327 -6.683988 -10.344103 -14.296652 2.252084
1 117.973457 -6.670484 -4.726535 -13.636522 -16.299085 -9.527773 -7.509026 -0.803584 -12.140475 -11.340267 -10.096456 -11.348268 3.844201 -17.719188
1 65.175894 -13.174374 -8.292491 -1.487722 -10.719237 0.113178 -4.162575 -1.378720 1.225227 -5.730090 -11.041520 9.721388 -9.581242 -10.667715
2 13.208019 13.677146 0.490286 -1.424448 6.371259 -1.705139 -2.402072 3.669250 -14.603666 -8.440276 -1.323906 -4.616580 -11.879078 8.979207
1 91.337752 -18.831174 3.210394 -6.993094 -5.142513 2.916965 -1.559363 -7.197603 -7.217134 -8.040195 -19.654985 -10.509024 -8.006144 -4.313885
14 4.525461 -1.384471 -1.649517 -3.451908 0.115739 1.513060 -6.091052 -4.561430 -2.458750 -3.306067 -1.871334 1.593455 8.031324 8.995489
1 101.269520 -12.784252 -12.311840 -5.907103 4.519165 -10.693845 -16.607752 -5.182477 13.845859 1.356865 -10.628843 -12.425314 -30.866412 -3.583569
1 69.936270 -11.019736 -10.338325 -3.932715 -13.490567 -2.016267 -10.483055 -0.118915 4.983117 -6.507342 -8.177644 14.652264 -9.892757 -13.594329
1 65.380371 -11.462066 -3.435545 10.437998 0.492400 -16.386693 -3.323358 -7.129340 -2.570230 -6.596156 -1.094612 -1.891982 -16.318916 -6.101867
1 80.526833 -8.433137 -7.637802 -4.995828 -10.240785 -0.147876 0.039415 -11.218749 -14.071715 -15.546379 -1.326939 -6.072080 2.605622 -3.480578
1 20.087051 -12.379910 5.399129 2.011069 -7.586282 -0.467600 -8.091731 2.685775 -3.521695 -5.785467 1.462533 10.293850 -7.201108 3.094384
10 -2.504890 -3.590140 -4.062211 -0.897103 4.470440 2.006243 3.123409 -3.469807 4.850329 7.472139 -6.606012 3.551219 -1.781024 -2.562591
10 -11.926240 2.439461 3.858321 -1.029094 -2.935726 9.195417 7.242505 -1.833578 -19.824591 35.580428 11.718254 -8.905170 -22.170865 -1.409123
13 -6.844009 -6.325324 8.185887 -2.202531 -6.680259 -9.846819 -10.570291 13.935881 -16.322427 -1.709316 3.920644 6.147602 26.107755 2.203207
9 -3.235888 0.295615 -1.614326 -5.487274 -2.521317 -1.973179 7.394117 4.287746 8.978354 1.375360 -2.979992 -0.855540 -6.584149 2.920474
14 -7.322764 -4.858120 11.030163 -5.214869 -3.432184 -3.987286 -5.603721 0.930297 -8.136107 7.607792 1.884516 2.735821 3.300427 11.066034
10 -3.228721 -10.843111 0.939489 -6.443065 -1.291948 -0.636976 1.313845 0.224604 -7.951446 33.089595 -8.819125 2.131268 7.659256 -6.143670
10 -5.436349 -6.459878 0.159635 -4.633458 -2.662252 -3.296171 2.723624 -4.364288 11.361563 28.812533 0.341651 -5.843171 -0.203884 -10.499555
10 -3.408860 -5.317970 -5.316776 -12.941219 -5.017337 -8.427360 -6.468456 -4.547645 -4.197191 79.532560 -6.385376 -6.494403 -3.607207 -7.402761
14 19.709497 0.294950 -3.153258 -17.666007 -11.502605 10.118137 -2.039207 -1.123540 -16.278611 -5.476508 10.052472 -16.009027 13.194932 19.878774
13 -6.320447 -12.594713 0.595118 0.606260 3.936203 -9.658768 2.507125 -1.459432 2.108430 12.194585 -2.987518 -5.630011 14.066113 2.637056
10 -8.843439 -14.616366 -9.088470 -6.578534 -2.386588 -20.863499 -6.377684 -9.972017 -2.388071 95.760017 -6.354447 1.501254 -4.914193 -4.877966
8 -1.257920 -17.933908 -2.678280 -4.832603 3.515739 0.210109 -1.712564 16.569619 -2.275522 9.938433 4.142639 -2.371530 5.459991 -6.774203
13 0.813064 -9.928394 11.241024 -1.972082 0.868966 -16.341645 -5.295322 2.671690 1.434227 -0.085075 1.001678 -0.279678 15.993909 -0.122361
10 -8.175125 -2.364044 4.547533 -8.943801 -2.987714 -10.944433 -4.703777 -5.570436 -7.469347 69.958086 -7.423793 -8.502394 -2.004302 -5.416452
11 -5.980679 10.551241 -5.673892 -0.972820 3.044863 0.460882 3.769630 3.536787 8.068116 -12.297898 10.974689 -11.416367 -6.565012 2.500460
10 -4.539361 -18.118096 -6.475704 -15.932995 -1.188960 -3.843163 3.930423 5.106434 -9.110640 80.795432 -14.244764 -13.723832 2.743044 -5.397819
10 0.527668 -5.391916 0.559571 -0.304646 5.743996 -0.659382 -3.264623 -11.162217 -4.801711 31.210292 -2.463308 -0.955121 -16.814961 7.776360
10 -6.590083 -4.970892 1.410343 1.506229 0.930752 0.375536 -3.925720 -6.587955 -7.696095 43.740498 -0.431039 -9.499841 -11.471960 3.210230
2 -5.030345 12.602992 -8.856546 7.036424 -10.084224 -1.577305 -2.784441 8.746876 5.692968 -4.708404 -2.965163 1.122805 4.895979 -4.091614
12 -3.297700 -1.047963 -1.271814 -4.036312 3.636485 5.627867 2.639416 -5.253818 -4.640647 5.415169 2.332345 9.982268 -9.365293 -0.720003
6 -5.331751 5.998403 -6.073965 0.395352 2.972899 10.585596 4.291705 2.538999 -5.358249 4.289801 -1.931206 -8.436396 -0.788532 -3.152655
2 -5.361544 75.944871 -5.795676 -5.674087 0.476771 -16.006951 -6.706086 8.649189 -3.117023 -3.696716 -12.631508 -6.367746 -13.603691 -6.109803
2 -1.618857 11.843624 0.717756 -2.940994 -2.306610 4.024426 -0.051989 -5.199817 -6.406214 3.174400 -3.067768 7.144992 -2.255188 -3.057760
1 0.000000 0.000000 0.000000 0.000000 0.000000 0.000000 0.000000 0.000000 0.000000 0.000000 0.000000 0.000000 0.000000 0.000000
2 -4.338056 72.043444 -3.274717 -10.697754 -3.003946 0.601431 -5.438784 -0.498057 -0.950814 -8.225992 -10.099386 -5.387165 -13.021144 -7.709063
2 -5.627769 92.085889 -5.477412 -5.405153 -1.365027 -14.208436 -6.747869 0.457632 -16.666177 -10.603696 -10.418765 -0.615641 -13.004351 -2.403224
2 -9.443800 32.573263 -14.090590 -3.264980 0.007575 6.051154 4.676685 1.117594 -7.752298 -4.055419 8.960379 -12.379398 -3.845599 1.445435
14 -16.558150 6.747172 6.741630 -1.337454 -3.895783 -2.966108 2.218849 -4.770518 -7.242300 16.071307 -8.753345 13.725016 -18.058062 18.077743
2 -2.851795 56.875631 -2.795889 -7.079551 -0.524468 -0.486799 -5.651313 -6.636336 -2.105949 -3.849319 -4.843134 -6.827600 -8.662506 -4.560974
2 -0.745826 26.817054 -16.220039 -4.711210 -9.050380 14.808173 11.084380 14.074434 -11.216877 -6.519053 -12.683985 2.764602 -24.220000 15.818722
2 -0.128012 96.432052 -10.394059 -9.617796 0.168288 -6.082673 -9.092222 10.655851 -16.971107 -10.618542 -11.536446 -13.581416 -12.643430 -6.590489
14 -9.770515 -17.335874 1.025069 -11.862375 5.835674 5.568583 9.038638 1.199383 13.805457 -2.089989 -13.299538 4.416420 -5.120228 18.589293
2 0.169121 82.270411 -8.135930 -1.222495 0.794138 -1.322434 -7.220398 -11.867680 -13.300180 -13.332962 -10.499860 -5.157081 -1.080855 -10.093796
2 4.216832 29.858929 -10.045924 -5.387291 1.470862 -0.449604 7.137944 2.481592 -10.339793 -6.534864 5.201786 -8.147710 -5.093212 -4.369548
2 -1.135265 57.040861 -6.924154 -4.547947 -6.633798 -1.521486 -4.880835 -8.517471 6.220763 -2.569857 -7.950289 -6.002581 -7.390878 -5.187064
2 4.098248 41.811742 -2.709223 -1.501189 1.792932 0.082528 -7.919288 0.448155 -9.122479 -9.234788 -4.513787 0.757784 -10.835651 -3.154985
2 -6.523233 41.114891 -2.432449 -7.919484 17.028361 -6.144815 -0.792621 -5.402785 -20.436478 -9.048328 18.630114 -7.419208 -3.496435 -7.157528
6 -4.182945 -7.292297 -6.741456 -11.043752 -3.043648 19.557728 14.166028 15.991652 -7.412907 -10.471940 1.386621 -12.457566 -2.951122 14.495601
13 -3.396296 -1.718678 -3.573534 -9.270377 1.565310 9.297517 -0.854782 6.894725 2.441432 -5.635782 -4.058758 -0.919723 16.130784 -6.901841
7 0.411357 -18.687580 -4.322501 3.797265 11.862403 9.179723 14.412981 4.816018 -8.235671 -7.831172 -11.754087 2.960094 4.730753 -1.339584
5 1.341376 3.297557 -0.985847 9.079666 12.890412 -0.759059 0.938577 -16.012501 -8.565049 -10.521474 -3.142346 3.632101 -2.631498 11.438083
5 -6.483152 -11.688054 -7.176486 11.242336 53.944763 -3.694316 -3.623986 -1.702751 -5.995505 -7.368523 1.222787 -7.918425 -8.650966 -2.107722
5 -4.084834 -3.405019 3.953802 0.468178 13.562326 -5.212392 -1.670260 -2.235868 -4.956962 -0.381054 -2.449867 -2.760735 0.392998 8.779686
5 1.359478 -10.883179 -4.029784 -4.084790 72.499091 -4.519646 -12.582797 -5.297576 -5.375025 5.653952 -10.176980 9.442782 -21.989805 -10.015723
12 0.603549 -1.077806 9.335459 3.342829 -5.049034 8.017756 -4.184469 8.147731 -12.104134 -4.428780 -7.496526 10.045948 -10.932226 5.779704
14 -0.204416 -0.567392 -0.184506 2.680028 11.690483 -2.751583 -1.246628 -2.143781 -12.142232 -0.445878 -3.534472 -1.684930 -5.687217 16.222525
5 0.155282 -15.700162 -10.472556 0.807001 30.106391 4.803438 -4.696461 -1.339867 -13.558368 4.430139 9.473108 3.170080 -9.472339 2.294314
8 -0.704283 -9.933385 -8.911383 -0.336206 5.079708 -0.916887 -1.473628 14.151351 4.668383 -5.695669 -3.813618 0.885708 -6.250582 13.250491
3 0.286368 -6.845633 13.403901 2.510077 0.088982 -4.652103 0.753237 -3.051365 0.198075 11.595449 -8.478249 -1.683402 -0.066309 -4.059030
5 -7.201302 6.782194 -2.833138 -6.657683 24.040817 8.128731 -1.304270 -6.851603 4.670266 -7.698176 3.105237 -10.837266 15.882158 -19.225963
5 -12.797302 -11.041118 -15.503180 1.260667 147.651991 -23.287124 -13.056437 -21.201746 -9.023699 -18.056065 3.001673 -5.368343 -0.060951 -22.518367
5 -8.517119 -15.537159 -0.377643 14.681551 63.642455 -9.990916 -0.331658 -12.092935 -7.495788 -8.577139 -15.611612 -15.972865 13.328133 2.852691
5 0.070654 -1.902817 -6.548664 -6.032161 83.509934 -1.528803 -8.576782 -12.047067 -5.009534 -14.190552 -5.492067 1.709128 -8.469071 -15.492196
5 -5.559737 -12.990696 -8.759417 -4.327554 72.557239 -15.393242 -5.345533 -4.007926 -2.906670 7.446130 -10.627127 -3.329282 4.363226 -11.119415
5 1.195247 -8.990584 -10.897893 -3.801298 90.697023 -14.141125 -9.633456 -14.320549 20.071542 -7.483633 -4.528262 -21.611925 -1.884850 -14.670234
5 -8.585466 -5.680006 2.418568 -2.962569 55.171757 0.607625 -5.008001 -14.870340 -14.345021 -2.313763 -0.066191 -8.666488 -19.980931 24.280828
5 3.660382 -6.391023 -8.032588 -7.638959 64.198109 -4.970342 -1.506266 -10.803993 -13.038764 -6.825674 -9.511385 -6.584056 17.269174 -9.824618
5 -4.759085 -2.392823 -2.725110 -0.173705 15.682501 11.445748 -2.536770 -0.748474 -10.706932 -0.181590 2.472138 0.828054 -5.419774 -0.784176
11 -1.817829 -4.871985 -2.156905 1.737500 -2.656811 -1.896439 -1.925959 -1.736953 -1.539355 -1.826928 25.590296 -2.082239 -3.550289 -1.266104
11 -1.030350 -15.783891 -4.162918 -9.085247 -6.231662 -1.518312 -10.287607 -2.258056 -20.520536 -4.164856 103.095362 -6.930877 -13.067133 -8.053920
14 -1.052581 -2.709739 -1.821407 -5.962295 0.287624 -3.988709 4.514993 -6.497748 -3.866134 7.114095 2.626358 -0.702686 -4.499868 16.558099
11 -3.321074 -6.622721 -4.073045 -1.524468 -6.245188 4.622597 -3.831645 -2.904068 -3.977302 -5.430852 48.188011 -5.295307 -2.391605 -7.193333
11 -4.234487 -7.868795 -2.099051 -5.931319 -4.301025 0.950158 3.032625 0.142231 0.153867 -3.948635 28.869302 -4.886100 -1.657735 1.778965
11 -0.015057 3.517755 -4.499899 1.483039 0.854535 -0.811330 2.427976 2.322645 -11.508365 -2.549508 16.757541 -3.817198 -10.635262 6.473129
11 0.511266 7.323838 -4.096922 4.794818 1.272125 -3.184298 3.358454 -6.577779 -6.050459 0.512354 21.185726 -9.872945 -5.958219 -3.217959
1 25.135165 -6.921081 0.951024 -5.028462 -10.217988 -0.074033 3.375350 -7.034975 -6.230366 3.726539 4.975242 1.998010 1.598265 -6.252692
11 5.732469 -6.841490 -5.058395 -5.561663 -5.888874 0.774110 1.629273 6.439805 -2.062962 -10.354731 21.345874 2.325233 4.166811 -6.645458
11 8.487091 0.500396 8.552749 -3.139085 -3.291276 2.329584 -0.380766 -7.299326 -9.308135 -3.496763 11.179007 7.981090 -14.901064 2.786500
11 -3.624680 -20.838421 -8.958668 -3.413091 -14.659081 -13.568269 -4.996807 -0.126922 -8.165892 -17.451047 114.030406 -3.969454 -6.933124 -7.324953
11 -6.167549 -4.229367 -11.309284 -5.269261 -2.661427 -2.712937 -4.856190 -3.268177 -6.376650 -7.268241 64.543460 0.776185 -8.211832 -2.988729
11 -1.609747 -17.889238 -2.637349 -6.855598 -4.062859 -5.350454 -2.708151 -4.718984 0.410556 -0.340832 48.843047 0.521736 -0.358319 -3.243808
5 -0.786035 -11.100588 -9.628640 -10.424429 20.488475 -13.226091 -2.229926 2.670459 -12.644393 6.906759 18.604863 15.514213 1.094220 -5.238887
11 -6.245056 -10.359386 -5.385683 -9.632906 0.381093 -4.316989 -3.570013 -4.635373 -7.742076 -3.166045 70.046746 -4.546167 -2.964055 -7.864089
11 -5.321078 -4.381021 2.206097 -7.911493 -10.503293 -5.004815 -9.827226 -12.775183 -11.475364 -4.002973 74.700162 5.501753 -0.773823 -10.431744
11 -5.704707 -14.674894 1.462647 -1.918858 -8.902741 -12.538744 -6.635462 -15.613242 -10.192370 -8.660657 97.484223 -13.676836 -1.731508 1.303149
11 -7.774442 -7.854200 -5.380627 -3.397648 -7.528959 -10.707830 -0.563123 3.129184 -6.953470 -14.321919 70.528522 -11.095553 4.664642 -2.744579
11 -6.288850 -9.544120 -4.371779 -5.475833 -12.299160 -6.839628 -5.006398 -2.685116 -5.808070 -6.910885 58.597681 -1.580300 3.903540 4.308917
9 0.145357 -2.112516 -0.339877 1.575006 0.025465 1.561400 0.545211 -1.788891 7.733654 -1.737204 -1.608045 1.797677 -2.751959 -3.045277
11 -9.195333 8.672345 -3.649244 -8.457123 7.383022 -5.802824 -5.897211 -0.125799 -17.978050 -6.602373 51.399186 7.746906 -4.988140 -12.505364
2 8.224467 9.026947 0.120217 -3.766533 -1.351085 -0.728643 -5.113197 -5.073768 8.391184 1.408548 -0.668936 2.143713 -10.599138 -2.013776
4 0.437265 -6.876477 -1.234327 25.748438 -3.125031 -2.830639 -3.811836 -12.305844 3.402961 -8.350466 -5.220605 7.032402 -13.129487 20.263646
9 3.152224 11.061385 -15.296389 -0.570759 2.232976 -11.647912 5.550450 0.268710 17.497881 1.655965 -5.073190 -5.011546 2.271137 -6.090932
5 -7.023798 -2.105270 -8.796986 1.491096 14.150875 -7.817615 4.069688 -4.738430 11.482554 -2.642518 8.070042 1.459230 -15.391360 7.792487
12 -8.242778 -3.889049 1.863931 -1.015566 -3.278533 -4.133514 0.764684 3.807781 -10.623967 3.439424 2.726815 12.040684 -3.697917 10.238004
7 -12.609496 -5.551166 -10.158350 28.724159 9.641470 -16.228383 94.460781 -12.292484 -18.649350 -11.631984 -12.224365 -11.112693 -14.638479 -7.729658
14 1.410372 0.516552 -6.049360 -1.634659 -7.193742 -4.129079 -5.394023 -0.091366 -6.236228 -1.987909 6.810796 2.792154 5.518687 15.667804
4 0.474290 1.872681 3.952940 31.443350 -14.436747 -1.843771 3.456739 -15.613639 -3.405511 -13.049482 1.812947 -4.798605 13.124426 -2.989621
5 -7.195399 -13.748858 -9.018215 10.684723 75.481291 -0.346417 -9.326709 -6.757848 4.481643 -5.376520 -8.727094 0.088960 -15.240160 -14.999397
14 -4.466624 -8.282366 3.428921 2.612487 -0.492930 1.509134 -1.632129 9.408531 -10.447806 -1.500846 2.983014 -4.771017 -2.508008 14.159638
4 -8.557497 -1.098969 -2.380954 47.620586 7.616058 3.881411 8.305507 0.342619 -17.660672 -9.853549 -3.381702 -13.573775 -8.435487 -2.823572
9 -1.830924 -1.156489 -10.866155 -5.488394 -4.081898 6.912987 -5.600322 7.191683 9.574319 -0.582309 -0.976489 1.996953 -3.160419 8.067454
4 -3.427388 -0.945011 -16.947317 60.749282 1.200824 5.339625 -6.159353 -10.512851 -11.697424 -19.267484 0.912801 -7.416210 -0.389439 8.559946
4 -6.109587 0.401199 -12.763585 53.711231 0.215750 5.133647 -3.139762 -7.239550 -20.369427 3.632961 7.209267 -5.510873 -8.889877 -6.281394
2 -2.360389 17.723912 7.650963 -6.410448 1.422791 6.920649 -8.968889 5.401849 -25.314164 4.482797 7.889123 2.234766 -13.056344 2.383384
4 -4.303275 -3.360793 -3.148423 21.962564 1.698691 -1.154479 0.093749 -7.335308 -1.347161 3.106363 -1.535452 2.129267 -3.047783 -3.757961
9 -4.166099 -1.558625 6.780330 -0.236614 2.246454 -9.555622 2.089272 -13.296549 43.304149 -5.382854 3.083288 -13.032508 -8.573513 -1.701107
4 -6.782431 -1.562607 -8.720270 20.765470 7.059224 3.052500 -18.617354 -9.633616 11.869958 -5.639995 -1.912823 -1.387332 7.885304 3.623973
4 0.912959 0.368115 -4.800198 12.071673 -5.231981 2.175705 -5.805090 3.487130 0.513359 -8.652644 4.927804 -4.535375 7.242910 -2.674367
1 12.294314 3.733227 -8.719861 4.746383 -1.342172 -3.805303 -3.179612 7.795665 -11.561123 2.191294 -2.316018 2.809101 -2.086435 -0.559460
6 3.731371 -9.804217 -10.589937 -3.634101 6.611073 7.075087 4.012870 1.185058 -5.185372 5.707261 1.728471 -1.321161 1.100777 -0.617184
9 2.765708 -8.910591 0.969236 0.796809 0.343357 -5.322029 2.511716 -1.126237 12.413302 -6.759328 1.689616 -6.306264 8.100789 -1.166082
12 -3.403331 -4.333912 0.644731 -0.374963 1.725333 0.324774 1.839643 -4.275206 11.400222 -8.373439 -7.400195 16.022818 -11.469221 7.672746
3 -8.396406 -5.510930 31.334118 -4.742208 -5.152264 -4.787538 3.243491 9.883018 -1.293811 -14.481546 -5.114776 9.852913 -6.508297 1.674236
3 3.381680 -3.086721 26.552711 2.099625 -6.129736 -10.305028 0.000305 -12.091639 -0.414552 6.822373 -1.393769 8.467810 -11.789441 -2.113615
12 3.533477 -18.857931 0.196641 -3.797020 0.196306 4.020368 7.806356 5.613466 -5.118037 -3.361561 9.475410 17.763748 -20.992197 3.520972
3 -16.222481 -5.283553 62.686692 -11.523051 -6.185450 -3.791316 3.932912 -6.828478 11.138881 1.979424 0.323275 -20.780787 -9.423684 -0.022385
3 -1.163855 -1.156749 45.741011 -2.099267 -2.269704 -2.935650 -3.523618 -2.877814 -0.356353 -6.633204 -2.450635 -6.880121 -8.674711 -4.719330
2 4.445475 8.172485 -0.096739 1.160093 -5.382284 4.176005 1.106721 -6.203828 -4.851509 6.355064 4.231407 -2.561592 -6.632254 -3.919045
8 -1.942174 -6.339142 2.850630 -2.021876 -9.376664 -15.301389 -6.712372 32.093554 11.669274 20.942874 5.048888 -8.171264 -21.518338 -1.222003
12 -2.416907 -17.863146 8.303182 -5.018208 6.189401 8.688648 -9.703343 -3.407730 7.321924 1.742106 -8.907754 18.252766 -7.191934 4.010999
3 -5.788845 -2.264167 70.984532 -4.100392 -3.103870 -5.247002 -9.707592 -4.163068 -19.718560 -0.251295 8.011873 -5.159513 -15.717577 -3.774523
3 -3.084741 0.667023 23.914593 0.644270 -5.189985 2.879017 -3.459949 0.955740 -10.302968 1.637705 -0.716906 3.578111 -8.479284 -3.042627
3 -4.190781 -16.757782 108.788602 -4.157711 0.576360 -4.441566 -1.473988 -14.694513 -17.171293 -6.377492 -3.800539 -10.456737 -24.527361 -1.315202
8 -6.715241 0.884537 -12.481198 -3.239834 3.076231 3.187062 -0.202778 12.248928 -9.833092 -5.880852 6.256916 8.205299 -5.238457 9.732480
3 2.212537 -7.388352 45.031215 -3.709792 -2.088904 -8.132098 -3.640911 -3.973730 -6.355548 -11.292679 -2.619859 7.228350 1.145546 -6.415776
3 -4.674770 -4.569181 49.593097 -1.857624 -7.822471 -10.430763 -5.638380 2.508072 19.487446 -6.397923 -2.531678 -10.077605 -6.026989 -11.561232
6 7.990731 -3.263752 -17.193280 4.932572 -1.662969 31.296342 -4.690247 -10.101093 -14.492804 -9.303608 -0.677305 14.620813 12.849333 -10.304736
6 1.884351 -3.869836 -6.513173 -0.135048 -4.076403 25.810749 -2.575203 1.845983 -6.426101 3.042114 -6.295448 -9.312548 9.670992 -3.050431
6 5.244880 -17.891796 0.802830 -10.844341 7.930743 28.290707 -0.199171 -5.593748 -2.933067 -0.461124 -2.421334 -1.331058 -0.533673 -0.059848
6 -7.560163 -12.283019 -11.302263 -2.439797 -11.244491 105.116193 -7.600530 -9.533911 -6.549706 4.233217 -6.245000 -25.562188 -1.768802 -7.259540
6 -0.147939 -6.026037 -8.217534 -0.376970 -1.367120 30.666512 3.181495 -4.667636 -7.681699 1.719293 -4.633177 -1.338369 -1.433903 0.323083
6 -9.797073 -17.694710 -6.526307 -9.564238 -14.466331 158.541840 -7.808440 -11.775225 -8.433539 -7.064657 -14.205297 -14.093201 -19.942154 -17.170668
6 -1.743141 -11.348937 -15.201426 -1.400839 3.689393 58.397866 -10.594909 -5.621670 -13.296777 -5.749077 -6.826739 -11.649539 33.921759 -12.575967
6 -14.343000 -4.729470 -10.687204 -13.791466 -4.905210 136.524107 -9.264318 -6.032085 -16.765760 -10.735996 -1.636785 -6.749771 -26.599407 -10.283636
6 -7.560163 -12.283019 -11.302263 -2.439797 -11.244491 105.116193 -7.600530 -9.533911 -6.549706 4.233217 -6.245000 -25.562188 -1.768802 -7.259540
6 -7.006069 -4.779824 -6.263759 -4.954780 8.964690 21.472041 6.705068 7.230357 -3.283837 5.685487 -0.878173 -16.460459 -3.708596 -2.722151
13 -5.295349 -7.904399 3.954990 1.536550 -8.811710 8.264133 -3.810771 1.969566 3.711414 -3.486942 -5.309807 4.650378 13.294936 -2.762988
6 1.161658 -10.382583 -13.349033 -10.024783 -3.225480 64.312236 -0.316756 -4.138266 -7.313523 15.293763 -6.797485 -11.350185 -9.681340 -4.188224
6 15.821375 -10.298153 -17.924528 -2.470639 -16.781192 85.486022 -9.986000 3.394603 2.728258 -17.735064 -11.271500 4.876344 -12.991941 -12.847584
6 -10.211607 -12.097706 -12.173843 -3.779965 -16.720276 152.629756 -11.245239 -9.277727 -3.931144 -18.324552 -7.110093 -10.014823 -18.249577 -19.493202
6 -2.997939 -6.950322 4.493665 4.163899 8.088166 11.864537 -0.014961 -4.669204 -8.651994 0.278808 1.959571 -1.557642 -9.126654 3.120069
6 -5.037507 -17.053391 -3.579834 -13.436526 16.814474 71.428923 -4.358752 -3.031180 -8.809541 -6.112024 8.175436 -22.730598 -10.983028 -1.286455
6 -2.033561 -0.899236 7.250103 -2.718551 2.196912 9.643105 2.490168 -2.759488 0.624670 -2.274765 0.726641 -3.485841 -5.978652 -2.781506
6 -7.247468 -7.024241 -2.741864 -5.920639 -1.697848 57.048350 -15.930029 -6.914170 -17.774955 4.510639 -11.686753 1.471991 4.714331 9.192656
6 -7.560163 -12.283019 -11.302263 -2.439797 -11.244491 105.116193 -7.600530 -9.533911 -6.549706 4.233217 -6.245000 -25.562188 -1.768802 -7.259540
2 -13.452515 17.951502 -4.161251 1.611313 0.495643 6.067776 -3.268344 13.008771 -9.894061 -8.184595 -0.454591 0.695497 -3.048183 2.633039
6 -3.681347 -19.705688 -12.021177 -4.557306 13.586982 34.819836 -12.703144 23.528904 -18.062718 -14.624130 -1.846706 -0.242097 -8.140192 23.648785
6 -7.560163 -13.160578 -11.138887 -2.588329 -11.244491 108.673501 -7.600530 -9.925890 -8.201254 3.582150 -6.245000 -25.562188 -1.768802 -7.259540
6 -6.261052 -11.315751 7.186746 -0.988409 -4.930106 33.350218 0.137499 -2.873940 -12.037605 -1.948108 -2.491674 12.263416 -17.459135 7.367903
6 -3.320386 -16.982798 -1.221334 -5.352293 -6.964175 58.454432 -4.392837 -9.221354 3.274872 0.794633 -3.938311 -5.400092 4.690768 -10.421125
3 2.056914 -6.273803 46.624264 -16.610254 -7.765183 44.177216 -8.822516 -12.093979 2.893124 2.910012 -5.168050 -9.877553 -21.756512 -10.293680
13 -1.643078 -4.863612 -13.313221 2.686915 -0.647462 -15.665604 -0.648080 -6.829800 -7.440209 -8.249381 -11.505043 -7.062297 78.894455 -3.713583
13 3.491977 -3.571043 -4.424668 -3.017655 6.047262 -1.649587 -1.958772 0.084877 -1.591364 1.521639 -3.572837 0.697757 14.519589 -6.577174
10 -3.960162 1.221330 -5.015115 -1.676051 1.235796 -3.150461 -2.829157 3.684241 -14.759107 12.038202 1.782213 5.024099 -3.578209 9.982374
8 -3.380165 -5.926167 1.009681 -1.888675 -8.732902 7.360443 -0.782803 8.677055 0.924493 5.676816 -1.498018 0.715838 -2.067590 -0.088009
13 -1.611089 -14.399846 -4.303163 19.571324 -4.630302 -8.241562 -7.437392 -10.094561 7.407441 -1.454663 -0.648875 13.046160 23.645185 -10.848658
13 -7.108790 -3.474690 -2.977506 -5.436723 0.167093 -4.301847 -5.535334 -3.145705 -3.543498 -4.260900 -6.049264 -8.585335 61.435745 -7.183246
12 -10.326056 -10.563899 -3.104378 -0.036475 -5.852042 -2.118418 1.554969 1.816450 9.863130 1.974984 -10.858650 13.555734 12.238311 1.856338
10 2.599544 5.620483 -2.530937 -3.897382 0.758085 3.779279 -17.071464 -6.517979 -5.221166 12.125831 0.924543 -2.773919 9.209681 2.995400
13 1.057628 -9.084290 -3.796925 0.590979 0.376951 -3.056225 -4.469004 -3.923785 9.695056 -0.167638 -8.339887 -1.344631 27.666128 -5.204357
13 -8.363520 4.901273 -8.341707 -6.168155 -5.387594 1.605357 -4.848620 -4.644047 -11.117681 -0.030896 -0.847392 -6.949212 59.825161 -9.632967
13 -0.319710 -13.663402 -0.107669 -0.508811 -10.151544 -11.019968 -5.465159 -13.839666 11.656901 -0.559649 -3.439965 -7.059546 63.615335 -9.137152
13 -2.270592 -3.251579 -10.141830 0.495289 13.783195 3.557756 -4.438139 -6.186307 -4.380978 -11.146743 2.121601 -6.981826 34.527903 -5.687751
13 -8.837647 -15.667930 -3.325245 -1.383049 1.927240 -4.826452 -7.542124 -14.071462 8.830506 0.347367 -7.578871 0.280079 54.895133 -3.047547
13 -2.164093 -9.388839 4.466627 -12.083949 2.998533 -6.747761 -1.850768 6.894322 5.099355 -6.585274 -6.830750 4.793350 24.912223 -3.512977
13 15.798006 1.947789 -4.472402 -0.846584 -9.830719 -2.355636 -3.194038 -9.665583 -1.630698 -5.331984 -2.804122 -0.241416 27.201499 -4.574113
4 -8.314685 -5.839202 4.667186 38.045089 -4.638154 -5.323005 -6.415755 -1.932639 -2.578922 -10.242642 -2.144879 0.445639 14.200799 -9.928829
9 -5.384685 -9.061850 2.300107 9.388718 1.652042 8.497099 -7.979020 -7.374088 22.746833 -14.503064 -2.241771 -10.953770 21.727021 -8.813572
8 -11.337946 10.451831 -3.538775 -7.342219 -4.819402 -6.518883 -13.230228 40.395145 -8.926560 5.017614 -7.110974 -7.471238 9.047269 5.384369
13 -2.491638 -3.859157 -0.088988 -1.759192 0.560681 -2.911769 -0.588980 4.124801 -2.302391 4.290154 -5.471225 -2.268036 11.073839 1.691898
9 0.924828 -11.084853 0.469316 -1.813974 0.864512 0.262645 0.190031 -5.850980 20.340926 -1.354978 1.240129 6.364106 -4.675064 -5.876647
13 -3.330259 -3.547103 -0.465113 0.053414 -11.783007 -6.438726 -3.069434 -3.499250 -0.607813 -6.380377 -6.745775 0.199786 38.625878 6.987780
13 7.198279 8.837216 -4.512084 -12.512428 -4.655541 -10.035314 -6.211156 -8.048330 3.116029 9.289398 4.472919 4.105483 17.613888 -8.658361
13 4.546481 -14.004081 0.202914 5.020713 -5.643289 -0.293266 6.131099 8.278186 -5.763858 -6.542901 -8.294949 -8.483065 28.712474 -3.866461
13 5.696872 -9.260378 1.996559 -5.498131 -0.284008 -6.233794 -8.254897 3.144447 7.182681 -1.365313 -5.042239 -1.227859 18.215226 0.930834
13 -4.837480 6.177015 4.414379 3.651879 -9.654745 -6.650088 -7.169629 -10.866757 10.714686 -11.019015 -8.082291 3.945095 44.757230 -15.380280
13 4.740030 -7.885223 -7.579968 -5.216615 -2.071638 -5.554275 -0.491077 4.451841 -4.559125 -10.070145 4.870637 -6.497331 33.838228 2.024661
7 -4.429678 -11.626076 -6.351725 -6.452415 -11.974441 -12.694342 93.510226 -0.289920 -3.751822 -7.515559 -3.283511 -7.006110 -9.501310 -8.633317
7 -2.188164 1.868481 -2.440279 -1.934928 -1.295787 -2.862900 17.536711 -1.504090 -1.161959 -4.479318 5.498906 3.401598 -1.914487 -8.523783
7 -10.986181 -9.191398 -9.106060 -11.387096 -10.040498 -12.765346 97.886237 -15.249320 1.050160 -6.667604 2.523910 -6.139185 -0.624331 -9.303286
5 4.393346 5.990093 3.605860 -11.325688 18.168674 10.964631 -6.887858 13.780591 -11.739524 -8.113609 -10.125800 -9.555243 -7.506043 8.350568
7 3.510593 -3.446005 -3.438713 -14.179981 5.125232 -2.419518 41.375676 21.644316 -13.833218 -8.424107 -8.655570 -9.114606 -8.427401 0.283300
6 0.789958 -2.620434 6.949524 3.937731 6.022298 13.631442 13.465303 -12.105949 0.053536 -1.842576 -14.855881 1.897926 0.484863 -15.807742
7 -9.651796 -6.306071 -8.712570 -6.244937 -9.898624 -5.896318 104.615144 -8.478400 -9.460059 -5.642771 -6.467305 -10.953032 -7.386212 -9.517049
7 -10.225248 -11.079105 -3.514572 -3.405471 12.648839 -5.930418 15.247846 1.776203 -2.657382 0.269605 -0.206214 1.809911 -0.459032 5.725036
7 3.480957 -8.065544 -8.484880 -3.735321 -1.083951 -4.342095 35.125564 -2.054853 -5.686480 -1.815253 -5.240744 4.468954 -1.340226 -1.226128
13 0.577871 5.959083 -2.389528 -3.556769 -5.588454 1.518701 9.745566 -6.385453 -2.299407 -9.846208 1.856779 -5.517844 12.968712 2.956949
7 -9.160655 -8.222560 -7.384841 -7.113375 -3.363860 -9.353275 87.719762 -7.288712 -9.989218 -8.139224 -6.620905 -10.567767 10.182102 -10.697471
7 -3.444431 -3.688069 -11.759116 -9.903639 -1.593921 -11.599835 86.195783 -12.840875 -14.300366 -6.512276 -2.868447 -10.690342 -13.213253 16.218789
7 -2.673482 -8.180769 -9.032386 -7.328974 -23.668275 2.232117 112.229256 -2.271888 0.631138 -12.501116 -12.502018 -7.997797 -5.030249 -23.905557
7 -2.237662 -13.626102 -0.394589 -8.441748 4.842187 -7.622690 85.709310 -9.600063 -6.854893 -11.670394 -4.477233 -8.700651 -8.032755 -8.892714
12 -1.733638 -13.084416 8.343290 -4.849282 1.310942 6.212682 -3.851460 -5.491200 1.685818 6.543675 -7.998883 20.585305 -6.573889 -1.098946
7 -7.099975 -11.807029 -5.299056 -3.899169 -5.224364 -7.861705 88.400140 -12.146548 0.470372 -12.102082 -4.015992 -6.283128 -11.430508 -1.700956
7 -7.449456 -12.343559 -7.618522 -5.300290 -14.325591 -12.530777 113.473033 -4.129392 -5.599802 -13.557516 -13.845807 -0.206455 -2.635812 -13.930054
7 -1.991550 -13.768940 3.816523 4.120168 -2.245101 -7.509463 22.889692 -3.727464 2.939262 15.010144 -10.026310 -2.759151 -0.488025 -6.259788
7 -12.619909 -3.600033 -5.907183 -9.565988 -1.703085 -10.664056 98.093048 -2.288005 -14.696144 -9.099859 -7.866705 -8.887338 -5.227064 -5.967678
11 -4.756735 -17.811762 -2.306995 -1.503046 -7.103733 -7.990989 -4.999888 -0.797009 -3.875534 -8.108667 57.332405 4.651969 0.549802 -3.279819
7 -5.988556 -0.352502 -7.402815 -8.822195 -10.329530 -3.248571 98.297379 -10.075578 -14.001295 -6.832888 0.700309 -9.115537 -14.220143 -8.608077
7 2.768368 -18.977366 -7.739156 -13.553430 -4.031803 -11.389906 110.020233 -8.806795 -1.455590 -5.985070 -15.787376 -13.071571 -10.725741 -1.264798
7 -4.606470 -11.166720 -10.928802 -11.092741 -9.756048 -11.233389 100.172908 -8.110701 -9.431239 -9.595186 -6.659790 -13.198474 8.499477 -2.892825
7 -0.561906 3.291469 -10.467909 -0.632288 0.321104 -3.075304 15.273901 4.228411 -6.420418 -9.527967 3.261028 2.507137 9.897875 -8.095134
7 -7.652357 -8.177457 -0.284431 -4.326526 -11.423613 -9.042151 87.167187 -7.084368 -6.363352 -11.575365 5.623348 -13.249111 -11.527786 -2.084017
12 -13.843152 1.380358 4.652916 -0.895618 -3.938277 -9.830801 -7.656019 -4.525424 -6.999274 1.993367 9.170434 37.592519 -3.187216 -3.913813
13 4.078669 -6.244979 4.663646 1.881251 -12.360480 -4.205293 -1.887179 -12.507760 3.285172 -9.806387 -5.540162 14.322149 26.567200 -2.245844
12 7.519308 0.892427 -4.042495 1.199797 -11.517679 -4.111962 -5.133910 4.081630 -7.168496 -1.907209 5.902442 29.113945 -5.161547 -9.666253
12 -5.247722 -9.006507 -3.576949 -1.883031 -6.536653 2.840310 -6.237473 0.177509 4.981916 2.266905 -8.145721 16.554622 7.174200 6.638592
12 7.216142 9.986269 -2.824424 -3.758497 -6.810210 -9.508967 -7.903699 -6.805760 -1.957187 -0.025090 -1.510133 11.594635 10.733829 1.573093
9 3.919648 -7.173330 5.022254 2.070838 0.647202 1.284157 -2.453228 -10.825316 19.342150 -5.670461 -0.887588 0.007735 -10.351032 5.066968
3 -9.519743 8.738207 60.402609 -2.470336 -0.774077 -0.457733 -3.956230 -12.513356 -13.116089 -13.791183 3.382664 -15.373280 -13.600378 13.048928
13 -0.498653 -2.640541 -6.466409 -0.886498 -2.372185 0.556165 0.426150 12.744281 -3.173593 -0.299761 -4.413736 -1.221684 12.944667 -4.698202
12 -9.322878 1.549362 1.952111 5.257005 -3.130151 -1.375274 3.898604 -3.378915 -0.429943 -11.930412 -5.561722 49.246065 -10.699157 -16.074694
1 10.704582 3.988397 -7.124845 3.624756 1.454958 1.200551 6.223437 -0.828479 -12.956384 -3.087951 0.794189 -6.644407 -7.617216 10.268413
10 4.707235 0.945360 5.443315 -1.566726 -4.039815 -6.245639 -1.820200 2.327906 -3.211419 11.035263 -5.449202 3.689012 -3.721391 -2.093699
5 -3.522892 -9.001180 2.954360 -4.517361 14.983888 0.137281 10.645344 -2.799234 -1.206507 0.534091 -5.906915 -3.383274 5.292844 -4.210448
12 -9.117071 -6.313757 -10.034737 -5.989429 -7.147208 -9.330261 -10.098781 -7.823263 -8.422922 -10.931410 -1.222723 90.853290 -4.562379 0.140649
12 -0.553067 -5.674425 -1.422915 3.872060 -0.359535 0.756505 0.037992 -6.630350 -3.650877 3.305332 -3.346246 11.557582 1.862838 0.245104
12 -6.918583 -10.033497 -7.436880 -6.618961 12.592928 -6.361534 5.512926 9.835331 -2.610204 -3.169977 -3.043193 26.644003 -10.841803 2.449441
12 -0.714124 -2.363680 0.539526 -2.735904 1.753822 0.010388 0.446481 -7.405976 -13.548704 1.296409 -2.348009 25.320371 -1.681283 1.430684
5 -8.388275 22.438291 -33.159052 -2.599062 58.739320 1.461545 -8.890653 18.691254 -24.071381 -19.067125 -19.593442 21.475973 4.311302 -11.348697
3 -1.287849 -1.783300 16.722185 0.035903 0.244972 4.499462 -4.099628 -6.943707 -7.469516 3.708343 -0.625099 2.149857 -11.798075 6.646451
12 -0.133054 -12.989880 5.385804 -12.302125 5.417551 5.331536 -2.637093 7.888992 -8.093905 8.238815 -5.734181 11.723754 -0.290931 -1.805284
3 5.857243 5.113033 10.082494 -3.744656 -8.765779 -8.092571 -3.341128 -5.383187 -2.131625 6.350228 -1.046565 5.200806 -4.312774 4.214482
14 0.636152 -11.567543 -0.204567 -0.442935 0.296455 -4.100676 2.362413 -2.034686 4.675912 -0.834295 -12.675135 5.844234 -3.616717 21.661387
12 -17.705850 1.715508 8.456110 -10.578828 -9.707303 -7.826421 10.658806 8.550154 -16.229999 -12.120362 -5.886871 71.312336 -26.553709 5.916429
12 -5.004963 -0.989150 1.902804 -1.680769 -4.866351 3.839584 3.090824 -6.415888 8.332478 -0.194325 12.745388 15.850772 -21.717505 -4.892901
14 -3.624520 -6.704557 -4.845180 -10.267933 -10.163325 -8.452921 5.878298 -12.778693 -5.813893 1.334642 -10.057729 -3.712652 -16.427809 85.636267
14 2.099955 3.075013 3.038066 -7.180032 -8.375391 -3.651330 -3.316552 -9.455679 2.357573 -4.083631 -2.263099 -1.485812 2.886133 26.354787
14 -11.109113 1.034377 -8.445229 -17.533641 -7.227734 -4.523501 -0.514030 -7.338136 -16.750405 3.991956 -1.242396 2.426191 -7.214333 74.445994
14 -7.703140 -4.067217 -10.388862 -11.593495 -5.815961 -21.485352 -6.302879 -13.958767 19.375504 -4.458190 -1.650320 -18.793920 -1.529260 88.371860
4 -9.770867 11.701428 -1.743437 17.594416 -4.828403 -13.876665 -7.132007 2.162514 0.740846 -4.032794 -10.441766 -6.297128 16.063160 9.860705
14 -12.478713 -2.656803 -2.512375 2.571370 -1.219667 1.333510 -2.539404 -8.274592 -17.501799 -3.288662 7.351907 4.790626 3.095743 31.328859
2 -3.175700 10.356340 -0.221071 -3.450474 6.122703 -1.639347 -10.848174 -0.908409 -0.521526 -7.157302 5.565851 -3.153185 6.564193 2.466100
14 -3.781077 0.253284 -3.656367 1.341344 3.318895 -10.240451 0.809142 7.229454 4.425135 -14.005687 -3.311965 10.457400 -10.851163 18.012056
14 2.308738 -3.164427 5.519512 -12.450024 -8.411950 -13.827311 -8.171228 -13.083431 -1.911544 -4.006849 -2.714546 -2.945821 1.291891 61.566989
14 -7.072323 -13.088381 -3.450438 -3.477370 -5.543159 -7.804167 -3.372371 -1.687053 -14.636573 -3.921740 -8.103681 -13.774139 -2.654159 88.585556
14 -3.169054 -2.456589 -3.995391 -7.061269 -2.986839 0.153527 -1.680235 -2.933731 9.710316 -5.158685 -3.942188 1.266869 7.856082 14.397188
14 -4.641538 -9.862251 4.319516 2.972934 4.952377 -5.087884 -6.905490 -10.532735 2.357129 -3.846453 -9.941673 2.261590 14.042011 19.912467
14 -5.864893 -0.345334 -0.108916 -1.208107 9.949385 7.346584 -3.205816 -11.913597 -6.540905 11.299651 -1.290150 -5.740387 -5.476101 13.098583
14 -6.005610 -12.205907 -4.260183 -10.455459 -10.954603 -7.210230 -0.689596 3.545493 2.724844 -14.508361 -5.777662 -3.778521 -6.607758 76.183554
5 0.051979 2.351362 6.498085 0.165574 21.962318 -4.739609 2.064964 -9.846644 -10.038916 2.685014 0.168437 2.906986 -16.595414 2.365863
14 -3.294055 -4.786072 -0.700012 -4.117220 -2.646092 -4.851318 0.682577 -4.342832 -3.321452 5.121883 -3.550148 1.511742 -7.621472 31.914472
14 -4.965228 -5.165709 -1.708160 -1.549027 -4.878597 -4.974948 -1.154246 -1.809270 4.698319 -7.454740 6.551396 -6.316916 -3.936390 32.663518
14 2.003423 -8.650141 2.910505 -1.132338 -1.303399 -2.202113 -2.631085 -3.878553 4.838793 -2.266432 -2.106827 -1.200729 1.631957 13.986938
14 -10.549340 -8.026530 4.337993 -13.790673 -13.292756 -6.215838 -7.631190 -8.692112 4.681309 -9.796354 -10.711834 -6.322023 1.977450 84.031899
14 2.800875 -0.983837 -5.250862 -5.582254 -4.075512 5.803409 -8.558671 -6.808427 -6.764364 1.822520 6.818922 -8.529688 -9.085206 38.393093
10 -4.649584 4.412034 0.209347 4.064973 4.535662 -6.148874 -0.175176 1.628434 -10.938030 7.548643 5.678833 -0.573670 -8.914252 3.321661
14 -0.987459 -10.562212 -1.692131 -1.385679 5.454278 -2.804082 -10.520820 -1.437895 0.385472 -4.250028 -6.439429 -8.444424 14.533539 28.150870
8 -13.851037 13.172032 -1.481150 -1.728832 12.635625 -2.062973 -2.361988 21.381157 -7.648335 -9.772463 -2.549727 -2.974767 -3.758729 1.001188
8 -2.576506 -2.459524 -5.015280 -6.672181 -15.356431 -2.510108 -2.859346 95.545614 -3.621283 -17.403478 -8.450928 -2.482668 -10.294130 -15.843750
5 9.491474 -8.638132 -3.040417 -10.971732 77.120409 -1.109652 -9.609693 -3.743496 -3.064398 -4.535476 -10.322325 -7.824789 -12.473944 -11.277828
8 -3.400528 -10.516148 -3.378824 -3.735871 -6.706481 -6.732514 -2.380621 73.118924 -4.991920 -7.166515 -8.576818 -4.952815 -7.796266 -2.783609
9 -1.223000 -19.622680 7.065390 -4.808197 -5.893627 -5.514034 -6.193729 14.060558 14.981744 13.465337 -9.252191 2.663710 0.420765 -0.150050
9 8.793969 -7.385769 -5.774072 0.888809 -7.461479 -0.568777 -6.053330 -4.913740 10.375967 -4.340697 7.510004 7.635320 4.489015 -3.195222
8 -4.959868 -0.763181 3.116657 -10.945748 -4.356122 1.323827 7.300874 44.661232 -3.141746 -6.406826 -6.774361 -11.990474 -0.702172 -6.362093
8 -11.034793 -5.826300 -15.828406 -6.269334 -9.502780 0.227477 8.872793 65.592269 -13.654828 -6.126768 -6.566776 3.018927 3.717280 -6.618760
8 1.099689 3.266161 -7.990354 -4.628529 -4.028462 -3.632521 -15.989540 61.576228 -8.684848 -17.437056 1.312394 9.875764 -12.354379 -2.384547
1 8.606866 6.532151 2.218945 -1.587149 -8.343481 -0.705725 -0.997994 6.787388 -0.052275 -3.532520 -5.844498 6.548138 -10.719821 1.089978
8 -2.183985 4.953219 -2.825665 -0.950450 1.700808 4.023476 -3.821872 12.560756 -18.630559 5.545238 7.958682 -4.777720 -6.693067 3.141141
8 -8.620080 -2.281429 10.213489 -7.440832 10.178318 8.527127 0.538977 52.011506 -11.347349 -7.923663 -11.365681 -12.520247 -22.327269 2.357127
13 -9.020529 13.109886 -17.456851 -1.267250 -1.611255 -0.471792 -15.224248 -2.625673 0.349562 -0.578318 -1.840379 10.891706 16.219861 9.525280
7 1.958438 -1.683193 -4.753024 -2.122672 0.106294 9.817422 10.485509 -0.121405 0.580187 -1.321864 -0.113243 -6.358382 -1.473191 -5.000876
8 -3.872437 7.587729 -4.668831 -2.324751 -3.177639 2.038216 -2.812546 27.320499 7.364994 -5.063661 -6.921079 -2.570672 -8.147312 -4.752509
2 -3.570257 13.268447 -4.525815 6.001369 8.151597 1.789567 -2.965143 7.004470 -8.604650 -7.051420 -6.907756 0.722537 0.796244 -4.109191
13 4.982873 1.955630 -2.917912 -2.199235 -12.530016 1.822625 -0.285625 -0.118882 -0.121926 -2.528893 -2.841864 -6.876174 19.886198 1.773199
8 -5.233639 2.344189 -9.667339 -5.989750 -3.098940 -5.697474 -0.961821 24.905396 11.123415 -10.884200 0.788465 -2.326678 -5.706731 10.405110
6 3.548115 7.312782 -12.025130 -2.924201 6.103209 15.399251 -4.183895 -0.427861 -2.496599 -1.746998 1.395338 -10.691743 -6.216201 6.953933
8 -5.476353 0.035480 4.291180 -14.808949 5.880472 12.252234 5.101095 28.658379 -10.211875 1.792614 -13.040026 -4.261443 -14.428198 4.215387
8 -10.165930 3.600440 1.427216 -1.411438 -0.209006 -9.821893 -0.610644 32.870232 -5.966940 -7.273881 -3.681143 2.795463 -2.933444 1.380966
8 -4.849305 -11.455850 7.295835 5.681452 -10.722475 7.537915 -8.001597 39.858108 -6.099096 -3.639694 -9.668260 -2.543833 0.917017 -4.310217
11 -2.151440 13.573621 -8.806998 3.988281 5.359198 -0.738641 7.095911 -18.112870 -3.939091 1.886023 18.354690 0.278123 -7.864737 -8.922070
3 -0.126517 -12.712877 6.680709 1.024143 1.050278 4.647257 -3.125742 -0.224312 3.330114 3.114050 -7.268558 4.295225 1.079495 -1.763268
9 -6.419878 -13.419061 -0.336362 3.703812 -0.837468 -2.345744 6.372963 5.618921 17.357526 -8.416476 -6.051805 12.288917 -6.972118 -0.543227
13 0.049979 -1.432306 1.067586 -3.943698 1.925035 2.917965 -2.484719 -2.190785 4.010227 -2.451470 -0.097415 -0.461480 6.810268 -3.719187
10 2.962161 -3.024373 2.872252 -5.627760 -0.928395 -11.748528 -4.790053 -7.974687 11.772982 15.059984 4.327392 -0.128011 -3.161996 0.389034
9 3.989839 -17.035082 2.855574 3.751632 4.038560 4.532575 0.433180 -7.776426 33.550728 -4.346053 -0.814524 -0.619473 -8.103741 -14.456789
13 -5.322282 -8.024143 6.511456 -7.615217 -4.677690 -8.436103 -2.061301 3.574825 7.859272 5.235301 -6.135672 -6.841893 41.314452 -15.381009
13 1.263195 -2.203880 4.088735 -10.310013 3.073997 -7.234094 -1.990181 -8.122871 4.482902 5.765840 -2.837037 7.782068 16.776955 -10.535618
6 -1.104952 -7.449015 0.729759 -0.074972 -1.977759 6.469011 -0.633447 -3.348567 5.487446 0.225918 -2.893574 3.362992 0.271945 0.935215
9 -9.114343 0.438238 8.933321 -5.615093 2.027148 -1.199933 -3.722796 -7.960038 10.969248 -1.004929 -1.772926 5.141627 -5.279330 8.159808
9 2.124519 -12.538588 3.564747 4.211998 -4.775670 1.798724 -2.809116 0.282704 38.384155 5.203035 -3.244576 -13.555569 -4.992832 -13.653531
9 2.435740 -8.320511 1.982364 -0.145211 -1.300416 -2.732424 -1.536036 -4.210369 20.012299 -3.275285 0.134370 -0.160294 1.664009 -4.548239
9 -5.612060 -6.360242 3.070211 -0.609051 -4.580731 3.511104 -2.685583 -2.895372 16.911729 7.570034 -10.584742 2.423472 -5.297911 5.139140
9 0.301439 -7.257876 4.228487 -1.557970 2.316909 6.664912 0.167495 6.731659 11.041339 -0.128571 -5.927510 -3.296459 -8.199291 -5.084560
4 0.903056 -25.890158 0.655036 10.144046 6.053827 0.458588 -7.529332 -7.974167 7.895586 6.262778 -2.500311 4.839385 10.056057 -3.374394
14 4.055322 -2.901069 2.142892 2.181759 -5.754841 4.328823 -3.202370 -1.332337 3.790110 -2.983599 -4.597214 -6.857212 -3.974840 15.104575
7 1.731837 5.426200 -5.097940 -12.138169 5.604779 -1.033329 6.490346 -1.950335 1.980227 -1.139927 -6.347292 4.723666 0.671143 1.078791
14 4.560885 -13.120999 -2.705099 0.453532 -2.078735 -4.476867 -1.948411 -3.862294 -8.937394 12.684782 -3.174933 0.269197 9.603082 12.733255
4 0.392992 -18.672971 -4.341551 31.277263 -3.234374 -5.214423 -7.842364 -1.586088 17.961684 -5.904725 -6.337145 3.702665 4.575790 -4.776753
14 4.921048 -10.505146 6.692935 -3.133565 -2.178474 -2.037375 -3.616227 -4.770297 6.844878 3.272010 -9.398359 -2.139732 5.418762 10.629539
