11 -13.206030 -21.845118 -10.147717 -11.036337 -9.893102 -17.685885 74.597786 -22.286456 -9.554314 -19.945986 111.780783 -10.975802 -22.530490 -17.271332
14 -0.331979 -4.984110 -0.082765 -6.351707 0.063953 1.201381 -0.969102 11.456466 -2.223536 -0.222499 -3.347367 -3.043114 -3.993745 12.828125
9 -5.380048 -10.105575 -0.147229 0.813924 -0.631765 -6.187708 -4.732143 -6.681500 34.533442 0.281439 1.178985 -4.530027 7.214227 -5.626024
1 62.463015 -2.973759 -5.810032 -3.706739 -7.254288 -3.215138 -4.362807 -3.026053 -4.355557 -5.536548 -7.624148 -4.502750 -5.356471 -4.738722
6 5.644495 2.942798 -1.585892 3.849228 -1.582626 9.397050 -11.724364 -0.841556 -5.083280 -1.840706 3.810422 0.981583 -10.006273 6.039121
1 12.634757 -2.371162 -0.427086 -1.732186 -1.390504 -2.333162 -1.481057 -1.432496 0.281674 -0.808522 -1.436570 3.599708 -1.207802 -1.895592
6 3.708216 -2.169034 -1.101994 -0.199197 -1.631181 13.609444 -2.797951 0.009759 -3.584864 -4.756087 -2.272429 -1.729771 3.406857 -0.491767
2 -3.050900 6.321856 3.672108 -0.420759 4.523519 2.612601 0.188120 -3.057678 -2.812111 -3.314062 -3.248861 1.382797 0.717519 -3.514147
5 -9.635370 -7.364126 -11.684751 -4.072334 91.677415 -3.785249 -5.592632 -5.379803 -7.060479 -4.741562 -9.119964 0.580007 -10.551741 -13.269405
5 1.883751 -15.232133 -3.782383 -2.930887 50.581881 2.328671 -10.718160 -7.087989 -4.775310 1.155025 -6.905651 2.431448 -9.549588 2.601327
1 6.705640 -3.075494 2.800794 -5.450657 1.089078 1.130789 0.584692 -2.927996 -9.220989 5.587309 -4.207978 3.996508 -3.047496 6.035798
3 -2.116668 -7.611802 20.172234 4.833217 7.917927 -3.645750 -5.654833 -3.898980 -0.278728 -3.548501 -7.500719 1.729453 0.564144 -0.960994
3 4.815739 -4.965787 56.146312 -6.740039 -6.808153 -4.369231 -3.446314 -4.777676 -4.255495 -5.282244 -1.233796 -11.289965 -8.718443 0.925093
4 -6.165355 3.687986 -0.595322 6.198087 1.985986 -1.544614 1.827748 0.862554 -5.643673 -2.922697 4.469619 0.006487 -5.013266 2.846461
1 143.994986 -10.151647 -8.009981 -10.034889 -10.588515 -14.786487 -8.854227 -9.673812 -12.756776 -11.385524 -9.489763 -13.415475 -19.252623 -5.595261
11 -9.696667 -10.039288 6.099256 -1.536424 -10.689251 -9.333574 -8.734854 -5.604004 0.678117 -11.815680 69.547869 -5.745282 2.413046 -5.543264
4 1.187512 -5.195753 -0.390282 14.229804 -6.229444 5.512319 3.963106 -5.987827 0.037441 -0.268019 -4.545257 -1.987323 0.338110 -0.664390
12 -9.716014 -8.753616 6.549183 6.553105 1.718604 -3.247497 -2.551912 -11.779220 -6.075108 11.400511 -3.145003 24.230261 -8.308004 3.124711
14 2.842265 -0.877578 6.610073 -7.846121 -10.138904 -4.945417 -5.572744 -6.932112 -11.049401 0.374332 5.684863 -0.542697 -8.013070 40.406511
11 -3.083516 -9.370573 -3.381171 -11.059621 -6.153080 -5.260518 -4.133261 -0.196473 -5.733384 -7.638313 60.762466 2.185133 -4.090135 -2.847557
3 -3.974377 -8.652963 59.688106 -2.505730 -5.528221 -4.291249 -4.206256 -7.112181 1.642262 -5.874899 -2.933801 -8.468387 -3.591171 -4.191135
12 5.573878 0.866498 0.049663 -1.690155 -0.515818 -5.503500 -4.289730 -8.503489 -3.905321 3.130790 -0.733575 8.077599 4.098948 3.344212
14 -2.911246 -6.147375 -4.431232 -0.939917 0.752322 8.430778 3.552847 -12.489439 -0.072111 -3.063180 9.409049 -2.432827 -1.698731 12.041061
9 -5.339817 5.194618 1.762541 -5.238353 -1.256103 -1.250425 0.896862 -4.794881 14.708467 1.090824 2.814329 -4.770197 -3.844895 0.027031
14 -9.718767 8.682584 -5.703910 -1.016003 3.241177 -3.001759 0.363969 2.395636 -5.241560 -1.847114 -2.887891 2.227687 3.685299 8.820651
8 -8.198870 3.240980 -5.805364 2.101578 4.369245 -0.106425 -0.699010 20.898462 -4.898787 -6.075274 1.209625 -3.232608 -6.487866 3.684317
14 -1.917228 -1.011797 -2.248356 -4.009034 -1.446750 -2.753398 0.012155 -4.930319 2.954197 -3.170531 -3.358908 3.942047 0.967007 16.970915
2 3.522544 40.507171 -9.645749 -5.997408 -1.797205 -1.249465 -7.516634 -8.388140 -2.097815 0.410529 -4.698643 -2.877006 7.390665 -7.562848
1 90.846816 -6.575784 -7.596763 -15.291693 -8.636040 -4.046237 -8.438491 -0.226131 -11.612297 -8.158036 -0.916237 -6.150442 -13.845619 0.646954
2 2.509849 4.827407 -3.797106 -2.841378 2.554238 1.789809 -5.083371 1.039858 -4.714204 2.454314 -2.242007 -1.317223 3.932571 0.887242
5 -2.511749 -7.243105 -2.540021 -0.241571 50.465835 -4.534027 -3.697328 -4.034722 -3.701130 -4.336117 -3.313347 -5.221130 -3.373884 -5.717701
14 2.111483 -3.469695 1.127124 -2.240473 0.046011 1.269576 -1.474649 0.640160 -2.329036 -0.622050 2.082127 -4.383089 3.400435 3.842075
6 2.803011 -12.024007 -2.645242 -8.423680 -3.216629 26.650677 -2.099258 -2.924455 -2.556829 -4.112600 -8.852959 -0.545793 -2.386258 20.334023
5 -3.003134 7.444419 -6.819512 0.876832 11.602992 0.184225 -6.882177 -0.093362 -7.440325 -8.058381 -4.890916 10.954513 -0.655104 6.779931
7 -4.846644 -2.084373 -8.405470 -5.849376 -3.996086 -9.940669 85.786063 -7.848430 -15.791450 -1.370919 -1.971639 -3.012655 -13.574216 -7.094135
14 -1.440383 -19.140678 -11.442986 -2.516854 -10.826433 -4.383511 -2.327759 3.106253 -12.274418 2.518312 -5.204125 4.328503 -3.453757 63.057834
2 -0.113115 9.316089 -0.450853 -1.475759 2.054221 -2.754649 -1.771043 -5.059994 -2.462062 3.395468 0.327078 0.860055 1.515661 -3.381097
2 -8.441446 56.778993 -2.300198 -7.828824 -9.071936 -3.962052 -5.654596 -9.581619 -8.863197 -5.642656 16.044613 -5.416693 -11.068551 5.008165
2 -4.233051 49.759372 -1.009527 -0.070032 -1.328491 -2.565336 -2.535179 -12.423200 -7.057013 -3.839897 -3.161730 -1.455965 -4.559446 -5.520502
14 6.985425 -0.611082 0.405726 -0.582883 -2.181435 1.633676 -1.803534 0.958891 -9.398645 -1.012769 0.380772 -0.768277 -1.556725 7.550858
6 -4.055785 -4.964308 -4.358948 2.758962 -2.250055 9.153350 7.534490 0.694947 -5.504483 -2.439535 4.310304 -3.651547 -0.036858 2.809465
3 7.787566 -2.335634 31.971968 -2.062425 -8.142093 -12.152149 1.224389 -0.141427 -14.629468 4.660879 7.417894 -1.431287 -3.308281 -8.859936
13 0.107757 0.255463 -3.210999 -3.017900 5.581301 -4.953662 -2.693073 -0.464881 1.180824 -1.109607 -0.652229 -1.159810 16.576088 -6.439271
3 -6.740847 -11.485215 97.249127 -5.301370 -6.607408 -7.886779 -4.226810 -3.591008 -7.088060 -6.374812 -12.458033 -6.423339 -12.193964 -6.871483
6 -10.497472 -13.372694 -1.120327 4.075887 -10.483452 40.301465 -2.248577 -2.545458 1.044436 -9.093854 -3.562334 -2.095755 13.959758 -4.361621
12 1.882668 -8.786320 0.959196 -2.326639 5.689093 -5.156087 -6.072723 -4.099110 -2.784685 9.639977 5.484252 12.417709 2.537512 -9.384843
14 -2.129895 -9.322531 5.234129 -0.065581 4.894566 4.948625 -4.840963 -3.268990 -9.075911 8.765083 -2.529819 3.156029 -5.477573 9.712831
13 -0.175646 -3.522078 -4.592490 6.879487 -2.398921 -0.831768 0.573822 -7.778293 -5.806842 1.529672 -2.130198 -1.898668 20.944983 -0.793061
11 -5.235765 15.554482 -2.236908 0.949202 -3.715757 -0.400614 -2.986759 -4.049272 -3.202196 -4.923241 21.769281 -2.990956 -4.910675 -3.620818
13 8.488355 -2.019119 -0.600402 -0.868503 1.441518 -3.967212 -6.149302 4.546926 1.320055 -6.782240 -6.968596 -1.406064 14.793368 -1.828784
14 -1.692651 -6.955048 -4.238956 -5.336478 2.398318 -2.004648 -0.633166 -9.465194 -5.885576 5.172928 -4.418446 2.288559 -2.002556 32.772912
14 3.710812 -1.156542 -0.241135 0.875822 -2.047648 2.252830 0.096088 -4.146788 -1.764730 1.057969 -3.006842 2.000124 -1.751909 4.121948
14 -1.683171 -14.510680 -1.710508 -2.006507 -4.901772 -0.360429 -9.751914 -7.920553 -1.177780 -0.975789 -5.634851 -0.713732 -8.475701 59.823389
11 -8.404444 -15.002824 -9.501794 -4.420956 -4.782287 -15.593360 -17.443990 -15.307908 -8.090398 -8.470277 115.734480 -1.565949 4.692632 -11.842927
7 0.689307 0.371717 -4.275489 1.991535 -2.851187 -0.365129 15.354441 -7.956845 -2.422189 -3.711237 -0.258816 0.432138 -2.965065 5.966819
6 -4.985624 0.622592 -6.481358 -2.361867 -0.239573 28.789409 -2.594997 2.228431 -6.495240 -4.408363 0.797264 2.869692 -6.272971 -1.467394
4 -3.679009 -18.431645 1.250563 81.874859 -12.694019 -8.952352 -7.310060 -0.096737 -3.203553 -5.326987 -3.203718 -5.103454 -10.257482 -4.866402
4 -5.913263 -15.101716 -5.105061 91.131371 -10.297555 -7.899370 -4.963606 -2.737232 -6.085396 -6.645315 -7.003398 -6.342674 -10.230908 -2.805872
4 -7.542676 6.716145 -8.662605 55.374418 -4.718068 -4.520262 -5.138735 4.391233 -13.510817 -6.355674 -2.153957 -8.763054 -12.189652 7.073707
7 -5.152835 3.998084 -7.963158 -5.526571 -15.464928 -3.040968 91.594876 -13.108917 -5.112623 -9.628731 -11.664235 -4.504312 -11.095670 -3.330009
7 -10.563944 -5.485411 -9.772531 -7.752051 -12.413523 -16.889259 118.529372 -11.889849 -11.045070 -6.167399 -0.532716 -12.381756 -3.164686 -10.471178
7 9.090307 -5.812308 2.260892 2.113390 -5.980373 -3.008468 15.624797 -5.178589 -4.898575 -0.443896 -5.171970 2.730241 0.904140 -2.229591
7 -9.528668 -14.381711 -6.985849 -9.138698 -10.603125 -12.386489 112.735518 -7.774462 -11.548246 -7.747796 9.552578 -9.430055 -11.382512 -11.380485
7 -7.553908 -8.353809 -6.737170 -7.596167 -8.157706 -10.465636 87.502071 -4.139009 -8.442619 -5.704097 -2.802809 -7.776307 -6.936089 -2.836745
6 -0.195460 -0.313194 -0.015182 -6.494559 -4.844183 49.611796 -2.208674 -3.591061 -7.369461 -2.529694 -3.254046 -5.238628 -9.360172 -4.197482
9 -3.613576 -0.763947 0.800276 1.676438 -0.831838 -1.129995 -1.763290 0.434370 9.396730 -4.168313 2.731129 -0.720992 -4.079655 2.032663
10 2.022181 -1.823945 5.473353 -0.437350 4.514365 7.161554 1.374964 -8.456583 -6.371752 10.859700 1.827072 5.759414 -14.952872 -6.950101
8 -4.167177 6.089415 6.498151 -3.920332 2.955736 -5.378638 0.312856 21.171607 -0.016405 -13.359812 -1.047149 -4.581189 -1.205055 -3.352009
2 -6.121766 13.921719 -6.847827 1.795409 -2.081911 -1.863575 -1.851786 12.034254 -2.286315 -3.008100 2.054008 -5.798732 1.723963 -1.669340
13 -6.128687 -7.969313 3.174451 3.655309 -6.967302 2.195413 -5.805176 -5.861983 0.676532 4.040981 -10.633475 -6.070802 36.185755 -0.491707
4 -10.759740 -7.585426 -7.831312 84.196546 -12.287244 -7.891627 0.576248 -1.990372 3.749276 -12.180930 -10.627112 -7.813110 3.587294 -13.142486
4 -9.772573 -18.983781 -1.675328 85.342465 -10.614996 -10.570146 -7.239513 -5.471165 -5.834248 -0.158808 -8.079294 -4.240643 3.395593 -6.097562
4 -8.819921 -14.554213 -4.014356 90.296264 -15.269556 -7.469496 -2.144017 -8.333729 -3.545667 -4.393606 -5.765123 -1.109686 -14.395781 -0.481108
11 -0.844651 -1.419477 -0.989934 -3.912280 -3.231993 0.547927 -3.038082 -0.125611 -2.181631 -3.770865 21.587362 -2.890127 2.721524 -2.452165
11 -2.236231 1.975051 -1.742234 -2.322064 2.315417 -3.917978 6.129825 0.735162 -5.943402 0.133230 6.308184 -2.204593 2.784064 -2.014431
9 -1.106563 -2.100238 10.054102 -2.212828 3.437266 -0.443840 -2.488562 -3.809707 11.060416 -4.962317 0.766045 -3.736857 1.625583 -6.082502
4 -5.951665 -5.370654 -5.099460 89.019296 -10.011431 -9.726341 -0.958760 -1.012199 -12.134657 -10.513410 3.307678 -14.601861 -8.398512 -8.548021
5 -7.950552 -12.101467 -4.486066 -4.485744 94.899120 -8.627506 -6.024658 -3.162987 -10.772960 -9.026841 -6.016894 -4.600008 -13.333640 -4.309795
13 -3.280214 3.368672 -5.383801 1.960134 -1.941622 10.416500 -2.310906 -2.158737 -2.527266 -4.883058 -4.262972 -6.064107 12.948601 4.118777
9 -0.802140 -1.808639 2.025432 -0.708085 -0.469321 -1.351200 -1.045120 -1.037151 3.183397 -0.844186 0.270130 -0.566694 0.608669 2.544907
11 -7.147836 -6.125240 -0.530008 -8.888477 -10.079207 -6.481516 -4.922825 -10.538738 -5.372114 -14.359178 92.398624 1.641292 -6.784114 -12.810664
11 -11.454998 -6.582564 -7.186777 -5.830207 -9.138593 -8.231454 -5.996784 -7.813427 -11.618329 -14.447717 115.730730 -7.518808 -11.274958 -8.636116
11 5.668711 -1.723215 -12.886625 1.199692 -5.805788 10.822492 -8.590712 1.437335 -12.855525 -7.424862 32.562213 5.361564 -3.974536 -3.790745
6 3.096782 -5.897039 5.205243 -7.391171 3.665674 10.286233 0.288814 -5.392597 0.545910 2.093847 -5.548348 -1.173489 -1.511172 1.731311
1 79.513054 -2.225808 -7.054857 -11.672190 -3.882465 -8.636261 -7.325241 -3.899398 -8.964853 -13.010618 -9.453098 -8.080707 -2.263099 6.955543
13 -1.704138 -3.202789 3.131140 -0.942770 -5.073823 -3.208978 0.122331 -4.256556 -9.475178 -5.322622 -0.858120 -5.594315 33.716362 2.669456
3 -1.486886 -5.237677 36.041725 6.262594 -5.060712 -7.515725 -5.447788 -8.224085 4.520392 0.287012 -8.661766 -6.791867 -4.661199 5.975980
4 -6.735980 -6.607986 -7.479791 92.087598 -9.082039 -14.016601 -4.581279 -2.548343 -13.926718 -7.871014 -5.345365 -7.530905 -7.782819 1.421245
4 -1.665659 0.986274 -2.330881 87.936322 -7.956571 -1.697106 -4.319154 -2.469514 -18.944621 -14.087146 -1.803206 -8.124529 -17.286345 -8.237861
2 -0.741414 52.406021 -1.049549 -0.476834 2.248833 -5.544698 -6.072050 -10.214590 -10.394978 -8.165617 -9.091398 -4.132730 -5.188195 6.417205
3 -3.913826 -3.030034 8.823089 3.924400 -0.730677 -4.219683 -2.419829 -6.319815 -1.729155 5.974640 0.022966 1.330187 -0.696827 2.984566
1 0.000000 0.000000 0.000000 0.000000 0.000000 0.000000 0.000000 0.000000 0.000000 0.000000 0.000000 0.000000 0.000000 0.000000
2 -13.392079 64.820118 -3.993652 -3.252580 -3.000885 -2.949361 -3.837646 -3.585920 -9.121609 -4.786883 -1.154670 -5.898878 -6.769090 -3.076866
13 -2.225753 -6.837611 1.877304 2.083889 2.875999 -3.876075 -2.722741 -4.350372 -8.628739 4.708724 -4.824364 -1.719370 21.695204 1.943903
1 81.243555 -12.792116 -5.005388 0.292512 -5.392453 0.601150 -6.149558 -2.981700 -6.796907 -13.850255 -4.442451 -10.753067 -12.386427 -1.586896
7 -9.805457 -6.957912 -5.527284 -7.194262 -11.421501 -10.260929 109.480992 -13.397169 -13.905681 -8.282196 3.271331 -7.608802 -10.311055 -8.080073
6 -13.872952 -14.102795 -14.731965 -12.867720 -17.386737 170.116782 -11.242820 -5.922324 -9.633213 -21.798154 -10.910309 -15.222768 -14.008878 -8.416145
4 2.406687 -8.288855 -3.259404 5.916367 -0.334186 3.183073 1.995761 1.526517 -4.696600 1.716424 1.710091 -0.870191 -3.660528 2.654842
13 -3.454121 -1.233106 -0.765556 -5.588423 6.511523 10.989266 -11.022270 -9.628373 -0.639428 3.985151 2.981199 -5.356343 16.364739 -3.144263
1 85.538032 -5.247094 -9.174761 -7.054752 -5.529919 -3.704747 -5.937187 -7.061809 -9.128997 -5.465126 -3.552636 -9.535089 -14.458171 0.312258
3 -1.907233 -0.019524 8.902963 -0.250368 -2.450907 -3.407204 2.435942 -3.098326 -5.875228 1.259062 3.923199 -1.521351 -4.258890 6.267866
10 -2.051622 -3.262759 13.415204 -5.702846 -2.813161 -3.294569 -5.617597 -4.530889 5.808827 20.985917 -1.089748 -1.363633 -10.489598 0.006471
1 9.351845 3.665346 -6.842803 1.070288 0.511592 4.095061 -2.705498 -5.679134 -5.681791 -1.687957 1.107507 -2.873533 3.190931 2.478147
8 -2.761381 -4.418931 0.253060 -5.698795 9.711544 -4.085322 -3.105232 20.853706 -2.533085 -0.990849 2.102324 -3.458282 0.704024 -6.572781
7 -8.851792 -9.023652 -2.840511 -6.248326 -6.718760 -9.502375 80.300678 -5.014245 -12.625953 -13.673502 -6.113260 -9.136059 14.383574 -4.935815
8 0.000000 -0.008489 0.000000 0.000000 0.000000 0.000000 -0.213338 2.397123 -1.631974 0.000000 -0.071197 0.000000 -0.472125 0.000000
11 0.278706 3.613293 -1.784703 -3.189120 3.524724 4.213625 -0.412944 -2.499962 -3.970172 -5.742890 7.479619 -1.083423 -1.897566 1.470814
10 2.041993 -4.363124 0.445624 -2.796811 -4.245160 -0.978502 -4.108250 -4.026333 -5.499215 25.682442 -0.428426 1.200297 -1.884553 -1.039985
14 1.741661 0.753882 -2.370855 -6.038148 -0.780677 -3.130565 2.615770 -2.272008 3.514136 -4.246531 -2.613302 5.900680 -5.331406 12.257363
13 -3.138286 -5.240204 6.810542 -4.012759 -1.291442 -0.826196 -1.622710 -3.249319 -6.746653 -2.086046 -2.006266 -2.195078 28.000830 -2.396414
2 26.577364 85.559811 -19.333052 -11.180869 -7.942084 -4.386985 -11.077371 -8.511675 -10.059402 -15.430110 5.252764 -13.027016 -9.288515 -7.152860
6 -1.213630 -0.113195 -1.677582 -1.562945 -2.249015 7.383328 -0.260405 -0.694182 0.927159 -0.789804 -0.965908 1.296923 2.127624 -2.208368
2 -4.060515 55.672283 -6.493703 -7.242030 -1.611160 -0.112692 -6.120386 2.024097 -3.837254 -5.876181 -3.891434 -11.741196 -5.785622 -0.924206
14 -2.374371 2.220595 0.708064 1.470341 0.916498 0.074869 -0.034100 -0.388131 -5.087167 0.583984 1.946354 0.815866 -3.227349 2.374550
4 -7.204946 -14.557425 -10.547197 85.515454 -15.772454 33.900311 -7.331857 -3.726800 -7.503797 -10.920798 -13.974611 -9.320096 -7.875255 -10.680523
1 98.818440 -7.544274 -5.484536 -8.237033 -7.501167 -8.564833 -4.755451 -8.414645 -0.546150 -8.601578 -6.683674 -11.285322 -11.881143 -9.318633
1 106.081468 -0.270187 -9.648700 -10.665470 -7.769266 -3.591895 -6.677741 -8.108317 -7.698552 -7.327231 -2.783609 -15.738690 -13.546675 -12.255135
1 96.439873 -7.994563 -8.065550 -10.851733 -14.869182 -6.870597 -4.098538 -5.892288 -4.206184 -3.863099 -6.108266 -2.098967 -8.215048 -13.305856
8 -6.697531 14.069234 -5.506222 -8.865233 4.025156 -7.550561 -5.664149 14.233145 9.714981 3.933925 11.411867 -16.849142 0.962456 -7.217927
4 -5.883506 -9.751540 -7.590481 102.640749 -13.975261 -6.224112 -5.252000 -4.546191 -12.273214 -8.413198 -4.072451 -8.822059 -16.696372 0.859640
7 -1.391973 -3.066815 0.122380 0.476768 -2.415851 -2.166817 7.108372 -2.140964 3.885583 -4.067503 0.165429 -0.735972 0.913038 3.314323
2 -8.310280 69.656337 -5.500340 -3.528836 -10.232802 -3.941725 4.062095 -5.674959 -2.298886 -0.526958 -5.670673 -6.545045 -8.308150 -13.179776
1 9.229910 -4.671774 1.085634 2.905790 1.936238 1.635556 -0.505421 -1.019460 -2.353033 -2.964283 0.940659 2.064388 -4.529539 -3.754663
10 7.481855 -5.131965 -3.696536 -8.559656 -2.298746 0.922364 11.796137 5.548542 -8.612371 15.006106 -5.741874 -5.525314 -1.299940 0.111396
13 -1.406851 3.157143 1.046630 -0.669022 -7.602844 -6.156097 -1.951852 -6.344555 4.903079 -1.440753 2.640517 3.313932 7.076082 3.434590
9 -4.206091 -5.124595 1.191865 -6.482472 7.269806 6.950713 -4.475708 -5.018029 19.951762 0.807315 1.397966 -6.462949 -0.012649 -5.786936
9 -4.114083 -5.068315 3.581156 -6.544624 1.683643 0.306432 -2.332292 3.767276 14.268791 2.492580 -2.722797 -5.563852 1.612316 -1.366232
5 2.113961 -13.173964 6.394754 -4.496107 49.777174 4.948824 -1.207836 5.559160 -6.158198 -8.642967 -9.090715 -5.775973 -17.855432 -2.392683
4 -2.483151 -10.251083 -5.697427 92.139548 -13.752636 -8.795839 -5.002322 -1.937506 -7.547607 -11.976929 -5.415162 -4.755417 -7.361238 -7.163228
4 -7.755903 -1.508927 -2.932125 91.076886 -5.604261 -9.966530 -6.895846 -6.250761 -4.563230 -9.327731 -12.038537 -1.462393 -14.032718 -8.737920
4 -3.255553 -11.681051 -1.831184 98.159280 -14.480022 -8.912490 -10.504394 -5.040862 -13.830028 4.042895 -5.444741 -3.494301 -20.168728 -3.558818
4 -5.127123 -4.694821 -3.247968 57.707630 -5.968740 -6.243526 -4.243127 -0.443124 -7.280635 -4.115353 -2.300385 -3.120054 -8.344822 -2.577949
4 1.787708 -11.145755 -1.995896 12.206652 -4.621882 7.238035 -15.643077 7.998493 4.513514 -0.000128 -6.201480 0.947609 1.768140 3.148064
1 78.771348 -10.281504 -5.325066 -9.922464 -8.003890 -5.590502 -10.436554 -0.356085 -4.913866 -1.311678 -8.474274 -0.925415 -6.352210 -6.877839
7 0.751966 -12.603221 0.436398 -2.384240 -3.059992 1.784258 12.651549 -1.345673 -2.292430 2.530763 3.033904 2.929407 0.475161 -2.907851
8 -1.573122 -10.765762 -3.695976 4.070967 -1.525653 -3.528737 -6.193352 44.179390 -5.660119 -0.155645 -5.268170 -4.294939 0.508191 -6.097074
1 95.928657 -10.811588 -7.251068 -6.918462 -6.419583 -15.568484 -9.853836 -8.017987 -1.726451 -12.829855 -5.942991 -7.582257 5.680663 -8.686756
1 88.859716 -5.091127 -5.539314 5.552979 -8.952237 -11.157537 -2.483130 -13.170781 -0.737309 -12.807864 -7.122331 -8.918060 -7.138777 -11.294228
3 -3.033881 -9.867337 23.054609 11.438477 -6.501903 -3.072981 0.628954 -6.147841 -2.116314 -4.071067 -0.047578 2.247045 -0.000763 -2.509421
3 -4.488707 -4.117794 58.363413 -5.597835 -9.039474 -2.762305 -2.827892 4.059945 -0.537363 -2.526347 -5.664803 -7.364993 -8.679514 -8.816333
1 69.489773 -8.482570 -8.208865 -4.309164 -4.323465 -4.861586 -5.608527 -4.212695 2.356823 -8.593606 0.944752 -10.484930 -6.522498 -7.183443
3 -4.177118 -4.220572 93.285722 -6.374359 -4.807719 -6.506305 -5.448290 -4.108048 -7.319286 -7.488921 -6.705518 -9.122742 -14.386293 -12.620551
14 1.653611 -8.343576 -5.301667 -0.880125 3.947845 1.748495 -1.226345 6.113487 -8.287335 3.330767 -1.658346 0.497663 0.065406 8.340119
14 -6.649975 -13.033261 -0.443976 -1.310829 -3.648003 -0.974605 -2.382659 -0.975865 -13.914359 -3.532149 0.717316 -6.229569 -6.959309 59.337241
8 -4.622637 -0.039626 -3.907671 0.711239 -10.084078 -6.392314 9.473676 44.556315 -4.835399 3.658175 -7.254352 -6.296342 -7.432919 -7.534068
3 -0.248391 -10.684537 61.430070 4.797918 -3.871688 -3.407020 -4.602724 -11.688895 -0.068754 -4.587248 -4.472705 -4.806034 -10.855858 -6.934135
6 -6.744327 -5.172638 -6.410198 -2.467149 -10.001816 80.366727 0.633317 -9.732839 -5.300816 -8.759161 -5.549581 -4.569554 -10.174483 -6.117484
13 -1.096917 -9.517920 11.015543 -7.487779 -5.819824 1.581834 -3.331775 -10.363598 3.226597 1.594301 0.755142 3.653971 16.103730 -0.313304
3 -3.799992 -8.520553 67.037104 -7.992815 -9.257092 -4.729720 -5.649994 -6.690464 -2.378823 -2.694232 -5.266336 1.721134 -9.469926 -2.308292
14 0.291927 -1.009062 1.598616 -0.876981 0.288802 -0.709277 -1.377157 -1.328766 1.829225 -2.417801 -0.690141 0.645644 0.649865 3.105106
11 -4.296015 -5.822062 -4.155847 -2.762470 2.858410 -3.971768 4.535533 -0.303659 -4.439525 -3.463250 24.717415 -6.118130 -3.457639 6.679005
11 -9.455346 -0.871022 -4.340189 3.595836 -8.431507 0.592858 -3.542454 1.161458 0.110989 3.708180 23.722474 4.941770 -3.297373 -7.895675
11 -9.364126 -16.160655 -6.980689 -5.253478 -8.721063 -14.099018 -5.109890 -4.920203 -10.266360 -10.791843 115.502954 -8.566782 -8.999014 -6.269831
11 -5.054635 1.825555 -5.036605 -2.366161 3.947881 0.196219 -4.192912 0.506698 -12.724636 -9.638719 39.752097 -1.370972 -3.867410 -1.976401
1 88.127904 -4.764636 4.950614 -8.795864 -2.702074 -6.086153 -8.357854 -6.790875 -10.902505 -11.347659 -10.930461 -5.966112 -11.406019 -5.028304
5 -2.066738 -6.398384 -4.801882 -4.444109 69.455691 -0.927688 -3.432738 -11.979570 -11.360919 -2.590600 -1.948547 -10.870263 2.067569 -10.701818
4 -8.150814 -4.894985 -11.374203 102.547647 -5.119350 -3.828768 -5.374735 -6.146752 -5.136946 -5.763626 -15.445586 -1.368643 -17.017903 -12.925331
7 -7.192609 -3.366356 -8.063002 -9.576074 -8.041503 -12.629018 109.448202 -11.223168 -10.604632 -5.285047 -9.499671 -10.308213 -4.647782 -9.011129
3 6.728115 -6.025550 8.471601 -0.034837 -2.337857 7.361991 1.748818 -1.852882 3.478620 8.126373 -5.487863 0.751810 -22.179370 1.251031
5 -8.325513 -0.227896 -5.288803 5.793759 66.829766 -2.749580 -6.756931 -7.098788 -8.214148 -7.130551 -6.157391 -6.027615 -11.479014 -3.167294
4 -2.845791 -9.701384 -5.678875 92.708594 -7.039300 -8.892222 -4.352305 -2.902714 -7.042203 3.583805 -12.661015 -4.766866 -14.974446 -15.435274
6 -7.275690 -5.471713 -13.334879 -13.185456 -8.593519 120.575117 -5.728854 -6.221496 -3.364443 -11.877462 -15.552839 -10.075071 -14.430256 -5.463438
8 -6.884270 -7.208163 -0.864961 0.621566 -1.156296 4.587946 -0.305797 23.817584 -3.722928 -3.787123 -6.863226 9.056083 0.665673 -7.956086
6 -8.293932 -6.580441 -6.104041 -6.234822 -6.358698 98.129330 -6.305417 -9.803161 -6.394077 -6.344305 -5.619679 -8.728562 -12.312438 -9.049759
6 2.612876 -3.652762 -3.829465 -1.349694 -3.230286 14.861187 -1.275560 -4.059446 10.169808 -4.685616 -3.896324 -0.142045 -3.835096 2.312423
11 5.420984 3.431692 5.480417 2.531218 -5.181798 -0.472201 3.116243 -1.474388 5.215605 -1.525740 6.700634 -5.565076 -10.557839 -7.119752
13 -3.957074 -10.107310 -1.574047 0.114226 -3.698228 -4.298622 -7.358754 -7.025086 12.867174 -0.455703 -6.937127 -5.850794 45.763986 -7.482644
13 6.230457 3.032009 -0.014678 -3.457087 -4.982197 -1.078612 -0.582974 -5.503870 -3.964416 -1.176432 2.937883 -1.048062 16.412774 -6.804795
14 -0.042962 -2.945078 -1.481554 -1.120095 -0.680444 -0.187942 -1.456426 5.118232 0.059500 -2.558976 -0.998806 -1.604919 0.147216 7.752254
9 -8.970308 -5.967457 -5.031127 -5.413317 9.008298 -0.707719 0.209158 -3.170814 26.829177 2.303121 -3.318421 -7.141405 2.103594 -0.732779
12 10.023697 -13.438091 2.745369 -0.684188 -6.317689 -4.102392 -0.558505 -4.662141 -1.980780 -0.486062 4.254190 15.109670 -0.937932 1.034851
4 -8.768331 -12.500405 -5.953163 88.671666 -11.789766 -10.235323 -6.379841 1.537037 -1.763957 -11.647899 -8.070814 -5.251386 -7.188278 -0.659536
14 2.546042 -10.659966 -1.441756 -3.580617 0.959384 0.491880 0.775527 0.232789 -1.093014 -2.639535 -4.164029 2.808685 5.900715 9.863892
4 -5.341947 -9.697527 -9.927224 67.343956 -8.305125 -0.882807 -8.982221 -8.069041 -15.565242 -3.493425 1.334030 -0.940280 8.024775 -5.497920
4 -7.798335 -5.699673 -10.949940 108.776664 -14.129157 -5.825911 -2.266220 -0.048616 -12.027997 -15.237809 -3.491830 -11.923079 -15.514806 -3.863286
3 -10.089970 7.413809 98.222486 -9.221553 -6.080354 -2.285200 -4.882866 -8.276555 -4.303029 -9.627882 -8.563782 -8.537032 -16.475250 -17.292821
3 12.035304 -1.610729 16.077354 1.038736 -7.746776 -0.483164 -5.062799 -0.634731 -6.341894 1.898459 -0.718671 -2.447275 -5.243857 -0.759956
2 -1.489666 4.591863 -5.980447 -1.278058 -2.803008 0.075198 -1.293010 3.664555 4.018290 -1.137821 -1.471774 1.986050 3.478670 -2.360843
10 -1.228458 -1.250445 -0.087215 2.430436 1.834876 4.559714 -4.176224 -2.334073 -5.726289 5.124475 2.220543 -3.086023 0.257826 1.460855
13 -4.811154 0.037691 1.576385 4.733606 1.892550 -2.065387 0.709545 -2.405278 -3.301821 -7.107833 1.100577 -0.874516 8.292345 2.223288
14 -0.362943 5.215080 -4.005420 -3.824017 -1.418146 3.847710 0.358557 -1.337473 -0.057717 -1.313112 3.286296 -6.640716 -3.166206 9.418108
8 -8.397179 2.678294 -0.898549 -9.598879 10.223817 6.460828 7.692564 10.612424 -14.698180 -6.052523 4.394824 -2.000976 -10.634511 10.218047
4 3.841470 -11.437987 -2.172733 8.536333 -1.664115 -3.516734 -0.291511 0.955247 -1.098339 -1.159082 -2.490384 1.308818 6.772087 2.416931
8 2.380751 -6.268155 3.132172 -4.828187 2.242104 -0.991357 0.049757 7.338199 -3.076703 3.686707 -4.270554 -7.911251 3.154657 5.361860
4 -1.405023 -13.095452 -5.541879 86.415489 -14.123296 -11.238766 -7.564014 3.999350 1.280227 -16.352781 -3.469909 -9.040514 -9.507597 -0.355832
4 -5.380503 -15.050191 -5.732062 90.787523 -10.068117 -9.875468 -2.458399 0.317766 -7.521721 -7.840819 -7.492284 -5.989652 -4.510057 -9.186010
1 7.356786 1.959836 1.953274 -2.003765 -2.258485 1.744696 -1.291172 1.026405 -1.740651 -1.644774 -1.073956 0.509876 -4.110539 -0.427531
12 1.061327 8.860451 -0.886221 -10.210728 4.032664 -2.278910 -5.353977 9.119797 -13.537054 -4.675863 -3.703231 21.264110 -0.284203 -3.408163
1 91.034861 -3.732149 -2.838124 -7.647308 -17.039905 -3.768397 -9.087483 -8.969616 -4.836864 -6.606679 -6.373887 -3.877515 -10.837026 -5.419905
14 1.991509 -5.147048 2.283126 -4.016419 -3.902701 4.178155 0.283893 -3.762642 4.944034 -8.329917 -9.655330 -1.705945 0.340444 22.498839
10 5.425969 9.851727 2.018174 -3.619263 -1.999549 2.001479 1.040486 -6.731038 -12.273529 9.946178 4.120826 1.810823 -13.487294 1.895010
4 -4.304948 -15.262167 -7.290644 61.775760 -10.676060 -3.688647 -1.370692 -2.032110 -4.680105 -1.594941 -6.138466 3.536515 -12.846631 4.573137
5 -5.116250 -4.287732 -6.090549 -1.904399 69.987654 -10.585502 -6.664258 -9.229141 -3.162244 -6.550256 -1.092507 -1.991117 1.509145 -14.822842
4 -2.149391 -12.305388 -9.455766 94.383252 -3.463500 -15.193651 -9.362539 -2.501431 -9.401173 10.930577 -7.698300 -6.205243 -21.523022 -6.054422
14 0.845429 -11.041914 -2.214615 -4.571336 -2.343790 0.071090 -2.265936 -5.914992 -1.281083 -4.405398 0.130538 -11.478992 -1.604232 46.075231
2 -0.212593 3.109697 -1.580346 -0.410909 1.711064 0.521859 -0.383243 -1.904210 0.117260 -0.447745 -1.034607 0.931954 0.058079 -0.476260
8 -2.890354 0.473886 -3.077427 -3.290155 1.599878 1.776503 1.783023 1.926792 -0.383138 -0.011903 1.277970 -0.460979 -0.583917 1.859822
4 -6.154635 -14.999149 -8.709296 91.357559 -13.492050 -1.922128 -2.148241 5.225351 -6.703476 -6.294147 -11.273287 -3.474728 -8.138270 -13.273500
10 5.768718 -19.801132 8.843270 -3.103697 -7.468167 1.462322 -1.157111 -7.859736 -2.127745 21.865692 -2.303703 21.360255 -11.200412 -4.278554
14 -4.199044 -7.655709 -0.747332 -5.797254 3.248180 3.114498 -2.796094 -1.532554 -1.945588 8.510949 -0.994411 -6.665111 -0.870442 18.329912
6 -11.162469 -3.858579 -4.987063 -4.730214 -9.559302 92.775324 -7.684772 -9.848271 -0.928480 -6.328615 -7.974382 -7.428047 -7.529539 -10.755587
13 -2.871627 2.166555 -4.581840 -2.307757 2.162846 1.310805 -4.738173 -5.759979 4.005983 -2.011163 -0.402202 3.197105 11.444003 -1.614556
6 -0.824373 -1.202863 -1.056214 2.033670 -0.204028 2.876516 0.928030 -4.788403 1.508519 1.506670 1.020280 -2.416507 2.410492 -1.791790
4 -10.954305 -10.350863 -7.731891 94.108388 -14.467712 -9.237461 -2.821385 2.438183 -9.384905 -11.590424 -3.783974 -3.783236 -6.831651 -5.608763
10 -8.422585 -6.549218 -4.495286 -3.065742 -1.076250 -6.382304 -11.395264 -1.721943 0.657544 61.837697 -5.699336 -6.870802 2.645468 -9.461977
8 -3.179175 3.791821 -2.157781 -4.922456 -5.093840 -5.168723 -7.379472 39.249075 -2.396141 16.748335 -8.900427 -7.010279 -6.780543 -6.800393
8 -3.144449 -2.902442 2.339550 -3.750222 -8.152621 -1.988021 -3.040170 34.232462 -0.693257 -1.067596 -5.894978 -4.593867 -0.007034 -1.337355
1 82.050526 -10.892737 -1.796448 2.082041 -2.769669 -15.148529 -5.794113 -10.782237 0.517452 -11.212412 -5.522376 -15.817335 -2.605276 -2.308887
4 -5.216438 2.454486 -5.811666 56.331211 -6.773930 -7.037610 -9.210332 1.407870 -7.121078 -5.513392 -4.011090 -10.211832 3.465976 -2.752171
5 -1.688196 -9.111983 -2.868611 -3.942823 51.093901 -6.985370 -8.408577 3.841861 -4.703365 -6.658842 -8.710992 -8.176413 11.182695 -4.863282
11 -8.569137 2.382760 -8.117107 -0.239845 -1.395315 -11.799308 -6.688716 -10.305953 -12.399840 -4.279061 100.154144 -11.689449 -13.871903 -13.181273
14 1.455183 1.332896 1.457847 1.499326 0.471615 -2.164532 2.250914 -0.396504 -7.004732 -1.242797 1.941820 0.231568 -5.238465 5.405860
10 4.751330 -11.183325 -0.486353 0.677306 -3.839714 2.349452 -1.449181 1.557363 7.621088 9.634474 -9.044170 4.910738 -1.600224 -3.898786
8 -1.801090 -6.708804 -6.291296 4.662550 8.238923 4.315679 -3.091763 13.703309 3.834052 -1.726525 -2.261744 -4.618640 -4.722953 -3.531696
8 5.944415 0.003521 -1.157898 2.860605 7.788527 -0.565472 -2.299837 7.825357 -5.009343 -5.974117 -8.982899 0.478955 3.375168 -4.286983
4 -0.045303 -11.810081 -1.073637 16.881571 6.963863 4.811161 -8.954161 -3.742585 5.191771 -3.985375 -4.689140 -1.144029 3.081268 -1.485323
1 5.016909 -1.571758 -1.995920 -3.584662 2.258720 -2.979346 2.130183 -1.110361 -1.912015 4.465117 -1.750899 -1.087438 1.705070 0.416397
4 -9.958344 -17.000860 -2.230775 93.918723 -11.402107 -8.126219 -6.790538 1.540362 -3.104392 -11.102404 -7.774792 -5.045216 -9.005549 -3.917885
4 -6.314179 -0.862429 -13.488572 6.503449 4.230507 5.898534 4.172966 4.854417 -7.570358 -2.380725 6.232523 2.683099 -3.084328 -0.874903
10 -1.043905 9.442387 -4.158203 2.064808 -3.817994 2.128389 -6.906144 -5.357499 -0.770843 9.527884 -6.171411 -4.769186 8.146841 1.684872
1 46.521561 -14.881420 -3.559288 -0.070393 -5.295586 -2.316109 -6.702397 -12.241219 0.322435 2.821836 -5.367552 15.456043 -12.885363 -1.802550
6 -2.595606 -4.189645 -12.861697 -7.921801 -3.537280 73.287993 -2.804377 -3.797271 -4.214703 -11.756201 -0.324721 -11.813171 -5.401238 -2.070283
3 -2.466538 -8.805415 23.177410 -7.547566 2.314645 -2.090025 2.623338 -5.106067 -5.432930 2.156751 -4.349791 6.565251 0.515006 -1.554070
5 2.324788 4.472448 -16.382643 -6.019900 53.917973 -8.029844 -5.562677 12.528239 -6.370361 -7.598013 -11.934585 1.700638 -2.229885 -10.816177
8 -5.972120 -7.462271 -8.422291 4.174602 -5.390198 3.460374 -9.141529 59.259850 -8.743489 -9.200027 -6.502320 3.537103 -5.895897 -3.701786
14 -2.474171 -3.193621 1.954327 -2.199441 3.371566 -4.684808 0.665262 0.573227 -1.696998 2.881885 -2.699414 -0.624660 1.552800 6.574044
1 6.019373 2.844780 -0.048433 1.162421 -0.759504 0.230697 3.714781 -0.338747 -6.626564 2.907881 3.355448 -0.479323 -6.640626 -5.342185
6 3.886922 -7.611598 -10.549130 3.154728 -5.077160 33.034285 -6.643507 -4.915553 4.605659 -8.723766 -5.325477 9.511291 -0.097020 -5.249675
12 -10.161142 1.755509 -2.836765 9.054068 -3.075444 -3.443750 -3.178018 9.879212 -1.774199 -9.178338 -1.167947 12.390609 3.807211 -2.071006
3 -2.336020 -5.953958 47.402435 -0.145584 -1.972880 -2.706036 -0.746346 -4.056850 -4.767566 -2.094175 -7.235333 -6.957090 -4.272722 -4.157874
12 1.388407 -0.252262 1.668769 -2.168719 -1.152027 -2.956910 1.509217 -1.536895 4.553971 -1.758715 -2.078055 8.586139 -2.947655 -2.855264
14 1.315643 2.666260 -9.279191 -0.375271 -5.927833 6.558575 -6.595630 -2.571508 0.318371 5.354171 -10.617681 5.664920 2.881507 10.607668
14 0.579893 1.134300 1.365720 -4.426656 3.125396 0.922726 -2.327476 -1.516602 -6.466071 1.077896 2.126777 -4.701333 3.077374 6.028051
11 -1.536490 -2.446822 -3.753164 -3.324636 -5.907103 -10.435513 -3.242011 -2.224750 -3.029517 2.040597 39.599715 -2.419808 -6.688006 3.367506
13 0.411111 3.634309 0.928313 -1.746423 -2.654863 -0.920820 -1.309923 -2.441891 -3.603960 3.299426 -1.612048 -1.219783 6.706772 0.529779
14 -1.696363 0.635041 -2.531697 -0.210534 -2.348042 -1.257925 -2.609146 -4.609995 2.049795 3.616288 0.190622 6.446312 -4.576806 6.902452
1 99.638069 -9.037036 -5.185945 -8.916127 -6.347451 -9.992117 -5.628861 -6.865736 -6.306700 -5.198765 -7.703685 -7.306864 -10.789452 -10.359329
12 -0.797635 -0.541952 -3.616722 -3.238337 1.754577 -0.229279 2.823386 -6.421607 0.313040 -2.200910 -0.649499 9.302769 1.100132 2.402034
10 -0.571044 -10.875767 5.695759 3.677528 0.266848 -0.487604 -2.720283 -1.124087 -5.562787 7.177538 0.438887 5.643093 5.500771 -7.058854
3 -1.583313 -4.287484 9.209629 -5.237806 0.805940 -1.033845 2.908443 2.713999 -2.684452 -5.011548 -2.486013 1.872945 3.020823 1.792682
1 78.504945 -6.755971 -4.228731 -6.424332 -8.551620 -11.730972 -6.303422 -6.876115 0.841671 -8.480057 -2.740477 -8.226057 -3.326806 -5.702054
1 73.706572 -10.013029 -4.598610 -7.932931 -0.559782 0.719707 -7.690406 -3.265490 -7.959066 6.405957 -8.481492 -11.157809 -14.395161 -4.778459
2 -4.921071 8.032562 -3.262086 -3.588687 2.241245 -1.013253 -2.993837 -6.260669 -3.244401 2.969255 -3.651401 5.491572 6.818952 3.381819
6 0.114908 5.563566 -2.795473 -8.621787 -0.438967 41.499318 -5.106578 -8.303900 -5.805868 -7.821839 -2.429993 -7.145644 7.253498 -5.961241
5 -10.199628 -1.890940 -5.553162 -10.792553 59.689839 -6.876110 4.363713 11.129051 -16.100984 -0.406667 -9.516387 -11.837341 -12.514084 10.505254
6 1.397399 6.233082 -11.909930 -2.893840 -5.572222 40.830891 -7.906720 0.831646 -4.342912 -3.876394 -7.491829 -8.376350 -2.722128 5.799306
3 0.976750 -11.553000 17.009416 -0.604361 -8.212515 -1.763254 -6.010544 -4.493688 -2.755043 0.663583 5.032178 12.140088 4.587794 -5.017406
2 3.391915 10.349511 -5.260118 -1.917034 -7.634891 2.556040 5.089546 3.570288 -10.698965 -1.138681 -10.340575 9.463312 -5.029036 7.598686
3 -3.220340 -7.538523 65.173853 -7.566527 -8.852113 -4.725975 -5.622574 -6.127453 -3.048082 -2.687400 -5.217963 1.875324 -10.265310 -2.176916
10 1.912632 -3.282237 1.365317 -6.690020 1.800451 -0.463817 -3.896558 -6.021184 6.005863 10.981650 -3.748174 -1.231055 -4.321864 7.588996
6 -0.844164 -1.346531 1.440529 3.250907 -4.006545 7.449937 -1.240664 -2.125086 -0.148098 -1.554537 -0.840760 -1.327088 2.701134 -1.409036
3 -9.297042 -4.368037 39.214444 -2.601389 4.238630 -8.401696 -1.188709 -4.628353 -0.726475 5.231057 1.612965 -8.389336 -9.099782 -1.596278
10 -5.319496 0.976871 2.573262 -0.866447 -3.361984 -2.893414 -7.032492 -6.636293 -4.845947 52.228134 -7.307305 -0.472624 -12.038366 -5.003900
10 -2.676412 -12.520595 2.222604 -1.421727 9.092800 2.052183 -1.799248 -7.625706 -7.252029 17.759226 1.991263 5.268442 -9.888939 4.798136
7 -6.890215 -8.275783 -6.997970 -6.558210 -9.741339 -8.732376 109.660636 -9.574503 -7.277790 -7.084497 -15.183003 -7.197630 -9.286254 -6.861067
11 -4.732463 -0.117822 -0.498022 4.827890 -3.139099 3.823812 -2.884983 3.572155 -9.681502 -6.593647 10.737528 2.762263 0.459188 1.464700
12 -6.878277 -2.878508 2.407694 0.296559 -4.557260 -2.841590 2.499188 -3.890862 -4.827717 -2.161636 1.369728 36.577560 -13.484200 -1.630678
14 -2.374371 2.220595 0.708064 1.470341 0.916498 0.074869 -0.034100 -0.388131 -5.087167 0.583984 1.946354 0.815866 -3.227349 2.374550
11 -9.170621 -15.032743 -0.158617 -5.400445 3.791670 -7.238774 -7.711147 -12.849600 4.009612 -9.232286 69.617117 -2.730445 -4.965810 -2.927913
11 -10.671360 -10.216497 -5.917222 -8.158370 -5.583086 -10.249175 -6.824379 -7.678823 -13.667759 -13.330442 119.131853 -6.742283 -11.691787 -8.400670
2 0.566694 13.958053 3.399507 -4.800452 1.529119 -2.699112 2.761621 6.496158 -10.528730 -2.607406 -0.876278 -4.482094 -3.012966 0.295885
3 -3.296941 -7.538523 64.330061 -7.566527 -6.490510 -4.879635 -5.648800 -6.197486 -3.073621 -2.613317 -6.076689 1.593439 -10.107129 -2.434320
11 -4.468984 8.935596 -5.014958 -0.956006 -1.501649 -7.094094 3.511152 -0.054337 -9.416933 1.640772 15.439225 -1.278790 2.027650 -1.768646
14 -5.668048 -0.541717 4.003837 -2.829145 1.608899 2.321968 -0.991200 -5.922703 -9.968108 -3.033403 -1.954680 2.671967 8.884385 11.417949
11 -5.468602 1.272913 -0.553719 -5.755439 5.445510 -3.722465 0.408847 -2.797966 -7.949079 2.377587 17.298300 0.645267 1.883404 -3.084561
11 1.636810 4.079833 -7.310774 -1.230269 -0.821546 2.378899 1.532336 1.589590 -2.240987 -6.496911 6.696843 -3.200038 -1.887063 5.273274
2 0.483247 6.805673 0.313296 5.516506 -1.838950 0.159402 0.958816 -2.766260 -5.366268 -0.236089 1.505244 -1.106855 -2.482252 -1.945511
10 -0.078656 -4.366258 4.751732 -3.072939 -2.435612 -0.738727 1.338287 0.952529 3.775792 11.735035 3.636784 -0.471914 -8.544456 -6.481596
11 -11.450576 41.209770 -8.591575 -6.072321 -4.898851 -13.794848 0.152891 -8.610088 -11.682991 -10.278617 63.096680 -11.093563 -12.177439 -5.808470
10 -3.950841 -3.326552 -3.471427 -2.540633 -1.587326 -2.699859 -0.801657 -4.819734 -3.480782 32.470420 -3.107054 -1.123809 2.979177 -4.539924
11 -1.707560 -5.861251 -10.174719 -1.982683 1.273233 -2.941152 -9.731473 -4.716265 -14.784776 0.338057 68.073963 -1.451634 -13.844207 -2.489533
11 -7.834233 -3.277499 -6.708362 -3.528299 -3.730052 -4.137979 -7.104404 -1.267626 -16.046986 -1.265808 65.208684 -3.090377 -5.822045 -1.395015
6 0.549425 -4.121143 -6.255598 11.266342 -4.520978 30.463596 0.150591 -5.868740 -7.369551 -7.161933 -3.170683 1.921610 -7.090550 1.207609
13 -1.155613 -11.871833 -3.034107 -5.807047 0.463268 -6.323204 -3.411726 -4.075960 2.055407 -8.684178 -4.054960 0.016256 45.667463 0.216234
5 -1.093678 17.111589 -8.925398 -6.180273 57.829533 -2.962762 -5.583974 1.005747 -7.244193 -7.532937 -6.954585 -12.596614 -6.360649 -10.511804
2 -4.269699 19.794400 -9.075529 1.434740 -3.983354 -1.086151 4.223663 2.761461 -12.732907 0.436597 -0.138151 1.113075 -4.172509 5.694364
14 -1.235523 7.400430 -0.325265 -0.888588 -3.339258 -6.654027 -1.828514 2.897690 -3.452265 1.769701 5.254167 -1.160395 -7.449108 9.010954
14 -3.007036 -0.091200 -3.640720 -4.124497 1.489476 -3.575499 -3.589544 3.508592 -10.215363 -10.322860 8.994191 -4.215199 5.886541 22.903120
5 -6.876617 2.843395 -3.453257 -0.055392 7.366022 -0.758019 0.458375 2.780066 -9.947754 -3.348741 6.026322 5.065922 -4.360441 4.260120
8 -11.538005 10.826634 -2.531215 5.094871 0.229741 -0.329950 0.052318 16.139773 -9.448171 8.456421 -0.409855 -7.042189 -10.324357 0.823986
5 -4.158191 2.139595 5.827118 -7.675836 49.228108 -4.850207 -9.003175 -0.583333 -8.966233 6.754084 -1.824490 -7.301113 -12.181789 -7.404540
9 2.583501 4.449886 -5.007279 -8.745036 -3.386002 -3.098673 -4.349328 7.931130 10.990218 -4.450893 6.247646 -1.580781 1.133470 -2.717860
12 -0.406820 -2.062450 -2.358217 0.867395 -3.624098 1.107687 -6.825843 -7.747616 -2.316502 4.863099 -4.499716 11.571873 4.525669 6.905539
5 -4.466248 2.932361 1.255035 -2.064246 15.437775 -4.680444 0.215868 -7.229522 -7.546650 1.861452 -1.649337 -2.359757 9.079475 -0.785763
2 -4.481768 49.899634 -3.313169 -4.891365 -2.411948 -3.852610 -2.513802 -3.017383 -9.159191 -6.453128 -1.564488 -3.165876 -3.374414 -1.700490
13 -0.270826 -3.961125 0.248684 -0.624710 -3.912579 -2.091531 -6.230481 -0.414020 1.247552 -2.255259 0.173501 -5.764329 20.313881 3.541241
14 0.785062 -7.527107 -0.310317 -5.754458 -2.011291 0.924653 5.962797 -5.976077 -3.830900 -6.300598 -10.503389 -5.036030 -3.848520 43.426174
8 -1.496847 -6.140015 -4.106679 3.101973 -4.618177 -2.319513 -2.409251 9.393738 8.865713 -6.747809 -1.327132 3.158717 4.461836 0.183445
3 -8.235958 1.716343 59.836806 -1.077987 -8.757201 -7.314425 -4.862046 -5.294502 -5.559601 -2.390599 1.132819 -3.703591 -13.265407 -2.224651
4 -5.814881 -3.433959 1.262423 4.203850 2.424521 3.438068 0.945688 -0.741087 -3.656088 -1.201889 0.694806 1.973853 3.301714 -3.397019
6 0.047344 10.309399 -4.454268 -8.827349 -14.396976 64.677922 -4.351662 -4.107477 -14.192465 -18.567818 -1.361435 -5.965647 -4.101629 5.292063
13 -1.166384 -0.760632 -1.821127 -0.290319 -3.165605 7.002216 -2.512258 2.201845 -6.751700 -2.181494 0.517399 0.270921 12.901842 -4.244705
3 -0.083066 -4.816371 33.110509 -5.519960 -3.092450 5.710276 -4.559686 -1.354707 -4.784638 -5.224536 -2.838317 4.185838 -3.584788 -7.148107
1 39.022974 -2.338780 2.675384 -9.770131 -8.082263 -12.313224 4.811872 0.748887 9.921152 -5.091189 -6.658577 2.929626 -11.614153 -4.241580
2 -4.433586 3.605987 -3.559357 -0.598334 2.835484 1.024616 0.333853 3.118847 -3.409415 0.825775 -1.379532 0.416747 1.450485 -0.231570
1 5.114347 4.201072 -4.033691 -0.721245 -2.810101 1.501575 0.510004 1.386500 0.885703 0.016270 -8.411202 -1.309996 2.585204 1.085558
6 1.924476 -0.802909 -10.020643 -2.409687 4.048649 9.502571 0.726649 2.135934 -0.426338 -1.028066 1.867388 -1.794181 1.984094 -5.707939
6 -3.099903 -6.282749 -8.847391 -1.792558 -0.258126 59.629474 -6.459606 -0.874533 -9.353491 -9.071906 -2.868343 -1.498253 -5.175605 -4.047010
3 -5.212022 0.268728 16.906102 0.335130 -0.058629 -0.167437 -2.268059 -4.870109 -5.668125 -0.286970 -0.124180 11.119279 -13.271388 3.297681
12 2.145372 -1.682973 -7.001246 0.213930 -3.199438 8.650146 -4.855619 -3.919802 -16.722437 5.705986 -2.293028 28.952827 -5.580982 -0.412736
1 77.600923 -5.224361 -4.324572 -5.150272 -2.143286 -4.329398 -2.291666 -12.878552 2.322869 -3.103746 -9.353168 -5.418126 -20.859713 -4.846930
14 -5.779719 3.610798 2.626639 -4.072784 -2.716896 -12.140937 -0.239491 -1.010918 0.588251 -1.566270 3.021418 -6.167933 7.821279 16.026564
13 -3.343358 -3.103558 1.092992 -0.939619 1.519293 -3.601169 -2.191538 -1.726389 1.513624 3.979715 -1.046237 -0.067721 5.925394 1.988569
11 -3.003939 1.312255 -0.921016 0.739901 0.096013 1.359291 -0.356497 -0.777835 -3.433340 2.345962 2.995951 0.729554 -3.460847 2.374550
12 5.218227 -6.372908 -7.694856 1.619782 -10.628713 1.862392 -0.235047 -8.263907 -4.203377 -9.047190 -6.888076 60.818436 -9.526627 -6.658133
1 50.582212 -11.391445 -1.273898 -6.306282 3.687842 -9.462694 4.600794 -10.889609 9.484157 -1.258716 -1.330581 -12.183543 -17.970849 3.712615
13 0.354662 -2.460576 -1.275460 -1.951068 -3.412789 -1.024450 0.561299 1.331677 -2.695835 0.294001 -1.688446 0.203299 16.397827 -4.634141
13 -0.559827 -9.162191 -1.169464 -6.296082 -6.525854 1.332426 9.279770 -4.669322 8.296107 -2.368239 -0.095555 -5.731481 25.483019 -7.813307
12 -3.684592 -10.021402 3.361509 -4.911479 4.427527 -2.222594 2.103519 -0.716568 -11.437520 4.597623 5.689123 9.972692 -3.079482 5.921646
9 -4.590495 -0.961907 -1.751354 3.135084 -3.774495 -4.453395 -0.097000 -0.068792 21.852476 -4.249098 -3.235694 0.562739 -3.162536 0.794467
3 -4.345741 -4.075652 88.902215 -6.463228 -4.412100 -6.215922 -5.229564 -3.566575 -6.883772 -7.486984 -6.288331 -7.846735 -13.592440 -12.495170
7 -13.378644 -6.699353 -7.041339 -9.602353 -13.069096 -9.188005 80.395933 -4.685443 -1.011353 -6.303262 -6.644108 -8.936638 1.331303 4.832357
11 -5.431689 -5.312576 -1.303482 -0.679614 -2.859305 -1.582605 2.085830 3.459329 -11.471835 -6.808412 24.861580 -1.230078 4.433331 1.839527
8 -0.184917 3.931036 0.987113 -6.039698 -6.440701 -4.220135 -8.738043 40.526608 -1.374963 7.910357 -7.358679 -8.137693 -7.089877 -3.770407
9 -5.900893 -9.015878 -1.774654 -2.483828 -3.397477 -7.023142 2.752182 -5.341783 27.242150 -6.942227 -2.832462 -5.459367 12.463702 7.713677
12 1.823313 -0.881404 5.515640 -3.703736 -0.713856 -3.101760 3.039503 0.226045 -2.173785 1.110839 -1.765647 9.148436 -6.610662 -1.912928
6 -2.720625 -2.850621 -5.227998 -2.675017 -5.806918 46.659904 -2.447908 -3.563617 -3.493922 -3.671404 -5.097404 -1.872315 -3.885026 -3.347130
1 30.758476 -1.968636 3.553654 -1.658450 -3.390873 0.572925 3.503014 -10.669096 1.208436 -1.753117 -5.395298 14.808956 -21.570987 -7.999006
1 10.019564 1.669308 -2.410458 -3.951370 3.577163 -2.851162 -2.823897 -0.163002 4.106125 -8.429138 3.278885 -2.537968 -0.524482 1.040431
9 -4.987011 -3.811164 -7.578565 -2.600893 -0.287712 -0.021504 -2.792019 -3.970806 41.231760 -1.091113 -8.014321 -0.052906 -1.548829 -4.474916
5 4.091402 6.144476 -0.729353 2.066244 48.130742 -1.504353 -2.434874 -6.544103 -11.457907 -3.571967 -5.433535 -14.982663 -13.303792 -0.470318
5 -1.134273 -6.718054 -5.110253 -3.396160 20.131928 -0.209458 -3.220503 1.860851 -2.194029 -2.581093 -5.241653 -5.659107 15.071073 -1.599269
11 -8.784427 -4.316679 6.444911 1.565897 3.379236 3.110986 -1.799030 -0.709522 -7.819164 -0.676196 11.261364 2.283341 -3.634320 -0.306397
1 71.578932 -4.888065 -8.484931 -5.043905 4.437148 -14.313389 -3.982122 -1.056704 -5.049522 -7.123428 -6.181266 -8.021403 -5.953635 -5.917708
13 5.849625 6.554056 -1.077040 -7.119689 -1.124845 4.550564 -5.966718 -6.941477 2.239383 -8.450736 -3.297022 3.513706 6.662815 4.607374
12 -1.338223 -3.012559 5.454923 -0.964147 -1.573392 -1.713445 -1.065716 -8.735549 1.739563 -6.065763 -1.837600 27.322106 -6.672286 -1.537913
1 18.209093 6.542391 -1.624532 -4.162711 -6.119360 12.890411 -1.824470 -8.489557 0.128441 -2.039999 -6.204965 -6.105363 2.609949 -3.809327
1 110.224147 -11.202663 -10.290761 -7.460299 -11.221587 -9.891292 -5.314633 -5.649347 -1.842120 -12.266349 -4.187367 -7.743034 -14.589969 -8.564722
1 52.516496 -6.380451 -1.878207 -4.271371 -3.192076 -1.278896 -4.090599 -3.477857 -5.517351 -2.222096 -7.030353 -6.561584 -3.188275 -3.427379
1 88.446143 -13.068420 -9.887823 -3.610456 4.099447 -5.929919 -5.060909 -14.665860 -13.442979 -1.542948 -10.390149 -8.075121 -2.243715 -4.627289
1 84.329806 -13.288292 -9.414078 -10.897385 -8.825812 -8.171065 -7.647866 -6.328396 -6.981846 -5.410502 -7.930334 -10.791004 19.183214 -7.826439
1 95.597821 -2.006266 -8.232134 -7.697686 -6.796482 -7.164536 -6.561507 -8.467956 -6.246397 -7.698897 -4.802989 -8.173184 -15.533196 -6.216589
1 77.015124 -13.898679 -7.652565 -7.276135 -8.476660 -6.320455 -4.590728 -3.572192 -5.871462 -4.316887 -6.590537 -2.045097 -2.223234 -4.180495
1 91.421746 -0.428643 -8.903522 -3.432211 -6.689855 -9.042369 -10.488362 0.102174 -8.507982 -12.204817 -10.107928 -10.607925 -3.420513 -7.689792
1 87.848459 -16.907444 -4.730659 -3.509688 2.627122 -10.985141 -8.450288 -13.216107 3.529999 -3.744134 -0.263863 -12.940642 -9.277270 -9.980344
1 77.591066 -8.966356 -4.864787 -8.623595 -3.684150 -4.370394 -6.265518 -4.970062 0.451788 -9.133081 -6.225608 -8.804032 -11.356945 -0.778324
1 96.056471 -6.682840 -4.731752 -10.386551 -13.043538 -7.789696 -5.236071 -2.235831 -9.544867 -7.940388 -9.539626 -7.608013 1.417768 -12.735066
1 48.452218 -9.968317 -5.179386 -1.548377 -8.248000 -0.196663 -2.951256 -1.237348 0.673909 -3.866118 -7.789223 5.890820 -6.006489 -8.025772
2 8.851602 10.720894 1.271785 0.091865 3.340431 -1.216002 -2.129953 2.061118 -8.927300 -5.326141 -1.533472 -2.830800 -8.368112 3.994085
1 80.299116 -15.298922 0.840811 -6.031481 -4.474177 -1.005502 -2.449115 -6.273202 -6.210239 -6.277664 -15.526967 -7.480166 -6.814351 -3.298140
13 2.982600 -0.356819 -1.836415 -2.600542 0.838747 0.744777 -3.565692 -2.477528 -2.300253 -2.522238 -1.591079 0.784769 6.480534 5.419138
1 92.874963 -10.297004 -10.402722 -6.041196 0.600305 -8.012496 -11.546746 -5.033884 5.479626 -1.368698 -9.370314 -10.066651 -22.974335 -3.840846
1 53.244017 -8.291361 -6.660694 -3.410747 -9.009040 -1.689306 -6.913572 -0.475986 2.252479 -4.573394 -6.555735 8.503378 -6.426631 -9.993409
1 59.578895 -9.864936 -4.026067 5.445533 -1.571450 -10.114960 -3.387354 -5.735957 -3.619206 -5.802567 -1.691908 -1.790871 -11.729277 -5.689873
1 78.215744 -7.947091 -6.230487 -5.325292 -9.436872 -2.069249 -2.013733 -9.054174 -10.348405 -11.698244 -3.222254 -6.422316 0.226120 -4.673747
1 14.271190 -7.957220 4.089420 1.084670 -4.311882 0.048185 -5.278761 1.928374 -3.068320 -3.537906 0.022812 6.136503 -4.820407 1.393341
10 -1.800965 -2.063692 -1.458177 -0.412846 2.129211 1.338892 1.902436 -2.039822 2.806766 4.791974 -4.063178 2.091943 -1.070666 -2.151876
10 -8.832464 2.938648 3.913355 -0.122087 -1.894051 3.924007 4.135357 -1.013131 -12.113850 21.705613 8.330164 -5.190521 -14.982707 -0.798332
13 -4.129619 -3.766236 4.585510 -3.010401 -2.870893 -6.186999 -7.524825 8.579160 -9.904909 -0.368836 2.277984 3.835312 16.008204 2.476549
9 -2.003112 1.845262 -0.982484 -3.498834 -1.684595 -1.847888 4.776395 2.587625 5.514811 0.794792 -1.981682 -0.521806 -4.193020 1.194536
14 -5.013824 -4.553698 6.757133 -3.254258 -2.712009 -2.059400 -3.356055 0.613834 -5.169859 6.229872 1.611805 1.783384 1.232840 7.890234
10 -2.396183 -8.656742 0.616952 -4.492565 -1.616942 -0.137093 0.473040 -0.220848 -5.461812 25.157748 -5.486858 1.145489 4.687990 -3.612179
10 -3.666601 -4.236277 0.426536 -2.710324 -1.261698 -1.772725 1.727805 -2.681319 6.731945 17.421069 -0.266671 -3.357404 -0.181613 -6.172723
10 -5.084212 -6.178021 -5.390587 -8.251266 -5.870662 -5.923024 -6.467274 -5.388159 -4.922508 76.618369 -5.657121 -5.754279 -5.290629 -6.440629
1 13.416870 1.748320 -2.432086 -11.267408 -7.590893 4.778134 -1.877521 -0.531256 -9.843843 -4.763818 9.262075 -10.047248 7.144342 12.004330
13 -4.101048 -7.867371 0.319770 -0.242107 3.158945 -6.053855 2.659307 -1.248245 0.769743 6.772361 -0.208143 -3.523459 7.633218 1.930886
10 -6.061899 -10.957617 -5.606056 -5.938811 -0.853775 -14.196685 -3.893218 -6.536408 -2.192952 67.756907 -5.338048 -0.013729 -3.781337 -2.386376
8 -0.540464 -11.795084 -1.432649 -3.151983 2.625844 0.423746 -1.545738 9.810973 -1.304557 6.163994 2.762771 -1.624835 3.282135 -3.674153
13 0.104771 -6.878864 6.701968 -2.037728 1.611079 -10.689114 -3.112008 1.666219 0.960013 0.162878 0.569880 0.000675 10.394844 0.545387
10 -5.518839 -1.565398 3.586174 -5.110910 -1.663876 -6.883145 -2.731313 -3.489359 -4.821402 41.888623 -4.372784 -5.179841 -0.877662 -3.260268
11 -2.992252 6.072821 -4.077282 -0.239943 3.042306 -0.458810 2.481275 1.642146 5.861024 -8.101616 6.210884 -6.995146 -2.812533 0.367125
10 -2.080436 -15.209148 -6.500344 -11.329912 -0.340460 -3.991004 0.193121 2.122806 -6.460504 72.450364 -13.377456 -9.312331 -0.633049 -5.531647
10 0.311484 -4.012619 -0.078644 0.080202 4.071827 1.093013 -1.974543 -7.261618 -3.032831 18.903271 -2.012453 -0.621286 -10.639605 5.173800
10 -5.401227 -4.574452 0.334328 3.206804 0.369556 -0.696306 -3.669478 -4.897220 -3.716277 33.850637 -0.909387 -6.715491 -7.872482 0.690995
2 -1.619225 7.011598 -6.317466 3.814176 -7.532914 -0.896600 -0.587246 5.812118 3.018335 -3.052632 -2.079696 0.642885 4.532595 -2.745927
12 -2.766004 0.168271 -0.101746 -2.244430 1.794728 2.558941 1.731271 -3.393495 -2.834747 3.418221 1.636203 6.082467 -5.833839 -0.215841
6 -3.142359 5.162358 -5.275504 0.246831 1.768622 6.474129 2.327821 1.535168 -3.046237 2.409789 -1.250813 -4.287216 -0.869329 -2.053262
2 -5.322852 69.501844 -4.626542 -6.608068 -0.743403 -11.656510 -5.264041 4.081199 -3.360454 -3.967804 -11.381214 -5.839864 -9.958129 -4.854158
2 -0.511236 6.525912 -0.460193 -1.697352 -1.872508 2.825722 0.038077 -2.880360 -3.961186 1.818342 -1.505357 4.419598 -2.021410 -0.718053
1 0.000000 0.000000 0.000000 0.000000 0.000000 0.000000 0.000000 0.000000 0.000000 0.000000 0.000000 0.000000 0.000000 0.000000
2 -4.317359 62.873670 -3.046537 -8.135539 -3.917727 -1.288110 -4.152149 -0.689606 -2.196516 -6.229714 -8.843056 -4.474579 -10.296426 -5.286348
2 -5.096413 84.318729 -6.057889 -5.834883 -3.190399 -10.064081 -6.214462 -1.933411 -12.279130 -8.404509 -8.953771 -2.756563 -9.665523 -3.867688
2 -6.759151 20.934910 -9.262829 -1.508989 0.361687 3.255029 2.784901 0.877531 -5.652054 -2.485589 7.677540 -7.613136 -2.673853 0.064002
14 -10.513783 2.276409 6.616426 -0.029561 -2.075586 -2.922364 2.877708 -3.538169 -4.993174 9.533570 -5.323529 8.018775 -11.727482 11.800757
2 -2.877311 51.645507 -2.658927 -5.527885 -1.994320 -1.424701 -5.341380 -5.276172 -2.196008 -3.877224 -4.766736 -5.075332 -6.833303 -3.796204
2 0.764586 17.241275 -10.612960 -2.997607 -4.277631 11.122047 7.364710 7.535451 -8.530888 -4.431889 -8.890492 1.047802 -14.236304 8.901900
2 0.941187 84.361862 -9.544295 -7.489520 -1.750510 -5.554838 -8.000058 5.104410 -12.404663 -7.826723 -10.990414 -9.997797 -10.441056 -6.407580
14 -7.228302 -12.719787 2.197622 -8.003431 3.981429 4.230836 5.667508 0.855256 9.032717 -1.618182 -8.850184 3.303710 -2.488935 11.639740
2 2.592525 52.455131 -7.321347 -0.044588 3.199087 -0.633428 -5.473962 -8.838714 -8.192585 -9.708530 -8.862222 -3.209877 0.742722 -6.704210
2 2.921858 18.254343 -6.626889 -3.145890 1.647717 -0.456874 5.126196 1.911670 -6.522314 -4.798127 2.629833 -4.943355 -3.675988 -2.322185
2 -1.810396 51.589648 -5.242122 -3.372502 -5.607793 -2.195530 -4.648914 -6.440598 2.425628 -2.673222 -7.362260 -4.882473 -6.016139 -3.763323
2 4.768090 24.963463 -3.090457 -0.971070 3.426363 0.168978 -5.479904 -0.350260 -5.081205 -7.351889 -4.410677 0.700557 -5.540196 -1.751795
2 -6.175960 38.061052 -2.628882 -6.032966 9.931342 -3.469570 -1.831743 -3.879039 -13.364721 -6.474134 10.944778 -5.539115 -4.913357 -4.627685
6 -1.909512 -6.441255 -4.431262 -6.402014 -1.943082 11.771849 9.936373 10.411337 -4.222528 -7.200818 -0.536186 -7.101317 -0.484033 8.552447
13 -1.635404 -1.732834 -1.073272 -5.802754 0.801620 7.174063 -1.097445 4.457493 1.290635 -3.316870 -3.761143 -0.777029 9.273475 -3.800537
7 1.166906 -12.544111 -2.925993 2.381632 7.263238 5.637344 8.991798 3.290261 -5.024743 -5.002780 -7.423412 2.245921 2.673957 -0.730018
5 0.276977 0.989684 -0.399421 4.810699 8.205021 -0.912709 1.047383 -9.911724 -5.145726 -5.338242 -1.767883 2.165975 -1.255039 7.235003
5 -5.179683 -8.317537 -5.888153 6.953229 44.175207 -2.769820 -2.915906 -2.349459 -4.132125 -5.777467 0.663515 -5.905350 -6.355322 -2.201128
5 -1.559284 -2.455565 2.445278 -0.467242 10.941343 -3.979497 -1.114953 -1.391124 -3.073008 -0.904863 -1.569766 -1.683135 -0.465853 5.277670
5 0.880204 -10.004889 -4.624667 -3.067505 55.770375 -2.429590 -8.401772 -3.821375 -3.855994 3.450670 -7.258627 5.357408 -15.934013 -6.060227
12 -0.221204 0.368038 4.466639 2.842786 -2.969943 5.148090 -3.348022 3.800461 -7.430977 -3.059170 -3.247590 6.144546 -6.294775 3.801122
14 -0.412166 -1.163351 -0.619356 1.448974 9.082811 -2.350171 -0.176653 -0.842011 -7.462533 -0.172917 -2.219054 -1.151687 -4.099017 10.137133
5 0.642935 -10.948180 -7.999526 0.270662 21.408147 2.971009 -3.877906 -1.152678 -8.670363 4.587763 4.745545 1.358916 -6.565517 3.229193
8 -0.460600 -5.510739 -5.749553 -0.424867 2.092431 -1.642165 0.067258 8.317546 3.715664 -3.784567 -1.973363 0.481997 -3.387704 8.258660
3 0.339911 -4.942554 9.944734 0.930457 -1.090560 -2.229967 -0.346465 -1.805845 0.039375 7.476594 -4.786994 -1.317082 0.034634 -2.246240
5 -5.705457 8.849406 -2.793582 -5.416040 15.137621 5.470541 -1.850312 -3.425743 2.285330 -5.281087 3.589963 -7.683712 8.632331 -11.809258
5 -12.067689 -10.879197 -12.838360 -1.466180 131.125435 -17.695832 -11.343069 -16.535534 -8.482935 -13.881652 -0.360058 -5.224998 -3.687119 -16.662809
5 -6.744361 -11.614779 -1.492600 8.114921 49.721244 -6.350958 -1.048901 -7.599078 -4.738483 -5.867718 -11.731060 -10.646765 8.475560 1.522977
5 -3.125775 -5.032615 -6.213439 -6.687928 82.433492 -2.484520 -6.727324 -10.056195 -5.684492 -10.451581 -5.559118 -1.249232 -7.563417 -11.597856
5 -3.634783 -10.062203 -7.060584 -4.034268 56.695137 -9.020179 -4.673396 -3.585144 -2.414284 2.698248 -7.604410 -3.501022 3.337885 -7.140999
5 -2.208564 -9.443225 -8.528605 -4.962836 86.612423 -9.831627 -7.815253 -11.213512 9.306954 -7.114378 -5.098650 -15.145803 -3.365149 -11.191773
5 -6.481644 -5.658617 -0.041486 -3.207547 51.555225 0.476515 -4.948257 -11.651128 -10.103370 -2.055764 0.306765 -6.942051 -13.190245 11.941609
5 2.437476 -5.930631 -5.867348 -5.902237 50.744838 -3.951377 -1.689058 -7.313562 -8.354600 -4.869623 -7.335831 -4.977076 9.584931 -6.575903
5 -4.213110 -1.282180 -2.082771 0.308969 12.443855 6.582510 -1.769992 -1.264183 -6.870844 -0.866520 3.268117 0.260303 -3.577696 -0.936457
11 -1.622833 -2.845262 -1.475957 0.534563 -2.018256 -1.356523 -1.574386 -1.218366 -1.254730 -1.384862 20.180077 -1.526049 -2.404706 -2.032709
11 -2.231842 -13.425443 -3.905952 -8.304306 -6.050712 -4.405561 -10.441002 -3.474817 -14.181558 -5.867704 96.842531 -6.765265 -10.656238 -7.132132
14 0.838182 -1.755467 -1.767030 -4.482401 0.431422 -1.841546 4.043663 -4.072752 -1.981900 4.008218 0.166664 -0.018899 -2.162635 8.594482
11 -3.507448 -4.410555 -3.496298 -1.241922 -5.106182 1.812310 -3.628706 -1.361442 -2.832088 -3.962741 38.501997 -3.755866 -2.062434 -4.948625
11 -2.199173 -6.014586 -1.939190 -4.058398 -3.444655 -0.139818 1.230920 0.131682 -0.110235 -2.853543 21.646381 -3.027449 0.178130 0.599934
11 0.451423 2.022400 -3.434304 1.204631 0.466400 0.611168 1.197625 0.979453 -7.182765 -2.938976 13.472282 -3.115520 -6.742257 3.008440
11 0.485588 4.507184 -2.504711 3.089989 -0.640780 -1.986823 1.475433 -4.707128 -3.706108 -0.124444 18.149914 -6.125356 -5.159094 -2.753667
1 22.967279 -4.970161 0.632294 -3.872286 -8.594965 -0.064721 1.491148 -5.034433 -4.138512 2.171023 2.514734 1.259680 -0.479644 -3.881438
11 3.535799 -4.171389 -4.170051 -3.789759 -4.977212 -1.050103 0.285016 4.382589 -1.582769 -6.262653 17.803884 1.358751 2.261126 -3.623230
11 5.539549 -0.257648 5.574926 -1.585897 -2.436428 1.357161 0.358309 -4.832512 -5.873836 -2.345162 6.922460 5.055123 -9.496346 2.020303
11 -4.828928 -16.359078 -7.982906 -4.843641 -10.648875 -9.773697 -6.363135 -1.817960 -6.185495 -13.099823 99.664160 -4.423816 -6.448897 -6.887911
11 -5.248287 -3.713997 -8.154819 -4.070410 -1.851394 -1.796971 -4.031423 -2.583424 -4.064105 -5.396549 51.983415 0.038602 -5.921157 -5.189482
11 -1.232967 -12.142708 -2.355754 -4.915776 -3.118126 -3.299673 -2.790510 -3.091624 -0.141488 -1.164316 37.599055 0.078677 -0.498005 -2.926786
5 -0.976094 -7.672237 -5.981808 -5.993388 14.508733 -7.825743 -1.745066 1.915855 -7.269643 4.070347 10.631829 9.455078 0.269541 -3.387405
11 -4.041980 -7.031534 -4.010327 -6.232622 0.637207 -2.716739 -2.252903 -2.711936 -4.761195 -2.090032 44.034243 -2.774694 -1.701098 -4.346388
11 -4.770978 -3.337787 1.648581 -5.807877 -6.849977 -3.865041 -6.744079 -8.035772 -8.043851 -3.500439 57.287165 2.616582 -1.364613 -9.231915
11 -5.455563 -10.086410 -0.263251 -1.985674 -7.996010 -8.646819 -5.079719 -10.391133 -7.027159 -6.949978 77.414988 -8.936908 -2.075753 -2.520611
11 -5.940595 -8.065084 -5.207703 -3.778532 -5.903383 -8.739285 -2.548033 -0.086703 -4.955132 -10.788989 64.777727 -8.285588 2.941476 -3.420179
11 -4.592141 -5.955857 -3.117320 -4.333842 -8.028283 -4.309161 -3.425504 -1.645625 -3.552976 -6.330158 42.165386 -1.963278 2.449164 2.639596
9 -0.045517 -1.615553 0.300365 0.987386 -0.254146 1.146723 0.547494 -1.249329 4.681937 -0.800415 -1.312792 0.927629 -1.491588 -1.822195
11 -5.453350 6.987081 -2.796023 -6.670722 4.141740 -3.779986 -3.613546 -0.090995 -11.184659 -4.646804 33.673527 5.067651 -3.645398 -7.988517
2 4.987346 5.074945 -0.592569 -2.123771 -1.358801 -0.112092 -2.829457 -3.148176 4.855356 1.347709 0.198231 1.047943 -6.505936 -0.840726
4 -0.123853 -3.478299 -1.366730 16.882768 -4.041972 -3.011434 -1.380839 -7.720164 2.546698 -4.997522 -1.907852 4.675403 -8.641903 12.565699
9 1.149386 6.816282 -10.124169 -0.570892 1.958224 -8.201621 5.384542 -0.200949 13.748950 2.069661 -4.609747 -3.213894 -0.262043 -3.943730
5 -4.211702 -2.037601 -6.261890 0.862409 8.069753 -3.294635 2.309441 -3.389282 7.015534 -2.775907 5.611702 0.647544 -7.939010 5.393642
12 -3.904290 -3.560847 1.377941 -0.122297 -2.595575 -2.484886 0.761373 1.862569 -6.794173 1.430411 2.302790 7.024385 -1.117365 5.819965
7 -12.176395 -7.692840 -9.022584 28.015954 5.138988 -12.783646 88.354795 -10.721064 -14.501064 -10.710132 -11.439960 -9.962210 -13.576266 -8.923572
14 0.386634 0.294266 -3.776836 -1.077359 -4.220810 -2.469289 -3.374225 0.202425 -3.347437 -1.435327 4.720013 2.001616 2.649493 9.446836
4 -0.212177 1.996313 3.341816 19.550033 -10.350572 -2.499361 1.822543 -9.351368 -0.916061 -7.463476 1.322680 -2.969833 6.795670 -1.066210
5 -5.569142 -10.448596 -6.424910 5.815603 57.674335 -1.993057 -6.112669 -4.782272 2.739997 -3.937069 -7.254552 -0.619091 -9.737124 -9.351454
14 -2.941471 -6.427018 3.190066 2.352716 0.034748 1.887388 -1.051356 5.192344 -5.437045 -1.349756 1.182598 -3.742715 -2.170188 9.279689
4 -5.905531 -0.462368 -1.549485 30.384043 4.363270 2.306777 5.037232 0.343085 -11.514257 -5.457978 -2.078566 -8.502383 -4.772153 -2.191683
14 0.665118 -2.021078 -7.611710 -3.452789 -4.131380 4.665763 -2.409235 4.303037 5.374948 0.955672 -1.349404 1.234606 -2.451054 6.227507
4 -2.350262 -0.802835 -11.346162 37.438497 1.459642 2.806608 -3.770781 -5.961206 -6.852782 -11.378033 -0.260768 -4.557723 -0.579972 6.155778
4 -3.969382 0.753524 -8.805874 30.775499 -1.023239 4.224063 -1.884566 -3.950610 -10.912185 2.907626 5.374630 -3.552164 -6.170983 -3.766337
2 -2.887595 11.737795 4.158747 -3.908751 0.361773 5.673901 -5.822172 2.661626 -16.452594 3.169546 7.822600 1.247485 -8.981068 1.218708
4 -3.015967 -2.310972 -2.098324 13.095065 1.015493 -1.496034 0.107341 -4.409894 -0.952472 1.260079 -0.655409 1.910529 -1.885281 -0.564155
9 -3.470631 -2.923995 4.620668 -1.058383 1.295768 -5.736877 2.033298 -8.076943 29.370315 -3.706445 1.792912 -7.945068 -6.398105 0.203485
4 -3.972578 0.123045 -5.692976 14.095881 5.278349 1.904462 -11.593082 -6.602059 6.940862 -2.998463 -2.336373 -1.725530 5.022034 1.556427
4 -0.161163 0.432970 -2.732138 8.035587 -3.850320 1.238656 -2.298483 1.513425 -0.113925 -3.972398 2.728099 -3.263170 4.923644 -2.480785
1 8.615299 0.974637 -5.549529 2.990510 -1.190509 -0.853898 -1.357630 4.403780 -7.261675 2.615938 -2.622308 0.814052 -1.991876 0.413210
6 2.718441 -6.875071 -6.818392 -2.154512 3.914608 4.522249 2.365070 0.966347 -3.326353 3.277976 1.233657 -0.231573 0.941493 -0.533942
9 2.490006 -6.023649 0.742556 0.300321 -0.410254 -3.475662 1.466910 -0.549718 7.788545 -4.255653 1.832131 -3.874174 4.424470 -0.455828
12 -2.298321 -3.675449 -0.589403 -0.617403 1.733011 0.919265 2.108195 -2.281401 7.185203 -5.469619 -4.464594 9.921783 -7.481152 5.009884
3 -6.303925 -3.882292 22.962926 -3.090923 -4.156227 -4.031050 2.299496 6.261611 -0.146864 -8.858489 -4.258871 6.915840 -4.558922 0.847689
3 1.009237 -2.837319 17.169846 2.399392 -4.219442 -6.926268 1.049308 -7.661756 -0.420534 4.790394 -0.024583 5.010502 -7.619781 -1.718993
12 3.017559 -11.331658 -1.455692 -3.267139 0.769514 3.710394 4.961252 3.673374 -2.811169 -3.023435 5.378917 11.027515 -12.379305 1.729872
3 -11.332458 -4.446907 43.770960 -6.663953 -5.312330 -1.240962 2.524342 -6.001848 6.461443 1.124571 0.565310 -13.358285 -5.544133 -0.545751
3 -0.715257 -1.175233 33.876260 -1.533220 -2.665916 -1.914420 -2.441024 -2.156424 -0.919462 -4.963838 -1.793533 -4.632183 -5.599083 -3.366668
2 2.855947 6.199166 0.164789 0.416879 -3.922826 2.005187 0.632784 -3.579800 -3.195096 3.393307 3.896014 -1.141753 -5.256346 -2.468252
8 -0.261161 -5.305207 1.296425 -0.589238 -6.682566 -10.004830 -4.668725 19.339232 6.028948 16.892433 3.789252 -4.933389 -13.826712 -1.074460
12 0.244519 -11.937101 6.795719 -3.065724 3.400279 4.928628 -5.730689 -2.521982 4.474404 -0.150083 -5.260970 10.985573 -5.290041 3.127465
3 -3.455191 -2.099971 53.992190 -2.440404 -4.779118 -3.980826 -6.766935 -4.028432 -13.189062 -0.685622 4.501623 -3.408110 -10.201438 -3.458704
3 -2.565918 -0.457206 21.399743 0.113782 -3.538089 1.882570 -3.262233 0.201293 -7.454726 1.391469 -0.168204 1.597887 -5.739012 -3.401355
3 -2.955641 -12.114390 80.360624 -2.328127 -2.750758 -2.021434 -1.529561 -10.518365 -11.881687 -5.457886 -1.977025 -7.807019 -16.458384 -2.560350
8 -5.159560 0.907432 -8.320614 -2.037021 1.949750 2.033812 0.321178 7.177755 -5.549255 -3.734753 4.210005 5.373786 -3.316077 6.143561
3 1.216841 -5.058149 33.725261 -2.379875 -2.489959 -5.596365 -2.202136 -3.113744 -4.708440 -7.589203 -1.932855 3.799194 1.274862 -4.945432
3 -4.376557 -4.178635 35.043638 -1.822510 -5.898627 -4.338143 -3.743834 1.288511 11.435942 -4.077646 -2.023598 -6.643208 -3.763126 -6.902207
6 5.127474 -3.104613 -12.180297 2.182463 -1.777892 31.671988 -2.792019 -6.890565 -10.364638 -7.159286 -1.503936 7.672164 6.752695 -7.633543
6 1.444516 -2.843947 -3.897412 -0.009957 -3.012512 16.857700 -1.520952 1.047951 -4.380466 1.479690 -4.325591 -5.348413 6.167300 -1.657908
6 3.537005 -11.956534 0.738651 -6.560365 4.897230 16.943422 -0.087822 -3.545332 -1.990530 -0.493493 -1.142603 -0.797998 -0.259990 0.718359
6 -6.270378 -8.995620 -8.138323 -4.522756 -8.522671 96.445940 -7.395764 -7.851133 -6.507022 -3.358352 -5.879020 -17.247217 -5.618337 -6.139346
6 -0.514223 -4.909382 -6.311184 -0.278621 -0.841229 22.361766 2.336699 -2.836601 -4.965859 1.009558 -3.127795 -0.590350 -1.702602 0.369822
6 -8.856694 -12.605204 -8.250872 -7.292353 -10.747000 131.614957 -8.907309 -10.344531 -8.999889 -7.897840 -9.943547 -10.696927 -14.343061 -12.729728
6 -0.619064 -8.628098 -11.851865 -1.602674 4.748673 41.800252 -8.003692 -2.992798 -8.975906 -5.459971 -4.926407 -8.141826 23.814316 -9.160941
6 -12.186806 -4.719151 -7.939641 -11.241305 -3.342853 111.749871 -7.834242 -6.834174 -12.511269 -8.618256 -2.470439 -5.762553 -19.986648 -8.302536
6 -6.270378 -8.995620 -8.138323 -4.522756 -8.522671 96.445940 -7.395764 -7.851133 -6.507022 -3.358352 -5.879020 -17.247217 -5.618337 -6.139346
6 -5.564794 -4.483299 -4.449992 -2.456514 6.050428 15.987363 4.784973 4.587183 -2.286142 4.365372 -0.761803 -9.793544 -3.737279 -2.241953
13 -3.549242 -6.400051 2.312044 -0.005330 -5.196182 6.496725 -2.265230 0.817497 1.768162 -2.200663 -3.144811 2.599683 9.473441 -0.706045
6 -0.800705 -8.781270 -9.902487 -7.578049 -3.314693 55.081056 -1.706549 -3.290896 -5.628074 8.732254 -4.929520 -7.451230 -7.366558 -3.063282
6 9.619291 -9.465771 -15.543909 -5.117193 -11.941291 78.131033 -6.645902 0.821421 -0.567039 -12.855508 -8.770380 1.189910 -9.748999 -9.105663
6 -8.739839 -10.821415 -9.834914 -5.767653 -12.720503 125.813318 -8.562636 -7.744421 -4.594599 -13.582173 -7.418526 -7.806556 -13.475661 -14.744421
6 -1.976138 -4.257069 2.907644 2.835706 4.990933 6.553266 0.190017 -2.963410 -5.277281 -0.079343 1.590786 -0.848785 -5.581742 1.915417
6 -4.819584 -13.723930 -3.946472 -9.525112 9.845711 60.154806 -4.110282 -2.790167 -6.910448 -4.713890 4.973149 -14.643037 -8.290577 -1.500166
6 -1.764210 -1.226030 3.919766 -1.713270 1.394339 7.166420 1.340830 -1.467369 0.619254 -1.773666 0.357624 -2.387821 -2.629597 -1.836270
6 -4.298976 -4.642977 -2.744765 -3.901134 0.554688 41.693283 -10.546734 -5.009956 -12.067680 1.406221 -8.029653 0.712493 1.677915 5.197275
6 -6.270378 -8.995620 -8.138323 -4.522756 -8.522671 96.445940 -7.395764 -7.851133 -6.507022 -3.358352 -5.879020 -17.247217 -5.618337 -6.139346
2 -9.318062 11.999875 -2.401277 1.957833 0.940879 3.547994 -2.443386 7.543412 -6.752001 -4.775286 -0.224294 0.153659 -1.746875 1.517530
6 -2.531051 -13.597710 -7.694646 -2.581214 9.748825 24.961097 -7.755886 13.782508 -10.627012 -9.087386 -2.280552 -0.272652 -5.575335 13.511012
6 -6.270378 -9.576265 -6.768857 -4.758037 -8.522671 98.202619 -7.413289 -8.437984 -7.581784 -3.917561 -5.879020 -17.288027 -5.618337 -6.170409
6 -4.214950 -6.660913 4.657067 -1.195832 -3.332647 26.981101 -0.558553 -3.131779 -8.513988 -2.749079 -0.925030 7.611093 -11.158098 3.191609
6 -2.134253 -11.329975 -1.845874 -3.707770 -4.576401 43.125261 -3.860987 -5.862120 0.460831 -0.391790 -3.008105 -3.192142 2.909058 -6.585732
3 0.008556 -4.259951 33.872854 -9.847275 -6.687831 32.446218 -6.131159 -7.947896 -0.770594 0.293603 -3.069071 -6.998560 -12.986709 -7.922187
13 -0.253470 -4.093218 -10.086160 0.135438 -0.074666 -9.876860 -1.904575 -5.038350 -5.649964 -5.424548 -8.355331 -4.677058 57.715634 -2.416871
13 2.110227 -2.637130 -2.722305 -2.170069 4.317648 -1.419777 -0.873034 0.157035 -0.939297 0.490085 -2.693761 0.042740 10.739880 -4.402242
10 -3.472614 -0.694780 0.068104 -1.133218 0.593214 -2.840348 -1.679435 2.795660 -8.523688 8.412656 0.114033 3.457429 -3.927859 6.830845
8 -2.537443 -4.258777 1.333214 -1.266652 -5.542295 4.282888 -0.516533 5.449228 0.553116 3.649886 -0.557663 0.638406 -1.636222 0.408847
13 -1.193625 -9.688773 -1.697360 11.974740 -2.756550 -5.769058 -4.820308 -5.905124 4.608487 -0.493084 -0.414079 8.145858 14.513458 -6.504584
13 -4.918806 -2.581200 -1.407290 -3.552127 0.046195 -2.553585 -3.091306 -1.894581 -2.238687 -2.435790 -4.059416 -5.099357 38.353973 -4.568024
13 -5.371336 -8.578580 -0.017017 -1.511209 -4.584554 -2.382320 2.743149 2.225155 6.025515 1.218995 -7.066561 7.210000 8.774593 1.314169
10 2.333618 2.200933 -2.537157 -2.212836 0.166275 2.354245 -10.285667 -4.135278 -3.265382 6.189618 2.554256 -1.298446 5.485692 2.450129
13 0.035592 -5.960476 -2.591273 0.088633 -0.424744 -2.504121 -2.969721 -2.355830 6.353449 -0.141371 -5.368850 -0.861715 19.726039 -3.025611
13 -5.936392 2.698066 -6.067738 -3.679750 -1.888688 2.427620 -2.556081 -3.057723 -7.564462 -0.715309 0.284396 -4.850804 38.036354 -7.129489
13 -0.401538 -8.886317 1.773845 0.133029 -6.547446 -8.244709 -3.787427 -8.294974 9.678709 -0.411037 -2.976960 -4.469857 38.033583 -5.598902
13 -1.640436 -3.068620 -5.628624 0.336671 9.688321 1.310261 -2.833859 -3.746514 -2.162693 -8.331376 0.633755 -4.112066 22.580476 -3.025296
13 -5.602625 -10.333480 -1.656849 -0.164777 1.389590 -2.505149 -4.497531 -7.972630 5.109853 0.182367 -5.342048 0.173803 33.176771 -1.957297
13 -0.946735 -5.982093 3.070319 -7.591204 1.768246 -4.043485 -1.331782 4.165190 3.692294 -3.937760 -4.701709 2.923804 15.094080 -2.179165
13 11.565582 0.576253 -3.368162 -2.303316 -6.850958 -2.639982 -2.064203 -5.926170 -1.884944 -3.850267 -2.890973 -0.536161 23.539585 -3.366283
4 -5.701758 -3.964417 3.463000 22.120790 -1.066976 -3.861739 -4.088112 -1.013110 -1.923475 -5.823629 -3.228861 0.138388 10.944956 -5.995055
13 -3.359598 -4.886002 0.250411 5.337717 -0.027595 4.977391 -6.495559 -4.480679 15.053614 -9.272207 -2.528620 -6.853345 18.142902 -5.858431
8 -9.112723 9.282617 -3.405250 -4.974181 -4.866530 -3.221911 -9.158621 25.811464 -6.068955 5.187966 -4.759002 -5.433040 7.974852 2.743316
13 -1.358175 -2.958767 -0.360723 -1.170859 0.207865 -1.462873 -0.364439 2.645838 -1.411069 2.355581 -3.328569 -1.079595 6.880787 1.404996
9 1.139700 -8.014502 -0.266048 -1.439557 1.402448 -0.052098 0.412590 -3.624348 13.447005 -0.743589 0.250823 4.013635 -3.235035 -3.291025
13 -2.418470 -1.225671 -0.740237 -1.431621 -7.936239 -4.796225 -2.063055 -2.155198 -1.195402 -3.964099 -5.480420 -0.307647 30.622995 3.091291
13 4.996288 6.816714 -4.378671 -7.319411 -3.628712 -6.687390 -3.735436 -4.564015 1.530310 5.322782 2.720185 2.771924 11.931976 -5.776544
13 3.104000 -9.037550 0.734445 2.884950 -4.119025 -1.814490 3.021114 5.048201 -3.923549 -4.313399 -6.174843 -5.543087 22.447239 -2.314007
13 3.555615 -7.277879 2.617775 -3.264795 -0.229906 -3.805769 -4.926242 2.294917 4.928309 -1.281829 -3.847494 -0.331698 10.888802 0.680192
13 -3.878904 4.909711 1.982685 1.934076 -5.895993 -4.572320 -5.358970 -6.229492 6.510315 -7.067046 -5.411562 2.381495 30.429064 -9.733058
13 2.191780 -6.275798 -5.447573 -4.042822 -1.108527 -3.514156 -1.360166 2.818264 -3.155594 -6.049086 3.571097 -4.120232 25.105372 1.387442
7 -5.121380 -11.054086 -5.884806 -6.883134 -10.389879 -10.595167 89.563332 -2.335405 -4.644592 -7.172379 -4.398317 -6.388569 -6.498330 -8.197288
7 -1.042237 2.447338 -1.458515 -1.489116 -0.667693 -1.811580 11.315157 -0.945003 -1.014359 -2.699296 2.603762 1.686446 -1.540645 -5.384261
7 -9.852916 -7.930424 -7.593627 -10.119220 -9.439542 -8.858950 90.381437 -11.871187 -2.606031 -7.275340 0.560471 -6.297905 -2.482577 -6.614188
5 2.875852 4.927178 3.520329 -6.575821 12.099439 6.379464 -3.753319 6.325867 -7.526406 -5.437200 -5.846864 -5.916301 -5.116179 4.043960
7 3.097068 -2.728259 -1.769424 -9.660839 2.696483 -1.602649 29.051380 13.158929 -7.828030 -5.092807 -7.597599 -6.137840 -5.487672 -0.098744
7 1.008541 -1.785848 4.389417 2.958255 3.170293 8.485757 9.694624 -7.741547 -0.585686 -1.603603 -9.878721 0.663894 1.384923 -10.160300
7 -8.863716 -6.032302 -7.570224 -5.577034 -8.987612 -5.140736 95.715449 -8.004542 -8.051150 -5.933824 -6.674208 -9.103119 -6.965630 -8.811350
7 -6.877056 -7.389822 -1.936255 -2.327521 9.479540 -3.842605 10.420127 0.742984 -2.167799 0.079964 0.131019 0.941524 -0.891997 3.637898
7 2.523522 -5.323776 -5.466510 -2.251451 -1.064000 -2.451479 22.732726 -1.340265 -3.371139 -0.971563 -3.844384 2.488641 -0.994632 -0.665693
13 -0.438940 4.235408 -1.964797 -2.305585 -3.857267 1.201563 7.025772 -4.872910 -1.648999 -5.649548 1.491609 -3.664075 9.725322 0.722445
7 -8.517450 -7.186186 -7.228931 -7.044512 -4.059564 -8.610601 86.345703 -7.308661 -8.485149 -7.411482 -6.364878 -8.849142 4.150892 -9.430041
7 -4.332514 -5.180564 -10.139933 -9.571250 -1.935782 -10.133618 83.552056 -10.386795 -11.237297 -7.040465 -3.697986 -9.539605 -10.003596 9.647350
7 -3.080083 -7.006479 -8.376477 -8.355191 -18.635180 -1.589828 104.402819 -3.672479 -0.904884 -10.795529 -12.040271 -7.200618 -5.187682 -17.558119
7 -3.137185 -10.844112 -2.963655 -8.416522 1.662877 -7.942398 85.763037 -9.020232 -6.697803 -10.526974 -5.066163 -7.868503 -6.428450 -8.513919
12 -0.862636 -9.936514 6.345313 -3.218751 0.183141 5.220720 -2.133865 -3.628108 -0.213303 4.209676 -4.284804 13.065421 -4.278374 -0.467917
7 -6.971415 -9.867766 -5.028886 -5.177636 -6.144785 -7.725676 87.241443 -10.039878 -1.801405 -9.972455 -5.606361 -5.977751 -9.456034 -3.471395
7 -7.396183 -8.954522 -7.602433 -6.655543 -12.344301 -9.118084 104.659840 -5.467348 -5.660735 -11.882944 -11.137826 -2.938500 -4.053220 -11.448200
7 -0.896060 -9.622248 2.945048 1.905337 -1.630420 -4.291115 16.442417 -2.363614 1.087957 8.919815 -6.660932 -1.668110 -0.304460 -3.863616
7 -11.534752 -3.898102 -6.748199 -7.545977 -4.161650 -9.230118 93.914271 -4.190407 -11.308876 -8.216103 -7.486089 -7.901512 -5.633524 -6.058961
11 -3.813483 -12.494820 -2.088272 -1.666872 -4.566249 -4.990812 -3.826385 -0.532970 -2.592779 -5.846201 42.280261 2.662473 0.301282 -2.825173
7 -5.712748 -3.296981 -7.304814 -8.111826 -8.160261 -5.183898 95.684733 -8.646065 -11.157463 -7.616681 -2.985100 -8.153402 -10.914041 -8.441451
7 -0.660777 -15.471399 -6.805759 -11.170209 -2.709576 -10.529700 99.467825 -8.200884 -2.975051 -5.768687 -13.428272 -10.154263 -8.574421 -3.018829
7 -5.965389 -9.044482 -9.582947 -9.500007 -8.640364 -9.754439 95.603402 -8.064113 -7.893857 -9.007924 -5.915665 -10.461730 2.208336 -3.980823
7 -0.647786 2.753795 -6.595555 -0.964052 0.476196 -2.531872 11.221622 2.627953 -3.957640 -6.007560 1.353651 1.330053 5.721288 -4.780094
7 -7.038691 -7.289431 -2.736724 -5.388320 -9.384939 -8.548990 86.452476 -7.029793 -6.018832 -9.437386 0.090400 -10.325321 -9.474844 -3.869606
12 -9.369075 -0.261504 6.702870 -1.084874 -1.581518 -5.232164 -4.680179 -3.449850 -5.278453 0.727602 5.322401 23.651004 -2.570179 -2.896083
13 2.351779 -5.971927 6.007110 0.841022 -8.663132 -1.702432 -2.666311 -7.606843 -0.360480 -5.081590 -5.206670 8.255472 21.603302 -1.799301
12 5.598247 -1.006156 -2.995038 0.500260 -7.217905 -0.835327 -2.152594 2.802501 -4.864397 -1.231634 3.342249 17.453963 -3.219942 -6.174228
12 -2.340523 -7.013474 -2.151464 -1.487442 -4.800836 2.646579 -2.989443 0.448503 2.748183 0.724369 -5.128023 9.954821 5.104845 4.283905
12 5.361787 5.192410 -2.395166 -2.170450 -5.314087 -5.036299 -4.800002 -3.813609 -1.394078 -0.356497 -1.275439 7.857848 6.820493 1.323089
9 1.735960 -5.784929 3.362854 1.646671 0.326699 1.651188 -1.219232 -6.700209 12.214919 -3.468644 -0.869264 0.237994 -6.811579 3.677571
3 -6.962685 5.069871 43.648225 -0.964270 -1.675160 -0.644955 -2.704682 -8.692535 -9.272271 -9.279189 1.150155 -8.735876 -8.211119 7.274488
13 -0.006196 -1.853559 -4.274320 -0.469836 -1.136678 -0.061915 0.203907 7.702376 -1.954517 -0.434499 -2.699250 -0.665575 8.267838 -2.617777
12 -6.211057 -0.024077 1.355952 3.462678 -1.795426 -1.769942 2.136427 -1.978521 -0.414782 -6.868565 -3.997085 32.889818 -6.674417 -10.111002
1 6.595584 1.983278 -3.565365 2.518706 0.291526 1.699972 4.100879 -0.885231 -7.889610 -1.770279 0.549733 -4.541169 -4.901796 5.813773
10 2.730442 -0.069587 2.990861 -1.411864 -0.966533 -3.962993 -1.204268 1.608139 -2.053098 6.698855 -3.358209 2.340079 -2.374950 -0.966876
5 -1.489658 -6.010213 1.810421 -3.139638 10.667239 -0.188498 6.619713 -2.086962 -1.079249 0.471641 -3.702910 -2.167570 2.666443 -2.370759
12 -7.693280 -4.747155 -6.661128 -3.812379 -3.770577 -5.907933 -6.115245 -4.469665 -5.270997 -6.638909 -0.502042 57.035966 -1.948655 0.502000
12 0.787350 -4.230791 -0.029689 2.016101 -0.869472 0.337640 -0.207052 -3.676234 -2.380431 2.231020 -1.968612 6.818423 0.899121 0.272623
12 -4.666566 -7.214959 -6.082619 -4.194065 8.418553 -3.853149 4.222666 6.354376 -1.003486 -1.809236 -2.297592 16.884553 -6.355420 1.596942
12 0.264770 -1.691753 0.055088 -1.262492 1.018771 0.003056 0.816175 -4.990337 -8.362322 0.252899 -1.050961 15.124150 -1.054904 0.877859
5 -6.908167 14.808038 -23.897216 -2.954916 48.745625 1.596674 -5.674363 9.964124 -15.523476 -11.979230 -15.385203 13.138226 2.044408 -7.974524
3 0.007107 -0.384129 10.342204 0.534507 0.678167 2.774147 -3.405545 -4.893927 -5.020466 2.264643 -0.993361 1.326678 -8.418948 5.188923
12 -0.587282 -9.481036 2.995288 -7.361122 4.066096 4.227153 -2.203976 4.290410 -4.971564 5.901214 -3.504285 7.990958 -0.467278 -0.894576
3 3.728360 5.288969 6.810768 -3.013108 -6.088096 -5.839552 -1.881338 -3.586477 -1.140099 3.980317 -1.800287 2.749133 -3.035741 3.827151
14 -0.018721 -7.943138 0.872720 -0.560124 -0.005382 -3.132616 1.364620 -1.090090 2.996565 0.167771 -8.408305 4.062596 -2.003454 13.697559
12 -12.387251 1.216256 5.440630 -6.278339 -6.404037 -5.624302 6.878350 6.274936 -9.288421 -8.476723 -4.028989 45.449260 -16.470700 3.699332
11 -4.260206 -1.559598 0.571087 -1.735602 -3.642854 3.924591 2.178670 -3.717120 5.301869 -0.245113 9.710478 9.237396 -13.282627 -2.480971
14 -2.355325 -5.231953 -4.005750 -7.382597 -7.586984 -5.530749 2.060337 -7.859876 -3.981102 -0.159843 -5.854799 -2.336307 -10.748900 60.973843
14 1.302317 4.036486 2.076332 -4.766638 -6.254649 -2.146974 -2.144761 -6.194622 1.630316 -2.553766 -2.199066 -0.998078 1.772866 16.440236
14 -9.008729 0.034818 -7.692787 -10.822872 -6.121523 -4.325630 -0.416030 -6.397756 -11.741898 10.192055 -0.629097 0.512717 -6.038373 52.455106
14 -5.032078 -4.024948 -6.338390 -7.214443 -3.747810 -14.424251 -3.828983 -8.533669 11.721654 -3.449563 -1.321633 -11.537882 -1.674995 59.406991
4 -6.145112 7.706336 -0.920491 11.362958 -3.243332 -9.664649 -4.506946 1.089531 0.183957 -2.449417 -6.253506 -4.198097 10.775997 6.262772
14 -8.552987 -1.803393 -0.648879 1.679307 -1.175200 0.410180 -2.152206 -5.525020 -10.763046 -1.783064 5.110053 3.039676 1.048781 21.115798
2 -1.342574 6.884884 -0.013165 -2.524426 4.095932 0.431171 -7.108137 -1.152268 -0.479343 -4.827145 2.042483 -1.832543 4.160585 1.664544
14 -1.838679 -0.894526 -2.719927 0.607410 2.213544 -6.141370 1.293391 4.632656 2.915795 -9.628641 -2.821258 5.986582 -6.277412 12.672432
14 0.982764 -0.303774 2.064711 -8.565603 -7.567618 -9.310645 -5.614421 -8.707355 -1.678398 -2.380658 -1.858953 -1.808738 0.345152 44.403538
14 -6.478757 -9.684503 -1.834896 -2.173872 -4.009805 -3.579113 -2.284080 -0.728455 -8.106148 -3.428559 -8.448568 -9.974654 -1.527054 62.258464
14 -2.014250 -1.989550 -2.570210 -5.097546 -1.869137 -0.292585 -0.401087 -1.363522 5.999122 -4.021632 -2.482743 1.105144 5.807264 9.190730
14 -3.778605 -6.288097 2.791674 1.020484 1.908145 -1.928503 -3.614825 -6.189133 0.641953 -1.861514 -6.618039 0.594954 11.335050 11.986456
14 -2.384852 -2.184730 0.729678 -0.586374 6.252294 4.241147 -1.476432 -7.592199 -4.216629 7.342442 -1.040818 -3.562996 -3.122426 7.601891
14 -3.309581 -9.136746 -4.277821 -7.233832 -6.993119 -4.622836 -0.558255 2.168070 1.636183 -9.590122 -4.905193 -2.613198 -5.599220 55.035670
5 0.804244 1.366741 4.384104 1.690629 15.703513 -3.082890 -0.420612 -6.302392 -6.791412 1.281185 -1.240713 1.692540 -10.811405 1.726470
14 -1.876696 -2.218749 -0.447551 -1.839865 -1.949325 -3.545777 0.803674 -2.826037 -2.509271 3.126934 -2.021084 0.921893 -5.028517 19.410373
14 -3.385197 -3.738287 -1.124712 -1.394781 -3.162329 -3.361826 -0.315355 -0.265140 2.329175 -5.441974 3.631425 -4.155439 -2.792294 23.176733
14 2.081916 -6.069230 1.916681 -0.868872 -0.723247 -1.605795 -1.688178 -2.354774 2.721469 -1.666336 -1.341498 -0.908522 0.866874 9.639513
14 -7.161480 -5.567450 2.622489 -9.480113 -8.912230 -4.624943 -4.674970 -6.185045 2.282504 -6.384651 -7.494527 -4.104117 -0.052627 59.737159
14 0.763872 -1.973870 -3.240298 -4.369435 -2.620462 5.633360 -5.223470 -4.076498 -4.469421 2.609015 4.833883 -5.231942 -7.197608 24.562873
5 -2.698124 2.529584 0.901639 2.681678 4.843431 -3.893247 -0.157824 0.638991 -7.511138 4.143908 3.998341 -0.814213 -6.259816 1.596791
14 0.793055 -7.758989 -1.854648 -0.238815 3.116487 -1.388218 -7.358314 -0.316199 1.678654 -2.527829 -5.089566 -5.073096 8.861302 17.156176
8 -9.944468 8.071679 -0.532677 -0.632922 7.202364 -1.144566 -1.910747 15.763682 -5.778126 -5.780632 -1.594184 -2.461683 -1.879515 0.621796
8 -1.008061 -1.429412 -4.074426 -4.838816 -9.456718 -0.993756 -1.334948 57.569363 -1.643159 -10.920931 -5.458109 -1.078725 -6.223367 -9.108935
5 4.781581 -9.084580 -3.972437 -8.952580 67.067499 -1.801988 -7.996331 -3.006585 -3.109080 -4.481964 -7.565513 -5.544456 -8.307086 -8.026479
8 -2.138550 -8.044821 -1.979180 -2.156789 -5.194260 -4.030314 -1.078628 47.810300 -2.481600 -4.427002 -6.571670 -3.119884 -4.898702 -1.688902
9 0.189642 -13.829930 5.143256 -3.371691 -3.438528 -3.100071 -3.773948 8.455131 8.756197 8.731609 -5.951227 1.831983 -0.243170 0.600746
9 6.444195 -5.945139 -3.591411 -0.621951 -4.615415 -0.368347 -3.265810 -3.084194 6.719495 -2.890394 5.102424 3.945575 4.435979 -2.265006
8 -3.488451 0.265184 1.845868 -9.435197 -2.625571 0.758104 3.611571 29.107783 -1.611981 -3.571108 -5.024934 -6.960540 0.844981 -3.715710
8 -7.674890 -2.140543 -11.938708 -4.298310 -7.199737 1.335615 5.708722 44.533465 -8.508903 -3.910719 -4.692027 2.439083 1.000087 -4.653135
8 -0.029229 1.976120 -5.247921 -2.727857 -1.654153 -2.176323 -10.042571 39.408168 -6.039453 -10.892047 0.778884 6.648894 -8.521777 -1.480734
1 5.627514 3.972912 0.136848 -1.026386 -5.595026 -0.164484 -0.415728 4.591418 0.119493 -2.198846 -3.208049 4.027504 -6.507452 0.640283
8 -1.723259 3.008406 -1.828181 0.071744 0.845549 4.286456 -2.698842 7.337182 -12.003341 3.155517 5.029297 -3.177228 -4.335118 2.031818
8 -5.018949 -0.024082 7.353449 -5.081059 6.733227 5.512201 0.152107 33.397499 -7.455024 -5.820358 -8.603782 -6.571010 -15.681632 1.107413
13 -5.427966 8.354495 -10.421027 -1.333414 -1.503857 2.047321 -8.799946 -0.336056 -0.055463 -1.738124 -1.569243 5.699431 8.809228 6.274621
7 2.088535 -1.527428 -2.440362 -1.470012 -0.683551 5.712697 6.310140 -0.285734 0.622494 -0.652106 0.003139 -3.843075 -1.013920 -2.820816
8 -2.838306 4.236406 -2.809812 -2.228316 -1.674964 1.601531 -2.044681 19.027488 4.049288 -3.265314 -4.614746 -2.012640 -5.014414 -2.411520
2 -2.461435 8.388659 -2.303102 3.610811 7.723664 0.702010 -2.495657 4.126318 -5.247917 -4.258999 -6.181190 0.089673 1.128484 -2.821320
13 3.715174 -0.018897 -2.723112 -1.513386 -9.117047 1.551028 0.964820 0.351017 0.004202 -2.026202 -2.460871 -4.194130 13.087216 2.380188
8 -1.211060 0.425749 -6.343191 -3.320897 -3.350948 -3.692166 -0.766881 15.314883 6.450619 -7.657042 0.565015 -1.237285 -1.746350 6.569553
6 2.086209 5.697344 -8.459969 -2.343512 3.678278 11.127923 -3.089491 -0.269976 -2.478808 -1.452372 1.112853 -6.229007 -2.855876 3.476406
8 -3.767120 -1.061144 3.400999 -9.802813 1.865550 9.512103 3.512678 17.199844 -7.319843 3.407992 -7.504428 -2.719488 -8.920094 2.195763
8 -6.368416 2.192640 0.765227 -1.169398 0.281242 -5.757857 -0.726247 20.427180 -3.053325 -4.284609 -3.385175 1.725864 -1.322296 0.675169
8 -3.543680 -7.468651 4.233728 2.660683 -6.379548 5.976524 -5.988374 23.850143 -3.946682 -1.028774 -7.505171 -1.424196 1.500526 -0.936529
11 -2.175623 8.039669 -5.361317 3.074153 2.897881 -0.304879 3.842945 -11.485009 -2.204806 1.558843 11.239853 0.891338 -3.643101 -6.369948
3 2.555963 -9.674490 4.405830 0.530334 0.655062 2.760348 -2.061023 -0.200236 1.433750 2.022282 -4.139691 2.822641 -0.529334 -0.581437
9 -4.439835 -8.767279 -0.956051 1.938623 -1.242974 -1.848122 4.645337 3.920506 10.754219 -4.843773 -3.801740 7.889836 -3.964710 0.715964
13 0.313436 -0.364248 0.438844 -2.526847 1.015028 1.469774 -1.267719 -1.655394 2.507766 -2.037536 1.302956 -0.262007 3.765620 -2.699672
10 1.493820 -1.709590 3.010979 -3.831226 -1.458878 -8.101799 -3.139015 -4.627238 6.517229 9.199137 3.738268 -0.450072 -0.710476 0.068860
9 4.156073 -11.615907 1.171839 2.138878 3.185051 1.853423 0.544163 -4.569928 20.097859 -2.411694 -0.100630 -0.745555 -5.152902 -8.550670
13 -2.571154 -4.775835 5.649988 -4.624380 -2.693804 -5.870350 -1.257978 1.571480 4.794083 3.503596 -4.354357 -4.231966 25.152971 -10.292295
13 2.275518 -2.192202 5.554056 -6.778775 1.800379 -4.483117 -1.687388 -5.252950 2.201376 2.786697 -1.941503 4.169496 11.144177 -7.595766
6 -0.529652 -5.022631 0.151461 -0.113553 -1.314487 3.905529 -0.282827 -1.906482 3.295849 0.090792 -1.681856 2.229165 0.060053 1.118638
9 -6.231754 0.202596 5.643927 -2.523106 0.997842 -0.901411 -2.291507 -4.702093 6.968190 -1.184717 -0.895946 2.516406 -3.369403 5.770978
9 2.822003 -7.205324 1.527171 1.588769 -2.718411 2.193928 -1.775739 0.226071 23.044722 2.571111 -2.525529 -7.648633 -3.610246 -8.489894
9 1.300780 -5.409805 1.270109 0.030450 -0.603684 -1.347632 -1.116173 -2.767146 12.074990 -1.907216 -0.126103 0.019145 1.558505 -2.976219
9 -3.736453 -5.084211 4.278067 -1.403089 -2.114533 2.912707 -0.731393 -2.058729 9.096381 3.682782 -7.617547 1.061990 -2.731404 4.445428
9 0.999929 -5.312651 3.484164 -1.121412 2.254886 4.021302 -0.044911 4.532673 6.781009 0.145146 -5.093804 -2.240207 -5.397504 -3.008620
4 1.399714 -17.645295 0.361798 6.147960 5.741548 0.917486 -4.538180 -4.645302 4.806688 3.762831 -2.714049 2.976247 5.823708 -2.395155
14 2.478798 -1.862487 1.331505 1.372225 -3.290152 2.339110 -1.863865 -0.888621 2.152435 -1.629427 -3.298420 -4.339547 -2.766801 10.265248
5 3.069504 3.733630 -3.860926 -7.333325 5.239037 1.334854 4.014244 -0.897905 -0.050229 0.097598 -4.888893 2.598354 -1.067342 -1.988602
14 3.341702 -9.406968 -2.060400 1.404799 -1.090066 -2.573865 -1.337464 -2.294119 -5.887654 7.420895 -1.683124 -0.377241 4.332101 10.211404
4 1.553670 -13.160722 -3.031319 18.507906 -3.220602 -3.869793 -3.747249 -0.009508 10.609876 -3.875758 -4.144280 2.666324 4.849107 -3.127650
14 2.937844 -7.903488 4.324447 -2.273588 -1.357338 -0.829055 -2.314565 -3.119177 6.017328 2.145481 -5.946055 -1.336742 3.469752 6.185153
