7 -10.274126 -11.769151 -10.170381 -10.809432 -9.048639 -11.894599 67.528769 -12.449495 -8.554054 -12.451550 63.914206 -10.136573 -12.598487 -11.286491
14 0.047520 -1.353900 -0.070464 -2.175493 -0.303835 0.519827 -0.530612 3.388825 -0.562750 -0.047920 -1.131760 -0.690776 -1.242264 4.153601
9 -2.110063 -2.581695 -0.229529 -0.078021 -0.076014 -2.109370 -1.742482 -1.862551 10.815757 -0.172362 0.795124 -1.440774 2.185257 -1.393277
1 29.780282 -1.877748 -2.952931 -2.160669 -2.553875 -2.198800 -3.136334 -1.430278 -1.999872 -2.195308 -2.996832 -1.868477 -2.340761 -2.068398
6 1.378118 1.035766 -0.758277 1.665944 -0.330309 3.525178 -4.431260 -0.280795 -1.561443 -0.759844 1.112424 0.507497 -3.029640 1.926640
1 5.866114 -0.842815 -0.349089 -0.768184 -0.436750 -0.871946 -0.396882 -0.594812 -0.249184 -0.494125 -0.511088 0.905420 -0.591064 -0.665596
6 0.977180 -0.752847 -0.279233 0.225905 -0.286453 4.297811 -1.207580 0.000898 -1.015572 -1.574686 -0.769995 -0.451418 0.969438 -0.133449
2 -1.607226 1.917818 1.295890 0.654788 1.343143 0.231719 1.350810 -1.246203 -1.114979 -1.242542 -0.430086 0.030341 -0.135696 -1.047778
5 -4.891615 -3.334348 -5.019043 -2.278388 34.973718 1.851832 -2.904552 -2.633174 -2.917474 -2.667364 -3.517599 2.060208 -3.866543 -4.855658
5 0.761657 -4.913401 -1.525533 -2.210607 20.784084 0.190347 -4.422299 -2.635323 -1.553652 0.033726 -2.531000 0.606973 -3.202388 0.617416
10 1.960466 -0.669037 1.197156 -2.995626 -0.098408 0.610915 0.235019 -0.923001 -3.110361 2.469291 -0.867272 1.154615 -1.226310 2.262551
3 -1.021389 -2.177861 8.251985 0.574515 3.128453 -1.445974 -2.245551 -1.522604 -0.404448 -1.476236 -2.264702 0.619109 0.430124 -0.445422
3 1.165546 -1.524128 19.692439 -2.443212 -2.498567 -0.935591 -1.638137 -1.645974 -1.480003 -1.771183 -0.667964 -3.459230 -2.833606 0.039610
4 -2.654761 0.695113 0.211242 2.773186 0.741166 -0.750965 1.560451 0.145514 -2.133962 -0.797060 1.318502 -0.147275 -1.769859 0.808709
1 89.484749 -6.689620 -6.211688 -6.391817 -6.703624 -8.349169 -6.858543 -6.622815 -7.385661 -6.874298 -6.410426 -7.166421 -8.565876 -5.254791
11 -5.346483 -4.216718 0.172206 -1.512386 -4.622475 -3.459828 -4.155948 -3.032785 -1.099553 -4.855017 39.491298 -3.467841 -0.781699 -3.112774
4 0.015855 -1.660283 0.116804 7.063049 -2.287121 1.555170 0.947564 -2.352729 -0.090040 -0.527752 -1.863375 -0.775924 0.105095 -0.246313
12 -4.319959 -2.472311 1.787112 2.322835 0.447989 -0.821451 -0.312090 -3.799592 -1.697584 3.474969 -0.376691 7.228213 -2.444081 0.982641
14 0.536681 -0.679522 2.781879 -3.162168 -3.341542 -1.535669 -2.477241 -2.107293 -3.508882 0.486790 1.843164 -0.256684 -2.391945 13.812434
11 -1.983404 -3.882085 -2.627563 -5.584838 -3.402189 -2.942999 -2.922621 -1.041415 -2.776143 -3.875879 36.481733 -0.672520 -2.520501 -2.249579
3 -1.473028 -2.613476 20.272194 -0.978961 -1.823291 -1.487882 -1.568721 -2.303837 0.353504 -2.047590 -1.198868 -2.442180 -1.366575 -1.321290
12 1.681147 0.640385 -0.176638 -0.937630 -0.420415 -1.960455 -1.732036 -2.316798 -0.796308 0.971970 -0.263720 2.911321 1.292862 1.106316
14 -1.257983 -1.766070 -1.182797 -0.947268 0.186820 2.612598 1.755079 -3.912114 0.044311 -1.015203 2.793788 -0.653600 -0.552293 3.894733
9 -1.837500 1.886089 0.444064 -2.119451 -0.262848 -0.367215 0.218280 -1.581673 4.492592 0.423758 1.356513 -1.415459 -1.104905 -0.132244
2 -3.329180 2.661125 -1.570064 -0.256802 1.519058 -0.939795 0.511127 0.826220 -1.325042 -0.604432 -1.252051 0.450297 0.821203 2.488337
8 -3.683055 0.783658 -1.700161 2.734523 1.010528 -0.621508 0.150436 6.059205 -1.653173 -1.601553 0.267349 -0.997628 -1.577240 0.828619
14 -0.356395 0.184072 -0.604158 -1.476694 -0.386665 -1.168478 -0.056921 -1.479125 0.895844 -0.906608 -1.016622 1.146996 0.188625 5.036129
2 1.041459 16.023649 -2.945345 -2.832151 -1.710494 -0.366156 -2.477509 -2.880404 -1.016781 0.152431 -1.568480 -0.921759 2.258974 -2.757435
1 54.511946 -4.587378 -4.507053 -7.166528 -5.305340 -0.040526 -5.082515 -2.338156 -6.128820 -4.793594 -2.202185 -4.260412 -5.937139 -2.162300
2 0.778721 1.704459 -1.315499 -1.831545 1.201901 0.199640 -2.546245 0.420739 -1.256664 1.085504 -0.391115 -0.082873 1.375520 0.657454
5 -1.402076 -2.668401 -1.187073 -0.454448 20.588870 -1.785147 -1.860586 -1.507155 -1.488918 -1.610109 -1.366077 -1.836675 -1.440282 -1.981922
6 1.458377 -1.433714 0.089583 -1.225492 -0.073093 1.966414 -0.657356 0.188251 -0.938565 -0.489928 0.432925 -1.451496 0.804230 1.329866
6 -0.227559 -3.314871 -0.957227 -3.351268 -0.986551 10.862903 -1.435772 -0.734568 -0.685878 -1.531793 -2.409326 -0.260987 -0.723105 5.756002
5 -1.331556 2.370143 -2.184727 0.668511 4.238272 -0.854226 -2.496985 -0.157352 -2.397807 -2.560853 -1.742016 3.432608 0.069036 2.946952
7 -4.738389 -4.251909 -6.856970 -4.982528 -5.085151 -7.347052 76.781944 -6.589023 -8.788938 -4.364597 -3.894548 -5.235049 -8.397882 -6.249909
14 0.036393 -5.831097 -4.146124 -1.733984 -3.453571 -2.039177 0.795754 0.971130 -4.724259 0.593545 -1.986473 1.171558 -0.638795 20.985101
2 0.277775 2.931879 -0.392917 -0.871108 0.699766 -0.741508 -0.229438 -1.433720 -0.732264 0.972982 -0.040394 0.237701 0.414715 -1.093470
2 -4.592097 21.202047 -1.322567 -2.525175 -3.583959 -2.008370 -1.146181 -3.477291 -3.722964 -2.075331 8.595349 -2.361540 -3.914551 0.932628
2 -1.741323 14.742927 -0.192248 0.797952 -0.177680 -0.746932 -0.332504 -4.162575 -2.189005 -1.254557 -0.807151 -0.579563 -1.490839 -1.866501
14 1.805466 -0.269296 0.102114 0.056206 -0.649427 0.111043 0.265012 0.342227 -3.059803 -0.416873 0.157261 -0.134923 -0.802224 2.493215
7 -1.029809 -1.693987 -1.850856 1.078961 -0.354713 2.656412 4.191895 0.062093 -1.711224 -0.957525 0.823921 -1.397957 -0.444746 0.627537
3 2.636571 -0.841107 10.051809 -0.840605 -2.623068 -4.442885 0.626370 -0.028739 -4.310306 1.150474 2.841714 -0.642707 -1.157606 -2.419917
13 0.301136 0.233409 -1.473922 -1.475895 1.828123 -1.695386 -0.725147 0.003417 0.431279 -0.303444 -0.125294 -0.175623 4.954801 -1.777456
3 -3.497926 -4.170785 46.083560 -3.523572 -3.386417 -3.500615 -3.116431 -3.257215 -3.495920 -3.433373 -4.548471 -3.331346 -3.818224 -3.003267
6 -5.621390 -4.791994 -1.441418 0.230076 -4.336241 28.663033 -2.499760 -2.123276 -1.050830 -3.911535 -1.468743 -2.198123 2.909041 -2.358838
12 1.455716 -2.403688 0.678409 -1.851719 1.563853 -0.858578 -1.349979 -1.043235 -1.081087 2.101019 1.194418 3.617506 0.471221 -2.493856
14 -1.009748 -1.952241 1.086735 -0.208575 1.167173 2.846944 -1.816221 -0.930168 -3.366161 2.333334 -0.352620 0.942982 -1.853481 3.112045
13 -0.026969 -1.363874 -1.149786 2.120583 -0.285233 -0.476046 1.862500 -2.774952 -1.865189 0.328890 -0.838758 -0.798852 5.749474 -0.481788
11 -2.713096 5.365870 -1.084596 0.189596 -1.359944 -0.685912 -0.773526 -1.619249 -1.254392 -1.813200 10.204142 -1.071541 -1.935882 -1.448271
13 3.928084 -0.616075 -0.247022 -1.458159 0.528978 -1.872344 -1.951460 1.365738 0.590100 -1.992506 -2.271746 -0.441865 4.913110 -0.474834
14 -0.445045 -2.180945 -1.017083 -2.495262 0.442593 -1.063119 -0.815642 -2.779745 -1.823231 1.893124 -1.560865 0.926716 -0.066543 10.985047
1 1.777878 -0.571714 0.098870 0.499966 -0.927085 0.670843 0.188533 -1.480097 -0.614112 0.116912 -0.779591 0.517665 -0.586222 1.088153
14 -0.787159 -4.318855 -0.520715 -1.255837 -1.246252 0.119477 -4.277093 -2.733188 -0.758651 -0.069619 -1.286906 -0.052154 -2.648584 19.835537
11 -4.757384 -5.901229 -6.722574 -4.067262 -4.008975 -6.913343 -9.392344 -6.461871 -5.155392 -6.083099 69.700593 -3.133030 -1.184451 -5.919641
7 0.453593 0.434047 -1.177356 0.422107 -1.220871 -0.177207 4.914368 -2.448110 -0.552749 -1.398205 -0.201737 -0.073010 -1.081179 2.106307
6 -2.300052 -0.028029 -1.519644 -0.533225 -0.236220 10.357093 -0.706305 0.442580 -1.967444 -1.414906 0.004481 0.761285 -1.915782 -0.943832
4 -5.337398 -8.930542 -2.886653 71.138224 -7.133042 -6.008458 -6.150949 -4.110989 -4.487279 -4.840947 -4.329782 -5.387138 -6.295094 -5.239951
4 -5.861194 -7.349504 -5.019496 73.842106 -6.437456 -5.821697 -5.270713 -5.062475 -5.413389 -5.099642 -5.581652 -5.620675 -6.680203 -4.624010
4 -4.079854 0.558962 -5.138020 40.510249 -3.521347 -3.423503 -1.824202 -0.919973 -6.148491 -3.460671 -2.366018 -4.583293 -5.759713 0.155875
7 -6.309107 -2.325804 -5.692021 -6.010363 -8.389973 -4.806516 77.996133 -7.715041 -5.425754 -6.482183 -7.994225 -5.302770 -6.824056 -4.718321
7 -8.139298 -5.884058 -7.262654 -7.569292 -7.622383 -9.559765 90.715024 -7.727325 -7.488036 -5.674915 -4.177789 -7.912465 -4.423843 -7.273202
7 3.209665 -1.939923 1.506016 -0.167429 -1.704211 -1.351371 5.787922 -1.582777 -1.395907 -0.326121 -1.565471 0.523446 -0.318827 -0.675013
7 -5.799080 -9.537388 -7.225509 -8.208306 -8.550172 -8.860447 97.521594 -7.165083 -7.760077 -6.416816 -2.812566 -7.744699 -7.834047 -9.607407
7 -6.333048 -6.190254 -5.984651 -6.830502 -6.247419 -7.174107 77.731838 -5.197709 -6.535269 -5.293050 -5.242790 -6.157635 -5.817401 -4.728005
6 -1.028613 -1.104070 -1.065572 -3.076869 -2.344745 28.490532 -1.412233 -2.361714 -3.347506 -2.027280 -2.196771 -2.381890 -3.900040 -2.243228
9 -1.600170 -0.156211 0.626562 1.267582 -0.292349 -0.337510 -0.324044 -0.127509 2.564840 -1.345466 0.904721 -0.229574 -1.487667 0.536795
10 0.677222 0.093634 2.356801 -0.634779 1.110765 2.216163 0.198760 -2.877317 -2.208568 3.556159 1.375432 1.695385 -4.974577 -2.585080
8 -1.446751 1.471077 2.023158 -1.847141 0.726602 -1.133835 0.598165 6.049939 0.392261 -4.063179 -0.701194 -1.387608 0.416400 -1.097894
2 -1.969437 3.775484 -2.793370 2.274934 -0.685591 -1.186939 -0.085607 3.339444 -1.260311 -0.787842 1.848855 -1.619533 -0.057129 -0.792958
13 -0.208260 -1.059727 0.556024 0.282356 -2.856948 2.467358 -2.394718 -1.841558 -0.830382 0.601972 -3.351464 -1.894399 10.331021 0.198725
4 -8.202696 -5.518467 -6.160055 73.121527 -7.309894 -5.779687 -2.388221 -4.888748 -2.463139 -6.729052 -7.259224 -6.306482 -2.513324 -7.602540
4 -7.479751 -8.576283 -3.961634 72.201487 -6.457004 -6.754650 -5.323146 -5.994599 -5.593962 -3.092110 -5.866178 -5.087178 -2.480438 -5.534553
4 -7.272674 -7.753170 -4.243562 73.547507 -7.857853 -5.446701 -3.947338 -6.782396 -4.585080 -4.527067 -5.376650 -4.155552 -7.832016 -3.767448
11 0.044326 -0.211264 -0.381377 -1.329802 -1.478512 -0.020010 -1.913953 -0.398336 -0.719983 -1.567305 8.889197 -0.960637 0.952052 -0.904396
7 -0.706964 0.514048 -0.445808 -1.115815 0.709324 -1.247105 2.716358 0.104489 -1.854187 0.061544 1.576689 -0.664172 0.799141 -0.447541
3 -0.758720 -1.100342 5.875014 -1.149279 0.872287 0.298044 -1.011877 -1.583231 2.512856 -1.533393 0.368104 -1.005799 0.259439 -2.043105
4 -6.159338 -4.861817 -4.851865 73.778376 -6.573059 -6.124838 -3.953836 -4.368866 -7.376090 -6.460269 -2.441717 -7.935298 -6.284230 -6.387153
5 -4.056597 -3.418531 -2.295842 -2.004277 39.003379 -3.962227 -3.226976 -2.109857 -4.358124 -3.453655 -2.340508 -1.383941 -4.347340 -2.045505
13 -1.281761 0.683270 -1.077117 0.952287 -0.649887 2.889269 -0.989581 -0.674581 -0.408740 -1.382311 -1.694189 -1.490111 3.847985 1.275468
9 -0.245497 -0.630926 0.461017 0.483746 -0.103791 -0.387675 -0.338338 -0.401567 0.968811 -0.401065 -0.075545 -0.239031 0.098974 0.810888
11 -4.401668 -3.382967 -2.002109 -5.312459 -4.956942 -3.527036 -2.289679 -4.753262 -2.875557 -6.176503 50.223286 -1.449556 -3.575317 -5.520233
11 -6.975821 -3.570244 -4.939763 -3.487751 -4.919374 -4.468601 -5.255845 -4.346392 -5.191048 -5.973013 63.336895 -4.452758 -4.800870 -4.955417
11 2.804343 -1.205776 -4.230201 -0.212471 -1.215067 4.184993 -2.787833 0.251331 -4.403353 -2.858392 10.871924 1.300802 -1.461824 -1.038476
6 1.005364 -1.500464 1.571967 -3.321625 0.837835 2.909719 0.325621 -1.429505 0.350362 0.961461 -1.705061 -0.246469 -0.439855 0.680649
1 50.950393 -2.778785 -3.955906 -5.260936 -3.651809 -4.757587 -3.814866 -3.567426 -4.759109 -6.468538 -4.938550 -4.726106 -1.989260 -0.281516
13 -1.098096 -1.214377 0.531903 -0.433239 -1.652969 -0.781742 0.682301 -1.268790 -2.991541 -1.889075 -0.448228 -1.775068 11.788401 0.550519
3 1.053128 -1.639134 10.936065 1.473319 -1.184164 -2.111817 -2.610333 -2.430712 1.645776 -0.134474 -3.279092 -2.121286 -1.370070 1.772794
4 -5.502693 -5.202731 -5.602770 74.228935 -6.100687 -7.648907 -5.645087 -4.825744 -7.680768 -5.331510 -5.280916 -6.030460 -5.902191 -3.474472
4 -2.747079 -3.054899 -3.803981 73.084946 -5.966544 -4.572383 -5.298684 -5.052281 -9.001513 -7.867546 -4.300614 -5.914957 -8.889223 -6.615243
2 -2.093231 18.555791 -0.537084 0.282276 -0.127284 -1.298168 -1.662715 -3.510267 -3.713686 -2.204445 -2.623075 -1.440952 -1.568081 1.940919
3 -1.536038 -0.618960 2.862507 1.918533 -0.250671 -1.593546 -0.842233 -1.815412 -0.608055 1.612684 0.152238 0.414604 -0.585806 0.890154
1 0.000000 0.000000 0.000000 0.000000 0.000000 0.000000 0.000000 0.000000 0.000000 0.000000 0.000000 0.000000 0.000000 0.000000
2 -5.404665 19.162756 -0.838611 -0.343083 -0.642447 -0.860913 -1.037658 -1.025032 -2.708922 -1.229056 -0.057074 -2.095607 -2.235178 -0.684511
13 -0.421149 -1.518434 0.716325 0.535012 0.581671 -1.476532 -1.033909 -1.406050 -2.720314 1.247422 -1.102438 -0.640870 6.648274 0.590992
1 52.390234 -6.212273 -3.536075 -1.818714 -3.787090 -2.962944 -2.661549 -2.816569 -4.140388 -6.412757 -4.243249 -5.439534 -5.458490 -2.900603
7 -6.072670 -7.075020 -6.960489 -6.827263 -8.406882 -8.621516 95.439219 -8.821010 -8.872382 -6.535147 -3.596026 -7.220930 -7.174340 -9.255546
6 -10.176707 -7.599899 -6.735947 -6.616954 -7.855646 90.937735 -7.945807 -4.325274 -5.550370 -8.401496 -6.028653 -7.097178 -6.446611 -6.157189
4 1.230970 -2.459123 -1.737141 2.011151 -0.091706 1.049779 0.759506 0.502763 -1.597278 0.420420 0.375273 -0.238606 -1.056239 0.830232
13 -0.649625 -0.184179 -0.445800 -2.048744 2.326766 3.593881 -5.585993 -3.076856 0.033826 2.294656 1.604578 -1.795778 4.557945 -0.624679
1 53.169710 -4.005786 -4.826678 -4.668110 -4.011017 -2.868303 -4.265393 -4.256077 -4.775242 -3.606569 -3.338548 -5.002172 -5.784831 -1.760985
3 -1.364338 -0.233151 3.424209 0.018173 -0.547447 -1.205859 1.357797 -0.843893 -2.097095 0.211220 1.499588 -0.568180 -1.563041 1.912017
10 -0.054321 -0.982711 4.183831 -2.491328 -0.742697 -1.236057 -1.848714 -1.297940 1.899651 6.105830 -0.372654 -0.535203 -3.080886 0.453201
1 4.954258 0.967661 -2.358572 0.863229 0.029531 0.497861 -1.242390 -1.708490 -1.683902 -0.904137 0.048170 -0.824449 0.537685 0.823545
8 -0.410033 -1.587777 -0.127097 -1.930755 2.900846 -1.096086 -1.090802 6.383169 -0.772300 -0.256988 0.584445 -1.035989 0.327913 -1.888547
7 -6.851486 -6.403964 -4.504881 -5.490538 -5.882458 -6.928101 73.590946 -5.376437 -7.674911 -7.757134 -5.646439 -6.448870 0.904789 -5.530518
8 0.000000 0.000000 0.000000 0.000000 0.000000 0.000000 -0.050978 0.719137 -0.474645 0.000000 -0.054052 0.000000 -0.139462 0.000000
11 -0.532336 0.695371 -0.891737 -1.671275 0.331865 0.844432 -1.201391 -1.191542 -1.292419 -1.847629 8.603873 -0.716634 -1.119604 -0.010974
10 0.733934 -0.931065 -0.127989 -1.064759 -1.349275 0.148597 -2.205289 -1.177729 -1.650408 7.989482 -0.099382 0.573989 -0.706526 -0.133580
14 0.216899 0.196503 -0.380726 -2.315021 -0.203269 -0.299055 1.031728 -0.528331 1.209532 -1.548131 -1.390890 1.833113 -1.664285 3.841932
13 -1.348504 -1.812414 2.506192 -1.051904 -0.305699 -0.105294 -0.477494 -0.716178 -1.925144 -0.707256 -0.642858 -0.733879 8.186177 -0.865744
2 21.527721 31.580525 -7.239855 -5.683376 -4.597861 -2.212588 -5.432521 -4.475064 -4.634013 -5.624886 0.287648 -5.289115 -3.841721 -4.364896
6 -0.030867 0.000000 -0.553675 -0.686554 -0.716918 2.197270 -0.030327 -0.173097 0.221402 -0.201174 -0.338003 0.365193 0.672014 -0.725266
2 -0.989403 20.289729 -2.408548 -2.272467 -0.887563 -0.907777 -2.421148 0.531428 -1.337333 -2.392947 -0.967609 -3.639731 -2.131711 -0.464923
4 -1.171164 0.675421 0.247772 1.074253 0.319295 -0.126537 0.289597 -0.254462 -1.762382 0.195864 0.791550 0.192194 -1.155980 0.684577
4 -7.411404 -8.400523 -8.043961 71.252127 -9.265015 21.977778 -7.710184 -6.391864 -7.090269 -7.438002 -8.979596 -7.602765 -6.971374 -7.924947
1 86.326550 -7.230610 -6.491093 -6.520851 -6.650831 -6.781258 -6.849662 -7.105774 -5.201249 -6.647898 -5.735605 -6.582288 -7.314826 -7.214603
1 85.198554 -4.694266 -7.521091 -6.083530 -6.701345 -5.205846 -7.454366 -7.009531 -6.780922 -5.894359 -4.747684 -8.000838 -7.423487 -7.681287
1 57.498514 -4.643411 -5.178097 -5.964897 -6.204613 -4.362038 -3.708596 -3.470245 -3.392046 -3.567678 -3.510961 -3.240316 -4.052464 -6.203151
8 -3.050401 3.981245 -1.229613 -2.591589 1.247780 -2.380717 -1.545734 4.516801 3.339047 0.812575 3.780930 -4.765963 0.173828 -2.288190
4 -5.705962 -5.985271 -5.810896 78.049097 -7.533358 -5.192744 -5.888582 -6.028332 -7.194545 -5.576620 -4.922215 -6.221876 -8.362881 -3.625815
7 -0.403614 -0.949596 -0.797116 0.056114 -0.805096 -0.585191 3.487394 -0.590022 1.164423 -1.323001 -0.289302 -0.488823 0.252553 1.271275
2 -3.127150 24.846309 -1.986453 -1.743361 -3.181133 -1.403578 1.136915 -1.646801 -0.767883 -0.767491 -2.672148 -2.035251 -2.554016 -4.097959
1 6.657675 -1.929309 0.152990 0.768694 0.369191 -0.673501 -0.733110 -0.639756 -0.891707 -1.034192 0.054945 0.694251 -1.569885 -1.226287
7 1.327412 -1.554403 -1.138530 -3.306888 -1.414948 1.736937 4.893259 1.437949 -2.754338 4.835281 -0.921339 -2.194095 -0.738992 -0.207304
13 -0.172150 0.851393 -0.005601 0.448507 -2.083037 -1.910452 -0.579422 -2.140040 1.612466 -0.779126 0.712675 1.054888 1.965602 1.024299
9 -0.545542 -1.821435 0.333087 -2.186582 2.538308 2.150763 -2.477142 -1.658902 6.269156 -0.058371 -0.016125 -1.662924 0.374759 -1.239049
9 -1.888608 -1.145358 1.272059 -2.766019 0.463056 0.374306 -0.979650 1.303427 4.253250 0.757091 -0.303678 -1.795465 0.703769 -0.248182
5 -1.027045 -4.397152 3.956255 -1.761340 18.032663 1.559726 -0.451942 1.358543 -1.839413 -3.143404 -3.856989 -1.800079 -5.880383 -0.749443
4 -4.074745 -6.304935 -5.266243 75.043102 -7.496114 -5.932750 -6.093325 -4.909158 -5.726798 -7.065474 -5.319545 -5.264463 -5.616147 -5.973405
4 -7.129801 -4.304627 -4.015887 73.844247 -4.849239 -6.006711 -4.477447 -6.163679 -4.872421 -6.065834 -7.645306 -4.193692 -7.614278 -6.505327
4 -5.287691 -6.513740 -4.112195 79.653234 -7.122514 -6.401873 -8.282237 -6.427815 -7.893810 -1.968889 -5.425394 -5.195955 -9.589469 -5.431653
4 -4.299157 -3.059743 -2.743427 42.874992 -3.456506 -3.805245 -3.115442 -2.445868 -4.218259 -2.960672 -2.544290 -2.993260 -4.390206 -2.842917
4 0.922876 -3.211209 -1.677174 7.027465 -1.207661 1.495685 -4.876339 2.273173 1.146033 -0.784597 -2.696671 -0.087577 0.690808 0.985189
1 49.658149 -4.889478 -4.001290 -5.151120 -4.554491 -3.542964 -5.995990 -1.978553 -3.186253 -2.396184 -4.076577 -2.246285 -3.458117 -4.180845
7 -0.129903 -4.184643 0.775940 -1.589167 -1.169099 1.016152 6.437723 -0.446404 -1.139176 0.239677 0.489533 0.764518 -0.060385 -1.004766
8 -0.569987 -2.853798 -1.607824 1.095538 -0.653894 -0.759468 -2.162910 13.287243 -1.649111 -0.268171 -1.321481 -1.125278 0.232125 -1.642988
1 56.873813 -5.170227 -4.565534 -4.238744 -3.988738 -7.148357 -5.847323 -4.621440 -2.644772 -5.920167 -3.811565 -4.412246 0.410235 -4.914937
1 56.326226 -4.103437 -3.838720 -0.009253 -5.136003 -6.043016 -3.482499 -6.317696 -2.626084 -5.804199 -4.713643 -4.456829 -4.186223 -5.608624
3 -1.735794 -3.302163 8.571508 2.913938 -2.192714 -1.092573 0.884646 -2.251526 -0.846646 -1.670134 0.956448 0.554283 -0.011537 -0.777735
3 -1.677700 -1.261446 17.654066 -2.032233 -2.688297 -0.889552 0.017632 1.379330 -0.198105 -0.925850 -2.095349 -2.267959 -2.371755 -2.642784
1 34.956195 -3.290246 -3.607157 -2.698151 -2.134931 -2.397267 -2.578359 -2.545953 -0.256262 -3.788957 -1.442566 -4.322345 -2.676983 -3.217018
3 -2.266777 -2.253443 40.923577 -3.887218 -2.448833 -3.247451 -2.536372 -2.225392 -3.140443 -3.470864 -2.580307 -3.720338 -4.576492 -4.569647
14 0.549004 -1.646743 -1.990928 -1.516072 1.360076 0.745104 -0.296100 1.726531 -2.578656 0.865604 0.048448 0.203321 0.022283 2.508126
14 -1.831489 -4.013230 -0.300537 -0.449160 -0.594489 -0.458556 0.115695 -0.226025 -4.170371 -1.179742 -0.220309 -1.957680 -2.332013 17.617905
8 -1.543896 -0.478726 -0.937394 0.893888 -2.793887 -2.738311 4.580346 13.370375 -1.864171 1.152902 -2.631148 -2.320570 -2.233785 -2.455623
3 0.011596 -2.662619 19.195300 1.069288 -1.423401 -1.346446 -1.558535 -3.721624 -0.159924 -1.759800 -1.202790 -1.134986 -3.492607 -1.813455
6 -4.310623 -2.949652 -2.888670 -2.404573 -3.875316 38.433044 1.702779 -4.452777 -2.735177 -3.544203 -2.885735 -2.535866 -4.368224 -3.185006
13 -0.425996 -2.821069 3.566112 -3.284620 -1.678498 0.745917 -1.761233 -3.185957 1.138127 1.031904 0.296935 1.115283 4.724499 0.538595
3 -2.124427 -3.698204 30.734696 -4.400676 -3.648515 -2.059418 -2.483176 -2.946931 -1.588244 -1.586319 -1.727637 -0.088075 -3.127414 -1.255663
14 0.362099 -0.335147 0.429954 -0.430247 0.106350 -0.177058 -0.476413 -0.288086 0.699944 -0.836644 -0.403815 0.202634 0.076784 1.069644
11 -2.179298 -1.912432 -1.644764 -0.680889 0.616790 -1.919790 1.954021 0.093034 -1.292460 -1.218063 9.443748 -1.834139 -1.270659 1.844902
11 -3.159957 -0.619470 -1.689111 1.764773 -1.761459 -0.465805 -0.245961 0.327936 0.228201 0.947046 7.371653 0.923770 -1.095974 -2.525643
11 -6.097997 -6.665318 -5.165611 -3.013640 -5.060016 -6.668579 -5.638963 -4.203394 -5.572389 -5.998807 68.774794 -5.153741 -5.281955 -4.254384
11 -2.335530 0.524298 -1.614127 -0.393141 1.035263 -0.685393 -1.589363 -0.106968 -3.914198 -3.109980 15.455861 -0.778397 -1.560063 -0.928262
1 56.111768 -4.167382 -0.806522 -5.302699 -3.218642 -3.458511 -5.395749 -4.174302 -5.110532 -5.555161 -6.369489 -4.012073 -4.904158 -3.636548
5 -1.456357 -2.498464 -2.181895 -2.012190 27.725666 -1.479619 -1.724220 -3.747938 -3.898130 -0.937236 -0.935407 -3.541664 0.135376 -3.447922
4 -6.949161 -4.350843 -7.890355 79.178205 -3.940617 -4.929836 -5.674405 -5.923162 -5.334965 -5.266323 -8.509839 -4.294790 -8.421285 -7.692624
7 -6.857270 -5.284642 -6.652290 -7.079366 -6.070567 -8.147463 89.935615 -7.568712 -7.253944 -5.429474 -10.096869 -7.136738 -5.596287 -6.761996
3 1.638061 -1.961032 3.429177 -0.914435 -0.324014 2.172935 0.909664 -0.534804 0.845259 2.558528 -1.977867 0.141873 -6.657055 0.673709
5 -3.587436 0.088920 -1.649211 1.846136 22.170693 -0.719919 -1.790291 -2.167735 -2.840590 -2.366057 -2.139861 -2.062314 -3.881579 -0.900756
4 -3.567644 -5.399804 -5.794351 74.147345 -5.274102 -5.939799 -5.466237 -5.399871 -5.893658 -2.141594 -7.522817 -5.407063 -7.814414 -8.525989
6 -6.645998 -6.358191 -7.971082 -7.948660 -6.617101 90.035428 -7.000112 -6.724811 -6.406027 -6.712169 -7.688004 -6.883055 -6.700424 -6.379793
8 -2.635608 -1.850406 -0.197722 -0.393553 -0.419873 2.104082 -0.171253 6.746313 -1.219958 -1.198179 -2.155256 2.988571 0.933941 -2.531098
6 -5.381921 -4.568626 -3.602020 -4.453321 -4.236934 61.721108 -4.996823 -5.458726 -4.430540 -4.163293 -4.195769 -5.094807 -6.010017 -5.128310
6 0.294870 -1.207038 -1.260904 -0.809774 -1.103928 6.444875 -0.686775 -1.384120 3.160499 -1.622672 -1.033019 -0.016865 -1.174135 0.398990
11 2.015963 0.885269 1.499466 0.396722 -1.703920 -0.467035 1.281756 -0.428559 1.418681 -0.695925 2.250900 -1.587988 -3.277991 -1.587339
13 -0.398878 -2.427250 -0.714854 -0.388941 -1.120763 -1.452043 -2.482547 -1.875140 3.824175 -0.389447 -2.467732 -1.784425 13.696861 -2.019016
13 2.446100 0.932223 0.123091 -1.323336 -1.503959 -0.361943 -0.721340 -1.792316 -1.190605 -0.577952 0.874337 -0.438565 5.073832 -1.539567
14 -0.016934 -0.857153 -0.440626 -0.473897 0.131267 -0.144013 -0.571354 1.537714 0.013131 -0.872526 -0.233516 -0.423371 -0.019776 2.371055
9 -3.268382 -1.487865 -1.729647 -2.124011 2.769346 -0.489817 0.149445 -0.858905 8.435804 0.591266 -0.758843 -2.145496 0.769004 0.148099
1 4.850177 -3.767404 1.234496 -1.166755 -2.508534 -1.457418 0.068709 -1.543232 -0.583473 -0.548682 1.372006 4.171653 -0.590843 0.469298
4 -6.415466 -7.098640 -5.301261 72.729957 -6.746618 -5.902411 -5.398640 -3.596213 -4.113165 -6.761365 -6.260671 -5.153653 -5.958044 -4.023809
14 1.578526 -2.628511 -0.522913 -1.538288 0.239913 0.036683 -0.251941 -0.081639 -0.238340 -1.121174 -1.313070 0.747111 1.933828 3.159814
4 -4.854793 -4.981699 -5.512942 48.349886 -4.105339 2.131291 -5.387115 -6.175367 -6.727244 -3.362495 -1.631143 -3.310379 -0.163489 -4.269172
4 -7.051535 -4.803798 -8.263995 84.401423 -7.489931 -4.944861 -3.383891 -5.441872 -7.740466 -8.022962 -5.206142 -8.005862 -7.939506 -6.106601
3 -4.507520 0.022370 43.943492 -4.995899 -3.451184 -1.231979 -2.141290 -4.228192 -2.103418 -4.275552 -2.234607 -3.231571 -5.315583 -6.249069
3 3.520349 -0.288026 5.554447 1.944949 -2.805892 -0.183838 -1.852482 -0.343289 -2.509505 0.290754 -0.108721 -0.948576 -1.647234 -0.622935
2 0.393628 1.186367 -1.500291 -0.180890 -1.280071 -0.289791 -0.434287 1.092325 1.062118 -0.505070 -0.564258 0.693766 0.990673 -0.664220
6 -0.517761 -0.060359 0.086109 0.339443 0.742808 1.297916 -1.712260 -0.485074 -1.530484 1.095512 0.936503 -0.926987 -0.025507 0.760139
13 -2.213149 -0.175945 0.994799 2.163221 0.345840 -0.985701 1.438532 -0.921933 -0.989000 -2.324150 0.070507 -0.297933 2.346832 0.548080
14 -0.691912 2.323512 -1.439432 -0.298906 -0.904118 0.746821 0.132607 -0.267002 -0.614407 -0.265625 1.894047 -2.236729 -1.460098 3.081241
14 -3.046752 0.789439 0.570252 -2.380050 2.899710 1.171509 2.454188 2.645658 -4.239623 -1.576305 1.620033 -0.510840 -3.363143 2.965925
4 2.652190 -3.186211 -1.453156 3.125751 -1.162399 -0.917903 -0.577083 0.099859 -0.628886 -0.846388 -0.448470 0.483523 2.106452 0.752722
8 1.812820 -2.145388 0.846322 -1.977571 0.606631 1.133427 -1.239056 2.068838 -0.834263 0.924714 -1.466441 -2.435743 0.930129 1.775580
4 -4.801808 -7.328993 -5.163599 72.312981 -7.032567 -5.427449 -6.448759 -2.926869 -3.234283 -8.154303 -5.325300 -6.320775 -6.165017 -3.983258
4 -5.798983 -7.443664 -5.158101 74.044115 -6.230583 -6.277176 -4.931761 -4.217675 -5.951328 -5.431860 -5.803480 -5.467052 -4.830127 -6.502324
1 2.531050 0.363664 0.401784 -0.792548 -0.903908 1.061133 0.264073 0.314679 -0.549748 -0.667151 -0.616999 0.061094 -1.288280 -0.178844
12 0.758442 2.610569 0.245613 -3.508602 1.430355 0.208669 -2.735960 2.602292 -3.630502 -1.314245 -1.962098 6.166151 0.009846 -0.880531
1 27.501481 -0.875066 -0.579930 -2.014439 -5.196917 -0.695846 -3.431202 -2.904275 -1.765213 -1.923672 -2.086763 -0.967393 -3.437359 -1.623405
14 0.303076 -1.537779 0.142012 -0.879788 -1.218798 1.198788 0.407335 -1.165722 1.529734 -2.721382 -3.158968 -0.457287 0.161675 7.397103
10 2.853388 2.678080 0.786090 -1.703264 -0.363579 0.008910 -0.806874 -1.828730 -3.883615 3.229991 1.274048 0.784610 -4.091541 1.062486
4 -3.183434 -6.227785 -3.594780 45.112825 -5.055961 -3.628586 -1.623933 -3.247584 -3.732569 -2.102327 -4.394830 -1.324517 -6.043265 -0.953254
5 -2.294771 -2.027439 -2.287389 -0.491972 27.007333 -3.519670 -2.756148 -3.297124 -1.186534 -2.398802 -1.133189 -1.080669 0.278056 -4.811682
4 -5.111511 -6.912110 -7.141195 77.508158 -4.403479 -7.351992 -7.296044 -5.571545 -6.368398 -0.220050 -5.794032 -5.454503 -9.983731 -5.899570
14 -0.102244 -3.429847 -0.749431 -2.185079 -0.976603 -0.271288 -0.514934 -1.647897 -0.481031 -1.385648 -0.015259 -3.327555 -0.610748 15.697566
2 0.594597 0.756954 -0.470116 -0.429687 0.680724 0.214542 -0.091668 -0.672340 0.071964 -0.229254 -0.453650 0.078356 0.075813 -0.126235
7 -0.801479 0.151783 -0.905461 -0.973341 0.515392 0.600661 0.779352 0.506378 -0.111974 -0.031481 -0.032817 -0.113926 -0.115073 0.531988
4 -5.928151 -7.537981 -6.100728 73.933793 -7.596824 -4.193632 -2.711974 -2.885046 -5.872247 -5.230232 -6.746887 -5.495739 -6.007486 -7.626864
10 2.112220 -6.439318 3.687912 -2.637592 -2.060684 -0.112191 0.070892 -2.116038 -0.395598 7.409496 -0.891124 6.107926 -3.659769 -1.076134
14 -0.474173 -2.243236 -0.360567 -1.697711 1.235349 0.401270 -0.953231 -1.153171 -0.888573 2.574120 -0.200213 -2.104082 0.452484 5.411734
6 -6.356029 -3.202489 -3.332799 -3.246016 -4.355880 52.219871 -5.216393 -4.976911 -1.898446 -3.124252 -3.606297 -4.002332 -3.819204 -5.082820
13 -1.177381 0.486788 -0.984137 -0.827022 0.727239 1.732647 -2.138584 -1.987607 1.286958 -1.013104 -0.194397 1.258333 3.359300 -0.529033
4 -0.437280 -0.606587 -0.376305 1.286168 -0.144481 0.614848 0.472904 -1.559273 0.283032 0.249225 1.054487 -0.837930 0.546723 -0.545530
4 -8.226009 -6.296983 -6.334847 77.367979 -7.826148 -2.928001 -4.937091 -3.951119 -6.864377 -7.281173 -5.581949 -4.642301 -6.349590 -6.148392
10 -3.620258 -1.480313 -1.883426 -0.916315 -0.732132 -2.190354 -3.910386 -1.009891 0.047011 22.964419 -2.462027 -2.552128 0.865047 -3.119247
8 -0.752583 1.426703 -0.696569 -1.964124 -1.341630 -1.531828 -2.869090 11.947114 -0.767629 5.215722 -2.773859 -1.950917 -1.841209 -2.100102
8 -1.721822 -0.402324 0.762846 -0.906082 -2.527129 0.441936 -1.315430 10.203812 -0.434415 -0.518028 -1.506526 -1.719491 0.153559 -0.510907
1 50.870322 -5.568910 -2.714231 -0.004777 -2.663038 -6.958390 -4.082866 -5.267495 -1.837953 -5.767345 -3.958634 -6.934923 -2.560627 -2.551134
4 -3.518655 -0.518641 -3.538033 41.774276 -4.136496 -4.151114 -5.376275 -1.792388 -3.909998 -3.488000 -2.556599 -4.855842 -1.053551 -2.878685
5 -0.789041 -3.395404 -0.926994 -1.541351 20.923348 -2.804305 -3.270952 0.618636 -1.786025 -2.082934 -3.425110 -2.822200 3.085228 -1.782895
11 -4.454056 -0.894595 -4.659236 -1.513312 -2.071239 -5.736785 -3.927754 -4.910112 -5.182639 -2.985857 52.766118 -5.583393 -5.383892 -5.463251
14 -0.429003 0.349045 0.850718 1.406113 -0.136876 -0.905186 1.241059 -0.358655 -2.257825 -0.379468 0.686072 0.103716 -1.742179 1.572469
10 2.750762 -3.197819 0.114753 -0.745159 -0.941632 0.424727 -0.585527 0.440732 1.944615 2.782804 -2.951701 1.353936 -0.311968 -1.078525
8 -0.933396 -1.979813 -1.967953 0.815193 2.663322 1.513063 -1.008247 4.192850 1.194282 -0.502688 -0.750779 -1.105407 -1.295977 -0.834452
5 1.791657 0.086937 0.043553 1.120834 3.002368 0.048801 -1.372918 2.310005 -1.388588 -2.074434 -3.374472 0.160127 1.117468 -1.471342
4 -0.751704 -3.703654 -0.283563 6.838508 2.387458 0.862338 -2.567830 -1.102421 1.681282 -1.530225 -1.758747 -0.528275 0.876328 -0.419494
1 4.662833 0.102407 -1.029377 -1.583476 0.601275 -2.209277 0.522411 -0.654653 -0.864616 1.046139 -0.495086 -0.821161 0.386136 0.336445
4 -7.311158 -8.213458 -3.925661 75.400827 -7.026957 -5.650843 -5.942445 -3.624945 -4.543055 -6.692641 -6.290505 -5.044791 -6.276880 -4.857487
7 -3.371094 -0.362526 -3.583309 2.485349 1.216230 1.373888 2.938935 1.323817 -2.652297 -0.698445 1.922864 0.695123 -1.139338 -0.149196
13 -0.773046 2.620636 -0.807094 1.188653 -1.489164 0.575621 -2.960957 -1.637633 -0.187195 2.885323 -1.893611 -1.055461 3.002696 0.531233
1 30.225707 -6.063839 -1.478694 -2.059990 -2.498734 -2.199678 -3.257277 -4.942293 -0.773597 -0.447677 -3.068398 3.312542 -4.858230 -1.889844
6 -2.166903 -2.627906 -4.727794 -3.843883 -2.255776 39.012787 -2.890608 -2.574834 -2.598263 -4.638122 -1.088527 -4.625565 -3.095251 -1.879354
3 -1.102613 -2.710717 9.574253 -3.372435 1.111400 -0.418372 0.677793 -1.478887 -1.897265 -0.593178 -1.230262 1.866390 0.152305 -0.578412
5 0.338803 3.568008 -5.552519 -2.032823 21.115057 -3.758062 -2.484644 3.296341 -2.599494 -2.749716 -4.610331 0.308405 -0.935871 -3.903155
8 -3.510396 -2.115138 -1.770577 1.291214 -1.616236 1.081577 -2.652647 17.578801 -2.637695 -2.679102 -1.968673 0.943258 -1.815693 -0.128693
14 -0.909211 -0.596940 0.648513 -1.139680 1.118658 -1.657620 -0.116737 0.181500 -0.452780 0.773929 -0.313348 -0.146275 0.664754 1.945238
1 3.015079 1.327585 0.236962 -0.420166 -0.207221 -0.255957 0.843488 -0.162595 -2.132980 0.526060 0.944683 -0.390286 -1.993438 -1.331215
6 3.077515 -3.231727 -4.136138 0.553864 -1.942417 16.760354 -3.691957 -2.149987 0.798682 -3.062126 -2.508608 2.427520 -0.613338 -2.281637
12 -3.465720 0.401210 -1.114023 2.604010 -0.611727 0.369889 -1.633902 2.886997 -0.496092 -2.917726 -0.734831 3.732662 1.521489 -0.542237
3 -0.281886 -1.444133 16.020369 -0.413000 -1.077054 -1.013078 -0.677650 -1.469742 -1.308542 -0.811009 -2.730521 -2.221675 -1.321181 -1.250901
12 0.686260 -0.110854 0.458771 -1.138789 -0.513242 -1.015494 1.293530 -0.529312 1.343619 -0.514369 -0.549806 2.335813 -0.951880 -0.794246
14 -0.346837 0.708321 -2.188519 -0.288677 -1.875475 2.268425 -2.581174 -0.800260 0.229597 1.427565 -2.896610 1.997576 1.117688 3.228380
14 0.715228 0.058779 0.200937 -1.549552 0.813596 1.728095 -0.844877 -0.505811 -2.328810 0.003849 0.644175 -1.554786 0.497935 2.121240
11 -1.831367 -1.177461 -2.981998 -1.938193 -2.536150 -4.090299 -3.258373 -1.422018 -1.898115 -0.496636 26.279926 -1.836008 -2.854115 0.040805
13 -0.208287 0.876365 0.330606 -0.043277 -0.316661 -0.459088 -0.300433 -0.804928 -0.876642 0.901823 -0.551027 -0.687634 1.975253 0.163931
14 -0.659014 0.176775 -0.496138 -0.618870 -0.495105 -0.584010 -0.994050 -1.415914 0.590820 1.830258 0.092005 1.805338 -1.389559 2.157464
1 90.438846 -7.558258 -6.850810 -6.584751 -6.655873 -7.342674 -8.024397 -6.953900 -7.165771 -6.107881 -7.222249 -5.663517 -6.785528 -7.523237
12 0.547914 -0.385907 -1.116876 -0.994099 0.409552 -0.710854 1.355757 -2.164720 0.395746 -0.720563 -0.617224 2.762323 0.309212 0.929739
10 0.433073 -2.772460 1.972606 0.534119 -0.281356 -0.623753 -1.370971 -0.356810 -1.679032 2.180537 0.539481 1.907239 1.489576 -1.972249
3 -0.734550 -1.420487 2.991325 -1.781735 0.388621 -0.451972 0.744029 0.937275 -0.789701 -1.604758 -0.738810 0.720395 1.330207 0.410163
1 50.222103 -4.412434 -3.420881 -4.217969 -4.693784 -5.637948 -3.590990 -3.971670 -2.367296 -4.668113 -2.190625 -4.652038 -2.673776 -3.724579
1 34.277084 -4.160480 -2.287831 -3.243541 -1.111429 -0.630955 -3.866492 -1.657871 -3.149056 0.886671 -3.956762 -3.954756 -5.162580 -1.982002
2 -1.590121 2.176432 -1.720558 -1.008556 0.843315 -0.659896 0.071057 -2.106790 -1.178191 1.009166 -0.306538 1.534605 1.969866 0.966210
6 -0.390955 0.765754 -1.454964 -3.305995 -0.772174 20.631015 -2.897152 -3.214947 -2.299989 -2.776460 -1.244055 -2.577484 2.025293 -2.487887
5 -4.421258 -0.522831 -0.864474 -3.172346 19.973554 -2.711090 1.279861 3.122177 -4.795735 -0.372944 -3.065104 -3.369395 -4.151730 3.071314
6 0.650113 1.255527 -4.499223 -1.691818 -1.729830 16.590949 -3.331974 0.261430 -1.280630 -1.235742 -3.105930 -2.617679 -0.970850 1.705658
3 0.319928 -3.349813 5.286496 -0.407424 -2.390078 -1.230036 -2.752497 -1.296486 -0.621655 0.286424 2.285826 3.719138 1.352322 -1.202145
2 2.077714 3.137102 -1.628050 -1.500002 -1.281377 2.296403 1.033119 1.310575 -3.442769 -1.023696 -3.644543 2.582572 -1.628992 1.711942
3 -2.084072 -3.181121 30.734696 -4.427277 -3.679723 -2.121230 -2.667673 -2.824227 -1.823617 -1.616420 -1.543471 -0.197538 -3.377903 -1.190426
10 0.484348 -0.124780 -0.027451 -2.260324 -0.183605 1.319650 -1.127834 -2.285379 1.092505 3.731448 -0.490184 -0.677343 -1.533445 2.082393
6 0.120115 -0.528295 0.352438 1.103217 -1.239926 2.261768 -0.396366 -0.707841 -0.017516 -0.681447 -0.295263 -0.419067 0.806162 -0.357980
3 -3.838969 -0.528100 11.710333 0.123499 0.970771 -2.601822 -0.496728 -1.440326 -0.661619 1.373786 1.656468 -2.793021 -2.786740 -0.687532
10 -2.242048 0.392582 0.262620 -0.127618 -1.085653 -1.015345 -2.447473 -2.327119 -1.690332 18.544574 -2.414838 -0.032838 -4.092257 -1.724256
10 -1.634985 -3.688161 0.427171 -0.594400 3.031414 -0.098407 -0.716896 -1.890849 -2.033614 5.482821 0.774723 1.891223 -3.015041 2.065001
7 -6.176508 -6.526315 -6.422059 -6.340039 -7.132546 -6.679356 87.920066 -6.649016 -5.991964 -5.838065 -10.954583 -6.379220 -6.315153 -6.515245
11 -1.588391 -0.135120 -0.245166 1.747533 -1.439737 1.240601 0.185344 0.964929 -3.002740 -2.392579 3.162627 1.106224 0.106665 0.289809
12 -2.935593 -0.870434 0.680793 0.238164 -1.609457 -1.283945 1.273118 -1.163226 -1.534053 -0.566983 1.096466 11.356803 -4.328347 -0.353305
4 -1.171164 0.675421 0.247772 1.074253 0.319295 -0.126537 0.289597 -0.254462 -1.762382 0.195864 0.791550 0.192194 -1.155980 0.684577
11 -5.084069 -5.484497 -1.642261 -2.901315 -0.303795 -3.802927 -3.400750 -5.055686 0.163887 -4.372873 38.757306 -2.188758 -2.841122 -1.843138
11 -8.751886 -5.052493 -4.921911 -5.308439 -4.974227 -5.197023 -7.122724 -5.240915 -6.648065 -5.994380 75.387285 -5.106867 -5.920554 -5.147804
2 0.295531 4.582470 1.170899 -2.171427 0.516903 -1.330144 -0.064867 2.092180 -3.220697 -1.019967 0.728927 -1.066636 -0.820907 0.307734
3 -1.964009 -3.181121 29.166910 -4.250349 -2.780525 -2.133175 -2.381868 -2.752116 -1.706775 -1.518409 -1.772785 -0.141198 -3.378922 -1.205659
11 -1.788272 2.874456 -1.508553 -0.616189 -0.692551 -2.571260 1.651338 0.028878 -2.645662 0.280460 5.547091 -0.663286 0.578622 -0.475073
14 -2.065162 -0.042796 1.130720 -0.252147 0.355201 0.399620 0.203703 -1.970751 -3.150914 -1.105514 -0.549815 0.878479 2.719955 3.449421
11 -2.386707 0.725618 -0.690749 -1.683007 1.995049 -1.579857 0.308901 -0.516480 -2.490788 0.709123 5.633792 0.267968 0.324360 -0.617226
11 0.997544 1.297568 -2.879782 -0.287325 -0.695060 0.498824 1.655916 0.427644 -0.572615 -2.071739 1.720053 -0.878366 -0.648991 1.436329
4 -0.500585 1.967481 0.043967 3.172500 -0.657581 -0.244562 0.510733 -0.962602 -1.845578 -0.113729 0.528126 -0.385264 -0.931731 -0.581177
10 -0.297514 -1.492447 2.115751 -1.747119 -0.524742 -0.536460 0.006040 0.493933 1.010891 3.791525 2.680914 -0.454147 -2.770786 -2.275841
11 -5.221776 14.613819 -4.218493 -3.605814 -3.118309 -6.066256 -1.507495 -4.191255 -5.290635 -4.723380 36.735509 -5.149885 -5.192858 -3.063174
10 -1.104993 -0.939091 -1.203021 -1.423806 -0.324477 -0.292826 -0.066016 -1.459185 -1.066190 9.346573 -0.905622 -0.136780 1.153492 -1.578060
11 -2.726085 -2.667455 -5.105795 -1.995721 -1.103762 -2.115643 -6.462767 -3.168162 -5.867889 -1.198282 41.836776 -1.793143 -5.682794 -1.949279
11 -2.664118 -1.099379 -2.237747 -1.349728 -1.688078 -1.667439 -2.281032 -0.433044 -5.487768 -0.031846 23.233095 -1.268018 -2.078490 -0.946410
6 0.082124 -2.307592 -2.994137 2.148892 -1.625004 21.636521 -1.794537 -2.929230 -3.070465 -3.330620 -2.249493 -0.163078 -3.088654 -0.314726
13 -0.481958 -3.172485 -1.327596 -2.850582 0.007886 -0.955074 -0.319543 -1.195040 1.059958 -2.528723 -1.410120 -0.187968 13.340341 0.020903
5 -1.593996 7.425715 -3.343580 -0.891729 21.774521 -2.274585 -2.551351 -0.268836 -2.835232 -2.726084 -2.628512 -4.100162 -2.156763 -3.829406
2 -2.381069 6.415162 -2.565908 0.026453 -1.112764 0.519326 1.103265 0.832880 -4.043906 0.323563 0.208719 0.327480 -1.484698 1.831495
2 -0.439163 2.806274 -0.247334 -0.055401 -1.057598 -2.270583 0.466492 0.879500 -1.612438 0.610332 1.301220 -0.362840 -2.649316 2.630854
14 -1.032925 0.752485 -1.222632 -0.904713 0.232344 -1.710465 -0.484854 0.782941 -3.269494 -3.531282 3.255867 -1.377709 1.588604 6.921835
11 -3.090479 0.697851 -0.683721 0.489600 2.277154 -0.725963 0.771892 0.500799 -2.944086 -1.109579 2.384449 1.567593 -1.424105 1.288595
8 -4.117652 3.067804 -1.308079 3.479087 -0.064836 0.495805 0.346910 4.269092 -3.196806 2.602206 -0.164479 -2.246155 -3.025781 -0.137116
5 -1.724177 0.779229 1.490250 -2.712294 17.204693 -1.554595 -3.587987 0.011581 -2.833207 2.076074 -0.642797 -2.292439 -4.083928 -2.130403
9 0.879987 1.268192 -1.692174 -2.263801 -0.898705 -1.018019 -1.938766 2.283706 3.518420 -1.368266 1.749805 -0.312641 0.503081 -0.710818
12 0.046987 -1.017264 -1.103250 0.988397 -0.565019 -0.019651 -2.438776 -2.122781 -0.542881 1.503360 -1.417815 3.274054 0.969661 2.444980
5 -1.327992 0.398688 0.318329 -0.738030 5.190133 -1.032499 0.901862 -2.017014 -2.275129 0.246118 -0.544960 -1.240206 2.506057 -0.385358
2 -2.171312 14.940021 -0.680790 -1.063098 -0.442563 -1.471289 -0.605700 -1.068308 -2.618465 -1.763949 -0.231528 -1.204623 -1.461774 -0.156622
13 -0.403459 -1.442504 0.255507 0.418035 -1.388524 0.321763 -1.560837 -0.311608 -0.088904 -1.068751 0.497609 -1.831890 5.874157 0.729408
14 1.189707 -2.092572 -0.456817 -2.681492 -0.782651 -0.281616 2.169822 -1.970423 -1.392670 -2.466821 -3.492593 -1.971325 -0.331224 14.560676
8 -0.138810 -2.016553 -1.113528 0.721133 -1.361502 -1.255746 0.854939 2.603534 2.409763 -2.413897 -0.704627 0.746943 1.583482 0.084868
3 -2.999665 0.399959 19.159506 0.071889 -2.719077 -1.903382 -1.451779 -2.066517 -1.838228 -0.813592 0.700143 -1.377103 -4.409402 -0.752753
4 -2.634278 -1.021812 0.946517 2.111194 0.854056 0.766912 0.710219 -0.374080 -1.312751 -0.477350 0.159640 0.584107 0.756630 -1.069004
6 -0.928578 1.715822 -3.120622 -3.751483 -5.790619 38.259273 -2.694556 -2.759647 -5.992544 -6.834737 -2.019324 -3.285684 -2.550768 -0.246529
6 0.375825 -0.423231 -1.181942 -0.841693 -1.073947 4.056275 -1.235728 0.632466 -2.212938 -0.874587 0.256565 -0.005262 3.787386 -1.259188
3 0.103295 -1.232093 10.081353 -1.319850 -0.995845 1.489959 -1.861204 -0.474377 -1.262022 -1.554929 -1.084596 1.259253 -1.039082 -2.109862
1 26.759316 -2.266411 0.554717 -5.109112 -3.550847 -5.069147 0.505240 -0.856565 2.017966 -2.869629 -3.638496 -0.076754 -4.187398 -2.212878
2 -1.631158 1.363455 -1.130347 -0.432306 0.861272 0.270388 -0.054450 0.783030 -1.027151 0.306772 0.528446 -0.020655 0.426955 -0.244251
2 1.898515 3.086499 -0.997796 -0.546433 -2.076811 0.541313 0.717795 0.399043 -0.387774 -0.261693 -2.991012 -0.541796 0.844828 0.315321
6 0.869657 -0.587043 -2.840072 -0.891810 1.464495 3.274977 0.265718 0.758821 -0.148145 -0.582111 0.520704 -0.889310 0.441443 -1.657326
6 -0.789629 -2.506637 -1.947769 -0.949458 -0.349828 22.328935 -3.099295 -0.810259 -3.081574 -3.211838 -1.358039 -0.851793 -1.904338 -1.468478
3 -2.562046 -0.252424 7.015391 0.372677 -0.105758 -0.104315 -0.883044 -1.780352 -1.960473 -0.174392 0.509269 3.492750 -4.256366 0.689083
12 2.404146 -0.682931 -2.551228 -0.124460 -1.686364 5.833849 -2.321193 -1.484279 -5.117192 1.061959 -1.136835 8.678086 -2.472278 -0.401281
1 49.487598 -3.375149 -3.891294 -4.394767 -2.623947 -3.302773 -3.187293 -5.745447 -1.286693 -2.968517 -4.628979 -3.398557 -7.734852 -2.949331
14 -2.574263 1.119868 0.849436 -0.191389 -0.775836 -4.101289 -0.077640 -0.366255 0.164406 -0.360764 1.121416 -1.818124 2.006787 5.003647
13 -1.819650 -0.862393 0.408302 0.614851 0.523181 -1.128464 -0.387684 -0.635342 -0.028358 0.619867 1.244665 -0.272919 1.409133 0.314812
11 -1.458502 0.398854 -0.273149 0.872230 0.085279 0.373827 0.175973 -0.343854 -1.237862 0.686929 1.060161 0.195796 -1.220258 0.684577
12 2.372958 -2.091217 -1.988291 -0.294433 -3.631551 0.844824 1.267882 -2.857405 -1.256131 -2.992281 -2.611366 18.101496 -2.819510 -2.044975
1 25.404712 -4.179877 -1.181904 -3.302395 0.185143 -4.366170 1.626439 -4.390084 1.992428 -0.549452 -0.449755 -4.331371 -6.673723 0.216010
13 0.246742 -0.964714 -0.400153 -0.333398 -1.018281 -0.608489 0.112737 0.574252 -0.853111 0.318549 -0.759601 0.220862 4.964213 -1.499608
13 0.332372 -2.947363 -0.697338 -1.946421 -2.056253 0.001009 5.763506 -2.022317 2.158677 -0.861143 -0.169596 -2.084257 6.959858 -2.430731
11 -1.226730 -2.910258 1.599615 -1.777292 1.446463 -1.015412 1.539865 -0.022558 -3.671525 0.878722 2.362480 2.303361 -1.250474 1.743743
9 -1.821639 -0.257687 -0.584017 0.944928 -1.193283 -1.083124 0.018581 -0.058601 6.925294 -1.353724 -0.985761 0.064386 -0.984718 0.369364
3 -2.147563 -2.129960 38.766166 -3.802563 -2.223684 -3.060867 -2.361247 -2.067493 -3.148848 -3.422872 -2.333412 -3.297866 -4.298512 -4.471277
7 -8.662407 -5.417597 -6.410071 -7.631951 -6.944060 -6.438703 72.493456 -4.715391 -3.779434 -5.392941 -6.185761 -6.251704 -2.479429 -2.184009
11 -1.584352 -1.744078 -1.248120 0.218485 -1.128821 -0.456101 1.435852 0.486222 -3.768659 -2.235186 9.090499 -0.383276 0.957136 0.360399
8 -0.410115 1.932558 0.153618 -2.508262 -1.892900 -1.572392 -2.983766 12.412068 -0.592979 2.622887 -1.707282 -2.265240 -1.956162 -1.232034
9 -2.017356 -2.845635 -0.365129 0.225028 -1.141951 -2.372259 -0.021258 -1.708304 8.785248 -2.141948 -0.701922 -1.883608 3.713530 2.475565
3 0.343892 -0.515010 3.114545 -1.747803 -0.138297 -1.329227 2.012416 0.268899 -0.689347 0.176200 -1.008875 2.575442 -2.294507 -0.768328
6 -1.963118 -1.649247 -2.182311 -1.649850 -2.242915 25.169796 -2.237808 -2.003981 -1.957627 -1.647342 -2.449652 -1.422323 -2.062745 -1.700876
1 24.967869 -1.806978 0.488909 -2.818566 -2.143176 -0.923307 -0.207044 -4.662284 -0.835582 -1.792465 -3.291048 3.466700 -7.253154 -3.189874
1 4.471883 0.155174 -0.844500 -1.303076 1.444563 -1.339200 -0.642762 -0.166010 1.145500 -2.878389 0.544690 -0.727361 -0.129467 0.268956
9 -2.121222 -0.761491 -2.155365 -0.747417 -0.132661 -0.123996 -1.240210 -1.129187 13.019373 -0.457349 -2.473844 -0.103430 -0.502910 -1.070293
5 1.700109 1.185696 0.278523 0.448795 16.269622 -0.768753 -1.241238 -1.944035 -3.592498 -1.254404 -2.592775 -4.508439 -4.288643 0.308039
5 -0.708989 -2.321708 -1.551517 -0.964478 6.427851 -0.076015 -1.043075 0.865388 -0.642870 -0.779745 -1.820730 -1.416069 4.558866 -0.526908
11 -3.645414 -1.456649 1.720439 0.803045 1.204977 1.731781 -0.377371 -0.196918 -2.519605 -0.104332 3.525349 0.617923 -1.413648 0.110424
1 31.878766 -2.243473 -3.124767 -2.561469 0.472528 -5.585510 -2.044812 -1.182300 -2.197226 -2.770564 -2.629867 -2.982535 -2.416935 -2.611835
1 4.801718 1.427061 -1.011511 -2.400229 -0.703318 2.257695 -2.605332 -2.535046 0.437121 -2.911793 -0.912104 0.283768 2.647369 1.224600
12 -0.367168 -1.047617 1.287915 -0.894718 -0.738839 -0.577259 0.487676 -2.491879 0.833290 -2.290811 -0.587938 8.637166 -1.919395 -0.330422
1 6.919751 1.372349 -0.830852 -0.318713 -2.077267 3.577605 -0.966519 -2.643007 0.291299 -1.376066 -1.397802 -1.897768 0.667567 -1.320574
1 74.298557 -6.664491 -6.355630 -5.360374 -6.743518 -6.371633 -4.596253 -5.045136 -3.778640 -6.516526 -4.167430 -5.670497 -7.036635 -5.991792
1 26.015353 -2.236451 -1.117182 -2.546842 -1.746791 -1.444403 -2.643084 -1.867547 -2.343434 -1.418089 -2.616572 -2.646526 -1.670836 -1.717594
1 42.481549 -4.881840 -4.437453 -2.837947 0.552369 -3.113336 -4.004907 -5.248193 -4.501027 -2.356218 -4.079030 -3.494172 -1.652408 -2.427386
1 35.323434 -4.654915 -3.865981 -4.879489 -3.425994 -2.917352 -3.482401 -2.480174 -2.569164 -2.216577 -3.169459 -3.633738 5.141717 -3.169908
1 58.649810 -2.982518 -5.043742 -4.994516 -4.495965 -4.411577 -4.420283 -4.689252 -4.427497 -4.688460 -3.672861 -4.486479 -6.351317 -3.985343
1 49.871987 -5.368001 -4.480596 -4.970926 -5.044610 -4.297258 -2.619984 -3.023100 -3.998617 -3.648020 -3.763682 -2.898352 -2.364988 -3.393855
1 56.675274 -2.551665 -5.151749 -3.097585 -3.843354 -5.482191 -5.773273 -2.120301 -4.404295 -5.645571 -5.930503 -5.204872 -2.845866 -4.624049
1 54.060905 -7.218958 -3.240125 -3.864181 -1.347195 -5.666225 -4.742910 -6.287979 -1.248905 -2.606705 -2.352735 -6.110478 -4.714300 -4.660212
1 49.986726 -4.854647 -3.573956 -4.701207 -3.176040 -3.334955 -3.785688 -3.412798 -1.904118 -4.978265 -3.843618 -4.875477 -5.080920 -2.465037
1 39.446516 -2.677825 -1.817223 -4.905119 -4.877816 -4.052827 -1.804188 -1.377442 -3.573935 -3.049370 -3.812624 -2.740381 -0.048713 -4.709051
1 30.124317 -5.045097 -2.237096 -1.970174 -3.556430 -1.384288 -1.003367 -1.806955 -0.878253 -2.070743 -4.130437 0.514915 -2.704639 -3.851753
2 2.122875 3.552228 0.454782 0.712094 1.020340 -0.329774 -0.584249 0.615397 -2.797727 -1.478876 -0.873193 -0.871186 -2.678209 1.135498
1 34.618446 -5.264848 0.284344 -3.837149 -2.107522 -1.726691 -2.816180 -2.723845 -2.336727 -2.449424 -5.275825 -2.599214 -2.433553 -1.331812
13 0.639875 -0.070210 -0.792674 -0.887209 0.405367 0.152614 -0.782143 -0.734988 -0.656079 -0.998232 -0.544900 0.258991 2.326129 1.683458
1 56.397031 -5.061660 -5.370173 -4.494324 -1.929092 -4.883258 -5.891349 -3.541055 -0.451488 -2.483354 -5.031598 -5.179446 -8.651440 -3.428795
1 33.201553 -4.389299 -3.187061 -2.703664 -3.627659 -1.829174 -2.760810 -1.573426 -0.765078 -2.514060 -3.648031 1.060157 -2.919991 -4.343456
1 29.000082 -3.517620 -2.085479 0.806368 -1.318733 -4.326704 -1.499520 -2.486988 -2.346161 -2.639771 -1.031469 -1.309347 -4.615879 -2.628778
1 49.808188 -4.353293 -3.958581 -4.147818 -5.100041 -1.736643 -1.750678 -5.043670 -5.175518 -5.846807 -3.106695 -4.136322 -1.756978 -3.695144
1 5.844657 -2.327414 1.103889 -0.644436 -0.721464 -0.050234 -1.994692 0.774580 -0.960424 -1.229160 -0.216871 1.439219 -1.702230 0.684578
10 -0.651211 -0.681617 -0.229380 0.106989 0.420163 0.395019 0.792528 -0.615213 0.779622 1.441720 -1.299511 0.593511 -0.316813 -0.735804
10 -3.841699 0.871827 2.006416 0.436814 -0.625537 0.466691 2.790606 -0.440624 -3.935035 6.333665 2.830530 -1.768438 -4.879794 -0.245423
13 -0.943983 -0.857497 2.059603 -1.827704 -0.003479 -1.829517 -3.849179 2.643023 -3.089190 -0.260424 1.078338 1.134626 4.882977 0.862405
7 -0.587597 0.577890 -0.326892 -1.092655 -0.570372 -0.704092 1.751111 0.754696 1.618125 0.231375 -0.573219 -0.183589 -1.275170 0.380387
14 -2.313264 -1.059338 2.368470 -1.730769 -1.089886 -0.698253 -0.722905 0.208266 -1.617390 2.073180 0.861631 0.591112 0.589184 2.539962
10 -0.250876 -2.249146 0.483182 -2.110253 -0.840263 -0.348155 -0.021143 -0.339240 -2.107316 9.395649 -1.818352 -0.211117 1.109292 -0.692263
10 -1.350352 -1.247412 0.146646 -0.672444 -0.305950 -0.513935 0.615875 -0.803080 1.918581 5.279681 -0.041443 -0.987658 -0.273358 -1.765149
10 -1.250586 -2.710681 -2.227531 -3.035034 -3.540992 -2.344707 -4.050780 -3.554343 -3.078045 38.996392 -3.269477 -3.759116 -3.261708 -2.913392
1 5.196093 0.457044 -1.448079 -4.123360 -2.450485 2.709975 -1.650747 -0.087417 -3.110438 -1.794989 2.755638 -2.915999 2.250725 4.212039
10 -1.858137 -2.275479 0.153916 -0.690841 0.584193 0.893201 1.673949 -1.010327 -0.443060 1.802536 0.269312 -1.065872 1.732708 0.233901
10 -2.385878 -3.048570 -2.244398 -2.881993 -0.427770 -3.712904 -1.536216 -1.842511 -0.681819 22.946226 -2.157192 -0.265619 -1.375845 -0.385512
8 -0.298560 -3.557918 -0.455411 -1.091587 1.116798 -0.205721 -0.942959 3.052816 -0.369839 1.888808 1.138967 -0.448019 1.142215 -0.969589
13 0.861075 -2.077792 2.028056 -1.494600 0.356664 -3.132731 -1.081150 0.761597 0.510819 -0.009525 -0.342459 0.076637 3.302224 0.241185
10 -2.125096 -0.250386 1.191433 -1.202720 -0.468926 -2.519183 -0.933780 -1.023341 -1.646511 12.585829 -0.930998 -1.453154 -0.280906 -0.942261
7 -0.730245 1.791676 -1.906905 0.074495 0.552443 -0.613202 2.137438 0.396533 1.958109 -2.604712 2.109198 -2.145998 -0.854848 -0.163982
10 -0.921295 -5.099790 -2.143397 -4.224864 0.323684 -1.593699 -0.376176 0.431291 -1.873756 26.214499 -4.960782 -3.456473 -0.359118 -1.960122
10 0.095186 -1.583941 -0.388395 -0.116147 1.569553 0.100057 -1.117905 -2.044907 -0.709921 6.503302 -0.673244 0.048530 -3.647112 1.964943
10 -2.481716 -1.390218 -0.572919 5.253425 -0.204944 -0.871628 -1.802542 -2.500430 -1.507014 12.405109 -0.549693 -2.722038 -2.407630 -0.647762
2 0.354175 1.924239 -2.449814 1.417937 -2.370340 -0.508871 0.751775 1.451454 0.735367 -1.074406 -0.986018 -0.119377 1.706552 -0.832671
12 -0.951694 0.178228 0.035631 -0.930224 0.403700 0.711695 0.941979 -1.169176 -1.357476 0.944255 1.127067 1.826345 -1.824111 0.063781
6 -1.206969 1.716126 -1.637843 -0.081095 0.585432 1.754309 0.310479 0.524710 -0.625210 0.666888 -0.393152 -1.179542 -0.266055 -0.168079
2 -2.734259 23.759524 -1.674045 -2.869280 -0.157492 -3.652441 -1.788146 1.562826 -1.092052 -1.440568 -3.981408 -1.800658 -2.864990 -1.267012
2 -0.088613 2.098802 0.152691 -0.664084 -0.786606 0.419465 -0.012750 -0.825159 -0.929801 0.173775 -0.066284 1.362078 -0.738334 -0.095181
1 0.000000 0.000000 0.000000 0.000000 0.000000 0.000000 0.000000 0.000000 0.000000 0.000000 0.000000 0.000000 0.000000 0.000000
2 -2.016910 22.965648 -1.192250 -2.172531 -1.624653 -0.804947 -1.580793 -0.574502 -1.102398 -2.043569 -3.152096 -1.483998 -3.306245 -1.910756
2 -2.471676 27.849879 -2.021753 -1.748347 -0.899238 -3.322628 -1.852352 -0.672865 -3.943391 -2.902470 -2.907182 -0.989076 -2.836664 -1.282239
2 -2.383269 6.124391 -2.837704 -0.459738 0.253618 0.261819 1.455789 0.485274 -1.659220 -0.898125 2.577965 -2.113763 -0.805844 -0.001193
14 -4.789454 0.869268 1.830757 -0.027254 -0.507757 -1.394214 1.106051 -0.768576 -1.757648 2.870481 -0.081804 2.531314 -3.651663 3.770497
2 -1.186913 19.070710 -1.044778 -1.863462 -0.911933 -0.420416 -2.469454 -1.769775 -0.999887 -1.473832 -1.826353 -1.619967 -2.156376 -1.327564
2 1.400851 5.752088 -3.749261 -1.212173 -1.604350 3.796746 3.510284 1.589400 -2.820327 -1.784951 -2.374601 0.268475 -4.533405 1.761225
2 -0.000558 27.545300 -3.039152 -1.914240 -0.621556 -0.848892 -3.032138 1.296161 -3.886038 -2.727047 -3.948890 -3.194901 -3.428563 -2.199488
14 -3.101460 -3.529976 1.369292 -3.320919 1.145652 1.285061 2.014255 0.417035 2.935035 -0.942224 -2.754295 1.137224 -0.616142 3.961462
2 1.153992 15.233805 -2.396633 -0.333278 1.582820 -0.012122 -2.267060 -2.437994 -2.294367 -3.110728 -3.494934 -0.434080 0.671437 -1.860859
2 2.493238 5.686291 -2.367809 -0.783755 0.736913 -0.474658 1.180524 0.319233 -2.014002 -2.004283 0.462637 -1.879807 -0.869238 -0.485286
2 -0.973201 19.265115 -1.821675 -0.965350 -1.995368 -1.254630 -1.880520 -2.099265 0.340771 -1.081948 -2.695351 -1.492861 -2.054252 -1.291468
2 2.387217 7.247553 -1.042291 -0.958144 1.567875 0.220509 -2.146213 0.016584 -1.581232 -2.452627 -2.039718 0.676374 -1.372872 -0.523015
2 -2.537113 11.710368 -0.771949 -1.386271 3.365552 -1.362891 -0.259827 -1.408870 -4.127976 -1.943992 3.725734 -1.934773 -1.832543 -1.235450
7 -0.399626 -1.856724 -1.769561 -1.661828 -0.741850 3.448466 3.826390 3.358161 -1.132441 -2.443778 -0.781013 -2.138706 -0.035239 2.327748
6 0.173941 -0.150458 -0.142912 -2.002077 0.025763 2.961485 -1.386613 1.119560 0.201196 -1.132738 -1.125682 -0.333243 2.777505 -0.985726
7 0.442635 -3.804318 -0.326759 -0.398971 2.048983 3.100835 3.270734 0.662155 -1.397898 -2.385202 -2.491189 0.677524 0.962799 -0.361330
5 0.399708 -0.007888 -0.319057 1.432687 2.312097 0.057382 0.793695 -3.218450 -1.515448 -1.651658 -0.759688 0.534930 -0.323234 2.264926
5 -1.680548 -2.747598 -2.115903 2.158811 15.627752 -0.770526 -0.511483 -1.236510 -1.883508 -1.871485 -0.023171 -1.912260 -2.347460 -0.686110
5 -0.288974 -0.788680 0.731983 -0.164115 3.735108 -1.403689 -0.584206 -0.351349 -0.871136 -0.326620 -0.509125 -0.462037 -0.262276 1.545115
5 0.239152 -2.835985 -2.386813 -1.673173 18.406769 -0.458551 -2.525170 -1.291511 -1.208428 1.826839 -2.330026 1.576795 -5.309290 -2.030610
6 -0.641556 0.749524 1.045321 1.362316 -1.108672 2.023645 -1.723495 1.227978 -2.512096 -1.114520 -0.679481 1.880150 -1.873147 1.364032
14 -0.812661 -0.063877 -0.356324 1.025237 2.874033 -0.443244 0.323577 -0.449186 -2.392844 -0.253119 -0.663186 -0.513236 -1.372994 3.097824
5 0.292596 -3.783338 -2.512385 -0.588506 6.888747 0.926742 -1.257218 -0.266633 -2.583970 1.458214 1.335274 0.406163 -1.687453 1.371766
14 0.182817 -1.503142 -1.781862 -0.326015 0.353491 -0.767770 0.355283 2.646857 1.253567 -1.310307 -0.626987 0.088491 -1.214366 2.649941
3 -0.092011 -0.876250 3.525313 -0.463203 -0.506960 -0.640645 -0.356226 -0.513163 -0.014282 1.956084 -0.916582 -0.241155 -0.042082 -0.818838
5 -2.307860 2.515664 -0.999325 -1.362647 4.801568 1.630813 -0.633253 -0.828635 0.713914 -1.537958 1.207744 -2.557216 2.677517 -3.320325
5 -5.141371 -4.903239 -4.965725 -1.286224 55.993743 -6.528047 -5.186109 -6.146197 -4.034043 -5.318359 -0.817183 -3.120990 -2.560730 -5.985527
5 -2.720744 -3.291125 -0.958808 2.511555 16.882644 -1.904648 -0.719784 -2.125211 -1.487547 -1.731361 -4.195157 -3.211969 2.230778 0.721374
5 -2.423938 -3.038833 -3.216370 -2.931988 39.399575 -1.909520 -1.782874 -4.151449 -3.112237 -4.530492 -2.520829 -1.830992 -3.580051 -4.370001
5 -1.433505 -2.996212 -2.301978 -1.752414 19.110908 -2.802762 -1.332669 -1.176351 -0.742346 0.449389 -2.397050 -1.413342 0.880178 -2.091847
5 -1.331882 -4.543570 -3.751313 -2.282344 40.900267 -3.950197 -3.433423 -4.354018 1.503723 -3.291322 -2.977656 -5.877741 -2.261482 -4.349043
5 -2.938379 -1.531798 -1.012304 -0.895324 20.811094 -0.101293 -2.083178 -4.032927 -3.830328 -1.285687 1.394532 -2.527236 -4.716587 2.749415
5 0.583231 -1.813090 -1.765018 -2.236554 17.149359 -1.854416 0.068568 -2.280383 -2.576435 -1.505556 -2.346341 -1.652178 2.184768 -1.955955
5 -2.105491 -0.653732 -0.631210 0.717611 4.847824 1.941647 -0.257281 -0.570948 -2.266778 -0.286717 1.042465 -0.161613 -1.381389 -0.234389
11 -0.652414 -0.783955 -0.344101 -0.136312 -0.658598 -0.460678 -0.608451 -0.604797 -0.458832 -0.455669 7.208423 -0.496803 -0.899815 -0.647997
11 -1.192140 -4.939920 -2.874165 -4.562422 -3.408710 -2.532179 -6.556278 -2.819401 -5.849290 -3.740993 49.394958 -3.519056 -4.566255 -2.834149
7 0.671667 -0.826328 -1.158220 -2.485352 -0.295680 -0.628958 3.623290 -1.678617 -0.634273 0.834130 1.503118 -0.244540 -0.669084 1.988847
11 -1.595475 -1.636327 -1.445263 -0.164745 -2.075880 0.052841 -2.630457 -0.798034 -1.122766 -1.518100 17.261076 -1.686117 -0.739689 -1.901064
11 -0.701924 -1.948367 -2.011630 -1.379851 -1.347104 -0.017467 1.204348 -0.164359 -0.081733 -0.950849 8.045589 -0.994668 0.224220 0.123796
11 0.021369 0.570928 -1.048412 1.118224 0.292604 0.222285 0.724657 0.060292 -2.443934 -1.223930 4.366932 -1.050283 -2.461132 0.850400
11 0.042068 1.052451 -0.621861 0.132557 -0.817614 -0.538480 0.736768 -1.849945 -1.145536 -0.644815 8.732719 -2.461479 -1.869412 -0.747421
1 6.557213 -1.372089 0.435893 -1.874133 -2.602677 0.232307 1.074475 -1.689390 -1.250609 0.617494 0.707735 0.379027 -0.272511 -0.942737
11 1.742981 -1.162907 -1.496231 -1.848296 -1.699532 -0.522984 -0.340970 1.310119 -0.670861 -1.778802 5.925365 0.539304 0.952788 -0.949976
11 1.950882 -0.037440 2.143858 -0.489384 -0.739179 0.324298 0.148552 -1.413044 -1.996650 -0.810119 2.327585 1.335310 -3.216458 0.471788
11 -4.071374 -6.406977 -5.575005 -4.114528 -5.373137 -5.161638 -6.471742 -2.736349 -3.842328 -6.306976 62.202217 -3.769512 -4.059461 -4.313191
11 -3.588028 -1.783690 -3.680057 -2.582180 -1.529123 -1.752598 -3.540237 -1.630951 -2.131646 -2.765021 31.734962 -1.222603 -2.872390 -2.656436
11 -1.615175 -4.031795 -2.157095 -2.267115 -1.793597 -2.038223 -3.402283 -1.662732 -0.987495 -1.540431 25.474076 -1.067827 -1.178187 -1.732123
5 -0.946708 -2.275925 -1.854196 -1.529942 4.628407 -2.658125 -0.346608 0.372929 -2.360411 1.074889 3.931033 2.789785 0.089746 -0.914874
11 -1.617104 -2.048761 -1.194398 -2.410783 0.200149 -1.027895 -0.553286 -0.805774 -1.310091 -0.653349 13.886226 -0.851907 -0.490266 -1.122759
11 -3.305585 -1.591001 -1.603830 -3.191063 -3.153799 -2.759692 -5.168179 -3.295503 -3.560590 -2.481323 36.938497 -0.782495 -1.792169 -4.253267
11 -4.791733 -3.928888 -2.061873 -1.854243 -3.909044 -3.950819 -3.646035 -4.198899 -3.263244 -3.748602 44.107614 -4.333085 -1.930163 -2.490987
11 -3.897407 -3.491908 -4.047769 -2.059743 -3.458893 -3.930385 -2.286786 -1.482797 -2.639979 -4.715042 38.708795 -3.938800 -0.303021 -2.456267
11 -1.782112 -1.060624 -0.820213 -1.814244 -2.547517 -1.488374 -1.159990 -0.354475 -1.008824 -2.141901 13.096483 -0.441980 0.592900 0.930870
7 0.097620 -0.604689 0.365880 0.346991 -0.324314 0.255224 1.555718 -0.628184 1.169341 -0.502962 -0.685654 0.079843 -0.515786 -0.609030
11 -2.889948 2.006648 -1.470645 -3.548359 0.413944 -2.201205 -0.699384 -0.374394 -3.218830 -1.805050 16.731147 0.834860 -1.183713 -2.595073
1 1.706839 1.628511 -0.194177 -0.801911 -0.642253 0.331219 -1.170634 -0.819764 1.477375 0.325456 -0.066406 0.387696 -1.939641 -0.222311
4 -0.011426 -1.582774 -1.659671 5.754679 -0.978482 -0.487635 -0.588901 -2.445266 1.116030 -1.631947 0.365533 1.502215 -2.716451 3.364095
9 1.194178 2.197624 -3.253037 1.103722 -0.128616 -3.160750 1.517552 -0.437338 4.353253 0.397294 -1.197795 -1.130769 -0.332246 -1.123071
9 -0.593858 -0.839292 -2.458994 1.050155 2.321683 -0.922638 0.390661 -1.181555 2.356319 -1.016514 1.535471 0.333525 -2.212947 1.237984
12 -1.599697 -0.773106 -0.155483 0.473561 -1.071235 -1.017292 1.371118 0.315810 -2.269724 0.403582 1.186076 1.867241 -0.394482 1.663629
7 -10.158946 -7.767099 -8.210903 26.380255 -0.847436 -8.988666 73.629571 -9.286185 -10.082062 -8.466676 -9.176690 -8.634089 -9.769337 -8.621740
14 -0.369420 -0.116697 -1.211792 0.090700 -1.057218 -0.718603 -1.414557 0.163785 -0.826402 -0.228380 1.440610 0.597927 0.830934 2.819114
4 -0.588093 0.423767 1.446710 6.257509 -3.320789 -0.258406 0.065676 -2.840673 -0.002865 -2.436729 0.084856 -0.836097 1.856134 0.149000
5 -1.837489 -3.646347 -2.045005 2.316434 19.508451 -0.329123 -2.192547 -1.418584 0.443811 -1.396753 -2.937883 -0.458278 -3.173647 -2.833042
14 -1.510163 -1.649609 1.371676 1.933737 -0.112912 0.183611 -0.286264 1.224191 -1.606525 -0.759388 1.277093 -1.442109 -1.180193 2.556855
4 -1.590927 -0.421278 -0.935812 10.733867 1.014256 1.480096 2.077098 -0.057088 -3.872737 -1.691365 -1.352138 -2.726572 -1.514434 -1.142966
14 0.568814 -1.000230 -2.043254 -1.195167 -1.644762 1.368367 0.475384 1.061057 1.236874 0.146794 -0.943060 0.342725 -0.487039 2.113497
4 -1.110450 -0.514414 -4.050326 12.312412 1.214499 1.177136 -1.089976 -1.662690 -1.954810 -3.513483 -0.697608 -1.335307 -0.595917 1.820934
4 -1.826891 0.393448 -2.965180 8.906798 -0.364060 1.939754 -0.702977 -1.383424 -3.104265 1.072191 1.634508 -0.867628 -1.761606 -0.970669
2 -0.928325 3.622197 0.823541 -0.801078 0.157835 2.194414 -2.933737 0.703853 -5.200776 1.267205 3.219800 0.448343 -2.960675 0.387404
4 -0.945563 -0.793853 -0.632636 3.929950 0.365287 -0.477323 -0.335917 -1.228408 -0.311104 0.539209 -0.179824 0.583912 -0.412483 -0.101247
9 -1.413779 -0.843273 1.821059 -1.577827 0.572288 -2.200429 2.001426 -2.492454 8.914127 -1.287468 0.456013 -2.356756 -2.188001 0.595074
4 -1.880175 0.586745 -2.493086 7.764676 1.155812 0.264881 -3.417564 -2.328669 1.916423 -1.397666 -0.917017 -0.598024 1.499802 -0.156139
4 0.002949 0.329757 -0.728002 3.402114 -1.204075 0.826340 -0.131515 -0.039052 -0.276477 -1.656809 0.200385 -1.341209 1.682596 -1.067003
1 3.368405 0.099174 -1.814860 0.566482 -0.360753 -0.172610 0.319578 1.037443 -2.303243 1.374011 -1.298093 0.123176 -1.014034 0.075324
7 1.030573 -2.298840 -1.952893 -1.297251 1.124148 0.953546 1.270393 0.352312 -1.060739 0.710933 1.076267 -0.189957 0.204817 0.076692
9 1.280785 -1.816189 0.338806 0.594286 -0.322842 -1.305514 0.171161 -0.184738 2.374907 -1.342617 0.890651 -1.730501 1.298607 -0.246802
12 -1.687364 -0.551442 -0.253687 -0.883467 0.481401 0.371617 0.935384 -0.764255 2.439922 -2.084155 -0.771931 3.142476 -2.080755 1.706258
3 -1.835683 -1.558643 9.022810 -1.152347 -1.682976 -1.452133 0.808061 1.648465 -0.077011 -2.802828 -1.457342 2.097279 -1.501477 -0.056175
3 -0.249043 -0.921407 5.364513 1.106102 -0.873464 -2.841502 0.465052 -2.293906 -0.178754 1.460357 0.288171 1.467070 -2.418965 -0.374224
12 1.119518 -3.097251 -0.427886 -2.141426 0.319325 2.265070 1.863616 1.080700 -1.105476 -1.369401 1.202709 3.301533 -3.685363 0.674331
3 -4.260657 -1.518226 12.653431 -2.281177 -1.557593 -0.452375 1.577943 -1.921899 1.633889 0.835571 1.301899 -3.958308 -1.760025 -0.292472
3 0.006470 -0.199589 10.367789 -0.574726 -0.808273 -0.828089 -1.051164 -0.618129 -0.125005 -1.534889 -0.779704 -1.315415 -1.712086 -0.827190
2 1.248648 1.674075 0.232185 -0.296141 -1.078906 0.547453 -0.194609 -1.009619 -0.960083 0.989478 1.051713 -0.289037 -1.576454 -0.338701
10 0.159833 -1.946804 0.868691 0.975109 -2.315601 -3.726391 -1.926842 5.535248 1.884720 5.890638 0.684314 -1.317435 -4.454921 -0.310558
12 0.131157 -3.611086 2.137846 -1.175070 1.223248 2.012526 -2.094970 -0.800352 1.483410 -0.570323 -1.837921 3.355311 -1.428627 1.174852
3 -0.970037 -1.319715 19.424967 -0.560483 -2.048934 -0.890309 -3.154609 -1.996860 -4.419360 0.384329 1.210925 -1.036854 -3.589283 -1.033777
3 -0.755363 0.582966 6.768787 -0.031593 -1.127071 0.214652 -1.671341 -0.009390 -2.211395 0.438758 0.066977 0.491831 -1.664972 -1.092846
3 -1.161117 -2.876513 24.073397 -0.349397 -0.843067 -1.341471 -0.620989 -3.187501 -3.649281 -1.561770 -0.371110 -2.416555 -5.181633 -0.512994
8 -2.156678 0.479707 -2.103155 -0.408064 0.380149 0.595931 -0.455933 2.106098 -1.504052 -1.142287 1.334362 1.585008 -0.806509 2.095421
3 0.538431 -1.385078 10.410908 -0.705813 -0.755852 -1.941583 -0.775994 -1.178474 -1.152113 -2.276350 -0.731259 1.129209 0.186080 -1.362114
3 -2.171189 -0.502627 10.297020 -1.473640 -1.371969 0.107864 -1.340941 0.222141 3.419820 -1.384003 -0.595531 -2.084251 -1.491348 -1.631345
6 1.296740 -1.426416 -4.958793 1.325596 -1.066664 15.918036 -1.201454 -2.662941 -3.581419 -2.769594 -0.869022 1.565090 1.430070 -2.999228
6 0.241399 -0.764015 -1.082091 0.588750 -0.967102 6.011563 -1.544951 0.116939 -1.230660 0.104600 -1.212947 -1.664058 1.812119 -0.409547
6 0.537721 -3.480951 0.306002 -2.250426 1.519141 4.730809 0.635871 -0.926067 -0.668861 -0.257960 -0.181378 -0.077929 -0.251825 0.365854
6 -7.164148 -7.327331 -7.118258 -6.222877 -7.683531 92.322141 -7.737948 -7.280589 -6.211088 -7.668712 -6.931388 -7.444292 -6.624348 -6.907631
6 -0.282574 -1.581755 -2.358094 -0.782120 -0.137617 10.984952 0.203394 -1.506668 -1.844404 -0.093220 -1.391369 -0.357290 -1.002611 0.149374
6 -6.064875 -5.318457 -4.295640 -3.649685 -5.211743 67.424414 -5.655791 -5.580546 -4.889482 -4.399041 -4.484157 -5.170986 -6.434920 -6.269089
6 -0.219361 -2.467947 -4.546760 -1.638267 1.951076 15.593136 -2.975795 -0.488894 -2.997954 -2.401737 -0.914953 -2.617256 6.726586 -3.001875
6 -7.205834 -3.522597 -3.615472 -5.221395 -2.382973 57.485872 -5.441367 -3.891494 -5.096466 -3.946523 -2.218120 -3.154269 -7.336666 -4.452696
6 -7.164148 -7.327331 -7.118258 -6.222877 -7.683531 92.322141 -7.737948 -7.280589 -6.211088 -7.668712 -6.931388 -7.444292 -6.624348 -6.907631
6 -2.050308 -0.673243 -1.381574 -0.613682 1.579740 6.268477 2.183353 1.197893 -0.921507 1.045927 -1.023562 -3.268095 -1.702238 -0.641181
13 -1.885790 -2.034284 0.734201 -0.448645 -1.447234 2.532828 -0.415832 0.214347 0.597283 -0.532636 -0.882303 0.575634 3.040193 -0.047762
6 -1.577861 -3.383676 -4.518838 -4.645622 -1.754954 32.055500 -2.004198 -2.414139 -3.241873 2.060654 -1.943714 -3.402857 -3.266024 -1.962398
6 1.936709 -5.480005 -5.897174 -4.013093 -4.446429 44.817309 -3.044761 -1.815884 -2.225102 -5.122955 -4.646301 -1.362039 -4.528630 -4.171644
6 -5.342950 -5.317905 -4.138337 -3.771090 -5.629121 63.155271 -4.678401 -4.571124 -3.299396 -5.810017 -4.528169 -4.075150 -5.491981 -6.501627
6 -0.986192 -0.973038 0.880035 1.193494 1.372345 1.755407 0.287672 -0.957409 -1.738935 0.027941 0.634990 -0.162747 -1.829072 0.495510
6 -2.762155 -5.376158 -2.640815 -5.171054 2.141154 33.813420 -3.254149 -2.061781 -3.375272 -1.721426 0.754524 -5.439771 -3.500948 -1.405569
6 -0.675269 -0.437840 1.016208 -0.938878 0.361632 2.665440 0.913659 -0.433620 0.261128 -0.520069 0.012196 -0.788713 -0.824129 -0.611743
6 -1.100308 -1.668193 -0.987319 -1.804681 0.222905 16.102893 -4.170726 -1.750600 -3.594248 0.663290 -2.900361 -0.309281 -0.170953 1.467582
6 -7.164148 -7.327331 -7.118258 -6.222877 -7.683531 92.322141 -7.737948 -7.280589 -6.211088 -7.668712 -6.931388 -7.444292 -6.624348 -6.907631
2 -3.741528 3.599468 -0.211901 1.539335 0.305568 0.654630 -0.498045 2.291831 -2.067068 -1.530983 -0.482407 0.157678 -0.602377 0.585798
6 -0.843992 -4.576949 -1.289328 -1.111098 3.887454 8.750205 -2.393958 3.815466 -3.142699 -3.579917 -1.639265 -0.057613 -1.584036 3.765729
6 -7.164148 -7.434594 -6.705564 -6.346242 -7.713802 92.881243 -7.737948 -7.438722 -6.549052 -7.833439 -6.931388 -7.450550 -6.624348 -6.951443
6 -2.677540 -2.526166 1.807099 -1.284363 -1.119837 14.875808 -0.797647 -1.757144 -3.046945 -1.630099 0.138331 1.561324 -3.899427 0.356606
6 -0.694424 -3.438453 -1.054896 -1.706019 -1.829370 17.120552 -1.936459 -1.954954 -0.005607 -0.644947 -1.152509 -1.099386 0.625106 -2.228635
6 -0.851874 -1.366540 9.773520 -3.031382 -1.643571 13.769320 -2.074854 -2.533005 -0.429188 -0.554411 -1.554659 -2.620853 -4.501969 -2.380532
13 -0.547583 -1.418764 -3.198260 -0.344141 -0.105602 -3.082025 -0.671373 -1.470797 -2.067584 -1.517470 -2.605764 -1.453444 18.966389 -0.483584
13 1.274718 -0.810545 -0.978725 -0.896518 1.198255 -0.551413 0.108345 0.089405 -0.199723 -0.059819 -0.720427 -0.368544 3.095942 -1.180952
10 -2.015488 0.052925 0.112687 -1.004465 0.839074 -0.914790 -0.833851 0.694395 -2.467617 3.046590 0.423162 0.997358 -1.138954 2.208974
8 -1.149525 -0.945840 0.326822 -0.642085 -1.753021 1.333652 0.426970 1.594081 -0.086554 1.005402 0.246783 0.071935 -0.560545 0.131925
13 -0.122421 -2.765220 -0.275422 3.852181 -0.792860 -2.064970 -1.694883 -1.978919 1.553700 -0.152983 -0.028927 2.253689 4.146760 -1.929725
13 -1.511205 -0.733045 -0.364398 -1.416418 0.096213 -0.784438 -0.724430 -0.597616 -0.616782 -0.782295 -1.240174 -1.433868 11.506192 -1.397737
13 -2.094566 -2.774712 0.535153 -0.915811 -1.363817 -0.525362 1.422197 0.576679 1.880207 -0.213555 -2.225499 1.919166 3.055034 0.724887
6 0.469060 1.105354 -0.789066 -0.758628 -0.213822 1.682916 -3.727339 -1.125079 -1.057663 1.436016 0.820638 -0.109547 1.500085 0.767073
13 -0.242761 -1.582331 -0.868387 0.512130 -0.194999 -0.761793 -1.098500 -0.686011 1.980841 -0.216967 -1.599261 -0.300379 6.083284 -1.024866
13 -1.810515 0.475070 -2.249711 -0.810461 -0.563766 0.378255 -0.219388 -0.925368 -2.573382 0.032200 0.370764 -1.307638 11.312691 -2.108751
13 -0.934919 -2.173002 0.890812 0.795061 -2.022154 -2.714817 -1.344829 -2.308645 2.992113 -0.583631 -0.708697 -1.310907 11.058168 -1.634554
13 -0.841178 -0.882990 -1.883908 -0.744406 3.354535 0.611491 -1.162106 -1.165643 -0.205645 -2.558757 0.338838 -1.053689 6.970587 -0.777128
13 -1.681020 -3.121075 -0.766432 0.457459 0.935629 -0.583808 -1.753729 -2.343657 1.390728 0.042593 -1.958626 0.209796 9.666392 -0.494250
13 -0.151131 -1.627113 1.189231 -2.708659 0.651430 -0.612506 -0.588942 0.841253 1.255587 -1.476634 -1.338947 0.435946 4.741206 -0.610722
13 5.566337 -0.265499 -1.171260 -1.644669 -2.347532 -0.502865 -0.765966 -2.203184 -0.938546 -1.321340 -1.261301 -0.300557 8.354348 -1.197967
4 -2.234540 -1.404349 1.161594 6.497822 0.029517 -1.165241 -1.035934 -0.154360 -0.533226 -1.673256 -1.347943 0.016540 3.505567 -1.662191
13 -0.366156 -1.015354 0.181968 1.415621 -0.321926 1.408950 -3.267664 -1.175332 4.288163 -3.013609 -0.703194 -1.851211 6.119272 -1.699528
8 -3.184725 3.612068 -1.236628 -1.102199 -1.269386 -0.993574 -3.128107 7.491582 -2.102010 1.420195 -0.829929 -1.737323 2.386787 0.673248
13 -0.192965 -0.473734 -0.321545 -0.787793 -0.022734 -0.544036 -0.428711 0.759147 -0.340892 0.592844 -0.774062 -0.358064 2.214465 0.678078
9 0.425234 -2.017083 -0.359024 -0.850429 0.385985 -0.165581 0.710237 -1.049522 4.074842 -0.348254 0.129215 1.007625 -0.994750 -0.948497
13 -1.465570 -0.646522 -0.516679 -0.409706 -2.493406 -0.915992 0.147508 -0.876438 -0.829111 -1.382200 -1.857049 -0.290862 10.568060 0.967969
13 1.075575 2.075981 -1.651180 -2.457743 -1.000323 -1.915342 -0.688425 -1.335807 0.469680 1.721921 0.665499 0.949389 3.787690 -1.696914
13 1.173781 -2.776614 1.110800 0.914492 -0.982873 -0.912484 0.168021 1.518847 -1.235834 -1.410945 -1.998153 -1.659754 6.808139 -0.717423
13 1.394336 -1.976703 0.762980 -0.762745 -0.032342 -0.675679 -2.321772 0.494125 1.664043 -0.654861 -1.173379 -0.332740 3.325788 0.288950
13 -1.865590 1.424404 0.478093 0.232248 -1.281789 -1.220237 -1.584603 -1.564821 2.239440 -2.371448 -1.707971 0.871923 9.068371 -2.718019
13 0.495558 -1.791432 -1.873516 -1.567675 -0.043693 -1.249220 -0.613805 0.678661 -0.781624 -1.661149 1.877990 -1.054073 7.341506 0.242474
7 -5.541143 -7.473890 -5.366367 -6.413766 -6.737710 -7.379734 78.098838 -4.827851 -5.180515 -6.054293 -5.403105 -5.840724 -5.648921 -6.230820
7 -0.336561 0.797399 -0.666707 -0.990830 -0.304387 -0.702806 5.394966 -0.343205 -0.557015 -0.821335 0.747900 0.085049 -0.430077 -1.872392
7 -7.844442 -6.563003 -6.257375 -7.898822 -6.478774 -5.935505 77.413040 -7.548602 -4.545502 -6.214306 -1.714814 -5.926491 -4.767795 -5.717612
5 1.492137 1.424452 0.385413 -2.049483 3.515643 1.648244 -0.586373 1.327437 -1.991197 -1.814393 -0.847232 -1.735209 -1.563719 0.794280
7 0.292965 -1.545330 -0.823916 -4.072905 -0.653343 -1.842425 20.483259 2.885049 -3.110888 -2.336896 -3.101313 -2.475217 -2.897693 -0.801347
7 0.388510 -0.967693 0.913646 1.303082 0.762379 2.544639 4.897568 -2.545197 -0.369701 -0.898265 -3.061846 -0.204737 0.277735 -3.040120
7 -6.866101 -5.708595 -6.596844 -5.280150 -5.957865 -5.988623 80.784688 -6.359142 -6.561746 -5.585879 -6.557515 -6.759708 -6.016720 -6.545802
7 -2.836549 -1.867486 -0.583616 -1.182927 3.178797 -1.649073 5.319028 0.011267 -1.046715 -0.133204 -0.106174 0.118352 -0.361528 1.139829
7 0.345571 -2.151172 -1.956970 -1.186366 -0.758364 -0.907941 11.924176 -0.732084 -1.447926 -0.496024 -1.910519 0.283286 -0.733121 -0.272545
7 -0.624573 0.810502 -1.077331 -0.605481 -1.757757 1.751422 4.313582 -1.737488 -0.678791 -1.888557 -0.283971 -1.141549 3.431978 -0.511985
7 -6.496403 -5.687465 -6.177279 -6.434178 -4.886474 -6.707271 76.526565 -5.957934 -6.327253 -5.937036 -6.057654 -6.700067 -2.584499 -6.573053
7 -5.173297 -5.173362 -6.732815 -7.131679 -4.106002 -6.916119 73.661443 -6.870994 -6.906270 -5.535949 -5.107014 -6.509687 -6.605298 -0.892960
7 -5.917693 -6.626386 -7.237111 -8.185158 -10.436532 -5.599927 95.038230 -5.480993 -5.640458 -7.926468 -8.662925 -7.013068 -6.620071 -9.691442
7 -4.940272 -6.970560 -4.956957 -7.179234 -3.581651 -6.627779 77.080908 -6.519377 -5.757327 -7.074976 -5.178871 -6.393835 -5.565736 -6.334336
12 -0.430932 -2.515696 2.531102 -1.737337 -0.110658 1.412482 -1.254954 -1.016903 -0.230089 1.278176 -0.686618 3.901783 -1.299629 0.159271
7 -6.076003 -6.690827 -5.642056 -5.796674 -5.576446 -6.038386 78.176561 -6.871361 -4.437146 -6.863030 -6.491557 -5.812816 -6.946456 -4.933806
7 -8.132340 -7.392619 -7.063222 -6.926269 -8.454393 -7.181943 94.303517 -5.832267 -6.615048 -8.041848 -8.695852 -5.220308 -6.270700 -8.476711
7 0.322860 -2.683156 0.835754 -0.191683 -0.854191 -1.590113 8.247504 -1.342771 -0.422340 2.308472 -1.811906 -1.009159 -0.037097 -1.772176
7 -8.689836 -4.792805 -6.489477 -5.763845 -5.244254 -7.028979 80.656062 -5.226879 -7.582585 -6.206290 -5.929633 -6.267976 -5.761891 -5.671614
11 -2.750798 -4.110102 -2.114625 -2.060101 -2.075953 -1.689968 -3.163459 -1.221367 -1.821884 -2.827936 27.005928 -0.357319 -1.021565 -1.790851
7 -6.139815 -5.334722 -6.414169 -7.145238 -6.452702 -5.691181 84.944389 -6.535489 -7.946362 -6.401128 -5.931521 -6.504639 -7.572240 -6.875183
7 -4.093815 -8.088878 -5.915481 -7.049385 -4.849578 -7.745824 80.899105 -6.408999 -4.426004 -5.399823 -8.656812 -7.041986 -6.548375 -4.674148
7 -5.640518 -6.998232 -7.686269 -8.024001 -6.835071 -7.505185 87.458688 -7.318116 -6.593711 -6.989446 -6.435726 -7.375991 -4.167958 -5.888466
1 6.208910 0.800510 -3.320740 -0.716405 -0.036891 -2.099429 4.564892 -0.037393 -1.851391 -2.574787 -0.468850 -0.279046 1.738437 -1.927818
7 -6.361602 -5.792296 -4.625593 -5.867576 -6.201740 -6.455200 76.284938 -5.856973 -5.601188 -6.348996 -4.666837 -6.818009 -6.542128 -5.146803
12 -3.076906 -0.216174 2.389756 -0.665648 -0.399526 -1.322407 -1.935378 -0.971472 -1.476447 0.448868 1.439780 7.308319 -0.793387 -0.729379
13 1.887580 -2.495782 3.160420 0.827359 -3.091066 -0.426237 -1.686326 -2.954531 0.081919 -1.469722 -1.537176 2.316669 6.216643 -0.829750
12 1.873312 -0.413014 -0.939273 0.061185 -2.003171 -0.484133 0.065429 0.873773 -1.561715 -0.528453 0.717704 4.937612 -0.975478 -1.623779
12 -0.468907 -1.968726 -0.651832 -1.028409 -1.426966 0.692649 -0.349149 0.199998 0.832853 -0.065934 -1.589839 2.763535 1.617346 1.443383
12 2.033032 1.670323 -0.879121 -0.857648 -1.701245 -1.902197 -1.500668 -0.883003 -0.189582 -0.150049 -0.825358 2.599389 2.014563 0.571563
9 0.307454 -1.780361 0.835033 -0.033366 0.290107 0.452359 -0.639328 -2.096555 3.796007 -0.967391 -0.098377 0.202224 -2.083476 1.815669
3 -3.054335 1.330296 14.151328 -0.262818 0.010557 -0.716353 -0.702641 -2.633083 -2.728366 -3.004787 0.122669 -2.351222 -2.710112 2.548865
13 0.234801 -0.439079 -1.285156 -0.101236 -0.453575 -0.129592 -0.301015 2.293772 -0.483749 -0.140488 -0.854040 -0.225510 2.445593 -0.560727
12 -2.327160 -0.050882 0.608611 1.104545 -0.623925 -0.563518 0.714480 -0.720521 -0.046275 -2.054738 -1.375652 10.283148 -2.015799 -2.932313
7 2.065980 0.563036 -0.425450 1.264250 -0.112729 0.261210 2.498458 -0.725495 -2.428208 -0.867761 -0.317633 -1.439343 -1.918269 1.581953
10 0.465866 -0.047922 1.135066 -0.647412 -0.472302 -1.137745 -0.051751 0.532482 -0.665566 2.144402 -1.173923 0.926223 -0.763606 -0.243811
7 -0.379052 -1.757130 0.127752 -1.894662 2.939448 -0.216228 5.456572 -0.917526 -0.826092 0.066288 -1.352680 -1.183701 0.631474 -0.694463
12 -2.608884 -1.347161 -1.846969 -1.443326 -0.997598 -1.679021 -2.826580 -1.094759 -1.331027 -1.764886 -0.120599 17.188381 -0.389400 0.261828
12 -0.365849 -1.090380 0.384394 0.284727 -0.376126 0.120918 0.086573 -1.313168 -0.645151 0.552042 0.319041 1.936607 0.068052 0.038320
12 -2.330276 -2.127106 -1.826513 -2.145436 2.978961 -1.075830 1.548470 2.124838 -0.143846 -0.742988 -0.819805 5.191101 -1.696948 1.065379
12 0.230230 -0.367759 0.077134 -0.130045 0.129554 -0.437171 1.136076 -1.621802 -2.660424 -0.208330 -0.309168 4.360764 -0.472400 0.273341
5 -2.206680 4.518909 -7.052553 -1.098953 17.093898 -0.403272 -1.257043 2.839548 -4.420537 -3.427968 -5.203943 3.470924 -0.091574 -2.760757
3 -0.540514 -0.083923 2.917316 0.312988 0.322694 0.250134 -0.644739 -1.608394 -1.574253 0.743628 0.578128 0.599409 -2.692323 1.419848
12 -0.619140 -2.695010 0.632373 -3.141864 1.210708 0.849873 -0.877787 1.236456 -1.364098 2.406410 -0.248047 2.620939 0.179586 -0.190396
3 1.158088 1.617566 1.819005 -0.771039 -1.678182 -1.981473 -0.762506 -0.992909 -0.285557 1.285638 -0.875237 1.099579 -0.971332 1.338358
14 -0.044873 -2.378502 0.886534 -0.701780 -0.112402 -1.145893 0.481734 -0.560120 1.183741 0.223087 -2.887638 1.420867 -0.305177 3.940421
12 -4.724219 0.196969 1.791839 -1.977099 -2.096774 -1.550659 2.595631 1.887829 -2.579292 -2.928180 -0.782296 13.939274 -4.966979 1.193957
11 -1.812058 -0.665860 -0.204897 -1.397299 -1.154699 1.300811 0.902811 -0.980371 1.244918 -0.143910 4.367210 2.596643 -3.841852 -0.211446
14 -0.835504 -1.629705 -1.351832 -3.097770 -2.172293 -1.852905 -0.153610 -2.236321 -0.916969 0.340046 -2.170243 -0.716196 -3.444749 20.238051
14 0.796206 1.166860 0.502219 -1.174032 -1.735967 -0.657172 -0.824305 -1.983166 0.571192 -0.933883 -0.762418 -0.328631 0.399314 4.963783
14 -3.984472 -0.241691 -2.211139 -3.291321 -2.400053 -2.216541 -0.046757 -1.939958 -4.247295 5.635848 -0.337867 -0.315601 -1.833027 17.429876
14 -2.059991 -1.606667 -1.990440 -2.781268 -1.049879 -5.112746 -0.357405 -2.285937 3.372413 -1.114459 -0.416189 -3.529671 -0.715394 19.647632
4 -2.125604 2.749406 -0.369018 3.895172 -0.516130 -3.281820 -1.550717 0.366193 0.312179 -0.749511 -2.332529 -1.176918 2.738879 2.040417
14 -3.369046 -0.383438 -0.274098 0.922220 -0.264406 -0.203713 -0.428304 -1.643706 -3.391363 -0.468135 2.054924 0.788611 -0.133255 6.793708
2 -0.370292 2.188455 -0.050749 -1.099483 1.477095 1.005265 -2.084838 -0.492554 -0.076360 -1.703145 0.021033 -0.620598 1.057602 0.748568
14 -0.368352 -0.523575 -0.590067 -0.082156 0.958429 -1.602182 0.126437 1.468902 1.142298 -3.203440 -1.313062 1.901045 -1.759231 3.844954
14 0.629777 -0.255779 0.137856 -2.352232 -2.494559 -3.309263 -2.156119 -2.566152 -0.731592 -0.643629 -0.824728 -0.670446 0.039932 15.196935
14 -1.771625 -3.153381 -0.495118 -0.598847 -0.906930 -0.823694 -1.554646 -0.276974 -2.532463 -1.529956 -2.565477 -3.079650 -0.554705 19.843466
14 -0.822232 -0.652172 -0.633338 -1.876548 -0.500490 0.033362 0.249323 -0.208304 1.976485 -1.540078 -1.194032 0.376681 1.822926 2.968416
14 0.182035 -2.272326 1.079589 -0.225992 0.203122 -0.314209 -0.487895 -1.886829 0.117030 -1.079632 -2.123726 -0.439842 2.984417 4.264257
5 -0.974301 -0.904141 0.553723 -0.241859 2.503376 0.273550 0.687160 -2.312724 -1.079879 1.652667 -0.356706 -1.302228 -0.959604 2.460964
14 -1.249698 -2.756802 -1.395384 -2.420861 -2.288982 -1.200839 -1.115332 0.855874 0.454038 -3.259057 -1.689032 -0.637265 -1.581778 18.285120
5 -0.636385 0.358483 0.963818 1.519422 4.718955 -1.229485 0.242838 -2.167113 -2.186676 0.335019 0.745889 0.613630 -3.497616 0.219221
14 -1.124182 0.039937 -0.049866 -0.068827 -0.924616 -1.302727 0.699426 -0.973286 -1.049399 0.998382 0.103089 0.095081 -1.889342 5.446329
14 -1.149831 -1.288847 -0.403752 -0.719689 -0.723748 -0.912441 1.296900 0.051867 0.615560 -1.702247 0.113804 -1.196499 -0.874695 6.893620
14 0.838193 -1.679324 0.506603 -0.362329 -0.266657 -0.396775 -0.535253 -0.632179 0.859116 -0.713309 -0.406986 -0.324142 0.163448 2.949593
14 -2.036469 -1.619851 1.111019 -3.388056 -2.592199 -1.629158 -2.396736 -1.763078 0.499691 -1.819677 -2.534131 -1.426419 -0.229091 19.824156
14 0.200000 -0.278387 -0.583963 -2.799153 -1.036327 1.730114 -1.669830 -1.333462 -1.291353 1.096661 1.792953 -1.404057 -2.188212 7.765014
5 -0.226178 0.526645 0.531127 1.480565 1.648722 -1.900371 0.029030 -0.129076 -2.374380 0.960823 1.461120 -0.381320 -2.128160 0.501453
14 0.232841 -2.455706 -0.872602 0.145624 1.397455 0.166016 -3.097726 0.170982 0.344515 -0.951500 -1.699879 -1.520165 2.602208 5.537936
8 -3.034800 2.500769 0.051339 0.380134 1.669362 -0.533896 -0.376301 4.722208 -2.002470 -1.694920 -0.818080 -0.828707 -0.517566 0.482926
8 0.416169 -0.650259 -1.537156 -2.026962 -3.194920 0.291423 0.274392 16.975988 -0.528921 -3.820947 -2.354714 0.323630 -1.408416 -2.759305
5 1.211798 -3.037385 -1.722276 -3.847529 26.171812 -0.802488 -3.782784 -1.187411 -1.201791 -1.755517 -2.843875 -1.861933 -2.680967 -2.659654
8 -0.504467 -2.392438 -0.523162 -0.742604 -1.443301 -1.551218 -0.085182 14.240488 -0.649992 -1.482948 -2.175898 -0.978551 -1.318574 -0.392151
10 1.174785 -3.692939 1.566086 -1.824841 -1.240608 -1.091575 -1.282527 2.437611 2.563801 2.890247 -1.804812 0.263064 -0.199190 0.240897
1 3.743632 -2.021923 -1.150257 -0.549636 -1.381505 -0.328380 -1.568537 -0.876258 2.294682 -0.922803 1.027090 1.341438 0.977140 -0.584682
8 -1.313117 -0.034920 0.779111 -3.697048 -0.668929 2.247129 0.600052 8.584983 -1.003230 -1.022197 -1.457157 -1.900113 0.199308 -1.313874
8 -2.148609 -0.810345 -5.342175 -2.535590 -2.103091 -0.202690 5.720117 13.518409 -2.552593 -0.626816 -2.559772 0.784560 0.326405 -1.467812
8 -0.328363 0.814666 -1.199264 -1.031391 -0.733445 -0.470686 -3.654892 11.846527 -1.841510 -3.237226 0.402981 2.366687 -2.699970 -0.234113
1 2.437105 1.232345 -0.143707 -0.498784 -1.939883 0.429351 -0.257306 1.213137 -0.068157 -0.749999 -1.024860 1.251638 -1.900997 0.020116
6 -0.725884 1.173640 -0.330692 0.722789 0.053457 2.012338 -0.844616 1.849715 -3.860848 0.638743 1.443286 -1.041315 -1.692240 0.601628
8 -2.743878 0.972565 2.592559 -2.535660 2.442475 1.630697 -0.040795 10.298770 -2.090909 -2.326554 -2.436992 -1.897437 -4.573147 0.708306
2 -1.676807 2.609112 -3.436284 -0.314901 -0.385173 1.106932 -2.886391 0.110695 0.079913 -0.654057 -0.881280 1.507089 2.413246 2.407904
7 0.574611 -0.443782 -0.642820 -0.595228 -0.554263 1.838494 2.082263 -0.068619 0.183180 -0.270516 -0.127404 -1.002857 -0.317677 -0.655383
8 -0.820449 1.508682 -0.319445 -1.459228 -0.418380 1.137372 -1.189701 5.748101 1.383086 -1.140349 -1.674227 -0.625358 -1.526059 -0.604046
5 -1.138782 2.447517 -0.155542 1.039190 3.082297 -0.013242 -0.528779 1.081338 -1.530526 -1.443834 -2.422103 0.116194 0.392943 -0.926670
13 1.177471 -0.135375 -0.844076 -0.973047 -2.325047 0.049038 1.027602 0.082972 -0.050406 -0.841446 -0.833076 -1.102779 3.893808 0.874360
8 -0.209312 0.096146 -2.586793 -0.320284 -1.078977 -0.909756 0.061651 4.444438 2.027613 -2.583114 -0.328761 -0.425355 -0.249428 2.061932
6 1.908262 1.834849 -2.449905 -0.387550 0.704513 2.922119 -0.877309 -0.508352 -0.910388 -0.664086 0.350734 -1.645084 -0.940734 0.662930
8 -2.167253 0.419058 1.124466 -3.530826 0.294404 2.479033 2.376169 5.208645 -3.236864 1.422805 -0.854391 -1.021701 -3.036937 0.523392
8 -2.267806 1.436118 -0.322716 -0.735221 0.403774 -1.367623 -0.416588 6.306937 -1.008795 -1.454927 -0.625300 0.493394 -0.161275 -0.279972
8 -1.767625 -1.311280 1.116692 1.849488 -2.563879 2.397421 -2.834918 6.861371 -1.207012 -0.631513 -1.598764 -0.348950 0.722739 -0.683767
11 -1.455304 2.178017 -1.399522 1.259420 0.959265 0.273523 1.806890 -4.032139 -0.651256 0.466635 2.953088 0.537235 -0.851517 -2.044335
3 0.941350 -2.349244 1.372121 -0.294879 -0.026962 0.562830 -0.088341 -0.223027 0.221683 0.580266 -0.838418 0.689008 -0.366710 -0.179677
9 -0.865005 -2.854038 -0.741320 -0.217825 -0.324799 -0.515903 2.121578 0.818186 3.337753 -1.280676 -1.224771 2.400100 -1.031439 0.378158
13 0.538252 -0.116945 -0.132061 -0.535140 0.127658 0.336966 0.366280 -0.773394 0.549256 -0.638876 0.224700 -0.071673 1.115450 -0.990473
10 0.001327 -1.112978 1.147864 -1.157971 -0.170010 -2.515128 -0.669768 -1.292802 2.188344 2.901604 0.823454 0.032671 -0.224082 0.047473
9 1.327317 -3.269380 0.302543 0.363714 1.501050 0.481040 -0.440631 -1.235638 6.128884 -0.834185 -0.170737 -0.074230 -1.475791 -2.603957
13 -0.491067 -1.321061 2.067006 -1.632947 -1.067600 -2.284900 -0.519627 0.635561 1.421708 1.054972 -1.273880 -1.177868 7.541146 -2.951443
13 0.532528 -0.533328 2.024880 -2.158393 0.656484 -1.359905 -0.489882 -1.522709 0.629829 0.800525 -0.986228 1.214689 3.292004 -2.100494
6 -0.200087 -1.167582 -0.057649 -0.255433 -0.611065 1.153177 -0.232549 -0.518053 1.064878 0.032682 -0.396091 0.770209 0.018072 0.399490
9 -2.357479 0.067380 1.767021 -0.243878 0.364435 -0.092028 -0.664502 -1.402455 1.999097 -0.241064 -0.295326 0.691500 -1.337228 1.744528
9 2.157367 -2.173295 0.071931 -0.457241 -0.864293 0.383419 -0.556428 0.077916 6.726566 0.252559 -0.548443 -1.962407 -0.861954 -2.245698
9 0.260808 -1.574766 0.348301 0.224017 -0.240160 -0.361051 -0.586150 -0.785141 3.657234 -0.670851 -0.054195 -0.098895 0.601399 -0.720549
14 -1.764393 -1.330316 1.342926 -0.977148 -0.126998 0.003327 0.637751 -0.645760 2.479856 0.912356 -2.554795 0.330668 -0.812398 2.504923
9 0.827297 -2.029158 1.271138 -0.993706 1.280621 1.257086 -0.736926 1.359201 2.190522 0.298445 -1.631695 -0.643996 -1.601667 -0.847162
5 1.557639 -4.650950 0.065331 1.431917 1.759906 0.348547 -2.088313 -1.484751 1.697493 0.992005 -0.720001 0.464484 1.573353 -0.946660
14 0.709633 -0.483526 0.743083 1.356054 -1.277048 0.403564 -0.006466 -0.543621 0.714104 -0.521167 -1.593678 -1.290043 -0.812846 2.601955
1 1.830642 1.474174 -0.584722 -2.359588 1.623516 -0.853028 1.729795 -0.352497 0.410425 0.055767 -2.057155 0.550794 -0.326667 -1.141457
14 1.179118 -2.379180 0.029761 1.770424 -0.742610 -1.552086 -0.890325 -0.772354 -1.979175 1.986159 -0.420173 -0.052903 0.883579 2.939765
4 1.328553 -3.655529 -1.681762 5.813879 -1.076356 -1.113432 -1.029822 -0.266934 3.128958 -1.330754 -1.474740 0.585407 1.863308 -1.090775
9 0.983303 -1.761891 1.291303 -1.166842 -0.462982 -0.225007 -1.249955 -1.013071 1.818716 0.466524 -1.033685 -0.603209 1.153185 1.803610
