11 -11.483965 -17.476970 -11.777733 -11.362632 -9.929656 -16.000283 74.927022 -17.593210 -9.324285 -16.707868 89.895613 -10.677647 -18.057088 -14.431290
14 -0.502648 -3.129092 -0.485510 -4.601737 -0.117056 1.123687 -0.343497 7.576677 -1.455024 -0.241328 -2.442292 -1.850324 -2.760092 9.228236
9 -4.215214 -6.159595 -0.530634 0.507446 -0.713169 -3.996124 -3.342829 -4.259708 23.637806 0.045542 0.627019 -2.852492 4.784438 -3.532487
1 52.064675 -2.687795 -5.061695 -3.027140 -5.036194 -2.776093 -4.529361 -2.764336 -3.768844 -4.471514 -5.617653 -3.461324 -4.704171 -4.158553
6 3.806647 2.175895 -1.347105 3.395983 -1.134066 6.665051 -8.443430 -0.524151 -3.290701 -1.545590 2.350209 0.833293 -6.960616 4.018582
1 10.202233 -1.610512 -0.437363 -1.217195 -0.882912 -1.669918 -1.127980 -1.207108 -0.176292 -0.743981 -1.088690 2.248727 -0.967160 -1.321849
6 2.284132 -1.619766 -0.757619 0.159625 -0.968457 9.426329 -2.011595 -0.054940 -2.268315 -3.486801 -1.645541 -1.092477 2.211739 -0.176313
2 -2.538451 4.168107 2.973829 0.334364 2.911826 0.889105 0.463333 -1.952093 -1.662598 -2.784409 -1.686151 0.518386 0.347191 -1.982440
5 -8.565907 -6.402215 -9.789778 -4.039176 75.489221 -1.171697 -4.917175 -5.364773 -5.712056 -4.855956 -7.065413 -0.029822 -7.830460 -9.744792
5 0.517777 -10.894480 -3.257844 -3.164962 43.593732 1.024458 -7.996842 -5.458872 -3.837227 0.049038 -5.809593 1.121677 -7.299764 1.412900
10 4.103095 -1.928909 2.156585 -4.331155 -0.577696 1.411226 0.066490 -2.151771 -6.476816 5.084928 -2.563610 2.615899 -2.379401 4.971134
3 -2.003214 -5.363441 16.115599 2.505299 6.326432 -2.733141 -4.757145 -3.214924 -0.480889 -3.087903 -4.691235 1.532709 0.772703 -0.920849
3 3.042463 -3.800002 41.482263 -4.970982 -5.068574 -2.574768 -3.215247 -3.464749 -3.086348 -3.702388 -0.922010 -7.867496 -6.336871 0.484710
4 -4.712347 2.045138 0.125245 4.924727 1.531919 -1.149103 1.708269 0.561207 -3.920530 -1.875469 2.694666 -0.212831 -3.697176 1.976286
1 132.126050 -9.496929 -8.327652 -9.255891 -9.914249 -12.951289 -9.395584 -9.482098 -11.406591 -9.991556 -8.745292 -11.144958 -15.431527 -6.582430
11 -8.476926 -7.301177 2.948046 -1.336609 -8.503228 -7.089771 -6.794298 -4.080997 -0.110424 -8.977888 58.614849 -5.115550 0.515024 -4.291050
4 0.835910 -3.732522 0.749374 9.357095 -4.717680 3.452762 2.848943 -3.706349 0.175266 -0.431679 -3.228415 -1.481472 0.152458 -0.273691
12 -7.606583 -6.137732 4.395684 4.429294 0.943692 -1.475171 -2.291700 -7.892608 -3.639160 7.884817 -1.933101 16.153051 -5.277736 2.447255
14 1.096345 -1.207591 5.045254 -6.149992 -7.481721 -3.281280 -4.335929 -4.699186 -7.960477 0.626029 3.966276 -0.584402 -5.445568 30.412242
11 -2.645187 -6.900005 -3.445640 -8.323479 -5.053362 -4.761064 -3.483644 -0.656084 -4.322322 -6.178020 51.022366 0.868576 -3.495780 -2.626356
3 -2.971401 -5.927204 42.994751 -1.830256 -4.024982 -3.006397 -3.122288 -4.994389 0.825960 -4.124509 -2.313443 -5.600661 -2.937574 -2.967606
12 3.743451 0.954507 -0.376659 -1.121009 -0.933689 -4.019883 -2.705891 -5.358178 -2.205276 2.156598 -0.864873 5.755578 2.808370 2.166954
14 -1.828212 -4.373195 -3.188487 -1.077020 0.382597 5.161598 2.430124 -8.108739 0.312032 -2.459172 6.997430 -1.520530 -1.219973 8.491547
9 -3.971240 4.193552 1.069171 -4.076775 -0.898870 -0.748512 0.627033 -3.381598 9.942656 0.992431 1.939900 -3.073031 -2.626011 0.011294
14 -7.511555 5.633537 -3.752821 -0.414857 2.886149 -1.638231 0.615016 1.946130 -3.289871 -1.325578 -2.188852 1.156328 2.103378 5.781227
8 -6.577416 1.874650 -3.716201 2.610919 2.632562 -0.525886 0.013476 13.781422 -3.316770 -3.976027 0.376314 -2.256838 -3.321276 2.401072
14 -1.287854 0.080906 -1.547977 -2.706560 -0.941603 -1.749074 0.052575 -3.287708 1.807991 -2.214840 -2.643087 2.694412 0.688573 11.054246
2 2.218785 32.649989 -6.629326 -5.024027 -3.234278 -1.289780 -5.293239 -5.802514 -1.947122 0.551154 -3.390025 -1.965201 4.784630 -5.629045
1 84.863943 -5.856166 -7.239457 -12.260549 -8.357339 -4.474365 -7.594840 -1.959239 -9.617188 -7.646478 -2.248781 -5.665071 -10.887442 -1.057025
2 1.412448 3.587814 -3.051056 -2.471558 1.273219 1.161800 -3.939523 0.844653 -3.128599 1.979013 -0.815852 -0.525903 2.610470 1.063073
5 -2.901013 -5.663585 -2.516931 -0.883941 43.055511 -3.594214 -3.359515 -3.303945 -3.206752 -3.457782 -2.654426 -4.085316 -3.057423 -4.370669
14 2.513463 -2.726728 0.530079 -1.719967 -0.037463 1.556388 -1.051266 0.326821 -1.675222 -0.483446 1.234836 -2.928928 1.813521 2.647913
6 0.194370 -7.732295 -1.986533 -6.436347 -2.333076 22.932386 -2.468745 -1.797231 -1.758632 -3.183010 -6.009207 -0.357490 -1.799751 12.735561
5 -2.663288 4.619183 -5.113992 0.727236 9.429917 -0.390897 -5.363640 -0.122995 -5.087961 -5.690275 -3.750532 7.419803 -0.127303 6.114745
7 -5.017124 -3.290888 -8.271292 -5.292772 -4.677815 -8.638786 84.270368 -7.764925 -12.712709 -3.119878 -2.683271 -4.559606 -11.307266 -6.934030
14 -0.089616 -13.018062 -9.206136 -2.365756 -7.948684 -3.435616 -0.741158 2.146126 -9.112288 1.096771 -3.896360 2.878466 -2.084564 45.776877
2 0.444863 6.359837 -0.738710 -1.426485 1.650864 -1.747907 -0.926112 -3.301012 -1.619405 2.233204 0.119481 0.487557 0.823837 -2.360013
2 -7.388766 44.925527 -2.100144 -5.132157 -7.050367 -3.290425 -3.788096 -6.929584 -7.220675 -4.262828 10.973204 -4.085791 -7.801591 3.151696
2 -3.080248 32.576072 -0.402187 0.800061 -0.647929 -1.935336 -1.388380 -8.446186 -4.746216 -2.511661 -2.274246 -0.975573 -3.068300 -3.899869
14 4.528181 -0.517918 0.083510 0.268576 -1.750707 0.749357 -1.066878 0.618416 -5.990958 -0.923400 0.226846 -0.425926 -1.288142 5.489042
6 -2.860535 -3.329376 -3.583737 1.974588 -1.346760 6.078996 5.867663 0.539364 -3.565198 -1.763426 3.006868 -2.463308 -0.421761 1.866621
3 5.837199 -1.683048 21.844479 -1.383176 -5.836948 -8.323509 1.293715 -0.381667 -9.671030 2.625254 5.126116 -0.853934 -2.594133 -5.999318
13 -0.037557 0.317390 -2.764207 -2.276876 3.791692 -3.350225 -1.555585 -0.067483 0.645527 -0.755736 -0.165364 -0.721851 11.059400 -4.119125
3 -7.071610 -9.494620 92.039354 -6.494275 -6.678047 -7.008057 -6.338640 -6.001986 -6.518054 -6.683403 -9.684246 -5.866511 -8.367860 -5.832044
6 -8.830805 -9.265426 -0.802856 1.974302 -7.677877 35.633974 -2.584237 -1.990615 0.141786 -6.794077 -2.153576 -2.206104 8.082875 -3.527365
12 2.403369 -5.910134 0.996063 -2.274299 3.508653 -3.684018 -3.091393 -2.494580 -1.900389 5.292091 3.339352 8.132069 1.267311 -5.584097
14 -0.836954 -5.846544 2.926493 -0.516159 2.960010 3.569423 -2.989135 -2.137290 -6.408618 5.705708 -2.071008 2.598079 -3.927966 6.973961
13 -0.362798 -2.597526 -2.508059 4.977042 -0.755951 -1.170733 1.343633 -5.223642 -3.921088 0.883164 -1.841814 -1.515744 13.265285 -0.571768
11 -4.140899 11.729207 -1.714204 0.666629 -2.462656 -0.928332 -1.907149 -3.138873 -2.239828 -3.560033 15.551680 -2.000019 -3.406262 -2.449259
13 7.318267 -1.261010 -1.004384 -1.535805 0.441175 -3.095590 -4.000708 3.133808 0.983233 -4.535055 -4.856868 -0.981382 10.739385 -1.345066
14 -2.409011 -4.632671 -3.195084 -4.056720 0.850839 -1.181616 -0.817441 -6.013249 -4.185377 3.640066 -3.119692 1.834007 -1.217664 24.503615
1 3.198094 -1.284857 -0.048674 0.634573 -1.699044 1.344086 0.041915 -2.792824 -1.167890 0.287254 -1.593391 1.280765 -1.369891 3.169885
14 -1.192696 -9.953608 -1.146186 -1.952323 -3.535170 -0.052888 -7.747451 -5.529691 -1.641998 -0.456048 -3.400551 -0.549096 -6.284344 43.442054
11 -6.794322 -11.180874 -9.693937 -2.760747 -5.019900 -11.871392 -13.797731 -11.142123 -7.132631 -7.919187 96.307790 -2.048691 1.866652 -8.812906
7 0.522697 0.579533 -2.629187 1.331076 -2.653983 -0.253014 10.139184 -5.158578 -1.211387 -2.677842 -0.458883 0.346534 -2.207278 4.331126
6 -4.473811 -0.123133 -3.816477 -1.599672 -0.424373 22.562000 -1.796242 1.187094 -4.403137 -3.069972 0.294796 1.628886 -4.335799 -1.630160
4 -5.067416 -14.610932 -1.022808 82.632055 -10.455501 -7.540870 -7.424960 -2.444509 -4.152966 -5.582341 -4.597940 -5.553954 -8.550485 -5.627370
4 -6.731383 -11.697895 -5.481480 88.815022 -8.987978 -7.089994 -5.689771 -4.491999 -6.167789 -6.349004 -6.899538 -6.062368 -9.306396 -3.859424
4 -5.475798 3.404805 -7.677823 51.943491 -4.967187 -4.480893 -4.025107 1.538777 -10.279440 -4.828811 -2.664907 -7.166944 -9.229932 3.909769
7 -6.242041 0.719587 -6.592159 -6.136976 -12.631846 -3.949838 87.602313 -10.434131 -5.424919 -8.329970 -10.229251 -5.040333 -9.170980 -4.139450
7 -10.195016 -5.967511 -8.871285 -7.898646 -10.566564 -13.775953 106.494640 -10.397588 -9.605930 -6.043893 -0.973513 -10.659647 -2.734849 -8.804239
7 5.724653 -3.831484 2.706465 0.986891 -3.966740 -2.111945 10.689762 -3.421011 -3.157217 -0.393541 -3.465815 1.577433 0.045453 -1.382904
7 -7.839220 -12.083240 -7.464280 -8.863085 -10.163863 -10.849280 106.033758 -7.940572 -9.835983 -6.841153 4.517287 -8.594683 -9.452805 -10.622873
7 -7.707874 -7.393013 -6.661309 -7.428119 -7.592375 -9.095535 85.677261 -5.099194 -7.846788 -5.530168 -3.722661 -7.297232 -6.360372 -3.942615
6 -0.538363 -0.973677 -0.929703 -5.375609 -3.692505 44.353984 -3.156620 -3.661784 -5.557753 -2.960217 -3.285696 -4.031050 -6.953630 -3.237375
9 -2.789770 -0.570887 1.164420 1.901844 -0.453922 -1.111513 -1.167292 0.213907 6.239037 -3.022216 1.684383 -0.590164 -2.977274 1.479448
10 0.498427 -0.738696 4.477980 -0.244320 2.435539 5.087958 0.662498 -5.831673 -4.523634 7.754369 1.548725 4.187452 -10.564254 -4.750370
8 -2.238553 3.672111 4.684242 -3.322138 1.590050 -4.462092 0.703043 13.830655 0.473314 -9.268843 -0.721386 -3.180370 0.547066 -2.307096
2 -3.725834 9.145739 -5.433374 2.468842 -1.583036 -1.918668 -1.271916 7.917730 -1.759660 -1.639312 1.835455 -3.809013 0.879224 -1.106174
13 -2.025377 -4.592666 1.807128 1.934576 -5.491323 2.021812 -4.098932 -3.921007 -0.396567 2.274025 -7.718624 -3.591931 23.686917 0.111969
4 -10.416809 -7.201480 -7.816267 85.084969 -10.446240 -6.493281 -1.615490 -3.873050 0.623663 -9.733223 -9.598823 -7.615647 -0.146233 -10.752085
4 -9.544925 -14.170148 -2.945670 84.994163 -9.298254 -8.960987 -7.428253 -6.327911 -5.853321 -1.660083 -7.879695 -4.796337 0.061604 -6.190178
4 -9.008267 -12.059851 -4.187033 88.085066 -12.159977 -6.655700 -3.620475 -8.030001 -4.264897 -4.871746 -6.155995 -2.875697 -11.943942 -2.251481
11 -0.717675 -0.675108 -0.682857 -2.857955 -2.796629 0.306771 -2.634134 -0.266146 -1.266957 -2.848119 16.098421 -1.846333 1.855106 -1.668385
11 -1.724031 1.350715 -1.082791 -1.813923 1.440468 -2.592414 4.215783 0.319429 -4.004701 0.231899 4.503082 -1.567545 1.948367 -1.224340
3 -1.767526 -1.719204 10.557676 -1.460692 1.503720 0.475639 -2.463672 -3.219123 6.838663 -3.337810 1.003401 -2.300492 0.677303 -4.787884
4 -6.571896 -5.443891 -5.219301 87.880365 -8.845532 -8.549837 -2.721759 -3.234982 -10.073589 -9.282174 0.172787 -11.744694 -8.350590 -8.014904
5 -8.248254 -8.515874 -5.341410 -4.769779 83.341328 -7.238894 -5.779428 -4.694745 -9.249266 -7.470081 -4.800272 -3.675797 -9.535862 -4.021668
13 -2.447973 1.877388 -2.872110 1.427283 -1.468673 6.582888 -1.669976 -1.499828 -1.447867 -3.041965 -3.120070 -3.799354 8.817465 2.662792
9 -0.509940 -1.280785 1.239577 -0.441206 -0.262428 -0.720269 -0.631098 -0.572589 2.160905 -0.571418 0.046275 -0.448028 0.290971 1.700032
11 -5.783796 -4.986532 -1.805479 -7.308477 -7.936750 -5.616014 -4.578902 -8.002824 -4.200477 -10.744057 75.054536 0.479263 -5.418948 -9.151542
11 -9.707872 -5.610606 -6.638045 -4.714998 -7.460577 -7.142647 -5.649079 -6.329414 -8.472398 -10.595531 93.180309 -6.087242 -8.163423 -6.608475
11 5.547515 -1.905401 -9.270398 0.820647 -4.013416 7.871034 -5.659976 0.918102 -8.790674 -6.216158 23.458447 2.931078 -2.867297 -2.823503
6 2.095843 -3.801526 2.941042 -5.331879 1.867177 6.918973 0.473915 -3.446037 0.801691 1.952942 -3.750597 -0.585536 -1.174874 1.038866
1 77.256774 -3.060605 -6.131061 -9.458612 -5.253130 -7.312081 -7.005282 -4.619013 -7.904378 -11.313520 -7.786383 -7.570019 -2.228471 2.385781
13 -1.450572 -2.910425 1.898016 -1.087757 -3.659325 -2.536023 0.028099 -3.007180 -6.717174 -3.910080 -0.593188 -4.076079 26.615767 1.405920
3 1.209162 -3.490709 24.193681 3.549164 -2.912918 -5.085959 -4.243049 -5.548930 3.471098 -0.003548 -6.803295 -4.913306 -3.114071 3.692677
4 -6.219970 -6.534352 -6.949724 89.306451 -8.055038 -11.230163 -5.469073 -4.237205 -11.401545 -7.023932 -5.973335 -7.229331 -7.613558 -1.369224
4 -1.210758 -1.382729 -3.163456 87.133609 -8.053097 -3.565710 -5.161967 -4.119367 -14.289084 -12.135691 -4.419546 -7.386602 -14.289572 -7.956028
2 -1.830190 37.906801 -0.713171 0.290481 -0.010881 -3.892487 -4.131498 -7.177595 -7.098071 -5.116840 -6.974016 -2.787309 -3.423377 4.958157
3 -3.073714 -1.833310 6.052222 3.494492 -0.564991 -2.786035 -1.700030 -4.134419 -1.176433 3.814891 -0.235875 0.817877 -0.899693 2.225019
1 0.000000 0.000000 0.000000 0.000000 0.000000 0.000000 0.000000 0.000000 0.000000 0.000000 0.000000 0.000000 0.000000 0.000000
2 -10.007602 43.004924 -2.299190 -1.411756 -2.174247 -2.020180 -2.377420 -2.279413 -6.066223 -2.739700 -0.782768 -4.251704 -4.540638 -2.054081
13 -1.498126 -3.899429 1.601488 1.595077 1.378266 -2.915884 -1.950345 -2.963856 -5.857061 2.844358 -3.505663 -1.130659 14.740212 1.561622
1 79.881391 -10.537982 -5.405253 -1.262042 -5.886489 -1.889761 -5.880267 -3.943446 -5.853673 -11.557390 -5.163887 -9.105168 -9.943953 -3.452079
7 -8.145567 -7.067716 -6.497867 -6.868995 -10.451832 -9.657740 103.221478 -11.603752 -11.755410 -7.345431 -0.280800 -7.314400 -7.763970 -8.467992
6 -15.776348 -12.236493 -11.764806 -10.983321 -13.310517 148.035829 -10.946972 -5.752603 -8.209014 -16.221424 -9.410059 -11.851213 -11.332020 -10.241037
4 2.171693 -5.457022 -3.348996 4.009519 -0.310274 2.097056 1.364999 1.058692 -3.043063 1.084577 1.514771 -0.416901 -2.435023 1.709970
13 -2.225586 -1.100357 -1.248145 -4.033041 3.995793 8.166337 -8.092279 -6.461008 -0.334520 4.375771 2.418827 -3.421824 10.005931 -2.045899
1 80.453495 -5.209483 -8.346739 -6.707844 -5.921556 -3.465561 -5.981094 -6.443427 -7.812096 -5.581542 -4.080162 -8.123191 -11.204225 -1.576572
3 -1.722549 -0.338474 6.872676 -0.012857 -1.454538 -2.352496 2.110284 -2.031346 -4.100837 0.611087 2.441750 -1.232424 -2.991939 4.201664
10 -1.566843 -2.267287 8.974393 -4.087572 -1.739618 -1.922711 -3.642704 -2.757017 3.882065 13.737353 -0.655862 -0.967863 -7.233239 0.246906
1 8.829841 2.434445 -4.896197 1.320128 -0.188103 2.105764 -2.319196 -3.777202 -3.499117 -1.865089 0.577404 -2.103017 1.598778 1.781561
8 -0.962206 -3.166449 -0.290147 -4.244203 6.324206 -2.566301 -2.155057 13.860404 -1.631293 -0.679144 1.513380 -2.220999 0.515882 -4.298072
7 -8.263749 -7.954177 -3.765157 -6.025600 -7.007930 -8.965162 80.594676 -5.582171 -10.611579 -11.289237 -5.697793 -8.252060 8.110419 -5.290473
8 0.000000 0.000000 0.000000 0.000000 -0.035911 0.000000 -0.137602 1.598082 -1.071677 0.000000 -0.014118 0.000000 -0.338775 0.000000
11 0.597501 2.594801 -1.130116 -2.371699 2.146133 2.594646 -0.120549 -1.923371 -2.629628 -3.764906 5.783738 -0.632309 -1.677737 0.533496
10 1.159745 -2.647594 -0.134337 -1.405145 -3.671176 0.359632 -3.299023 -2.865892 -3.653725 17.665234 -0.494412 1.026767 -1.497213 -0.542862
14 1.275545 0.285542 -1.328687 -4.044606 -0.746108 -0.929072 1.623207 -1.388695 2.470681 -3.223087 -2.367321 3.832452 -3.658191 8.198339
13 -2.417859 -3.893428 5.504154 -2.599611 -0.667279 -0.497594 -1.098590 -1.863339 -4.442980 -1.512418 -1.317175 -1.718531 18.371601 -1.846951
2 24.843967 66.629226 -14.274617 -9.393808 -7.474681 -3.535107 -8.518389 -7.813112 -8.304241 -11.096542 2.667828 -9.438654 -6.920356 -7.371510
6 -1.083607 0.000000 -1.244563 -1.225223 -1.504478 4.977443 -0.031772 -0.449648 0.654068 -0.399635 -0.568409 0.827479 1.444580 -1.396234
2 -2.412338 42.259331 -4.999325 -4.967327 -2.106185 -0.517402 -4.662445 1.077877 -2.751834 -4.476184 -2.881784 -7.949244 -4.489748 -1.123391
14 -1.872116 1.419721 0.608262 1.566724 0.718058 -0.112919 0.133338 -0.340501 -3.502538 0.317246 1.242233 0.468574 -2.309862 1.663779
4 -8.267425 -11.611250 -10.150449 84.696264 -13.303664 27.793360 -7.834688 -5.459325 -7.535741 -9.843912 -12.389700 -8.249683 -8.144271 -9.699516
1 94.416893 -7.336243 -6.297787 -7.631465 -7.577098 -6.960813 -7.186356 -8.111771 -3.502635 -6.892947 -5.832484 -8.392539 -9.992879 -8.701873
1 97.923123 -2.460660 -9.002420 -8.241348 -8.152962 -3.689492 -8.287816 -7.972469 -7.913031 -5.722171 -3.318325 -11.465130 -11.078031 -10.619266
1 88.214806 -6.712415 -7.921664 -9.006251 -11.426523 -6.703804 -4.604774 -5.592696 -5.016227 -4.457203 -5.465675 -3.486997 -6.594598 -11.225976
8 -6.567018 8.938345 -3.711629 -5.690413 2.172002 -4.823032 -2.775293 10.245114 6.919829 1.993429 8.667829 -11.283104 0.318975 -4.405031
4 -6.527818 -8.431027 -7.418361 95.985647 -10.972663 -6.077716 -6.015792 -5.748965 -10.006867 -7.429333 -4.800029 -7.745876 -13.334751 -1.476445
7 -0.850071 -2.333640 -0.959651 0.613222 -1.926587 -1.504194 5.038597 -1.255476 2.765429 -2.619448 0.142566 -0.712296 0.949936 2.651615
2 -6.444749 51.691958 -4.474752 -2.406898 -7.410198 -2.133441 2.755882 -3.896983 -2.087875 -1.413264 -4.525709 -4.504578 -5.888621 -9.260772
1 9.325603 -3.681570 0.600574 1.890481 0.900006 0.462271 -0.156253 -0.839992 -1.707813 -2.133497 0.264468 1.244818 -3.601820 -2.567276
10 3.803224 -3.673807 -2.319160 -6.225179 -2.412571 3.844456 8.331573 3.350235 -5.977503 10.659129 -3.462203 -4.095515 -1.530873 -0.291808
13 -0.795677 2.333401 0.289387 0.224220 -4.784519 -4.209112 -1.361380 -4.509927 3.465946 -1.353763 1.734801 2.364563 4.402152 2.199909
9 -2.773118 -3.450542 0.391781 -4.207752 5.727833 4.582680 -3.627150 -3.828021 13.325632 0.398131 0.451684 -4.117747 0.138226 -3.011637
9 -3.728648 -3.068264 2.771956 -5.340908 0.693121 0.796694 -1.787083 2.884255 9.588127 1.843528 -1.180956 -3.595076 1.091803 -0.968549
5 -0.484049 -9.688839 6.201954 -3.598786 37.642164 3.625502 -0.361711 3.266962 -4.089068 -6.460764 -7.227917 -3.850691 -12.783001 -2.191756
4 -3.852177 -8.783422 -5.716535 90.097901 -11.251520 -7.550974 -5.923448 -4.069731 -7.106494 -10.125899 -6.035167 -5.251689 -7.213329 -7.217512
4 -8.130156 -3.484345 -3.827369 88.953961 -5.273670 -8.353286 -6.211965 -6.716101 -4.908040 -8.248074 -10.969394 -3.184452 -11.398116 -8.248989
4 -4.211993 -9.330575 -3.410683 94.203207 -10.786648 -7.939561 -9.787360 -6.321593 -11.399072 0.475069 -5.828241 -4.691225 -16.006227 -4.965096
4 -5.280946 -4.231406 -3.215492 54.210120 -4.960049 -5.216680 -3.960998 -1.767131 -6.003702 -3.776999 -2.863456 -3.264008 -6.855948 -2.813303
4 2.265392 -7.326295 -2.491006 10.681162 -2.981427 4.298398 -10.565658 4.943022 3.084125 -0.771888 -5.071001 0.366039 1.562402 2.006735
1 75.423833 -8.369318 -6.192988 -8.356006 -7.462627 -5.065369 -9.434070 -1.934943 -4.598891 -2.718134 -6.477006 -2.233773 -5.786051 -6.794654
7 0.172942 -8.630659 0.936133 -2.057463 -2.618811 2.557837 9.425276 -1.067863 -2.094686 1.135398 2.022929 1.816260 0.331852 -1.929144
8 -1.236220 -6.587091 -3.343467 2.745951 -1.919465 -1.810200 -4.008138 29.437902 -3.656519 -0.754975 -2.811019 -2.552848 0.382930 -3.886840
1 89.578671 -8.798533 -7.169113 -6.313175 -6.112417 -12.811427 -8.816260 -7.533665 -3.164993 -10.650971 -6.048886 -6.669112 2.522049 -8.012166
1 85.706537 -5.518219 -5.846062 2.436153 -8.597915 -9.463761 -3.802303 -10.934423 -2.391011 -10.451129 -6.896304 -7.656481 -6.864211 -9.720872
3 -2.581320 -6.999804 17.419824 7.204635 -4.653808 -2.314983 0.369469 -4.736057 -1.656810 -3.269111 1.279104 1.840659 0.075171 -1.976970
3 -3.153310 -2.831233 39.007783 -4.130089 -6.282575 -1.557956 -1.153908 2.832694 -0.202083 -1.817641 -4.146832 -5.082125 -5.368431 -6.114296
1 58.808825 -6.247550 -6.905753 -4.189063 -3.812060 -3.090802 -4.112720 -3.815742 0.705902 -6.752754 -1.005252 -7.881433 -5.065213 -6.636382
3 -5.069127 -4.787161 83.683350 -6.865562 -5.280511 -6.150815 -5.452921 -4.784683 -6.151529 -6.800809 -5.963906 -7.252225 -9.753282 -9.370818
14 0.754343 -4.417835 -3.943831 -1.125902 2.202849 0.854837 -0.637482 4.187668 -5.633711 2.165862 -0.946309 0.850587 0.020904 5.668018
14 -5.251659 -8.859292 -0.467967 -0.357900 -2.519099 -0.324128 -1.311727 -0.630634 -9.086487 -2.420547 0.108969 -4.521188 -5.027633 40.669293
8 -3.344798 -0.544394 -2.155230 0.522372 -6.606120 -4.767288 7.511895 29.510592 -3.073008 2.463617 -5.165287 -4.244073 -5.073871 -5.034408
3 0.077724 -6.773063 42.200479 3.063690 -2.896748 -2.511116 -3.312771 -7.948783 -0.152486 -3.481700 -3.247665 -3.136490 -7.622686 -4.258387
6 -7.199265 -5.200492 -5.313092 -3.113299 -7.650400 71.770414 -0.568892 -8.000209 -4.589193 -7.124650 -4.954616 -3.997879 -8.178379 -5.880047
13 -1.546068 -6.522010 7.424613 -5.064614 -4.148083 1.421229 -2.018383 -7.048673 2.335699 1.714317 0.484393 2.009808 10.712847 0.244926
3 -4.256258 -7.854110 61.412331 -7.705421 -7.937854 -4.035155 -5.324970 -6.179892 -2.891515 -2.995304 -4.297423 0.817288 -6.487624 -2.264090
14 0.380695 -0.698019 0.730631 -0.676044 0.184306 -0.194961 -0.942817 -0.713237 1.412224 -1.746935 -0.590295 0.472179 0.259366 2.122907
11 -4.024241 -4.099217 -3.264968 -1.231131 1.831890 -2.778735 2.728679 -0.320935 -2.790455 -2.254808 18.144358 -3.979149 -2.495977 4.534688
11 -7.028964 -1.641444 -3.453693 3.220642 -4.834381 0.109662 -1.159255 0.969607 0.239826 1.956491 16.442374 2.540033 -1.854364 -5.506532
11 -7.726189 -12.003225 -6.947789 -3.368210 -6.871888 -11.209060 -5.929930 -4.915464 -8.137954 -8.666099 95.053281 -6.936710 -7.323463 -5.017298
11 -4.253075 1.211462 -3.258988 -1.190257 2.808796 -0.380088 -2.599784 0.387146 -8.302623 -6.682386 27.570760 -0.968444 -2.857645 -1.484875
1 83.151461 -5.148319 1.007897 -7.778698 -3.584025 -5.753652 -7.683398 -6.591627 -8.852947 -9.378820 -9.361483 -5.846845 -8.944525 -5.235016
5 -3.400784 -5.073007 -4.636876 -3.850375 57.872813 -1.943927 -3.238311 -8.760388 -8.338115 -2.123192 -1.334422 -7.949078 0.557834 -7.782172
4 -8.343835 -5.259245 -10.466290 97.703597 -4.169429 -4.196658 -6.393546 -6.901731 -5.581434 -6.071636 -13.129323 -3.144751 -13.304977 -10.740740
7 -7.635022 -4.543021 -7.383100 -8.837284 -7.008971 -10.548091 100.496714 -9.467862 -8.913661 -5.318312 -9.116985 -8.925825 -4.709175 -8.089400
3 4.283031 -4.781334 6.706673 -0.492268 -1.182739 4.969318 1.458900 -1.479150 2.179092 5.420236 -3.760697 0.417558 -14.798910 1.060290
5 -6.283567 -0.281104 -3.891836 4.002387 47.685576 -2.113607 -4.322760 -4.676129 -5.648591 -5.205104 -4.571453 -4.394718 -8.103937 -2.195154
4 -3.326963 -7.581329 -6.539826 89.596401 -6.398927 -7.886886 -5.236879 -4.744452 -6.981828 0.505847 -10.970624 -5.331160 -12.387539 -12.715832
6 -6.406877 -5.252765 -11.832971 -12.019170 -7.177833 105.064793 -5.989648 -5.988941 -3.998520 -9.771379 -12.138116 -7.343892 -11.075991 -6.068691
8 -5.355258 -4.742979 -0.488196 -0.220288 -1.042517 4.608236 -0.479090 15.515440 -2.514345 -2.603994 -5.064772 5.985813 1.996279 -5.594329
6 -7.368201 -6.551892 -5.097145 -6.359064 -5.717542 88.229881 -6.569653 -8.356038 -5.901594 -5.836183 -6.000783 -6.457461 -10.024571 -7.989754
6 1.088920 -2.806093 -2.736087 -1.301334 -2.614742 13.356102 -1.132192 -2.985499 6.617635 -3.260031 -2.468091 -0.129847 -2.548360 0.919621
11 3.730610 2.248832 3.139533 1.587499 -3.899335 -0.534662 2.208856 -1.022983 3.143018 -1.468539 5.492016 -3.707916 -7.088074 -3.828855
13 -2.105961 -6.026983 -1.782192 -0.107083 -2.710659 -2.939304 -5.069465 -4.304517 8.782938 -0.809539 -5.137246 -3.729938 30.673930 -4.733981
13 3.983191 2.166859 0.181244 -2.531129 -3.432354 -0.746826 -0.743647 -3.534464 -2.662629 -1.191137 2.186502 -0.934183 11.001180 -3.742607
14 -0.040187 -1.930165 -1.044320 -0.779696 0.049640 -0.150742 -1.137887 3.346020 -0.018716 -1.774225 -0.487777 -1.115447 -0.116246 5.199746
9 -6.407909 -3.686066 -4.087359 -3.938915 6.046967 -0.787172 0.362720 -1.998784 18.194391 1.420143 -1.916670 -4.712621 1.551157 -0.039880
12 8.174614 -8.739355 2.639332 -0.670007 -5.119981 -3.360568 -0.369419 -3.466007 -1.150283 -0.562471 2.535121 10.456655 -1.094661 0.727028
4 -8.340968 -10.713123 -6.096134 86.966713 -9.628927 -7.376107 -6.555472 -1.457931 -3.242437 -9.834854 -8.022168 -5.365984 -7.750812 -2.581792
14 1.555557 -6.750155 -1.296649 -2.737369 0.263737 0.537896 0.454988 0.316436 -0.532853 -2.301875 -2.777459 1.953801 3.959134 7.354811
4 -5.993469 -8.015021 -8.514865 61.714199 -6.831552 1.737080 -7.588624 -7.276217 -11.752036 -3.891841 -0.291826 -2.247265 3.741314 -4.789878
4 -8.227325 -5.661663 -10.697316 102.406493 -11.311069 -4.884122 -3.283118 -3.182488 -10.290632 -12.151519 -4.643551 -10.397375 -12.072982 -5.603330
3 -8.043167 1.582893 87.017079 -8.716624 -6.387351 -2.940075 -4.913868 -7.850303 -4.145526 -8.203516 -6.285776 -6.294401 -11.567886 -13.251477
3 7.726337 -0.848859 12.735210 1.767681 -5.925016 -0.525186 -3.466836 -0.584735 -4.510359 0.904453 -0.957156 -1.911496 -3.553464 -0.850576
9 -0.943653 2.853307 -3.627578 -0.241068 -2.310195 -0.082733 -1.040941 2.376013 2.884656 -0.965197 -0.887413 1.332965 2.228923 -1.577088
6 -0.511910 -0.360091 0.037757 1.520857 1.206310 3.173540 -3.186218 -1.230562 -3.473438 2.864013 0.966235 -2.186713 -0.029719 1.209940
13 -3.950518 -0.209007 1.844863 3.842499 1.328765 -1.722604 0.999435 -1.756412 -2.121949 -5.061738 0.474658 -0.713927 5.539518 1.506419
14 -0.776983 4.464128 -3.010545 -1.518721 -2.063673 2.553280 -0.248788 -0.863460 -0.454646 -0.403708 2.654700 -4.672040 -2.613751 6.954208
14 -6.325205 1.704077 0.289230 -5.671380 6.220407 3.424614 5.233307 6.884451 -9.539500 -3.938921 3.331337 -1.276021 -7.552897 7.216501
4 3.355460 -7.328034 -2.472811 6.051589 -1.437029 -2.423682 -0.410364 0.533422 -0.593642 -1.208162 -1.440025 1.130864 4.520454 1.721959
8 2.590317 -4.461304 1.943004 -3.718027 1.406648 -0.029209 -0.600481 4.851007 -1.825568 2.312359 -3.227877 -5.106917 1.971492 3.894558
4 -3.860170 -10.799067 -6.083474 85.544135 -11.537673 -7.789356 -7.749598 0.192218 -1.253530 -12.691658 -4.791437 -8.154669 -8.434100 -2.591617
4 -6.224123 -11.811272 -5.889183 88.721895 -8.620810 -8.305925 -4.223685 -2.452257 -7.118677 -7.154764 -7.286679 -5.993448 -5.443562 -8.197508
1 5.079114 1.184555 1.157382 -1.392589 -1.716206 1.330217 -0.693292 0.683592 -1.156887 -1.160122 -0.714583 0.318672 -2.686574 -0.233279
12 0.715151 5.810635 0.042240 -6.941462 2.822456 -0.998801 -4.129517 5.951896 -8.641296 -3.246456 -3.160620 14.350943 -0.237484 -2.337687
1 60.888555 -2.303393 -1.576772 -5.174693 -11.565512 -2.396229 -6.380558 -6.110591 -3.611531 -4.579024 -3.985856 -2.415123 -7.393382 -3.395890
14 0.775547 -3.047244 0.539777 -2.483868 -3.106297 3.432405 0.294989 -2.525138 3.414576 -6.030182 -6.660343 -1.079310 0.328247 16.146842
2 3.468983 6.619899 1.450598 -2.361873 -1.426341 1.123699 0.171565 -4.444057 -8.335707 6.611080 2.921498 1.353992 -9.108878 1.955542
4 -3.714765 -11.634087 -5.276329 58.345482 -8.708737 -3.943611 -2.007753 -3.362391 -4.117999 -1.915027 -5.668965 0.776082 -10.424412 1.652514
5 -5.017298 -3.987547 -5.048664 -1.485828 57.534182 -7.809720 -5.477326 -7.226059 -2.682636 -5.243699 -1.333740 -1.969388 0.508459 -10.760737
4 -4.447112 -10.012635 -8.941975 91.705766 -4.112698 -11.398249 -9.138374 -4.359845 -8.133100 5.301897 -7.541541 -5.979082 -16.580912 -6.362140
14 0.074054 -7.663954 -1.969228 -3.908134 -2.189720 0.064461 -1.891449 -3.750242 -1.183267 -3.166161 -0.143803 -7.682804 -1.162527 34.572775
2 -0.043448 1.763976 -1.115038 -0.370853 1.648297 0.426099 0.079946 -1.460216 0.085170 -0.447787 -0.733646 0.459291 0.144288 -0.436078
7 -1.751161 0.261355 -2.042553 -2.331172 1.092736 1.148897 1.460021 1.055164 -0.243193 -0.091129 0.618637 -0.146534 -0.251193 1.220125
4 -6.940236 -11.633198 -7.692665 88.919600 -11.581210 -2.924240 -3.062269 0.602929 -6.552439 -6.319430 -10.094589 -4.394299 -7.488720 -10.839233
10 4.045024 -14.106141 6.938454 -3.194768 -4.875857 0.927729 -0.634154 -5.246120 -1.275824 16.023979 -2.055436 14.371690 -7.670913 -3.247665
14 -2.854736 -5.200427 -0.582706 -3.678142 2.564980 1.286403 -2.209568 -1.205446 -1.339758 5.779049 -0.848178 -4.483974 0.463522 12.308982
6 -9.814533 -3.826365 -4.478610 -4.146304 -7.014212 75.330987 -6.792596 -7.628588 -1.384186 -4.925037 -5.570565 -5.665811 -5.668639 -8.415542
13 -2.534309 0.931314 -2.536312 -1.592253 1.584965 3.625123 -3.658222 -4.484065 2.484356 -1.980945 -0.417408 2.067592 7.625077 -1.114915
4 -0.482141 -0.913427 -0.806099 2.085094 -0.084537 1.919486 0.593033 -3.172055 1.030839 0.649477 0.471403 -1.732196 1.549963 -1.108839
4 -10.616253 -8.443661 -7.367140 91.134612 -11.392342 -6.532520 -3.916479 -1.378501 -8.523123 -10.159754 -4.921948 -4.185152 -7.600654 -6.097082
10 -6.715595 -5.526980 -3.905326 -2.057736 -0.548466 -4.610719 -8.340872 -1.699498 0.104261 48.840416 -5.336817 -5.196599 1.934646 -6.940712
8 -2.643911 2.881703 -1.435845 -3.498670 -3.507419 -2.918125 -5.210077 26.260540 -1.583619 11.380023 -6.383092 -4.323591 -4.439918 -4.577998
8 -2.397030 -1.850761 1.824515 -2.541923 -5.650283 -1.178011 -2.242734 22.748705 -0.448306 -0.710587 -4.027919 -3.077598 0.269977 -0.718047
1 78.248050 -9.012945 -3.659350 0.203951 -2.732388 -11.878847 -5.848524 -9.129592 -1.343468 -9.909604 -5.618260 -12.571022 -3.370333 -3.377665
4 -4.852442 1.101646 -4.709380 53.585235 -6.136991 -6.219286 -7.522815 -0.453003 -5.694146 -4.642017 -4.119866 -7.791617 0.712815 -3.258133
5 -1.978651 -7.419738 -2.500079 -3.111610 43.905383 -5.674203 -6.748018 1.675523 -3.758425 -4.595143 -6.535838 -6.175738 6.739571 -3.823036
11 -6.001282 0.375894 -6.835814 -0.869219 -1.962382 -9.746141 -5.687820 -7.920421 -8.920137 -4.321510 79.582147 -8.765417 -9.756787 -9.171109
14 0.276255 0.687101 1.455913 2.151818 0.037148 -1.704016 1.604913 -0.239975 -4.716523 -1.054827 1.167573 0.222753 -3.629759 3.741628
10 5.162854 -7.720687 -0.361441 -0.267271 -2.452019 1.120519 -0.879053 1.124531 4.547257 6.303943 -6.952736 3.363762 -0.579992 -2.409670
8 -1.329081 -4.663105 -4.370183 2.869517 5.804403 3.303252 -2.410050 9.199182 2.633424 -1.067362 -1.669146 -3.035493 -3.009012 -2.256346
5 3.922354 -0.197644 -0.587709 2.273305 6.256652 -0.529610 -2.026206 4.969667 -3.160912 -4.437142 -6.617189 0.537157 2.349004 -2.751727
4 -0.435383 -8.330652 -0.867728 12.631580 5.176718 2.537619 -5.531214 -2.714480 3.718632 -3.007381 -3.497668 -1.030363 2.207454 -0.857136
1 5.076181 -0.129186 -1.811622 -2.801102 1.213180 -2.766817 1.425855 -0.676545 -1.392350 2.912000 -1.366543 -0.783738 0.821503 0.279184
4 -9.778543 -13.275082 -3.331053 91.677275 -9.754415 -7.254320 -6.538574 -1.589059 -4.041886 -9.626644 -7.997688 -5.402293 -8.484184 -4.603533
4 -5.520869 -0.680241 -8.091888 5.401111 2.039177 4.047475 3.478028 3.069354 -5.186087 -1.708350 3.922240 1.974857 -2.360135 -0.384669
13 -1.423204 5.549841 -2.366286 1.657579 -2.828348 1.570647 -4.978467 -3.612203 -0.557742 6.438463 -4.289434 -2.737903 6.762258 0.814801
1 40.167908 -11.059581 -2.355277 -1.139923 -3.267485 -2.089529 -5.159579 -9.302932 -0.299292 1.045902 -4.526241 9.759996 -9.325697 -2.448269
6 -2.437005 -3.380624 -8.764467 -5.805612 -3.093373 57.022129 -2.964648 -3.139273 -3.296218 -8.420165 -0.950849 -8.037208 -4.391893 -2.340796
3 -2.946451 -6.433355 19.408122 -5.435140 2.002976 -1.456468 1.617348 -3.368489 -3.737641 -0.680145 -2.259438 4.460800 0.123184 -1.295304
5 0.086079 5.168557 -12.032135 -5.045702 45.336435 -6.814165 -4.461826 7.453810 -5.064682 -5.857587 -8.984085 0.452551 -2.122387 -8.114864
8 -4.632250 -4.891917 -4.720878 2.997309 -4.521548 2.404794 -6.012117 39.480032 -5.967770 -6.295230 -4.916949 2.360952 -4.222868 -1.061559
14 -1.840053 -1.897819 1.537381 -1.675655 2.271284 -3.568712 0.301441 0.333030 -1.114910 1.907689 -1.443264 -0.312385 1.138296 4.363678
1 4.795403 2.219846 0.299552 0.244475 -0.570536 0.017562 2.412313 -0.414347 -4.624190 1.630983 2.156189 -0.498889 -4.335827 -3.332534
6 2.785906 -5.855042 -8.187502 1.668661 -4.113303 29.913620 -5.484870 -3.716781 2.486187 -6.551098 -4.297235 6.223467 -0.495390 -4.376619
12 -8.023684 1.098774 -2.013806 5.874299 -1.616774 -2.115148 -2.252196 6.762044 -1.027560 -6.577598 -0.547549 8.589007 2.918222 -1.068031
3 -1.428709 -3.744826 34.469734 -0.240176 -2.080372 -2.094035 -0.700881 -3.210538 -3.099868 -1.799832 -5.322246 -4.903344 -3.180195 -2.664711
12 1.122486 -0.144311 1.126907 -1.735484 -0.941635 -2.109771 1.380701 -1.041860 3.077852 -1.193173 -1.372268 5.625867 -1.980518 -1.814792
14 0.138880 1.737462 -5.644229 -0.060097 -4.263457 5.233504 -5.224430 -1.519826 0.128303 3.118073 -6.885314 3.891728 2.119841 7.229559
14 1.426279 0.388199 0.617412 -2.849092 1.954360 1.275858 -1.632882 -1.050825 -4.352599 0.491723 1.109931 -3.146907 1.463886 4.304655
11 -1.552570 -1.787147 -4.067724 -2.350888 -4.369697 -7.365042 -3.167278 -1.754206 -2.541761 0.969965 32.615106 -1.887742 -4.663602 1.922587
13 0.027638 1.982905 0.868710 -1.258724 -1.019076 -0.604687 -0.847351 -1.438681 -2.261110 2.113751 -1.232621 -1.186747 4.448769 0.407225
14 -1.295755 -0.014351 -1.458368 -0.268325 -1.140782 -1.160749 -2.187039 -3.110062 1.408820 3.596386 -0.114138 4.333571 -3.082373 4.493166
1 95.356685 -8.292342 -6.245429 -7.897643 -6.785219 -7.862056 -8.150848 -7.090196 -7.361062 -4.677059 -7.142043 -5.713035 -9.140939 -8.998810
12 -0.628957 -0.411151 -2.407499 -2.252857 0.916554 -0.409245 2.222902 -4.094097 0.558094 -1.585889 -0.829672 6.460495 0.689681 1.771639
10 0.375241 -6.940197 4.280616 2.252838 -0.877011 -0.566644 -1.735552 -0.750483 -3.891862 4.842820 -0.049294 3.904745 3.488014 -4.333230
3 -1.054647 -2.992234 6.389730 -3.560630 0.783876 -1.117660 2.036682 1.712180 -1.855910 -3.610398 -1.420062 1.156394 2.651417 0.881262
1 76.249596 -6.338340 -4.896448 -5.994022 -7.791196 -9.684215 -6.143631 -6.315925 -1.879308 -7.493954 -2.893405 -7.205025 -3.935595 -5.678529
1 60.831466 -7.844543 -3.915766 -6.405380 -1.690413 -0.265433 -6.315683 -2.966163 -5.580680 3.292510 -7.020687 -7.960160 -10.636582 -3.522486
2 -3.502462 5.112920 -2.955453 -1.772574 1.891520 -1.179010 -1.551905 -4.196560 -2.192790 1.976807 -2.271665 3.581376 4.566976 2.492818
6 -0.726715 3.098346 -2.385275 -6.225928 -0.761647 34.359737 -4.363682 -6.161246 -3.866290 -5.715600 -2.176738 -5.073420 4.797791 -4.799333
5 -8.986155 -1.554004 -2.614673 -6.842590 42.606450 -5.130489 3.170602 7.548289 -10.213506 -0.901906 -7.451385 -8.053181 -8.775168 7.197718
6 0.187352 3.519464 -9.522265 -1.973785 -4.293222 34.465636 -6.215740 0.257886 -2.961595 -2.896654 -5.550480 -5.853217 -2.912059 3.748676
3 0.881900 -7.599551 10.856657 -0.486935 -5.354559 -1.041214 -4.073212 -3.372249 -2.058225 0.483342 3.897583 8.100478 2.843194 -3.077208
2 2.765027 6.534468 -3.700799 -1.428131 -3.711211 3.354203 2.946430 2.818690 -7.221179 -1.744925 -7.637321 5.979102 -3.773881 4.819524
3 -4.120319 -6.745674 60.715265 -7.538626 -7.583057 -4.099940 -5.427875 -5.926016 -3.386472 -2.958797 -4.206902 0.357152 -7.030971 -2.047766
10 1.301268 -1.256480 0.252918 -4.397882 0.110878 0.898168 -2.713361 -4.094379 3.964415 8.367176 -3.013136 -0.909059 -3.263947 4.753421
6 -0.364368 -0.941949 0.951765 2.249737 -2.701507 4.930775 -0.879690 -1.471790 -0.032750 -1.287466 -0.613428 -0.768823 1.840751 -0.911258
3 -6.655137 -2.459832 26.256810 -0.638387 2.553947 -5.439655 -0.792651 -3.085356 -0.773977 3.290705 0.705643 -5.891796 -6.041458 -1.028856
10 -4.443184 0.283020 0.602487 0.406747 -2.140202 -1.857457 -5.727117 -4.708632 -3.372758 39.535304 -5.983739 -0.512624 -8.406308 -3.675536
10 -2.424710 -8.699690 0.791384 -0.681610 6.434175 0.495918 -0.578407 -4.850279 -4.579828 11.817940 1.008998 3.911287 -6.482047 3.836870
7 -7.066500 -7.589457 -7.207457 -6.599901 -8.959190 -8.045832 101.763407 -8.391231 -6.933955 -6.569084 -12.413554 -7.093576 -7.975670 -6.917995
11 -2.701720 -0.574466 -0.611810 3.215490 -3.038682 2.437507 -1.265871 2.290426 -6.202783 -4.620115 7.013919 2.084005 1.012679 0.961421
12 -5.507435 -1.971409 1.631323 0.638879 -3.715930 -1.936967 2.002108 -2.463269 -3.004871 -1.577388 1.294161 24.705763 -9.395410 -0.699551
14 -1.872116 1.419721 0.608262 1.566724 0.718058 -0.112919 0.133338 -0.340501 -3.502538 0.317246 1.242233 0.468574 -2.309862 1.663779
11 -7.117403 -10.873890 -1.401827 -4.123492 1.518929 -5.776442 -6.132803 -9.184637 2.302394 -7.225988 56.603595 -2.474236 -4.020288 -2.093913
11 -8.943399 -7.892539 -5.070228 -6.397877 -5.229661 -8.474838 -7.653680 -6.159700 -10.032241 -10.003091 96.468025 -5.557826 -8.758527 -6.294416
2 0.586916 9.493641 2.779697 -3.825904 0.877164 -2.114930 1.597701 4.793801 -7.030895 -2.013681 -0.894219 -2.438445 -2.019414 0.208568
3 -3.840336 -6.745674 58.242114 -7.291280 -5.927216 -4.119712 -5.207514 -5.787046 -3.315465 -2.710834 -4.797726 0.721965 -7.040423 -2.180851
11 -3.346025 6.410556 -2.911799 -0.503050 -1.633149 -5.224136 2.987517 0.162077 -6.188641 0.938102 10.046486 -0.878241 1.226994 -1.086690
14 -3.745948 -0.466091 2.643274 -1.364416 1.117128 1.104770 0.022263 -4.098421 -6.673723 -2.442839 -1.658773 1.714551 6.102432 7.745794
11 -4.837016 1.500848 -0.847546 -3.195014 4.060403 -3.099770 -0.023217 -1.580788 -5.048577 1.241787 11.834610 0.686064 1.026464 -1.718250
11 1.659994 2.880899 -5.660669 -0.554136 -1.315772 1.201685 1.454959 1.024173 -1.202364 -4.306805 4.372510 -1.916236 -0.993711 3.355472
4 -0.012391 4.416348 0.304053 4.723101 -1.277022 -0.203793 0.755196 -2.011631 -3.694959 -0.180363 0.835423 -0.773711 -1.715672 -1.164578
10 -0.120930 -3.506749 4.132098 -2.686262 -1.211805 -0.378408 0.827821 0.522020 2.366781 8.951433 2.190819 -0.708482 -5.863336 -4.514999
11 -8.604493 31.455204 -7.038647 -4.940385 -4.696292 -10.716720 -1.865802 -7.224960 -9.124328 -8.120614 53.630443 -8.746040 -9.367048 -4.640316
10 -3.152322 -2.031798 -2.268416 -2.064665 -0.869428 -1.565256 -0.367936 -3.051395 -2.175288 21.045948 -2.195023 -0.469237 1.996766 -2.831950
11 -2.403903 -4.159356 -8.416725 -1.606044 -0.052240 -2.695191 -8.249344 -4.144328 -10.807108 -0.483221 56.872317 -1.760947 -10.133092 -1.960818
11 -5.503640 -2.412992 -4.475589 -2.069119 -3.717121 -2.902212 -4.887641 -0.972419 -11.290420 -0.413902 46.350309 -2.056014 -4.207527 -1.441713
6 0.403720 -3.485269 -5.357955 6.249892 -2.803398 29.139046 -1.260632 -4.742263 -5.479325 -6.064353 -2.602711 0.894984 -5.390097 0.498360
13 -0.742565 -7.623812 -2.704981 -4.397469 -0.029178 -3.620603 -1.464746 -2.556399 1.540379 -5.676282 -3.030033 -0.198860 30.366816 0.137733
5 -2.744024 13.876429 -6.941378 -4.825135 47.526032 -3.519647 -4.345417 -0.384785 -5.637681 -5.818263 -5.271213 -9.307037 -4.777255 -7.830626
2 -3.966184 14.041924 -5.848667 0.914591 -3.058716 -0.174463 2.725808 1.890192 -8.776130 0.630034 -0.046301 0.656635 -3.056003 4.067277
2 -0.583657 6.190466 -0.616773 -0.234072 -2.902014 -4.614615 -0.466100 2.144745 -2.889623 1.226522 3.137283 -0.905056 -5.312903 5.825796
14 -2.693120 1.101950 -2.387585 -2.459926 0.731727 -2.399729 -2.284981 2.294561 -6.859905 -7.656548 6.657588 -3.067429 3.781875 15.241523
5 -5.712654 1.575873 -1.626991 0.210885 5.050978 -0.241195 0.441423 1.715149 -6.492559 -2.446390 4.078498 3.255433 -2.894305 3.085855
8 -8.148775 7.226948 -2.114628 4.215201 0.361216 -0.644976 0.717944 10.725709 -5.908239 5.273567 -0.342053 -4.785864 -6.999049 0.423002
5 -3.915800 1.462885 3.136180 -5.342564 35.800119 -3.291614 -6.512453 -0.253198 -5.821648 4.641419 -1.041148 -5.320916 -8.698931 -4.842330
9 1.485949 2.983233 -3.649454 -5.630922 -2.212979 -2.193721 -3.042096 5.440171 7.628256 -2.920282 4.059843 -0.831274 0.669755 -1.786479
12 -0.330347 -1.994461 -2.527623 1.489861 -1.599247 0.523586 -4.589328 -4.898608 -1.241257 3.290339 -3.157431 7.578882 2.604559 4.851076
5 -3.646712 1.573528 0.627101 -1.112845 11.526968 -2.849601 0.405802 -4.580836 -4.934092 0.891001 -1.130517 -2.110433 5.923805 -0.583170
2 -3.855001 33.220596 -2.136778 -2.674805 -1.261593 -2.901088 -1.390894 -1.854427 -5.851349 -4.415431 -0.910102 -2.376077 -2.668439 -0.924612
13 -0.679739 -2.957966 0.303317 0.040277 -2.827735 -0.139190 -3.973253 -0.229168 0.394773 -1.915638 0.600980 -3.927752 13.303972 2.007122
14 1.436371 -5.409133 -0.502393 -4.563843 -1.824019 -0.008621 3.461693 -3.922884 -3.193152 -5.026820 -7.868411 -3.788095 -1.439110 32.648418
8 -0.104340 -4.210605 -2.825940 1.807775 -3.182092 -1.870972 -0.794960 6.106777 5.688956 -4.980486 -1.254026 2.002351 3.493222 0.124340
3 -5.970408 0.977419 42.050175 -0.111662 -6.074717 -5.348486 -3.499472 -3.806920 -3.708528 -1.741155 0.870192 -2.814920 -9.197253 -1.624263
4 -4.789641 -2.512798 1.705606 3.798175 1.772040 2.052073 0.431278 -0.547949 -2.472249 -1.116755 0.306235 1.346653 2.042558 -2.015226
6 -0.413508 6.225543 -4.343567 -6.150547 -10.148384 53.397031 -3.004492 -3.323710 -10.357692 -13.119580 -2.531616 -4.718222 -3.806648 2.295393
13 -0.027282 -0.718514 -2.019158 -0.448412 -2.293637 5.762682 -1.866675 1.315162 -4.644306 -1.589184 0.856950 0.273598 8.341925 -2.943148
3 -0.219885 -2.975818 22.280288 -3.479924 -2.098541 3.744788 -3.330152 -0.784858 -2.935844 -3.442204 -1.970581 2.719863 -2.496044 -5.011086
1 34.616295 -2.775280 1.840769 -8.110366 -6.364173 -8.546026 2.436210 0.126465 5.795336 -4.278748 -4.945259 1.814708 -8.204678 -3.405252
2 -3.496151 2.637104 -2.139408 -0.573555 1.576352 0.955392 0.190605 1.925000 -2.373251 0.661443 -0.158652 0.224306 0.831274 -0.260460
2 4.215786 4.451278 -2.470616 -0.125877 -3.673838 1.158748 0.044418 0.976509 0.453307 -0.593141 -6.281452 -0.776886 1.779844 0.841919
6 2.233812 -0.852955 -6.506380 -1.508801 2.753382 6.443818 0.645147 1.508662 -0.429089 -1.121963 1.456360 -1.571259 0.920145 -3.970879
6 -1.342089 -4.830479 -4.842960 -1.216205 -0.489682 42.323805 -5.099947 -0.648467 -6.477501 -6.646009 -2.512295 -1.412870 -4.056918 -2.748383
3 -4.668441 -0.526269 13.970426 0.387526 -0.174934 -0.076363 -1.782354 -3.647498 -3.902828 -0.330432 0.423759 7.491313 -9.243347 2.079442
12 2.892912 -1.175807 -4.567248 1.045654 -3.225692 7.163261 -3.333819 -2.599422 -10.758202 2.862256 -2.406179 19.280071 -4.797423 -0.380364
1 75.007116 -4.651320 -5.857394 -5.555450 -3.236423 -4.584134 -3.676417 -10.289712 -0.321460 -4.119086 -7.979419 -4.836256 -15.323161 -4.576884
14 -5.212129 2.413904 1.729011 -1.630495 -1.547620 -8.436144 0.290506 -0.509492 0.611819 -0.928831 1.636578 -4.078322 4.846047 10.815170
13 -2.888218 -2.124835 0.723985 0.483810 1.050064 -2.033069 -1.607239 -0.925330 0.679227 2.116090 -0.299652 -0.202066 3.626426 1.400808
11 -2.330318 0.797258 -0.501518 1.016443 0.241757 0.805673 -0.092715 -0.587118 -2.372666 1.444818 1.956565 0.426529 -2.464003 1.659293
12 4.017821 -4.550305 -4.829103 0.409630 -7.871265 1.748183 0.386342 -5.422121 -2.595685 -6.302655 -4.955723 40.528448 -6.152476 -4.411091
1 43.533100 -8.497507 -1.617279 -5.197444 1.329106 -6.985417 2.397110 -8.747179 5.642631 -0.335589 -0.973911 -8.651152 -13.477347 1.580881
13 0.850794 -1.748953 -1.037367 -1.276179 -2.454171 -0.690332 0.389478 1.058750 -2.090129 0.577188 -1.528094 0.237145 11.087840 -3.375968
13 1.088008 -6.579693 -1.269957 -4.161190 -4.399526 0.554695 7.128750 -3.569979 5.408123 -1.545966 0.107192 -4.033774 16.364952 -5.091635
12 -2.507773 -6.463787 3.329746 -3.187932 2.929477 -1.739963 2.371435 -0.279906 -7.753256 2.349188 3.608603 5.977997 -2.410382 3.776556
9 -3.393106 -0.711422 -1.193053 1.916066 -2.416591 -2.256048 -0.151271 -0.063085 14.843452 -3.019350 -2.057482 0.071277 -2.210130 0.640742
3 -5.060230 -4.569872 79.736274 -6.683573 -4.822253 -5.816609 -5.336733 -4.334211 -6.046721 -6.904360 -5.405786 -6.298645 -9.187513 -9.269769
7 -12.231377 -6.113426 -7.677534 -8.905495 -10.897152 -7.419458 80.355986 -4.696601 -2.720242 -6.315761 -6.769792 -8.079690 0.438152 1.032395
11 -3.763805 -3.968044 -1.863087 -0.178351 -2.437065 -1.096047 1.285985 1.867359 -7.699158 -4.904944 19.135689 -0.888871 3.176038 1.334304
8 -0.605993 3.340508 0.465513 -4.497255 -4.557160 -3.012579 -5.896706 27.212868 -0.918964 5.629732 -4.816964 -5.163499 -4.612013 -2.567488
9 -3.772599 -6.391388 -1.162459 -0.861849 -2.684559 -5.106864 1.153164 -3.420642 18.862769 -4.772943 -1.236675 -4.100967 8.145235 5.349777
12 0.647202 -0.585803 5.567122 -2.499827 -0.240097 -2.573661 2.522966 -0.072217 -1.727083 0.727411 -1.441678 6.033062 -4.580407 -1.776989
6 -2.971682 -2.959625 -4.247562 -2.591867 -4.429708 42.440411 -2.798718 -3.047523 -3.185563 -3.206873 -4.387616 -1.929483 -3.572773 -3.111416
1 29.224145 -2.213369 2.350490 -2.328702 -2.872754 -0.325071 2.094473 -7.769568 -0.063781 -1.941760 -4.523943 9.501132 -15.117487 -6.013805
1 7.976303 1.297703 -1.916614 -2.611652 3.290561 -2.078821 -1.808760 -0.453717 2.574715 -6.146856 1.659602 -1.955527 -0.349753 0.522815
9 -3.815604 -2.175800 -4.837016 -1.559343 -0.276523 -0.386275 -1.977241 -2.683251 28.147666 -1.067029 -5.585045 0.016377 -1.130372 -2.670543
5 3.312301 3.116769 -0.121894 0.925958 34.349274 -1.482667 -2.047321 -4.475400 -7.599713 -2.842146 -3.702735 -10.126627 -9.449937 0.144140
5 -1.045478 -4.785343 -3.511664 -2.323846 14.139246 -0.066336 -2.168794 1.392938 -1.424721 -1.937343 -3.608421 -3.845100 10.142992 -0.958130
11 -6.795830 -2.989536 3.957059 0.923250 2.685052 3.763554 -1.301066 -0.412368 -5.264466 -0.318637 7.254471 1.236601 -2.631260 -0.106822
1 58.127260 -4.200300 -6.065280 -4.070485 1.970570 -11.089298 -3.312052 -1.516017 -3.968651 -5.314135 -5.004564 -5.917485 -4.722941 -4.916620
13 5.320707 4.209714 -1.131191 -4.998650 -0.893231 2.666695 -3.876904 -4.900689 1.614803 -6.070458 -2.592066 2.271316 5.731945 2.648009
12 -0.555098 -2.026423 3.009088 -0.994991 -1.500124 -0.914808 -0.098107 -5.480906 1.652409 -4.689002 -1.363728 18.138604 -4.437848 -0.739067
1 11.761312 4.089410 -1.185751 -2.164476 -3.958760 8.772062 -1.186447 -5.703887 0.394175 -1.920442 -4.170392 -3.942401 1.696547 -2.480951
1 105.723325 -9.640834 -9.766290 -7.377621 -10.160404 -9.160570 -5.968543 -6.587300 -3.729124 -10.476532 -4.913655 -7.470541 -11.885049 -8.586858
1 44.716271 -4.546944 -1.591037 -3.812614 -3.189396 -1.609965 -3.922067 -3.164710 -4.260119 -2.064057 -5.533014 -4.788336 -2.969044 -3.264968
1 72.055400 -9.099091 -7.971434 -3.476785 2.111580 -4.853388 -4.596365 -10.469701 -9.535892 -2.432348 -8.094358 -6.481752 -2.485458 -4.670410
1 66.680339 -9.495536 -7.202470 -8.784996 -6.895312 -5.657077 -5.857944 -4.786345 -5.341054 -4.017182 -6.097285 -7.841122 11.441850 -6.145863
1 90.105711 -2.979686 -8.242547 -7.220562 -7.010528 -6.741623 -6.361894 -7.594784 -6.164305 -7.272999 -5.210885 -7.128414 -12.011360 -6.166121
1 75.308023 -10.071738 -7.280879 -7.261601 -8.347790 -5.819701 -4.649075 -3.925090 -5.709745 -5.137274 -6.312758 -3.130949 -3.010546 -4.650876
1 86.035441 -1.308250 -8.667691 -4.005330 -6.131326 -8.609072 -8.928844 -1.745700 -7.323565 -10.100011 -9.310584 -8.967782 -3.540850 -7.396436
1 83.505208 -13.467144 -5.136889 -4.776519 -0.442176 -9.311578 -7.700928 -10.956640 0.317228 -3.659429 -1.855442 -10.513068 -8.011931 -7.990690
1 75.612422 -7.706365 -5.323711 -7.376723 -4.245277 -4.616058 -6.136559 -5.070391 -1.514087 -8.134710 -5.908526 -7.860989 -9.227490 -2.491532
1 74.498739 -5.137847 -3.512208 -7.792872 -10.314482 -6.625241 -3.524796 -2.259737 -6.992972 -5.982643 -7.725888 -5.616017 0.733064 -9.747099
1 42.501605 -8.372526 -3.805137 -1.950296 -6.062812 -1.053999 -2.413325 -1.592869 -0.114302 -3.121015 -6.340247 3.543093 -4.486171 -6.731998
2 5.838421 7.407465 1.313048 0.681018 2.146258 -0.727529 -1.733571 1.305415 -5.974461 -3.495689 -1.702980 -1.952767 -5.785402 2.680774
1 63.843945 -11.032040 0.690238 -4.841975 -4.152581 -2.226104 -2.765857 -5.081111 -4.353250 -4.917124 -11.540719 -5.378235 -5.357228 -2.887959
13 1.784807 -0.191910 -1.593691 -1.733168 0.883248 0.463559 -2.302757 -1.789792 -1.491574 -1.992017 -1.343577 0.552280 5.042613 3.711978
1 87.457300 -8.424597 -9.720311 -5.824607 -1.708542 -6.834288 -10.100123 -5.387254 1.628841 -2.654486 -8.071901 -8.519014 -17.149430 -4.691585
1 46.366406 -6.855482 -5.375091 -3.158438 -6.321031 -1.844087 -5.376663 -1.280636 0.538433 -3.663010 -5.495665 4.950607 -4.685137 -7.800204
1 51.565708 -7.743260 -3.443079 3.478489 -2.105452 -7.742375 -2.919314 -4.747197 -3.646247 -4.713532 -2.231574 -1.587195 -9.129002 -5.035967
1 75.552743 -6.898544 -6.021073 -5.585280 -8.682213 -1.758119 -3.347088 -7.943831 -8.578312 -9.934980 -4.141971 -6.005644 -1.453303 -5.202383
1 10.079848 -5.292681 2.475966 0.323000 -2.021970 0.094703 -3.777567 1.285317 -1.923699 -2.575750 -0.093582 3.930374 -3.749907 1.245947
10 -1.366715 -1.426454 -0.590258 -0.199644 1.321207 0.901967 1.547512 -1.306699 1.873099 3.231851 -2.890704 1.262412 -0.703957 -1.653618
10 -7.326560 1.968586 4.155482 0.672142 -1.522768 2.378772 3.474266 -0.751332 -8.279608 14.181154 5.700937 -3.583054 -10.520824 -0.547193
13 -2.527741 -2.520261 3.011838 -3.032921 -0.423236 -3.289760 -5.605122 5.399282 -6.949510 -0.665503 2.095393 2.422951 10.470884 1.613705
9 -1.359739 1.308475 -0.646372 -2.293922 -1.229148 -1.548238 3.588286 1.733061 3.729925 0.497092 -1.418388 -0.341005 -2.829378 0.809351
14 -4.041128 -2.680389 4.887362 -2.438519 -2.476941 -1.018124 -2.255273 0.487189 -3.472822 4.323582 1.103844 1.340264 0.830728 5.410225
10 -1.509614 -5.982824 0.388281 -3.282518 -1.947150 -0.485361 -0.452581 -0.232390 -3.700656 20.063652 -3.911172 0.491304 2.575946 -2.014917
10 -2.666351 -2.870865 0.234290 -1.663307 -0.641353 -0.851887 0.973712 -1.774374 4.396065 11.762594 -0.430328 -2.140642 -0.243105 -4.084447
10 -4.157748 -7.199693 -7.484651 -5.731259 -6.318524 -5.042803 -7.730803 -5.747663 -4.601343 77.890039 -4.773680 -5.691345 -6.380486 -7.030040
1 9.274425 1.959676 -2.686996 -7.737927 -5.502134 3.499197 -1.940339 -0.229391 -6.655169 -3.846330 7.037472 -6.498094 4.830019 8.495590
13 -3.431101 -5.066971 0.579413 -0.295716 1.841023 -3.298037 2.429597 -1.146868 0.076151 4.278693 0.566564 -2.245987 4.486628 1.226610
10 -4.567730 -7.764955 -4.844480 -4.750112 -0.858629 -9.381517 -2.880722 -4.078819 -1.625874 49.663225 -4.662504 -0.245227 -2.652398 -1.350258
8 -0.522404 -7.749374 -1.168162 -2.153718 2.054356 0.224429 -1.391041 6.630873 -0.807146 4.150132 1.919112 -1.095028 2.213555 -2.305583
13 -0.212776 -4.477459 4.357902 -1.709747 0.937312 -6.874645 -2.037888 1.300015 0.781612 0.226357 0.259342 0.211269 6.862970 0.375738
10 -4.408340 -1.113646 2.564182 -3.016331 -0.876620 -4.743038 -1.986834 -2.306227 -3.292271 27.917434 -2.742237 -3.333273 -0.536937 -2.125862
9 -1.670245 4.146421 -3.355615 0.169826 1.461415 -0.909632 2.238705 1.030815 4.297541 -5.493668 4.250378 -4.725785 -1.513622 0.073467
10 -2.312964 -11.687911 -5.021744 -8.085743 0.272402 -3.048839 -0.535923 1.263800 -4.310351 55.705522 -10.053536 -6.919699 -0.861353 -4.403663
10 -0.140851 -2.646941 -1.131089 0.209212 2.935597 1.093770 -1.277602 -4.803969 -1.901251 13.675016 -1.478341 -0.293499 -7.865162 3.625110
10 -4.343720 -3.616321 -0.381461 3.562178 -0.153868 -1.137345 -2.855009 -3.726743 -2.747640 26.687060 -0.816843 -4.989846 -5.363499 -0.116941
2 0.349899 4.560338 -5.430292 2.612967 -5.450370 -0.961867 0.180663 3.720721 1.894154 -2.084177 -1.753327 0.315687 3.976052 -1.930449
12 -2.482031 0.019078 0.231405 -1.314831 1.249052 1.292204 1.353513 -2.158784 -2.312855 2.281042 1.489637 4.083958 -3.876684 0.145296
6 -2.186107 3.632158 -4.067578 0.156436 0.808900 4.613038 1.282883 1.075332 -1.794732 1.369654 -0.534510 -2.528717 -0.778170 -1.048587
2 -4.520077 50.316677 -4.040684 -5.088471 -0.673116 -8.000088 -3.513702 2.981061 -2.544943 -3.040248 -8.239169 -3.942528 -6.478920 -3.215789
2 -0.283196 4.400548 -0.224231 -1.181919 -1.681067 1.596765 -0.056470 -1.787366 -2.156087 0.734693 -0.418579 3.053260 -1.685323 -0.311027
1 0.000000 0.000000 0.000000 0.000000 0.000000 0.000000 0.000000 0.000000 0.000000 0.000000 0.000000 0.000000 0.000000 0.000000
2 -3.833159 48.029439 -2.497636 -5.945252 -3.293361 -1.127754 -2.836404 -0.813378 -2.089481 -4.422790 -6.697898 -3.321781 -7.066745 -4.083799
2 -4.226147 59.701144 -4.474643 -3.833913 -2.159613 -7.052283 -4.321112 -1.617793 -8.383695 -6.188870 -6.481061 -2.192968 -6.083334 -2.685709
2 -4.439449 13.681909 -6.248226 -0.830566 0.282334 1.423473 1.961248 0.818486 -3.551914 -1.907607 5.536098 -5.008169 -1.766833 0.049214
14 -7.964142 0.918724 3.991076 0.837954 -1.394642 -2.531536 2.622683 -2.405830 -3.342744 6.369159 -3.070470 5.471055 -7.734730 8.233443
2 -2.288771 39.359862 -2.101005 -3.964229 -1.863592 -0.697887 -4.333949 -3.885032 -2.165482 -3.170881 -3.623675 -3.624581 -4.659564 -2.981210
2 0.991664 11.983181 -7.256529 -1.796385 -3.500271 7.937975 5.219729 4.681925 -5.890129 -3.173961 -5.821007 0.662840 -9.593305 5.554271
2 1.241155 59.357138 -7.039280 -4.821808 -1.297103 -3.706142 -5.912005 3.113087 -8.430859 -5.701859 -8.133397 -6.674880 -7.402692 -4.591352
14 -5.623150 -8.440837 2.285301 -5.797797 2.385357 3.006809 3.626949 0.945722 6.449722 -1.656444 -6.092711 2.250469 -1.696283 8.356895
2 2.324520 34.831734 -5.715843 -0.116542 3.127006 -0.711306 -4.394691 -6.086109 -5.153269 -6.653993 -6.752615 -1.753584 1.506295 -4.451603
2 2.513641 12.156627 -4.839273 -1.861465 1.505232 -0.529076 3.808461 1.149458 -4.417391 -3.800899 1.916699 -3.522115 -2.314451 -1.765451
2 -1.769889 39.508912 -3.843021 -1.958287 -4.312168 -2.165454 -3.610141 -4.730994 1.034749 -2.250976 -5.411523 -3.484427 -4.207214 -2.799565
2 4.264876 16.439022 -2.689612 -0.975793 2.940204 0.006383 -4.221558 -0.241210 -3.196612 -5.277432 -3.651824 0.861642 -3.000328 -1.257758
2 -5.144858 26.560729 -1.368011 -3.433653 6.858540 -2.623193 -1.113655 -2.713572 -8.949721 -4.185958 7.181207 -4.069911 -4.081215 -2.916728
6 -1.710063 -4.386864 -3.287876 -4.095079 -1.901705 7.801714 7.285186 7.230264 -2.656388 -5.058959 -0.549467 -4.462848 0.028314 5.763771
6 -0.940051 -0.602543 -0.133954 -4.144960 0.201303 6.175943 -1.432267 2.768630 0.733708 -2.324707 -2.949119 -0.589638 5.780555 -2.542900
6 1.090694 -8.533933 -1.222229 1.187716 4.468621 6.133949 5.081745 1.945009 -3.248494 -4.842300 -5.179772 1.832384 1.582591 -0.295983
5 0.597760 0.521252 -0.623684 3.053804 5.258611 -0.619830 0.701267 -6.517463 -3.180887 -3.488656 -1.009954 1.337901 -0.928155 4.898035
5 -3.503423 -5.711761 -4.785107 5.124823 32.605904 -1.847787 -2.134447 -1.941572 -2.825063 -4.313116 0.233765 -4.384433 -5.183698 -1.334082
5 -0.579204 -1.830097 1.667764 -0.387718 8.152748 -3.190874 -0.899110 -0.899023 -2.005263 -0.655011 -1.202409 -1.167370 -0.486863 3.482429
5 -0.517050 -6.790359 -4.579103 -2.316795 39.176588 -0.537654 -5.808978 -2.527082 -2.479273 3.617807 -4.815846 3.366089 -11.645238 -4.143102
12 -0.899959 1.194223 2.571737 2.453572 -2.403318 3.587149 -2.557501 2.570817 -5.270419 -2.348894 -1.992447 4.102370 -3.944666 2.937337
14 -0.908660 -0.526056 -0.660055 1.408178 6.317842 -1.634583 0.401248 -0.718811 -4.957212 -0.271897 -1.859425 -0.723605 -2.823944 6.956979
5 -0.056900 -7.518337 -5.654397 -0.277602 15.369260 2.013939 -2.585508 -0.651099 -5.804989 3.213691 3.372005 0.649653 -4.650362 2.580645
14 0.027087 -3.342117 -4.065048 -0.163934 0.815839 -1.578976 0.632681 5.561877 2.764292 -2.790877 -1.519770 0.413635 -2.484003 5.729313
3 0.063611 -2.726630 7.525369 0.577137 -1.137157 -1.778864 -0.516570 -1.162390 0.282425 4.693695 -3.505661 -0.782113 -0.146293 -1.386559
5 -4.683842 6.390717 -1.979589 -3.508293 10.629965 3.583681 -1.502151 -2.015500 1.544218 -3.471500 2.613477 -5.393287 5.623413 -7.831307
5 -10.620240 -9.736198 -10.595012 -2.345198 112.247994 -12.974372 -9.770700 -12.750511 -7.737668 -10.974300 -1.711086 -5.738351 -4.796980 -12.497377
5 -5.222694 -7.650728 -2.252553 5.160943 35.666753 -4.045838 -1.131243 -4.824059 -2.781320 -4.008806 -8.115851 -7.167616 5.312639 1.060376
5 -4.490558 -5.796635 -6.576405 -5.910226 77.245254 -3.095792 -5.456724 -8.339605 -5.611521 -9.204539 -4.308711 -2.639998 -6.730165 -9.084376
5 -3.060139 -6.942321 -5.143416 -3.374581 40.468781 -5.394144 -3.250738 -2.625090 -1.529326 1.055223 -4.510962 -2.825084 1.879033 -4.747234
5 -2.430659 -8.669970 -8.079909 -5.195824 80.751499 -7.549965 -6.789757 -9.034664 4.152670 -6.548522 -5.277388 -12.119244 -4.260305 -8.947962
5 -4.715809 -4.184602 -1.619800 -2.546101 43.843847 0.013172 -4.291062 -8.572542 -7.654443 -2.368226 0.466398 -5.454595 -9.758920 6.842683
5 1.977716 -4.613792 -3.933926 -4.371525 36.535751 -3.117563 -1.010355 -5.022255 -5.490922 -3.257323 -5.057282 -3.634025 5.450706 -4.455203
5 -3.537325 -1.328725 -1.407815 0.791647 10.185374 4.240098 -0.917291 -1.136727 -4.789877 -0.603695 1.958335 -0.263872 -2.717350 -0.472775
11 -1.325518 -1.730316 -0.812663 0.019216 -1.448158 -0.950876 -1.183761 -0.937199 -0.897149 -0.977876 14.593247 -1.115205 -1.715510 -1.518232
11 -0.965981 -9.739275 -4.183713 -7.204616 -5.502649 -4.366049 -9.003400 -3.539286 -10.539483 -5.844917 78.812442 -5.415907 -8.051862 -4.455303
14 1.528805 -1.117214 -2.002201 -3.603025 -0.088010 -1.097657 3.753685 -2.990173 -1.155886 2.458012 -0.268540 0.015299 -0.752144 5.319050
11 -2.827846 -3.115317 -2.524013 -1.170163 -4.020625 1.153886 -2.946610 -1.171494 -2.068772 -2.860242 29.176691 -2.888874 -1.365614 -3.371007
11 -1.474590 -4.327279 -3.429948 -3.094974 -2.947425 -0.108802 0.893630 -0.108504 0.012251 -1.978966 17.414116 -2.059823 0.734749 0.475566
11 0.324423 1.257348 -2.245829 1.382325 0.313733 0.660926 0.793656 0.391689 -4.848782 -2.572764 9.760113 -2.299239 -4.898154 1.980555
11 0.684957 2.797037 -0.978139 2.091988 -1.048772 -1.698537 0.868015 -3.254856 -2.347937 -0.636754 13.045545 -4.106733 -3.724834 -1.690980
1 14.981705 -3.246372 0.861166 -2.682128 -5.876027 0.019338 0.978337 -3.365414 -2.598226 1.321554 1.557873 0.733590 -0.529756 -2.155642
11 2.496180 -2.695934 -3.154205 -2.838634 -3.937942 -0.807203 -0.230691 2.801196 -1.330576 -4.335021 13.573993 1.146524 1.753005 -2.440692
11 4.011653 -0.169206 4.477033 -1.012035 -1.646453 0.885787 0.472333 -3.417510 -4.165095 -1.707662 4.507358 3.413225 -6.747770 1.098342
11 -4.542592 -11.806487 -7.744030 -4.608537 -8.025987 -7.474180 -6.538252 -2.251085 -5.215345 -9.768831 83.090138 -4.162787 -5.556159 -5.395865
11 -4.610636 -2.794639 -6.151026 -3.221195 -1.423678 -2.065131 -3.404500 -2.000721 -3.299394 -3.791332 41.538501 -0.369314 -4.568224 -3.838711
11 -1.178701 -8.126276 -2.937900 -3.636887 -2.278509 -2.665305 -2.944346 -2.203500 -0.561980 -1.101614 30.686540 -0.147673 -0.799492 -2.104356
5 -1.393064 -5.160078 -3.923314 -3.810884 10.242069 -5.318198 -1.212828 1.410904 -4.703792 2.437553 7.418811 6.168344 0.018976 -2.174500
11 -3.104166 -4.518014 -2.622112 -4.614974 0.462168 -1.666417 -1.524687 -1.847309 -2.955519 -1.430033 29.687211 -1.978774 -1.161710 -2.725663
11 -4.555588 -2.154874 -0.323141 -4.182549 -4.982573 -3.533654 -5.321736 -5.597989 -5.716573 -2.923433 46.367426 1.039557 -1.426798 -6.688074
11 -5.076874 -6.936141 -1.232929 -1.669498 -5.807414 -7.192201 -3.872875 -7.465086 -5.076921 -5.369137 59.964039 -6.460623 -1.819762 -1.984580
11 -4.740207 -6.226356 -5.573626 -2.932170 -5.008123 -7.125102 -3.077241 -0.894446 -3.795464 -8.024451 54.575943 -6.141934 1.819232 -2.856054
11 -3.805444 -2.785194 -1.950008 -3.249846 -5.980444 -2.719724 -2.334450 -0.995839 -2.410112 -4.711390 28.981617 -1.348716 1.579936 1.729613
9 0.258682 -1.304988 0.762887 0.726698 -0.339614 0.505174 0.567497 -0.869763 3.120137 -0.811637 -1.041588 0.509232 -1.065087 -1.017629
11 -4.244902 5.480067 -1.657721 -5.315459 1.547426 -2.865391 -1.986123 0.325313 -7.134875 -3.556522 23.551846 3.448989 -2.255660 -5.336989
2 3.400653 3.511395 -0.469798 -1.287070 -1.290363 -0.235952 -1.797071 -1.970585 3.226293 1.019712 0.078323 0.602544 -4.274791 -0.513290
4 -0.112972 -2.621188 -2.918280 12.394706 -2.750858 -2.189555 -0.924286 -5.185551 2.203048 -3.559872 -0.183659 3.378587 -5.828052 8.297933
9 0.663059 4.391705 -7.041084 0.081383 1.240429 -5.846880 4.652763 -0.153201 9.162551 1.377290 -3.329465 -2.095789 -0.421317 -2.681443
5 -2.312756 -1.218930 -5.313136 0.977150 5.252469 -1.213485 0.741170 -2.297562 4.954595 -2.109235 3.594720 0.679015 -5.005678 3.271662
12 -2.796281 -2.273204 0.606011 0.355899 -2.283105 -1.962092 0.911996 1.072883 -4.464496 1.001815 1.744175 4.558861 -0.479825 4.007362
7 -12.177909 -8.395372 -9.096203 28.603025 3.917252 -11.135774 84.673584 -10.634072 -12.917812 -10.094686 -11.332262 -9.655098 -12.404464 -9.350201
14 -0.189594 0.011021 -2.686755 -0.339206 -2.621138 -1.440027 -2.443327 0.373456 -2.092276 -0.911244 3.485946 1.220401 1.370872 6.261872
4 -0.894821 0.908058 2.654052 13.589875 -7.250843 -0.907624 0.765987 -6.193903 -0.535491 -5.275508 0.893643 -1.882352 4.190632 -0.061706
5 -4.890661 -7.248034 -4.532599 3.832661 41.370070 -1.096821 -4.194056 -3.055765 1.875866 -2.765107 -5.489839 -0.563931 -6.879384 -6.362399
14 -2.447330 -4.016807 2.966804 2.318395 -0.185260 0.931705 -0.487728 3.374530 -3.498175 -1.369694 0.523008 -2.750844 -1.798756 6.440151
4 -2.955388 -0.612756 -1.503022 21.583514 2.613375 1.019541 3.668419 0.311220 -7.643673 -3.752569 -1.797445 -5.686119 -3.343172 -1.901923
14 1.366420 -1.660162 -5.019695 -2.371129 -3.577074 3.166253 -0.972142 2.883210 3.635840 0.480887 -1.677006 0.729358 -1.290513 4.305754
4 -1.719224 -0.770488 -8.693412 25.516719 1.193971 2.912086 -2.639304 -3.761286 -4.300580 -7.759152 -0.452223 -2.714699 -0.828226 4.015819
4 -3.043741 0.868140 -6.556666 19.946892 -1.165756 3.379126 -1.473211 -2.506974 -7.088518 2.150120 4.048207 -2.203942 -4.005922 -2.347753
2 -2.527061 7.810945 2.161446 -2.018890 -0.055739 4.133315 -4.449350 1.597952 -11.099725 2.554809 6.207688 0.787116 -6.139240 1.036734
4 -2.171676 -1.892561 -1.485613 8.782996 0.745789 -1.171026 -0.119534 -2.805073 -0.581576 0.931126 -0.451269 1.254344 -0.882064 -0.153863
9 -2.788080 -2.103959 3.410381 -1.506224 1.267676 -4.234205 2.009046 -5.149617 19.438421 -2.644311 1.262954 -5.104466 -4.373069 0.515453
4 -3.142884 0.291986 -4.774677 11.237529 3.694328 1.718984 -7.631037 -4.482957 4.607321 -2.134953 -2.231590 -0.971804 3.368610 0.451143
4 -0.148166 0.407314 -1.692664 6.156986 -2.553752 1.489717 -0.943841 0.569105 -0.299775 -3.157595 1.228946 -2.543225 3.758915 -2.271965
1 6.309890 0.306252 -4.155763 2.043614 -0.564474 -0.693003 -0.476732 2.720432 -4.872000 2.827049 -1.874086 0.106396 -2.002789 0.325214
6 2.026343 -4.803606 -4.503893 -1.650564 2.299153 3.179451 1.371709 0.725726 -2.185065 2.147179 0.726770 0.134278 0.718338 -0.185820
9 1.880786 -4.052418 0.635409 0.204741 -0.708222 -2.539934 0.711961 -0.384231 5.256582 -2.908653 2.067909 -2.670656 2.787970 -0.281245
12 -2.267336 -1.750458 -0.370577 -0.739891 0.882104 0.644822 2.223303 -1.823264 5.030567 -4.432893 -2.840727 6.875262 -4.929509 3.498596
3 -4.594664 -3.008221 18.050793 -2.264013 -3.116671 -2.885510 1.444903 3.973839 -0.206349 -6.043407 -3.039855 4.606026 -3.258839 0.341969
3 0.002921 -2.299264 11.482391 2.303225 -2.433431 -5.324457 1.786415 -5.185116 -0.302827 2.993893 -0.109398 3.166823 -5.075741 -1.005435
12 2.377680 -7.228170 -0.846325 -2.813839 0.390331 3.997665 2.978843 2.438135 -2.195151 -2.970055 3.270450 7.405629 -8.222055 1.416862
3 -7.867057 -3.087212 28.199423 -4.306183 -3.576363 -0.883489 1.765002 -4.283745 4.412160 1.508655 1.549354 -9.183985 -3.705813 -0.540745
3 -0.282332 -0.635418 22.912323 -1.109677 -1.899582 -1.472988 -1.765333 -1.409968 -0.435219 -3.433882 -1.329569 -3.035168 -3.822877 -2.280312
2 1.859030 4.103068 0.264314 0.151506 -2.831813 1.431894 0.086478 -2.306645 -2.262305 2.102332 2.852751 -0.708780 -3.698777 -1.043053
8 0.459290 -4.206218 1.218597 0.408353 -4.925900 -7.421965 -3.378848 12.722093 4.369555 12.418116 2.081903 -3.147244 -9.763322 -0.834412
12 0.101010 -8.160883 4.429760 -1.741117 2.043197 3.822844 -4.070845 -1.387096 3.280375 -0.632879 -4.000770 7.174855 -3.578751 2.720300
3 -1.709380 -2.558265 40.504018 -1.529068 -4.147809 -3.216498 -5.184515 -3.734634 -9.188836 0.392572 2.736296 -2.004320 -7.589680 -2.769881
3 -1.963071 0.918200 14.921905 0.010053 -2.273260 0.808197 -2.651811 -0.110255 -4.985589 0.926426 -0.054113 1.028441 -3.817173 -2.757950
3 -2.064265 -7.473163 53.747805 -1.190627 -2.360959 -1.716646 -1.179724 -6.896092 -7.676207 -3.581148 -1.358312 -5.276969 -11.526346 -1.447348
8 -4.515156 0.725929 -4.814477 -1.087782 0.537596 1.253938 0.184746 4.820567 -3.323623 -2.633224 3.175063 3.581501 -2.227496 4.322418
3 0.728083 -3.266497 22.965442 -1.519190 -1.695928 -4.038611 -1.369182 -2.210878 -3.174193 -4.909903 -1.372156 2.541466 0.624475 -3.302929
3 -4.313745 -1.580515 23.227959 -1.654252 -3.192890 -1.650592 -2.675462 0.537962 7.423134 -2.929453 -1.479809 -4.606318 -2.871387 -4.234636
6 3.006383 -2.345308 -9.613727 1.741621 -2.308779 28.979984 -2.433840 -4.827171 -7.066788 -5.804714 -1.505272 4.422655 3.934013 -6.179056
6 1.048106 -1.958302 -2.700353 -0.242644 -2.349423 13.637624 -2.240447 0.215240 -2.751033 0.623865 -2.909072 -3.558803 4.176634 -0.991394
6 2.019861 -7.681589 0.121014 -4.041397 3.340954 11.075285 0.105161 -2.206870 -1.128619 -0.588060 -0.678891 -0.519642 -0.461367 0.644159
6 -6.187201 -7.421829 -6.597945 -6.424286 -6.489791 93.979515 -6.714845 -8.820467 -6.386892 -6.468032 -6.275139 -11.734110 -7.531684 -6.927297
6 -0.392516 -3.578508 -4.714351 -0.683946 -0.739043 18.236742 1.501481 -2.105715 -3.632535 0.309567 -2.691268 -0.417696 -1.646206 0.553994
6 -9.284317 -8.582674 -6.806563 -5.929385 -8.090475 107.645817 -8.579476 -8.446697 -7.432037 -6.966996 -7.852462 -8.138910 -10.694801 -10.841022
6 -0.760596 -5.393624 -9.305067 -1.143819 4.609738 30.301192 -6.340012 -1.853159 -6.024587 -4.408917 -3.771721 -5.429067 15.812024 -6.292388
6 -12.153185 -5.088603 -6.134510 -9.290290 -3.122056 96.916134 -8.071768 -6.585270 -9.488587 -7.025198 -2.862914 -4.952544 -14.494426 -7.646782
6 -6.187201 -7.421829 -6.597945 -6.424286 -6.489791 93.979515 -6.714845 -8.820467 -6.386892 -6.468032 -6.275139 -11.734110 -7.531684 -6.927297
6 -4.678248 -2.337260 -2.729959 -1.747843 3.420319 13.980074 2.681041 2.636034 -1.752698 2.666198 -0.576974 -6.863178 -3.359763 -1.337745
13 -2.946225 -4.482432 1.492108 -0.304478 -3.449350 4.585784 -1.534462 0.474049 1.129164 -1.290947 -2.039495 1.648311 7.048617 -0.330644
6 -1.280000 -5.964892 -7.948353 -6.303023 -2.356373 43.480747 -1.794323 -2.728433 -4.406510 6.002195 -3.024862 -5.178516 -5.827766 -2.669893
6 4.444435 -9.042007 -11.981398 -5.546070 -8.987932 73.122693 -5.354316 -0.740961 -2.043330 -10.164808 -7.339212 -0.525912 -8.240891 -7.600288
6 -8.114068 -9.332113 -7.334527 -5.455915 -10.130441 104.647393 -7.644556 -6.678442 -4.316094 -10.830314 -6.703073 -6.149407 -9.815574 -12.142867
6 -1.685642 -2.676536 2.186283 2.303821 2.942774 4.367838 0.279066 -2.061078 -3.587443 -0.021492 0.908954 -0.438846 -3.906936 1.389238
6 -4.064796 -9.985846 -3.939231 -7.518827 6.656589 46.909513 -3.532708 -2.565251 -5.315506 -2.654010 3.823538 -10.071104 -6.095777 -1.646584
6 -1.368853 -0.755557 2.458813 -1.325517 0.900888 5.527707 0.688291 -0.951845 0.398325 -1.291691 0.163050 -1.510030 -1.601867 -1.331713
6 -2.012027 -3.341483 -2.561481 -2.302498 0.412326 30.009924 -8.079829 -3.340210 -7.809022 0.986754 -5.941103 -0.027586 0.747923 3.258312
6 -6.187201 -7.421829 -6.597945 -6.424286 -6.489791 93.979515 -6.714845 -8.820467 -6.386892 -6.468032 -6.275139 -11.734110 -7.531684 -6.927297
2 -6.826839 7.709336 -0.864837 2.570647 0.673086 1.487755 -1.527413 5.052922 -4.345213 -3.708297 -0.436273 0.161301 -1.309361 1.363185
6 -1.965383 -9.779655 -3.959863 -1.514325 7.740778 17.406447 -4.805539 8.963173 -6.845830 -6.871085 -3.002182 -0.418273 -3.673569 8.725307
6 -6.187201 -7.795106 -5.698464 -6.568407 -6.489791 95.203706 -6.748740 -9.217897 -7.126649 -6.769696 -6.275139 -11.734110 -7.531684 -7.060823
6 -3.821241 -4.902409 4.235089 -1.326579 -1.796826 22.491882 -1.026264 -2.877710 -6.025115 -2.762840 -0.453219 4.682633 -7.893645 1.476244
6 -1.332789 -7.286546 -1.737142 -2.746114 -3.403251 31.688775 -3.267771 -4.090671 0.100392 -0.978645 -2.171488 -2.062510 1.827090 -4.539329
6 -0.694663 -2.366815 22.377743 -5.759661 -3.765285 24.448358 -4.734802 -5.497272 -0.662821 -0.619468 -2.376336 -5.669292 -8.987712 -5.691975
13 -0.502904 -3.380613 -7.061652 -0.206241 -0.263094 -6.592803 -1.824911 -3.461119 -4.153131 -3.634284 -5.919341 -3.485199 42.091693 -1.606399
13 1.621706 -1.744161 -1.851332 -1.508655 2.649897 -1.143793 -0.277716 0.150444 -0.472007 -0.052622 -1.915164 0.173770 7.148744 -2.779112
10 -3.128784 -0.546529 0.112136 -0.867805 0.944153 -2.584210 -1.300424 1.941565 -5.751348 6.301514 -0.073756 2.519297 -2.755722 5.189912
8 -2.113882 -2.455861 1.106871 -0.968566 -3.870294 2.879269 -0.280607 3.618629 0.162162 2.550514 -0.288930 0.557191 -1.247090 0.350595
13 -1.428447 -6.351650 -0.691949 8.093686 -1.854326 -4.067447 -3.422390 -3.769969 3.166827 -0.344739 0.056826 5.364865 9.597564 -4.348851
13 -3.343832 -1.753750 -0.759833 -2.527604 0.126780 -1.638210 -2.007108 -1.214642 -1.409447 -1.749939 -2.804335 -3.326761 25.569316 -3.160634
13 -3.509411 -6.365584 0.544872 -0.697807 -3.487569 -2.461652 2.667873 1.679982 4.120369 -0.183832 -4.749553 4.571561 6.710708 1.160041
10 1.286430 1.628235 -1.838745 -1.401516 -0.616562 2.954097 -7.121346 -2.636750 -2.203524 3.447641 1.948125 -0.533578 3.364472 1.723020
13 -0.368235 -3.713202 -1.914113 0.208245 -0.583563 -1.662646 -2.085260 -1.567821 4.321454 -0.290004 -3.525754 -0.352504 13.338182 -1.804779
13 -3.728551 1.554086 -4.759690 -2.126454 -1.508784 1.125111 -1.310280 -1.879463 -5.094626 -0.317463 0.350169 -3.243980 25.588444 -4.648518
13 -0.798303 -5.539534 1.797493 0.684124 -4.753396 -5.746976 -2.411206 -5.348125 6.656720 -0.837387 -2.263279 -2.875921 25.041371 -3.605583
13 -1.607610 -1.934529 -4.032529 -0.243542 7.151997 0.553825 -2.020750 -2.784662 -1.202806 -5.522119 0.500339 -2.470682 15.685840 -2.072771
13 -3.608051 -7.081072 -1.375301 0.033369 1.621133 -1.477287 -3.405786 -5.260833 3.582575 0.224090 -3.933041 0.348263 21.863485 -1.531544
13 -0.375684 -4.064931 2.665675 -5.319771 1.082744 -2.727013 -0.833064 2.478398 2.563902 -2.982661 -3.302799 1.848884 10.162371 -1.196052
13 8.708260 0.192698 -2.686469 -2.190348 -5.125714 -1.272554 -1.653625 -4.204179 -1.667614 -2.912903 -2.473312 -0.710566 18.607554 -2.611230
4 -4.602138 -2.874242 2.345226 14.526759 0.082124 -2.450582 -2.575447 -0.617862 -1.360127 -3.577556 -2.661918 -0.130533 7.852517 -3.956221
13 -2.093680 -2.712488 -0.049030 3.399404 -0.943372 3.516137 -5.198113 -3.170692 9.691222 -6.748394 -1.296777 -4.361403 13.747939 -3.780751
8 -6.846372 6.811323 -2.454152 -3.071075 -3.169772 -1.835289 -6.417643 17.370169 -3.914337 3.520337 -3.453887 -3.651619 5.245371 1.866945
13 -0.771200 -1.511715 -0.548443 -1.063487 -0.137062 -0.899508 -0.449237 1.757055 -0.852897 1.403449 -2.227467 -0.638367 4.729301 1.209577
9 0.661933 -4.948105 -0.438832 -1.248551 0.704401 0.077947 0.559672 -2.477960 9.017045 -0.565178 0.099783 2.752863 -2.186224 -2.008793
13 -2.120009 -0.844856 -0.911347 -1.181257 -5.586941 -3.245721 -1.332665 -1.780462 -1.382365 -2.863276 -4.167389 -0.416182 23.793890 2.038580
13 3.137449 4.766459 -3.511229 -4.743735 -2.352997 -4.547525 -2.340822 -3.081958 1.072100 3.655002 1.597651 1.871181 8.401130 -3.922704
13 2.254935 -5.879631 1.318723 2.039203 -2.316605 -1.673589 1.635849 3.183877 -2.866268 -3.106396 -4.163902 -3.571884 14.794902 -1.649214
13 2.300103 -4.702019 1.654151 -1.805908 -0.192083 -2.270923 -3.577146 1.408631 3.636078 -1.073154 -2.866454 -0.104773 7.159686 0.433809
13 -3.298833 3.276540 0.881801 1.109273 -3.102470 -2.868810 -3.670586 -3.886544 4.609024 -5.191009 -3.581962 1.623820 20.469041 -6.369283
13 1.502387 -4.070484 -3.959553 -2.901853 -0.427904 -2.358313 -1.074676 1.675983 -1.962160 -3.699243 2.602115 -2.785806 16.624820 0.834688
7 -5.687654 -9.675331 -6.010871 -6.868917 -9.151829 -9.190072 86.818049 -3.824980 -5.122308 -6.790386 -4.684146 -6.409094 -5.718380 -7.684075
7 -0.693821 1.902850 -1.158589 -1.183659 -0.370338 -1.395634 8.550685 -0.613457 -0.922452 -1.726689 1.598799 0.760336 -1.054954 -3.693078
7 -9.765513 -7.478427 -7.363640 -9.375722 -8.308274 -5.814189 86.679428 -10.333517 -4.003591 -7.042393 -0.478019 -6.553535 -3.697611 -6.464990
5 3.430533 3.511562 0.814428 -4.134461 7.937522 4.107159 -1.752742 3.259312 -4.777758 -3.493668 -3.889137 -3.790000 -3.636299 2.413551
7 1.843211 -1.807839 -0.503366 -6.802861 0.841714 -1.616930 22.848048 8.436420 -5.122726 -3.847469 -5.702499 -4.361519 -4.132440 -0.071747
7 0.797243 -1.204096 2.650843 2.505185 2.169140 5.528360 7.545327 -5.399793 -0.479889 -1.594926 -6.638158 0.050405 0.847820 -6.777461
7 -8.469816 -5.979580 -7.287030 -5.232583 -7.316695 -5.954441 89.970051 -7.425012 -7.351611 -5.718425 -6.821463 -8.235710 -6.191301 -7.986377
7 -5.471523 -4.678395 -1.182674 -1.743563 6.816759 -2.806299 8.494525 0.402332 -1.806839 -0.202090 -0.354595 0.546615 -0.654987 2.640733
7 1.897057 -3.800836 -3.695765 -1.630476 -1.173619 -1.290612 15.796360 -0.913641 -2.172794 -0.468605 -3.096521 1.435272 -0.493475 -0.392344
13 -1.252884 2.615291 -1.830578 -1.314861 -2.990550 3.342022 4.943914 -3.348958 -1.311032 -4.195310 0.651703 -2.566610 7.668452 -0.410600
7 -8.050495 -6.537514 -7.056565 -6.776956 -4.906518 -8.095450 85.031532 -7.030938 -7.711708 -6.916012 -6.323470 -8.039015 0.842733 -8.429620
7 -5.049742 -5.431103 -8.736909 -8.854439 -3.357014 -8.870608 82.335500 -8.979356 -9.432041 -6.477188 -4.635216 -8.397203 -8.459307 4.344632
7 -3.866389 -6.521819 -8.174390 -8.402289 -15.725036 -3.480087 101.048484 -4.619165 -2.934555 -9.742071 -11.138506 -7.036786 -5.324565 -14.082820
7 -4.301461 -9.201490 -4.141088 -8.021959 -1.355803 -7.831008 85.559337 -8.039650 -6.538338 -9.355314 -5.376045 -7.524058 -6.055799 -7.817319
12 -1.185084 -6.300578 5.213148 -2.456420 -0.543439 3.685653 -1.732667 -2.547015 -0.417029 2.879492 -2.771668 8.999501 -2.766027 -0.057869
7 -6.914446 -8.650442 -5.613632 -5.657255 -6.182851 -7.175628 86.098158 -8.611201 -3.187624 -8.595307 -6.286685 -6.169242 -8.581004 -4.472835
7 -7.988302 -7.732243 -7.676011 -6.829534 -10.672232 -8.568648 100.797936 -5.601862 -6.209776 -10.451553 -10.158238 -4.123442 -4.729051 -10.057038
7 -0.690475 -6.263453 2.041122 0.840307 -1.346397 -3.061784 12.931775 -1.714390 0.065130 5.797062 -4.518885 -1.403692 -0.093280 -2.583037
7 -11.249167 -4.564486 -6.957799 -6.697826 -5.085667 -8.545019 90.981580 -4.819480 -9.706546 -7.410436 -7.560608 -7.276303 -5.683053 -5.425184
11 -3.303777 -8.280006 -2.688449 -1.733380 -2.877762 -4.228632 -3.195641 -0.615489 -2.220998 -4.207358 34.033909 1.462176 -0.091835 -2.052758
7 -5.960382 -4.631986 -7.469791 -7.524551 -7.942301 -5.908461 94.035096 -7.742051 -9.658388 -7.462612 -4.637434 -7.671250 -9.463582 -7.962301
7 -2.853358 -12.041991 -6.675410 -9.345643 -4.389577 -9.167235 93.705993 -7.502799 -3.785175 -5.614507 -11.805911 -8.657507 -7.900190 -3.966688
7 -5.462268 -8.359456 -8.839133 -8.672338 -7.857572 -9.139110 93.416792 -8.412104 -7.136796 -8.028245 -6.284540 -8.932132 -1.261173 -5.031921
7 1.495617 2.133086 -5.276395 -1.007447 0.714290 -2.266521 8.485948 1.511647 -3.263260 -4.256210 0.659949 0.616258 3.835102 -3.382065
7 -7.072950 -6.835218 -3.888001 -6.080384 -8.402034 -8.099693 85.458752 -6.628070 -6.010964 -8.108889 -2.340166 -8.942955 -8.128998 -4.920424
12 -6.675046 -0.821240 5.137277 -0.609881 -1.014907 -3.069437 -3.369876 -2.255872 -3.524100 0.565808 3.394754 15.977348 -1.769917 -1.964910
13 1.345324 -4.584603 6.163130 1.311620 -6.314312 -1.087481 -2.248034 -5.238573 -0.159734 -3.141406 -3.558804 5.135172 13.905799 -1.528098
12 4.206376 -0.883205 -2.083437 0.492753 -4.643215 -0.769694 -0.956942 1.908263 -3.349695 -0.943805 2.006551 11.149968 -2.076456 -4.057461
12 -1.159659 -4.453781 -1.783843 -1.288713 -3.617939 1.925973 -1.646563 0.518024 1.917258 0.184592 -3.711156 6.579086 3.686915 2.849806
12 3.941657 3.605857 -2.108360 -1.496089 -3.957734 -3.134238 -3.299898 -2.163804 -0.868073 -0.139014 -1.189830 5.493128 4.473501 0.842897
9 0.891653 -4.117765 1.683414 1.066093 0.510306 1.287538 -0.890136 -4.546323 8.248561 -2.379812 -0.446364 0.284161 -4.605588 3.014260
3 -5.339763 2.939640 30.640972 -0.423495 -0.392902 -0.545000 -1.951807 -5.963090 -6.057953 -6.492102 -0.149642 -5.681132 -5.661007 5.077283
13 0.238287 -1.143827 -3.002017 -0.293358 -1.071087 -0.004844 0.057429 5.169063 -1.140769 -0.353269 -1.884278 -0.418324 5.490695 -1.643701
12 -4.758070 -0.113365 1.279282 2.692045 -1.248257 -1.099561 1.478288 -1.431727 -0.165894 -4.770068 -2.797921 22.068441 -4.622361 -6.510832
1 4.871529 0.967867 -1.478842 1.871956 -0.021507 1.248470 3.327094 -0.825996 -5.037465 -1.788447 -0.036881 -3.167018 -3.659249 3.728491
10 1.607522 -0.223099 2.390908 -1.053596 -1.023156 -2.569712 -0.584286 1.168416 -1.447046 4.603713 -2.403783 1.700815 -1.590257 -0.576440
5 -0.641680 -4.090626 0.896993 -2.567383 7.170928 -0.192111 5.314411 -1.431467 -1.234417 0.405118 -2.614764 -1.483434 1.854488 -1.386056
12 -5.394046 -3.294500 -4.328263 -2.416952 -2.444418 -4.130118 -4.390425 -2.745262 -3.503140 -4.260095 -0.353433 38.118832 -1.199726 0.341547
12 0.156225 -2.707597 0.790968 1.178189 -0.843893 0.328313 -0.183338 -2.335014 -1.498180 1.354816 -1.214936 4.453216 0.411857 0.109375
12 -3.996183 -5.022189 -4.305736 -3.065606 5.893364 -2.376101 3.012506 4.382946 -0.440853 -1.632112 -1.453898 11.609129 -4.097450 1.492184
12 0.053277 -1.068620 -0.143482 -0.341956 0.784391 -0.133149 1.121743 -3.448336 -5.482205 -0.179143 -0.943007 9.931030 -0.814511 0.663969
5 -5.500363 9.479315 -16.354329 -2.030517 35.514522 1.089461 -3.680841 6.570216 -9.987502 -8.194317 -9.897282 8.465909 0.363752 -5.838024
3 -0.401791 -0.167059 6.623172 0.991625 0.424510 1.569815 -2.247037 -3.419654 -3.291538 1.467525 -0.274252 1.051359 -5.784868 3.458193
12 -0.805363 -6.039493 1.334398 -5.277260 2.506054 3.087136 -1.709638 2.844824 -3.472918 4.586459 -1.418865 5.425994 -0.436762 -0.624567
3 2.747843 3.468758 4.219660 -2.060657 -4.000059 -4.284335 -1.150882 -2.307887 -0.877754 2.668042 -1.291908 1.952649 -2.073180 2.989710
14 -0.433907 -5.426014 1.259198 -0.781819 -0.244509 -2.165976 0.655561 -0.517466 2.289831 0.256935 -5.814537 2.808084 -1.181180 9.295798
12 -8.978545 0.488869 4.009297 -4.020050 -4.364166 -3.381877 4.983490 4.368338 -5.751741 -6.416082 -3.052708 30.498582 -11.194315 2.810908
11 -2.863096 -1.208449 -0.188668 -1.565754 -2.564993 2.642467 1.550798 -2.177189 3.028454 -0.284919 7.182800 6.274052 -8.627302 -1.198202
14 -1.861072 -3.891900 -3.351876 -5.281581 -5.480100 -3.429216 0.062343 -5.452668 -2.874585 0.475051 -3.945292 -1.816448 -7.665732 44.513075
14 1.025599 2.857706 1.167342 -2.966435 -4.229304 -1.233341 -1.588574 -4.084990 1.241866 -1.731798 -1.653547 -0.752786 0.952938 10.995324
14 -8.435351 -0.311772 -5.534329 -7.070012 -5.100328 -3.745650 -0.534724 -4.452623 -8.822209 10.629897 -0.574751 -0.166452 -4.421936 38.540244
14 -3.900231 -3.504390 -4.633766 -5.188527 -2.605831 -10.604303 -2.058472 -5.438480 7.280370 -2.461147 -1.020606 -8.010324 -1.380268 43.525977
4 -4.533917 5.828654 -1.046875 8.309540 -1.342226 -6.740431 -3.153800 0.583658 0.251692 -1.744989 -4.437592 -2.838154 6.783498 4.080941
14 -6.869210 -1.288644 -0.187782 2.066802 -1.002050 -0.111107 -1.294330 -3.417259 -7.113265 -1.372519 3.400667 1.837339 0.422582 14.928776
2 -1.370515 4.848804 -0.222412 -1.813310 3.003348 2.071526 -4.690619 -1.031374 -0.295927 -3.514562 0.756409 -1.311356 2.443227 1.126759
14 -0.342233 -1.136759 -1.823655 0.408825 1.737159 -3.783963 0.841890 3.159925 2.227821 -6.945964 -2.453737 3.777230 -4.032333 8.365796
14 0.042060 -0.340102 0.340822 -5.641393 -5.848879 -6.293198 -4.127541 -5.899959 -1.727619 -1.322541 -1.174292 -1.524025 -0.066400 33.583069
14 -5.479776 -7.268429 -1.250751 -1.473518 -2.279945 -2.595913 -2.206303 -0.456059 -5.629157 -2.921291 -5.865570 -7.017639 -1.035812 45.480164
14 -1.376763 -1.347361 -1.935689 -3.620607 -1.177507 0.028656 0.379704 -0.565508 4.221947 -3.333261 -1.898663 0.756368 3.886206 5.982477
14 -3.093108 -4.224577 1.842866 0.623664 0.685829 -0.863078 -1.551095 -3.904076 0.354304 -1.912247 -4.534559 0.205926 7.123030 9.247121
14 -1.583805 -2.141432 1.203875 -0.830708 4.846301 2.676455 -0.737845 -4.817955 -2.491562 4.322099 -1.124206 -2.555238 -1.966994 5.201015
14 -2.362190 -6.447971 -3.357807 -5.255132 -5.340638 -2.744342 -0.990492 1.511144 0.758274 -7.208150 -3.496787 -1.654253 -3.871486 40.459831
5 -0.270985 0.823301 2.702422 1.886157 10.798628 -1.820889 -0.418093 -4.499759 -4.646155 0.682880 -0.248952 1.158210 -7.240900 1.094135
14 -2.007185 -0.243895 -0.049964 -0.575862 -1.690730 -2.776845 0.886401 -1.992606 -2.084303 2.100053 -1.487471 0.648962 -3.543462 12.816908
14 -2.454453 -2.698964 -0.849605 -1.029897 -1.961068 -2.037521 0.464114 -0.032732 1.539895 -3.635763 2.058193 -2.724631 -1.969130 15.331561
14 1.377062 -3.904514 1.114582 -0.502621 -0.700062 -0.804881 -1.103457 -1.436947 1.820850 -1.328940 -0.982600 -0.520135 0.406982 6.564680
14 -5.097037 -4.011385 1.697481 -6.904149 -6.535487 -3.110404 -3.835946 -3.907446 1.035161 -4.114415 -5.352288 -2.937453 -0.731314 43.804685
14 0.103873 -0.926325 -1.780727 -3.514699 -2.428477 4.013137 -3.740293 -2.711192 -2.687962 2.010526 3.104412 -3.228753 -5.223182 17.009662
5 -1.623093 1.477543 1.306870 2.399086 3.803187 -3.385439 0.061297 0.202193 -4.918665 2.163547 2.481335 -0.783197 -4.495233 1.310569
14 0.844969 -5.295452 -1.904041 0.681046 2.152052 -0.507969 -5.668024 0.067667 0.916140 -1.799785 -3.756752 -3.333095 5.573882 12.029362
8 -6.803777 5.072608 0.053736 0.445919 4.699955 -1.185934 -1.206634 10.452977 -3.892154 -4.055994 -1.386691 -1.750650 -1.269213 0.825855
8 -0.363631 -1.161308 -3.345673 -3.553916 -6.479335 -0.225370 -0.509461 38.152093 -0.809465 -7.660953 -4.395363 -0.335608 -3.126302 -6.185708
5 2.002947 -6.811295 -4.082497 -7.186844 55.312023 -1.903656 -6.684893 -2.704528 -2.682967 -3.617420 -5.573106 -4.173367 -5.914752 -5.979646
8 -1.372743 -5.367164 -1.324908 -1.427250 -3.756416 -2.639647 -0.619053 31.911016 -1.514679 -3.220829 -4.699404 -2.092609 -2.884878 -0.991435
10 0.204678 -8.799302 3.395891 -2.511928 -2.805215 -1.799541 -2.880014 5.696257 5.851540 6.649719 -4.171621 1.223797 -0.581427 0.527165
1 5.314182 -4.176076 -2.030964 -0.552535 -3.033124 -0.507065 -2.423656 -2.057689 4.525377 -2.212818 3.000341 2.911589 2.672432 -1.429995
8 -2.779624 0.374013 1.384510 -7.938823 -1.620236 1.969338 1.859587 19.994907 -1.196524 -2.259732 -3.405291 -4.405770 0.361186 -2.337539
8 -5.168033 -1.265451 -10.977953 -3.473616 -4.952003 1.038772 5.018644 29.816542 -5.604960 -1.940879 -1.506401 1.705194 0.403582 -3.093438
8 -0.444919 1.733685 -3.129969 -1.523731 -1.347716 -1.181016 -6.846536 26.390618 -4.121381 -7.271032 0.062960 4.693314 -6.083232 -0.931043
1 4.478608 2.730870 -0.209540 -0.897982 -4.122187 0.145714 -0.489791 2.965838 0.100581 -1.382219 -2.079539 2.673741 -4.277661 0.363568
8 -1.243883 2.153353 -0.767923 0.563831 0.347015 4.055630 -2.030426 4.526647 -8.103238 1.558407 2.996649 -2.280456 -3.344330 1.568725
8 -4.264408 0.906152 5.504717 -3.890063 4.812025 4.097433 0.125935 22.301076 -4.776419 -4.797542 -6.149486 -4.227011 -10.390033 0.747623
2 -3.347128 5.487101 -7.714339 -0.787763 -1.152374 2.552322 -5.952069 0.251700 -0.057146 -1.588271 -1.505375 3.747441 5.433839 4.632062
7 2.113345 -1.089873 -1.303848 -0.970064 -0.994560 3.598404 4.153638 -0.341264 0.418937 -0.513515 -0.204453 -2.535090 -0.645441 -1.686216
8 -1.773742 2.761589 -1.337929 -1.986678 -1.112779 2.017378 -2.028747 12.537299 2.876087 -2.571245 -3.275000 -1.348836 -3.361483 -1.395915
5 -1.784225 5.139867 -1.082960 2.418558 6.628835 0.183443 -1.880058 2.578823 -3.390655 -3.216239 -4.559949 0.095715 0.841386 -1.972541
13 2.795624 -0.161948 -2.261666 -1.331135 -6.361812 1.099990 1.465642 0.372294 0.041847 -1.622483 -2.245052 -2.564533 9.245071 1.528161
8 -0.469214 -0.101096 -5.448596 -1.834521 -2.666897 -2.143835 -0.626646 10.183812 4.525141 -5.452552 0.354792 -0.793765 -0.011683 4.485059
6 2.298548 4.150883 -5.492506 -1.136780 1.595592 7.074291 -2.024983 -0.371983 -1.495175 -0.940086 0.182828 -3.908813 -1.943630 2.011814
8 -3.326923 -0.114387 2.234428 -6.748451 0.858291 6.008815 3.099558 11.666379 -5.427938 3.069256 -4.480901 -1.999621 -6.158035 1.319528
8 -4.523513 1.921438 -0.093593 -1.322957 0.860120 -2.361556 -0.946912 13.763380 -2.025410 -3.005469 -2.278706 1.150272 -0.753556 -0.383540
8 -3.051299 -4.114556 2.378331 1.637965 -4.410295 4.481539 -4.407095 15.985320 -2.560904 -1.180221 -4.720515 -0.815453 1.405970 -0.628785
11 -2.503550 5.164856 -3.216135 2.152556 1.970903 0.442540 2.534782 -7.812958 -1.670702 0.989155 7.350711 1.053049 -1.986128 -4.469080
3 2.200351 -5.954046 3.169725 0.330117 -0.161749 1.775947 -1.408597 -0.197411 0.685488 1.381640 -2.716894 2.016177 -0.824540 -0.296206
9 -2.804556 -5.968395 -1.269193 1.145286 -1.175760 -1.092799 3.235312 2.323410 7.438306 -3.172840 -2.387926 5.660542 -2.653464 0.722077
13 0.465551 -0.199446 0.052821 -1.583605 0.524468 0.821703 -0.346128 -1.211750 1.702656 -1.407662 0.771922 -0.117255 2.475548 -1.948824
10 0.589531 -1.591438 2.529388 -2.849600 -0.574357 -5.619987 -2.130134 -2.955420 4.702704 6.302823 2.356443 -0.352679 -0.363357 -0.043917
9 2.235311 -7.629618 0.575211 1.313737 2.804111 1.417300 0.097994 -2.935143 13.389058 -1.644646 -0.010728 -0.407656 -3.392835 -5.812095
13 -1.713831 -3.134493 3.942756 -3.199031 -1.779928 -4.183297 -0.909235 1.179103 3.300684 2.370826 -3.144204 -2.707693 16.705595 -6.727254
13 1.471929 -1.281237 4.076608 -4.627057 1.291768 -3.190366 -1.340698 -3.382740 1.607833 1.732635 -1.610195 2.626242 7.552273 -4.926994
6 -0.607101 -2.973035 -0.071672 -0.064296 -1.412549 2.625398 -0.225781 -1.255081 2.246083 0.123038 -1.113374 1.772676 0.012697 0.942996
9 -4.586450 -0.030166 3.871061 -0.955433 1.015444 -0.344494 -1.588425 -3.118444 4.614495 -0.707075 -0.921580 1.455560 -2.689492 3.985000
9 3.942317 -4.664503 0.266987 0.176058 -2.099247 1.909314 -1.263668 -0.112768 14.978199 0.796404 -1.561741 -4.908516 -2.144750 -5.314087
9 0.606142 -3.510186 0.760531 0.273443 -0.593067 -0.698713 -1.002764 -1.784875 8.106820 -1.288795 -0.181848 -0.076192 1.242676 -1.853173
9 -2.647566 -3.680056 2.453463 -1.444136 -1.306327 1.550225 -0.053278 -1.203787 5.677564 2.216125 -5.600115 0.784887 -1.463894 4.716895
9 1.025451 -4.213485 2.384524 -1.137408 2.457500 2.436937 -0.189308 2.946378 4.596636 0.435503 -3.608695 -1.666910 -3.584729 -1.882395
4 0.926815 -11.214412 0.315048 4.289194 3.887486 0.828196 -3.395868 -3.190554 3.422590 2.274894 -2.021508 2.021981 3.591011 -1.734873
14 1.711195 -1.258995 1.219473 1.311143 -2.313794 1.025463 -1.012665 -0.674882 1.619138 -1.145782 -2.472752 -2.828306 -1.816350 6.637114
2 2.821808 3.121575 -1.886777 -4.622194 2.882336 0.330666 2.562991 -0.387895 0.532572 -0.001622 -4.098901 1.675444 -1.014420 -1.915583
14 2.504478 -6.083458 -0.923996 1.908796 -1.115544 -1.981523 -1.106503 -1.552736 -4.062419 4.434137 -1.073161 -0.316845 2.258313 7.110462
4 2.064877 -8.654137 -3.187758 12.114491 -2.554353 -2.543507 -2.412834 -0.066161 7.090423 -2.727022 -2.926380 1.938847 4.016013 -2.152498
14 1.887117 -4.729306 2.988213 -1.722274 -1.265911 -0.527805 -1.752188 -2.159111 4.053807 1.348457 -3.756832 -0.965814 2.379109 4.222539
